[0.688s] Invoking command in '/home/mtl12345/autoware/build/velodyne_monitor': AMENT_PREFIX_PATH=/home/mtl12345/autoware/install/autoware_cmake:/home/mtl12345/autoware/install/autoware_lint_common:${AMENT_PREFIX_PATH} CMAKE_PREFIX_PATH=/home/mtl12345/autoware/install/autoware_cmake:/home/mtl12345/autoware/install/autoware_lint_common:/opt/ros/humble /usr/bin/cmake --build /home/mtl12345/autoware/build/velodyne_monitor -- -j12 -l12
[0.887s] [100%] Built target velodyne_monitor
[1.303s] Invoked command in '/home/mtl12345/autoware/build/velodyne_monitor' returned '0': AMENT_PREFIX_PATH=/home/mtl12345/autoware/install/autoware_cmake:/home/mtl12345/autoware/install/autoware_lint_common:${AMENT_PREFIX_PATH} CMAKE_PREFIX_PATH=/home/mtl12345/autoware/install/autoware_cmake:/home/mtl12345/autoware/install/autoware_lint_common:/opt/ros/humble /usr/bin/cmake --build /home/mtl12345/autoware/build/velodyne_monitor -- -j12 -l12
[1.846s] Invoking command in '/home/mtl12345/autoware/build/velodyne_monitor': AMENT_PREFIX_PATH=/home/mtl12345/autoware/install/autoware_cmake:/home/mtl12345/autoware/install/autoware_lint_common:${AMENT_PREFIX_PATH} CMAKE_PREFIX_PATH=/home/mtl12345/autoware/install/autoware_cmake:/home/mtl12345/autoware/install/autoware_lint_common:/opt/ros/humble /usr/bin/cmake --install /home/mtl12345/autoware/build/velodyne_monitor
[1.927s] -- Install configuration: "Release"
[1.927s] -- Execute custom install script
[1.927s] -- Up-to-date symlink: /home/mtl12345/autoware/install/velodyne_monitor/include/velodyne_monitor/velodyne_monitor.hpp
[1.927s] -- Up-to-date symlink: /home/mtl12345/autoware/install/velodyne_monitor/lib/velodyne_monitor/velodyne_monitor
[1.927s] -- Up-to-date symlink: /home/mtl12345/autoware/install/velodyne_monitor/share/velodyne_monitor/launch/velodyne_monitor.launch.xml
[1.927s] -- Up-to-date symlink: /home/mtl12345/autoware/install/velodyne_monitor/share/velodyne_monitor/config/HDL-32E.param.yaml
[1.927s] -- Up-to-date symlink: /home/mtl12345/autoware/install/velodyne_monitor/share/velodyne_monitor/config/VLP-16.param.yaml
[1.927s] -- Up-to-date symlink: /home/mtl12345/autoware/install/velodyne_monitor/share/velodyne_monitor/config/VLP-32C.param.yaml
[1.927s] -- Up-to-date symlink: /home/mtl12345/autoware/install/velodyne_monitor/share/velodyne_monitor/config/VLS-128.param.yaml
[1.927s] -- Up-to-date symlink: /home/mtl12345/autoware/install/velodyne_monitor/share/velodyne_monitor/config/Velarray_M1600.param.yaml
[1.927s] -- Up-to-date symlink: /home/mtl12345/autoware/install/velodyne_monitor/share/ament_index/resource_index/package_run_dependencies/velodyne_monitor
[1.927s] -- Up-to-date symlink: /home/mtl12345/autoware/install/velodyne_monitor/share/ament_index/resource_index/parent_prefix_path/velodyne_monitor
[1.927s] -- Up-to-date symlink: /home/mtl12345/autoware/install/velodyne_monitor/share/velodyne_monitor/environment/ament_prefix_path.sh
[1.927s] -- Up-to-date symlink: /home/mtl12345/autoware/install/velodyne_monitor/share/velodyne_monitor/environment/ament_prefix_path.dsv
[1.927s] -- Up-to-date symlink: /home/mtl12345/autoware/install/velodyne_monitor/share/velodyne_monitor/environment/path.sh
[1.927s] -- Up-to-date symlink: /home/mtl12345/autoware/install/velodyne_monitor/share/velodyne_monitor/environment/path.dsv
[1.928s] -- Up-to-date symlink: /home/mtl12345/autoware/install/velodyne_monitor/share/velodyne_monitor/local_setup.bash
[1.928s] -- Up-to-date symlink: /home/mtl12345/autoware/install/velodyne_monitor/share/velodyne_monitor/local_setup.sh
[1.928s] -- Up-to-date symlink: /home/mtl12345/autoware/install/velodyne_monitor/share/velodyne_monitor/local_setup.zsh
[1.928s] -- Up-to-date symlink: /home/mtl12345/autoware/install/velodyne_monitor/share/velodyne_monitor/local_setup.dsv
[1.928s] -- Symlinking: /home/mtl12345/autoware/install/velodyne_monitor/share/velodyne_monitor/package.dsv
[1.928s] -- Up-to-date symlink: /home/mtl12345/autoware/install/velodyne_monitor/share/ament_index/resource_index/packages/velodyne_monitor
[1.928s] -- Up-to-date symlink: /home/mtl12345/autoware/install/velodyne_monitor/share/velodyne_monitor/cmake/ament_cmake_export_dependencies-extras.cmake
[1.928s] -- Up-to-date symlink: /home/mtl12345/autoware/install/velodyne_monitor/share/velodyne_monitor/cmake/ament_cmake_export_include_directories-extras.cmake
[1.928s] -- Up-to-date symlink: /home/mtl12345/autoware/install/velodyne_monitor/share/velodyne_monitor/cmake/velodyne_monitorConfig.cmake
[1.928s] -- Up-to-date symlink: /home/mtl12345/autoware/install/velodyne_monitor/share/velodyne_monitor/cmake/velodyne_monitorConfig-version.cmake
[1.928s] -- Up-to-date symlink: /home/mtl12345/autoware/install/velodyne_monitor/share/velodyne_monitor/package.xml
[2.215s] Invoked command in '/home/mtl12345/autoware/build/velodyne_monitor' returned '0': AMENT_PREFIX_PATH=/home/mtl12345/autoware/install/autoware_cmake:/home/mtl12345/autoware/install/autoware_lint_common:${AMENT_PREFIX_PATH} CMAKE_PREFIX_PATH=/home/mtl12345/autoware/install/autoware_cmake:/home/mtl12345/autoware/install/autoware_lint_common:/opt/ros/humble /usr/bin/cmake --install /home/mtl12345/autoware/build/velodyne_monitor
