[0.015s] Invoking command in '/home/zhijie/autoware/build/dbw_polaris_joystick_demo': AMENT_PREFIX_PATH=/home/zhijie/autoware/install/dbw_polaris_can:/home/zhijie/autoware/install/dataspeed_ulc_can:/home/zhijie/autoware/install/dataspeed_dbw_gateway:/home/zhijie/autoware/install/dbw_polaris_msgs:/home/zhijie/autoware/install/dbw_polaris_description:/home/zhijie/autoware/install/dbw_ford_msgs:/home/zhijie/autoware/install/dbw_fca_msgs:/home/zhijie/autoware/install/dataspeed_ulc_msgs:/home/zhijie/autoware/install/dataspeed_dbw_msgs:/home/zhijie/autoware/install/dataspeed_dbw_common:/home/zhijie/autoware/install/dataspeed_can_usb:${AMENT_PREFIX_PATH} CMAKE_PREFIX_PATH=/home/zhijie/autoware/install/dbw_polaris_can:/home/zhijie/autoware/install/dataspeed_ulc_can:/home/zhijie/autoware/install/dataspeed_dbw_gateway:/home/zhijie/autoware/install/dbw_polaris_msgs:/home/zhijie/autoware/install/dbw_polaris_description:/home/zhijie/autoware/install/dbw_ford_msgs:/home/zhijie/autoware/install/dbw_fca_msgs:/home/zhijie/autoware/install/dataspeed_ulc_msgs:/home/zhijie/autoware/install/dataspeed_dbw_msgs:/home/zhijie/autoware/install/dataspeed_dbw_common:/home/zhijie/autoware/install/dataspeed_can_usb:/opt/ros/humble LD_LIBRARY_PATH=/home/zhijie/autoware/install/dbw_polaris_can/lib:/home/zhijie/autoware/install/dataspeed_ulc_can/lib:/home/zhijie/autoware/install/dataspeed_dbw_gateway/lib:/home/zhijie/autoware/install/dbw_polaris_msgs/lib:/home/zhijie/autoware/install/dbw_ford_msgs/lib:/home/zhijie/autoware/install/dbw_fca_msgs/lib:/home/zhijie/autoware/install/dataspeed_ulc_msgs/lib:/home/zhijie/autoware/install/dataspeed_dbw_msgs/lib:/home/zhijie/autoware/install/dataspeed_can_usb/lib:${LD_LIBRARY_PATH} PYTHONPATH=/home/zhijie/autoware/install/dataspeed_ulc_can/local/lib/python3.10/dist-packages:/home/zhijie/autoware/install/dataspeed_dbw_gateway/local/lib/python3.10/dist-packages:/home/zhijie/autoware/install/dbw_polaris_msgs/local/lib/python3.10/dist-packages:/home/zhijie/autoware/install/dbw_ford_msgs/local/lib/python3.10/dist-packages:/home/zhijie/autoware/install/dbw_fca_msgs/local/lib/python3.10/dist-packages:/home/zhijie/autoware/install/dataspeed_ulc_msgs/local/lib/python3.10/dist-packages:/home/zhijie/autoware/install/dataspeed_dbw_msgs/local/lib/python3.10/dist-packages:${PYTHONPATH} /usr/bin/cmake /home/zhijie/autoware/src/terasim/data_speed_driver/dbw_polaris_joystick_demo -DCMAKE_BUILD_TYPE=Release -DAMENT_CMAKE_SYMLINK_INSTALL=1 -DCMAKE_INSTALL_PREFIX=/home/zhijie/autoware/install/dbw_polaris_joystick_demo
[0.051s] -- The C compiler identification is GNU 11.4.0
[0.088s] -- The CXX compiler identification is GNU 11.4.0
[0.093s] -- Detecting C compiler ABI info
[0.139s] -- Detecting C compiler ABI info - done
[0.144s] -- Check for working C compiler: /usr/bin/cc - skipped
[0.144s] -- Detecting C compile features
[0.145s] -- Detecting C compile features - done
[0.147s] -- Detecting CXX compiler ABI info
[0.200s] -- Detecting CXX compiler ABI info - done
[0.206s] -- Check for working CXX compiler: /usr/bin/c++ - skipped
[0.206s] -- Detecting CXX compile features
[0.206s] -- Detecting CXX compile features - done
[0.208s] -- Found ament_cmake: 1.3.5 (/opt/ros/humble/share/ament_cmake/cmake)
[0.343s] -- Found Python3: /usr/bin/python3.10 (found version "3.10.12") found components: Interpreter 
[0.390s] -- Override CMake install command with custom implementation using symlinks instead of copying resources
[0.415s] -- Found rclcpp: 16.0.6 (/opt/ros/humble/share/rclcpp/cmake)
[0.450s] -- Found rosidl_generator_c: 3.1.5 (/opt/ros/humble/share/rosidl_generator_c/cmake)
[0.455s] -- Found rosidl_adapter: 3.1.5 (/opt/ros/humble/share/rosidl_adapter/cmake)
[0.462s] -- Found rosidl_generator_cpp: 3.1.5 (/opt/ros/humble/share/rosidl_generator_cpp/cmake)
[0.473s] -- Using all available rosidl_typesupport_c: rosidl_typesupport_fastrtps_c;rosidl_typesupport_introspection_c
[0.489s] -- Using all available rosidl_typesupport_cpp: rosidl_typesupport_fastrtps_cpp;rosidl_typesupport_introspection_cpp
[0.549s] -- Found rmw_implementation_cmake: 6.1.1 (/opt/ros/humble/share/rmw_implementation_cmake/cmake)
[0.552s] -- Found rmw_cyclonedds_cpp: 1.3.4 (/opt/ros/humble/share/rmw_cyclonedds_cpp/cmake)
[0.581s] -- Using RMW implementation 'rmw_cyclonedds_cpp' as default
[0.590s] -- Looking for pthread.h
[0.638s] -- Looking for pthread.h - found
[0.639s] -- Performing Test CMAKE_HAVE_LIBC_PTHREAD
[0.688s] -- Performing Test CMAKE_HAVE_LIBC_PTHREAD - Success
[0.688s] -- Found Threads: TRUE  
[0.821s] -- Found rclcpp_components: 16.0.6 (/opt/ros/humble/share/rclcpp_components/cmake)
[0.875s] -- Found dataspeed_dbw_common: 2.1.3 (/home/zhijie/autoware/install/dataspeed_dbw_common/share/dataspeed_dbw_common/cmake)
[0.877s] -- Found sensor_msgs: 4.2.3 (/opt/ros/humble/share/sensor_msgs/cmake)
[0.984s] -- Found dbw_polaris_msgs: 2.1.3 (/home/zhijie/autoware/install/dbw_polaris_msgs/share/dbw_polaris_msgs/cmake)
[1.091s] -- Configuring done
[1.100s] -- Generating done
[1.101s] -- Build files have been written to: /home/zhijie/autoware/build/dbw_polaris_joystick_demo
[1.108s] Invoked command in '/home/zhijie/autoware/build/dbw_polaris_joystick_demo' returned '0': AMENT_PREFIX_PATH=/home/zhijie/autoware/install/dbw_polaris_can:/home/zhijie/autoware/install/dataspeed_ulc_can:/home/zhijie/autoware/install/dataspeed_dbw_gateway:/home/zhijie/autoware/install/dbw_polaris_msgs:/home/zhijie/autoware/install/dbw_polaris_description:/home/zhijie/autoware/install/dbw_ford_msgs:/home/zhijie/autoware/install/dbw_fca_msgs:/home/zhijie/autoware/install/dataspeed_ulc_msgs:/home/zhijie/autoware/install/dataspeed_dbw_msgs:/home/zhijie/autoware/install/dataspeed_dbw_common:/home/zhijie/autoware/install/dataspeed_can_usb:${AMENT_PREFIX_PATH} CMAKE_PREFIX_PATH=/home/zhijie/autoware/install/dbw_polaris_can:/home/zhijie/autoware/install/dataspeed_ulc_can:/home/zhijie/autoware/install/dataspeed_dbw_gateway:/home/zhijie/autoware/install/dbw_polaris_msgs:/home/zhijie/autoware/install/dbw_polaris_description:/home/zhijie/autoware/install/dbw_ford_msgs:/home/zhijie/autoware/install/dbw_fca_msgs:/home/zhijie/autoware/install/dataspeed_ulc_msgs:/home/zhijie/autoware/install/dataspeed_dbw_msgs:/home/zhijie/autoware/install/dataspeed_dbw_common:/home/zhijie/autoware/install/dataspeed_can_usb:/opt/ros/humble LD_LIBRARY_PATH=/home/zhijie/autoware/install/dbw_polaris_can/lib:/home/zhijie/autoware/install/dataspeed_ulc_can/lib:/home/zhijie/autoware/install/dataspeed_dbw_gateway/lib:/home/zhijie/autoware/install/dbw_polaris_msgs/lib:/home/zhijie/autoware/install/dbw_ford_msgs/lib:/home/zhijie/autoware/install/dbw_fca_msgs/lib:/home/zhijie/autoware/install/dataspeed_ulc_msgs/lib:/home/zhijie/autoware/install/dataspeed_dbw_msgs/lib:/home/zhijie/autoware/install/dataspeed_can_usb/lib:${LD_LIBRARY_PATH} PYTHONPATH=/home/zhijie/autoware/install/dataspeed_ulc_can/local/lib/python3.10/dist-packages:/home/zhijie/autoware/install/dataspeed_dbw_gateway/local/lib/python3.10/dist-packages:/home/zhijie/autoware/install/dbw_polaris_msgs/local/lib/python3.10/dist-packages:/home/zhijie/autoware/install/dbw_ford_msgs/local/lib/python3.10/dist-packages:/home/zhijie/autoware/install/dbw_fca_msgs/local/lib/python3.10/dist-packages:/home/zhijie/autoware/install/dataspeed_ulc_msgs/local/lib/python3.10/dist-packages:/home/zhijie/autoware/install/dataspeed_dbw_msgs/local/lib/python3.10/dist-packages:${PYTHONPATH} /usr/bin/cmake /home/zhijie/autoware/src/terasim/data_speed_driver/dbw_polaris_joystick_demo -DCMAKE_BUILD_TYPE=Release -DAMENT_CMAKE_SYMLINK_INSTALL=1 -DCMAKE_INSTALL_PREFIX=/home/zhijie/autoware/install/dbw_polaris_joystick_demo
[1.109s] Invoking command in '/home/zhijie/autoware/build/dbw_polaris_joystick_demo': AMENT_PREFIX_PATH=/home/zhijie/autoware/install/dbw_polaris_can:/home/zhijie/autoware/install/dataspeed_ulc_can:/home/zhijie/autoware/install/dataspeed_dbw_gateway:/home/zhijie/autoware/install/dbw_polaris_msgs:/home/zhijie/autoware/install/dbw_polaris_description:/home/zhijie/autoware/install/dbw_ford_msgs:/home/zhijie/autoware/install/dbw_fca_msgs:/home/zhijie/autoware/install/dataspeed_ulc_msgs:/home/zhijie/autoware/install/dataspeed_dbw_msgs:/home/zhijie/autoware/install/dataspeed_dbw_common:/home/zhijie/autoware/install/dataspeed_can_usb:${AMENT_PREFIX_PATH} CMAKE_PREFIX_PATH=/home/zhijie/autoware/install/dbw_polaris_can:/home/zhijie/autoware/install/dataspeed_ulc_can:/home/zhijie/autoware/install/dataspeed_dbw_gateway:/home/zhijie/autoware/install/dbw_polaris_msgs:/home/zhijie/autoware/install/dbw_polaris_description:/home/zhijie/autoware/install/dbw_ford_msgs:/home/zhijie/autoware/install/dbw_fca_msgs:/home/zhijie/autoware/install/dataspeed_ulc_msgs:/home/zhijie/autoware/install/dataspeed_dbw_msgs:/home/zhijie/autoware/install/dataspeed_dbw_common:/home/zhijie/autoware/install/dataspeed_can_usb:/opt/ros/humble LD_LIBRARY_PATH=/home/zhijie/autoware/install/dbw_polaris_can/lib:/home/zhijie/autoware/install/dataspeed_ulc_can/lib:/home/zhijie/autoware/install/dataspeed_dbw_gateway/lib:/home/zhijie/autoware/install/dbw_polaris_msgs/lib:/home/zhijie/autoware/install/dbw_ford_msgs/lib:/home/zhijie/autoware/install/dbw_fca_msgs/lib:/home/zhijie/autoware/install/dataspeed_ulc_msgs/lib:/home/zhijie/autoware/install/dataspeed_dbw_msgs/lib:/home/zhijie/autoware/install/dataspeed_can_usb/lib:${LD_LIBRARY_PATH} PYTHONPATH=/home/zhijie/autoware/install/dataspeed_ulc_can/local/lib/python3.10/dist-packages:/home/zhijie/autoware/install/dataspeed_dbw_gateway/local/lib/python3.10/dist-packages:/home/zhijie/autoware/install/dbw_polaris_msgs/local/lib/python3.10/dist-packages:/home/zhijie/autoware/install/dbw_ford_msgs/local/lib/python3.10/dist-packages:/home/zhijie/autoware/install/dbw_fca_msgs/local/lib/python3.10/dist-packages:/home/zhijie/autoware/install/dataspeed_ulc_msgs/local/lib/python3.10/dist-packages:/home/zhijie/autoware/install/dataspeed_dbw_msgs/local/lib/python3.10/dist-packages:${PYTHONPATH} /usr/bin/cmake --build /home/zhijie/autoware/build/dbw_polaris_joystick_demo -- -j16 -l16
[1.144s] [ 50%] [32mBuilding CXX object CMakeFiles/joy_demo.dir/rclcpp_components/node_main_joy_demo.cpp.o[0m
[1.144s] [ 50%] [32mBuilding CXX object CMakeFiles/dbw_polaris_joystick_demo.dir/src/JoystickDemo.cpp.o[0m
[3.766s] [ 75%] [32m[1mLinking CXX executable joy_demo[0m
[3.843s] [ 75%] Built target joy_demo
[11.646s] [100%] [32m[1mLinking CXX shared library libdbw_polaris_joystick_demo.so[0m
[11.785s] [100%] Built target dbw_polaris_joystick_demo
[11.794s] Invoked command in '/home/zhijie/autoware/build/dbw_polaris_joystick_demo' returned '0': AMENT_PREFIX_PATH=/home/zhijie/autoware/install/dbw_polaris_can:/home/zhijie/autoware/install/dataspeed_ulc_can:/home/zhijie/autoware/install/dataspeed_dbw_gateway:/home/zhijie/autoware/install/dbw_polaris_msgs:/home/zhijie/autoware/install/dbw_polaris_description:/home/zhijie/autoware/install/dbw_ford_msgs:/home/zhijie/autoware/install/dbw_fca_msgs:/home/zhijie/autoware/install/dataspeed_ulc_msgs:/home/zhijie/autoware/install/dataspeed_dbw_msgs:/home/zhijie/autoware/install/dataspeed_dbw_common:/home/zhijie/autoware/install/dataspeed_can_usb:${AMENT_PREFIX_PATH} CMAKE_PREFIX_PATH=/home/zhijie/autoware/install/dbw_polaris_can:/home/zhijie/autoware/install/dataspeed_ulc_can:/home/zhijie/autoware/install/dataspeed_dbw_gateway:/home/zhijie/autoware/install/dbw_polaris_msgs:/home/zhijie/autoware/install/dbw_polaris_description:/home/zhijie/autoware/install/dbw_ford_msgs:/home/zhijie/autoware/install/dbw_fca_msgs:/home/zhijie/autoware/install/dataspeed_ulc_msgs:/home/zhijie/autoware/install/dataspeed_dbw_msgs:/home/zhijie/autoware/install/dataspeed_dbw_common:/home/zhijie/autoware/install/dataspeed_can_usb:/opt/ros/humble LD_LIBRARY_PATH=/home/zhijie/autoware/install/dbw_polaris_can/lib:/home/zhijie/autoware/install/dataspeed_ulc_can/lib:/home/zhijie/autoware/install/dataspeed_dbw_gateway/lib:/home/zhijie/autoware/install/dbw_polaris_msgs/lib:/home/zhijie/autoware/install/dbw_ford_msgs/lib:/home/zhijie/autoware/install/dbw_fca_msgs/lib:/home/zhijie/autoware/install/dataspeed_ulc_msgs/lib:/home/zhijie/autoware/install/dataspeed_dbw_msgs/lib:/home/zhijie/autoware/install/dataspeed_can_usb/lib:${LD_LIBRARY_PATH} PYTHONPATH=/home/zhijie/autoware/install/dataspeed_ulc_can/local/lib/python3.10/dist-packages:/home/zhijie/autoware/install/dataspeed_dbw_gateway/local/lib/python3.10/dist-packages:/home/zhijie/autoware/install/dbw_polaris_msgs/local/lib/python3.10/dist-packages:/home/zhijie/autoware/install/dbw_ford_msgs/local/lib/python3.10/dist-packages:/home/zhijie/autoware/install/dbw_fca_msgs/local/lib/python3.10/dist-packages:/home/zhijie/autoware/install/dataspeed_ulc_msgs/local/lib/python3.10/dist-packages:/home/zhijie/autoware/install/dataspeed_dbw_msgs/local/lib/python3.10/dist-packages:${PYTHONPATH} /usr/bin/cmake --build /home/zhijie/autoware/build/dbw_polaris_joystick_demo -- -j16 -l16
[11.812s] Invoking command in '/home/zhijie/autoware/build/dbw_polaris_joystick_demo': AMENT_PREFIX_PATH=/home/zhijie/autoware/install/dbw_polaris_can:/home/zhijie/autoware/install/dataspeed_ulc_can:/home/zhijie/autoware/install/dataspeed_dbw_gateway:/home/zhijie/autoware/install/dbw_polaris_msgs:/home/zhijie/autoware/install/dbw_polaris_description:/home/zhijie/autoware/install/dbw_ford_msgs:/home/zhijie/autoware/install/dbw_fca_msgs:/home/zhijie/autoware/install/dataspeed_ulc_msgs:/home/zhijie/autoware/install/dataspeed_dbw_msgs:/home/zhijie/autoware/install/dataspeed_dbw_common:/home/zhijie/autoware/install/dataspeed_can_usb:${AMENT_PREFIX_PATH} CMAKE_PREFIX_PATH=/home/zhijie/autoware/install/dbw_polaris_can:/home/zhijie/autoware/install/dataspeed_ulc_can:/home/zhijie/autoware/install/dataspeed_dbw_gateway:/home/zhijie/autoware/install/dbw_polaris_msgs:/home/zhijie/autoware/install/dbw_polaris_description:/home/zhijie/autoware/install/dbw_ford_msgs:/home/zhijie/autoware/install/dbw_fca_msgs:/home/zhijie/autoware/install/dataspeed_ulc_msgs:/home/zhijie/autoware/install/dataspeed_dbw_msgs:/home/zhijie/autoware/install/dataspeed_dbw_common:/home/zhijie/autoware/install/dataspeed_can_usb:/opt/ros/humble LD_LIBRARY_PATH=/home/zhijie/autoware/install/dbw_polaris_can/lib:/home/zhijie/autoware/install/dataspeed_ulc_can/lib:/home/zhijie/autoware/install/dataspeed_dbw_gateway/lib:/home/zhijie/autoware/install/dbw_polaris_msgs/lib:/home/zhijie/autoware/install/dbw_ford_msgs/lib:/home/zhijie/autoware/install/dbw_fca_msgs/lib:/home/zhijie/autoware/install/dataspeed_ulc_msgs/lib:/home/zhijie/autoware/install/dataspeed_dbw_msgs/lib:/home/zhijie/autoware/install/dataspeed_can_usb/lib:${LD_LIBRARY_PATH} PYTHONPATH=/home/zhijie/autoware/install/dataspeed_ulc_can/local/lib/python3.10/dist-packages:/home/zhijie/autoware/install/dataspeed_dbw_gateway/local/lib/python3.10/dist-packages:/home/zhijie/autoware/install/dbw_polaris_msgs/local/lib/python3.10/dist-packages:/home/zhijie/autoware/install/dbw_ford_msgs/local/lib/python3.10/dist-packages:/home/zhijie/autoware/install/dbw_fca_msgs/local/lib/python3.10/dist-packages:/home/zhijie/autoware/install/dataspeed_ulc_msgs/local/lib/python3.10/dist-packages:/home/zhijie/autoware/install/dataspeed_dbw_msgs/local/lib/python3.10/dist-packages:${PYTHONPATH} /usr/bin/cmake --install /home/zhijie/autoware/build/dbw_polaris_joystick_demo
[11.818s] -- Install configuration: "Release"
[11.818s] -- Execute custom install script
[11.819s] -- Symlinking: /home/zhijie/autoware/install/dbw_polaris_joystick_demo/lib/libdbw_polaris_joystick_demo.so
[11.825s] -- Symlinking: /home/zhijie/autoware/install/dbw_polaris_joystick_demo/share/dbw_polaris_joystick_demo/launch/joystick_demo.launch.xml
[11.832s] -- Symlinking: /home/zhijie/autoware/install/dbw_polaris_joystick_demo/lib/dbw_polaris_joystick_demo/joy_demo
[11.839s] -- Symlinking: /home/zhijie/autoware/install/dbw_polaris_joystick_demo/share/ament_index/resource_index/package_run_dependencies/dbw_polaris_joystick_demo
[11.845s] -- Symlinking: /home/zhijie/autoware/install/dbw_polaris_joystick_demo/share/ament_index/resource_index/parent_prefix_path/dbw_polaris_joystick_demo
[11.852s] -- Symlinking: /home/zhijie/autoware/install/dbw_polaris_joystick_demo/share/dbw_polaris_joystick_demo/environment/ament_prefix_path.sh
[11.859s] -- Symlinking: /home/zhijie/autoware/install/dbw_polaris_joystick_demo/share/dbw_polaris_joystick_demo/environment/ament_prefix_path.dsv
[11.867s] -- Symlinking: /home/zhijie/autoware/install/dbw_polaris_joystick_demo/share/dbw_polaris_joystick_demo/environment/path.sh
[11.873s] -- Symlinking: /home/zhijie/autoware/install/dbw_polaris_joystick_demo/share/dbw_polaris_joystick_demo/environment/path.dsv
[11.881s] -- Symlinking: /home/zhijie/autoware/install/dbw_polaris_joystick_demo/share/dbw_polaris_joystick_demo/local_setup.bash
[11.888s] -- Symlinking: /home/zhijie/autoware/install/dbw_polaris_joystick_demo/share/dbw_polaris_joystick_demo/local_setup.sh
[11.894s] -- Symlinking: /home/zhijie/autoware/install/dbw_polaris_joystick_demo/share/dbw_polaris_joystick_demo/local_setup.zsh
[11.902s] -- Symlinking: /home/zhijie/autoware/install/dbw_polaris_joystick_demo/share/dbw_polaris_joystick_demo/local_setup.dsv
[11.908s] -- Symlinking: /home/zhijie/autoware/install/dbw_polaris_joystick_demo/share/dbw_polaris_joystick_demo/package.dsv
[11.916s] -- Symlinking: /home/zhijie/autoware/install/dbw_polaris_joystick_demo/share/ament_index/resource_index/packages/dbw_polaris_joystick_demo
[11.923s] -- Symlinking: /home/zhijie/autoware/install/dbw_polaris_joystick_demo/share/ament_index/resource_index/rclcpp_components/dbw_polaris_joystick_demo
[11.929s] -- Symlinking: /home/zhijie/autoware/install/dbw_polaris_joystick_demo/share/dbw_polaris_joystick_demo/cmake/dbw_polaris_joystick_demoConfig.cmake
[11.936s] -- Symlinking: /home/zhijie/autoware/install/dbw_polaris_joystick_demo/share/dbw_polaris_joystick_demo/cmake/dbw_polaris_joystick_demoConfig-version.cmake
[11.943s] -- Symlinking: /home/zhijie/autoware/install/dbw_polaris_joystick_demo/share/dbw_polaris_joystick_demo/package.xml
[11.954s] Invoked command in '/home/zhijie/autoware/build/dbw_polaris_joystick_demo' returned '0': AMENT_PREFIX_PATH=/home/zhijie/autoware/install/dbw_polaris_can:/home/zhijie/autoware/install/dataspeed_ulc_can:/home/zhijie/autoware/install/dataspeed_dbw_gateway:/home/zhijie/autoware/install/dbw_polaris_msgs:/home/zhijie/autoware/install/dbw_polaris_description:/home/zhijie/autoware/install/dbw_ford_msgs:/home/zhijie/autoware/install/dbw_fca_msgs:/home/zhijie/autoware/install/dataspeed_ulc_msgs:/home/zhijie/autoware/install/dataspeed_dbw_msgs:/home/zhijie/autoware/install/dataspeed_dbw_common:/home/zhijie/autoware/install/dataspeed_can_usb:${AMENT_PREFIX_PATH} CMAKE_PREFIX_PATH=/home/zhijie/autoware/install/dbw_polaris_can:/home/zhijie/autoware/install/dataspeed_ulc_can:/home/zhijie/autoware/install/dataspeed_dbw_gateway:/home/zhijie/autoware/install/dbw_polaris_msgs:/home/zhijie/autoware/install/dbw_polaris_description:/home/zhijie/autoware/install/dbw_ford_msgs:/home/zhijie/autoware/install/dbw_fca_msgs:/home/zhijie/autoware/install/dataspeed_ulc_msgs:/home/zhijie/autoware/install/dataspeed_dbw_msgs:/home/zhijie/autoware/install/dataspeed_dbw_common:/home/zhijie/autoware/install/dataspeed_can_usb:/opt/ros/humble LD_LIBRARY_PATH=/home/zhijie/autoware/install/dbw_polaris_can/lib:/home/zhijie/autoware/install/dataspeed_ulc_can/lib:/home/zhijie/autoware/install/dataspeed_dbw_gateway/lib:/home/zhijie/autoware/install/dbw_polaris_msgs/lib:/home/zhijie/autoware/install/dbw_ford_msgs/lib:/home/zhijie/autoware/install/dbw_fca_msgs/lib:/home/zhijie/autoware/install/dataspeed_ulc_msgs/lib:/home/zhijie/autoware/install/dataspeed_dbw_msgs/lib:/home/zhijie/autoware/install/dataspeed_can_usb/lib:${LD_LIBRARY_PATH} PYTHONPATH=/home/zhijie/autoware/install/dataspeed_ulc_can/local/lib/python3.10/dist-packages:/home/zhijie/autoware/install/dataspeed_dbw_gateway/local/lib/python3.10/dist-packages:/home/zhijie/autoware/install/dbw_polaris_msgs/local/lib/python3.10/dist-packages:/home/zhijie/autoware/install/dbw_ford_msgs/local/lib/python3.10/dist-packages:/home/zhijie/autoware/install/dbw_fca_msgs/local/lib/python3.10/dist-packages:/home/zhijie/autoware/install/dataspeed_ulc_msgs/local/lib/python3.10/dist-packages:/home/zhijie/autoware/install/dataspeed_dbw_msgs/local/lib/python3.10/dist-packages:${PYTHONPATH} /usr/bin/cmake --install /home/zhijie/autoware/build/dbw_polaris_joystick_demo
