[0.359s] Invoking command in '/home/mtl12345/autoware/build/eagleye_fix2kml': AMENT_PREFIX_PATH=/home/mtl12345/autoware/install/eagleye_msgs:/home/mtl12345/autoware/install/rtklib_msgs:${AMENT_PREFIX_PATH} CMAKE_PREFIX_PATH=/home/mtl12345/autoware/install/eagleye_msgs:/home/mtl12345/autoware/install/rtklib_msgs:/opt/ros/humble LD_LIBRARY_PATH=/home/mtl12345/autoware/install/eagleye_msgs/lib:/home/mtl12345/autoware/install/rtklib_msgs/lib:${LD_LIBRARY_PATH} PYTHONPATH=/home/mtl12345/autoware/install/eagleye_msgs/local/lib/python3.10/dist-packages:/home/mtl12345/autoware/install/rtklib_msgs/local/lib/python3.10/dist-packages:${PYTHONPATH} /usr/bin/cmake /home/mtl12345/autoware/src/universe/external/eagleye/eagleye_util/fix2kml -DCMAKE_BUILD_TYPE=Release -DAMENT_CMAKE_SYMLINK_INSTALL=1 -DCMAKE_INSTALL_PREFIX=/home/mtl12345/autoware/install/eagleye_fix2kml
[0.367s] -- Found ament_cmake_auto: 1.3.5 (/opt/ros/humble/share/ament_cmake_auto/cmake)
[0.493s] -- Override CMake install command with custom implementation using symlinks instead of copying resources
[0.584s] -- Found rosidl_generator_c: 3.1.5 (/opt/ros/humble/share/rosidl_generator_c/cmake)
[0.586s] -- Found rosidl_adapter: 3.1.5 (/opt/ros/humble/share/rosidl_adapter/cmake)
[0.592s] -- Found rosidl_generator_cpp: 3.1.5 (/opt/ros/humble/share/rosidl_generator_cpp/cmake)
[0.603s] -- Using all available rosidl_typesupport_c: rosidl_typesupport_fastrtps_c;rosidl_typesupport_introspection_c
[0.619s] -- Using all available rosidl_typesupport_cpp: rosidl_typesupport_fastrtps_cpp;rosidl_typesupport_introspection_cpp
[0.676s] -- Found rmw_implementation_cmake: 6.1.1 (/opt/ros/humble/share/rmw_implementation_cmake/cmake)
[0.677s] -- Found rmw_cyclonedds_cpp: 1.3.4 (/opt/ros/humble/share/rmw_cyclonedds_cpp/cmake)
[0.706s] -- Using RMW implementation 'rmw_cyclonedds_cpp' as default
[1.384s] -- Found ament_lint_auto: 0.12.8 (/opt/ros/humble/share/ament_lint_auto/cmake)
[1.394s] -- Added test 'copyright' to check source files copyright and LICENSE
[1.395s] -- Added test 'cppcheck' to perform static code analysis on C / C++ code
[1.395s] -- Configured cppcheck include dirs: /home/mtl12345/autoware/src/universe/external/eagleye/eagleye_util/fix2kml/include
[1.395s] -- Configured cppcheck exclude dirs and/or files: 
[1.396s] -- Added test 'cpplint' to check C / C++ code against the Google style
[1.396s] -- Configured cpplint exclude dirs and/or files: 
[1.396s] -- Added test 'lint_cmake' to check CMake code style
[1.397s] -- Added test 'uncrustify' to check C / C++ code style
[1.397s] -- Configured uncrustify additional arguments: 
[1.397s] -- Added test 'xmllint' to check XML markup files
[1.400s] -- Configuring done
[1.412s] -- Generating done
[1.413s] -- Build files have been written to: /home/mtl12345/autoware/build/eagleye_fix2kml
[1.866s] Invoked command in '/home/mtl12345/autoware/build/eagleye_fix2kml' returned '0': AMENT_PREFIX_PATH=/home/mtl12345/autoware/install/eagleye_msgs:/home/mtl12345/autoware/install/rtklib_msgs:${AMENT_PREFIX_PATH} CMAKE_PREFIX_PATH=/home/mtl12345/autoware/install/eagleye_msgs:/home/mtl12345/autoware/install/rtklib_msgs:/opt/ros/humble LD_LIBRARY_PATH=/home/mtl12345/autoware/install/eagleye_msgs/lib:/home/mtl12345/autoware/install/rtklib_msgs/lib:${LD_LIBRARY_PATH} PYTHONPATH=/home/mtl12345/autoware/install/eagleye_msgs/local/lib/python3.10/dist-packages:/home/mtl12345/autoware/install/rtklib_msgs/local/lib/python3.10/dist-packages:${PYTHONPATH} /usr/bin/cmake /home/mtl12345/autoware/src/universe/external/eagleye/eagleye_util/fix2kml -DCMAKE_BUILD_TYPE=Release -DAMENT_CMAKE_SYMLINK_INSTALL=1 -DCMAKE_INSTALL_PREFIX=/home/mtl12345/autoware/install/eagleye_fix2kml
[1.867s] Invoking command in '/home/mtl12345/autoware/build/eagleye_fix2kml': AMENT_PREFIX_PATH=/home/mtl12345/autoware/install/eagleye_msgs:/home/mtl12345/autoware/install/rtklib_msgs:${AMENT_PREFIX_PATH} CMAKE_PREFIX_PATH=/home/mtl12345/autoware/install/eagleye_msgs:/home/mtl12345/autoware/install/rtklib_msgs:/opt/ros/humble LD_LIBRARY_PATH=/home/mtl12345/autoware/install/eagleye_msgs/lib:/home/mtl12345/autoware/install/rtklib_msgs/lib:${LD_LIBRARY_PATH} PYTHONPATH=/home/mtl12345/autoware/install/eagleye_msgs/local/lib/python3.10/dist-packages:/home/mtl12345/autoware/install/rtklib_msgs/local/lib/python3.10/dist-packages:${PYTHONPATH} /usr/bin/cmake --build /home/mtl12345/autoware/build/eagleye_fix2kml -- -j12 -l12
[2.039s] [35m[1mConsolidate compiler generated dependencies of target fix2kml[0m
[2.039s] [100%] Built target fix2kml
[2.389s] Invoked command in '/home/mtl12345/autoware/build/eagleye_fix2kml' returned '0': AMENT_PREFIX_PATH=/home/mtl12345/autoware/install/eagleye_msgs:/home/mtl12345/autoware/install/rtklib_msgs:${AMENT_PREFIX_PATH} CMAKE_PREFIX_PATH=/home/mtl12345/autoware/install/eagleye_msgs:/home/mtl12345/autoware/install/rtklib_msgs:/opt/ros/humble LD_LIBRARY_PATH=/home/mtl12345/autoware/install/eagleye_msgs/lib:/home/mtl12345/autoware/install/rtklib_msgs/lib:${LD_LIBRARY_PATH} PYTHONPATH=/home/mtl12345/autoware/install/eagleye_msgs/local/lib/python3.10/dist-packages:/home/mtl12345/autoware/install/rtklib_msgs/local/lib/python3.10/dist-packages:${PYTHONPATH} /usr/bin/cmake --build /home/mtl12345/autoware/build/eagleye_fix2kml -- -j12 -l12
[2.684s] Invoking command in '/home/mtl12345/autoware/build/eagleye_fix2kml': AMENT_PREFIX_PATH=/home/mtl12345/autoware/install/eagleye_msgs:/home/mtl12345/autoware/install/rtklib_msgs:${AMENT_PREFIX_PATH} CMAKE_PREFIX_PATH=/home/mtl12345/autoware/install/eagleye_msgs:/home/mtl12345/autoware/install/rtklib_msgs:/opt/ros/humble LD_LIBRARY_PATH=/home/mtl12345/autoware/install/eagleye_msgs/lib:/home/mtl12345/autoware/install/rtklib_msgs/lib:${LD_LIBRARY_PATH} PYTHONPATH=/home/mtl12345/autoware/install/eagleye_msgs/local/lib/python3.10/dist-packages:/home/mtl12345/autoware/install/rtklib_msgs/local/lib/python3.10/dist-packages:${PYTHONPATH} /usr/bin/cmake --install /home/mtl12345/autoware/build/eagleye_fix2kml
[3.236s] -- Install configuration: "Release"
[3.236s] -- Execute custom install script
[3.236s] -- Up-to-date symlink: /home/mtl12345/autoware/install/eagleye_fix2kml/include/fix2kml/KmlGenerator.hpp
[3.237s] -- Up-to-date symlink: /home/mtl12345/autoware/install/eagleye_fix2kml/lib/eagleye_fix2kml/fix2kml
[3.237s] -- Up-to-date symlink: /home/mtl12345/autoware/install/eagleye_fix2kml/share/eagleye_fix2kml/launch/fix2kml.xml
[3.237s] -- Up-to-date symlink: /home/mtl12345/autoware/install/eagleye_fix2kml/share/eagleye_fix2kml/kml/networklink.kml
[3.237s] -- Up-to-date symlink: /home/mtl12345/autoware/install/eagleye_fix2kml/share/ament_index/resource_index/package_run_dependencies/eagleye_fix2kml
[3.238s] -- Up-to-date symlink: /home/mtl12345/autoware/install/eagleye_fix2kml/share/ament_index/resource_index/parent_prefix_path/eagleye_fix2kml
[3.238s] -- Up-to-date symlink: /home/mtl12345/autoware/install/eagleye_fix2kml/share/eagleye_fix2kml/environment/ament_prefix_path.sh
[3.239s] -- Up-to-date symlink: /home/mtl12345/autoware/install/eagleye_fix2kml/share/eagleye_fix2kml/environment/ament_prefix_path.dsv
[3.239s] -- Up-to-date symlink: /home/mtl12345/autoware/install/eagleye_fix2kml/share/eagleye_fix2kml/environment/path.sh
[3.239s] -- Up-to-date symlink: /home/mtl12345/autoware/install/eagleye_fix2kml/share/eagleye_fix2kml/environment/path.dsv
[3.239s] -- Up-to-date symlink: /home/mtl12345/autoware/install/eagleye_fix2kml/share/eagleye_fix2kml/local_setup.bash
[3.239s] -- Up-to-date symlink: /home/mtl12345/autoware/install/eagleye_fix2kml/share/eagleye_fix2kml/local_setup.sh
[3.240s] -- Up-to-date symlink: /home/mtl12345/autoware/install/eagleye_fix2kml/share/eagleye_fix2kml/local_setup.zsh
[3.240s] -- Up-to-date symlink: /home/mtl12345/autoware/install/eagleye_fix2kml/share/eagleye_fix2kml/local_setup.dsv
[3.240s] -- Symlinking: /home/mtl12345/autoware/install/eagleye_fix2kml/share/eagleye_fix2kml/package.dsv
[3.240s] -- Up-to-date symlink: /home/mtl12345/autoware/install/eagleye_fix2kml/share/ament_index/resource_index/packages/eagleye_fix2kml
[3.240s] -- Up-to-date symlink: /home/mtl12345/autoware/install/eagleye_fix2kml/share/eagleye_fix2kml/cmake/ament_cmake_export_dependencies-extras.cmake
[3.240s] -- Up-to-date symlink: /home/mtl12345/autoware/install/eagleye_fix2kml/share/eagleye_fix2kml/cmake/ament_cmake_export_include_directories-extras.cmake
[3.241s] -- Up-to-date symlink: /home/mtl12345/autoware/install/eagleye_fix2kml/share/eagleye_fix2kml/cmake/eagleye_fix2kmlConfig.cmake
[3.241s] -- Up-to-date symlink: /home/mtl12345/autoware/install/eagleye_fix2kml/share/eagleye_fix2kml/cmake/eagleye_fix2kmlConfig-version.cmake
[3.241s] -- Up-to-date symlink: /home/mtl12345/autoware/install/eagleye_fix2kml/share/eagleye_fix2kml/package.xml
[3.244s] Invoked command in '/home/mtl12345/autoware/build/eagleye_fix2kml' returned '0': AMENT_PREFIX_PATH=/home/mtl12345/autoware/install/eagleye_msgs:/home/mtl12345/autoware/install/rtklib_msgs:${AMENT_PREFIX_PATH} CMAKE_PREFIX_PATH=/home/mtl12345/autoware/install/eagleye_msgs:/home/mtl12345/autoware/install/rtklib_msgs:/opt/ros/humble LD_LIBRARY_PATH=/home/mtl12345/autoware/install/eagleye_msgs/lib:/home/mtl12345/autoware/install/rtklib_msgs/lib:${LD_LIBRARY_PATH} PYTHONPATH=/home/mtl12345/autoware/install/eagleye_msgs/local/lib/python3.10/dist-packages:/home/mtl12345/autoware/install/rtklib_msgs/local/lib/python3.10/dist-packages:${PYTHONPATH} /usr/bin/cmake --install /home/mtl12345/autoware/build/eagleye_fix2kml
