-- Found ament_cmake_auto: 1.3.5 (/opt/ros/humble/share/ament_cmake_auto/cmake)
-- Override CMake install command with custom implementation using symlinks instead of copying resources
-- Found rosidl_generator_c: 3.1.5 (/opt/ros/humble/share/rosidl_generator_c/cmake)
-- Found rosidl_adapter: 3.1.5 (/opt/ros/humble/share/rosidl_adapter/cmake)
-- Found rosidl_generator_cpp: 3.1.5 (/opt/ros/humble/share/rosidl_generator_cpp/cmake)
-- Using all available rosidl_typesupport_c: rosidl_typesupport_fastrtps_c;rosidl_typesupport_introspection_c
-- Using all available rosidl_typesupport_cpp: rosidl_typesupport_fastrtps_cpp;rosidl_typesupport_introspection_cpp
-- Found rmw_implementation_cmake: 6.1.1 (/opt/ros/humble/share/rmw_implementation_cmake/cmake)
-- Found rmw_cyclonedds_cpp: 1.3.4 (/opt/ros/humble/share/rmw_cyclonedds_cpp/cmake)
-- Using RMW implementation 'rmw_cyclonedds_cpp' as default
-- Found ament_lint_auto: 0.12.8 (/opt/ros/humble/share/ament_lint_auto/cmake)
-- Added test 'copyright' to check source files copyright and LICENSE
-- Added test 'cppcheck' to perform static code analysis on C / C++ code
-- Configured cppcheck include dirs: /home/zhijie/autoware/src/universe/external/eagleye/eagleye_core/coordinate/include;$<BUILD_INTERFACE:/home/zhijie/autoware/src/universe/external/eagleye/eagleye_core/coordinate/include>
-- Configured cppcheck exclude dirs and/or files: 
-- Added test 'cpplint' to check C / C++ code against the Google style
-- Configured cpplint exclude dirs and/or files: 
-- Added test 'lint_cmake' to check CMake code style
-- Added test 'uncrustify' to check C / C++ code style
-- Configured uncrustify additional arguments: 
-- Added test 'xmllint' to check XML markup files
-- Configuring done
-- Generating done
-- Build files have been written to: /home/zhijie/autoware/build/eagleye_coordinate
[35m[1mConsolidate compiler generated dependencies of target eagleye_coordinate[0m
[  9%] [32mBuilding CXX object CMakeFiles/eagleye_coordinate.dir/src/ecef2llh.cpp.o[0m
[ 18%] [32mBuilding CXX object CMakeFiles/eagleye_coordinate.dir/src/convertheight.cpp.o[0m
[ 27%] [32mBuilding CXX object CMakeFiles/eagleye_coordinate.dir/src/geoid_per_minute.cpp.o[0m
[ 36%] [32mBuilding CXX object CMakeFiles/eagleye_coordinate.dir/src/geoid_per_degree.cpp.o[0m
[ 45%] [32mBuilding CXX object CMakeFiles/eagleye_coordinate.dir/src/xyz2enu.cpp.o[0m
[ 54%] [32mBuilding CXX object CMakeFiles/eagleye_coordinate.dir/src/xyz2enu_vel.cpp.o[0m
[ 63%] [32mBuilding CXX object CMakeFiles/eagleye_coordinate.dir/src/llh2xyz.cpp.o[0m
[ 72%] [32mBuilding CXX object CMakeFiles/eagleye_coordinate.dir/src/ll2xy.cpp.o[0m
[ 81%] [32mBuilding CXX object CMakeFiles/eagleye_coordinate.dir/src/enu2xyz_vel.cpp.o[0m
[ 90%] [32mBuilding CXX object CMakeFiles/eagleye_coordinate.dir/src/enu2llh.cpp.o[0m
[100%] [32m[1mLinking CXX shared library libeagleye_coordinate.so[0m
[100%] Built target eagleye_coordinate
-- Install configuration: "Release"
-- Execute custom install script
-- Up-to-date symlink: /home/zhijie/autoware/install/eagleye_coordinate/include/eagleye_coordinate/eagleye_coordinate.hpp
-- Up-to-date symlink: /home/zhijie/autoware/install/eagleye_coordinate/share/eagleye_coordinate/environment/library_path.sh
-- Up-to-date symlink: /home/zhijie/autoware/install/eagleye_coordinate/share/eagleye_coordinate/environment/library_path.dsv
-- Up-to-date symlink: /home/zhijie/autoware/install/eagleye_coordinate//libeagleye_coordinate.so
-- Up-to-date symlink: /home/zhijie/autoware/install/eagleye_coordinate/include/eagleye_coordinate/eagleye_coordinate.hpp
-- Up-to-date symlink: /home/zhijie/autoware/install/eagleye_coordinate/lib/libeagleye_coordinate.so
-- Up-to-date symlink: /home/zhijie/autoware/install/eagleye_coordinate/share/ament_index/resource_index/package_run_dependencies/eagleye_coordinate
-- Up-to-date symlink: /home/zhijie/autoware/install/eagleye_coordinate/share/ament_index/resource_index/parent_prefix_path/eagleye_coordinate
-- Up-to-date symlink: /home/zhijie/autoware/install/eagleye_coordinate/share/eagleye_coordinate/environment/ament_prefix_path.sh
-- Up-to-date symlink: /home/zhijie/autoware/install/eagleye_coordinate/share/eagleye_coordinate/environment/ament_prefix_path.dsv
-- Up-to-date symlink: /home/zhijie/autoware/install/eagleye_coordinate/share/eagleye_coordinate/environment/path.sh
-- Up-to-date symlink: /home/zhijie/autoware/install/eagleye_coordinate/share/eagleye_coordinate/environment/path.dsv
-- Up-to-date symlink: /home/zhijie/autoware/install/eagleye_coordinate/share/eagleye_coordinate/local_setup.bash
-- Up-to-date symlink: /home/zhijie/autoware/install/eagleye_coordinate/share/eagleye_coordinate/local_setup.sh
-- Up-to-date symlink: /home/zhijie/autoware/install/eagleye_coordinate/share/eagleye_coordinate/local_setup.zsh
-- Up-to-date symlink: /home/zhijie/autoware/install/eagleye_coordinate/share/eagleye_coordinate/local_setup.dsv
-- Symlinking: /home/zhijie/autoware/install/eagleye_coordinate/share/eagleye_coordinate/package.dsv
-- Up-to-date symlink: /home/zhijie/autoware/install/eagleye_coordinate/share/ament_index/resource_index/packages/eagleye_coordinate
-- Up-to-date symlink: /home/zhijie/autoware/install/eagleye_coordinate/share/eagleye_coordinate/cmake/ament_cmake_export_include_directories-extras.cmake
-- Up-to-date symlink: /home/zhijie/autoware/install/eagleye_coordinate/share/eagleye_coordinate/cmake/ament_cmake_export_libraries-extras.cmake
-- Up-to-date symlink: /home/zhijie/autoware/install/eagleye_coordinate/share/eagleye_coordinate/cmake/ament_cmake_export_dependencies-extras.cmake
-- Up-to-date symlink: /home/zhijie/autoware/install/eagleye_coordinate/share/eagleye_coordinate/cmake/eagleye_coordinateConfig.cmake
-- Up-to-date symlink: /home/zhijie/autoware/install/eagleye_coordinate/share/eagleye_coordinate/cmake/eagleye_coordinateConfig-version.cmake
-- Up-to-date symlink: /home/zhijie/autoware/install/eagleye_coordinate/share/eagleye_coordinate/package.xml
