[0.090s] Invoking command in '/home/zhijie/autoware/build/autoware_control_msgs': CMAKE_PREFIX_PATH=/opt/ros/humble /usr/bin/cmake --build /home/zhijie/autoware/build/autoware_control_msgs -- -j16 -l16
[0.251s] [  1%] Built target autoware_control_msgs__cpp
[0.334s] [  1%] Built target ament_cmake_python_symlink_autoware_control_msgs
[0.365s] [35m[1mConsolidate compiler generated dependencies of target autoware_control_msgs__rosidl_typesupport_introspection_cpp[0m
[0.380s] [ 12%] Built target autoware_control_msgs__rosidl_typesupport_introspection_cpp
[0.950s] running egg_info
[0.950s] writing autoware_control_msgs.egg-info/PKG-INFO
[0.950s] writing dependency_links to autoware_control_msgs.egg-info/dependency_links.txt
[0.950s] writing top-level names to autoware_control_msgs.egg-info/top_level.txt
[0.951s] reading manifest file 'autoware_control_msgs.egg-info/SOURCES.txt'
[0.951s] writing manifest file 'autoware_control_msgs.egg-info/SOURCES.txt'
[1.001s] [ 12%] Built target ament_cmake_python_build_autoware_control_msgs_egg
[1.022s] [35m[1mConsolidate compiler generated dependencies of target autoware_control_msgs__rosidl_typesupport_fastrtps_cpp[0m
[1.048s] [ 23%] Built target autoware_control_msgs__rosidl_typesupport_fastrtps_cpp
[1.083s] [35m[1mConsolidate compiler generated dependencies of target autoware_control_msgs__rosidl_typesupport_cpp[0m
[1.113s] [ 34%] Built target autoware_control_msgs__rosidl_typesupport_cpp
[1.134s] [ 45%] Built target autoware_control_msgs__rosidl_generator_c
[1.151s] [35m[1mConsolidate compiler generated dependencies of target autoware_control_msgs__rosidl_typesupport_fastrtps_c[0m
[1.170s] [ 56%] Built target autoware_control_msgs__rosidl_typesupport_fastrtps_c
[1.201s] [ 67%] Built target autoware_control_msgs__rosidl_typesupport_c
[1.233s] [ 78%] Built target autoware_control_msgs__rosidl_typesupport_introspection_c
[1.251s] [ 78%] Built target autoware_control_msgs
[1.280s] [ 80%] Built target autoware_control_msgs__py
[1.298s] [35m[1mConsolidate compiler generated dependencies of target autoware_control_msgs__rosidl_generator_py[0m
[1.318s] [ 89%] Built target autoware_control_msgs__rosidl_generator_py
[1.338s] [35m[1mConsolidate compiler generated dependencies of target autoware_control_msgs__rosidl_typesupport_fastrtps_c__pyext[0m
[1.347s] [ 92%] Built target autoware_control_msgs__rosidl_typesupport_fastrtps_c__pyext
[1.357s] [35m[1mConsolidate compiler generated dependencies of target autoware_control_msgs__rosidl_typesupport_c__pyext[0m
[1.380s] [ 96%] Built target autoware_control_msgs__rosidl_typesupport_c__pyext
[1.391s] [35m[1mConsolidate compiler generated dependencies of target autoware_control_msgs__rosidl_typesupport_introspection_c__pyext[0m
[1.407s] [100%] Built target autoware_control_msgs__rosidl_typesupport_introspection_c__pyext
[1.460s] Invoked command in '/home/zhijie/autoware/build/autoware_control_msgs' returned '0': CMAKE_PREFIX_PATH=/opt/ros/humble /usr/bin/cmake --build /home/zhijie/autoware/build/autoware_control_msgs -- -j16 -l16
[1.635s] Invoking command in '/home/zhijie/autoware/build/autoware_control_msgs': CMAKE_PREFIX_PATH=/opt/ros/humble /usr/bin/cmake --install /home/zhijie/autoware/build/autoware_control_msgs
[1.674s] -- Install configuration: "Release"
[1.674s] -- Execute custom install script
[1.675s] -- Up-to-date symlink: /home/zhijie/autoware/install/autoware_control_msgs/share/ament_index/resource_index/rosidl_interfaces/autoware_control_msgs
[1.675s] -- Up-to-date symlink: /home/zhijie/autoware/install/autoware_control_msgs/include/autoware_control_msgs/autoware_control_msgs/msg/control.h
[1.675s] -- Up-to-date symlink: /home/zhijie/autoware/install/autoware_control_msgs/include/autoware_control_msgs/autoware_control_msgs/msg/control_horizon.h
[1.675s] -- Up-to-date symlink: /home/zhijie/autoware/install/autoware_control_msgs/include/autoware_control_msgs/autoware_control_msgs/msg/detail/control__functions.h
[1.675s] -- Up-to-date symlink: /home/zhijie/autoware/install/autoware_control_msgs/include/autoware_control_msgs/autoware_control_msgs/msg/detail/control__struct.h
[1.675s] -- Up-to-date symlink: /home/zhijie/autoware/install/autoware_control_msgs/include/autoware_control_msgs/autoware_control_msgs/msg/detail/control__type_support.h
[1.675s] -- Up-to-date symlink: /home/zhijie/autoware/install/autoware_control_msgs/include/autoware_control_msgs/autoware_control_msgs/msg/detail/control_horizon__functions.h
[1.675s] -- Up-to-date symlink: /home/zhijie/autoware/install/autoware_control_msgs/include/autoware_control_msgs/autoware_control_msgs/msg/detail/control_horizon__struct.h
[1.676s] -- Up-to-date symlink: /home/zhijie/autoware/install/autoware_control_msgs/include/autoware_control_msgs/autoware_control_msgs/msg/detail/control_horizon__type_support.h
[1.676s] -- Up-to-date symlink: /home/zhijie/autoware/install/autoware_control_msgs/include/autoware_control_msgs/autoware_control_msgs/msg/detail/lateral__functions.h
[1.676s] -- Up-to-date symlink: /home/zhijie/autoware/install/autoware_control_msgs/include/autoware_control_msgs/autoware_control_msgs/msg/detail/lateral__struct.h
[1.676s] -- Up-to-date symlink: /home/zhijie/autoware/install/autoware_control_msgs/include/autoware_control_msgs/autoware_control_msgs/msg/detail/lateral__type_support.h
[1.676s] -- Up-to-date symlink: /home/zhijie/autoware/install/autoware_control_msgs/include/autoware_control_msgs/autoware_control_msgs/msg/detail/longitudinal__functions.h
[1.676s] -- Up-to-date symlink: /home/zhijie/autoware/install/autoware_control_msgs/include/autoware_control_msgs/autoware_control_msgs/msg/detail/longitudinal__struct.h
[1.676s] -- Up-to-date symlink: /home/zhijie/autoware/install/autoware_control_msgs/include/autoware_control_msgs/autoware_control_msgs/msg/detail/longitudinal__type_support.h
[1.676s] -- Up-to-date symlink: /home/zhijie/autoware/install/autoware_control_msgs/include/autoware_control_msgs/autoware_control_msgs/msg/lateral.h
[1.676s] -- Up-to-date symlink: /home/zhijie/autoware/install/autoware_control_msgs/include/autoware_control_msgs/autoware_control_msgs/msg/longitudinal.h
[1.677s] -- Up-to-date symlink: /home/zhijie/autoware/install/autoware_control_msgs/include/autoware_control_msgs/autoware_control_msgs/msg/rosidl_generator_c__visibility_control.h
[1.677s] -- Up-to-date symlink: /home/zhijie/autoware/install/autoware_control_msgs/share/autoware_control_msgs/environment/library_path.sh
[1.677s] -- Up-to-date symlink: /home/zhijie/autoware/install/autoware_control_msgs/share/autoware_control_msgs/environment/library_path.dsv
[1.677s] -- Up-to-date symlink: /home/zhijie/autoware/install/autoware_control_msgs/include/autoware_control_msgs/autoware_control_msgs/msg/detail/control__rosidl_typesupport_fastrtps_c.h
[1.677s] -- Up-to-date symlink: /home/zhijie/autoware/install/autoware_control_msgs/include/autoware_control_msgs/autoware_control_msgs/msg/detail/control_horizon__rosidl_typesupport_fastrtps_c.h
[1.677s] -- Up-to-date symlink: /home/zhijie/autoware/install/autoware_control_msgs/include/autoware_control_msgs/autoware_control_msgs/msg/detail/lateral__rosidl_typesupport_fastrtps_c.h
[1.677s] -- Up-to-date symlink: /home/zhijie/autoware/install/autoware_control_msgs/include/autoware_control_msgs/autoware_control_msgs/msg/detail/longitudinal__rosidl_typesupport_fastrtps_c.h
[1.677s] -- Up-to-date symlink: /home/zhijie/autoware/install/autoware_control_msgs/include/autoware_control_msgs/autoware_control_msgs/msg/rosidl_typesupport_fastrtps_c__visibility_control.h
[1.677s] -- Up-to-date symlink: /home/zhijie/autoware/install/autoware_control_msgs/include/autoware_control_msgs/autoware_control_msgs/msg/control.hpp
[1.677s] -- Up-to-date symlink: /home/zhijie/autoware/install/autoware_control_msgs/include/autoware_control_msgs/autoware_control_msgs/msg/control_horizon.hpp
[1.677s] -- Up-to-date symlink: /home/zhijie/autoware/install/autoware_control_msgs/include/autoware_control_msgs/autoware_control_msgs/msg/detail/control__builder.hpp
[1.678s] -- Up-to-date symlink: /home/zhijie/autoware/install/autoware_control_msgs/include/autoware_control_msgs/autoware_control_msgs/msg/detail/control__struct.hpp
[1.678s] -- Up-to-date symlink: /home/zhijie/autoware/install/autoware_control_msgs/include/autoware_control_msgs/autoware_control_msgs/msg/detail/control__traits.hpp
[1.678s] -- Up-to-date symlink: /home/zhijie/autoware/install/autoware_control_msgs/include/autoware_control_msgs/autoware_control_msgs/msg/detail/control_horizon__builder.hpp
[1.678s] -- Up-to-date symlink: /home/zhijie/autoware/install/autoware_control_msgs/include/autoware_control_msgs/autoware_control_msgs/msg/detail/control_horizon__struct.hpp
[1.678s] -- Up-to-date symlink: /home/zhijie/autoware/install/autoware_control_msgs/include/autoware_control_msgs/autoware_control_msgs/msg/detail/control_horizon__traits.hpp
[1.678s] -- Up-to-date symlink: /home/zhijie/autoware/install/autoware_control_msgs/include/autoware_control_msgs/autoware_control_msgs/msg/detail/lateral__builder.hpp
[1.678s] -- Up-to-date symlink: /home/zhijie/autoware/install/autoware_control_msgs/include/autoware_control_msgs/autoware_control_msgs/msg/detail/lateral__struct.hpp
[1.678s] -- Up-to-date symlink: /home/zhijie/autoware/install/autoware_control_msgs/include/autoware_control_msgs/autoware_control_msgs/msg/detail/lateral__traits.hpp
[1.678s] -- Up-to-date symlink: /home/zhijie/autoware/install/autoware_control_msgs/include/autoware_control_msgs/autoware_control_msgs/msg/detail/longitudinal__builder.hpp
[1.678s] -- Up-to-date symlink: /home/zhijie/autoware/install/autoware_control_msgs/include/autoware_control_msgs/autoware_control_msgs/msg/detail/longitudinal__struct.hpp
[1.679s] -- Up-to-date symlink: /home/zhijie/autoware/install/autoware_control_msgs/include/autoware_control_msgs/autoware_control_msgs/msg/detail/longitudinal__traits.hpp
[1.679s] -- Up-to-date symlink: /home/zhijie/autoware/install/autoware_control_msgs/include/autoware_control_msgs/autoware_control_msgs/msg/lateral.hpp
[1.679s] -- Up-to-date symlink: /home/zhijie/autoware/install/autoware_control_msgs/include/autoware_control_msgs/autoware_control_msgs/msg/longitudinal.hpp
[1.679s] -- Up-to-date symlink: /home/zhijie/autoware/install/autoware_control_msgs/include/autoware_control_msgs/autoware_control_msgs/msg/detail/control__rosidl_typesupport_fastrtps_cpp.hpp
[1.679s] -- Up-to-date symlink: /home/zhijie/autoware/install/autoware_control_msgs/include/autoware_control_msgs/autoware_control_msgs/msg/detail/control_horizon__rosidl_typesupport_fastrtps_cpp.hpp
[1.679s] -- Up-to-date symlink: /home/zhijie/autoware/install/autoware_control_msgs/include/autoware_control_msgs/autoware_control_msgs/msg/detail/lateral__rosidl_typesupport_fastrtps_cpp.hpp
[1.679s] -- Up-to-date symlink: /home/zhijie/autoware/install/autoware_control_msgs/include/autoware_control_msgs/autoware_control_msgs/msg/detail/longitudinal__rosidl_typesupport_fastrtps_cpp.hpp
[1.679s] -- Up-to-date symlink: /home/zhijie/autoware/install/autoware_control_msgs/include/autoware_control_msgs/autoware_control_msgs/msg/rosidl_typesupport_fastrtps_cpp__visibility_control.h
[1.679s] -- Up-to-date symlink: /home/zhijie/autoware/install/autoware_control_msgs/include/autoware_control_msgs/autoware_control_msgs/msg/detail/control__rosidl_typesupport_introspection_c.h
[1.679s] -- Up-to-date symlink: /home/zhijie/autoware/install/autoware_control_msgs/include/autoware_control_msgs/autoware_control_msgs/msg/detail/control_horizon__rosidl_typesupport_introspection_c.h
[1.679s] -- Up-to-date symlink: /home/zhijie/autoware/install/autoware_control_msgs/include/autoware_control_msgs/autoware_control_msgs/msg/detail/lateral__rosidl_typesupport_introspection_c.h
[1.680s] -- Up-to-date symlink: /home/zhijie/autoware/install/autoware_control_msgs/include/autoware_control_msgs/autoware_control_msgs/msg/detail/longitudinal__rosidl_typesupport_introspection_c.h
[1.680s] -- Up-to-date symlink: /home/zhijie/autoware/install/autoware_control_msgs/include/autoware_control_msgs/autoware_control_msgs/msg/rosidl_typesupport_introspection_c__visibility_control.h
[1.680s] -- Up-to-date symlink: /home/zhijie/autoware/install/autoware_control_msgs/include/autoware_control_msgs/autoware_control_msgs/msg/detail/control__rosidl_typesupport_introspection_cpp.hpp
[1.680s] -- Up-to-date symlink: /home/zhijie/autoware/install/autoware_control_msgs/include/autoware_control_msgs/autoware_control_msgs/msg/detail/control_horizon__rosidl_typesupport_introspection_cpp.hpp
[1.680s] -- Up-to-date symlink: /home/zhijie/autoware/install/autoware_control_msgs/include/autoware_control_msgs/autoware_control_msgs/msg/detail/lateral__rosidl_typesupport_introspection_cpp.hpp
[1.680s] -- Up-to-date symlink: /home/zhijie/autoware/install/autoware_control_msgs/include/autoware_control_msgs/autoware_control_msgs/msg/detail/longitudinal__rosidl_typesupport_introspection_cpp.hpp
[1.680s] -- Up-to-date symlink: /home/zhijie/autoware/install/autoware_control_msgs/share/autoware_control_msgs/environment/pythonpath.sh
[1.680s] -- Up-to-date symlink: /home/zhijie/autoware/install/autoware_control_msgs/share/autoware_control_msgs/environment/pythonpath.dsv
[1.680s] -- Up-to-date symlink: /home/zhijie/autoware/install/autoware_control_msgs/local/lib/python3.10/dist-packages/autoware_control_msgs-1.0.0-py3.10.egg-info/PKG-INFO
[1.680s] -- Up-to-date symlink: /home/zhijie/autoware/install/autoware_control_msgs/local/lib/python3.10/dist-packages/autoware_control_msgs-1.0.0-py3.10.egg-info/SOURCES.txt
[1.681s] -- Up-to-date symlink: /home/zhijie/autoware/install/autoware_control_msgs/local/lib/python3.10/dist-packages/autoware_control_msgs-1.0.0-py3.10.egg-info/dependency_links.txt
[1.681s] -- Up-to-date symlink: /home/zhijie/autoware/install/autoware_control_msgs/local/lib/python3.10/dist-packages/autoware_control_msgs-1.0.0-py3.10.egg-info/top_level.txt
[1.681s] -- Up-to-date symlink: /home/zhijie/autoware/install/autoware_control_msgs/local/lib/python3.10/dist-packages/autoware_control_msgs/__init__.py
[1.681s] -- Up-to-date symlink: /home/zhijie/autoware/install/autoware_control_msgs/local/lib/python3.10/dist-packages/autoware_control_msgs/_autoware_control_msgs_s.ep.rosidl_typesupport_c.c
[1.681s] -- Up-to-date symlink: /home/zhijie/autoware/install/autoware_control_msgs/local/lib/python3.10/dist-packages/autoware_control_msgs/_autoware_control_msgs_s.ep.rosidl_typesupport_fastrtps_c.c
[1.681s] -- Up-to-date symlink: /home/zhijie/autoware/install/autoware_control_msgs/local/lib/python3.10/dist-packages/autoware_control_msgs/_autoware_control_msgs_s.ep.rosidl_typesupport_introspection_c.c
[1.681s] -- Up-to-date symlink: /home/zhijie/autoware/install/autoware_control_msgs/local/lib/python3.10/dist-packages/autoware_control_msgs/autoware_control_msgs_s__rosidl_typesupport_c.cpython-310-x86_64-linux-gnu.so
[1.681s] -- Up-to-date symlink: /home/zhijie/autoware/install/autoware_control_msgs/local/lib/python3.10/dist-packages/autoware_control_msgs/autoware_control_msgs_s__rosidl_typesupport_fastrtps_c.cpython-310-x86_64-linux-gnu.so
[1.681s] -- Up-to-date symlink: /home/zhijie/autoware/install/autoware_control_msgs/local/lib/python3.10/dist-packages/autoware_control_msgs/autoware_control_msgs_s__rosidl_typesupport_introspection_c.cpython-310-x86_64-linux-gnu.so
[1.681s] -- Up-to-date symlink: /home/zhijie/autoware/install/autoware_control_msgs/local/lib/python3.10/dist-packages/autoware_control_msgs/libautoware_control_msgs__rosidl_generator_py.so
[1.682s] -- Up-to-date symlink: /home/zhijie/autoware/install/autoware_control_msgs/local/lib/python3.10/dist-packages/autoware_control_msgs/msg/__init__.py
[1.682s] -- Up-to-date symlink: /home/zhijie/autoware/install/autoware_control_msgs/local/lib/python3.10/dist-packages/autoware_control_msgs/msg/_control.py
[1.682s] -- Up-to-date symlink: /home/zhijie/autoware/install/autoware_control_msgs/local/lib/python3.10/dist-packages/autoware_control_msgs/msg/_control_horizon.py
[1.686s] -- Up-to-date symlink: /home/zhijie/autoware/install/autoware_control_msgs/local/lib/python3.10/dist-packages/autoware_control_msgs/msg/_control_horizon_s.c
[1.688s] -- Up-to-date symlink: /home/zhijie/autoware/install/autoware_control_msgs/local/lib/python3.10/dist-packages/autoware_control_msgs/msg/_control_s.c
[1.688s] -- Up-to-date symlink: /home/zhijie/autoware/install/autoware_control_msgs/local/lib/python3.10/dist-packages/autoware_control_msgs/msg/_lateral.py
[1.688s] -- Up-to-date symlink: /home/zhijie/autoware/install/autoware_control_msgs/local/lib/python3.10/dist-packages/autoware_control_msgs/msg/_lateral_s.c
[1.688s] -- Up-to-date symlink: /home/zhijie/autoware/install/autoware_control_msgs/local/lib/python3.10/dist-packages/autoware_control_msgs/msg/_longitudinal.py
[1.688s] -- Up-to-date symlink: /home/zhijie/autoware/install/autoware_control_msgs/local/lib/python3.10/dist-packages/autoware_control_msgs/msg/_longitudinal_s.c
[1.688s] -- Up-to-date symlink: /home/zhijie/autoware/install/autoware_control_msgs/local/lib/python3.10/dist-packages/autoware_control_msgs/autoware_control_msgs_s__rosidl_typesupport_fastrtps_c.cpython-310-x86_64-linux-gnu.so
[1.688s] -- Up-to-date symlink: /home/zhijie/autoware/install/autoware_control_msgs/local/lib/python3.10/dist-packages/autoware_control_msgs/autoware_control_msgs_s__rosidl_typesupport_introspection_c.cpython-310-x86_64-linux-gnu.so
[1.688s] -- Up-to-date symlink: /home/zhijie/autoware/install/autoware_control_msgs/local/lib/python3.10/dist-packages/autoware_control_msgs/autoware_control_msgs_s__rosidl_typesupport_c.cpython-310-x86_64-linux-gnu.so
[1.688s] -- Up-to-date symlink: /home/zhijie/autoware/install/autoware_control_msgs/share/autoware_control_msgs/msg/Control.idl
[1.688s] -- Up-to-date symlink: /home/zhijie/autoware/install/autoware_control_msgs/share/autoware_control_msgs/msg/ControlHorizon.idl
[1.688s] -- Up-to-date symlink: /home/zhijie/autoware/install/autoware_control_msgs/share/autoware_control_msgs/msg/Lateral.idl
[1.689s] -- Up-to-date symlink: /home/zhijie/autoware/install/autoware_control_msgs/share/autoware_control_msgs/msg/Longitudinal.idl
[1.691s] -- Up-to-date symlink: /home/zhijie/autoware/install/autoware_control_msgs/share/autoware_control_msgs/msg/Control.msg
[1.692s] -- Up-to-date symlink: /home/zhijie/autoware/install/autoware_control_msgs/share/autoware_control_msgs/msg/ControlHorizon.msg
[1.692s] -- Up-to-date symlink: /home/zhijie/autoware/install/autoware_control_msgs/share/autoware_control_msgs/msg/Lateral.msg
[1.692s] -- Up-to-date symlink: /home/zhijie/autoware/install/autoware_control_msgs/share/autoware_control_msgs/msg/Longitudinal.msg
[1.692s] -- Up-to-date symlink: /home/zhijie/autoware/install/autoware_control_msgs/share/ament_index/resource_index/package_run_dependencies/autoware_control_msgs
[1.693s] -- Up-to-date symlink: /home/zhijie/autoware/install/autoware_control_msgs/share/ament_index/resource_index/parent_prefix_path/autoware_control_msgs
[1.693s] -- Up-to-date symlink: /home/zhijie/autoware/install/autoware_control_msgs/share/autoware_control_msgs/environment/ament_prefix_path.sh
[1.693s] -- Up-to-date symlink: /home/zhijie/autoware/install/autoware_control_msgs/share/autoware_control_msgs/environment/ament_prefix_path.dsv
[1.693s] -- Up-to-date symlink: /home/zhijie/autoware/install/autoware_control_msgs/share/autoware_control_msgs/environment/path.sh
[1.693s] -- Up-to-date symlink: /home/zhijie/autoware/install/autoware_control_msgs/share/autoware_control_msgs/environment/path.dsv
[1.693s] -- Up-to-date symlink: /home/zhijie/autoware/install/autoware_control_msgs/share/autoware_control_msgs/local_setup.bash
[1.694s] -- Up-to-date symlink: /home/zhijie/autoware/install/autoware_control_msgs/share/autoware_control_msgs/local_setup.sh
[1.694s] -- Up-to-date symlink: /home/zhijie/autoware/install/autoware_control_msgs/share/autoware_control_msgs/local_setup.zsh
[1.694s] -- Up-to-date symlink: /home/zhijie/autoware/install/autoware_control_msgs/share/autoware_control_msgs/local_setup.dsv
[1.697s] -- Symlinking: /home/zhijie/autoware/install/autoware_control_msgs/share/autoware_control_msgs/package.dsv
[1.698s] -- Up-to-date symlink: /home/zhijie/autoware/install/autoware_control_msgs/share/ament_index/resource_index/packages/autoware_control_msgs
[1.698s] -- Up-to-date symlink: /home/zhijie/autoware/install/autoware_control_msgs/share/autoware_control_msgs/cmake/rosidl_cmake-extras.cmake
[1.698s] -- Up-to-date symlink: /home/zhijie/autoware/install/autoware_control_msgs/share/autoware_control_msgs/cmake/ament_cmake_export_dependencies-extras.cmake
[1.698s] -- Up-to-date symlink: /home/zhijie/autoware/install/autoware_control_msgs/share/autoware_control_msgs/cmake/ament_cmake_export_include_directories-extras.cmake
[1.699s] -- Up-to-date symlink: /home/zhijie/autoware/install/autoware_control_msgs/share/autoware_control_msgs/cmake/ament_cmake_export_libraries-extras.cmake
[1.699s] -- Up-to-date symlink: /home/zhijie/autoware/install/autoware_control_msgs/share/autoware_control_msgs/cmake/ament_cmake_export_targets-extras.cmake
[1.700s] -- Up-to-date symlink: /home/zhijie/autoware/install/autoware_control_msgs/share/autoware_control_msgs/cmake/rosidl_cmake_export_typesupport_targets-extras.cmake
[1.700s] -- Up-to-date symlink: /home/zhijie/autoware/install/autoware_control_msgs/share/autoware_control_msgs/cmake/rosidl_cmake_export_typesupport_libraries-extras.cmake
[1.700s] -- Up-to-date symlink: /home/zhijie/autoware/install/autoware_control_msgs/share/autoware_control_msgs/cmake/autoware_control_msgsConfig.cmake
[1.701s] -- Up-to-date symlink: /home/zhijie/autoware/install/autoware_control_msgs/share/autoware_control_msgs/cmake/autoware_control_msgsConfig-version.cmake
[1.701s] -- Up-to-date symlink: /home/zhijie/autoware/install/autoware_control_msgs/share/autoware_control_msgs/package.xml
[1.707s] -- Up-to-date: /home/zhijie/autoware/install/autoware_control_msgs/lib/libautoware_control_msgs__rosidl_generator_c.so
[1.708s] -- Up-to-date: /home/zhijie/autoware/install/autoware_control_msgs/lib/libautoware_control_msgs__rosidl_typesupport_fastrtps_c.so
[1.708s] -- Up-to-date: /home/zhijie/autoware/install/autoware_control_msgs/lib/libautoware_control_msgs__rosidl_typesupport_fastrtps_cpp.so
[1.708s] -- Up-to-date: /home/zhijie/autoware/install/autoware_control_msgs/lib/libautoware_control_msgs__rosidl_typesupport_introspection_c.so
[1.708s] -- Up-to-date: /home/zhijie/autoware/install/autoware_control_msgs/lib/libautoware_control_msgs__rosidl_typesupport_c.so
[1.708s] -- Up-to-date: /home/zhijie/autoware/install/autoware_control_msgs/lib/libautoware_control_msgs__rosidl_typesupport_introspection_cpp.so
[1.709s] -- Up-to-date: /home/zhijie/autoware/install/autoware_control_msgs/lib/libautoware_control_msgs__rosidl_typesupport_cpp.so
[1.745s] Listing '/home/zhijie/autoware/install/autoware_control_msgs/local/lib/python3.10/dist-packages/autoware_control_msgs'...
[1.745s] Listing '/home/zhijie/autoware/install/autoware_control_msgs/local/lib/python3.10/dist-packages/autoware_control_msgs/msg'...
[1.759s] -- Up-to-date: /home/zhijie/autoware/install/autoware_control_msgs/lib/libautoware_control_msgs__rosidl_generator_py.so
[1.759s] -- Up-to-date: /home/zhijie/autoware/install/autoware_control_msgs/share/autoware_control_msgs/cmake/export_autoware_control_msgs__rosidl_generator_cExport.cmake
[1.760s] -- Up-to-date: /home/zhijie/autoware/install/autoware_control_msgs/share/autoware_control_msgs/cmake/export_autoware_control_msgs__rosidl_generator_cExport-release.cmake
[1.760s] -- Up-to-date: /home/zhijie/autoware/install/autoware_control_msgs/share/autoware_control_msgs/cmake/export_autoware_control_msgs__rosidl_typesupport_fastrtps_cExport.cmake
[1.760s] -- Up-to-date: /home/zhijie/autoware/install/autoware_control_msgs/share/autoware_control_msgs/cmake/export_autoware_control_msgs__rosidl_typesupport_fastrtps_cExport-release.cmake
[1.760s] -- Up-to-date: /home/zhijie/autoware/install/autoware_control_msgs/share/autoware_control_msgs/cmake/export_autoware_control_msgs__rosidl_generator_cppExport.cmake
[1.760s] -- Up-to-date: /home/zhijie/autoware/install/autoware_control_msgs/share/autoware_control_msgs/cmake/export_autoware_control_msgs__rosidl_typesupport_fastrtps_cppExport.cmake
[1.760s] -- Up-to-date: /home/zhijie/autoware/install/autoware_control_msgs/share/autoware_control_msgs/cmake/export_autoware_control_msgs__rosidl_typesupport_fastrtps_cppExport-release.cmake
[1.760s] -- Up-to-date: /home/zhijie/autoware/install/autoware_control_msgs/share/autoware_control_msgs/cmake/autoware_control_msgs__rosidl_typesupport_introspection_cExport.cmake
[1.760s] -- Up-to-date: /home/zhijie/autoware/install/autoware_control_msgs/share/autoware_control_msgs/cmake/autoware_control_msgs__rosidl_typesupport_introspection_cExport-release.cmake
[1.760s] -- Up-to-date: /home/zhijie/autoware/install/autoware_control_msgs/share/autoware_control_msgs/cmake/autoware_control_msgs__rosidl_typesupport_cExport.cmake
[1.760s] -- Up-to-date: /home/zhijie/autoware/install/autoware_control_msgs/share/autoware_control_msgs/cmake/autoware_control_msgs__rosidl_typesupport_cExport-release.cmake
[1.760s] -- Up-to-date: /home/zhijie/autoware/install/autoware_control_msgs/share/autoware_control_msgs/cmake/autoware_control_msgs__rosidl_typesupport_introspection_cppExport.cmake
[1.761s] -- Up-to-date: /home/zhijie/autoware/install/autoware_control_msgs/share/autoware_control_msgs/cmake/autoware_control_msgs__rosidl_typesupport_introspection_cppExport-release.cmake
[1.761s] -- Up-to-date: /home/zhijie/autoware/install/autoware_control_msgs/share/autoware_control_msgs/cmake/autoware_control_msgs__rosidl_typesupport_cppExport.cmake
[1.761s] -- Up-to-date: /home/zhijie/autoware/install/autoware_control_msgs/share/autoware_control_msgs/cmake/autoware_control_msgs__rosidl_typesupport_cppExport-release.cmake
[1.761s] -- Up-to-date: /home/zhijie/autoware/install/autoware_control_msgs/share/autoware_control_msgs/cmake/export_autoware_control_msgs__rosidl_generator_pyExport.cmake
[1.761s] -- Up-to-date: /home/zhijie/autoware/install/autoware_control_msgs/share/autoware_control_msgs/cmake/export_autoware_control_msgs__rosidl_generator_pyExport-release.cmake
[1.831s] Invoked command in '/home/zhijie/autoware/build/autoware_control_msgs' returned '0': CMAKE_PREFIX_PATH=/opt/ros/humble /usr/bin/cmake --install /home/zhijie/autoware/build/autoware_control_msgs
