[0.059s] Invoking command in '/home/zhijie/autoware/build/abc_terasim': AMENT_PREFIX_PATH=/home/zhijie/autoware/install/dummy_perception_publisher:/home/zhijie/autoware/install/tier4_autoware_utils:/home/zhijie/autoware/install/tier4_perception_msgs:/home/zhijie/autoware/install/autoware_auto_vehicle_msgs:/home/zhijie/autoware/install/tier4_system_msgs:/home/zhijie/autoware/install/autoware_cmake:/home/zhijie/autoware/install/autoware_auto_planning_msgs:/home/zhijie/autoware/install/autoware_auto_perception_msgs:/home/zhijie/autoware/install/tier4_debug_msgs:/home/zhijie/autoware/install/autoware_perception_msgs:/home/zhijie/autoware/install/autoware_lint_common:/home/zhijie/autoware/install/autoware_common_msgs:/home/zhijie/autoware/install/autoware_auto_system_msgs:/home/zhijie/autoware/install/autoware_auto_mapping_msgs:/home/zhijie/autoware/install/autoware_auto_geometry_msgs:/home/zhijie/autoware/install/autoware_adapi_v1_msgs:${AMENT_PREFIX_PATH} CMAKE_PREFIX_PATH=/home/zhijie/autoware/install/dummy_perception_publisher:/home/zhijie/autoware/install/tier4_autoware_utils:/home/zhijie/autoware/install/tier4_perception_msgs:/home/zhijie/autoware/install/autoware_auto_vehicle_msgs:/home/zhijie/autoware/install/tier4_system_msgs:/home/zhijie/autoware/install/autoware_cmake:/home/zhijie/autoware/install/autoware_auto_planning_msgs:/home/zhijie/autoware/install/autoware_auto_perception_msgs:/home/zhijie/autoware/install/tier4_debug_msgs:/home/zhijie/autoware/install/autoware_perception_msgs:/home/zhijie/autoware/install/autoware_lint_common:/home/zhijie/autoware/install/autoware_common_msgs:/home/zhijie/autoware/install/autoware_auto_system_msgs:/home/zhijie/autoware/install/autoware_auto_mapping_msgs:/home/zhijie/autoware/install/autoware_auto_geometry_msgs:/home/zhijie/autoware/install/autoware_adapi_v1_msgs:/opt/ros/humble LD_LIBRARY_PATH=/home/zhijie/autoware/install/dummy_perception_publisher/lib:/home/zhijie/autoware/install/tier4_autoware_utils/lib:/home/zhijie/autoware/install/tier4_perception_msgs/lib:/home/zhijie/autoware/install/autoware_auto_vehicle_msgs/lib:/home/zhijie/autoware/install/tier4_system_msgs/lib:/home/zhijie/autoware/install/autoware_auto_planning_msgs/lib:/home/zhijie/autoware/install/autoware_auto_perception_msgs/lib:/home/zhijie/autoware/install/tier4_debug_msgs/lib:/home/zhijie/autoware/install/autoware_perception_msgs/lib:/home/zhijie/autoware/install/autoware_common_msgs/lib:/home/zhijie/autoware/install/autoware_auto_system_msgs/lib:/home/zhijie/autoware/install/autoware_auto_mapping_msgs/lib:/home/zhijie/autoware/install/autoware_auto_geometry_msgs/lib:/home/zhijie/autoware/install/autoware_adapi_v1_msgs/lib:${LD_LIBRARY_PATH} PYTHONPATH=/home/zhijie/autoware/install/dummy_perception_publisher/local/lib/python3.10/dist-packages:/home/zhijie/autoware/install/tier4_perception_msgs/local/lib/python3.10/dist-packages:/home/zhijie/autoware/install/autoware_auto_vehicle_msgs/local/lib/python3.10/dist-packages:/home/zhijie/autoware/install/tier4_system_msgs/local/lib/python3.10/dist-packages:/home/zhijie/autoware/install/autoware_auto_planning_msgs/local/lib/python3.10/dist-packages:/home/zhijie/autoware/install/autoware_auto_perception_msgs/local/lib/python3.10/dist-packages:/home/zhijie/autoware/install/tier4_debug_msgs/local/lib/python3.10/dist-packages:/home/zhijie/autoware/install/autoware_perception_msgs/local/lib/python3.10/dist-packages:/home/zhijie/autoware/install/autoware_common_msgs/local/lib/python3.10/dist-packages:/home/zhijie/autoware/install/autoware_auto_system_msgs/local/lib/python3.10/dist-packages:/home/zhijie/autoware/install/autoware_auto_mapping_msgs/local/lib/python3.10/dist-packages:/home/zhijie/autoware/install/autoware_auto_geometry_msgs/local/lib/python3.10/dist-packages:/home/zhijie/autoware/install/autoware_adapi_v1_msgs/local/lib/python3.10/dist-packages:${PYTHONPATH} /usr/bin/cmake --build /home/zhijie/autoware/build/abc_terasim -- -j16 -l16
[0.166s] [  9%] Built target abc_context_converter
[0.166s] [  9%] Built target test_10
[0.166s] [ 13%] Built target test_01
[0.167s] [ 18%] Built target test_12
[0.167s] [ 22%] Built target test_11
[0.167s] [ 27%] Built target test_09
[0.167s] [ 31%] Built target test_05
[0.167s] [ 36%] Built target abc_info_converter
[0.167s] [ 40%] Built target test_07
[0.167s] [ 45%] Built target test_06
[0.168s] [ 50%] Built target test_08
[0.169s] [ 54%] Built target abc_info_converter_component
[0.193s] [ 59%] Built target abc_context_converter_component
[0.215s] [ 63%] Built target test_01_component
[0.236s] [ 68%] Built target test_05_component
[0.246s] [35m[1mConsolidate compiler generated dependencies of target test_06_component[0m
[0.261s] [ 70%] [32mBuilding CXX object CMakeFiles/test_06_component.dir/src/test_06.cpp.o[0m
[7.686s] [ 72%] [32m[1mLinking CXX shared library libtest_06_component.so[0m
[8.292s] [ 72%] Built target test_06_component
[8.314s] [ 75%] [32m[1mLinking CXX shared library libtest_07_component.so[0m
[8.828s] [ 77%] Built target test_07_component
[8.850s] [ 79%] [32m[1mLinking CXX shared library libtest_08_component.so[0m
[9.378s] [ 81%] Built target test_08_component
[9.398s] [ 84%] [32m[1mLinking CXX shared library libtest_09_component.so[0m
[9.930s] [ 86%] Built target test_09_component
[9.952s] [ 88%] [32m[1mLinking CXX shared library libtest_10_component.so[0m
[10.480s] [ 90%] Built target test_10_component
[10.502s] [ 93%] [32m[1mLinking CXX shared library libtest_11_component.so[0m
[11.040s] [ 95%] Built target test_11_component
[11.061s] [ 97%] [32m[1mLinking CXX shared library libtest_12_component.so[0m
[11.610s] [100%] Built target test_12_component
[11.619s] Invoked command in '/home/zhijie/autoware/build/abc_terasim' returned '0': AMENT_PREFIX_PATH=/home/zhijie/autoware/install/dummy_perception_publisher:/home/zhijie/autoware/install/tier4_autoware_utils:/home/zhijie/autoware/install/tier4_perception_msgs:/home/zhijie/autoware/install/autoware_auto_vehicle_msgs:/home/zhijie/autoware/install/tier4_system_msgs:/home/zhijie/autoware/install/autoware_cmake:/home/zhijie/autoware/install/autoware_auto_planning_msgs:/home/zhijie/autoware/install/autoware_auto_perception_msgs:/home/zhijie/autoware/install/tier4_debug_msgs:/home/zhijie/autoware/install/autoware_perception_msgs:/home/zhijie/autoware/install/autoware_lint_common:/home/zhijie/autoware/install/autoware_common_msgs:/home/zhijie/autoware/install/autoware_auto_system_msgs:/home/zhijie/autoware/install/autoware_auto_mapping_msgs:/home/zhijie/autoware/install/autoware_auto_geometry_msgs:/home/zhijie/autoware/install/autoware_adapi_v1_msgs:${AMENT_PREFIX_PATH} CMAKE_PREFIX_PATH=/home/zhijie/autoware/install/dummy_perception_publisher:/home/zhijie/autoware/install/tier4_autoware_utils:/home/zhijie/autoware/install/tier4_perception_msgs:/home/zhijie/autoware/install/autoware_auto_vehicle_msgs:/home/zhijie/autoware/install/tier4_system_msgs:/home/zhijie/autoware/install/autoware_cmake:/home/zhijie/autoware/install/autoware_auto_planning_msgs:/home/zhijie/autoware/install/autoware_auto_perception_msgs:/home/zhijie/autoware/install/tier4_debug_msgs:/home/zhijie/autoware/install/autoware_perception_msgs:/home/zhijie/autoware/install/autoware_lint_common:/home/zhijie/autoware/install/autoware_common_msgs:/home/zhijie/autoware/install/autoware_auto_system_msgs:/home/zhijie/autoware/install/autoware_auto_mapping_msgs:/home/zhijie/autoware/install/autoware_auto_geometry_msgs:/home/zhijie/autoware/install/autoware_adapi_v1_msgs:/opt/ros/humble LD_LIBRARY_PATH=/home/zhijie/autoware/install/dummy_perception_publisher/lib:/home/zhijie/autoware/install/tier4_autoware_utils/lib:/home/zhijie/autoware/install/tier4_perception_msgs/lib:/home/zhijie/autoware/install/autoware_auto_vehicle_msgs/lib:/home/zhijie/autoware/install/tier4_system_msgs/lib:/home/zhijie/autoware/install/autoware_auto_planning_msgs/lib:/home/zhijie/autoware/install/autoware_auto_perception_msgs/lib:/home/zhijie/autoware/install/tier4_debug_msgs/lib:/home/zhijie/autoware/install/autoware_perception_msgs/lib:/home/zhijie/autoware/install/autoware_common_msgs/lib:/home/zhijie/autoware/install/autoware_auto_system_msgs/lib:/home/zhijie/autoware/install/autoware_auto_mapping_msgs/lib:/home/zhijie/autoware/install/autoware_auto_geometry_msgs/lib:/home/zhijie/autoware/install/autoware_adapi_v1_msgs/lib:${LD_LIBRARY_PATH} PYTHONPATH=/home/zhijie/autoware/install/dummy_perception_publisher/local/lib/python3.10/dist-packages:/home/zhijie/autoware/install/tier4_perception_msgs/local/lib/python3.10/dist-packages:/home/zhijie/autoware/install/autoware_auto_vehicle_msgs/local/lib/python3.10/dist-packages:/home/zhijie/autoware/install/tier4_system_msgs/local/lib/python3.10/dist-packages:/home/zhijie/autoware/install/autoware_auto_planning_msgs/local/lib/python3.10/dist-packages:/home/zhijie/autoware/install/autoware_auto_perception_msgs/local/lib/python3.10/dist-packages:/home/zhijie/autoware/install/tier4_debug_msgs/local/lib/python3.10/dist-packages:/home/zhijie/autoware/install/autoware_perception_msgs/local/lib/python3.10/dist-packages:/home/zhijie/autoware/install/autoware_common_msgs/local/lib/python3.10/dist-packages:/home/zhijie/autoware/install/autoware_auto_system_msgs/local/lib/python3.10/dist-packages:/home/zhijie/autoware/install/autoware_auto_mapping_msgs/local/lib/python3.10/dist-packages:/home/zhijie/autoware/install/autoware_auto_geometry_msgs/local/lib/python3.10/dist-packages:/home/zhijie/autoware/install/autoware_adapi_v1_msgs/local/lib/python3.10/dist-packages:${PYTHONPATH} /usr/bin/cmake --build /home/zhijie/autoware/build/abc_terasim -- -j16 -l16
[11.672s] Invoking command in '/home/zhijie/autoware/build/abc_terasim': AMENT_PREFIX_PATH=/home/zhijie/autoware/install/dummy_perception_publisher:/home/zhijie/autoware/install/tier4_autoware_utils:/home/zhijie/autoware/install/tier4_perception_msgs:/home/zhijie/autoware/install/autoware_auto_vehicle_msgs:/home/zhijie/autoware/install/tier4_system_msgs:/home/zhijie/autoware/install/autoware_cmake:/home/zhijie/autoware/install/autoware_auto_planning_msgs:/home/zhijie/autoware/install/autoware_auto_perception_msgs:/home/zhijie/autoware/install/tier4_debug_msgs:/home/zhijie/autoware/install/autoware_perception_msgs:/home/zhijie/autoware/install/autoware_lint_common:/home/zhijie/autoware/install/autoware_common_msgs:/home/zhijie/autoware/install/autoware_auto_system_msgs:/home/zhijie/autoware/install/autoware_auto_mapping_msgs:/home/zhijie/autoware/install/autoware_auto_geometry_msgs:/home/zhijie/autoware/install/autoware_adapi_v1_msgs:${AMENT_PREFIX_PATH} CMAKE_PREFIX_PATH=/home/zhijie/autoware/install/dummy_perception_publisher:/home/zhijie/autoware/install/tier4_autoware_utils:/home/zhijie/autoware/install/tier4_perception_msgs:/home/zhijie/autoware/install/autoware_auto_vehicle_msgs:/home/zhijie/autoware/install/tier4_system_msgs:/home/zhijie/autoware/install/autoware_cmake:/home/zhijie/autoware/install/autoware_auto_planning_msgs:/home/zhijie/autoware/install/autoware_auto_perception_msgs:/home/zhijie/autoware/install/tier4_debug_msgs:/home/zhijie/autoware/install/autoware_perception_msgs:/home/zhijie/autoware/install/autoware_lint_common:/home/zhijie/autoware/install/autoware_common_msgs:/home/zhijie/autoware/install/autoware_auto_system_msgs:/home/zhijie/autoware/install/autoware_auto_mapping_msgs:/home/zhijie/autoware/install/autoware_auto_geometry_msgs:/home/zhijie/autoware/install/autoware_adapi_v1_msgs:/opt/ros/humble LD_LIBRARY_PATH=/home/zhijie/autoware/install/dummy_perception_publisher/lib:/home/zhijie/autoware/install/tier4_autoware_utils/lib:/home/zhijie/autoware/install/tier4_perception_msgs/lib:/home/zhijie/autoware/install/autoware_auto_vehicle_msgs/lib:/home/zhijie/autoware/install/tier4_system_msgs/lib:/home/zhijie/autoware/install/autoware_auto_planning_msgs/lib:/home/zhijie/autoware/install/autoware_auto_perception_msgs/lib:/home/zhijie/autoware/install/tier4_debug_msgs/lib:/home/zhijie/autoware/install/autoware_perception_msgs/lib:/home/zhijie/autoware/install/autoware_common_msgs/lib:/home/zhijie/autoware/install/autoware_auto_system_msgs/lib:/home/zhijie/autoware/install/autoware_auto_mapping_msgs/lib:/home/zhijie/autoware/install/autoware_auto_geometry_msgs/lib:/home/zhijie/autoware/install/autoware_adapi_v1_msgs/lib:${LD_LIBRARY_PATH} PYTHONPATH=/home/zhijie/autoware/install/dummy_perception_publisher/local/lib/python3.10/dist-packages:/home/zhijie/autoware/install/tier4_perception_msgs/local/lib/python3.10/dist-packages:/home/zhijie/autoware/install/autoware_auto_vehicle_msgs/local/lib/python3.10/dist-packages:/home/zhijie/autoware/install/tier4_system_msgs/local/lib/python3.10/dist-packages:/home/zhijie/autoware/install/autoware_auto_planning_msgs/local/lib/python3.10/dist-packages:/home/zhijie/autoware/install/autoware_auto_perception_msgs/local/lib/python3.10/dist-packages:/home/zhijie/autoware/install/tier4_debug_msgs/local/lib/python3.10/dist-packages:/home/zhijie/autoware/install/autoware_perception_msgs/local/lib/python3.10/dist-packages:/home/zhijie/autoware/install/autoware_common_msgs/local/lib/python3.10/dist-packages:/home/zhijie/autoware/install/autoware_auto_system_msgs/local/lib/python3.10/dist-packages:/home/zhijie/autoware/install/autoware_auto_mapping_msgs/local/lib/python3.10/dist-packages:/home/zhijie/autoware/install/autoware_auto_geometry_msgs/local/lib/python3.10/dist-packages:/home/zhijie/autoware/install/autoware_adapi_v1_msgs/local/lib/python3.10/dist-packages:${PYTHONPATH} /usr/bin/cmake --install /home/zhijie/autoware/build/abc_terasim
[11.679s] -- Install configuration: ""
[11.679s] -- Up-to-date: /home/zhijie/autoware/install/abc_terasim/lib/abc_terasim/abc_info_converter
[11.679s] -- Up-to-date: /home/zhijie/autoware/install/abc_terasim/lib/abc_terasim/abc_context_converter
[11.680s] -- Up-to-date: /home/zhijie/autoware/install/abc_terasim/lib/abc_terasim/test_01
[11.681s] -- Up-to-date: /home/zhijie/autoware/install/abc_terasim/lib/abc_terasim/test_05
[11.681s] -- Up-to-date: /home/zhijie/autoware/install/abc_terasim/lib/abc_terasim/test_06
[11.681s] -- Up-to-date: /home/zhijie/autoware/install/abc_terasim/lib/abc_terasim/test_07
[11.682s] -- Up-to-date: /home/zhijie/autoware/install/abc_terasim/lib/abc_terasim/test_08
[11.683s] -- Up-to-date: /home/zhijie/autoware/install/abc_terasim/lib/abc_terasim/test_09
[11.684s] -- Up-to-date: /home/zhijie/autoware/install/abc_terasim/lib/abc_terasim/test_10
[11.684s] -- Up-to-date: /home/zhijie/autoware/install/abc_terasim/lib/abc_terasim/test_11
[11.685s] -- Up-to-date: /home/zhijie/autoware/install/abc_terasim/lib/abc_terasim/test_12
[11.685s] -- Up-to-date: /home/zhijie/autoware/install/abc_terasim/include
[11.685s] -- Up-to-date: /home/zhijie/autoware/install/abc_terasim/include/test_07.hpp
[11.685s] -- Up-to-date: /home/zhijie/autoware/install/abc_terasim/include/abc_context_converter.hpp
[11.685s] -- Up-to-date: /home/zhijie/autoware/install/abc_terasim/include/test_01.hpp
[11.685s] -- Up-to-date: /home/zhijie/autoware/install/abc_terasim/include/abc_info_converter.hpp
[11.685s] -- Up-to-date: /home/zhijie/autoware/install/abc_terasim/include/test_10.hpp
[11.685s] -- Up-to-date: /home/zhijie/autoware/install/abc_terasim/include/test_06.hpp
[11.686s] -- Up-to-date: /home/zhijie/autoware/install/abc_terasim/include/test_05.hpp
[11.686s] -- Up-to-date: /home/zhijie/autoware/install/abc_terasim/include/test_11.hpp
[11.686s] -- Up-to-date: /home/zhijie/autoware/install/abc_terasim/include/test_09.hpp
[11.686s] -- Up-to-date: /home/zhijie/autoware/install/abc_terasim/include/test_08.hpp
[11.686s] -- Up-to-date: /home/zhijie/autoware/install/abc_terasim/include/test_12.hpp
[11.686s] -- Up-to-date: /home/zhijie/autoware/install/abc_terasim/share/abc_terasim/environment/library_path.sh
[11.686s] -- Up-to-date: /home/zhijie/autoware/install/abc_terasim/share/abc_terasim/environment/library_path.dsv
[11.686s] -- Up-to-date: /home/zhijie/autoware/install/abc_terasim/lib/libabc_info_converter_component.so
[11.686s] -- Up-to-date: /home/zhijie/autoware/install/abc_terasim/lib/libabc_context_converter_component.so
[11.687s] -- Up-to-date: /home/zhijie/autoware/install/abc_terasim/lib/libtest_01_component.so
[11.688s] -- Up-to-date: /home/zhijie/autoware/install/abc_terasim/lib/libtest_05_component.so
[11.689s] -- Installing: /home/zhijie/autoware/install/abc_terasim/lib/libtest_06_component.so
[11.699s] -- Set runtime path of "/home/zhijie/autoware/install/abc_terasim/lib/libtest_06_component.so" to ""
[11.700s] -- Installing: /home/zhijie/autoware/install/abc_terasim/lib/libtest_07_component.so
[11.707s] -- Set runtime path of "/home/zhijie/autoware/install/abc_terasim/lib/libtest_07_component.so" to ""
[11.707s] -- Installing: /home/zhijie/autoware/install/abc_terasim/lib/libtest_08_component.so
[11.714s] -- Set runtime path of "/home/zhijie/autoware/install/abc_terasim/lib/libtest_08_component.so" to ""
[11.715s] -- Installing: /home/zhijie/autoware/install/abc_terasim/lib/libtest_09_component.so
[11.725s] -- Set runtime path of "/home/zhijie/autoware/install/abc_terasim/lib/libtest_09_component.so" to ""
[11.726s] -- Installing: /home/zhijie/autoware/install/abc_terasim/lib/libtest_10_component.so
[11.735s] -- Set runtime path of "/home/zhijie/autoware/install/abc_terasim/lib/libtest_10_component.so" to ""
[11.736s] -- Installing: /home/zhijie/autoware/install/abc_terasim/lib/libtest_11_component.so
[11.746s] -- Set runtime path of "/home/zhijie/autoware/install/abc_terasim/lib/libtest_11_component.so" to ""
[11.746s] -- Installing: /home/zhijie/autoware/install/abc_terasim/lib/libtest_12_component.so
[11.756s] -- Set runtime path of "/home/zhijie/autoware/install/abc_terasim/lib/libtest_12_component.so" to ""
[11.757s] -- Up-to-date: /home/zhijie/autoware/install/abc_terasim/share/abc_terasim/launch
[11.757s] -- Installing: /home/zhijie/autoware/install/abc_terasim/share/abc_terasim/launch/abc.launch.py
[11.757s] -- Up-to-date: /home/zhijie/autoware/install/abc_terasim/share/abc_terasim/include
[11.757s] -- Up-to-date: /home/zhijie/autoware/install/abc_terasim/share/abc_terasim/include/test_07.hpp
[11.757s] -- Up-to-date: /home/zhijie/autoware/install/abc_terasim/share/abc_terasim/include/abc_context_converter.hpp
[11.757s] -- Up-to-date: /home/zhijie/autoware/install/abc_terasim/share/abc_terasim/include/test_01.hpp
[11.757s] -- Up-to-date: /home/zhijie/autoware/install/abc_terasim/share/abc_terasim/include/abc_info_converter.hpp
[11.757s] -- Up-to-date: /home/zhijie/autoware/install/abc_terasim/share/abc_terasim/include/test_10.hpp
[11.757s] -- Up-to-date: /home/zhijie/autoware/install/abc_terasim/share/abc_terasim/include/test_06.hpp
[11.757s] -- Up-to-date: /home/zhijie/autoware/install/abc_terasim/share/abc_terasim/include/test_05.hpp
[11.757s] -- Up-to-date: /home/zhijie/autoware/install/abc_terasim/share/abc_terasim/include/test_11.hpp
[11.757s] -- Up-to-date: /home/zhijie/autoware/install/abc_terasim/share/abc_terasim/include/test_09.hpp
[11.757s] -- Up-to-date: /home/zhijie/autoware/install/abc_terasim/share/abc_terasim/include/test_08.hpp
[11.757s] -- Up-to-date: /home/zhijie/autoware/install/abc_terasim/share/abc_terasim/include/test_12.hpp
[11.757s] -- Up-to-date: /home/zhijie/autoware/install/abc_terasim/share/ament_index/resource_index/package_run_dependencies/abc_terasim
[11.758s] -- Up-to-date: /home/zhijie/autoware/install/abc_terasim/share/ament_index/resource_index/parent_prefix_path/abc_terasim
[11.758s] -- Up-to-date: /home/zhijie/autoware/install/abc_terasim/share/abc_terasim/environment/ament_prefix_path.sh
[11.758s] -- Up-to-date: /home/zhijie/autoware/install/abc_terasim/share/abc_terasim/environment/ament_prefix_path.dsv
[11.758s] -- Up-to-date: /home/zhijie/autoware/install/abc_terasim/share/abc_terasim/environment/path.sh
[11.758s] -- Up-to-date: /home/zhijie/autoware/install/abc_terasim/share/abc_terasim/environment/path.dsv
[11.758s] -- Up-to-date: /home/zhijie/autoware/install/abc_terasim/share/abc_terasim/local_setup.bash
[11.758s] -- Up-to-date: /home/zhijie/autoware/install/abc_terasim/share/abc_terasim/local_setup.sh
[11.758s] -- Up-to-date: /home/zhijie/autoware/install/abc_terasim/share/abc_terasim/local_setup.zsh
[11.758s] -- Up-to-date: /home/zhijie/autoware/install/abc_terasim/share/abc_terasim/local_setup.dsv
[11.758s] -- Installing: /home/zhijie/autoware/install/abc_terasim/share/abc_terasim/package.dsv
[11.758s] -- Up-to-date: /home/zhijie/autoware/install/abc_terasim/share/ament_index/resource_index/packages/abc_terasim
[11.758s] -- Up-to-date: /home/zhijie/autoware/install/abc_terasim/share/ament_index/resource_index/rclcpp_components/abc_terasim
[11.758s] -- Up-to-date: /home/zhijie/autoware/install/abc_terasim/share/abc_terasim/cmake/ament_cmake_export_dependencies-extras.cmake
[11.758s] -- Up-to-date: /home/zhijie/autoware/install/abc_terasim/share/abc_terasim/cmake/ament_cmake_export_include_directories-extras.cmake
[11.758s] -- Up-to-date: /home/zhijie/autoware/install/abc_terasim/share/abc_terasim/cmake/ament_cmake_export_libraries-extras.cmake
[11.758s] -- Up-to-date: /home/zhijie/autoware/install/abc_terasim/share/abc_terasim/cmake/abc_terasimConfig.cmake
[11.758s] -- Up-to-date: /home/zhijie/autoware/install/abc_terasim/share/abc_terasim/cmake/abc_terasimConfig-version.cmake
[11.758s] -- Up-to-date: /home/zhijie/autoware/install/abc_terasim/share/abc_terasim/package.xml
[11.761s] Invoked command in '/home/zhijie/autoware/build/abc_terasim' returned '0': AMENT_PREFIX_PATH=/home/zhijie/autoware/install/dummy_perception_publisher:/home/zhijie/autoware/install/tier4_autoware_utils:/home/zhijie/autoware/install/tier4_perception_msgs:/home/zhijie/autoware/install/autoware_auto_vehicle_msgs:/home/zhijie/autoware/install/tier4_system_msgs:/home/zhijie/autoware/install/autoware_cmake:/home/zhijie/autoware/install/autoware_auto_planning_msgs:/home/zhijie/autoware/install/autoware_auto_perception_msgs:/home/zhijie/autoware/install/tier4_debug_msgs:/home/zhijie/autoware/install/autoware_perception_msgs:/home/zhijie/autoware/install/autoware_lint_common:/home/zhijie/autoware/install/autoware_common_msgs:/home/zhijie/autoware/install/autoware_auto_system_msgs:/home/zhijie/autoware/install/autoware_auto_mapping_msgs:/home/zhijie/autoware/install/autoware_auto_geometry_msgs:/home/zhijie/autoware/install/autoware_adapi_v1_msgs:${AMENT_PREFIX_PATH} CMAKE_PREFIX_PATH=/home/zhijie/autoware/install/dummy_perception_publisher:/home/zhijie/autoware/install/tier4_autoware_utils:/home/zhijie/autoware/install/tier4_perception_msgs:/home/zhijie/autoware/install/autoware_auto_vehicle_msgs:/home/zhijie/autoware/install/tier4_system_msgs:/home/zhijie/autoware/install/autoware_cmake:/home/zhijie/autoware/install/autoware_auto_planning_msgs:/home/zhijie/autoware/install/autoware_auto_perception_msgs:/home/zhijie/autoware/install/tier4_debug_msgs:/home/zhijie/autoware/install/autoware_perception_msgs:/home/zhijie/autoware/install/autoware_lint_common:/home/zhijie/autoware/install/autoware_common_msgs:/home/zhijie/autoware/install/autoware_auto_system_msgs:/home/zhijie/autoware/install/autoware_auto_mapping_msgs:/home/zhijie/autoware/install/autoware_auto_geometry_msgs:/home/zhijie/autoware/install/autoware_adapi_v1_msgs:/opt/ros/humble LD_LIBRARY_PATH=/home/zhijie/autoware/install/dummy_perception_publisher/lib:/home/zhijie/autoware/install/tier4_autoware_utils/lib:/home/zhijie/autoware/install/tier4_perception_msgs/lib:/home/zhijie/autoware/install/autoware_auto_vehicle_msgs/lib:/home/zhijie/autoware/install/tier4_system_msgs/lib:/home/zhijie/autoware/install/autoware_auto_planning_msgs/lib:/home/zhijie/autoware/install/autoware_auto_perception_msgs/lib:/home/zhijie/autoware/install/tier4_debug_msgs/lib:/home/zhijie/autoware/install/autoware_perception_msgs/lib:/home/zhijie/autoware/install/autoware_common_msgs/lib:/home/zhijie/autoware/install/autoware_auto_system_msgs/lib:/home/zhijie/autoware/install/autoware_auto_mapping_msgs/lib:/home/zhijie/autoware/install/autoware_auto_geometry_msgs/lib:/home/zhijie/autoware/install/autoware_adapi_v1_msgs/lib:${LD_LIBRARY_PATH} PYTHONPATH=/home/zhijie/autoware/install/dummy_perception_publisher/local/lib/python3.10/dist-packages:/home/zhijie/autoware/install/tier4_perception_msgs/local/lib/python3.10/dist-packages:/home/zhijie/autoware/install/autoware_auto_vehicle_msgs/local/lib/python3.10/dist-packages:/home/zhijie/autoware/install/tier4_system_msgs/local/lib/python3.10/dist-packages:/home/zhijie/autoware/install/autoware_auto_planning_msgs/local/lib/python3.10/dist-packages:/home/zhijie/autoware/install/autoware_auto_perception_msgs/local/lib/python3.10/dist-packages:/home/zhijie/autoware/install/tier4_debug_msgs/local/lib/python3.10/dist-packages:/home/zhijie/autoware/install/autoware_perception_msgs/local/lib/python3.10/dist-packages:/home/zhijie/autoware/install/autoware_common_msgs/local/lib/python3.10/dist-packages:/home/zhijie/autoware/install/autoware_auto_system_msgs/local/lib/python3.10/dist-packages:/home/zhijie/autoware/install/autoware_auto_mapping_msgs/local/lib/python3.10/dist-packages:/home/zhijie/autoware/install/autoware_auto_geometry_msgs/local/lib/python3.10/dist-packages:/home/zhijie/autoware/install/autoware_adapi_v1_msgs/local/lib/python3.10/dist-packages:${PYTHONPATH} /usr/bin/cmake --install /home/zhijie/autoware/build/abc_terasim
