[0.987s] Invoking command in '/home/mtl12345/autoware/build/tvm_utility': AMENT_PREFIX_PATH=/home/mtl12345/autoware/install/autoware_cmake:/home/mtl12345/autoware/install/autoware_lint_common:${AMENT_PREFIX_PATH} CMAKE_PREFIX_PATH=/home/mtl12345/autoware/install/autoware_cmake:/home/mtl12345/autoware/install/autoware_lint_common:/opt/ros/humble /usr/bin/cmake --build /home/mtl12345/autoware/build/tvm_utility -- -j12 -l12
[1.072s] [100%] Built target tvm_utility
[1.625s] Invoked command in '/home/mtl12345/autoware/build/tvm_utility' returned '0': AMENT_PREFIX_PATH=/home/mtl12345/autoware/install/autoware_cmake:/home/mtl12345/autoware/install/autoware_lint_common:${AMENT_PREFIX_PATH} CMAKE_PREFIX_PATH=/home/mtl12345/autoware/install/autoware_cmake:/home/mtl12345/autoware/install/autoware_lint_common:/opt/ros/humble /usr/bin/cmake --build /home/mtl12345/autoware/build/tvm_utility -- -j12 -l12
[2.073s] Invoking command in '/home/mtl12345/autoware/build/tvm_utility': AMENT_PREFIX_PATH=/home/mtl12345/autoware/install/autoware_cmake:/home/mtl12345/autoware/install/autoware_lint_common:${AMENT_PREFIX_PATH} CMAKE_PREFIX_PATH=/home/mtl12345/autoware/install/autoware_cmake:/home/mtl12345/autoware/install/autoware_lint_common:/opt/ros/humble /usr/bin/cmake --install /home/mtl12345/autoware/build/tvm_utility
[2.201s] -- Install configuration: "Release"
[2.202s] -- Execute custom install script
[2.202s] -- Up-to-date symlink: /home/mtl12345/autoware/install/tvm_utility/include/tvm_utility/pipeline.hpp
[2.202s] -- Up-to-date symlink: /home/mtl12345/autoware/install/tvm_utility/share/tvm_utility/environment/library_path.sh
[2.202s] -- Up-to-date symlink: /home/mtl12345/autoware/install/tvm_utility/share/tvm_utility/environment/library_path.dsv
[2.202s] -- Up-to-date symlink: /home/mtl12345/autoware/install/tvm_utility/lib/libtvm_utility.so
[2.202s] -- Up-to-date symlink: /home/mtl12345/autoware/install/tvm_utility/share/ament_index/resource_index/package_run_dependencies/tvm_utility
[2.202s] -- Up-to-date symlink: /home/mtl12345/autoware/install/tvm_utility/share/ament_index/resource_index/parent_prefix_path/tvm_utility
[2.202s] -- Up-to-date symlink: /home/mtl12345/autoware/install/tvm_utility/share/tvm_utility/environment/ament_prefix_path.sh
[2.202s] -- Up-to-date symlink: /home/mtl12345/autoware/install/tvm_utility/share/tvm_utility/environment/ament_prefix_path.dsv
[2.202s] -- Up-to-date symlink: /home/mtl12345/autoware/install/tvm_utility/share/tvm_utility/environment/path.sh
[2.202s] -- Up-to-date symlink: /home/mtl12345/autoware/install/tvm_utility/share/tvm_utility/environment/path.dsv
[2.202s] -- Up-to-date symlink: /home/mtl12345/autoware/install/tvm_utility/share/tvm_utility/local_setup.bash
[2.203s] -- Up-to-date symlink: /home/mtl12345/autoware/install/tvm_utility/share/tvm_utility/local_setup.sh
[2.203s] -- Up-to-date symlink: /home/mtl12345/autoware/install/tvm_utility/share/tvm_utility/local_setup.zsh
[2.203s] -- Up-to-date symlink: /home/mtl12345/autoware/install/tvm_utility/share/tvm_utility/local_setup.dsv
[2.203s] -- Symlinking: /home/mtl12345/autoware/install/tvm_utility/share/tvm_utility/package.dsv
[2.203s] -- Up-to-date symlink: /home/mtl12345/autoware/install/tvm_utility/share/ament_index/resource_index/packages/tvm_utility
[2.203s] -- Up-to-date symlink: /home/mtl12345/autoware/install/tvm_utility/share/tvm_utility/cmake/tvm_utility-extras.cmake
[2.203s] -- Up-to-date symlink: /home/mtl12345/autoware/install/tvm_utility/share/tvm_utility/cmake/ament_cmake_export_dependencies-extras.cmake
[2.203s] -- Up-to-date symlink: /home/mtl12345/autoware/install/tvm_utility/share/tvm_utility/cmake/ament_cmake_export_include_directories-extras.cmake
[2.203s] -- Up-to-date symlink: /home/mtl12345/autoware/install/tvm_utility/share/tvm_utility/cmake/ament_cmake_export_libraries-extras.cmake
[2.203s] -- Up-to-date symlink: /home/mtl12345/autoware/install/tvm_utility/share/tvm_utility/cmake/tvm_utilityConfig.cmake
[2.203s] -- Up-to-date symlink: /home/mtl12345/autoware/install/tvm_utility/share/tvm_utility/cmake/tvm_utilityConfig-version.cmake
[2.204s] -- Up-to-date symlink: /home/mtl12345/autoware/install/tvm_utility/share/tvm_utility/package.xml
[2.330s] Invoked command in '/home/mtl12345/autoware/build/tvm_utility' returned '0': AMENT_PREFIX_PATH=/home/mtl12345/autoware/install/autoware_cmake:/home/mtl12345/autoware/install/autoware_lint_common:${AMENT_PREFIX_PATH} CMAKE_PREFIX_PATH=/home/mtl12345/autoware/install/autoware_cmake:/home/mtl12345/autoware/install/autoware_lint_common:/opt/ros/humble /usr/bin/cmake --install /home/mtl12345/autoware/build/tvm_utility
