[0.497s] Invoking command in '/home/mtl12345/autoware/build/autoware_adapi_version_msgs': CMAKE_PREFIX_PATH=/opt/ros/humble /usr/bin/cmake --build /home/mtl12345/autoware/build/autoware_adapi_version_msgs -- -j12 -l12
[0.611s] [  6%] Built target autoware_adapi_version_msgs__cpp
[0.611s] [ 12%] Built target autoware_adapi_version_msgs__rosidl_generator_c
[0.611s] [ 12%] Built target ament_cmake_python_symlink_autoware_adapi_version_msgs
[0.611s] [ 22%] Built target autoware_adapi_version_msgs__rosidl_typesupport_c
[0.611s] [ 32%] Built target autoware_adapi_version_msgs__rosidl_typesupport_cpp
[0.611s] [ 41%] Built target autoware_adapi_version_msgs__rosidl_typesupport_fastrtps_cpp
[0.611s] [ 51%] Built target autoware_adapi_version_msgs__rosidl_typesupport_introspection_c
[0.611s] [ 61%] Built target autoware_adapi_version_msgs__rosidl_typesupport_fastrtps_c
[0.611s] [ 70%] Built target autoware_adapi_version_msgs__rosidl_typesupport_introspection_cpp
[0.611s] [ 70%] Built target autoware_adapi_version_msgs
[0.611s] [ 74%] Built target autoware_adapi_version_msgs__py
[0.611s] [ 80%] Built target autoware_adapi_version_msgs__rosidl_generator_py
[0.628s] [ 87%] Built target autoware_adapi_version_msgs__rosidl_typesupport_c__pyext
[0.631s] [ 93%] Built target autoware_adapi_version_msgs__rosidl_typesupport_fastrtps_c__pyext
[0.631s] [100%] Built target autoware_adapi_version_msgs__rosidl_typesupport_introspection_c__pyext
[0.821s] running egg_info
[0.821s] writing autoware_adapi_version_msgs.egg-info/PKG-INFO
[0.821s] writing dependency_links to autoware_adapi_version_msgs.egg-info/dependency_links.txt
[0.821s] writing top-level names to autoware_adapi_version_msgs.egg-info/top_level.txt
[0.821s] reading manifest file 'autoware_adapi_version_msgs.egg-info/SOURCES.txt'
[0.821s] writing manifest file 'autoware_adapi_version_msgs.egg-info/SOURCES.txt'
[0.843s] [100%] Built target ament_cmake_python_build_autoware_adapi_version_msgs_egg
[1.362s] Invoked command in '/home/mtl12345/autoware/build/autoware_adapi_version_msgs' returned '0': CMAKE_PREFIX_PATH=/opt/ros/humble /usr/bin/cmake --build /home/mtl12345/autoware/build/autoware_adapi_version_msgs -- -j12 -l12
[1.985s] Invoking command in '/home/mtl12345/autoware/build/autoware_adapi_version_msgs': CMAKE_PREFIX_PATH=/opt/ros/humble /usr/bin/cmake --install /home/mtl12345/autoware/build/autoware_adapi_version_msgs
[1.994s] -- Install configuration: "Release"
[1.995s] -- Execute custom install script
[1.995s] -- Up-to-date symlink: /home/mtl12345/autoware/install/autoware_adapi_version_msgs/share/ament_index/resource_index/rosidl_interfaces/autoware_adapi_version_msgs
[1.995s] -- Up-to-date symlink: /home/mtl12345/autoware/install/autoware_adapi_version_msgs/include/autoware_adapi_version_msgs/autoware_adapi_version_msgs/msg/rosidl_generator_c__visibility_control.h
[1.995s] -- Up-to-date symlink: /home/mtl12345/autoware/install/autoware_adapi_version_msgs/include/autoware_adapi_version_msgs/autoware_adapi_version_msgs/srv/detail/interface_version__functions.h
[1.995s] -- Up-to-date symlink: /home/mtl12345/autoware/install/autoware_adapi_version_msgs/include/autoware_adapi_version_msgs/autoware_adapi_version_msgs/srv/detail/interface_version__struct.h
[1.995s] -- Up-to-date symlink: /home/mtl12345/autoware/install/autoware_adapi_version_msgs/include/autoware_adapi_version_msgs/autoware_adapi_version_msgs/srv/detail/interface_version__type_support.h
[1.995s] -- Up-to-date symlink: /home/mtl12345/autoware/install/autoware_adapi_version_msgs/include/autoware_adapi_version_msgs/autoware_adapi_version_msgs/srv/interface_version.h
[1.995s] -- Up-to-date symlink: /home/mtl12345/autoware/install/autoware_adapi_version_msgs/share/autoware_adapi_version_msgs/environment/library_path.sh
[1.996s] -- Up-to-date symlink: /home/mtl12345/autoware/install/autoware_adapi_version_msgs/share/autoware_adapi_version_msgs/environment/library_path.dsv
[1.996s] -- Up-to-date symlink: /home/mtl12345/autoware/install/autoware_adapi_version_msgs/include/autoware_adapi_version_msgs/autoware_adapi_version_msgs/msg/rosidl_typesupport_fastrtps_c__visibility_control.h
[1.996s] -- Up-to-date symlink: /home/mtl12345/autoware/install/autoware_adapi_version_msgs/include/autoware_adapi_version_msgs/autoware_adapi_version_msgs/srv/detail/interface_version__rosidl_typesupport_fastrtps_c.h
[1.996s] -- Up-to-date symlink: /home/mtl12345/autoware/install/autoware_adapi_version_msgs/include/autoware_adapi_version_msgs/autoware_adapi_version_msgs/msg/rosidl_typesupport_introspection_c__visibility_control.h
[1.996s] -- Up-to-date symlink: /home/mtl12345/autoware/install/autoware_adapi_version_msgs/include/autoware_adapi_version_msgs/autoware_adapi_version_msgs/srv/detail/interface_version__rosidl_typesupport_introspection_c.h
[1.996s] -- Up-to-date symlink: /home/mtl12345/autoware/install/autoware_adapi_version_msgs/include/autoware_adapi_version_msgs/autoware_adapi_version_msgs/srv/detail/interface_version__builder.hpp
[1.997s] -- Up-to-date symlink: /home/mtl12345/autoware/install/autoware_adapi_version_msgs/include/autoware_adapi_version_msgs/autoware_adapi_version_msgs/srv/detail/interface_version__struct.hpp
[1.997s] -- Up-to-date symlink: /home/mtl12345/autoware/install/autoware_adapi_version_msgs/include/autoware_adapi_version_msgs/autoware_adapi_version_msgs/srv/detail/interface_version__traits.hpp
[1.997s] -- Up-to-date symlink: /home/mtl12345/autoware/install/autoware_adapi_version_msgs/include/autoware_adapi_version_msgs/autoware_adapi_version_msgs/srv/interface_version.hpp
[1.997s] -- Up-to-date symlink: /home/mtl12345/autoware/install/autoware_adapi_version_msgs/include/autoware_adapi_version_msgs/autoware_adapi_version_msgs/msg/rosidl_typesupport_fastrtps_cpp__visibility_control.h
[1.997s] -- Up-to-date symlink: /home/mtl12345/autoware/install/autoware_adapi_version_msgs/include/autoware_adapi_version_msgs/autoware_adapi_version_msgs/srv/detail/interface_version__rosidl_typesupport_fastrtps_cpp.hpp
[1.997s] -- Up-to-date symlink: /home/mtl12345/autoware/install/autoware_adapi_version_msgs/include/autoware_adapi_version_msgs/autoware_adapi_version_msgs/srv/detail/interface_version__rosidl_typesupport_introspection_cpp.hpp
[1.997s] -- Up-to-date symlink: /home/mtl12345/autoware/install/autoware_adapi_version_msgs/share/autoware_adapi_version_msgs/environment/pythonpath.sh
[1.997s] -- Up-to-date symlink: /home/mtl12345/autoware/install/autoware_adapi_version_msgs/share/autoware_adapi_version_msgs/environment/pythonpath.dsv
[1.997s] -- Up-to-date symlink: /home/mtl12345/autoware/install/autoware_adapi_version_msgs/local/lib/python3.10/dist-packages/autoware_adapi_version_msgs-0.0.0-py3.10.egg-info/PKG-INFO
[1.997s] -- Up-to-date symlink: /home/mtl12345/autoware/install/autoware_adapi_version_msgs/local/lib/python3.10/dist-packages/autoware_adapi_version_msgs-0.0.0-py3.10.egg-info/SOURCES.txt
[1.997s] -- Up-to-date symlink: /home/mtl12345/autoware/install/autoware_adapi_version_msgs/local/lib/python3.10/dist-packages/autoware_adapi_version_msgs-0.0.0-py3.10.egg-info/dependency_links.txt
[1.997s] -- Up-to-date symlink: /home/mtl12345/autoware/install/autoware_adapi_version_msgs/local/lib/python3.10/dist-packages/autoware_adapi_version_msgs-0.0.0-py3.10.egg-info/top_level.txt
[1.997s] -- Up-to-date symlink: /home/mtl12345/autoware/install/autoware_adapi_version_msgs/local/lib/python3.10/dist-packages/autoware_adapi_version_msgs/__init__.py
[1.998s] -- Up-to-date symlink: /home/mtl12345/autoware/install/autoware_adapi_version_msgs/local/lib/python3.10/dist-packages/autoware_adapi_version_msgs/_autoware_adapi_version_msgs_s.ep.rosidl_typesupport_c.c
[1.998s] -- Up-to-date symlink: /home/mtl12345/autoware/install/autoware_adapi_version_msgs/local/lib/python3.10/dist-packages/autoware_adapi_version_msgs/_autoware_adapi_version_msgs_s.ep.rosidl_typesupport_fastrtps_c.c
[1.998s] -- Up-to-date symlink: /home/mtl12345/autoware/install/autoware_adapi_version_msgs/local/lib/python3.10/dist-packages/autoware_adapi_version_msgs/_autoware_adapi_version_msgs_s.ep.rosidl_typesupport_introspection_c.c
[1.998s] -- Up-to-date symlink: /home/mtl12345/autoware/install/autoware_adapi_version_msgs/local/lib/python3.10/dist-packages/autoware_adapi_version_msgs/autoware_adapi_version_msgs_s__rosidl_typesupport_c.cpython-310-x86_64-linux-gnu.so
[1.998s] -- Up-to-date symlink: /home/mtl12345/autoware/install/autoware_adapi_version_msgs/local/lib/python3.10/dist-packages/autoware_adapi_version_msgs/autoware_adapi_version_msgs_s__rosidl_typesupport_fastrtps_c.cpython-310-x86_64-linux-gnu.so
[1.998s] -- Up-to-date symlink: /home/mtl12345/autoware/install/autoware_adapi_version_msgs/local/lib/python3.10/dist-packages/autoware_adapi_version_msgs/autoware_adapi_version_msgs_s__rosidl_typesupport_introspection_c.cpython-310-x86_64-linux-gnu.so
[1.998s] -- Up-to-date symlink: /home/mtl12345/autoware/install/autoware_adapi_version_msgs/local/lib/python3.10/dist-packages/autoware_adapi_version_msgs/libautoware_adapi_version_msgs__rosidl_generator_py.so
[1.999s] -- Up-to-date symlink: /home/mtl12345/autoware/install/autoware_adapi_version_msgs/local/lib/python3.10/dist-packages/autoware_adapi_version_msgs/srv/__init__.py
[1.999s] -- Up-to-date symlink: /home/mtl12345/autoware/install/autoware_adapi_version_msgs/local/lib/python3.10/dist-packages/autoware_adapi_version_msgs/srv/_interface_version.py
[1.999s] -- Up-to-date symlink: /home/mtl12345/autoware/install/autoware_adapi_version_msgs/local/lib/python3.10/dist-packages/autoware_adapi_version_msgs/srv/_interface_version_s.c
[1.999s] -- Up-to-date symlink: /home/mtl12345/autoware/install/autoware_adapi_version_msgs/local/lib/python3.10/dist-packages/autoware_adapi_version_msgs/autoware_adapi_version_msgs_s__rosidl_typesupport_fastrtps_c.cpython-310-x86_64-linux-gnu.so
[1.999s] -- Up-to-date symlink: /home/mtl12345/autoware/install/autoware_adapi_version_msgs/local/lib/python3.10/dist-packages/autoware_adapi_version_msgs/autoware_adapi_version_msgs_s__rosidl_typesupport_introspection_c.cpython-310-x86_64-linux-gnu.so
[1.999s] -- Up-to-date symlink: /home/mtl12345/autoware/install/autoware_adapi_version_msgs/local/lib/python3.10/dist-packages/autoware_adapi_version_msgs/autoware_adapi_version_msgs_s__rosidl_typesupport_c.cpython-310-x86_64-linux-gnu.so
[1.999s] -- Up-to-date symlink: /home/mtl12345/autoware/install/autoware_adapi_version_msgs/share/autoware_adapi_version_msgs/srv/InterfaceVersion.idl
[1.999s] -- Up-to-date symlink: /home/mtl12345/autoware/install/autoware_adapi_version_msgs/share/autoware_adapi_version_msgs/srv/InterfaceVersion.srv
[1.999s] -- Up-to-date symlink: /home/mtl12345/autoware/install/autoware_adapi_version_msgs/share/autoware_adapi_version_msgs/srv/InterfaceVersion_Request.msg
[1.999s] -- Up-to-date symlink: /home/mtl12345/autoware/install/autoware_adapi_version_msgs/share/autoware_adapi_version_msgs/srv/InterfaceVersion_Response.msg
[1.999s] -- Up-to-date symlink: /home/mtl12345/autoware/install/autoware_adapi_version_msgs/share/ament_index/resource_index/package_run_dependencies/autoware_adapi_version_msgs
[1.999s] -- Up-to-date symlink: /home/mtl12345/autoware/install/autoware_adapi_version_msgs/share/ament_index/resource_index/parent_prefix_path/autoware_adapi_version_msgs
[2.000s] -- Up-to-date symlink: /home/mtl12345/autoware/install/autoware_adapi_version_msgs/share/autoware_adapi_version_msgs/environment/ament_prefix_path.sh
[2.000s] -- Up-to-date symlink: /home/mtl12345/autoware/install/autoware_adapi_version_msgs/share/autoware_adapi_version_msgs/environment/ament_prefix_path.dsv
[2.000s] -- Up-to-date symlink: /home/mtl12345/autoware/install/autoware_adapi_version_msgs/share/autoware_adapi_version_msgs/environment/path.sh
[2.000s] -- Up-to-date symlink: /home/mtl12345/autoware/install/autoware_adapi_version_msgs/share/autoware_adapi_version_msgs/environment/path.dsv
[2.000s] -- Up-to-date symlink: /home/mtl12345/autoware/install/autoware_adapi_version_msgs/share/autoware_adapi_version_msgs/local_setup.bash
[2.000s] -- Up-to-date symlink: /home/mtl12345/autoware/install/autoware_adapi_version_msgs/share/autoware_adapi_version_msgs/local_setup.sh
[2.000s] -- Up-to-date symlink: /home/mtl12345/autoware/install/autoware_adapi_version_msgs/share/autoware_adapi_version_msgs/local_setup.zsh
[2.001s] -- Up-to-date symlink: /home/mtl12345/autoware/install/autoware_adapi_version_msgs/share/autoware_adapi_version_msgs/local_setup.dsv
[2.001s] -- Symlinking: /home/mtl12345/autoware/install/autoware_adapi_version_msgs/share/autoware_adapi_version_msgs/package.dsv
[2.008s] -- Up-to-date symlink: /home/mtl12345/autoware/install/autoware_adapi_version_msgs/share/ament_index/resource_index/packages/autoware_adapi_version_msgs
[2.008s] -- Up-to-date symlink: /home/mtl12345/autoware/install/autoware_adapi_version_msgs/share/autoware_adapi_version_msgs/cmake/rosidl_cmake-extras.cmake
[2.009s] -- Up-to-date symlink: /home/mtl12345/autoware/install/autoware_adapi_version_msgs/share/autoware_adapi_version_msgs/cmake/ament_cmake_export_include_directories-extras.cmake
[2.009s] -- Up-to-date symlink: /home/mtl12345/autoware/install/autoware_adapi_version_msgs/share/autoware_adapi_version_msgs/cmake/ament_cmake_export_libraries-extras.cmake
[2.009s] -- Up-to-date symlink: /home/mtl12345/autoware/install/autoware_adapi_version_msgs/share/autoware_adapi_version_msgs/cmake/ament_cmake_export_targets-extras.cmake
[2.009s] -- Up-to-date symlink: /home/mtl12345/autoware/install/autoware_adapi_version_msgs/share/autoware_adapi_version_msgs/cmake/rosidl_cmake_export_typesupport_targets-extras.cmake
[2.009s] -- Up-to-date symlink: /home/mtl12345/autoware/install/autoware_adapi_version_msgs/share/autoware_adapi_version_msgs/cmake/ament_cmake_export_dependencies-extras.cmake
[2.010s] -- Up-to-date symlink: /home/mtl12345/autoware/install/autoware_adapi_version_msgs/share/autoware_adapi_version_msgs/cmake/rosidl_cmake_export_typesupport_libraries-extras.cmake
[2.010s] -- Up-to-date symlink: /home/mtl12345/autoware/install/autoware_adapi_version_msgs/share/autoware_adapi_version_msgs/cmake/autoware_adapi_version_msgsConfig.cmake
[2.010s] -- Up-to-date symlink: /home/mtl12345/autoware/install/autoware_adapi_version_msgs/share/autoware_adapi_version_msgs/cmake/autoware_adapi_version_msgsConfig-version.cmake
[2.010s] -- Up-to-date symlink: /home/mtl12345/autoware/install/autoware_adapi_version_msgs/share/autoware_adapi_version_msgs/package.xml
[2.010s] -- Up-to-date: /home/mtl12345/autoware/install/autoware_adapi_version_msgs/lib/libautoware_adapi_version_msgs__rosidl_generator_c.so
[2.010s] -- Up-to-date: /home/mtl12345/autoware/install/autoware_adapi_version_msgs/lib/libautoware_adapi_version_msgs__rosidl_typesupport_fastrtps_c.so
[2.010s] -- Up-to-date: /home/mtl12345/autoware/install/autoware_adapi_version_msgs/lib/libautoware_adapi_version_msgs__rosidl_typesupport_introspection_c.so
[2.011s] -- Up-to-date: /home/mtl12345/autoware/install/autoware_adapi_version_msgs/lib/libautoware_adapi_version_msgs__rosidl_typesupport_c.so
[2.011s] -- Up-to-date: /home/mtl12345/autoware/install/autoware_adapi_version_msgs/lib/libautoware_adapi_version_msgs__rosidl_typesupport_fastrtps_cpp.so
[2.011s] -- Up-to-date: /home/mtl12345/autoware/install/autoware_adapi_version_msgs/lib/libautoware_adapi_version_msgs__rosidl_typesupport_introspection_cpp.so
[2.011s] -- Up-to-date: /home/mtl12345/autoware/install/autoware_adapi_version_msgs/lib/libautoware_adapi_version_msgs__rosidl_typesupport_cpp.so
[2.038s] Listing '/home/mtl12345/autoware/install/autoware_adapi_version_msgs/local/lib/python3.10/dist-packages/autoware_adapi_version_msgs'...
[2.038s] Listing '/home/mtl12345/autoware/install/autoware_adapi_version_msgs/local/lib/python3.10/dist-packages/autoware_adapi_version_msgs/srv'...
[2.063s] -- Up-to-date: /home/mtl12345/autoware/install/autoware_adapi_version_msgs/lib/libautoware_adapi_version_msgs__rosidl_generator_py.so
[2.063s] -- Up-to-date: /home/mtl12345/autoware/install/autoware_adapi_version_msgs/share/autoware_adapi_version_msgs/cmake/export_autoware_adapi_version_msgs__rosidl_generator_cExport.cmake
[2.063s] -- Up-to-date: /home/mtl12345/autoware/install/autoware_adapi_version_msgs/share/autoware_adapi_version_msgs/cmake/export_autoware_adapi_version_msgs__rosidl_generator_cExport-release.cmake
[2.064s] -- Up-to-date: /home/mtl12345/autoware/install/autoware_adapi_version_msgs/share/autoware_adapi_version_msgs/cmake/export_autoware_adapi_version_msgs__rosidl_typesupport_fastrtps_cExport.cmake
[2.064s] -- Up-to-date: /home/mtl12345/autoware/install/autoware_adapi_version_msgs/share/autoware_adapi_version_msgs/cmake/export_autoware_adapi_version_msgs__rosidl_typesupport_fastrtps_cExport-release.cmake
[2.064s] -- Up-to-date: /home/mtl12345/autoware/install/autoware_adapi_version_msgs/share/autoware_adapi_version_msgs/cmake/autoware_adapi_version_msgs__rosidl_typesupport_introspection_cExport.cmake
[2.064s] -- Up-to-date: /home/mtl12345/autoware/install/autoware_adapi_version_msgs/share/autoware_adapi_version_msgs/cmake/autoware_adapi_version_msgs__rosidl_typesupport_introspection_cExport-release.cmake
[2.065s] -- Up-to-date: /home/mtl12345/autoware/install/autoware_adapi_version_msgs/share/autoware_adapi_version_msgs/cmake/autoware_adapi_version_msgs__rosidl_typesupport_cExport.cmake
[2.065s] -- Up-to-date: /home/mtl12345/autoware/install/autoware_adapi_version_msgs/share/autoware_adapi_version_msgs/cmake/autoware_adapi_version_msgs__rosidl_typesupport_cExport-release.cmake
[2.065s] -- Up-to-date: /home/mtl12345/autoware/install/autoware_adapi_version_msgs/share/autoware_adapi_version_msgs/cmake/export_autoware_adapi_version_msgs__rosidl_generator_cppExport.cmake
[2.065s] -- Up-to-date: /home/mtl12345/autoware/install/autoware_adapi_version_msgs/share/autoware_adapi_version_msgs/cmake/export_autoware_adapi_version_msgs__rosidl_typesupport_fastrtps_cppExport.cmake
[2.065s] -- Up-to-date: /home/mtl12345/autoware/install/autoware_adapi_version_msgs/share/autoware_adapi_version_msgs/cmake/export_autoware_adapi_version_msgs__rosidl_typesupport_fastrtps_cppExport-release.cmake
[2.065s] -- Up-to-date: /home/mtl12345/autoware/install/autoware_adapi_version_msgs/share/autoware_adapi_version_msgs/cmake/autoware_adapi_version_msgs__rosidl_typesupport_introspection_cppExport.cmake
[2.065s] -- Up-to-date: /home/mtl12345/autoware/install/autoware_adapi_version_msgs/share/autoware_adapi_version_msgs/cmake/autoware_adapi_version_msgs__rosidl_typesupport_introspection_cppExport-release.cmake
[2.065s] -- Up-to-date: /home/mtl12345/autoware/install/autoware_adapi_version_msgs/share/autoware_adapi_version_msgs/cmake/autoware_adapi_version_msgs__rosidl_typesupport_cppExport.cmake
[2.065s] -- Up-to-date: /home/mtl12345/autoware/install/autoware_adapi_version_msgs/share/autoware_adapi_version_msgs/cmake/autoware_adapi_version_msgs__rosidl_typesupport_cppExport-release.cmake
[2.065s] -- Up-to-date: /home/mtl12345/autoware/install/autoware_adapi_version_msgs/share/autoware_adapi_version_msgs/cmake/export_autoware_adapi_version_msgs__rosidl_generator_pyExport.cmake
[2.065s] -- Up-to-date: /home/mtl12345/autoware/install/autoware_adapi_version_msgs/share/autoware_adapi_version_msgs/cmake/export_autoware_adapi_version_msgs__rosidl_generator_pyExport-release.cmake
[2.617s] Invoked command in '/home/mtl12345/autoware/build/autoware_adapi_version_msgs' returned '0': CMAKE_PREFIX_PATH=/opt/ros/humble /usr/bin/cmake --install /home/mtl12345/autoware/build/autoware_adapi_version_msgs
