[0.048s] Invoking command in '/home/zhijie/autoware/build/autoware_perception_msgs': CMAKE_PREFIX_PATH=/opt/ros/humble /usr/bin/cmake --build /home/zhijie/autoware/build/autoware_perception_msgs -- -j16 -l16
[0.864s] [  0%] Built target ament_cmake_python_symlink_autoware_perception_msgs
[0.864s] [  1%] Built target autoware_perception_msgs__cpp
[0.864s] [ 12%] Built target autoware_perception_msgs__rosidl_generator_c
[0.864s] [35m[1mConsolidate compiler generated dependencies of target autoware_perception_msgs__rosidl_typesupport_cpp[0m
[0.864s] [35m[1mConsolidate compiler generated dependencies of target autoware_perception_msgs__rosidl_typesupport_fastrtps_cpp[0m
[0.864s] [35m[1mConsolidate compiler generated dependencies of target autoware_perception_msgs__rosidl_typesupport_introspection_cpp[0m
[0.865s] [ 24%] Built target autoware_perception_msgs__rosidl_typesupport_c
[0.865s] [35m[1mConsolidate compiler generated dependencies of target autoware_perception_msgs__rosidl_typesupport_fastrtps_c[0m
[0.865s] [ 35%] Built target autoware_perception_msgs__rosidl_typesupport_introspection_cpp
[0.865s] [ 47%] Built target autoware_perception_msgs__rosidl_typesupport_cpp
[0.865s] [ 58%] Built target autoware_perception_msgs__rosidl_typesupport_introspection_c
[0.865s] [ 70%] Built target autoware_perception_msgs__rosidl_typesupport_fastrtps_cpp
[0.865s] [ 82%] Built target autoware_perception_msgs__rosidl_typesupport_fastrtps_c
[0.865s] [ 82%] Built target autoware_perception_msgs
[0.865s] [ 83%] Built target autoware_perception_msgs__py
[0.865s] [35m[1mConsolidate compiler generated dependencies of target autoware_perception_msgs__rosidl_generator_py[0m
[0.865s] running egg_info
[0.865s] writing autoware_perception_msgs.egg-info/PKG-INFO
[0.874s] writing dependency_links to autoware_perception_msgs.egg-info/dependency_links.txt
[0.874s] writing top-level names to autoware_perception_msgs.egg-info/top_level.txt
[0.874s] reading manifest file 'autoware_perception_msgs.egg-info/SOURCES.txt'
[0.874s] writing manifest file 'autoware_perception_msgs.egg-info/SOURCES.txt'
[0.874s] [ 83%] Built target ament_cmake_python_build_autoware_perception_msgs_egg
[0.874s] [ 93%] Built target autoware_perception_msgs__rosidl_generator_py
[0.874s] [35m[1mConsolidate compiler generated dependencies of target autoware_perception_msgs__rosidl_typesupport_introspection_c__pyext[0m
[0.875s] [35m[1mConsolidate compiler generated dependencies of target autoware_perception_msgs__rosidl_typesupport_fastrtps_c__pyext[0m
[0.875s] [35m[1mConsolidate compiler generated dependencies of target autoware_perception_msgs__rosidl_typesupport_c__pyext[0m
[0.875s] [ 95%] Built target autoware_perception_msgs__rosidl_typesupport_introspection_c__pyext
[0.875s] [ 97%] Built target autoware_perception_msgs__rosidl_typesupport_c__pyext
[0.875s] [100%] Built target autoware_perception_msgs__rosidl_typesupport_fastrtps_c__pyext
[0.890s] Invoked command in '/home/zhijie/autoware/build/autoware_perception_msgs' returned '0': CMAKE_PREFIX_PATH=/opt/ros/humble /usr/bin/cmake --build /home/zhijie/autoware/build/autoware_perception_msgs -- -j16 -l16
[1.179s] Invoking command in '/home/zhijie/autoware/build/autoware_perception_msgs': CMAKE_PREFIX_PATH=/opt/ros/humble /usr/bin/cmake --install /home/zhijie/autoware/build/autoware_perception_msgs
[1.180s] -- Install configuration: "Release"
[1.181s] -- Execute custom install script
[1.181s] -- Up-to-date symlink: /home/zhijie/autoware/install/autoware_perception_msgs/share/ament_index/resource_index/rosidl_interfaces/autoware_perception_msgs
[1.181s] -- Up-to-date symlink: /home/zhijie/autoware/install/autoware_perception_msgs/include/autoware_perception_msgs/autoware_perception_msgs/msg/detail/object_classification__functions.h
[1.181s] -- Up-to-date symlink: /home/zhijie/autoware/install/autoware_perception_msgs/include/autoware_perception_msgs/autoware_perception_msgs/msg/detail/object_classification__struct.h
[1.181s] -- Up-to-date symlink: /home/zhijie/autoware/install/autoware_perception_msgs/include/autoware_perception_msgs/autoware_perception_msgs/msg/detail/object_classification__type_support.h
[1.182s] -- Up-to-date symlink: /home/zhijie/autoware/install/autoware_perception_msgs/include/autoware_perception_msgs/autoware_perception_msgs/msg/detail/predicted_object__functions.h
[1.182s] -- Up-to-date symlink: /home/zhijie/autoware/install/autoware_perception_msgs/include/autoware_perception_msgs/autoware_perception_msgs/msg/detail/predicted_object__struct.h
[1.182s] -- Up-to-date symlink: /home/zhijie/autoware/install/autoware_perception_msgs/include/autoware_perception_msgs/autoware_perception_msgs/msg/detail/predicted_object__type_support.h
[1.182s] -- Up-to-date symlink: /home/zhijie/autoware/install/autoware_perception_msgs/include/autoware_perception_msgs/autoware_perception_msgs/msg/detail/predicted_object_kinematics__functions.h
[1.182s] -- Up-to-date symlink: /home/zhijie/autoware/install/autoware_perception_msgs/include/autoware_perception_msgs/autoware_perception_msgs/msg/detail/predicted_object_kinematics__struct.h
[1.183s] -- Up-to-date symlink: /home/zhijie/autoware/install/autoware_perception_msgs/include/autoware_perception_msgs/autoware_perception_msgs/msg/detail/predicted_object_kinematics__type_support.h
[1.183s] -- Up-to-date symlink: /home/zhijie/autoware/install/autoware_perception_msgs/include/autoware_perception_msgs/autoware_perception_msgs/msg/detail/predicted_objects__functions.h
[1.183s] -- Up-to-date symlink: /home/zhijie/autoware/install/autoware_perception_msgs/include/autoware_perception_msgs/autoware_perception_msgs/msg/detail/predicted_objects__struct.h
[1.183s] -- Up-to-date symlink: /home/zhijie/autoware/install/autoware_perception_msgs/include/autoware_perception_msgs/autoware_perception_msgs/msg/detail/predicted_objects__type_support.h
[1.183s] -- Up-to-date symlink: /home/zhijie/autoware/install/autoware_perception_msgs/include/autoware_perception_msgs/autoware_perception_msgs/msg/detail/predicted_path__functions.h
[1.183s] -- Up-to-date symlink: /home/zhijie/autoware/install/autoware_perception_msgs/include/autoware_perception_msgs/autoware_perception_msgs/msg/detail/predicted_path__struct.h
[1.184s] -- Up-to-date symlink: /home/zhijie/autoware/install/autoware_perception_msgs/include/autoware_perception_msgs/autoware_perception_msgs/msg/detail/predicted_path__type_support.h
[1.184s] -- Up-to-date symlink: /home/zhijie/autoware/install/autoware_perception_msgs/include/autoware_perception_msgs/autoware_perception_msgs/msg/detail/shape__functions.h
[1.184s] -- Up-to-date symlink: /home/zhijie/autoware/install/autoware_perception_msgs/include/autoware_perception_msgs/autoware_perception_msgs/msg/detail/shape__struct.h
[1.184s] -- Up-to-date symlink: /home/zhijie/autoware/install/autoware_perception_msgs/include/autoware_perception_msgs/autoware_perception_msgs/msg/detail/shape__type_support.h
[1.184s] -- Up-to-date symlink: /home/zhijie/autoware/install/autoware_perception_msgs/include/autoware_perception_msgs/autoware_perception_msgs/msg/detail/traffic_signal__functions.h
[1.184s] -- Up-to-date symlink: /home/zhijie/autoware/install/autoware_perception_msgs/include/autoware_perception_msgs/autoware_perception_msgs/msg/detail/traffic_signal__struct.h
[1.185s] -- Up-to-date symlink: /home/zhijie/autoware/install/autoware_perception_msgs/include/autoware_perception_msgs/autoware_perception_msgs/msg/detail/traffic_signal__type_support.h
[1.185s] -- Up-to-date symlink: /home/zhijie/autoware/install/autoware_perception_msgs/include/autoware_perception_msgs/autoware_perception_msgs/msg/detail/traffic_signal_array__functions.h
[1.187s] -- Up-to-date symlink: /home/zhijie/autoware/install/autoware_perception_msgs/include/autoware_perception_msgs/autoware_perception_msgs/msg/detail/traffic_signal_array__struct.h
[1.187s] -- Up-to-date symlink: /home/zhijie/autoware/install/autoware_perception_msgs/include/autoware_perception_msgs/autoware_perception_msgs/msg/detail/traffic_signal_array__type_support.h
[1.188s] -- Up-to-date symlink: /home/zhijie/autoware/install/autoware_perception_msgs/include/autoware_perception_msgs/autoware_perception_msgs/msg/detail/traffic_signal_element__functions.h
[1.188s] -- Up-to-date symlink: /home/zhijie/autoware/install/autoware_perception_msgs/include/autoware_perception_msgs/autoware_perception_msgs/msg/detail/traffic_signal_element__struct.h
[1.188s] -- Up-to-date symlink: /home/zhijie/autoware/install/autoware_perception_msgs/include/autoware_perception_msgs/autoware_perception_msgs/msg/detail/traffic_signal_element__type_support.h
[1.188s] -- Up-to-date symlink: /home/zhijie/autoware/install/autoware_perception_msgs/include/autoware_perception_msgs/autoware_perception_msgs/msg/object_classification.h
[1.189s] -- Up-to-date symlink: /home/zhijie/autoware/install/autoware_perception_msgs/include/autoware_perception_msgs/autoware_perception_msgs/msg/predicted_object.h
[1.189s] -- Up-to-date symlink: /home/zhijie/autoware/install/autoware_perception_msgs/include/autoware_perception_msgs/autoware_perception_msgs/msg/predicted_object_kinematics.h
[1.189s] -- Up-to-date symlink: /home/zhijie/autoware/install/autoware_perception_msgs/include/autoware_perception_msgs/autoware_perception_msgs/msg/predicted_objects.h
[1.189s] -- Up-to-date symlink: /home/zhijie/autoware/install/autoware_perception_msgs/include/autoware_perception_msgs/autoware_perception_msgs/msg/predicted_path.h
[1.191s] -- Up-to-date symlink: /home/zhijie/autoware/install/autoware_perception_msgs/include/autoware_perception_msgs/autoware_perception_msgs/msg/rosidl_generator_c__visibility_control.h
[1.192s] -- Up-to-date symlink: /home/zhijie/autoware/install/autoware_perception_msgs/include/autoware_perception_msgs/autoware_perception_msgs/msg/shape.h
[1.192s] -- Up-to-date symlink: /home/zhijie/autoware/install/autoware_perception_msgs/include/autoware_perception_msgs/autoware_perception_msgs/msg/traffic_signal.h
[1.192s] -- Up-to-date symlink: /home/zhijie/autoware/install/autoware_perception_msgs/include/autoware_perception_msgs/autoware_perception_msgs/msg/traffic_signal_array.h
[1.192s] -- Up-to-date symlink: /home/zhijie/autoware/install/autoware_perception_msgs/include/autoware_perception_msgs/autoware_perception_msgs/msg/traffic_signal_element.h
[1.192s] -- Up-to-date symlink: /home/zhijie/autoware/install/autoware_perception_msgs/share/autoware_perception_msgs/environment/library_path.sh
[1.192s] -- Up-to-date symlink: /home/zhijie/autoware/install/autoware_perception_msgs/share/autoware_perception_msgs/environment/library_path.dsv
[1.193s] -- Up-to-date symlink: /home/zhijie/autoware/install/autoware_perception_msgs/include/autoware_perception_msgs/autoware_perception_msgs/msg/detail/object_classification__rosidl_typesupport_fastrtps_c.h
[1.193s] -- Up-to-date symlink: /home/zhijie/autoware/install/autoware_perception_msgs/include/autoware_perception_msgs/autoware_perception_msgs/msg/detail/predicted_object__rosidl_typesupport_fastrtps_c.h
[1.193s] -- Up-to-date symlink: /home/zhijie/autoware/install/autoware_perception_msgs/include/autoware_perception_msgs/autoware_perception_msgs/msg/detail/predicted_object_kinematics__rosidl_typesupport_fastrtps_c.h
[1.193s] -- Up-to-date symlink: /home/zhijie/autoware/install/autoware_perception_msgs/include/autoware_perception_msgs/autoware_perception_msgs/msg/detail/predicted_objects__rosidl_typesupport_fastrtps_c.h
[1.193s] -- Up-to-date symlink: /home/zhijie/autoware/install/autoware_perception_msgs/include/autoware_perception_msgs/autoware_perception_msgs/msg/detail/predicted_path__rosidl_typesupport_fastrtps_c.h
[1.193s] -- Up-to-date symlink: /home/zhijie/autoware/install/autoware_perception_msgs/include/autoware_perception_msgs/autoware_perception_msgs/msg/detail/shape__rosidl_typesupport_fastrtps_c.h
[1.194s] -- Up-to-date symlink: /home/zhijie/autoware/install/autoware_perception_msgs/include/autoware_perception_msgs/autoware_perception_msgs/msg/detail/traffic_signal__rosidl_typesupport_fastrtps_c.h
[1.194s] -- Up-to-date symlink: /home/zhijie/autoware/install/autoware_perception_msgs/include/autoware_perception_msgs/autoware_perception_msgs/msg/detail/traffic_signal_array__rosidl_typesupport_fastrtps_c.h
[1.194s] -- Up-to-date symlink: /home/zhijie/autoware/install/autoware_perception_msgs/include/autoware_perception_msgs/autoware_perception_msgs/msg/detail/traffic_signal_element__rosidl_typesupport_fastrtps_c.h
[1.194s] -- Up-to-date symlink: /home/zhijie/autoware/install/autoware_perception_msgs/include/autoware_perception_msgs/autoware_perception_msgs/msg/rosidl_typesupport_fastrtps_c__visibility_control.h
[1.195s] -- Up-to-date symlink: /home/zhijie/autoware/install/autoware_perception_msgs/include/autoware_perception_msgs/autoware_perception_msgs/msg/detail/object_classification__builder.hpp
[1.195s] -- Up-to-date symlink: /home/zhijie/autoware/install/autoware_perception_msgs/include/autoware_perception_msgs/autoware_perception_msgs/msg/detail/object_classification__struct.hpp
[1.195s] -- Up-to-date symlink: /home/zhijie/autoware/install/autoware_perception_msgs/include/autoware_perception_msgs/autoware_perception_msgs/msg/detail/object_classification__traits.hpp
[1.198s] -- Up-to-date symlink: /home/zhijie/autoware/install/autoware_perception_msgs/include/autoware_perception_msgs/autoware_perception_msgs/msg/detail/predicted_object__builder.hpp
[1.199s] -- Up-to-date symlink: /home/zhijie/autoware/install/autoware_perception_msgs/include/autoware_perception_msgs/autoware_perception_msgs/msg/detail/predicted_object__struct.hpp
[1.199s] -- Up-to-date symlink: /home/zhijie/autoware/install/autoware_perception_msgs/include/autoware_perception_msgs/autoware_perception_msgs/msg/detail/predicted_object__traits.hpp
[1.199s] -- Up-to-date symlink: /home/zhijie/autoware/install/autoware_perception_msgs/include/autoware_perception_msgs/autoware_perception_msgs/msg/detail/predicted_object_kinematics__builder.hpp
[1.199s] -- Up-to-date symlink: /home/zhijie/autoware/install/autoware_perception_msgs/include/autoware_perception_msgs/autoware_perception_msgs/msg/detail/predicted_object_kinematics__struct.hpp
[1.200s] -- Up-to-date symlink: /home/zhijie/autoware/install/autoware_perception_msgs/include/autoware_perception_msgs/autoware_perception_msgs/msg/detail/predicted_object_kinematics__traits.hpp
[1.200s] -- Up-to-date symlink: /home/zhijie/autoware/install/autoware_perception_msgs/include/autoware_perception_msgs/autoware_perception_msgs/msg/detail/predicted_objects__builder.hpp
[1.200s] -- Up-to-date symlink: /home/zhijie/autoware/install/autoware_perception_msgs/include/autoware_perception_msgs/autoware_perception_msgs/msg/detail/predicted_objects__struct.hpp
[1.200s] -- Up-to-date symlink: /home/zhijie/autoware/install/autoware_perception_msgs/include/autoware_perception_msgs/autoware_perception_msgs/msg/detail/predicted_objects__traits.hpp
[1.200s] -- Up-to-date symlink: /home/zhijie/autoware/install/autoware_perception_msgs/include/autoware_perception_msgs/autoware_perception_msgs/msg/detail/predicted_path__builder.hpp
[1.200s] -- Up-to-date symlink: /home/zhijie/autoware/install/autoware_perception_msgs/include/autoware_perception_msgs/autoware_perception_msgs/msg/detail/predicted_path__struct.hpp
[1.200s] -- Up-to-date symlink: /home/zhijie/autoware/install/autoware_perception_msgs/include/autoware_perception_msgs/autoware_perception_msgs/msg/detail/predicted_path__traits.hpp
[1.200s] -- Up-to-date symlink: /home/zhijie/autoware/install/autoware_perception_msgs/include/autoware_perception_msgs/autoware_perception_msgs/msg/detail/shape__builder.hpp
[1.201s] -- Up-to-date symlink: /home/zhijie/autoware/install/autoware_perception_msgs/include/autoware_perception_msgs/autoware_perception_msgs/msg/detail/shape__struct.hpp
[1.203s] -- Up-to-date symlink: /home/zhijie/autoware/install/autoware_perception_msgs/include/autoware_perception_msgs/autoware_perception_msgs/msg/detail/shape__traits.hpp
[1.203s] -- Up-to-date symlink: /home/zhijie/autoware/install/autoware_perception_msgs/include/autoware_perception_msgs/autoware_perception_msgs/msg/detail/traffic_signal__builder.hpp
[1.203s] -- Up-to-date symlink: /home/zhijie/autoware/install/autoware_perception_msgs/include/autoware_perception_msgs/autoware_perception_msgs/msg/detail/traffic_signal__struct.hpp
[1.204s] -- Up-to-date symlink: /home/zhijie/autoware/install/autoware_perception_msgs/include/autoware_perception_msgs/autoware_perception_msgs/msg/detail/traffic_signal__traits.hpp
[1.204s] -- Up-to-date symlink: /home/zhijie/autoware/install/autoware_perception_msgs/include/autoware_perception_msgs/autoware_perception_msgs/msg/detail/traffic_signal_array__builder.hpp
[1.204s] -- Up-to-date symlink: /home/zhijie/autoware/install/autoware_perception_msgs/include/autoware_perception_msgs/autoware_perception_msgs/msg/detail/traffic_signal_array__struct.hpp
[1.204s] -- Up-to-date symlink: /home/zhijie/autoware/install/autoware_perception_msgs/include/autoware_perception_msgs/autoware_perception_msgs/msg/detail/traffic_signal_array__traits.hpp
[1.205s] -- Up-to-date symlink: /home/zhijie/autoware/install/autoware_perception_msgs/include/autoware_perception_msgs/autoware_perception_msgs/msg/detail/traffic_signal_element__builder.hpp
[1.205s] -- Up-to-date symlink: /home/zhijie/autoware/install/autoware_perception_msgs/include/autoware_perception_msgs/autoware_perception_msgs/msg/detail/traffic_signal_element__struct.hpp
[1.205s] -- Up-to-date symlink: /home/zhijie/autoware/install/autoware_perception_msgs/include/autoware_perception_msgs/autoware_perception_msgs/msg/detail/traffic_signal_element__traits.hpp
[1.205s] -- Up-to-date symlink: /home/zhijie/autoware/install/autoware_perception_msgs/include/autoware_perception_msgs/autoware_perception_msgs/msg/object_classification.hpp
[1.206s] -- Up-to-date symlink: /home/zhijie/autoware/install/autoware_perception_msgs/include/autoware_perception_msgs/autoware_perception_msgs/msg/predicted_object.hpp
[1.206s] -- Up-to-date symlink: /home/zhijie/autoware/install/autoware_perception_msgs/include/autoware_perception_msgs/autoware_perception_msgs/msg/predicted_object_kinematics.hpp
[1.206s] -- Up-to-date symlink: /home/zhijie/autoware/install/autoware_perception_msgs/include/autoware_perception_msgs/autoware_perception_msgs/msg/predicted_objects.hpp
[1.206s] -- Up-to-date symlink: /home/zhijie/autoware/install/autoware_perception_msgs/include/autoware_perception_msgs/autoware_perception_msgs/msg/predicted_path.hpp
[1.206s] -- Up-to-date symlink: /home/zhijie/autoware/install/autoware_perception_msgs/include/autoware_perception_msgs/autoware_perception_msgs/msg/shape.hpp
[1.206s] -- Up-to-date symlink: /home/zhijie/autoware/install/autoware_perception_msgs/include/autoware_perception_msgs/autoware_perception_msgs/msg/traffic_signal.hpp
[1.207s] -- Up-to-date symlink: /home/zhijie/autoware/install/autoware_perception_msgs/include/autoware_perception_msgs/autoware_perception_msgs/msg/traffic_signal_array.hpp
[1.207s] -- Up-to-date symlink: /home/zhijie/autoware/install/autoware_perception_msgs/include/autoware_perception_msgs/autoware_perception_msgs/msg/traffic_signal_element.hpp
[1.207s] -- Up-to-date symlink: /home/zhijie/autoware/install/autoware_perception_msgs/include/autoware_perception_msgs/autoware_perception_msgs/msg/detail/object_classification__rosidl_typesupport_fastrtps_cpp.hpp
[1.208s] -- Up-to-date symlink: /home/zhijie/autoware/install/autoware_perception_msgs/include/autoware_perception_msgs/autoware_perception_msgs/msg/detail/predicted_object__rosidl_typesupport_fastrtps_cpp.hpp
[1.209s] -- Up-to-date symlink: /home/zhijie/autoware/install/autoware_perception_msgs/include/autoware_perception_msgs/autoware_perception_msgs/msg/detail/predicted_object_kinematics__rosidl_typesupport_fastrtps_cpp.hpp
[1.210s] -- Up-to-date symlink: /home/zhijie/autoware/install/autoware_perception_msgs/include/autoware_perception_msgs/autoware_perception_msgs/msg/detail/predicted_objects__rosidl_typesupport_fastrtps_cpp.hpp
[1.210s] -- Up-to-date symlink: /home/zhijie/autoware/install/autoware_perception_msgs/include/autoware_perception_msgs/autoware_perception_msgs/msg/detail/predicted_path__rosidl_typesupport_fastrtps_cpp.hpp
[1.210s] -- Up-to-date symlink: /home/zhijie/autoware/install/autoware_perception_msgs/include/autoware_perception_msgs/autoware_perception_msgs/msg/detail/shape__rosidl_typesupport_fastrtps_cpp.hpp
[1.210s] -- Up-to-date symlink: /home/zhijie/autoware/install/autoware_perception_msgs/include/autoware_perception_msgs/autoware_perception_msgs/msg/detail/traffic_signal__rosidl_typesupport_fastrtps_cpp.hpp
[1.210s] -- Up-to-date symlink: /home/zhijie/autoware/install/autoware_perception_msgs/include/autoware_perception_msgs/autoware_perception_msgs/msg/detail/traffic_signal_array__rosidl_typesupport_fastrtps_cpp.hpp
[1.210s] -- Up-to-date symlink: /home/zhijie/autoware/install/autoware_perception_msgs/include/autoware_perception_msgs/autoware_perception_msgs/msg/detail/traffic_signal_element__rosidl_typesupport_fastrtps_cpp.hpp
[1.210s] -- Up-to-date symlink: /home/zhijie/autoware/install/autoware_perception_msgs/include/autoware_perception_msgs/autoware_perception_msgs/msg/rosidl_typesupport_fastrtps_cpp__visibility_control.h
[1.210s] -- Up-to-date symlink: /home/zhijie/autoware/install/autoware_perception_msgs/include/autoware_perception_msgs/autoware_perception_msgs/msg/detail/object_classification__rosidl_typesupport_introspection_c.h
[1.211s] -- Up-to-date symlink: /home/zhijie/autoware/install/autoware_perception_msgs/include/autoware_perception_msgs/autoware_perception_msgs/msg/detail/predicted_object__rosidl_typesupport_introspection_c.h
[1.211s] -- Up-to-date symlink: /home/zhijie/autoware/install/autoware_perception_msgs/include/autoware_perception_msgs/autoware_perception_msgs/msg/detail/predicted_object_kinematics__rosidl_typesupport_introspection_c.h
[1.211s] -- Up-to-date symlink: /home/zhijie/autoware/install/autoware_perception_msgs/include/autoware_perception_msgs/autoware_perception_msgs/msg/detail/predicted_objects__rosidl_typesupport_introspection_c.h
[1.211s] -- Up-to-date symlink: /home/zhijie/autoware/install/autoware_perception_msgs/include/autoware_perception_msgs/autoware_perception_msgs/msg/detail/predicted_path__rosidl_typesupport_introspection_c.h
[1.211s] -- Up-to-date symlink: /home/zhijie/autoware/install/autoware_perception_msgs/include/autoware_perception_msgs/autoware_perception_msgs/msg/detail/shape__rosidl_typesupport_introspection_c.h
[1.211s] -- Up-to-date symlink: /home/zhijie/autoware/install/autoware_perception_msgs/include/autoware_perception_msgs/autoware_perception_msgs/msg/detail/traffic_signal__rosidl_typesupport_introspection_c.h
[1.211s] -- Up-to-date symlink: /home/zhijie/autoware/install/autoware_perception_msgs/include/autoware_perception_msgs/autoware_perception_msgs/msg/detail/traffic_signal_array__rosidl_typesupport_introspection_c.h
[1.212s] -- Up-to-date symlink: /home/zhijie/autoware/install/autoware_perception_msgs/include/autoware_perception_msgs/autoware_perception_msgs/msg/detail/traffic_signal_element__rosidl_typesupport_introspection_c.h
[1.212s] -- Up-to-date symlink: /home/zhijie/autoware/install/autoware_perception_msgs/include/autoware_perception_msgs/autoware_perception_msgs/msg/rosidl_typesupport_introspection_c__visibility_control.h
[1.212s] -- Up-to-date symlink: /home/zhijie/autoware/install/autoware_perception_msgs/include/autoware_perception_msgs/autoware_perception_msgs/msg/detail/object_classification__rosidl_typesupport_introspection_cpp.hpp
[1.212s] -- Up-to-date symlink: /home/zhijie/autoware/install/autoware_perception_msgs/include/autoware_perception_msgs/autoware_perception_msgs/msg/detail/predicted_object__rosidl_typesupport_introspection_cpp.hpp
[1.212s] -- Up-to-date symlink: /home/zhijie/autoware/install/autoware_perception_msgs/include/autoware_perception_msgs/autoware_perception_msgs/msg/detail/predicted_object_kinematics__rosidl_typesupport_introspection_cpp.hpp
[1.213s] -- Up-to-date symlink: /home/zhijie/autoware/install/autoware_perception_msgs/include/autoware_perception_msgs/autoware_perception_msgs/msg/detail/predicted_objects__rosidl_typesupport_introspection_cpp.hpp
[1.213s] -- Up-to-date symlink: /home/zhijie/autoware/install/autoware_perception_msgs/include/autoware_perception_msgs/autoware_perception_msgs/msg/detail/predicted_path__rosidl_typesupport_introspection_cpp.hpp
[1.213s] -- Up-to-date symlink: /home/zhijie/autoware/install/autoware_perception_msgs/include/autoware_perception_msgs/autoware_perception_msgs/msg/detail/shape__rosidl_typesupport_introspection_cpp.hpp
[1.213s] -- Up-to-date symlink: /home/zhijie/autoware/install/autoware_perception_msgs/include/autoware_perception_msgs/autoware_perception_msgs/msg/detail/traffic_signal__rosidl_typesupport_introspection_cpp.hpp
[1.213s] -- Up-to-date symlink: /home/zhijie/autoware/install/autoware_perception_msgs/include/autoware_perception_msgs/autoware_perception_msgs/msg/detail/traffic_signal_array__rosidl_typesupport_introspection_cpp.hpp
[1.213s] -- Up-to-date symlink: /home/zhijie/autoware/install/autoware_perception_msgs/include/autoware_perception_msgs/autoware_perception_msgs/msg/detail/traffic_signal_element__rosidl_typesupport_introspection_cpp.hpp
[1.213s] -- Up-to-date symlink: /home/zhijie/autoware/install/autoware_perception_msgs/share/autoware_perception_msgs/environment/pythonpath.sh
[1.213s] -- Up-to-date symlink: /home/zhijie/autoware/install/autoware_perception_msgs/share/autoware_perception_msgs/environment/pythonpath.dsv
[1.213s] -- Up-to-date symlink: /home/zhijie/autoware/install/autoware_perception_msgs/local/lib/python3.10/dist-packages/autoware_perception_msgs-1.0.0-py3.10.egg-info/PKG-INFO
[1.213s] -- Up-to-date symlink: /home/zhijie/autoware/install/autoware_perception_msgs/local/lib/python3.10/dist-packages/autoware_perception_msgs-1.0.0-py3.10.egg-info/SOURCES.txt
[1.214s] -- Up-to-date symlink: /home/zhijie/autoware/install/autoware_perception_msgs/local/lib/python3.10/dist-packages/autoware_perception_msgs-1.0.0-py3.10.egg-info/dependency_links.txt
[1.214s] -- Up-to-date symlink: /home/zhijie/autoware/install/autoware_perception_msgs/local/lib/python3.10/dist-packages/autoware_perception_msgs-1.0.0-py3.10.egg-info/top_level.txt
[1.214s] -- Up-to-date symlink: /home/zhijie/autoware/install/autoware_perception_msgs/local/lib/python3.10/dist-packages/autoware_perception_msgs/__init__.py
[1.214s] -- Up-to-date symlink: /home/zhijie/autoware/install/autoware_perception_msgs/local/lib/python3.10/dist-packages/autoware_perception_msgs/_autoware_perception_msgs_s.ep.rosidl_typesupport_c.c
[1.214s] -- Up-to-date symlink: /home/zhijie/autoware/install/autoware_perception_msgs/local/lib/python3.10/dist-packages/autoware_perception_msgs/_autoware_perception_msgs_s.ep.rosidl_typesupport_fastrtps_c.c
[1.215s] -- Up-to-date symlink: /home/zhijie/autoware/install/autoware_perception_msgs/local/lib/python3.10/dist-packages/autoware_perception_msgs/_autoware_perception_msgs_s.ep.rosidl_typesupport_introspection_c.c
[1.215s] -- Up-to-date symlink: /home/zhijie/autoware/install/autoware_perception_msgs/local/lib/python3.10/dist-packages/autoware_perception_msgs/autoware_perception_msgs_s__rosidl_typesupport_c.cpython-310-x86_64-linux-gnu.so
[1.215s] -- Up-to-date symlink: /home/zhijie/autoware/install/autoware_perception_msgs/local/lib/python3.10/dist-packages/autoware_perception_msgs/autoware_perception_msgs_s__rosidl_typesupport_fastrtps_c.cpython-310-x86_64-linux-gnu.so
[1.216s] -- Up-to-date symlink: /home/zhijie/autoware/install/autoware_perception_msgs/local/lib/python3.10/dist-packages/autoware_perception_msgs/autoware_perception_msgs_s__rosidl_typesupport_introspection_c.cpython-310-x86_64-linux-gnu.so
[1.216s] -- Up-to-date symlink: /home/zhijie/autoware/install/autoware_perception_msgs/local/lib/python3.10/dist-packages/autoware_perception_msgs/libautoware_perception_msgs__rosidl_generator_py.so
[1.216s] -- Up-to-date symlink: /home/zhijie/autoware/install/autoware_perception_msgs/local/lib/python3.10/dist-packages/autoware_perception_msgs/msg/__init__.py
[1.216s] -- Up-to-date symlink: /home/zhijie/autoware/install/autoware_perception_msgs/local/lib/python3.10/dist-packages/autoware_perception_msgs/msg/_object_classification.py
[1.216s] -- Up-to-date symlink: /home/zhijie/autoware/install/autoware_perception_msgs/local/lib/python3.10/dist-packages/autoware_perception_msgs/msg/_object_classification_s.c
[1.216s] -- Up-to-date symlink: /home/zhijie/autoware/install/autoware_perception_msgs/local/lib/python3.10/dist-packages/autoware_perception_msgs/msg/_predicted_object.py
[1.217s] -- Up-to-date symlink: /home/zhijie/autoware/install/autoware_perception_msgs/local/lib/python3.10/dist-packages/autoware_perception_msgs/msg/_predicted_object_kinematics.py
[1.217s] -- Up-to-date symlink: /home/zhijie/autoware/install/autoware_perception_msgs/local/lib/python3.10/dist-packages/autoware_perception_msgs/msg/_predicted_object_kinematics_s.c
[1.217s] -- Up-to-date symlink: /home/zhijie/autoware/install/autoware_perception_msgs/local/lib/python3.10/dist-packages/autoware_perception_msgs/msg/_predicted_object_s.c
[1.218s] -- Up-to-date symlink: /home/zhijie/autoware/install/autoware_perception_msgs/local/lib/python3.10/dist-packages/autoware_perception_msgs/msg/_predicted_objects.py
[1.219s] -- Up-to-date symlink: /home/zhijie/autoware/install/autoware_perception_msgs/local/lib/python3.10/dist-packages/autoware_perception_msgs/msg/_predicted_objects_s.c
[1.219s] -- Up-to-date symlink: /home/zhijie/autoware/install/autoware_perception_msgs/local/lib/python3.10/dist-packages/autoware_perception_msgs/msg/_predicted_path.py
[1.219s] -- Up-to-date symlink: /home/zhijie/autoware/install/autoware_perception_msgs/local/lib/python3.10/dist-packages/autoware_perception_msgs/msg/_predicted_path_s.c
[1.219s] -- Up-to-date symlink: /home/zhijie/autoware/install/autoware_perception_msgs/local/lib/python3.10/dist-packages/autoware_perception_msgs/msg/_shape.py
[1.220s] -- Up-to-date symlink: /home/zhijie/autoware/install/autoware_perception_msgs/local/lib/python3.10/dist-packages/autoware_perception_msgs/msg/_shape_s.c
[1.220s] -- Up-to-date symlink: /home/zhijie/autoware/install/autoware_perception_msgs/local/lib/python3.10/dist-packages/autoware_perception_msgs/msg/_traffic_signal.py
[1.220s] -- Up-to-date symlink: /home/zhijie/autoware/install/autoware_perception_msgs/local/lib/python3.10/dist-packages/autoware_perception_msgs/msg/_traffic_signal_array.py
[1.220s] -- Up-to-date symlink: /home/zhijie/autoware/install/autoware_perception_msgs/local/lib/python3.10/dist-packages/autoware_perception_msgs/msg/_traffic_signal_array_s.c
[1.220s] -- Up-to-date symlink: /home/zhijie/autoware/install/autoware_perception_msgs/local/lib/python3.10/dist-packages/autoware_perception_msgs/msg/_traffic_signal_element.py
[1.220s] -- Up-to-date symlink: /home/zhijie/autoware/install/autoware_perception_msgs/local/lib/python3.10/dist-packages/autoware_perception_msgs/msg/_traffic_signal_element_s.c
[1.220s] -- Up-to-date symlink: /home/zhijie/autoware/install/autoware_perception_msgs/local/lib/python3.10/dist-packages/autoware_perception_msgs/msg/_traffic_signal_s.c
[1.220s] -- Up-to-date symlink: /home/zhijie/autoware/install/autoware_perception_msgs/local/lib/python3.10/dist-packages/autoware_perception_msgs/autoware_perception_msgs_s__rosidl_typesupport_fastrtps_c.cpython-310-x86_64-linux-gnu.so
[1.220s] -- Up-to-date symlink: /home/zhijie/autoware/install/autoware_perception_msgs/local/lib/python3.10/dist-packages/autoware_perception_msgs/autoware_perception_msgs_s__rosidl_typesupport_introspection_c.cpython-310-x86_64-linux-gnu.so
[1.221s] -- Up-to-date symlink: /home/zhijie/autoware/install/autoware_perception_msgs/local/lib/python3.10/dist-packages/autoware_perception_msgs/autoware_perception_msgs_s__rosidl_typesupport_c.cpython-310-x86_64-linux-gnu.so
[1.221s] -- Up-to-date symlink: /home/zhijie/autoware/install/autoware_perception_msgs/share/autoware_perception_msgs/msg/ObjectClassification.idl
[1.221s] -- Up-to-date symlink: /home/zhijie/autoware/install/autoware_perception_msgs/share/autoware_perception_msgs/msg/PredictedObject.idl
[1.221s] -- Up-to-date symlink: /home/zhijie/autoware/install/autoware_perception_msgs/share/autoware_perception_msgs/msg/PredictedObjectKinematics.idl
[1.221s] -- Up-to-date symlink: /home/zhijie/autoware/install/autoware_perception_msgs/share/autoware_perception_msgs/msg/PredictedObjects.idl
[1.221s] -- Up-to-date symlink: /home/zhijie/autoware/install/autoware_perception_msgs/share/autoware_perception_msgs/msg/PredictedPath.idl
[1.222s] -- Up-to-date symlink: /home/zhijie/autoware/install/autoware_perception_msgs/share/autoware_perception_msgs/msg/Shape.idl
[1.222s] -- Up-to-date symlink: /home/zhijie/autoware/install/autoware_perception_msgs/share/autoware_perception_msgs/msg/TrafficSignalElement.idl
[1.222s] -- Up-to-date symlink: /home/zhijie/autoware/install/autoware_perception_msgs/share/autoware_perception_msgs/msg/TrafficSignal.idl
[1.222s] -- Up-to-date symlink: /home/zhijie/autoware/install/autoware_perception_msgs/share/autoware_perception_msgs/msg/TrafficSignalArray.idl
[1.222s] -- Up-to-date symlink: /home/zhijie/autoware/install/autoware_perception_msgs/share/autoware_perception_msgs/msg/ObjectClassification.msg
[1.222s] -- Up-to-date symlink: /home/zhijie/autoware/install/autoware_perception_msgs/share/autoware_perception_msgs/msg/PredictedObject.msg
[1.222s] -- Up-to-date symlink: /home/zhijie/autoware/install/autoware_perception_msgs/share/autoware_perception_msgs/msg/PredictedObjectKinematics.msg
[1.222s] -- Up-to-date symlink: /home/zhijie/autoware/install/autoware_perception_msgs/share/autoware_perception_msgs/msg/PredictedObjects.msg
[1.222s] -- Up-to-date symlink: /home/zhijie/autoware/install/autoware_perception_msgs/share/autoware_perception_msgs/msg/PredictedPath.msg
[1.224s] -- Up-to-date symlink: /home/zhijie/autoware/install/autoware_perception_msgs/share/autoware_perception_msgs/msg/Shape.msg
[1.224s] -- Up-to-date symlink: /home/zhijie/autoware/install/autoware_perception_msgs/share/autoware_perception_msgs/msg/TrafficSignalElement.msg
[1.224s] -- Up-to-date symlink: /home/zhijie/autoware/install/autoware_perception_msgs/share/autoware_perception_msgs/msg/TrafficSignal.msg
[1.225s] -- Up-to-date symlink: /home/zhijie/autoware/install/autoware_perception_msgs/share/autoware_perception_msgs/msg/TrafficSignalArray.msg
[1.225s] -- Up-to-date symlink: /home/zhijie/autoware/install/autoware_perception_msgs/share/ament_index/resource_index/package_run_dependencies/autoware_perception_msgs
[1.225s] -- Up-to-date symlink: /home/zhijie/autoware/install/autoware_perception_msgs/share/ament_index/resource_index/parent_prefix_path/autoware_perception_msgs
[1.225s] -- Up-to-date symlink: /home/zhijie/autoware/install/autoware_perception_msgs/share/autoware_perception_msgs/environment/ament_prefix_path.sh
[1.225s] -- Up-to-date symlink: /home/zhijie/autoware/install/autoware_perception_msgs/share/autoware_perception_msgs/environment/ament_prefix_path.dsv
[1.225s] -- Up-to-date symlink: /home/zhijie/autoware/install/autoware_perception_msgs/share/autoware_perception_msgs/environment/path.sh
[1.225s] -- Up-to-date symlink: /home/zhijie/autoware/install/autoware_perception_msgs/share/autoware_perception_msgs/environment/path.dsv
[1.226s] -- Up-to-date symlink: /home/zhijie/autoware/install/autoware_perception_msgs/share/autoware_perception_msgs/local_setup.bash
[1.226s] -- Up-to-date symlink: /home/zhijie/autoware/install/autoware_perception_msgs/share/autoware_perception_msgs/local_setup.sh
[1.226s] -- Up-to-date symlink: /home/zhijie/autoware/install/autoware_perception_msgs/share/autoware_perception_msgs/local_setup.zsh
[1.226s] -- Up-to-date symlink: /home/zhijie/autoware/install/autoware_perception_msgs/share/autoware_perception_msgs/local_setup.dsv
[1.226s] -- Symlinking: /home/zhijie/autoware/install/autoware_perception_msgs/share/autoware_perception_msgs/package.dsv
[1.227s] -- Up-to-date symlink: /home/zhijie/autoware/install/autoware_perception_msgs/share/ament_index/resource_index/packages/autoware_perception_msgs
[1.227s] -- Up-to-date symlink: /home/zhijie/autoware/install/autoware_perception_msgs/share/autoware_perception_msgs/cmake/rosidl_cmake-extras.cmake
[1.227s] -- Up-to-date symlink: /home/zhijie/autoware/install/autoware_perception_msgs/share/autoware_perception_msgs/cmake/ament_cmake_export_dependencies-extras.cmake
[1.227s] -- Up-to-date symlink: /home/zhijie/autoware/install/autoware_perception_msgs/share/autoware_perception_msgs/cmake/ament_cmake_export_include_directories-extras.cmake
[1.227s] -- Up-to-date symlink: /home/zhijie/autoware/install/autoware_perception_msgs/share/autoware_perception_msgs/cmake/ament_cmake_export_libraries-extras.cmake
[1.228s] -- Up-to-date symlink: /home/zhijie/autoware/install/autoware_perception_msgs/share/autoware_perception_msgs/cmake/ament_cmake_export_targets-extras.cmake
[1.228s] -- Up-to-date symlink: /home/zhijie/autoware/install/autoware_perception_msgs/share/autoware_perception_msgs/cmake/rosidl_cmake_export_typesupport_targets-extras.cmake
[1.228s] -- Up-to-date symlink: /home/zhijie/autoware/install/autoware_perception_msgs/share/autoware_perception_msgs/cmake/rosidl_cmake_export_typesupport_libraries-extras.cmake
[1.228s] -- Up-to-date symlink: /home/zhijie/autoware/install/autoware_perception_msgs/share/autoware_perception_msgs/cmake/autoware_perception_msgsConfig.cmake
[1.228s] -- Up-to-date symlink: /home/zhijie/autoware/install/autoware_perception_msgs/share/autoware_perception_msgs/cmake/autoware_perception_msgsConfig-version.cmake
[1.228s] -- Up-to-date symlink: /home/zhijie/autoware/install/autoware_perception_msgs/share/autoware_perception_msgs/package.xml
[1.228s] -- Up-to-date: /home/zhijie/autoware/install/autoware_perception_msgs/lib/libautoware_perception_msgs__rosidl_generator_c.so
[1.228s] -- Up-to-date: /home/zhijie/autoware/install/autoware_perception_msgs/lib/libautoware_perception_msgs__rosidl_typesupport_fastrtps_c.so
[1.228s] -- Up-to-date: /home/zhijie/autoware/install/autoware_perception_msgs/lib/libautoware_perception_msgs__rosidl_typesupport_fastrtps_cpp.so
[1.228s] -- Up-to-date: /home/zhijie/autoware/install/autoware_perception_msgs/lib/libautoware_perception_msgs__rosidl_typesupport_introspection_c.so
[1.228s] -- Up-to-date: /home/zhijie/autoware/install/autoware_perception_msgs/lib/libautoware_perception_msgs__rosidl_typesupport_c.so
[1.229s] -- Up-to-date: /home/zhijie/autoware/install/autoware_perception_msgs/lib/libautoware_perception_msgs__rosidl_typesupport_introspection_cpp.so
[1.229s] -- Up-to-date: /home/zhijie/autoware/install/autoware_perception_msgs/lib/libautoware_perception_msgs__rosidl_typesupport_cpp.so
[1.233s] Listing '/home/zhijie/autoware/install/autoware_perception_msgs/local/lib/python3.10/dist-packages/autoware_perception_msgs'...
[1.233s] Listing '/home/zhijie/autoware/install/autoware_perception_msgs/local/lib/python3.10/dist-packages/autoware_perception_msgs/msg'...
[1.233s] -- Up-to-date: /home/zhijie/autoware/install/autoware_perception_msgs/lib/libautoware_perception_msgs__rosidl_generator_py.so
[1.233s] -- Up-to-date: /home/zhijie/autoware/install/autoware_perception_msgs/share/autoware_perception_msgs/cmake/export_autoware_perception_msgs__rosidl_generator_cExport.cmake
[1.233s] -- Up-to-date: /home/zhijie/autoware/install/autoware_perception_msgs/share/autoware_perception_msgs/cmake/export_autoware_perception_msgs__rosidl_generator_cExport-release.cmake
[1.233s] -- Up-to-date: /home/zhijie/autoware/install/autoware_perception_msgs/share/autoware_perception_msgs/cmake/export_autoware_perception_msgs__rosidl_typesupport_fastrtps_cExport.cmake
[1.234s] -- Up-to-date: /home/zhijie/autoware/install/autoware_perception_msgs/share/autoware_perception_msgs/cmake/export_autoware_perception_msgs__rosidl_typesupport_fastrtps_cExport-release.cmake
[1.234s] -- Up-to-date: /home/zhijie/autoware/install/autoware_perception_msgs/share/autoware_perception_msgs/cmake/export_autoware_perception_msgs__rosidl_generator_cppExport.cmake
[1.234s] -- Up-to-date: /home/zhijie/autoware/install/autoware_perception_msgs/share/autoware_perception_msgs/cmake/export_autoware_perception_msgs__rosidl_typesupport_fastrtps_cppExport.cmake
[1.234s] -- Up-to-date: /home/zhijie/autoware/install/autoware_perception_msgs/share/autoware_perception_msgs/cmake/export_autoware_perception_msgs__rosidl_typesupport_fastrtps_cppExport-release.cmake
[1.234s] -- Up-to-date: /home/zhijie/autoware/install/autoware_perception_msgs/share/autoware_perception_msgs/cmake/autoware_perception_msgs__rosidl_typesupport_introspection_cExport.cmake
[1.234s] -- Up-to-date: /home/zhijie/autoware/install/autoware_perception_msgs/share/autoware_perception_msgs/cmake/autoware_perception_msgs__rosidl_typesupport_introspection_cExport-release.cmake
[1.234s] -- Up-to-date: /home/zhijie/autoware/install/autoware_perception_msgs/share/autoware_perception_msgs/cmake/autoware_perception_msgs__rosidl_typesupport_cExport.cmake
[1.234s] -- Up-to-date: /home/zhijie/autoware/install/autoware_perception_msgs/share/autoware_perception_msgs/cmake/autoware_perception_msgs__rosidl_typesupport_cExport-release.cmake
[1.234s] -- Up-to-date: /home/zhijie/autoware/install/autoware_perception_msgs/share/autoware_perception_msgs/cmake/autoware_perception_msgs__rosidl_typesupport_introspection_cppExport.cmake
[1.235s] -- Up-to-date: /home/zhijie/autoware/install/autoware_perception_msgs/share/autoware_perception_msgs/cmake/autoware_perception_msgs__rosidl_typesupport_introspection_cppExport-release.cmake
[1.235s] -- Up-to-date: /home/zhijie/autoware/install/autoware_perception_msgs/share/autoware_perception_msgs/cmake/autoware_perception_msgs__rosidl_typesupport_cppExport.cmake
[1.235s] -- Up-to-date: /home/zhijie/autoware/install/autoware_perception_msgs/share/autoware_perception_msgs/cmake/autoware_perception_msgs__rosidl_typesupport_cppExport-release.cmake
[1.235s] -- Up-to-date: /home/zhijie/autoware/install/autoware_perception_msgs/share/autoware_perception_msgs/cmake/export_autoware_perception_msgs__rosidl_generator_pyExport.cmake
[1.235s] -- Up-to-date: /home/zhijie/autoware/install/autoware_perception_msgs/share/autoware_perception_msgs/cmake/export_autoware_perception_msgs__rosidl_generator_pyExport-release.cmake
[1.298s] Invoked command in '/home/zhijie/autoware/build/autoware_perception_msgs' returned '0': CMAKE_PREFIX_PATH=/opt/ros/humble /usr/bin/cmake --install /home/zhijie/autoware/build/autoware_perception_msgs
