[0.018s] Invoking command in '/home/zhijie/autoware/build/twist2accel': AMENT_PREFIX_PATH=/home/zhijie/autoware/install/signal_processing:/home/zhijie/autoware/install/autoware_cmake:/home/zhijie/autoware/install/tier4_debug_msgs:/home/zhijie/autoware/install/autoware_lint_common:${AMENT_PREFIX_PATH} CMAKE_PREFIX_PATH=/home/zhijie/autoware/install/signal_processing:/home/zhijie/autoware/install/autoware_cmake:/home/zhijie/autoware/install/tier4_debug_msgs:/home/zhijie/autoware/install/autoware_lint_common:/opt/ros/humble LD_LIBRARY_PATH=/home/zhijie/autoware/install/signal_processing/lib:/home/zhijie/autoware/install/tier4_debug_msgs/lib:${LD_LIBRARY_PATH} PYTHONPATH=/home/zhijie/autoware/install/tier4_debug_msgs/local/lib/python3.10/dist-packages:${PYTHONPATH} /usr/bin/cmake /home/zhijie/autoware/src/universe/autoware.universe/localization/twist2accel -DCMAKE_BUILD_TYPE=Release -DAMENT_CMAKE_SYMLINK_INSTALL=1 -DCMAKE_INSTALL_PREFIX=/home/zhijie/autoware/install/twist2accel
[5.642s] -- Found autoware_cmake: 0.1.0 (/home/zhijie/autoware/install/autoware_cmake/share/autoware_cmake/cmake)
[5.642s] -- Override CMake install command with custom implementation using symlinks instead of copying resources
[5.642s] -- Found rosidl_generator_c: 3.1.5 (/opt/ros/humble/share/rosidl_generator_c/cmake)
[5.642s] -- Found rosidl_adapter: 3.1.5 (/opt/ros/humble/share/rosidl_adapter/cmake)
[5.642s] -- Found rosidl_generator_cpp: 3.1.5 (/opt/ros/humble/share/rosidl_generator_cpp/cmake)
[5.642s] -- Using all available rosidl_typesupport_c: rosidl_typesupport_fastrtps_c;rosidl_typesupport_introspection_c
[5.643s] -- Using all available rosidl_typesupport_cpp: rosidl_typesupport_fastrtps_cpp;rosidl_typesupport_introspection_cpp
[5.643s] -- Found rmw_implementation_cmake: 6.1.1 (/opt/ros/humble/share/rmw_implementation_cmake/cmake)
[5.643s] -- Found rmw_cyclonedds_cpp: 1.3.4 (/opt/ros/humble/share/rmw_cyclonedds_cpp/cmake)
[5.643s] -- Using RMW implementation 'rmw_cyclonedds_cpp' as default
[5.643s] -- Found ament_lint_auto: 0.12.8 (/opt/ros/humble/share/ament_lint_auto/cmake)
[5.644s] -- Added test 'copyright' to check source files copyright and LICENSE
[5.644s] -- Added test 'cppcheck' to perform static code analysis on C / C++ code
[5.644s] -- Configured cppcheck include dirs: /home/zhijie/autoware/src/universe/autoware.universe/localization/twist2accel/include
[5.644s] -- Configured cppcheck exclude dirs and/or files: 
[5.644s] -- Added test 'lint_cmake' to check CMake code style
[5.644s] -- Added test 'xmllint' to check XML markup files
[5.644s] -- Configuring done
[5.645s] -- Generating done
[5.645s] -- Build files have been written to: /home/zhijie/autoware/build/twist2accel
[5.690s] Invoked command in '/home/zhijie/autoware/build/twist2accel' returned '0': AMENT_PREFIX_PATH=/home/zhijie/autoware/install/signal_processing:/home/zhijie/autoware/install/autoware_cmake:/home/zhijie/autoware/install/tier4_debug_msgs:/home/zhijie/autoware/install/autoware_lint_common:${AMENT_PREFIX_PATH} CMAKE_PREFIX_PATH=/home/zhijie/autoware/install/signal_processing:/home/zhijie/autoware/install/autoware_cmake:/home/zhijie/autoware/install/tier4_debug_msgs:/home/zhijie/autoware/install/autoware_lint_common:/opt/ros/humble LD_LIBRARY_PATH=/home/zhijie/autoware/install/signal_processing/lib:/home/zhijie/autoware/install/tier4_debug_msgs/lib:${LD_LIBRARY_PATH} PYTHONPATH=/home/zhijie/autoware/install/tier4_debug_msgs/local/lib/python3.10/dist-packages:${PYTHONPATH} /usr/bin/cmake /home/zhijie/autoware/src/universe/autoware.universe/localization/twist2accel -DCMAKE_BUILD_TYPE=Release -DAMENT_CMAKE_SYMLINK_INSTALL=1 -DCMAKE_INSTALL_PREFIX=/home/zhijie/autoware/install/twist2accel
[5.692s] Invoking command in '/home/zhijie/autoware/build/twist2accel': AMENT_PREFIX_PATH=/home/zhijie/autoware/install/signal_processing:/home/zhijie/autoware/install/autoware_cmake:/home/zhijie/autoware/install/tier4_debug_msgs:/home/zhijie/autoware/install/autoware_lint_common:${AMENT_PREFIX_PATH} CMAKE_PREFIX_PATH=/home/zhijie/autoware/install/signal_processing:/home/zhijie/autoware/install/autoware_cmake:/home/zhijie/autoware/install/tier4_debug_msgs:/home/zhijie/autoware/install/autoware_lint_common:/opt/ros/humble LD_LIBRARY_PATH=/home/zhijie/autoware/install/signal_processing/lib:/home/zhijie/autoware/install/tier4_debug_msgs/lib:${LD_LIBRARY_PATH} PYTHONPATH=/home/zhijie/autoware/install/tier4_debug_msgs/local/lib/python3.10/dist-packages:${PYTHONPATH} /usr/bin/cmake --build /home/zhijie/autoware/build/twist2accel -- -j16 -l16
[22.178s] [35m[1mConsolidate compiler generated dependencies of target twist2accel[0m
[22.179s] [ 33%] [32mBuilding CXX object CMakeFiles/twist2accel.dir/src/twist2accel_node.cpp.o[0m
[22.179s] [ 66%] [32mBuilding CXX object CMakeFiles/twist2accel.dir/src/twist2accel.cpp.o[0m
[25.723s] [100%] [32m[1mLinking CXX executable twist2accel[0m
[26.129s] [100%] Built target twist2accel
[26.189s] Invoked command in '/home/zhijie/autoware/build/twist2accel' returned '0': AMENT_PREFIX_PATH=/home/zhijie/autoware/install/signal_processing:/home/zhijie/autoware/install/autoware_cmake:/home/zhijie/autoware/install/tier4_debug_msgs:/home/zhijie/autoware/install/autoware_lint_common:${AMENT_PREFIX_PATH} CMAKE_PREFIX_PATH=/home/zhijie/autoware/install/signal_processing:/home/zhijie/autoware/install/autoware_cmake:/home/zhijie/autoware/install/tier4_debug_msgs:/home/zhijie/autoware/install/autoware_lint_common:/opt/ros/humble LD_LIBRARY_PATH=/home/zhijie/autoware/install/signal_processing/lib:/home/zhijie/autoware/install/tier4_debug_msgs/lib:${LD_LIBRARY_PATH} PYTHONPATH=/home/zhijie/autoware/install/tier4_debug_msgs/local/lib/python3.10/dist-packages:${PYTHONPATH} /usr/bin/cmake --build /home/zhijie/autoware/build/twist2accel -- -j16 -l16
[26.520s] Invoking command in '/home/zhijie/autoware/build/twist2accel': AMENT_PREFIX_PATH=/home/zhijie/autoware/install/signal_processing:/home/zhijie/autoware/install/autoware_cmake:/home/zhijie/autoware/install/tier4_debug_msgs:/home/zhijie/autoware/install/autoware_lint_common:${AMENT_PREFIX_PATH} CMAKE_PREFIX_PATH=/home/zhijie/autoware/install/signal_processing:/home/zhijie/autoware/install/autoware_cmake:/home/zhijie/autoware/install/tier4_debug_msgs:/home/zhijie/autoware/install/autoware_lint_common:/opt/ros/humble LD_LIBRARY_PATH=/home/zhijie/autoware/install/signal_processing/lib:/home/zhijie/autoware/install/tier4_debug_msgs/lib:${LD_LIBRARY_PATH} PYTHONPATH=/home/zhijie/autoware/install/tier4_debug_msgs/local/lib/python3.10/dist-packages:${PYTHONPATH} /usr/bin/cmake --install /home/zhijie/autoware/build/twist2accel
[32.834s] -- Install configuration: "Release"
[32.834s] -- Execute custom install script
[32.834s] -- Up-to-date symlink: /home/zhijie/autoware/install/twist2accel/include/twist2accel/twist2accel.hpp
[32.834s] -- Up-to-date symlink: /home/zhijie/autoware/install/twist2accel/lib/twist2accel/twist2accel
[32.834s] -- Up-to-date symlink: /home/zhijie/autoware/install/twist2accel/share/twist2accel/launch/twist2accel.launch.xml
[32.834s] -- Up-to-date symlink: /home/zhijie/autoware/install/twist2accel/share/ament_index/resource_index/package_run_dependencies/twist2accel
[32.834s] -- Up-to-date symlink: /home/zhijie/autoware/install/twist2accel/share/ament_index/resource_index/parent_prefix_path/twist2accel
[32.834s] -- Up-to-date symlink: /home/zhijie/autoware/install/twist2accel/share/twist2accel/environment/ament_prefix_path.sh
[32.834s] -- Up-to-date symlink: /home/zhijie/autoware/install/twist2accel/share/twist2accel/environment/ament_prefix_path.dsv
[32.835s] -- Up-to-date symlink: /home/zhijie/autoware/install/twist2accel/share/twist2accel/environment/path.sh
[32.835s] -- Up-to-date symlink: /home/zhijie/autoware/install/twist2accel/share/twist2accel/environment/path.dsv
[32.835s] -- Up-to-date symlink: /home/zhijie/autoware/install/twist2accel/share/twist2accel/local_setup.bash
[32.835s] -- Up-to-date symlink: /home/zhijie/autoware/install/twist2accel/share/twist2accel/local_setup.sh
[32.835s] -- Up-to-date symlink: /home/zhijie/autoware/install/twist2accel/share/twist2accel/local_setup.zsh
[32.835s] -- Up-to-date symlink: /home/zhijie/autoware/install/twist2accel/share/twist2accel/local_setup.dsv
[32.835s] -- Symlinking: /home/zhijie/autoware/install/twist2accel/share/twist2accel/package.dsv
[32.835s] -- Up-to-date symlink: /home/zhijie/autoware/install/twist2accel/share/ament_index/resource_index/packages/twist2accel
[32.835s] -- Up-to-date symlink: /home/zhijie/autoware/install/twist2accel/share/twist2accel/cmake/ament_cmake_export_dependencies-extras.cmake
[32.835s] -- Up-to-date symlink: /home/zhijie/autoware/install/twist2accel/share/twist2accel/cmake/ament_cmake_export_include_directories-extras.cmake
[32.835s] -- Up-to-date symlink: /home/zhijie/autoware/install/twist2accel/share/twist2accel/cmake/twist2accelConfig.cmake
[32.836s] -- Up-to-date symlink: /home/zhijie/autoware/install/twist2accel/share/twist2accel/cmake/twist2accelConfig-version.cmake
[32.836s] -- Up-to-date symlink: /home/zhijie/autoware/install/twist2accel/share/twist2accel/package.xml
[32.905s] Invoked command in '/home/zhijie/autoware/build/twist2accel' returned '0': AMENT_PREFIX_PATH=/home/zhijie/autoware/install/signal_processing:/home/zhijie/autoware/install/autoware_cmake:/home/zhijie/autoware/install/tier4_debug_msgs:/home/zhijie/autoware/install/autoware_lint_common:${AMENT_PREFIX_PATH} CMAKE_PREFIX_PATH=/home/zhijie/autoware/install/signal_processing:/home/zhijie/autoware/install/autoware_cmake:/home/zhijie/autoware/install/tier4_debug_msgs:/home/zhijie/autoware/install/autoware_lint_common:/opt/ros/humble LD_LIBRARY_PATH=/home/zhijie/autoware/install/signal_processing/lib:/home/zhijie/autoware/install/tier4_debug_msgs/lib:${LD_LIBRARY_PATH} PYTHONPATH=/home/zhijie/autoware/install/tier4_debug_msgs/local/lib/python3.10/dist-packages:${PYTHONPATH} /usr/bin/cmake --install /home/zhijie/autoware/build/twist2accel
