In file included from [01m[K/home/zhijie/autoware/src/terasim/preview_control/preview_control/src/preview_control.cpp:1[m[K:
[01m[K/home/zhijie/autoware/src/terasim/preview_control/preview_control/include/preview_control.hpp:59:19:[m[K [01;31m[Kerror: [m[Kexpected ‘[01m[K;[m[K’ at end of member declaration
   59 |     void on_timer([01;31m[K)[m[K
      |                   [01;31m[K^[m[K
      |                    [32m[K;[m[K
[01m[K/home/zhijie/autoware/src/terasim/preview_control/preview_control/src/preview_control.cpp:[m[K In constructor ‘[01m[Kpreview_control::PreviewControl::PreviewControl(const rclcpp::NodeOptions&)[m[K’:
[01m[K/home/zhijie/autoware/src/terasim/preview_control/preview_control/src/preview_control.cpp:21:23:[m[K [01;31m[Kerror: [m[Kcannot convert ‘[01m[KPlan_Rlt_S[m[K’ to ‘[01m[KPlan_Rlt_S*[m[K’ in assignment
   21 |         _p2c = [01;31m[KssData.p2c[m[K;
      |                [01;31m[K~~~~~~~^~~[m[K
      |                       [01;31m[K|[m[K
      |                       [01;31m[KPlan_Rlt_S[m[K
[01m[K/home/zhijie/autoware/src/terasim/preview_control/preview_control/src/preview_control.cpp:22:22:[m[K [01;31m[Kerror: [m[Kcannot convert ‘[01m[KVehState_S[m[K’ to ‘[01m[KVehState_S*[m[K’ in assignment
   22 |         _vs = [01;31m[KssData.vs[m[K;
      |               [01;31m[K~~~~~~~^~[m[K
      |                      [01;31m[K|[m[K
      |                      [01;31m[KVehState_S[m[K
[01m[K/home/zhijie/autoware/src/terasim/preview_control/preview_control/src/preview_control.cpp:23:24:[m[K [01;31m[Kerror: [m[Kcannot convert ‘[01m[KControl_Value_S[m[K’ to ‘[01m[KControl_Value_S*[m[K’ in assignment
   23 |         _ctrl = [01;31m[KssData.ctrl[m[K;
      |                 [01;31m[K~~~~~~~^~~~[m[K
      |                        [01;31m[K|[m[K
      |                        [01;31m[KControl_Value_S[m[K
[01m[K/home/zhijie/autoware/src/terasim/preview_control/preview_control/src/preview_control.cpp:26:20:[m[K [01;31m[Kerror: [m[Kcannot convert ‘[01m[KPlan_Rlt_S[m[K’ to ‘[01m[KPlan_Rlt_S*[m[K’
   26 |             [01;31m[KssData.p2c[m[K,
      |             [01;31m[K~~~~~~~^~~[m[K
      |                    [01;31m[K|[m[K
      |                    [01;31m[KPlan_Rlt_S[m[K
In file included from [01m[K/home/zhijie/autoware/src/terasim/preview_control/preview_control/include/preview_control.hpp:10[m[K,
                 from [01m[K/home/zhijie/autoware/src/terasim/preview_control/preview_control/src/preview_control.cpp:1[m[K:
[01m[K/home/zhijie/autoware/src/terasim/preview_control/preview_control/include/path_follow.hpp:56:28:[m[K [01;36m[Knote: [m[K  initializing argument 1 of ‘[01m[Kvoid PathFollowing::ini(Plan_Rlt_S*, VehState_S*, Control_Value_S*, std::string, float, float)[m[K’
   56 |         [01;36m[KPlan_Rlt_S * const planning2control_msg[m[K,
      |         [01;36m[K~~~~~~~~~~~~~~~~~~~^~~~~~~~~~~~~~~~~~~~[m[K
[01m[K/home/zhijie/autoware/src/terasim/preview_control/preview_control/src/preview_control.cpp:35:20:[m[K [01;31m[Kerror: [m[Kcannot convert ‘[01m[KPlan_Rlt_S[m[K’ to ‘[01m[KPlan_Rlt_S*[m[K’
   35 |             [01;31m[KssData.p2c[m[K,
      |             [01;31m[K~~~~~~~^~~[m[K
      |                    [01;31m[K|[m[K
      |                    [01;31m[KPlan_Rlt_S[m[K
In file included from [01m[K/home/zhijie/autoware/src/terasim/preview_control/preview_control/include/preview_control.hpp:11[m[K,
                 from [01m[K/home/zhijie/autoware/src/terasim/preview_control/preview_control/src/preview_control.cpp:1[m[K:
[01m[K/home/zhijie/autoware/src/terasim/preview_control/preview_control/include/speed_control.hpp:88:33:[m[K [01;36m[Knote: [m[K  initializing argument 1 of ‘[01m[Kvoid SpeedControl::ini(Plan_Rlt_S*, VehState_S*, Control_Value_S*, float, float, int)[m[K’
   88 |     void ini([01;36m[KPlan_Rlt_S * const planning2control_msg[m[K,
      |              [01;36m[K~~~~~~~~~~~~~~~~~~~^~~~~~~~~~~~~~~~~~~~[m[K
[01m[K/home/zhijie/autoware/src/terasim/preview_control/preview_control/src/preview_control.cpp:[m[K In member function ‘[01m[Kvoid preview_control::PreviewControl::on_timer()[m[K’:
[01m[K/home/zhijie/autoware/src/terasim/preview_control/preview_control/src/preview_control.cpp:96:22:[m[K [01;31m[Kerror: [m[K‘[01m[Kros[m[K’ has not been declared
   96 |         std::cout << [01;31m[Kros[m[K::Time::now().toSec() - ssData.p2c.timestamp<<std::endl;
      |                      [01;31m[K^~~[m[K
[01m[K/home/zhijie/autoware/src/terasim/preview_control/preview_control/src/preview_control.cpp:97:13:[m[K [01;31m[Kerror: [m[K‘[01m[Kros[m[K’ has not been declared
   97 |         if ([01;31m[Kros[m[K::Time::now().toSec() - ssData.p2c.timestamp > 0.5)
      |             [01;31m[K^~~[m[K
gmake[2]: *** [CMakeFiles/preview_control_component.dir/build.make:76: CMakeFiles/preview_control_component.dir/src/preview_control.cpp.o] Error 1
gmake[1]: *** [CMakeFiles/Makefile2:139: CMakeFiles/preview_control_component.dir/all] Error 2
gmake: *** [Makefile:146: all] Error 2
