[0.046s] Invoking command in '/home/zhijie/autoware/build/tier4_map_msgs': CMAKE_PREFIX_PATH=/opt/ros/humble /usr/bin/cmake --build /home/zhijie/autoware/build/tier4_map_msgs -- -j16 -l16
[0.146s] [  3%] Built target tier4_map_msgs__cpp
[0.146s] [ 12%] Built target tier4_map_msgs__rosidl_generator_c
[0.146s] [ 12%] Built target ament_cmake_python_symlink_tier4_map_msgs
[0.217s] [ 22%] Built target tier4_map_msgs__rosidl_typesupport_fastrtps_cpp
[0.233s] [ 32%] Built target tier4_map_msgs__rosidl_typesupport_cpp
[0.234s] [ 41%] Built target tier4_map_msgs__rosidl_typesupport_introspection_cpp
[0.275s] [ 51%] Built target tier4_map_msgs__rosidl_typesupport_fastrtps_c
[0.299s] [ 61%] Built target tier4_map_msgs__rosidl_typesupport_c
[0.311s] [ 70%] Built target tier4_map_msgs__rosidl_typesupport_introspection_c
[0.360s] [ 70%] Built target tier4_map_msgs
[0.449s] [ 74%] Built target tier4_map_msgs__py
[0.524s] [ 80%] Built target tier4_map_msgs__rosidl_generator_py
[0.621s] [ 87%] Built target tier4_map_msgs__rosidl_typesupport_introspection_c__pyext
[0.624s] [ 93%] Built target tier4_map_msgs__rosidl_typesupport_fastrtps_c__pyext
[0.644s] [100%] Built target tier4_map_msgs__rosidl_typesupport_c__pyext
[0.695s] running egg_info
[0.696s] writing tier4_map_msgs.egg-info/PKG-INFO
[0.696s] writing dependency_links to tier4_map_msgs.egg-info/dependency_links.txt
[0.696s] writing top-level names to tier4_map_msgs.egg-info/top_level.txt
[0.700s] reading manifest file 'tier4_map_msgs.egg-info/SOURCES.txt'
[0.701s] writing manifest file 'tier4_map_msgs.egg-info/SOURCES.txt'
[0.745s] [100%] Built target ament_cmake_python_build_tier4_map_msgs_egg
[0.759s] Invoked command in '/home/zhijie/autoware/build/tier4_map_msgs' returned '0': CMAKE_PREFIX_PATH=/opt/ros/humble /usr/bin/cmake --build /home/zhijie/autoware/build/tier4_map_msgs -- -j16 -l16
[0.839s] Invoking command in '/home/zhijie/autoware/build/tier4_map_msgs': CMAKE_PREFIX_PATH=/opt/ros/humble /usr/bin/cmake --install /home/zhijie/autoware/build/tier4_map_msgs
[0.847s] -- Install configuration: "Release"
[0.847s] -- Execute custom install script
[0.847s] -- Up-to-date symlink: /home/zhijie/autoware/install/tier4_map_msgs/share/ament_index/resource_index/rosidl_interfaces/tier4_map_msgs
[0.847s] -- Up-to-date symlink: /home/zhijie/autoware/install/tier4_map_msgs/include/tier4_map_msgs/tier4_map_msgs/msg/detail/map_projector_info__functions.h
[0.848s] -- Up-to-date symlink: /home/zhijie/autoware/install/tier4_map_msgs/include/tier4_map_msgs/tier4_map_msgs/msg/detail/map_projector_info__struct.h
[0.848s] -- Up-to-date symlink: /home/zhijie/autoware/install/tier4_map_msgs/include/tier4_map_msgs/tier4_map_msgs/msg/detail/map_projector_info__type_support.h
[0.848s] -- Up-to-date symlink: /home/zhijie/autoware/install/tier4_map_msgs/include/tier4_map_msgs/tier4_map_msgs/msg/map_projector_info.h
[0.848s] -- Up-to-date symlink: /home/zhijie/autoware/install/tier4_map_msgs/include/tier4_map_msgs/tier4_map_msgs/msg/rosidl_generator_c__visibility_control.h
[0.848s] -- Up-to-date symlink: /home/zhijie/autoware/install/tier4_map_msgs/share/tier4_map_msgs/environment/library_path.sh
[0.851s] -- Up-to-date symlink: /home/zhijie/autoware/install/tier4_map_msgs/share/tier4_map_msgs/environment/library_path.dsv
[0.851s] -- Up-to-date symlink: /home/zhijie/autoware/install/tier4_map_msgs/include/tier4_map_msgs/tier4_map_msgs/msg/detail/map_projector_info__rosidl_typesupport_fastrtps_c.h
[0.851s] -- Up-to-date symlink: /home/zhijie/autoware/install/tier4_map_msgs/include/tier4_map_msgs/tier4_map_msgs/msg/rosidl_typesupport_fastrtps_c__visibility_control.h
[0.851s] -- Up-to-date symlink: /home/zhijie/autoware/install/tier4_map_msgs/include/tier4_map_msgs/tier4_map_msgs/msg/detail/map_projector_info__rosidl_typesupport_introspection_c.h
[0.854s] -- Up-to-date symlink: /home/zhijie/autoware/install/tier4_map_msgs/include/tier4_map_msgs/tier4_map_msgs/msg/rosidl_typesupport_introspection_c__visibility_control.h
[0.854s] -- Up-to-date symlink: /home/zhijie/autoware/install/tier4_map_msgs/include/tier4_map_msgs/tier4_map_msgs/msg/detail/map_projector_info__builder.hpp
[0.854s] -- Up-to-date symlink: /home/zhijie/autoware/install/tier4_map_msgs/include/tier4_map_msgs/tier4_map_msgs/msg/detail/map_projector_info__struct.hpp
[0.854s] -- Up-to-date symlink: /home/zhijie/autoware/install/tier4_map_msgs/include/tier4_map_msgs/tier4_map_msgs/msg/detail/map_projector_info__traits.hpp
[0.855s] -- Up-to-date symlink: /home/zhijie/autoware/install/tier4_map_msgs/include/tier4_map_msgs/tier4_map_msgs/msg/map_projector_info.hpp
[0.855s] -- Up-to-date symlink: /home/zhijie/autoware/install/tier4_map_msgs/include/tier4_map_msgs/tier4_map_msgs/msg/detail/map_projector_info__rosidl_typesupport_fastrtps_cpp.hpp
[0.855s] -- Up-to-date symlink: /home/zhijie/autoware/install/tier4_map_msgs/include/tier4_map_msgs/tier4_map_msgs/msg/rosidl_typesupport_fastrtps_cpp__visibility_control.h
[0.855s] -- Up-to-date symlink: /home/zhijie/autoware/install/tier4_map_msgs/include/tier4_map_msgs/tier4_map_msgs/msg/detail/map_projector_info__rosidl_typesupport_introspection_cpp.hpp
[0.855s] -- Up-to-date symlink: /home/zhijie/autoware/install/tier4_map_msgs/share/tier4_map_msgs/environment/pythonpath.sh
[0.856s] -- Up-to-date symlink: /home/zhijie/autoware/install/tier4_map_msgs/share/tier4_map_msgs/environment/pythonpath.dsv
[0.856s] -- Up-to-date symlink: /home/zhijie/autoware/install/tier4_map_msgs/local/lib/python3.10/dist-packages/tier4_map_msgs-0.1.0-py3.10.egg-info/PKG-INFO
[0.856s] -- Up-to-date symlink: /home/zhijie/autoware/install/tier4_map_msgs/local/lib/python3.10/dist-packages/tier4_map_msgs-0.1.0-py3.10.egg-info/SOURCES.txt
[0.856s] -- Up-to-date symlink: /home/zhijie/autoware/install/tier4_map_msgs/local/lib/python3.10/dist-packages/tier4_map_msgs-0.1.0-py3.10.egg-info/dependency_links.txt
[0.856s] -- Up-to-date symlink: /home/zhijie/autoware/install/tier4_map_msgs/local/lib/python3.10/dist-packages/tier4_map_msgs-0.1.0-py3.10.egg-info/top_level.txt
[0.859s] -- Up-to-date symlink: /home/zhijie/autoware/install/tier4_map_msgs/local/lib/python3.10/dist-packages/tier4_map_msgs/__init__.py
[0.859s] -- Up-to-date symlink: /home/zhijie/autoware/install/tier4_map_msgs/local/lib/python3.10/dist-packages/tier4_map_msgs/_tier4_map_msgs_s.ep.rosidl_typesupport_c.c
[0.859s] -- Up-to-date symlink: /home/zhijie/autoware/install/tier4_map_msgs/local/lib/python3.10/dist-packages/tier4_map_msgs/_tier4_map_msgs_s.ep.rosidl_typesupport_fastrtps_c.c
[0.859s] -- Up-to-date symlink: /home/zhijie/autoware/install/tier4_map_msgs/local/lib/python3.10/dist-packages/tier4_map_msgs/_tier4_map_msgs_s.ep.rosidl_typesupport_introspection_c.c
[0.859s] -- Up-to-date symlink: /home/zhijie/autoware/install/tier4_map_msgs/local/lib/python3.10/dist-packages/tier4_map_msgs/libtier4_map_msgs__rosidl_generator_py.so
[0.859s] -- Up-to-date symlink: /home/zhijie/autoware/install/tier4_map_msgs/local/lib/python3.10/dist-packages/tier4_map_msgs/msg/__init__.py
[0.859s] -- Up-to-date symlink: /home/zhijie/autoware/install/tier4_map_msgs/local/lib/python3.10/dist-packages/tier4_map_msgs/msg/_map_projector_info.py
[0.860s] -- Up-to-date symlink: /home/zhijie/autoware/install/tier4_map_msgs/local/lib/python3.10/dist-packages/tier4_map_msgs/msg/_map_projector_info_s.c
[0.860s] -- Up-to-date symlink: /home/zhijie/autoware/install/tier4_map_msgs/local/lib/python3.10/dist-packages/tier4_map_msgs/tier4_map_msgs_s__rosidl_typesupport_c.cpython-310-x86_64-linux-gnu.so
[0.860s] -- Up-to-date symlink: /home/zhijie/autoware/install/tier4_map_msgs/local/lib/python3.10/dist-packages/tier4_map_msgs/tier4_map_msgs_s__rosidl_typesupport_fastrtps_c.cpython-310-x86_64-linux-gnu.so
[0.861s] -- Up-to-date symlink: /home/zhijie/autoware/install/tier4_map_msgs/local/lib/python3.10/dist-packages/tier4_map_msgs/tier4_map_msgs_s__rosidl_typesupport_introspection_c.cpython-310-x86_64-linux-gnu.so
[0.861s] -- Up-to-date symlink: /home/zhijie/autoware/install/tier4_map_msgs/local/lib/python3.10/dist-packages/tier4_map_msgs/tier4_map_msgs_s__rosidl_typesupport_fastrtps_c.cpython-310-x86_64-linux-gnu.so
[0.861s] -- Up-to-date symlink: /home/zhijie/autoware/install/tier4_map_msgs/local/lib/python3.10/dist-packages/tier4_map_msgs/tier4_map_msgs_s__rosidl_typesupport_introspection_c.cpython-310-x86_64-linux-gnu.so
[0.862s] -- Up-to-date symlink: /home/zhijie/autoware/install/tier4_map_msgs/local/lib/python3.10/dist-packages/tier4_map_msgs/tier4_map_msgs_s__rosidl_typesupport_c.cpython-310-x86_64-linux-gnu.so
[0.862s] -- Up-to-date symlink: /home/zhijie/autoware/install/tier4_map_msgs/share/tier4_map_msgs/msg/MapProjectorInfo.idl
[0.862s] -- Up-to-date symlink: /home/zhijie/autoware/install/tier4_map_msgs/share/tier4_map_msgs/msg/MapProjectorInfo.msg
[0.862s] -- Up-to-date symlink: /home/zhijie/autoware/install/tier4_map_msgs/share/ament_index/resource_index/package_run_dependencies/tier4_map_msgs
[0.862s] -- Up-to-date symlink: /home/zhijie/autoware/install/tier4_map_msgs/share/ament_index/resource_index/parent_prefix_path/tier4_map_msgs
[0.862s] -- Up-to-date symlink: /home/zhijie/autoware/install/tier4_map_msgs/share/tier4_map_msgs/environment/ament_prefix_path.sh
[0.862s] -- Up-to-date symlink: /home/zhijie/autoware/install/tier4_map_msgs/share/tier4_map_msgs/environment/ament_prefix_path.dsv
[0.862s] -- Up-to-date symlink: /home/zhijie/autoware/install/tier4_map_msgs/share/tier4_map_msgs/environment/path.sh
[0.864s] -- Up-to-date symlink: /home/zhijie/autoware/install/tier4_map_msgs/share/tier4_map_msgs/environment/path.dsv
[0.865s] -- Up-to-date symlink: /home/zhijie/autoware/install/tier4_map_msgs/share/tier4_map_msgs/local_setup.bash
[0.865s] -- Up-to-date symlink: /home/zhijie/autoware/install/tier4_map_msgs/share/tier4_map_msgs/local_setup.sh
[0.865s] -- Up-to-date symlink: /home/zhijie/autoware/install/tier4_map_msgs/share/tier4_map_msgs/local_setup.zsh
[0.865s] -- Up-to-date symlink: /home/zhijie/autoware/install/tier4_map_msgs/share/tier4_map_msgs/local_setup.dsv
[0.865s] -- Symlinking: /home/zhijie/autoware/install/tier4_map_msgs/share/tier4_map_msgs/package.dsv
[0.865s] -- Up-to-date symlink: /home/zhijie/autoware/install/tier4_map_msgs/share/ament_index/resource_index/packages/tier4_map_msgs
[0.866s] -- Up-to-date symlink: /home/zhijie/autoware/install/tier4_map_msgs/share/tier4_map_msgs/cmake/rosidl_cmake-extras.cmake
[0.866s] -- Up-to-date symlink: /home/zhijie/autoware/install/tier4_map_msgs/share/tier4_map_msgs/cmake/ament_cmake_export_dependencies-extras.cmake
[0.867s] -- Up-to-date symlink: /home/zhijie/autoware/install/tier4_map_msgs/share/tier4_map_msgs/cmake/ament_cmake_export_include_directories-extras.cmake
[0.867s] -- Up-to-date symlink: /home/zhijie/autoware/install/tier4_map_msgs/share/tier4_map_msgs/cmake/ament_cmake_export_libraries-extras.cmake
[0.867s] -- Up-to-date symlink: /home/zhijie/autoware/install/tier4_map_msgs/share/tier4_map_msgs/cmake/ament_cmake_export_targets-extras.cmake
[0.867s] -- Up-to-date symlink: /home/zhijie/autoware/install/tier4_map_msgs/share/tier4_map_msgs/cmake/rosidl_cmake_export_typesupport_targets-extras.cmake
[0.867s] -- Up-to-date symlink: /home/zhijie/autoware/install/tier4_map_msgs/share/tier4_map_msgs/cmake/rosidl_cmake_export_typesupport_libraries-extras.cmake
[0.867s] -- Up-to-date symlink: /home/zhijie/autoware/install/tier4_map_msgs/share/tier4_map_msgs/cmake/tier4_map_msgsConfig.cmake
[0.867s] -- Up-to-date symlink: /home/zhijie/autoware/install/tier4_map_msgs/share/tier4_map_msgs/cmake/tier4_map_msgsConfig-version.cmake
[0.867s] -- Up-to-date symlink: /home/zhijie/autoware/install/tier4_map_msgs/share/tier4_map_msgs/package.xml
[0.867s] -- Up-to-date: /home/zhijie/autoware/install/tier4_map_msgs/lib/libtier4_map_msgs__rosidl_generator_c.so
[0.868s] -- Up-to-date: /home/zhijie/autoware/install/tier4_map_msgs/lib/libtier4_map_msgs__rosidl_typesupport_fastrtps_c.so
[0.868s] -- Up-to-date: /home/zhijie/autoware/install/tier4_map_msgs/lib/libtier4_map_msgs__rosidl_typesupport_introspection_c.so
[0.868s] -- Up-to-date: /home/zhijie/autoware/install/tier4_map_msgs/lib/libtier4_map_msgs__rosidl_typesupport_c.so
[0.868s] -- Up-to-date: /home/zhijie/autoware/install/tier4_map_msgs/lib/libtier4_map_msgs__rosidl_typesupport_fastrtps_cpp.so
[0.868s] -- Up-to-date: /home/zhijie/autoware/install/tier4_map_msgs/lib/libtier4_map_msgs__rosidl_typesupport_introspection_cpp.so
[0.869s] -- Up-to-date: /home/zhijie/autoware/install/tier4_map_msgs/lib/libtier4_map_msgs__rosidl_typesupport_cpp.so
[0.899s] Listing '/home/zhijie/autoware/install/tier4_map_msgs/local/lib/python3.10/dist-packages/tier4_map_msgs'...
[0.899s] Listing '/home/zhijie/autoware/install/tier4_map_msgs/local/lib/python3.10/dist-packages/tier4_map_msgs/msg'...
[0.903s] -- Up-to-date: /home/zhijie/autoware/install/tier4_map_msgs/lib/libtier4_map_msgs__rosidl_generator_py.so
[0.903s] -- Up-to-date: /home/zhijie/autoware/install/tier4_map_msgs/share/tier4_map_msgs/cmake/export_tier4_map_msgs__rosidl_generator_cExport.cmake
[0.903s] -- Up-to-date: /home/zhijie/autoware/install/tier4_map_msgs/share/tier4_map_msgs/cmake/export_tier4_map_msgs__rosidl_generator_cExport-release.cmake
[0.904s] -- Up-to-date: /home/zhijie/autoware/install/tier4_map_msgs/share/tier4_map_msgs/cmake/export_tier4_map_msgs__rosidl_typesupport_fastrtps_cExport.cmake
[0.905s] -- Up-to-date: /home/zhijie/autoware/install/tier4_map_msgs/share/tier4_map_msgs/cmake/export_tier4_map_msgs__rosidl_typesupport_fastrtps_cExport-release.cmake
[0.906s] -- Up-to-date: /home/zhijie/autoware/install/tier4_map_msgs/share/tier4_map_msgs/cmake/tier4_map_msgs__rosidl_typesupport_introspection_cExport.cmake
[0.907s] -- Up-to-date: /home/zhijie/autoware/install/tier4_map_msgs/share/tier4_map_msgs/cmake/tier4_map_msgs__rosidl_typesupport_introspection_cExport-release.cmake
[0.907s] -- Up-to-date: /home/zhijie/autoware/install/tier4_map_msgs/share/tier4_map_msgs/cmake/tier4_map_msgs__rosidl_typesupport_cExport.cmake
[0.907s] -- Up-to-date: /home/zhijie/autoware/install/tier4_map_msgs/share/tier4_map_msgs/cmake/tier4_map_msgs__rosidl_typesupport_cExport-release.cmake
[0.907s] -- Up-to-date: /home/zhijie/autoware/install/tier4_map_msgs/share/tier4_map_msgs/cmake/export_tier4_map_msgs__rosidl_generator_cppExport.cmake
[0.908s] -- Up-to-date: /home/zhijie/autoware/install/tier4_map_msgs/share/tier4_map_msgs/cmake/export_tier4_map_msgs__rosidl_typesupport_fastrtps_cppExport.cmake
[0.909s] -- Up-to-date: /home/zhijie/autoware/install/tier4_map_msgs/share/tier4_map_msgs/cmake/export_tier4_map_msgs__rosidl_typesupport_fastrtps_cppExport-release.cmake
[0.909s] -- Up-to-date: /home/zhijie/autoware/install/tier4_map_msgs/share/tier4_map_msgs/cmake/tier4_map_msgs__rosidl_typesupport_introspection_cppExport.cmake
[0.909s] -- Up-to-date: /home/zhijie/autoware/install/tier4_map_msgs/share/tier4_map_msgs/cmake/tier4_map_msgs__rosidl_typesupport_introspection_cppExport-release.cmake
[0.909s] -- Up-to-date: /home/zhijie/autoware/install/tier4_map_msgs/share/tier4_map_msgs/cmake/tier4_map_msgs__rosidl_typesupport_cppExport.cmake
[0.909s] -- Up-to-date: /home/zhijie/autoware/install/tier4_map_msgs/share/tier4_map_msgs/cmake/tier4_map_msgs__rosidl_typesupport_cppExport-release.cmake
[0.909s] -- Up-to-date: /home/zhijie/autoware/install/tier4_map_msgs/share/tier4_map_msgs/cmake/export_tier4_map_msgs__rosidl_generator_pyExport.cmake
[0.910s] -- Up-to-date: /home/zhijie/autoware/install/tier4_map_msgs/share/tier4_map_msgs/cmake/export_tier4_map_msgs__rosidl_generator_pyExport-release.cmake
[0.936s] Invoked command in '/home/zhijie/autoware/build/tier4_map_msgs' returned '0': CMAKE_PREFIX_PATH=/opt/ros/humble /usr/bin/cmake --install /home/zhijie/autoware/build/tier4_map_msgs
