-- Found autoware_cmake: 0.1.0 (/home/zhijie/autoware/install/autoware_cmake/share/autoware_cmake/cmake)
-- Override CMake install command with custom implementation using symlinks instead of copying resources
-- Found rosidl_generator_c: 3.1.5 (/opt/ros/humble/share/rosidl_generator_c/cmake)
-- Found rosidl_adapter: 3.1.5 (/opt/ros/humble/share/rosidl_adapter/cmake)
-- Found rosidl_generator_cpp: 3.1.5 (/opt/ros/humble/share/rosidl_generator_cpp/cmake)
-- Using all available rosidl_typesupport_c: rosidl_typesupport_fastrtps_c;rosidl_typesupport_introspection_c
-- Using all available rosidl_typesupport_cpp: rosidl_typesupport_fastrtps_cpp;rosidl_typesupport_introspection_cpp
-- Found rmw_implementation_cmake: 6.1.1 (/opt/ros/humble/share/rmw_implementation_cmake/cmake)
-- Found rmw_cyclonedds_cpp: 1.3.4 (/opt/ros/humble/share/rmw_cyclonedds_cpp/cmake)
-- Using RMW implementation 'rmw_cyclonedds_cpp' as default
-- Found eigen3_cmake_module: 0.1.1 (/opt/ros/humble/share/eigen3_cmake_module/cmake)
-- Ensuring Eigen3 include directory is part of orocos-kdl CMake target
-- Eigen found (include: /usr/include/eigen3, version: 3.4.0)
-- FLANN found (include: /usr/include, lib: /usr/lib/x86_64-linux-gnu/libflann_cpp.so)
-- OpenNI found (version: 1.5.4.0, include: /usr/include/ni, lib: /usr/lib/libOpenNI.so;libusb::libusb)
-- OpenNI2 found (version: 2.2.0.33, include: /usr/include/openni2, lib: /usr/lib/x86_64-linux-gnu/libOpenNI2.so;libusb::libusb)
-- Eigen found (include: /usr/include/eigen3, version: 3.4.0)
-- OpenNI found (version: 1.5.4.0, include: /usr/include/ni, lib: /usr/lib/libOpenNI.so;libusb::libusb)
-- OpenNI2 found (version: 2.2.0.33, include: /usr/include/openni2, lib: /usr/lib/x86_64-linux-gnu/libOpenNI2.so;libusb::libusb)
-- Found Qhull version 8.0.2
-- OpenNI found (version: 1.5.4.0, include: /usr/include/ni, lib: /usr/lib/libOpenNI.so;libusb::libusb)
-- Found TensorRT headers at /usr/include/x86_64-linux-gnu
-- Found TensorRT libs at /usr/lib/x86_64-linux-gnu/libnvinfer.so;/usr/lib/x86_64-linux-gnu/libnvinfer_plugin.so;/usr/lib/x86_64-linux-gnu/libnvparsers.so;/usr/lib/x86_64-linux-gnu/libnvonnxparser.so
-- Found ament_lint_auto: 0.12.8 (/opt/ros/humble/share/ament_lint_auto/cmake)
-- Added test 'copyright' to check source files copyright and LICENSE
-- Added test 'cppcheck' to perform static code analysis on C / C++ code
-- Configured cppcheck include dirs: /home/zhijie/autoware/src/universe/autoware.universe/perception/lidar_centerpoint/include;$<BUILD_INTERFACE:/home/zhijie/autoware/src/universe/autoware.universe/perception/lidar_centerpoint/include>
-- Configured cppcheck exclude dirs and/or files: 
-- Added test 'lint_cmake' to check CMake code style
-- Added test 'xmllint' to check XML markup files
-- Configuring done
-- Generating done
-- Build files have been written to: /home/zhijie/autoware/build/lidar_centerpoint
[  4%] [34m[1mBuilding NVCC (Device) object CMakeFiles/centerpoint_cuda_lib.dir/lib/preprocess/centerpoint_cuda_lib_generated_preprocess_kernel.cu.o[0m
[  8%] [34m[1mBuilding NVCC (Device) object CMakeFiles/centerpoint_cuda_lib.dir/lib/postprocess/centerpoint_cuda_lib_generated_postprocess_kernel.cu.o[0m
[ 13%] [34m[1mBuilding NVCC (Device) object CMakeFiles/centerpoint_cuda_lib.dir/lib/postprocess/centerpoint_cuda_lib_generated_circle_nms_kernel.cu.o[0m
[ 17%] [34m[1mBuilding NVCC (Device) object CMakeFiles/centerpoint_cuda_lib.dir/lib/network/centerpoint_cuda_lib_generated_scatter_kernel.cu.o[0m
[ 21%] [32m[1mLinking CXX shared library libcenterpoint_cuda_lib.so[0m
[ 21%] Built target centerpoint_cuda_lib
[35m[1mConsolidate compiler generated dependencies of target single_inference_lidar_centerpoint_node[0m
[35m[1mConsolidate compiler generated dependencies of target lidar_centerpoint_node[0m
[ 26%] [32mBuilding CXX object CMakeFiles/single_inference_lidar_centerpoint_node.dir/rclcpp_components/node_main_single_inference_lidar_centerpoint_node.cpp.o[0m
[ 30%] [32mBuilding CXX object CMakeFiles/lidar_centerpoint_node.dir/rclcpp_components/node_main_lidar_centerpoint_node.cpp.o[0m
[ 34%] [32m[1mLinking CXX executable single_inference_lidar_centerpoint_node[0m
[ 39%] [32m[1mLinking CXX executable lidar_centerpoint_node[0m
[ 39%] Built target single_inference_lidar_centerpoint_node
[ 39%] Built target lidar_centerpoint_node
[35m[1mConsolidate compiler generated dependencies of target centerpoint_lib[0m
[ 43%] [32mBuilding CXX object CMakeFiles/centerpoint_lib.dir/lib/centerpoint_trt.cpp.o[0m
[ 47%] [32mBuilding CXX object CMakeFiles/centerpoint_lib.dir/lib/preprocess/voxel_generator.cpp.o[0m
[ 52%] [32mBuilding CXX object CMakeFiles/centerpoint_lib.dir/lib/preprocess/pointcloud_densification.cpp.o[0m
[ 56%] [32mBuilding CXX object CMakeFiles/centerpoint_lib.dir/lib/postprocess/non_maximum_suppression.cpp.o[0m
[ 60%] [32mBuilding CXX object CMakeFiles/centerpoint_lib.dir/lib/network/tensorrt_wrapper.cpp.o[0m
[ 65%] [32mBuilding CXX object CMakeFiles/centerpoint_lib.dir/lib/network/network_trt.cpp.o[0m
[ 69%] [32mBuilding CXX object CMakeFiles/centerpoint_lib.dir/lib/ros_utils.cpp.o[0m
[ 73%] [32mBuilding CXX object CMakeFiles/centerpoint_lib.dir/lib/utils.cpp.o[0m
[ 78%] [32mBuilding CXX object CMakeFiles/centerpoint_lib.dir/lib/detection_class_remapper.cpp.o[0m
[ 82%] [32m[1mLinking CXX shared library libcenterpoint_lib.so[0m
[ 82%] Built target centerpoint_lib
[35m[1mConsolidate compiler generated dependencies of target lidar_centerpoint_component[0m
[ 86%] [32mBuilding CXX object CMakeFiles/lidar_centerpoint_component.dir/src/node.cpp.o[0m
[ 91%] [32m[1mLinking CXX shared library liblidar_centerpoint_component.so[0m
[ 91%] Built target lidar_centerpoint_component
[35m[1mConsolidate compiler generated dependencies of target single_inference_lidar_centerpoint_component[0m
[ 95%] [32mBuilding CXX object CMakeFiles/single_inference_lidar_centerpoint_component.dir/src/single_inference_node.cpp.o[0m
[100%] [32m[1mLinking CXX shared library libsingle_inference_lidar_centerpoint_component.so[0m
[100%] Built target single_inference_lidar_centerpoint_component
-- Install configuration: "Release"
-- Execute custom install script
-- Up-to-date symlink: /home/zhijie/autoware/install/lidar_centerpoint/lib/lidar_centerpoint/lidar_centerpoint_node
-- Up-to-date symlink: /home/zhijie/autoware/install/lidar_centerpoint/lib/lidar_centerpoint/single_inference_lidar_centerpoint_node
-- Up-to-date symlink: /home/zhijie/autoware/install/lidar_centerpoint/lib/lidar_centerpoint/lidar_centerpoint_visualizer.py
-- Up-to-date symlink: /home/zhijie/autoware/install/lidar_centerpoint/include/lidar_centerpoint/centerpoint_config.hpp
-- Up-to-date symlink: /home/zhijie/autoware/install/lidar_centerpoint/include/lidar_centerpoint/centerpoint_trt.hpp
-- Up-to-date symlink: /home/zhijie/autoware/install/lidar_centerpoint/include/lidar_centerpoint/cuda_utils.hpp
-- Up-to-date symlink: /home/zhijie/autoware/install/lidar_centerpoint/include/lidar_centerpoint/detection_class_remapper.hpp
-- Up-to-date symlink: /home/zhijie/autoware/install/lidar_centerpoint/include/lidar_centerpoint/network/network_trt.hpp
-- Up-to-date symlink: /home/zhijie/autoware/install/lidar_centerpoint/include/lidar_centerpoint/network/scatter_kernel.hpp
-- Up-to-date symlink: /home/zhijie/autoware/install/lidar_centerpoint/include/lidar_centerpoint/network/tensorrt_wrapper.hpp
-- Up-to-date symlink: /home/zhijie/autoware/install/lidar_centerpoint/include/lidar_centerpoint/node.hpp
-- Up-to-date symlink: /home/zhijie/autoware/install/lidar_centerpoint/include/lidar_centerpoint/postprocess/circle_nms_kernel.hpp
-- Up-to-date symlink: /home/zhijie/autoware/install/lidar_centerpoint/include/lidar_centerpoint/postprocess/non_maximum_suppression.hpp
-- Up-to-date symlink: /home/zhijie/autoware/install/lidar_centerpoint/include/lidar_centerpoint/postprocess/postprocess_kernel.hpp
-- Up-to-date symlink: /home/zhijie/autoware/install/lidar_centerpoint/include/lidar_centerpoint/preprocess/pointcloud_densification.hpp
-- Up-to-date symlink: /home/zhijie/autoware/install/lidar_centerpoint/include/lidar_centerpoint/preprocess/preprocess_kernel.hpp
-- Up-to-date symlink: /home/zhijie/autoware/install/lidar_centerpoint/include/lidar_centerpoint/preprocess/voxel_generator.hpp
-- Up-to-date symlink: /home/zhijie/autoware/install/lidar_centerpoint/include/lidar_centerpoint/ros_utils.hpp
-- Up-to-date symlink: /home/zhijie/autoware/install/lidar_centerpoint/include/lidar_centerpoint/single_inference_node.hpp
-- Up-to-date symlink: /home/zhijie/autoware/install/lidar_centerpoint/include/lidar_centerpoint/utils.hpp
-- Up-to-date symlink: /home/zhijie/autoware/install/lidar_centerpoint/share/lidar_centerpoint/environment/library_path.sh
-- Up-to-date symlink: /home/zhijie/autoware/install/lidar_centerpoint/share/lidar_centerpoint/environment/library_path.dsv
-- Up-to-date symlink: /home/zhijie/autoware/install/lidar_centerpoint/lib/libcenterpoint_lib.so
-- Up-to-date symlink: /home/zhijie/autoware/install/lidar_centerpoint/lib/liblidar_centerpoint_component.so
-- Up-to-date symlink: /home/zhijie/autoware/install/lidar_centerpoint/lib/libsingle_inference_lidar_centerpoint_component.so
-- Up-to-date symlink: /home/zhijie/autoware/install/lidar_centerpoint/share/lidar_centerpoint/launch/centerpoint_vs_centerpoint-tiny/README.md
-- Up-to-date symlink: /home/zhijie/autoware/install/lidar_centerpoint/share/lidar_centerpoint/launch/centerpoint_vs_centerpoint-tiny/centerpoint_vs_centerpoint-tiny.launch.xml
-- Up-to-date symlink: /home/zhijie/autoware/install/lidar_centerpoint/share/lidar_centerpoint/launch/centerpoint_vs_centerpoint-tiny/rviz/centerpoint.rviz
-- Up-to-date symlink: /home/zhijie/autoware/install/lidar_centerpoint/share/lidar_centerpoint/launch/centerpoint_vs_centerpoint-tiny/rviz/centerpoint_tiny.rviz
-- Up-to-date symlink: /home/zhijie/autoware/install/lidar_centerpoint/share/lidar_centerpoint/launch/lidar_centerpoint.launch.xml
-- Up-to-date symlink: /home/zhijie/autoware/install/lidar_centerpoint/share/lidar_centerpoint/launch/single_inference_lidar_centerpoint.launch.xml
-- Up-to-date symlink: /home/zhijie/autoware/install/lidar_centerpoint/share/lidar_centerpoint/config/centerpoint.param.yaml
-- Up-to-date symlink: /home/zhijie/autoware/install/lidar_centerpoint/share/lidar_centerpoint/config/centerpoint_tiny.param.yaml
-- Up-to-date symlink: /home/zhijie/autoware/install/lidar_centerpoint/share/lidar_centerpoint/config/detection_class_remapper.param.yaml
-- Up-to-date symlink: /home/zhijie/autoware/install/lidar_centerpoint/share/ament_index/resource_index/package_run_dependencies/lidar_centerpoint
-- Up-to-date symlink: /home/zhijie/autoware/install/lidar_centerpoint/share/ament_index/resource_index/parent_prefix_path/lidar_centerpoint
-- Up-to-date symlink: /home/zhijie/autoware/install/lidar_centerpoint/share/lidar_centerpoint/environment/ament_prefix_path.sh
-- Up-to-date symlink: /home/zhijie/autoware/install/lidar_centerpoint/share/lidar_centerpoint/environment/ament_prefix_path.dsv
-- Up-to-date symlink: /home/zhijie/autoware/install/lidar_centerpoint/share/lidar_centerpoint/environment/path.sh
-- Up-to-date symlink: /home/zhijie/autoware/install/lidar_centerpoint/share/lidar_centerpoint/environment/path.dsv
-- Up-to-date symlink: /home/zhijie/autoware/install/lidar_centerpoint/share/lidar_centerpoint/local_setup.bash
-- Up-to-date symlink: /home/zhijie/autoware/install/lidar_centerpoint/share/lidar_centerpoint/local_setup.sh
-- Up-to-date symlink: /home/zhijie/autoware/install/lidar_centerpoint/share/lidar_centerpoint/local_setup.zsh
-- Up-to-date symlink: /home/zhijie/autoware/install/lidar_centerpoint/share/lidar_centerpoint/local_setup.dsv
-- Symlinking: /home/zhijie/autoware/install/lidar_centerpoint/share/lidar_centerpoint/package.dsv
-- Up-to-date symlink: /home/zhijie/autoware/install/lidar_centerpoint/share/ament_index/resource_index/packages/lidar_centerpoint
-- Up-to-date symlink: /home/zhijie/autoware/install/lidar_centerpoint/share/ament_index/resource_index/rclcpp_components/lidar_centerpoint
-- Up-to-date symlink: /home/zhijie/autoware/install/lidar_centerpoint/share/lidar_centerpoint/cmake/ament_cmake_export_dependencies-extras.cmake
-- Up-to-date symlink: /home/zhijie/autoware/install/lidar_centerpoint/share/lidar_centerpoint/cmake/ament_cmake_export_include_directories-extras.cmake
-- Up-to-date symlink: /home/zhijie/autoware/install/lidar_centerpoint/share/lidar_centerpoint/cmake/ament_cmake_export_libraries-extras.cmake
-- Up-to-date symlink: /home/zhijie/autoware/install/lidar_centerpoint/share/lidar_centerpoint/cmake/lidar_centerpointConfig.cmake
-- Up-to-date symlink: /home/zhijie/autoware/install/lidar_centerpoint/share/lidar_centerpoint/cmake/lidar_centerpointConfig-version.cmake
-- Up-to-date symlink: /home/zhijie/autoware/install/lidar_centerpoint/share/lidar_centerpoint/package.xml
-- Up-to-date symlink: /home/zhijie/autoware/install/lidar_centerpoint/lib/libcenterpoint_cuda_lib.so
