-- The C compiler identification is GNU 11.4.0
-- The CXX compiler identification is GNU 11.4.0
-- Detecting C compiler ABI info
-- Detecting C compiler ABI info - done
-- Check for working C compiler: /usr/bin/cc - skipped
-- Detecting C compile features
-- Detecting C compile features - done
-- Detecting CXX compiler ABI info
-- Detecting CXX compiler ABI info - done
-- Check for working CXX compiler: /usr/bin/c++ - skipped
-- Detecting CXX compile features
-- Detecting CXX compile features - done
-- Found ament_cmake: 1.3.5 (/opt/ros/humble/share/ament_cmake/cmake)
-- Found Python3: /usr/bin/python3.10 (found version "3.10.12") found components: Interpreter 
-- Override CMake install command with custom implementation using symlinks instead of copying resources
-- Found rclcpp: 16.0.6 (/opt/ros/humble/share/rclcpp/cmake)
-- Found rosidl_generator_c: 3.1.5 (/opt/ros/humble/share/rosidl_generator_c/cmake)
-- Found rosidl_adapter: 3.1.5 (/opt/ros/humble/share/rosidl_adapter/cmake)
-- Found rosidl_generator_cpp: 3.1.5 (/opt/ros/humble/share/rosidl_generator_cpp/cmake)
-- Using all available rosidl_typesupport_c: rosidl_typesupport_fastrtps_c;rosidl_typesupport_introspection_c
-- Using all available rosidl_typesupport_cpp: rosidl_typesupport_fastrtps_cpp;rosidl_typesupport_introspection_cpp
-- Found rmw_implementation_cmake: 6.1.1 (/opt/ros/humble/share/rmw_implementation_cmake/cmake)
-- Found rmw_cyclonedds_cpp: 1.3.4 (/opt/ros/humble/share/rmw_cyclonedds_cpp/cmake)
-- Using RMW implementation 'rmw_cyclonedds_cpp' as default
-- Looking for pthread.h
-- Looking for pthread.h - found
-- Performing Test CMAKE_HAVE_LIBC_PTHREAD
-- Performing Test CMAKE_HAVE_LIBC_PTHREAD - Success
-- Found Threads: TRUE  
-- Found rclcpp_components: 16.0.6 (/opt/ros/humble/share/rclcpp_components/cmake)
-- Found dataspeed_dbw_common: 2.1.3 (/home/zhijie/autoware/install/dataspeed_dbw_common/share/dataspeed_dbw_common/cmake)
-- Found can_msgs: 2.0.0 (/opt/ros/humble/share/can_msgs/cmake)
-- Found geometry_msgs: 4.2.3 (/opt/ros/humble/share/geometry_msgs/cmake)
-- Found dataspeed_ulc_msgs: 2.1.3 (/home/zhijie/autoware/install/dataspeed_ulc_msgs/share/dataspeed_ulc_msgs/cmake)
-- Found ament_cmake_gtest: 1.3.5 (/opt/ros/humble/share/ament_cmake_gtest/cmake)
-- Found ros_testing: 0.4.0 (/opt/ros/humble/share/ros_testing/cmake)
-- Found launch_testing_ament_cmake: 1.0.4 (/opt/ros/humble/share/launch_testing_ament_cmake/cmake)
-- Found python_cmake_module: 0.10.0 (/opt/ros/humble/share/python_cmake_module/cmake)
-- Found PythonInterp: /usr/bin/python3 (found suitable version "3.10.12", minimum required is "3.6") 
-- Found PythonLibs: /usr/lib/x86_64-linux-gnu/libpython3.10.so (found suitable version "3.10.12", minimum required is "3.5") 
-- Using PYTHON_EXECUTABLE: /usr/bin/python3
-- Using PYTHON_INCLUDE_DIRS: /usr/include/python3.10
-- Using PYTHON_LIBRARIES: /usr/lib/x86_64-linux-gnu/libpython3.10.so
-- Found PythonExtra: .so  
-- Found gtest sources under '/opt/ros/humble/src/gtest_vendor': C++ tests using 'Google Test' will be built
-- Configuring done
-- Generating done
-- Build files have been written to: /home/zhijie/autoware/build/dataspeed_ulc_can
[ 10%] [32mBuilding CXX object CMakeFiles/dataspeed_ulc_can.dir/src/UlcNode.cpp.o[0m
[ 20%] [32mBuilding CXX object CMakeFiles/ulc_node.dir/rclcpp_components/node_main_ulc_node.cpp.o[0m
[ 30%] [32mBuilding CXX object gtest/CMakeFiles/gtest_main.dir/src/gtest_main.cc.o[0m
[ 40%] [32mBuilding CXX object gtest/CMakeFiles/gtest.dir/src/gtest-all.cc.o[0m
[ 40%] Built target ament_cmake_python_symlink_dataspeed_ulc_can
running egg_info
creating dataspeed_ulc_can.egg-info
writing dataspeed_ulc_can.egg-info/PKG-INFO
writing dependency_links to dataspeed_ulc_can.egg-info/dependency_links.txt
writing top-level names to dataspeed_ulc_can.egg-info/top_level.txt
writing manifest file 'dataspeed_ulc_can.egg-info/SOURCES.txt'
reading manifest file 'dataspeed_ulc_can.egg-info/SOURCES.txt'
writing manifest file 'dataspeed_ulc_can.egg-info/SOURCES.txt'
[ 40%] Built target ament_cmake_python_build_dataspeed_ulc_can_egg
[ 50%] [32m[1mLinking CXX static library libgtest_main.a[0m
[ 50%] Built target gtest_main
[ 60%] [32m[1mLinking CXX executable ulc_node[0m
[ 60%] Built target ulc_node
[ 70%] [32m[1mLinking CXX static library libgtest.a[0m
[ 70%] Built target gtest
[ 80%] [32m[1mLinking CXX shared library libdataspeed_ulc_can.so[0m
[ 80%] Built target dataspeed_ulc_can
[ 90%] [32mBuilding CXX object CMakeFiles/ulc_test_node.dir/tests/test_ulc.cpp.o[0m
[100%] [32m[1mLinking CXX executable ulc_test_node[0m
[100%] Built target ulc_test_node
-- Install configuration: "Release"
-- Execute custom install script
-- Symlinking: /home/zhijie/autoware/install/dataspeed_ulc_can/lib/libdataspeed_ulc_can.so
-- Symlinking: /home/zhijie/autoware/install/dataspeed_ulc_can/lib/dataspeed_ulc_can/ulc_node
-- Symlinking: /home/zhijie/autoware/install/dataspeed_ulc_can/include/dataspeed_ulc_can/dispatch.hpp
-- Symlinking: /home/zhijie/autoware/install/dataspeed_ulc_can/share/dataspeed_ulc_can/environment/pythonpath.sh
-- Symlinking: /home/zhijie/autoware/install/dataspeed_ulc_can/share/dataspeed_ulc_can/environment/pythonpath.dsv
-- Symlinking: /home/zhijie/autoware/install/dataspeed_ulc_can/local/lib/python3.10/dist-packages/dataspeed_ulc_can-2.1.3-py3.10.egg-info/PKG-INFO
-- Symlinking: /home/zhijie/autoware/install/dataspeed_ulc_can/local/lib/python3.10/dist-packages/dataspeed_ulc_can-2.1.3-py3.10.egg-info/SOURCES.txt
-- Symlinking: /home/zhijie/autoware/install/dataspeed_ulc_can/local/lib/python3.10/dist-packages/dataspeed_ulc_can-2.1.3-py3.10.egg-info/dependency_links.txt
-- Symlinking: /home/zhijie/autoware/install/dataspeed_ulc_can/local/lib/python3.10/dist-packages/dataspeed_ulc_can-2.1.3-py3.10.egg-info/top_level.txt
-- Symlinking: /home/zhijie/autoware/install/dataspeed_ulc_can/local/lib/python3.10/dist-packages/dataspeed_ulc_can/__init__.py
-- Symlinking: /home/zhijie/autoware/install/dataspeed_ulc_can/local/lib/python3.10/dist-packages/dataspeed_ulc_can/speed.py
-- Symlinking: /home/zhijie/autoware/install/dataspeed_ulc_can/share/ament_index/resource_index/package_run_dependencies/dataspeed_ulc_can
-- Symlinking: /home/zhijie/autoware/install/dataspeed_ulc_can/share/ament_index/resource_index/parent_prefix_path/dataspeed_ulc_can
-- Symlinking: /home/zhijie/autoware/install/dataspeed_ulc_can/share/dataspeed_ulc_can/environment/ament_prefix_path.sh
-- Symlinking: /home/zhijie/autoware/install/dataspeed_ulc_can/share/dataspeed_ulc_can/environment/ament_prefix_path.dsv
-- Symlinking: /home/zhijie/autoware/install/dataspeed_ulc_can/share/dataspeed_ulc_can/environment/path.sh
-- Symlinking: /home/zhijie/autoware/install/dataspeed_ulc_can/share/dataspeed_ulc_can/environment/path.dsv
-- Symlinking: /home/zhijie/autoware/install/dataspeed_ulc_can/share/dataspeed_ulc_can/local_setup.bash
-- Symlinking: /home/zhijie/autoware/install/dataspeed_ulc_can/share/dataspeed_ulc_can/local_setup.sh
-- Symlinking: /home/zhijie/autoware/install/dataspeed_ulc_can/share/dataspeed_ulc_can/local_setup.zsh
-- Symlinking: /home/zhijie/autoware/install/dataspeed_ulc_can/share/dataspeed_ulc_can/local_setup.dsv
-- Symlinking: /home/zhijie/autoware/install/dataspeed_ulc_can/share/dataspeed_ulc_can/package.dsv
-- Symlinking: /home/zhijie/autoware/install/dataspeed_ulc_can/share/ament_index/resource_index/packages/dataspeed_ulc_can
-- Symlinking: /home/zhijie/autoware/install/dataspeed_ulc_can/share/ament_index/resource_index/rclcpp_components/dataspeed_ulc_can
-- Symlinking: /home/zhijie/autoware/install/dataspeed_ulc_can/share/dataspeed_ulc_can/cmake/ament_cmake_export_include_directories-extras.cmake
-- Symlinking: /home/zhijie/autoware/install/dataspeed_ulc_can/share/dataspeed_ulc_can/cmake/dataspeed_ulc_canConfig.cmake
-- Symlinking: /home/zhijie/autoware/install/dataspeed_ulc_can/share/dataspeed_ulc_can/cmake/dataspeed_ulc_canConfig-version.cmake
-- Symlinking: /home/zhijie/autoware/install/dataspeed_ulc_can/share/dataspeed_ulc_can/package.xml
-- Installing: /home/zhijie/autoware/install/dataspeed_ulc_can/lib/dataspeed_ulc_can/scripts
-- Installing: /home/zhijie/autoware/install/dataspeed_ulc_can/lib/dataspeed_ulc_can/scripts/speed_sine_wave.py
-- Installing: /home/zhijie/autoware/install/dataspeed_ulc_can/lib/dataspeed_ulc_can/scripts/speed_square_wave.py
Listing '/home/zhijie/autoware/install/dataspeed_ulc_can/local/lib/python3.10/dist-packages/dataspeed_ulc_can'...
Compiling '/home/zhijie/autoware/install/dataspeed_ulc_can/local/lib/python3.10/dist-packages/dataspeed_ulc_can/__init__.py'...
Compiling '/home/zhijie/autoware/install/dataspeed_ulc_can/local/lib/python3.10/dist-packages/dataspeed_ulc_can/speed.py'...
