[0.088s] Invoking command in '/home/zhijie/autoware/build/dataspeed_ulc_can': AMENT_PREFIX_PATH=/home/zhijie/autoware/install/dataspeed_ulc_msgs:/home/zhijie/autoware/install/dataspeed_dbw_common:${AMENT_PREFIX_PATH} CMAKE_PREFIX_PATH=/home/zhijie/autoware/install/dataspeed_ulc_msgs:/home/zhijie/autoware/install/dataspeed_dbw_common:/opt/ros/humble LD_LIBRARY_PATH=/home/zhijie/autoware/install/dataspeed_ulc_msgs/lib:${LD_LIBRARY_PATH} PYTHONPATH=/home/zhijie/autoware/install/dataspeed_ulc_msgs/local/lib/python3.10/dist-packages:${PYTHONPATH} /usr/bin/cmake /home/zhijie/autoware/src/terasim/data_speed_driver/dataspeed_ulc_can -DCMAKE_BUILD_TYPE=Release -DAMENT_CMAKE_SYMLINK_INSTALL=1 -DCMAKE_INSTALL_PREFIX=/home/zhijie/autoware/install/dataspeed_ulc_can
[0.195s] -- The C compiler identification is GNU 11.4.0
[0.270s] -- The CXX compiler identification is GNU 11.4.0
[0.278s] -- Detecting C compiler ABI info
[0.394s] -- Detecting C compiler ABI info - done
[0.399s] -- Check for working C compiler: /usr/bin/cc - skipped
[0.399s] -- Detecting C compile features
[0.399s] -- Detecting C compile features - done
[0.399s] -- Detecting CXX compiler ABI info
[0.546s] -- Detecting CXX compiler ABI info - done
[0.556s] -- Check for working CXX compiler: /usr/bin/c++ - skipped
[0.556s] -- Detecting CXX compile features
[0.556s] -- Detecting CXX compile features - done
[0.570s] -- Found ament_cmake: 1.3.5 (/opt/ros/humble/share/ament_cmake/cmake)
[0.899s] -- Found Python3: /usr/bin/python3.10 (found version "3.10.12") found components: Interpreter 
[0.989s] -- Override CMake install command with custom implementation using symlinks instead of copying resources
[1.021s] -- Found rclcpp: 16.0.6 (/opt/ros/humble/share/rclcpp/cmake)
[1.086s] -- Found rosidl_generator_c: 3.1.5 (/opt/ros/humble/share/rosidl_generator_c/cmake)
[1.087s] -- Found rosidl_adapter: 3.1.5 (/opt/ros/humble/share/rosidl_adapter/cmake)
[1.094s] -- Found rosidl_generator_cpp: 3.1.5 (/opt/ros/humble/share/rosidl_generator_cpp/cmake)
[1.113s] -- Using all available rosidl_typesupport_c: rosidl_typesupport_fastrtps_c;rosidl_typesupport_introspection_c
[1.140s] -- Using all available rosidl_typesupport_cpp: rosidl_typesupport_fastrtps_cpp;rosidl_typesupport_introspection_cpp
[1.246s] -- Found rmw_implementation_cmake: 6.1.1 (/opt/ros/humble/share/rmw_implementation_cmake/cmake)
[1.252s] -- Found rmw_cyclonedds_cpp: 1.3.4 (/opt/ros/humble/share/rmw_cyclonedds_cpp/cmake)
[1.298s] -- Using RMW implementation 'rmw_cyclonedds_cpp' as default
[1.318s] -- Looking for pthread.h
[1.431s] -- Looking for pthread.h - found
[1.432s] -- Performing Test CMAKE_HAVE_LIBC_PTHREAD
[1.580s] -- Performing Test CMAKE_HAVE_LIBC_PTHREAD - Success
[1.580s] -- Found Threads: TRUE  
[1.866s] -- Found rclcpp_components: 16.0.6 (/opt/ros/humble/share/rclcpp_components/cmake)
[2.007s] -- Found dataspeed_dbw_common: 2.1.3 (/home/zhijie/autoware/install/dataspeed_dbw_common/share/dataspeed_dbw_common/cmake)
[2.028s] -- Found can_msgs: 2.0.0 (/opt/ros/humble/share/can_msgs/cmake)
[2.149s] -- Found geometry_msgs: 4.2.3 (/opt/ros/humble/share/geometry_msgs/cmake)
[2.281s] -- Found dataspeed_ulc_msgs: 2.1.3 (/home/zhijie/autoware/install/dataspeed_ulc_msgs/share/dataspeed_ulc_msgs/cmake)
[2.569s] -- Found ament_cmake_gtest: 1.3.5 (/opt/ros/humble/share/ament_cmake_gtest/cmake)
[2.571s] -- Found ros_testing: 0.4.0 (/opt/ros/humble/share/ros_testing/cmake)
[2.575s] -- Found launch_testing_ament_cmake: 1.0.4 (/opt/ros/humble/share/launch_testing_ament_cmake/cmake)
[2.576s] -- Found python_cmake_module: 0.10.0 (/opt/ros/humble/share/python_cmake_module/cmake)
[2.651s] -- Found PythonInterp: /usr/bin/python3 (found suitable version "3.10.12", minimum required is "3.6") 
[2.656s] -- Found PythonLibs: /usr/lib/x86_64-linux-gnu/libpython3.10.so (found suitable version "3.10.12", minimum required is "3.5") 
[2.656s] -- Using PYTHON_EXECUTABLE: /usr/bin/python3
[2.657s] -- Using PYTHON_INCLUDE_DIRS: /usr/include/python3.10
[2.657s] -- Using PYTHON_LIBRARIES: /usr/lib/x86_64-linux-gnu/libpython3.10.so
[2.692s] -- Found PythonExtra: .so  
[2.695s] -- Found gtest sources under '/opt/ros/humble/src/gtest_vendor': C++ tests using 'Google Test' will be built
[2.840s] -- Configuring done
[2.885s] -- Generating done
[2.889s] -- Build files have been written to: /home/zhijie/autoware/build/dataspeed_ulc_can
[2.986s] Invoked command in '/home/zhijie/autoware/build/dataspeed_ulc_can' returned '0': AMENT_PREFIX_PATH=/home/zhijie/autoware/install/dataspeed_ulc_msgs:/home/zhijie/autoware/install/dataspeed_dbw_common:${AMENT_PREFIX_PATH} CMAKE_PREFIX_PATH=/home/zhijie/autoware/install/dataspeed_ulc_msgs:/home/zhijie/autoware/install/dataspeed_dbw_common:/opt/ros/humble LD_LIBRARY_PATH=/home/zhijie/autoware/install/dataspeed_ulc_msgs/lib:${LD_LIBRARY_PATH} PYTHONPATH=/home/zhijie/autoware/install/dataspeed_ulc_msgs/local/lib/python3.10/dist-packages:${PYTHONPATH} /usr/bin/cmake /home/zhijie/autoware/src/terasim/data_speed_driver/dataspeed_ulc_can -DCMAKE_BUILD_TYPE=Release -DAMENT_CMAKE_SYMLINK_INSTALL=1 -DCMAKE_INSTALL_PREFIX=/home/zhijie/autoware/install/dataspeed_ulc_can
[2.987s] Invoking command in '/home/zhijie/autoware/build/dataspeed_ulc_can': AMENT_PREFIX_PATH=/home/zhijie/autoware/install/dataspeed_ulc_msgs:/home/zhijie/autoware/install/dataspeed_dbw_common:${AMENT_PREFIX_PATH} CMAKE_PREFIX_PATH=/home/zhijie/autoware/install/dataspeed_ulc_msgs:/home/zhijie/autoware/install/dataspeed_dbw_common:/opt/ros/humble LD_LIBRARY_PATH=/home/zhijie/autoware/install/dataspeed_ulc_msgs/lib:${LD_LIBRARY_PATH} PYTHONPATH=/home/zhijie/autoware/install/dataspeed_ulc_msgs/local/lib/python3.10/dist-packages:${PYTHONPATH} /usr/bin/cmake --build /home/zhijie/autoware/build/dataspeed_ulc_can -- -j16 -l16
[3.175s] [ 10%] [32mBuilding CXX object CMakeFiles/dataspeed_ulc_can.dir/src/UlcNode.cpp.o[0m
[3.183s] [ 20%] [32mBuilding CXX object CMakeFiles/ulc_node.dir/rclcpp_components/node_main_ulc_node.cpp.o[0m
[3.219s] [ 30%] [32mBuilding CXX object gtest/CMakeFiles/gtest_main.dir/src/gtest_main.cc.o[0m
[3.229s] [ 40%] [32mBuilding CXX object gtest/CMakeFiles/gtest.dir/src/gtest-all.cc.o[0m
[3.233s] [ 40%] Built target ament_cmake_python_symlink_dataspeed_ulc_can
[4.158s] running egg_info
[4.158s] creating dataspeed_ulc_can.egg-info
[4.159s] writing dataspeed_ulc_can.egg-info/PKG-INFO
[4.159s] writing dependency_links to dataspeed_ulc_can.egg-info/dependency_links.txt
[4.159s] writing top-level names to dataspeed_ulc_can.egg-info/top_level.txt
[4.160s] writing manifest file 'dataspeed_ulc_can.egg-info/SOURCES.txt'
[4.173s] reading manifest file 'dataspeed_ulc_can.egg-info/SOURCES.txt'
[4.174s] writing manifest file 'dataspeed_ulc_can.egg-info/SOURCES.txt'
[4.259s] [ 40%] Built target ament_cmake_python_build_dataspeed_ulc_can_egg
[5.308s] [ 50%] [32m[1mLinking CXX static library libgtest_main.a[0m
[5.545s] [ 50%] Built target gtest_main
[14.902s] [ 60%] [32m[1mLinking CXX executable ulc_node[0m
[15.364s] [ 60%] Built target ulc_node
[22.484s] [ 70%] [32m[1mLinking CXX static library libgtest.a[0m
[22.599s] [ 70%] Built target gtest
[47.508s] [ 80%] [32m[1mLinking CXX shared library libdataspeed_ulc_can.so[0m
[47.752s] [ 80%] Built target dataspeed_ulc_can
[47.767s] [ 90%] [32mBuilding CXX object CMakeFiles/ulc_test_node.dir/tests/test_ulc.cpp.o[0m
[64.408s] [100%] [32m[1mLinking CXX executable ulc_test_node[0m
[64.569s] [100%] Built target ulc_test_node
[64.577s] Invoked command in '/home/zhijie/autoware/build/dataspeed_ulc_can' returned '0': AMENT_PREFIX_PATH=/home/zhijie/autoware/install/dataspeed_ulc_msgs:/home/zhijie/autoware/install/dataspeed_dbw_common:${AMENT_PREFIX_PATH} CMAKE_PREFIX_PATH=/home/zhijie/autoware/install/dataspeed_ulc_msgs:/home/zhijie/autoware/install/dataspeed_dbw_common:/opt/ros/humble LD_LIBRARY_PATH=/home/zhijie/autoware/install/dataspeed_ulc_msgs/lib:${LD_LIBRARY_PATH} PYTHONPATH=/home/zhijie/autoware/install/dataspeed_ulc_msgs/local/lib/python3.10/dist-packages:${PYTHONPATH} /usr/bin/cmake --build /home/zhijie/autoware/build/dataspeed_ulc_can -- -j16 -l16
[64.596s] Invoking command in '/home/zhijie/autoware/build/dataspeed_ulc_can': AMENT_PREFIX_PATH=/home/zhijie/autoware/install/dataspeed_ulc_msgs:/home/zhijie/autoware/install/dataspeed_dbw_common:${AMENT_PREFIX_PATH} CMAKE_PREFIX_PATH=/home/zhijie/autoware/install/dataspeed_ulc_msgs:/home/zhijie/autoware/install/dataspeed_dbw_common:/opt/ros/humble LD_LIBRARY_PATH=/home/zhijie/autoware/install/dataspeed_ulc_msgs/lib:${LD_LIBRARY_PATH} PYTHONPATH=/home/zhijie/autoware/install/dataspeed_ulc_msgs/local/lib/python3.10/dist-packages:${PYTHONPATH} /usr/bin/cmake --install /home/zhijie/autoware/build/dataspeed_ulc_can
[64.602s] -- Install configuration: "Release"
[64.602s] -- Execute custom install script
[64.603s] -- Symlinking: /home/zhijie/autoware/install/dataspeed_ulc_can/lib/libdataspeed_ulc_can.so
[64.609s] -- Symlinking: /home/zhijie/autoware/install/dataspeed_ulc_can/lib/dataspeed_ulc_can/ulc_node
[64.615s] -- Symlinking: /home/zhijie/autoware/install/dataspeed_ulc_can/include/dataspeed_ulc_can/dispatch.hpp
[64.621s] -- Symlinking: /home/zhijie/autoware/install/dataspeed_ulc_can/share/dataspeed_ulc_can/environment/pythonpath.sh
[64.626s] -- Symlinking: /home/zhijie/autoware/install/dataspeed_ulc_can/share/dataspeed_ulc_can/environment/pythonpath.dsv
[64.633s] -- Symlinking: /home/zhijie/autoware/install/dataspeed_ulc_can/local/lib/python3.10/dist-packages/dataspeed_ulc_can-2.1.3-py3.10.egg-info/PKG-INFO
[64.638s] -- Symlinking: /home/zhijie/autoware/install/dataspeed_ulc_can/local/lib/python3.10/dist-packages/dataspeed_ulc_can-2.1.3-py3.10.egg-info/SOURCES.txt
[64.644s] -- Symlinking: /home/zhijie/autoware/install/dataspeed_ulc_can/local/lib/python3.10/dist-packages/dataspeed_ulc_can-2.1.3-py3.10.egg-info/dependency_links.txt
[64.650s] -- Symlinking: /home/zhijie/autoware/install/dataspeed_ulc_can/local/lib/python3.10/dist-packages/dataspeed_ulc_can-2.1.3-py3.10.egg-info/top_level.txt
[64.656s] -- Symlinking: /home/zhijie/autoware/install/dataspeed_ulc_can/local/lib/python3.10/dist-packages/dataspeed_ulc_can/__init__.py
[64.663s] -- Symlinking: /home/zhijie/autoware/install/dataspeed_ulc_can/local/lib/python3.10/dist-packages/dataspeed_ulc_can/speed.py
[64.668s] -- Symlinking: /home/zhijie/autoware/install/dataspeed_ulc_can/share/ament_index/resource_index/package_run_dependencies/dataspeed_ulc_can
[64.674s] -- Symlinking: /home/zhijie/autoware/install/dataspeed_ulc_can/share/ament_index/resource_index/parent_prefix_path/dataspeed_ulc_can
[64.680s] -- Symlinking: /home/zhijie/autoware/install/dataspeed_ulc_can/share/dataspeed_ulc_can/environment/ament_prefix_path.sh
[64.686s] -- Symlinking: /home/zhijie/autoware/install/dataspeed_ulc_can/share/dataspeed_ulc_can/environment/ament_prefix_path.dsv
[64.692s] -- Symlinking: /home/zhijie/autoware/install/dataspeed_ulc_can/share/dataspeed_ulc_can/environment/path.sh
[64.699s] -- Symlinking: /home/zhijie/autoware/install/dataspeed_ulc_can/share/dataspeed_ulc_can/environment/path.dsv
[64.705s] -- Symlinking: /home/zhijie/autoware/install/dataspeed_ulc_can/share/dataspeed_ulc_can/local_setup.bash
[64.710s] -- Symlinking: /home/zhijie/autoware/install/dataspeed_ulc_can/share/dataspeed_ulc_can/local_setup.sh
[64.716s] -- Symlinking: /home/zhijie/autoware/install/dataspeed_ulc_can/share/dataspeed_ulc_can/local_setup.zsh
[64.722s] -- Symlinking: /home/zhijie/autoware/install/dataspeed_ulc_can/share/dataspeed_ulc_can/local_setup.dsv
[64.728s] -- Symlinking: /home/zhijie/autoware/install/dataspeed_ulc_can/share/dataspeed_ulc_can/package.dsv
[64.734s] -- Symlinking: /home/zhijie/autoware/install/dataspeed_ulc_can/share/ament_index/resource_index/packages/dataspeed_ulc_can
[64.740s] -- Symlinking: /home/zhijie/autoware/install/dataspeed_ulc_can/share/ament_index/resource_index/rclcpp_components/dataspeed_ulc_can
[64.746s] -- Symlinking: /home/zhijie/autoware/install/dataspeed_ulc_can/share/dataspeed_ulc_can/cmake/ament_cmake_export_include_directories-extras.cmake
[64.752s] -- Symlinking: /home/zhijie/autoware/install/dataspeed_ulc_can/share/dataspeed_ulc_can/cmake/dataspeed_ulc_canConfig.cmake
[64.758s] -- Symlinking: /home/zhijie/autoware/install/dataspeed_ulc_can/share/dataspeed_ulc_can/cmake/dataspeed_ulc_canConfig-version.cmake
[64.764s] -- Symlinking: /home/zhijie/autoware/install/dataspeed_ulc_can/share/dataspeed_ulc_can/package.xml
[64.769s] -- Installing: /home/zhijie/autoware/install/dataspeed_ulc_can/lib/dataspeed_ulc_can/scripts
[64.770s] -- Installing: /home/zhijie/autoware/install/dataspeed_ulc_can/lib/dataspeed_ulc_can/scripts/speed_sine_wave.py
[64.770s] -- Installing: /home/zhijie/autoware/install/dataspeed_ulc_can/lib/dataspeed_ulc_can/scripts/speed_square_wave.py
[64.794s] Listing '/home/zhijie/autoware/install/dataspeed_ulc_can/local/lib/python3.10/dist-packages/dataspeed_ulc_can'...
[64.794s] Compiling '/home/zhijie/autoware/install/dataspeed_ulc_can/local/lib/python3.10/dist-packages/dataspeed_ulc_can/__init__.py'...
[64.794s] Compiling '/home/zhijie/autoware/install/dataspeed_ulc_can/local/lib/python3.10/dist-packages/dataspeed_ulc_can/speed.py'...
[64.803s] Invoked command in '/home/zhijie/autoware/build/dataspeed_ulc_can' returned '0': AMENT_PREFIX_PATH=/home/zhijie/autoware/install/dataspeed_ulc_msgs:/home/zhijie/autoware/install/dataspeed_dbw_common:${AMENT_PREFIX_PATH} CMAKE_PREFIX_PATH=/home/zhijie/autoware/install/dataspeed_ulc_msgs:/home/zhijie/autoware/install/dataspeed_dbw_common:/opt/ros/humble LD_LIBRARY_PATH=/home/zhijie/autoware/install/dataspeed_ulc_msgs/lib:${LD_LIBRARY_PATH} PYTHONPATH=/home/zhijie/autoware/install/dataspeed_ulc_msgs/local/lib/python3.10/dist-packages:${PYTHONPATH} /usr/bin/cmake --install /home/zhijie/autoware/build/dataspeed_ulc_can
