-- Found autoware_cmake: 0.1.0 (/home/zhijie/autoware/install/autoware_cmake/share/autoware_cmake/cmake)
-- Override CMake install command with custom implementation using symlinks instead of copying resources
-- Found rosidl_generator_c: 3.1.5 (/opt/ros/humble/share/rosidl_generator_c/cmake)
-- Found rosidl_adapter: 3.1.5 (/opt/ros/humble/share/rosidl_adapter/cmake)
-- Found rosidl_generator_cpp: 3.1.5 (/opt/ros/humble/share/rosidl_generator_cpp/cmake)
-- Using all available rosidl_typesupport_c: rosidl_typesupport_fastrtps_c;rosidl_typesupport_introspection_c
-- Using all available rosidl_typesupport_cpp: rosidl_typesupport_fastrtps_cpp;rosidl_typesupport_introspection_cpp
-- Found rmw_implementation_cmake: 6.1.1 (/opt/ros/humble/share/rmw_implementation_cmake/cmake)
-- Found rmw_cyclonedds_cpp: 1.3.4 (/opt/ros/humble/share/rmw_cyclonedds_cpp/cmake)
-- Using RMW implementation 'rmw_cyclonedds_cpp' as default
-- Found eigen3_cmake_module: 0.1.1 (/opt/ros/humble/share/eigen3_cmake_module/cmake)
-- Ensuring Eigen3 include directory is part of orocos-kdl CMake target
-- Eigen found (include: /usr/include/eigen3, version: 3.4.0)
-- FLANN found (include: /usr/include, lib: /usr/lib/x86_64-linux-gnu/libflann_cpp.so)
-- OpenNI found (version: 1.5.4.0, include: /usr/include/ni, lib: /usr/lib/libOpenNI.so;libusb::libusb)
-- OpenNI2 found (version: 2.2.0.33, include: /usr/include/openni2, lib: /usr/lib/x86_64-linux-gnu/libOpenNI2.so;libusb::libusb)
-- Eigen found (include: /usr/include/eigen3, version: 3.4.0)
-- OpenNI found (version: 1.5.4.0, include: /usr/include/ni, lib: /usr/lib/libOpenNI.so;libusb::libusb)
-- OpenNI2 found (version: 2.2.0.33, include: /usr/include/openni2, lib: /usr/lib/x86_64-linux-gnu/libOpenNI2.so;libusb::libusb)
-- Found Qhull version 8.0.2
-- OpenNI found (version: 1.5.4.0, include: /usr/include/ni, lib: /usr/lib/libOpenNI.so;libusb::libusb)
-- Found ament_lint_auto: 0.12.8 (/opt/ros/humble/share/ament_lint_auto/cmake)
-- NVML include dir: /usr/local/cuda/include
-- NVML library : /usr/lib/x86_64-linux-gnu/libnvidia-ml.so
-- HOST_SYSTEM_VERSION: 6.2.0-33-generic
-- SYSTEM_PROCESSOR: x86_64
-- CPU PLATFORM: intel
-- GPU PLATFORM: nvml
-- Added test 'copyright' to check source files copyright and LICENSE
-- Added test 'cppcheck' to perform static code analysis on C / C++ code
-- Configured cppcheck include dirs: /home/zhijie/autoware/src/universe/autoware.universe/system/system_monitor/include
-- Configured cppcheck exclude dirs and/or files: 
-- Added test 'lint_cmake' to check CMake code style
-- Added test 'xmllint' to check XML markup files
-- Configuring done
-- Generating done
-- Build files have been written to: /home/zhijie/autoware/build/system_monitor
[35m[1mConsolidate compiler generated dependencies of target cpu_monitor_lib[0m
[  2%] [32mBuilding CXX object CMakeFiles/cpu_monitor_lib.dir/src/cpu_monitor/cpu_monitor_base.cpp.o[0m
[  4%] [32mBuilding CXX object CMakeFiles/cpu_monitor_lib.dir/src/cpu_monitor/intel_cpu_monitor.cpp.o[0m
[  7%] [32m[1mLinking CXX shared library libcpu_monitor_lib.so[0m
[  7%] Built target cpu_monitor_lib
[35m[1mConsolidate compiler generated dependencies of target voltage_monitor[0m
[  9%] [32mBuilding CXX object CMakeFiles/voltage_monitor.dir/rclcpp_components/node_main_voltage_monitor.cpp.o[0m
[ 11%] [32m[1mLinking CXX executable voltage_monitor[0m
[ 11%] Built target voltage_monitor
[35m[1mConsolidate compiler generated dependencies of target hdd_monitor_lib[0m
[35m[1mConsolidate compiler generated dependencies of target gpu_monitor[0m
[ 14%] [32mBuilding CXX object CMakeFiles/gpu_monitor.dir/rclcpp_components/node_main_gpu_monitor.cpp.o[0m
[ 16%] [32mBuilding CXX object CMakeFiles/hdd_monitor_lib.dir/src/hdd_monitor/hdd_monitor.cpp.o[0m
[ 19%] [32m[1mLinking CXX executable gpu_monitor[0m
[ 19%] Built target gpu_monitor
[35m[1mConsolidate compiler generated dependencies of target process_monitor[0m
[ 21%] [32mBuilding CXX object CMakeFiles/process_monitor.dir/rclcpp_components/node_main_process_monitor.cpp.o[0m
[ 23%] [32m[1mLinking CXX executable process_monitor[0m
[ 23%] Built target process_monitor
[ 26%] [32m[1mLinking CXX shared library libhdd_monitor_lib.so[0m
[ 26%] Built target hdd_monitor_lib
[35m[1mConsolidate compiler generated dependencies of target ntp_monitor[0m
[ 28%] [32mBuilding CXX object CMakeFiles/ntp_monitor.dir/rclcpp_components/node_main_ntp_monitor.cpp.o[0m
[ 30%] [32m[1mLinking CXX executable ntp_monitor[0m
[ 30%] Built target ntp_monitor
[35m[1mConsolidate compiler generated dependencies of target mem_monitor_lib[0m
[ 33%] [32mBuilding CXX object CMakeFiles/mem_monitor_lib.dir/src/mem_monitor/mem_monitor.cpp.o[0m
[ 35%] [32m[1mLinking CXX shared library libmem_monitor_lib.so[0m
[ 35%] Built target mem_monitor_lib
[35m[1mConsolidate compiler generated dependencies of target net_monitor[0m
[ 38%] [32mBuilding CXX object CMakeFiles/net_monitor.dir/rclcpp_components/node_main_net_monitor.cpp.o[0m
[ 40%] [32m[1mLinking CXX executable net_monitor[0m
[ 40%] Built target net_monitor
[35m[1mConsolidate compiler generated dependencies of target net_monitor_lib[0m
[ 42%] [32mBuilding CXX object CMakeFiles/net_monitor_lib.dir/src/net_monitor/net_monitor.cpp.o[0m
[ 45%] [32mBuilding CXX object CMakeFiles/net_monitor_lib.dir/src/net_monitor/nl80211.cpp.o[0m
[ 47%] [32m[1mLinking CXX shared library libnet_monitor_lib.so[0m
[ 47%] Built target net_monitor_lib
[35m[1mConsolidate compiler generated dependencies of target mem_monitor[0m
[ 50%] [32mBuilding CXX object CMakeFiles/mem_monitor.dir/rclcpp_components/node_main_mem_monitor.cpp.o[0m
[ 52%] [32m[1mLinking CXX executable mem_monitor[0m
[ 52%] Built target mem_monitor
[35m[1mConsolidate compiler generated dependencies of target ntp_monitor_lib[0m
[ 54%] [32mBuilding CXX object CMakeFiles/ntp_monitor_lib.dir/src/ntp_monitor/ntp_monitor.cpp.o[0m
[ 57%] [32m[1mLinking CXX shared library libntp_monitor_lib.so[0m
[ 57%] Built target ntp_monitor_lib
[35m[1mConsolidate compiler generated dependencies of target hdd_monitor[0m
[ 59%] [32mBuilding CXX object CMakeFiles/hdd_monitor.dir/rclcpp_components/node_main_hdd_monitor.cpp.o[0m
[ 61%] [32m[1mLinking CXX executable hdd_monitor[0m
[ 61%] Built target hdd_monitor
[35m[1mConsolidate compiler generated dependencies of target process_monitor_lib[0m
[ 64%] [32mBuilding CXX object CMakeFiles/process_monitor_lib.dir/src/process_monitor/process_monitor.cpp.o[0m
[ 66%] [32m[1mLinking CXX shared library libprocess_monitor_lib.so[0m
[ 66%] Built target process_monitor_lib
[35m[1mConsolidate compiler generated dependencies of target cpu_monitor[0m
[35m[1mConsolidate compiler generated dependencies of target gpu_monitor_lib[0m
[ 69%] [32mBuilding CXX object CMakeFiles/cpu_monitor.dir/rclcpp_components/node_main_cpu_monitor.cpp.o[0m
[ 71%] [32mBuilding CXX object CMakeFiles/gpu_monitor_lib.dir/src/gpu_monitor/gpu_monitor_base.cpp.o[0m
[ 73%] [32mBuilding CXX object CMakeFiles/gpu_monitor_lib.dir/src/gpu_monitor/nvml_gpu_monitor.cpp.o[0m
[ 76%] [32m[1mLinking CXX executable cpu_monitor[0m
[ 76%] Built target cpu_monitor
[ 78%] [32m[1mLinking CXX shared library libgpu_monitor_lib.so[0m
[ 78%] Built target gpu_monitor_lib
[35m[1mConsolidate compiler generated dependencies of target voltage_monitor_lib[0m
[ 80%] [32mBuilding CXX object CMakeFiles/voltage_monitor_lib.dir/src/voltage_monitor/voltage_monitor.cpp.o[0m
[ 83%] [32m[1mLinking CXX shared library libvoltage_monitor_lib.so[0m
[ 83%] Built target voltage_monitor_lib
[35m[1mConsolidate compiler generated dependencies of target msr_reader[0m
[ 85%] [32mBuilding CXX object CMakeFiles/msr_reader.dir/reader/msr_reader/msr_reader.cpp.o[0m
[ 88%] [32m[1mLinking CXX executable msr_reader[0m
[ 88%] Built target msr_reader
[35m[1mConsolidate compiler generated dependencies of target hdd_reader[0m
[35m[1mConsolidate compiler generated dependencies of target traffic_reader[0m
[ 90%] [32mBuilding CXX object CMakeFiles/hdd_reader.dir/reader/hdd_reader/hdd_reader.cpp.o[0m
[ 92%] [32mBuilding CXX object CMakeFiles/traffic_reader.dir/reader/traffic_reader/traffic_reader_main.cpp.o[0m
[ 95%] [32mBuilding CXX object CMakeFiles/traffic_reader.dir/reader/traffic_reader/traffic_reader_service.cpp.o[0m
[ 97%] [32m[1mLinking CXX executable hdd_reader[0m
[100%] [32m[1mLinking CXX executable traffic_reader[0m
[100%] Built target traffic_reader
[100%] Built target hdd_reader
-- Install configuration: "Release"
-- Execute custom install script
-- Up-to-date symlink: /home/zhijie/autoware/install/system_monitor/lib/system_monitor/cpu_monitor
-- Up-to-date symlink: /home/zhijie/autoware/install/system_monitor/lib/system_monitor/hdd_monitor
-- Up-to-date symlink: /home/zhijie/autoware/install/system_monitor/lib/system_monitor/mem_monitor
-- Up-to-date symlink: /home/zhijie/autoware/install/system_monitor/lib/system_monitor/net_monitor
-- Up-to-date symlink: /home/zhijie/autoware/install/system_monitor/lib/system_monitor/ntp_monitor
-- Up-to-date symlink: /home/zhijie/autoware/install/system_monitor/lib/system_monitor/process_monitor
-- Up-to-date symlink: /home/zhijie/autoware/install/system_monitor/lib/system_monitor/gpu_monitor
-- Up-to-date symlink: /home/zhijie/autoware/install/system_monitor/lib/system_monitor/voltage_monitor
-- Up-to-date symlink: /home/zhijie/autoware/install/system_monitor/include/hdd_reader/hdd_reader.hpp
-- Up-to-date symlink: /home/zhijie/autoware/install/system_monitor/include/msr_reader/msr_reader.hpp
-- Up-to-date symlink: /home/zhijie/autoware/install/system_monitor/include/system_monitor/cpu_monitor/arm_cpu_monitor.hpp
-- Up-to-date symlink: /home/zhijie/autoware/install/system_monitor/include/system_monitor/cpu_monitor/cpu_monitor_base.hpp
-- Up-to-date symlink: /home/zhijie/autoware/install/system_monitor/include/system_monitor/cpu_monitor/intel_cpu_monitor.hpp
-- Up-to-date symlink: /home/zhijie/autoware/install/system_monitor/include/system_monitor/cpu_monitor/raspi_cpu_monitor.hpp
-- Up-to-date symlink: /home/zhijie/autoware/install/system_monitor/include/system_monitor/cpu_monitor/tegra_cpu_monitor.hpp
-- Up-to-date symlink: /home/zhijie/autoware/install/system_monitor/include/system_monitor/cpu_monitor/unknown_cpu_monitor.hpp
-- Up-to-date symlink: /home/zhijie/autoware/install/system_monitor/include/system_monitor/gpu_monitor/gpu_monitor_base.hpp
-- Up-to-date symlink: /home/zhijie/autoware/install/system_monitor/include/system_monitor/gpu_monitor/nvml_gpu_monitor.hpp
-- Up-to-date symlink: /home/zhijie/autoware/install/system_monitor/include/system_monitor/gpu_monitor/tegra_gpu_monitor.hpp
-- Up-to-date symlink: /home/zhijie/autoware/install/system_monitor/include/system_monitor/gpu_monitor/unknown_gpu_monitor.hpp
-- Up-to-date symlink: /home/zhijie/autoware/install/system_monitor/include/system_monitor/hdd_monitor/hdd_monitor.hpp
-- Up-to-date symlink: /home/zhijie/autoware/install/system_monitor/include/system_monitor/mem_monitor/mem_monitor.hpp
-- Up-to-date symlink: /home/zhijie/autoware/install/system_monitor/include/system_monitor/net_monitor/net_monitor.hpp
-- Up-to-date symlink: /home/zhijie/autoware/install/system_monitor/include/system_monitor/net_monitor/nl80211.hpp
-- Up-to-date symlink: /home/zhijie/autoware/install/system_monitor/include/system_monitor/ntp_monitor/ntp_monitor.hpp
-- Up-to-date symlink: /home/zhijie/autoware/install/system_monitor/include/system_monitor/process_monitor/diag_task.hpp
-- Up-to-date symlink: /home/zhijie/autoware/install/system_monitor/include/system_monitor/process_monitor/process_monitor.hpp
-- Up-to-date symlink: /home/zhijie/autoware/install/system_monitor/include/system_monitor/system_monitor_utility.hpp
-- Up-to-date symlink: /home/zhijie/autoware/install/system_monitor/include/system_monitor/voltage_monitor/voltage_monitor.hpp
-- Up-to-date symlink: /home/zhijie/autoware/install/system_monitor/include/traffic_reader/traffic_reader_common.hpp
-- Up-to-date symlink: /home/zhijie/autoware/install/system_monitor/include/traffic_reader/traffic_reader_service.hpp
-- Up-to-date symlink: /home/zhijie/autoware/install/system_monitor/share/system_monitor/environment/library_path.sh
-- Up-to-date symlink: /home/zhijie/autoware/install/system_monitor/share/system_monitor/environment/library_path.dsv
-- Up-to-date symlink: /home/zhijie/autoware/install/system_monitor/lib/libcpu_monitor_lib.so
-- Up-to-date symlink: /home/zhijie/autoware/install/system_monitor/lib/libhdd_monitor_lib.so
-- Up-to-date symlink: /home/zhijie/autoware/install/system_monitor/lib/libmem_monitor_lib.so
-- Up-to-date symlink: /home/zhijie/autoware/install/system_monitor/lib/libnet_monitor_lib.so
-- Up-to-date symlink: /home/zhijie/autoware/install/system_monitor/lib/libntp_monitor_lib.so
-- Up-to-date symlink: /home/zhijie/autoware/install/system_monitor/lib/libprocess_monitor_lib.so
-- Up-to-date symlink: /home/zhijie/autoware/install/system_monitor/lib/libgpu_monitor_lib.so
-- Up-to-date symlink: /home/zhijie/autoware/install/system_monitor/lib/libvoltage_monitor_lib.so
-- Up-to-date symlink: /home/zhijie/autoware/install/system_monitor/lib/system_monitor/msr_reader
-- Up-to-date symlink: /home/zhijie/autoware/install/system_monitor/lib/system_monitor/hdd_reader
-- Up-to-date symlink: /home/zhijie/autoware/install/system_monitor/lib/system_monitor/traffic_reader
-- Up-to-date symlink: /home/zhijie/autoware/install/system_monitor/share/system_monitor/launch/system_monitor.launch.xml
-- Up-to-date symlink: /home/zhijie/autoware/install/system_monitor/share/system_monitor/config/cpu_monitor.param.yaml
-- Up-to-date symlink: /home/zhijie/autoware/install/system_monitor/share/system_monitor/config/gpu_monitor.param.yaml
-- Up-to-date symlink: /home/zhijie/autoware/install/system_monitor/share/system_monitor/config/hdd_monitor.param.yaml
-- Up-to-date symlink: /home/zhijie/autoware/install/system_monitor/share/system_monitor/config/mem_monitor.param.yaml
-- Up-to-date symlink: /home/zhijie/autoware/install/system_monitor/share/system_monitor/config/net_monitor.param.yaml
-- Up-to-date symlink: /home/zhijie/autoware/install/system_monitor/share/system_monitor/config/ntp_monitor.param.yaml
-- Up-to-date symlink: /home/zhijie/autoware/install/system_monitor/share/system_monitor/config/process_monitor.param.yaml
-- Up-to-date symlink: /home/zhijie/autoware/install/system_monitor/share/system_monitor/config/voltage_monitor.param.yaml
-- Up-to-date symlink: /home/zhijie/autoware/install/system_monitor/share/ament_index/resource_index/package_run_dependencies/system_monitor
-- Up-to-date symlink: /home/zhijie/autoware/install/system_monitor/share/ament_index/resource_index/parent_prefix_path/system_monitor
-- Up-to-date symlink: /home/zhijie/autoware/install/system_monitor/share/system_monitor/environment/ament_prefix_path.sh
-- Up-to-date symlink: /home/zhijie/autoware/install/system_monitor/share/system_monitor/environment/ament_prefix_path.dsv
-- Up-to-date symlink: /home/zhijie/autoware/install/system_monitor/share/system_monitor/environment/path.sh
-- Up-to-date symlink: /home/zhijie/autoware/install/system_monitor/share/system_monitor/environment/path.dsv
-- Up-to-date symlink: /home/zhijie/autoware/install/system_monitor/share/system_monitor/local_setup.bash
-- Up-to-date symlink: /home/zhijie/autoware/install/system_monitor/share/system_monitor/local_setup.sh
-- Up-to-date symlink: /home/zhijie/autoware/install/system_monitor/share/system_monitor/local_setup.zsh
-- Up-to-date symlink: /home/zhijie/autoware/install/system_monitor/share/system_monitor/local_setup.dsv
-- Symlinking: /home/zhijie/autoware/install/system_monitor/share/system_monitor/package.dsv
-- Up-to-date symlink: /home/zhijie/autoware/install/system_monitor/share/ament_index/resource_index/packages/system_monitor
-- Up-to-date symlink: /home/zhijie/autoware/install/system_monitor/share/ament_index/resource_index/rclcpp_components/system_monitor
-- Up-to-date symlink: /home/zhijie/autoware/install/system_monitor/share/system_monitor/cmake/ament_cmake_export_dependencies-extras.cmake
-- Up-to-date symlink: /home/zhijie/autoware/install/system_monitor/share/system_monitor/cmake/ament_cmake_export_include_directories-extras.cmake
-- Up-to-date symlink: /home/zhijie/autoware/install/system_monitor/share/system_monitor/cmake/ament_cmake_export_libraries-extras.cmake
-- Up-to-date symlink: /home/zhijie/autoware/install/system_monitor/share/system_monitor/cmake/system_monitorConfig.cmake
-- Up-to-date symlink: /home/zhijie/autoware/install/system_monitor/share/system_monitor/cmake/system_monitorConfig-version.cmake
-- Up-to-date symlink: /home/zhijie/autoware/install/system_monitor/share/system_monitor/package.xml
