[0.114s] Invoking command in '/home/zhijie/autoware/build/boost_udp_driver': AMENT_PREFIX_PATH=/home/zhijie/autoware/install/boost_io_context:${AMENT_PREFIX_PATH} CMAKE_PREFIX_PATH=/home/zhijie/autoware/install/boost_io_context:/opt/ros/humble LD_LIBRARY_PATH=/home/zhijie/autoware/install/boost_io_context/lib:${LD_LIBRARY_PATH} /usr/bin/cmake --build /home/zhijie/autoware/build/boost_udp_driver -- -j16 -l16
[0.224s] [35m[1mConsolidate compiler generated dependencies of target boost_udp_driver[0m
[0.230s] [35m[1mConsolidate compiler generated dependencies of target udp_sender_node_exe[0m
[0.238s] [35m[1mConsolidate compiler generated dependencies of target udp_receiver_node_exe[0m
[0.249s] [35m[1mConsolidate compiler generated dependencies of target gtest_main[0m
[0.259s] [35m[1mConsolidate compiler generated dependencies of target gtest[0m
[0.265s] [ 12%] Built target udp_sender_node_exe
[0.265s] [ 16%] Built target udp_receiver_node_exe
[0.271s] [ 25%] Built target gtest_main
[0.281s] [ 37%] Built target boost_udp_driver
[0.289s] [ 45%] Built target gtest
[0.316s] [35m[1mConsolidate compiler generated dependencies of target boost_udp_driver_nodes[0m
[0.369s] [ 58%] Built target boost_udp_driver_nodes
[0.406s] [35m[1mConsolidate compiler generated dependencies of target test_udp_socket[0m
[0.418s] [35m[1mConsolidate compiler generated dependencies of target test_udp_data[0m
[0.424s] [35m[1mConsolidate compiler generated dependencies of target test_udp_driver[0m
[0.425s] [35m[1mConsolidate compiler generated dependencies of target udp_bridge_node_exe[0m
[0.438s] [35m[1mConsolidate compiler generated dependencies of target test_udp_driver_nodes[0m
[0.494s] [ 66%] Built target test_udp_data
[0.498s] [ 75%] Built target test_udp_socket
[0.506s] [ 83%] Built target udp_bridge_node_exe
[0.527s] [ 91%] Built target test_udp_driver
[0.527s] [100%] Built target test_udp_driver_nodes
[0.574s] Invoked command in '/home/zhijie/autoware/build/boost_udp_driver' returned '0': AMENT_PREFIX_PATH=/home/zhijie/autoware/install/boost_io_context:${AMENT_PREFIX_PATH} CMAKE_PREFIX_PATH=/home/zhijie/autoware/install/boost_io_context:/opt/ros/humble LD_LIBRARY_PATH=/home/zhijie/autoware/install/boost_io_context/lib:${LD_LIBRARY_PATH} /usr/bin/cmake --build /home/zhijie/autoware/build/boost_udp_driver -- -j16 -l16
[1.102s] Invoking command in '/home/zhijie/autoware/build/boost_udp_driver': AMENT_PREFIX_PATH=/home/zhijie/autoware/install/boost_io_context:${AMENT_PREFIX_PATH} CMAKE_PREFIX_PATH=/home/zhijie/autoware/install/boost_io_context:/opt/ros/humble LD_LIBRARY_PATH=/home/zhijie/autoware/install/boost_io_context/lib:${LD_LIBRARY_PATH} /usr/bin/cmake --install /home/zhijie/autoware/build/boost_udp_driver
[1.118s] -- Install configuration: "Release"
[1.119s] -- Execute custom install script
[1.128s] -- Up-to-date symlink: /home/zhijie/autoware/install/boost_udp_driver/lib/boost_udp_driver/udp_receiver_node_exe
[1.128s] -- Up-to-date symlink: /home/zhijie/autoware/install/boost_udp_driver/lib/boost_udp_driver/udp_sender_node_exe
[1.128s] -- Up-to-date symlink: /home/zhijie/autoware/install/boost_udp_driver/include/boost_udp_driver/udp_driver.hpp
[1.128s] -- Up-to-date symlink: /home/zhijie/autoware/install/boost_udp_driver/include/boost_udp_driver/udp_receiver_node.hpp
[1.128s] -- Up-to-date symlink: /home/zhijie/autoware/install/boost_udp_driver/include/boost_udp_driver/udp_sender_node.hpp
[1.128s] -- Up-to-date symlink: /home/zhijie/autoware/install/boost_udp_driver/include/boost_udp_driver/udp_socket.hpp
[1.128s] -- Up-to-date symlink: /home/zhijie/autoware/install/boost_udp_driver/include/boost_udp_driver/visibility_control.hpp
[1.128s] -- Up-to-date symlink: /home/zhijie/autoware/install/boost_udp_driver/share/boost_udp_driver/environment/library_path.sh
[1.128s] -- Up-to-date symlink: /home/zhijie/autoware/install/boost_udp_driver/share/boost_udp_driver/environment/library_path.dsv
[1.128s] -- Up-to-date symlink: /home/zhijie/autoware/install/boost_udp_driver/lib/libboost_udp_driver.so
[1.129s] -- Up-to-date symlink: /home/zhijie/autoware/install/boost_udp_driver/lib/libboost_udp_driver_nodes.so
[1.129s] -- Up-to-date symlink: /home/zhijie/autoware/install/boost_udp_driver/lib/boost_udp_driver/udp_bridge_node_exe
[1.129s] -- Up-to-date symlink: /home/zhijie/autoware/install/boost_udp_driver/share/ament_index/resource_index/package_run_dependencies/boost_udp_driver
[1.130s] -- Up-to-date symlink: /home/zhijie/autoware/install/boost_udp_driver/share/ament_index/resource_index/parent_prefix_path/boost_udp_driver
[1.130s] -- Up-to-date symlink: /home/zhijie/autoware/install/boost_udp_driver/share/boost_udp_driver/environment/ament_prefix_path.sh
[1.130s] -- Up-to-date symlink: /home/zhijie/autoware/install/boost_udp_driver/share/boost_udp_driver/environment/ament_prefix_path.dsv
[1.130s] -- Up-to-date symlink: /home/zhijie/autoware/install/boost_udp_driver/share/boost_udp_driver/environment/path.sh
[1.131s] -- Up-to-date symlink: /home/zhijie/autoware/install/boost_udp_driver/share/boost_udp_driver/environment/path.dsv
[1.132s] -- Up-to-date symlink: /home/zhijie/autoware/install/boost_udp_driver/share/boost_udp_driver/local_setup.bash
[1.132s] -- Up-to-date symlink: /home/zhijie/autoware/install/boost_udp_driver/share/boost_udp_driver/local_setup.sh
[1.133s] -- Up-to-date symlink: /home/zhijie/autoware/install/boost_udp_driver/share/boost_udp_driver/local_setup.zsh
[1.133s] -- Up-to-date symlink: /home/zhijie/autoware/install/boost_udp_driver/share/boost_udp_driver/local_setup.dsv
[1.133s] -- Symlinking: /home/zhijie/autoware/install/boost_udp_driver/share/boost_udp_driver/package.dsv
[1.165s] -- Up-to-date symlink: /home/zhijie/autoware/install/boost_udp_driver/share/ament_index/resource_index/packages/boost_udp_driver
[1.165s] -- Up-to-date symlink: /home/zhijie/autoware/install/boost_udp_driver/share/ament_index/resource_index/rclcpp_components/boost_udp_driver
[1.166s] -- Up-to-date symlink: /home/zhijie/autoware/install/boost_udp_driver/share/boost_udp_driver/cmake/ament_cmake_export_dependencies-extras.cmake
[1.166s] -- Up-to-date symlink: /home/zhijie/autoware/install/boost_udp_driver/share/boost_udp_driver/cmake/ament_cmake_export_include_directories-extras.cmake
[1.167s] -- Up-to-date symlink: /home/zhijie/autoware/install/boost_udp_driver/share/boost_udp_driver/cmake/ament_cmake_export_libraries-extras.cmake
[1.168s] -- Up-to-date symlink: /home/zhijie/autoware/install/boost_udp_driver/share/boost_udp_driver/cmake/boost_udp_driverConfig.cmake
[1.168s] -- Up-to-date symlink: /home/zhijie/autoware/install/boost_udp_driver/share/boost_udp_driver/cmake/boost_udp_driverConfig-version.cmake
[1.169s] -- Up-to-date symlink: /home/zhijie/autoware/install/boost_udp_driver/share/boost_udp_driver/package.xml
[1.175s] Invoked command in '/home/zhijie/autoware/build/boost_udp_driver' returned '0': AMENT_PREFIX_PATH=/home/zhijie/autoware/install/boost_io_context:${AMENT_PREFIX_PATH} CMAKE_PREFIX_PATH=/home/zhijie/autoware/install/boost_io_context:/opt/ros/humble LD_LIBRARY_PATH=/home/zhijie/autoware/install/boost_io_context/lib:${LD_LIBRARY_PATH} /usr/bin/cmake --install /home/zhijie/autoware/build/boost_udp_driver
