[0.317s] Invoking command in '/home/mtl12345/autoware/build/autoware_auto_control_msgs': CMAKE_PREFIX_PATH=/opt/ros/humble /usr/bin/cmake --build /home/mtl12345/autoware/build/autoware_auto_control_msgs -- -j12 -l12
[0.417s] [ 10%] Built target autoware_auto_control_msgs__rosidl_generator_c
[0.433s] [ 12%] Built target autoware_auto_control_msgs__cpp
[0.446s] [ 12%] Built target ament_cmake_python_symlink_autoware_auto_control_msgs
[0.531s] [ 23%] Built target autoware_auto_control_msgs__rosidl_typesupport_c
[0.535s] [ 34%] Built target autoware_auto_control_msgs__rosidl_typesupport_fastrtps_c
[0.543s] [ 45%] Built target autoware_auto_control_msgs__rosidl_typesupport_fastrtps_cpp
[0.552s] [ 56%] Built target autoware_auto_control_msgs__rosidl_typesupport_introspection_c
[0.572s] [ 67%] Built target autoware_auto_control_msgs__rosidl_typesupport_cpp
[0.588s] [ 78%] Built target autoware_auto_control_msgs__rosidl_typesupport_introspection_cpp
[0.679s] [ 78%] Built target autoware_auto_control_msgs
[0.746s] [ 80%] Built target autoware_auto_control_msgs__py
[0.820s] [ 89%] Built target autoware_auto_control_msgs__rosidl_generator_py
[0.895s] [ 92%] Built target autoware_auto_control_msgs__rosidl_typesupport_fastrtps_c__pyext
[0.946s] [ 96%] Built target autoware_auto_control_msgs__rosidl_typesupport_introspection_c__pyext
[0.949s] [100%] Built target autoware_auto_control_msgs__rosidl_typesupport_c__pyext
[1.149s] running egg_info
[1.152s] writing autoware_auto_control_msgs.egg-info/PKG-INFO
[1.152s] writing dependency_links to autoware_auto_control_msgs.egg-info/dependency_links.txt
[1.153s] writing top-level names to autoware_auto_control_msgs.egg-info/top_level.txt
[1.157s] reading manifest file 'autoware_auto_control_msgs.egg-info/SOURCES.txt'
[1.158s] writing manifest file 'autoware_auto_control_msgs.egg-info/SOURCES.txt'
[1.209s] [100%] Built target ament_cmake_python_build_autoware_auto_control_msgs_egg
[1.332s] Invoked command in '/home/mtl12345/autoware/build/autoware_auto_control_msgs' returned '0': CMAKE_PREFIX_PATH=/opt/ros/humble /usr/bin/cmake --build /home/mtl12345/autoware/build/autoware_auto_control_msgs -- -j12 -l12
[1.746s] Invoking command in '/home/mtl12345/autoware/build/autoware_auto_control_msgs': CMAKE_PREFIX_PATH=/opt/ros/humble /usr/bin/cmake --install /home/mtl12345/autoware/build/autoware_auto_control_msgs
[1.876s] -- Install configuration: "Release"
[1.876s] -- Execute custom install script
[1.876s] -- Up-to-date symlink: /home/mtl12345/autoware/install/autoware_auto_control_msgs/share/ament_index/resource_index/rosidl_interfaces/autoware_auto_control_msgs
[1.877s] -- Up-to-date symlink: /home/mtl12345/autoware/install/autoware_auto_control_msgs/include/autoware_auto_control_msgs/autoware_auto_control_msgs/msg/ackermann_control_command.h
[1.877s] -- Up-to-date symlink: /home/mtl12345/autoware/install/autoware_auto_control_msgs/include/autoware_auto_control_msgs/autoware_auto_control_msgs/msg/ackermann_lateral_command.h
[1.877s] -- Up-to-date symlink: /home/mtl12345/autoware/install/autoware_auto_control_msgs/include/autoware_auto_control_msgs/autoware_auto_control_msgs/msg/detail/ackermann_control_command__functions.h
[1.877s] -- Up-to-date symlink: /home/mtl12345/autoware/install/autoware_auto_control_msgs/include/autoware_auto_control_msgs/autoware_auto_control_msgs/msg/detail/ackermann_control_command__struct.h
[1.877s] -- Up-to-date symlink: /home/mtl12345/autoware/install/autoware_auto_control_msgs/include/autoware_auto_control_msgs/autoware_auto_control_msgs/msg/detail/ackermann_control_command__type_support.h
[1.877s] -- Up-to-date symlink: /home/mtl12345/autoware/install/autoware_auto_control_msgs/include/autoware_auto_control_msgs/autoware_auto_control_msgs/msg/detail/ackermann_lateral_command__functions.h
[1.877s] -- Up-to-date symlink: /home/mtl12345/autoware/install/autoware_auto_control_msgs/include/autoware_auto_control_msgs/autoware_auto_control_msgs/msg/detail/ackermann_lateral_command__struct.h
[1.877s] -- Up-to-date symlink: /home/mtl12345/autoware/install/autoware_auto_control_msgs/include/autoware_auto_control_msgs/autoware_auto_control_msgs/msg/detail/ackermann_lateral_command__type_support.h
[1.877s] -- Up-to-date symlink: /home/mtl12345/autoware/install/autoware_auto_control_msgs/include/autoware_auto_control_msgs/autoware_auto_control_msgs/msg/detail/high_level_control_command__functions.h
[1.878s] -- Up-to-date symlink: /home/mtl12345/autoware/install/autoware_auto_control_msgs/include/autoware_auto_control_msgs/autoware_auto_control_msgs/msg/detail/high_level_control_command__struct.h
[1.878s] -- Up-to-date symlink: /home/mtl12345/autoware/install/autoware_auto_control_msgs/include/autoware_auto_control_msgs/autoware_auto_control_msgs/msg/detail/high_level_control_command__type_support.h
[1.878s] -- Up-to-date symlink: /home/mtl12345/autoware/install/autoware_auto_control_msgs/include/autoware_auto_control_msgs/autoware_auto_control_msgs/msg/detail/longitudinal_command__functions.h
[1.878s] -- Up-to-date symlink: /home/mtl12345/autoware/install/autoware_auto_control_msgs/include/autoware_auto_control_msgs/autoware_auto_control_msgs/msg/detail/longitudinal_command__struct.h
[1.878s] -- Up-to-date symlink: /home/mtl12345/autoware/install/autoware_auto_control_msgs/include/autoware_auto_control_msgs/autoware_auto_control_msgs/msg/detail/longitudinal_command__type_support.h
[1.878s] -- Up-to-date symlink: /home/mtl12345/autoware/install/autoware_auto_control_msgs/include/autoware_auto_control_msgs/autoware_auto_control_msgs/msg/high_level_control_command.h
[1.878s] -- Up-to-date symlink: /home/mtl12345/autoware/install/autoware_auto_control_msgs/include/autoware_auto_control_msgs/autoware_auto_control_msgs/msg/longitudinal_command.h
[1.878s] -- Up-to-date symlink: /home/mtl12345/autoware/install/autoware_auto_control_msgs/include/autoware_auto_control_msgs/autoware_auto_control_msgs/msg/rosidl_generator_c__visibility_control.h
[1.879s] -- Up-to-date symlink: /home/mtl12345/autoware/install/autoware_auto_control_msgs/share/autoware_auto_control_msgs/environment/library_path.sh
[1.879s] -- Up-to-date symlink: /home/mtl12345/autoware/install/autoware_auto_control_msgs/share/autoware_auto_control_msgs/environment/library_path.dsv
[1.879s] -- Up-to-date symlink: /home/mtl12345/autoware/install/autoware_auto_control_msgs/include/autoware_auto_control_msgs/autoware_auto_control_msgs/msg/detail/ackermann_control_command__rosidl_typesupport_fastrtps_c.h
[1.889s] -- Up-to-date symlink: /home/mtl12345/autoware/install/autoware_auto_control_msgs/include/autoware_auto_control_msgs/autoware_auto_control_msgs/msg/detail/ackermann_lateral_command__rosidl_typesupport_fastrtps_c.h
[1.889s] -- Up-to-date symlink: /home/mtl12345/autoware/install/autoware_auto_control_msgs/include/autoware_auto_control_msgs/autoware_auto_control_msgs/msg/detail/high_level_control_command__rosidl_typesupport_fastrtps_c.h
[1.889s] -- Up-to-date symlink: /home/mtl12345/autoware/install/autoware_auto_control_msgs/include/autoware_auto_control_msgs/autoware_auto_control_msgs/msg/detail/longitudinal_command__rosidl_typesupport_fastrtps_c.h
[1.889s] -- Up-to-date symlink: /home/mtl12345/autoware/install/autoware_auto_control_msgs/include/autoware_auto_control_msgs/autoware_auto_control_msgs/msg/rosidl_typesupport_fastrtps_c__visibility_control.h
[1.890s] -- Up-to-date symlink: /home/mtl12345/autoware/install/autoware_auto_control_msgs/include/autoware_auto_control_msgs/autoware_auto_control_msgs/msg/detail/ackermann_control_command__rosidl_typesupport_introspection_c.h
[1.890s] -- Up-to-date symlink: /home/mtl12345/autoware/install/autoware_auto_control_msgs/include/autoware_auto_control_msgs/autoware_auto_control_msgs/msg/detail/ackermann_lateral_command__rosidl_typesupport_introspection_c.h
[1.890s] -- Up-to-date symlink: /home/mtl12345/autoware/install/autoware_auto_control_msgs/include/autoware_auto_control_msgs/autoware_auto_control_msgs/msg/detail/high_level_control_command__rosidl_typesupport_introspection_c.h
[1.890s] -- Up-to-date symlink: /home/mtl12345/autoware/install/autoware_auto_control_msgs/include/autoware_auto_control_msgs/autoware_auto_control_msgs/msg/detail/longitudinal_command__rosidl_typesupport_introspection_c.h
[1.890s] -- Up-to-date symlink: /home/mtl12345/autoware/install/autoware_auto_control_msgs/include/autoware_auto_control_msgs/autoware_auto_control_msgs/msg/rosidl_typesupport_introspection_c__visibility_control.h
[1.890s] -- Up-to-date symlink: /home/mtl12345/autoware/install/autoware_auto_control_msgs/include/autoware_auto_control_msgs/autoware_auto_control_msgs/msg/ackermann_control_command.hpp
[1.890s] -- Up-to-date symlink: /home/mtl12345/autoware/install/autoware_auto_control_msgs/include/autoware_auto_control_msgs/autoware_auto_control_msgs/msg/ackermann_lateral_command.hpp
[1.891s] -- Up-to-date symlink: /home/mtl12345/autoware/install/autoware_auto_control_msgs/include/autoware_auto_control_msgs/autoware_auto_control_msgs/msg/detail/ackermann_control_command__builder.hpp
[1.891s] -- Up-to-date symlink: /home/mtl12345/autoware/install/autoware_auto_control_msgs/include/autoware_auto_control_msgs/autoware_auto_control_msgs/msg/detail/ackermann_control_command__struct.hpp
[1.891s] -- Up-to-date symlink: /home/mtl12345/autoware/install/autoware_auto_control_msgs/include/autoware_auto_control_msgs/autoware_auto_control_msgs/msg/detail/ackermann_control_command__traits.hpp
[1.891s] -- Up-to-date symlink: /home/mtl12345/autoware/install/autoware_auto_control_msgs/include/autoware_auto_control_msgs/autoware_auto_control_msgs/msg/detail/ackermann_lateral_command__builder.hpp
[1.891s] -- Up-to-date symlink: /home/mtl12345/autoware/install/autoware_auto_control_msgs/include/autoware_auto_control_msgs/autoware_auto_control_msgs/msg/detail/ackermann_lateral_command__struct.hpp
[1.891s] -- Up-to-date symlink: /home/mtl12345/autoware/install/autoware_auto_control_msgs/include/autoware_auto_control_msgs/autoware_auto_control_msgs/msg/detail/ackermann_lateral_command__traits.hpp
[1.891s] -- Up-to-date symlink: /home/mtl12345/autoware/install/autoware_auto_control_msgs/include/autoware_auto_control_msgs/autoware_auto_control_msgs/msg/detail/high_level_control_command__builder.hpp
[1.892s] -- Up-to-date symlink: /home/mtl12345/autoware/install/autoware_auto_control_msgs/include/autoware_auto_control_msgs/autoware_auto_control_msgs/msg/detail/high_level_control_command__struct.hpp
[1.892s] -- Up-to-date symlink: /home/mtl12345/autoware/install/autoware_auto_control_msgs/include/autoware_auto_control_msgs/autoware_auto_control_msgs/msg/detail/high_level_control_command__traits.hpp
[1.892s] -- Up-to-date symlink: /home/mtl12345/autoware/install/autoware_auto_control_msgs/include/autoware_auto_control_msgs/autoware_auto_control_msgs/msg/detail/longitudinal_command__builder.hpp
[1.892s] -- Up-to-date symlink: /home/mtl12345/autoware/install/autoware_auto_control_msgs/include/autoware_auto_control_msgs/autoware_auto_control_msgs/msg/detail/longitudinal_command__struct.hpp
[1.892s] -- Up-to-date symlink: /home/mtl12345/autoware/install/autoware_auto_control_msgs/include/autoware_auto_control_msgs/autoware_auto_control_msgs/msg/detail/longitudinal_command__traits.hpp
[1.892s] -- Up-to-date symlink: /home/mtl12345/autoware/install/autoware_auto_control_msgs/include/autoware_auto_control_msgs/autoware_auto_control_msgs/msg/high_level_control_command.hpp
[1.892s] -- Up-to-date symlink: /home/mtl12345/autoware/install/autoware_auto_control_msgs/include/autoware_auto_control_msgs/autoware_auto_control_msgs/msg/longitudinal_command.hpp
[1.892s] -- Up-to-date symlink: /home/mtl12345/autoware/install/autoware_auto_control_msgs/include/autoware_auto_control_msgs/autoware_auto_control_msgs/msg/detail/ackermann_control_command__rosidl_typesupport_fastrtps_cpp.hpp
[1.893s] -- Up-to-date symlink: /home/mtl12345/autoware/install/autoware_auto_control_msgs/include/autoware_auto_control_msgs/autoware_auto_control_msgs/msg/detail/ackermann_lateral_command__rosidl_typesupport_fastrtps_cpp.hpp
[1.893s] -- Up-to-date symlink: /home/mtl12345/autoware/install/autoware_auto_control_msgs/include/autoware_auto_control_msgs/autoware_auto_control_msgs/msg/detail/high_level_control_command__rosidl_typesupport_fastrtps_cpp.hpp
[1.893s] -- Up-to-date symlink: /home/mtl12345/autoware/install/autoware_auto_control_msgs/include/autoware_auto_control_msgs/autoware_auto_control_msgs/msg/detail/longitudinal_command__rosidl_typesupport_fastrtps_cpp.hpp
[1.893s] -- Up-to-date symlink: /home/mtl12345/autoware/install/autoware_auto_control_msgs/include/autoware_auto_control_msgs/autoware_auto_control_msgs/msg/rosidl_typesupport_fastrtps_cpp__visibility_control.h
[1.893s] -- Up-to-date symlink: /home/mtl12345/autoware/install/autoware_auto_control_msgs/include/autoware_auto_control_msgs/autoware_auto_control_msgs/msg/detail/ackermann_control_command__rosidl_typesupport_introspection_cpp.hpp
[1.893s] -- Up-to-date symlink: /home/mtl12345/autoware/install/autoware_auto_control_msgs/include/autoware_auto_control_msgs/autoware_auto_control_msgs/msg/detail/ackermann_lateral_command__rosidl_typesupport_introspection_cpp.hpp
[1.893s] -- Up-to-date symlink: /home/mtl12345/autoware/install/autoware_auto_control_msgs/include/autoware_auto_control_msgs/autoware_auto_control_msgs/msg/detail/high_level_control_command__rosidl_typesupport_introspection_cpp.hpp
[1.894s] -- Up-to-date symlink: /home/mtl12345/autoware/install/autoware_auto_control_msgs/include/autoware_auto_control_msgs/autoware_auto_control_msgs/msg/detail/longitudinal_command__rosidl_typesupport_introspection_cpp.hpp
[1.894s] -- Up-to-date symlink: /home/mtl12345/autoware/install/autoware_auto_control_msgs/share/autoware_auto_control_msgs/environment/pythonpath.sh
[1.894s] -- Up-to-date symlink: /home/mtl12345/autoware/install/autoware_auto_control_msgs/share/autoware_auto_control_msgs/environment/pythonpath.dsv
[1.894s] -- Up-to-date symlink: /home/mtl12345/autoware/install/autoware_auto_control_msgs/local/lib/python3.10/dist-packages/autoware_auto_control_msgs-1.0.0-py3.10.egg-info/PKG-INFO
[1.894s] -- Up-to-date symlink: /home/mtl12345/autoware/install/autoware_auto_control_msgs/local/lib/python3.10/dist-packages/autoware_auto_control_msgs-1.0.0-py3.10.egg-info/SOURCES.txt
[1.894s] -- Up-to-date symlink: /home/mtl12345/autoware/install/autoware_auto_control_msgs/local/lib/python3.10/dist-packages/autoware_auto_control_msgs-1.0.0-py3.10.egg-info/dependency_links.txt
[1.895s] -- Up-to-date symlink: /home/mtl12345/autoware/install/autoware_auto_control_msgs/local/lib/python3.10/dist-packages/autoware_auto_control_msgs-1.0.0-py3.10.egg-info/top_level.txt
[1.895s] -- Up-to-date symlink: /home/mtl12345/autoware/install/autoware_auto_control_msgs/local/lib/python3.10/dist-packages/autoware_auto_control_msgs/__init__.py
[1.895s] -- Up-to-date symlink: /home/mtl12345/autoware/install/autoware_auto_control_msgs/local/lib/python3.10/dist-packages/autoware_auto_control_msgs/_autoware_auto_control_msgs_s.ep.rosidl_typesupport_c.c
[1.895s] -- Up-to-date symlink: /home/mtl12345/autoware/install/autoware_auto_control_msgs/local/lib/python3.10/dist-packages/autoware_auto_control_msgs/_autoware_auto_control_msgs_s.ep.rosidl_typesupport_fastrtps_c.c
[1.895s] -- Up-to-date symlink: /home/mtl12345/autoware/install/autoware_auto_control_msgs/local/lib/python3.10/dist-packages/autoware_auto_control_msgs/_autoware_auto_control_msgs_s.ep.rosidl_typesupport_introspection_c.c
[1.895s] -- Up-to-date symlink: /home/mtl12345/autoware/install/autoware_auto_control_msgs/local/lib/python3.10/dist-packages/autoware_auto_control_msgs/autoware_auto_control_msgs_s__rosidl_typesupport_c.cpython-310-x86_64-linux-gnu.so
[1.895s] -- Up-to-date symlink: /home/mtl12345/autoware/install/autoware_auto_control_msgs/local/lib/python3.10/dist-packages/autoware_auto_control_msgs/autoware_auto_control_msgs_s__rosidl_typesupport_fastrtps_c.cpython-310-x86_64-linux-gnu.so
[1.895s] -- Up-to-date symlink: /home/mtl12345/autoware/install/autoware_auto_control_msgs/local/lib/python3.10/dist-packages/autoware_auto_control_msgs/autoware_auto_control_msgs_s__rosidl_typesupport_introspection_c.cpython-310-x86_64-linux-gnu.so
[1.895s] -- Up-to-date symlink: /home/mtl12345/autoware/install/autoware_auto_control_msgs/local/lib/python3.10/dist-packages/autoware_auto_control_msgs/libautoware_auto_control_msgs__rosidl_generator_py.so
[1.896s] -- Up-to-date symlink: /home/mtl12345/autoware/install/autoware_auto_control_msgs/local/lib/python3.10/dist-packages/autoware_auto_control_msgs/msg/__init__.py
[1.896s] -- Up-to-date symlink: /home/mtl12345/autoware/install/autoware_auto_control_msgs/local/lib/python3.10/dist-packages/autoware_auto_control_msgs/msg/_ackermann_control_command.py
[1.896s] -- Up-to-date symlink: /home/mtl12345/autoware/install/autoware_auto_control_msgs/local/lib/python3.10/dist-packages/autoware_auto_control_msgs/msg/_ackermann_control_command_s.c
[1.896s] -- Up-to-date symlink: /home/mtl12345/autoware/install/autoware_auto_control_msgs/local/lib/python3.10/dist-packages/autoware_auto_control_msgs/msg/_ackermann_lateral_command.py
[1.896s] -- Up-to-date symlink: /home/mtl12345/autoware/install/autoware_auto_control_msgs/local/lib/python3.10/dist-packages/autoware_auto_control_msgs/msg/_ackermann_lateral_command_s.c
[1.896s] -- Up-to-date symlink: /home/mtl12345/autoware/install/autoware_auto_control_msgs/local/lib/python3.10/dist-packages/autoware_auto_control_msgs/msg/_high_level_control_command.py
[1.896s] -- Up-to-date symlink: /home/mtl12345/autoware/install/autoware_auto_control_msgs/local/lib/python3.10/dist-packages/autoware_auto_control_msgs/msg/_high_level_control_command_s.c
[1.896s] -- Up-to-date symlink: /home/mtl12345/autoware/install/autoware_auto_control_msgs/local/lib/python3.10/dist-packages/autoware_auto_control_msgs/msg/_longitudinal_command.py
[1.897s] -- Up-to-date symlink: /home/mtl12345/autoware/install/autoware_auto_control_msgs/local/lib/python3.10/dist-packages/autoware_auto_control_msgs/msg/_longitudinal_command_s.c
[1.897s] -- Up-to-date symlink: /home/mtl12345/autoware/install/autoware_auto_control_msgs/local/lib/python3.10/dist-packages/autoware_auto_control_msgs/autoware_auto_control_msgs_s__rosidl_typesupport_fastrtps_c.cpython-310-x86_64-linux-gnu.so
[1.897s] -- Up-to-date symlink: /home/mtl12345/autoware/install/autoware_auto_control_msgs/local/lib/python3.10/dist-packages/autoware_auto_control_msgs/autoware_auto_control_msgs_s__rosidl_typesupport_introspection_c.cpython-310-x86_64-linux-gnu.so
[1.897s] -- Up-to-date symlink: /home/mtl12345/autoware/install/autoware_auto_control_msgs/local/lib/python3.10/dist-packages/autoware_auto_control_msgs/autoware_auto_control_msgs_s__rosidl_typesupport_c.cpython-310-x86_64-linux-gnu.so
[1.897s] -- Up-to-date symlink: /home/mtl12345/autoware/install/autoware_auto_control_msgs/share/autoware_auto_control_msgs/msg/AckermannControlCommand.idl
[1.897s] -- Up-to-date symlink: /home/mtl12345/autoware/install/autoware_auto_control_msgs/share/autoware_auto_control_msgs/msg/AckermannLateralCommand.idl
[1.897s] -- Up-to-date symlink: /home/mtl12345/autoware/install/autoware_auto_control_msgs/share/autoware_auto_control_msgs/msg/HighLevelControlCommand.idl
[1.897s] -- Up-to-date symlink: /home/mtl12345/autoware/install/autoware_auto_control_msgs/share/autoware_auto_control_msgs/msg/LongitudinalCommand.idl
[1.897s] -- Up-to-date symlink: /home/mtl12345/autoware/install/autoware_auto_control_msgs/share/ament_index/resource_index/package_run_dependencies/autoware_auto_control_msgs
[1.897s] -- Up-to-date symlink: /home/mtl12345/autoware/install/autoware_auto_control_msgs/share/ament_index/resource_index/parent_prefix_path/autoware_auto_control_msgs
[1.897s] -- Up-to-date symlink: /home/mtl12345/autoware/install/autoware_auto_control_msgs/share/autoware_auto_control_msgs/environment/ament_prefix_path.sh
[1.897s] -- Up-to-date symlink: /home/mtl12345/autoware/install/autoware_auto_control_msgs/share/autoware_auto_control_msgs/environment/ament_prefix_path.dsv
[1.898s] -- Up-to-date symlink: /home/mtl12345/autoware/install/autoware_auto_control_msgs/share/autoware_auto_control_msgs/environment/path.sh
[1.898s] -- Up-to-date symlink: /home/mtl12345/autoware/install/autoware_auto_control_msgs/share/autoware_auto_control_msgs/environment/path.dsv
[1.925s] -- Up-to-date symlink: /home/mtl12345/autoware/install/autoware_auto_control_msgs/share/autoware_auto_control_msgs/local_setup.bash
[1.925s] -- Up-to-date symlink: /home/mtl12345/autoware/install/autoware_auto_control_msgs/share/autoware_auto_control_msgs/local_setup.sh
[1.925s] -- Up-to-date symlink: /home/mtl12345/autoware/install/autoware_auto_control_msgs/share/autoware_auto_control_msgs/local_setup.zsh
[1.925s] -- Up-to-date symlink: /home/mtl12345/autoware/install/autoware_auto_control_msgs/share/autoware_auto_control_msgs/local_setup.dsv
[1.925s] -- Symlinking: /home/mtl12345/autoware/install/autoware_auto_control_msgs/share/autoware_auto_control_msgs/package.dsv
[1.960s] -- Up-to-date symlink: /home/mtl12345/autoware/install/autoware_auto_control_msgs/share/ament_index/resource_index/packages/autoware_auto_control_msgs
[1.961s] -- Up-to-date symlink: /home/mtl12345/autoware/install/autoware_auto_control_msgs/share/autoware_auto_control_msgs/cmake/rosidl_cmake-extras.cmake
[1.961s] -- Up-to-date symlink: /home/mtl12345/autoware/install/autoware_auto_control_msgs/share/autoware_auto_control_msgs/cmake/ament_cmake_export_dependencies-extras.cmake
[1.961s] -- Up-to-date symlink: /home/mtl12345/autoware/install/autoware_auto_control_msgs/share/autoware_auto_control_msgs/cmake/ament_cmake_export_include_directories-extras.cmake
[1.962s] -- Up-to-date symlink: /home/mtl12345/autoware/install/autoware_auto_control_msgs/share/autoware_auto_control_msgs/cmake/ament_cmake_export_libraries-extras.cmake
[1.962s] -- Up-to-date symlink: /home/mtl12345/autoware/install/autoware_auto_control_msgs/share/autoware_auto_control_msgs/cmake/ament_cmake_export_targets-extras.cmake
[1.962s] -- Up-to-date symlink: /home/mtl12345/autoware/install/autoware_auto_control_msgs/share/autoware_auto_control_msgs/cmake/rosidl_cmake_export_typesupport_targets-extras.cmake
[1.963s] -- Up-to-date symlink: /home/mtl12345/autoware/install/autoware_auto_control_msgs/share/autoware_auto_control_msgs/cmake/rosidl_cmake_export_typesupport_libraries-extras.cmake
[1.964s] -- Up-to-date symlink: /home/mtl12345/autoware/install/autoware_auto_control_msgs/share/autoware_auto_control_msgs/cmake/autoware_auto_control_msgsConfig.cmake
[1.964s] -- Up-to-date symlink: /home/mtl12345/autoware/install/autoware_auto_control_msgs/share/autoware_auto_control_msgs/cmake/autoware_auto_control_msgsConfig-version.cmake
[1.965s] -- Up-to-date symlink: /home/mtl12345/autoware/install/autoware_auto_control_msgs/share/autoware_auto_control_msgs/package.xml
[1.965s] -- Up-to-date: /home/mtl12345/autoware/install/autoware_auto_control_msgs/lib/libautoware_auto_control_msgs__rosidl_generator_c.so
[1.965s] -- Up-to-date: /home/mtl12345/autoware/install/autoware_auto_control_msgs/lib/libautoware_auto_control_msgs__rosidl_typesupport_fastrtps_c.so
[1.966s] -- Up-to-date: /home/mtl12345/autoware/install/autoware_auto_control_msgs/lib/libautoware_auto_control_msgs__rosidl_typesupport_introspection_c.so
[1.967s] -- Up-to-date: /home/mtl12345/autoware/install/autoware_auto_control_msgs/lib/libautoware_auto_control_msgs__rosidl_typesupport_c.so
[1.967s] -- Up-to-date: /home/mtl12345/autoware/install/autoware_auto_control_msgs/lib/libautoware_auto_control_msgs__rosidl_typesupport_fastrtps_cpp.so
[1.968s] -- Up-to-date: /home/mtl12345/autoware/install/autoware_auto_control_msgs/lib/libautoware_auto_control_msgs__rosidl_typesupport_introspection_cpp.so
[1.968s] -- Up-to-date: /home/mtl12345/autoware/install/autoware_auto_control_msgs/lib/libautoware_auto_control_msgs__rosidl_typesupport_cpp.so
[1.986s] Listing '/home/mtl12345/autoware/install/autoware_auto_control_msgs/local/lib/python3.10/dist-packages/autoware_auto_control_msgs'...
[1.986s] Listing '/home/mtl12345/autoware/install/autoware_auto_control_msgs/local/lib/python3.10/dist-packages/autoware_auto_control_msgs/msg'...
[1.986s] -- Up-to-date: /home/mtl12345/autoware/install/autoware_auto_control_msgs/lib/libautoware_auto_control_msgs__rosidl_generator_py.so
[1.986s] -- Up-to-date: /home/mtl12345/autoware/install/autoware_auto_control_msgs/share/autoware_auto_control_msgs/cmake/export_autoware_auto_control_msgs__rosidl_generator_cExport.cmake
[1.986s] -- Up-to-date: /home/mtl12345/autoware/install/autoware_auto_control_msgs/share/autoware_auto_control_msgs/cmake/export_autoware_auto_control_msgs__rosidl_generator_cExport-release.cmake
[1.986s] -- Up-to-date: /home/mtl12345/autoware/install/autoware_auto_control_msgs/share/autoware_auto_control_msgs/cmake/export_autoware_auto_control_msgs__rosidl_typesupport_fastrtps_cExport.cmake
[1.986s] -- Up-to-date: /home/mtl12345/autoware/install/autoware_auto_control_msgs/share/autoware_auto_control_msgs/cmake/export_autoware_auto_control_msgs__rosidl_typesupport_fastrtps_cExport-release.cmake
[1.986s] -- Up-to-date: /home/mtl12345/autoware/install/autoware_auto_control_msgs/share/autoware_auto_control_msgs/cmake/autoware_auto_control_msgs__rosidl_typesupport_introspection_cExport.cmake
[1.986s] -- Up-to-date: /home/mtl12345/autoware/install/autoware_auto_control_msgs/share/autoware_auto_control_msgs/cmake/autoware_auto_control_msgs__rosidl_typesupport_introspection_cExport-release.cmake
[1.987s] -- Up-to-date: /home/mtl12345/autoware/install/autoware_auto_control_msgs/share/autoware_auto_control_msgs/cmake/autoware_auto_control_msgs__rosidl_typesupport_cExport.cmake
[1.987s] -- Up-to-date: /home/mtl12345/autoware/install/autoware_auto_control_msgs/share/autoware_auto_control_msgs/cmake/autoware_auto_control_msgs__rosidl_typesupport_cExport-release.cmake
[1.987s] -- Up-to-date: /home/mtl12345/autoware/install/autoware_auto_control_msgs/share/autoware_auto_control_msgs/cmake/export_autoware_auto_control_msgs__rosidl_generator_cppExport.cmake
[1.987s] -- Up-to-date: /home/mtl12345/autoware/install/autoware_auto_control_msgs/share/autoware_auto_control_msgs/cmake/export_autoware_auto_control_msgs__rosidl_typesupport_fastrtps_cppExport.cmake
[1.987s] -- Up-to-date: /home/mtl12345/autoware/install/autoware_auto_control_msgs/share/autoware_auto_control_msgs/cmake/export_autoware_auto_control_msgs__rosidl_typesupport_fastrtps_cppExport-release.cmake
[1.987s] -- Up-to-date: /home/mtl12345/autoware/install/autoware_auto_control_msgs/share/autoware_auto_control_msgs/cmake/autoware_auto_control_msgs__rosidl_typesupport_introspection_cppExport.cmake
[1.987s] -- Up-to-date: /home/mtl12345/autoware/install/autoware_auto_control_msgs/share/autoware_auto_control_msgs/cmake/autoware_auto_control_msgs__rosidl_typesupport_introspection_cppExport-release.cmake
[1.987s] -- Up-to-date: /home/mtl12345/autoware/install/autoware_auto_control_msgs/share/autoware_auto_control_msgs/cmake/autoware_auto_control_msgs__rosidl_typesupport_cppExport.cmake
[1.987s] -- Up-to-date: /home/mtl12345/autoware/install/autoware_auto_control_msgs/share/autoware_auto_control_msgs/cmake/autoware_auto_control_msgs__rosidl_typesupport_cppExport-release.cmake
[1.987s] -- Up-to-date: /home/mtl12345/autoware/install/autoware_auto_control_msgs/share/autoware_auto_control_msgs/cmake/export_autoware_auto_control_msgs__rosidl_generator_pyExport.cmake
[1.987s] -- Up-to-date: /home/mtl12345/autoware/install/autoware_auto_control_msgs/share/autoware_auto_control_msgs/cmake/export_autoware_auto_control_msgs__rosidl_generator_pyExport-release.cmake
[2.389s] Invoked command in '/home/mtl12345/autoware/build/autoware_auto_control_msgs' returned '0': CMAKE_PREFIX_PATH=/opt/ros/humble /usr/bin/cmake --install /home/mtl12345/autoware/build/autoware_auto_control_msgs
