[  0%] Built target ament_cmake_python_symlink_pandar_msgs
[ 10%] Built target pandar_msgs__rosidl_generator_c
[ 12%] Built target pandar_msgs__cpp
[ 23%] Built target pandar_msgs__rosidl_typesupport_introspection_c
[ 34%] Built target pandar_msgs__rosidl_typesupport_fastrtps_c
[ 44%] Built target pandar_msgs__rosidl_typesupport_c
[ 55%] Built target pandar_msgs__rosidl_typesupport_cpp
[ 65%] Built target pandar_msgs__rosidl_typesupport_introspection_cpp
[ 76%] Built target pandar_msgs__rosidl_typesupport_fastrtps_cpp
[ 76%] Built target pandar_msgs
[ 78%] Built target pandar_msgs__py
[ 87%] Built target pandar_msgs__rosidl_generator_py
[ 91%] Built target pandar_msgs__rosidl_typesupport_fastrtps_c__pyext
[ 95%] Built target pandar_msgs__rosidl_typesupport_introspection_c__pyext
[100%] Built target pandar_msgs__rosidl_typesupport_c__pyext
running egg_info
writing pandar_msgs.egg-info/PKG-INFO
writing dependency_links to pandar_msgs.egg-info/dependency_links.txt
writing top-level names to pandar_msgs.egg-info/top_level.txt
reading manifest file 'pandar_msgs.egg-info/SOURCES.txt'
writing manifest file 'pandar_msgs.egg-info/SOURCES.txt'
[100%] Built target ament_cmake_python_build_pandar_msgs_egg
-- Install configuration: "Release"
-- Execute custom install script
-- Up-to-date symlink: /home/zhijie/autoware/install/pandar_msgs/share/ament_index/resource_index/rosidl_interfaces/pandar_msgs
-- Up-to-date symlink: /home/zhijie/autoware/install/pandar_msgs/include/pandar_msgs/pandar_msgs/msg/detail/pandar_jumbo_packet__functions.h
-- Up-to-date symlink: /home/zhijie/autoware/install/pandar_msgs/include/pandar_msgs/pandar_msgs/msg/detail/pandar_jumbo_packet__struct.h
-- Up-to-date symlink: /home/zhijie/autoware/install/pandar_msgs/include/pandar_msgs/pandar_msgs/msg/detail/pandar_jumbo_packet__type_support.h
-- Up-to-date symlink: /home/zhijie/autoware/install/pandar_msgs/include/pandar_msgs/pandar_msgs/msg/detail/pandar_packet__functions.h
-- Up-to-date symlink: /home/zhijie/autoware/install/pandar_msgs/include/pandar_msgs/pandar_msgs/msg/detail/pandar_packet__struct.h
-- Up-to-date symlink: /home/zhijie/autoware/install/pandar_msgs/include/pandar_msgs/pandar_msgs/msg/detail/pandar_packet__type_support.h
-- Up-to-date symlink: /home/zhijie/autoware/install/pandar_msgs/include/pandar_msgs/pandar_msgs/msg/detail/pandar_scan__functions.h
-- Up-to-date symlink: /home/zhijie/autoware/install/pandar_msgs/include/pandar_msgs/pandar_msgs/msg/detail/pandar_scan__struct.h
-- Up-to-date symlink: /home/zhijie/autoware/install/pandar_msgs/include/pandar_msgs/pandar_msgs/msg/detail/pandar_scan__type_support.h
-- Up-to-date symlink: /home/zhijie/autoware/install/pandar_msgs/include/pandar_msgs/pandar_msgs/msg/pandar_jumbo_packet.h
-- Up-to-date symlink: /home/zhijie/autoware/install/pandar_msgs/include/pandar_msgs/pandar_msgs/msg/pandar_packet.h
-- Up-to-date symlink: /home/zhijie/autoware/install/pandar_msgs/include/pandar_msgs/pandar_msgs/msg/pandar_scan.h
-- Up-to-date symlink: /home/zhijie/autoware/install/pandar_msgs/include/pandar_msgs/pandar_msgs/msg/rosidl_generator_c__visibility_control.h
-- Up-to-date symlink: /home/zhijie/autoware/install/pandar_msgs/share/pandar_msgs/environment/library_path.sh
-- Up-to-date symlink: /home/zhijie/autoware/install/pandar_msgs/share/pandar_msgs/environment/library_path.dsv
-- Up-to-date symlink: /home/zhijie/autoware/install/pandar_msgs/include/pandar_msgs/pandar_msgs/msg/detail/pandar_jumbo_packet__rosidl_typesupport_fastrtps_c.h
-- Up-to-date symlink: /home/zhijie/autoware/install/pandar_msgs/include/pandar_msgs/pandar_msgs/msg/detail/pandar_packet__rosidl_typesupport_fastrtps_c.h
-- Up-to-date symlink: /home/zhijie/autoware/install/pandar_msgs/include/pandar_msgs/pandar_msgs/msg/detail/pandar_scan__rosidl_typesupport_fastrtps_c.h
-- Up-to-date symlink: /home/zhijie/autoware/install/pandar_msgs/include/pandar_msgs/pandar_msgs/msg/rosidl_typesupport_fastrtps_c__visibility_control.h
-- Up-to-date symlink: /home/zhijie/autoware/install/pandar_msgs/include/pandar_msgs/pandar_msgs/msg/detail/pandar_jumbo_packet__builder.hpp
-- Up-to-date symlink: /home/zhijie/autoware/install/pandar_msgs/include/pandar_msgs/pandar_msgs/msg/detail/pandar_jumbo_packet__struct.hpp
-- Up-to-date symlink: /home/zhijie/autoware/install/pandar_msgs/include/pandar_msgs/pandar_msgs/msg/detail/pandar_jumbo_packet__traits.hpp
-- Up-to-date symlink: /home/zhijie/autoware/install/pandar_msgs/include/pandar_msgs/pandar_msgs/msg/detail/pandar_packet__builder.hpp
-- Up-to-date symlink: /home/zhijie/autoware/install/pandar_msgs/include/pandar_msgs/pandar_msgs/msg/detail/pandar_packet__struct.hpp
-- Up-to-date symlink: /home/zhijie/autoware/install/pandar_msgs/include/pandar_msgs/pandar_msgs/msg/detail/pandar_packet__traits.hpp
-- Up-to-date symlink: /home/zhijie/autoware/install/pandar_msgs/include/pandar_msgs/pandar_msgs/msg/detail/pandar_scan__builder.hpp
-- Up-to-date symlink: /home/zhijie/autoware/install/pandar_msgs/include/pandar_msgs/pandar_msgs/msg/detail/pandar_scan__struct.hpp
-- Up-to-date symlink: /home/zhijie/autoware/install/pandar_msgs/include/pandar_msgs/pandar_msgs/msg/detail/pandar_scan__traits.hpp
-- Up-to-date symlink: /home/zhijie/autoware/install/pandar_msgs/include/pandar_msgs/pandar_msgs/msg/pandar_jumbo_packet.hpp
-- Up-to-date symlink: /home/zhijie/autoware/install/pandar_msgs/include/pandar_msgs/pandar_msgs/msg/pandar_packet.hpp
-- Up-to-date symlink: /home/zhijie/autoware/install/pandar_msgs/include/pandar_msgs/pandar_msgs/msg/pandar_scan.hpp
-- Up-to-date symlink: /home/zhijie/autoware/install/pandar_msgs/include/pandar_msgs/pandar_msgs/msg/detail/pandar_jumbo_packet__rosidl_typesupport_fastrtps_cpp.hpp
-- Up-to-date symlink: /home/zhijie/autoware/install/pandar_msgs/include/pandar_msgs/pandar_msgs/msg/detail/pandar_packet__rosidl_typesupport_fastrtps_cpp.hpp
-- Up-to-date symlink: /home/zhijie/autoware/install/pandar_msgs/include/pandar_msgs/pandar_msgs/msg/detail/pandar_scan__rosidl_typesupport_fastrtps_cpp.hpp
-- Up-to-date symlink: /home/zhijie/autoware/install/pandar_msgs/include/pandar_msgs/pandar_msgs/msg/rosidl_typesupport_fastrtps_cpp__visibility_control.h
-- Up-to-date symlink: /home/zhijie/autoware/install/pandar_msgs/include/pandar_msgs/pandar_msgs/msg/detail/pandar_jumbo_packet__rosidl_typesupport_introspection_c.h
-- Up-to-date symlink: /home/zhijie/autoware/install/pandar_msgs/include/pandar_msgs/pandar_msgs/msg/detail/pandar_packet__rosidl_typesupport_introspection_c.h
-- Up-to-date symlink: /home/zhijie/autoware/install/pandar_msgs/include/pandar_msgs/pandar_msgs/msg/detail/pandar_scan__rosidl_typesupport_introspection_c.h
-- Up-to-date symlink: /home/zhijie/autoware/install/pandar_msgs/include/pandar_msgs/pandar_msgs/msg/rosidl_typesupport_introspection_c__visibility_control.h
-- Up-to-date symlink: /home/zhijie/autoware/install/pandar_msgs/include/pandar_msgs/pandar_msgs/msg/detail/pandar_jumbo_packet__rosidl_typesupport_introspection_cpp.hpp
-- Up-to-date symlink: /home/zhijie/autoware/install/pandar_msgs/include/pandar_msgs/pandar_msgs/msg/detail/pandar_packet__rosidl_typesupport_introspection_cpp.hpp
-- Up-to-date symlink: /home/zhijie/autoware/install/pandar_msgs/include/pandar_msgs/pandar_msgs/msg/detail/pandar_scan__rosidl_typesupport_introspection_cpp.hpp
-- Up-to-date symlink: /home/zhijie/autoware/install/pandar_msgs/share/pandar_msgs/environment/pythonpath.sh
-- Up-to-date symlink: /home/zhijie/autoware/install/pandar_msgs/share/pandar_msgs/environment/pythonpath.dsv
-- Up-to-date symlink: /home/zhijie/autoware/install/pandar_msgs/local/lib/python3.10/dist-packages/pandar_msgs-0.0.0-py3.10.egg-info/PKG-INFO
-- Up-to-date symlink: /home/zhijie/autoware/install/pandar_msgs/local/lib/python3.10/dist-packages/pandar_msgs-0.0.0-py3.10.egg-info/SOURCES.txt
-- Up-to-date symlink: /home/zhijie/autoware/install/pandar_msgs/local/lib/python3.10/dist-packages/pandar_msgs-0.0.0-py3.10.egg-info/dependency_links.txt
-- Up-to-date symlink: /home/zhijie/autoware/install/pandar_msgs/local/lib/python3.10/dist-packages/pandar_msgs-0.0.0-py3.10.egg-info/top_level.txt
-- Up-to-date symlink: /home/zhijie/autoware/install/pandar_msgs/local/lib/python3.10/dist-packages/pandar_msgs/__init__.py
-- Up-to-date symlink: /home/zhijie/autoware/install/pandar_msgs/local/lib/python3.10/dist-packages/pandar_msgs/_pandar_msgs_s.ep.rosidl_typesupport_c.c
-- Up-to-date symlink: /home/zhijie/autoware/install/pandar_msgs/local/lib/python3.10/dist-packages/pandar_msgs/_pandar_msgs_s.ep.rosidl_typesupport_fastrtps_c.c
-- Up-to-date symlink: /home/zhijie/autoware/install/pandar_msgs/local/lib/python3.10/dist-packages/pandar_msgs/_pandar_msgs_s.ep.rosidl_typesupport_introspection_c.c
-- Up-to-date symlink: /home/zhijie/autoware/install/pandar_msgs/local/lib/python3.10/dist-packages/pandar_msgs/libpandar_msgs__rosidl_generator_py.so
-- Up-to-date symlink: /home/zhijie/autoware/install/pandar_msgs/local/lib/python3.10/dist-packages/pandar_msgs/msg/__init__.py
-- Up-to-date symlink: /home/zhijie/autoware/install/pandar_msgs/local/lib/python3.10/dist-packages/pandar_msgs/msg/_pandar_jumbo_packet.py
-- Up-to-date symlink: /home/zhijie/autoware/install/pandar_msgs/local/lib/python3.10/dist-packages/pandar_msgs/msg/_pandar_jumbo_packet_s.c
-- Up-to-date symlink: /home/zhijie/autoware/install/pandar_msgs/local/lib/python3.10/dist-packages/pandar_msgs/msg/_pandar_packet.py
-- Up-to-date symlink: /home/zhijie/autoware/install/pandar_msgs/local/lib/python3.10/dist-packages/pandar_msgs/msg/_pandar_packet_s.c
-- Up-to-date symlink: /home/zhijie/autoware/install/pandar_msgs/local/lib/python3.10/dist-packages/pandar_msgs/msg/_pandar_scan.py
-- Up-to-date symlink: /home/zhijie/autoware/install/pandar_msgs/local/lib/python3.10/dist-packages/pandar_msgs/msg/_pandar_scan_s.c
-- Up-to-date symlink: /home/zhijie/autoware/install/pandar_msgs/local/lib/python3.10/dist-packages/pandar_msgs/pandar_msgs_s__rosidl_typesupport_c.cpython-310-x86_64-linux-gnu.so
-- Up-to-date symlink: /home/zhijie/autoware/install/pandar_msgs/local/lib/python3.10/dist-packages/pandar_msgs/pandar_msgs_s__rosidl_typesupport_fastrtps_c.cpython-310-x86_64-linux-gnu.so
-- Up-to-date symlink: /home/zhijie/autoware/install/pandar_msgs/local/lib/python3.10/dist-packages/pandar_msgs/pandar_msgs_s__rosidl_typesupport_introspection_c.cpython-310-x86_64-linux-gnu.so
-- Up-to-date symlink: /home/zhijie/autoware/install/pandar_msgs/local/lib/python3.10/dist-packages/pandar_msgs/pandar_msgs_s__rosidl_typesupport_fastrtps_c.cpython-310-x86_64-linux-gnu.so
-- Up-to-date symlink: /home/zhijie/autoware/install/pandar_msgs/local/lib/python3.10/dist-packages/pandar_msgs/pandar_msgs_s__rosidl_typesupport_introspection_c.cpython-310-x86_64-linux-gnu.so
-- Up-to-date symlink: /home/zhijie/autoware/install/pandar_msgs/local/lib/python3.10/dist-packages/pandar_msgs/pandar_msgs_s__rosidl_typesupport_c.cpython-310-x86_64-linux-gnu.so
-- Up-to-date symlink: /home/zhijie/autoware/install/pandar_msgs/share/pandar_msgs/msg/PandarPacket.idl
-- Up-to-date symlink: /home/zhijie/autoware/install/pandar_msgs/share/pandar_msgs/msg/PandarScan.idl
-- Up-to-date symlink: /home/zhijie/autoware/install/pandar_msgs/share/pandar_msgs/msg/PandarJumboPacket.idl
-- Up-to-date symlink: /home/zhijie/autoware/install/pandar_msgs/share/pandar_msgs/msg/PandarPacket.msg
-- Up-to-date symlink: /home/zhijie/autoware/install/pandar_msgs/share/pandar_msgs/msg/PandarScan.msg
-- Up-to-date symlink: /home/zhijie/autoware/install/pandar_msgs/share/pandar_msgs/msg/PandarJumboPacket.msg
-- Up-to-date symlink: /home/zhijie/autoware/install/pandar_msgs/share/ament_index/resource_index/package_run_dependencies/pandar_msgs
-- Up-to-date symlink: /home/zhijie/autoware/install/pandar_msgs/share/ament_index/resource_index/parent_prefix_path/pandar_msgs
-- Up-to-date symlink: /home/zhijie/autoware/install/pandar_msgs/share/pandar_msgs/environment/ament_prefix_path.sh
-- Up-to-date symlink: /home/zhijie/autoware/install/pandar_msgs/share/pandar_msgs/environment/ament_prefix_path.dsv
-- Up-to-date symlink: /home/zhijie/autoware/install/pandar_msgs/share/pandar_msgs/environment/path.sh
-- Up-to-date symlink: /home/zhijie/autoware/install/pandar_msgs/share/pandar_msgs/environment/path.dsv
-- Up-to-date symlink: /home/zhijie/autoware/install/pandar_msgs/share/pandar_msgs/local_setup.bash
-- Up-to-date symlink: /home/zhijie/autoware/install/pandar_msgs/share/pandar_msgs/local_setup.sh
-- Up-to-date symlink: /home/zhijie/autoware/install/pandar_msgs/share/pandar_msgs/local_setup.zsh
-- Up-to-date symlink: /home/zhijie/autoware/install/pandar_msgs/share/pandar_msgs/local_setup.dsv
-- Up-to-date symlink: /home/zhijie/autoware/install/pandar_msgs/share/pandar_msgs/package.dsv
-- Up-to-date symlink: /home/zhijie/autoware/install/pandar_msgs/share/ament_index/resource_index/packages/pandar_msgs
-- Up-to-date symlink: /home/zhijie/autoware/install/pandar_msgs/share/pandar_msgs/cmake/rosidl_cmake-extras.cmake
-- Up-to-date symlink: /home/zhijie/autoware/install/pandar_msgs/share/pandar_msgs/cmake/ament_cmake_export_dependencies-extras.cmake
-- Up-to-date symlink: /home/zhijie/autoware/install/pandar_msgs/share/pandar_msgs/cmake/ament_cmake_export_include_directories-extras.cmake
-- Up-to-date symlink: /home/zhijie/autoware/install/pandar_msgs/share/pandar_msgs/cmake/ament_cmake_export_libraries-extras.cmake
-- Up-to-date symlink: /home/zhijie/autoware/install/pandar_msgs/share/pandar_msgs/cmake/ament_cmake_export_targets-extras.cmake
-- Up-to-date symlink: /home/zhijie/autoware/install/pandar_msgs/share/pandar_msgs/cmake/rosidl_cmake_export_typesupport_targets-extras.cmake
-- Up-to-date symlink: /home/zhijie/autoware/install/pandar_msgs/share/pandar_msgs/cmake/rosidl_cmake_export_typesupport_libraries-extras.cmake
-- Up-to-date symlink: /home/zhijie/autoware/install/pandar_msgs/share/pandar_msgs/cmake/pandar_msgsConfig.cmake
-- Up-to-date symlink: /home/zhijie/autoware/install/pandar_msgs/share/pandar_msgs/cmake/pandar_msgsConfig-version.cmake
-- Up-to-date symlink: /home/zhijie/autoware/install/pandar_msgs/share/pandar_msgs/package.xml
-- Up-to-date: /home/zhijie/autoware/install/pandar_msgs/lib/libpandar_msgs__rosidl_generator_c.so
-- Up-to-date: /home/zhijie/autoware/install/pandar_msgs/lib/libpandar_msgs__rosidl_typesupport_fastrtps_c.so
-- Up-to-date: /home/zhijie/autoware/install/pandar_msgs/lib/libpandar_msgs__rosidl_typesupport_fastrtps_cpp.so
-- Up-to-date: /home/zhijie/autoware/install/pandar_msgs/lib/libpandar_msgs__rosidl_typesupport_introspection_c.so
-- Up-to-date: /home/zhijie/autoware/install/pandar_msgs/lib/libpandar_msgs__rosidl_typesupport_c.so
-- Up-to-date: /home/zhijie/autoware/install/pandar_msgs/lib/libpandar_msgs__rosidl_typesupport_introspection_cpp.so
-- Up-to-date: /home/zhijie/autoware/install/pandar_msgs/lib/libpandar_msgs__rosidl_typesupport_cpp.so
Listing '/home/zhijie/autoware/install/pandar_msgs/local/lib/python3.10/dist-packages/pandar_msgs'...
Listing '/home/zhijie/autoware/install/pandar_msgs/local/lib/python3.10/dist-packages/pandar_msgs/msg'...
-- Up-to-date: /home/zhijie/autoware/install/pandar_msgs/lib/libpandar_msgs__rosidl_generator_py.so
-- Up-to-date: /home/zhijie/autoware/install/pandar_msgs/share/pandar_msgs/cmake/export_pandar_msgs__rosidl_generator_cExport.cmake
-- Up-to-date: /home/zhijie/autoware/install/pandar_msgs/share/pandar_msgs/cmake/export_pandar_msgs__rosidl_generator_cExport-release.cmake
-- Up-to-date: /home/zhijie/autoware/install/pandar_msgs/share/pandar_msgs/cmake/export_pandar_msgs__rosidl_typesupport_fastrtps_cExport.cmake
-- Up-to-date: /home/zhijie/autoware/install/pandar_msgs/share/pandar_msgs/cmake/export_pandar_msgs__rosidl_typesupport_fastrtps_cExport-release.cmake
-- Up-to-date: /home/zhijie/autoware/install/pandar_msgs/share/pandar_msgs/cmake/export_pandar_msgs__rosidl_generator_cppExport.cmake
-- Up-to-date: /home/zhijie/autoware/install/pandar_msgs/share/pandar_msgs/cmake/export_pandar_msgs__rosidl_typesupport_fastrtps_cppExport.cmake
-- Up-to-date: /home/zhijie/autoware/install/pandar_msgs/share/pandar_msgs/cmake/export_pandar_msgs__rosidl_typesupport_fastrtps_cppExport-release.cmake
-- Up-to-date: /home/zhijie/autoware/install/pandar_msgs/share/pandar_msgs/cmake/pandar_msgs__rosidl_typesupport_introspection_cExport.cmake
-- Up-to-date: /home/zhijie/autoware/install/pandar_msgs/share/pandar_msgs/cmake/pandar_msgs__rosidl_typesupport_introspection_cExport-release.cmake
-- Up-to-date: /home/zhijie/autoware/install/pandar_msgs/share/pandar_msgs/cmake/pandar_msgs__rosidl_typesupport_cExport.cmake
-- Up-to-date: /home/zhijie/autoware/install/pandar_msgs/share/pandar_msgs/cmake/pandar_msgs__rosidl_typesupport_cExport-release.cmake
-- Up-to-date: /home/zhijie/autoware/install/pandar_msgs/share/pandar_msgs/cmake/pandar_msgs__rosidl_typesupport_introspection_cppExport.cmake
-- Up-to-date: /home/zhijie/autoware/install/pandar_msgs/share/pandar_msgs/cmake/pandar_msgs__rosidl_typesupport_introspection_cppExport-release.cmake
-- Up-to-date: /home/zhijie/autoware/install/pandar_msgs/share/pandar_msgs/cmake/pandar_msgs__rosidl_typesupport_cppExport.cmake
-- Up-to-date: /home/zhijie/autoware/install/pandar_msgs/share/pandar_msgs/cmake/pandar_msgs__rosidl_typesupport_cppExport-release.cmake
-- Up-to-date: /home/zhijie/autoware/install/pandar_msgs/share/pandar_msgs/cmake/export_pandar_msgs__rosidl_generator_pyExport.cmake
-- Up-to-date: /home/zhijie/autoware/install/pandar_msgs/share/pandar_msgs/cmake/export_pandar_msgs__rosidl_generator_pyExport-release.cmake
