[0.026s] Invoking command in '/home/zhijie/autoware/build/abc_terasim': AMENT_PREFIX_PATH=/home/zhijie/autoware/install/dummy_perception_publisher:/home/zhijie/autoware/install/tier4_autoware_utils:/home/zhijie/autoware/install/tier4_perception_msgs:/home/zhijie/autoware/install/autoware_auto_vehicle_msgs:/home/zhijie/autoware/install/tier4_system_msgs:/home/zhijie/autoware/install/autoware_cmake:/home/zhijie/autoware/install/autoware_auto_planning_msgs:/home/zhijie/autoware/install/autoware_auto_perception_msgs:/home/zhijie/autoware/install/tier4_debug_msgs:/home/zhijie/autoware/install/autoware_perception_msgs:/home/zhijie/autoware/install/autoware_lint_common:/home/zhijie/autoware/install/autoware_common_msgs:/home/zhijie/autoware/install/autoware_auto_system_msgs:/home/zhijie/autoware/install/autoware_auto_mapping_msgs:/home/zhijie/autoware/install/autoware_auto_geometry_msgs:/home/zhijie/autoware/install/autoware_adapi_v1_msgs:${AMENT_PREFIX_PATH} CMAKE_PREFIX_PATH=/home/zhijie/autoware/install/dummy_perception_publisher:/home/zhijie/autoware/install/tier4_autoware_utils:/home/zhijie/autoware/install/tier4_perception_msgs:/home/zhijie/autoware/install/autoware_auto_vehicle_msgs:/home/zhijie/autoware/install/tier4_system_msgs:/home/zhijie/autoware/install/autoware_cmake:/home/zhijie/autoware/install/autoware_auto_planning_msgs:/home/zhijie/autoware/install/autoware_auto_perception_msgs:/home/zhijie/autoware/install/tier4_debug_msgs:/home/zhijie/autoware/install/autoware_perception_msgs:/home/zhijie/autoware/install/autoware_lint_common:/home/zhijie/autoware/install/autoware_common_msgs:/home/zhijie/autoware/install/autoware_auto_system_msgs:/home/zhijie/autoware/install/autoware_auto_mapping_msgs:/home/zhijie/autoware/install/autoware_auto_geometry_msgs:/home/zhijie/autoware/install/autoware_adapi_v1_msgs:/opt/ros/humble LD_LIBRARY_PATH=/home/zhijie/autoware/install/dummy_perception_publisher/lib:/home/zhijie/autoware/install/tier4_autoware_utils/lib:/home/zhijie/autoware/install/tier4_perception_msgs/lib:/home/zhijie/autoware/install/autoware_auto_vehicle_msgs/lib:/home/zhijie/autoware/install/tier4_system_msgs/lib:/home/zhijie/autoware/install/autoware_auto_planning_msgs/lib:/home/zhijie/autoware/install/autoware_auto_perception_msgs/lib:/home/zhijie/autoware/install/tier4_debug_msgs/lib:/home/zhijie/autoware/install/autoware_perception_msgs/lib:/home/zhijie/autoware/install/autoware_common_msgs/lib:/home/zhijie/autoware/install/autoware_auto_system_msgs/lib:/home/zhijie/autoware/install/autoware_auto_mapping_msgs/lib:/home/zhijie/autoware/install/autoware_auto_geometry_msgs/lib:/home/zhijie/autoware/install/autoware_adapi_v1_msgs/lib:${LD_LIBRARY_PATH} PYTHONPATH=/home/zhijie/autoware/install/dummy_perception_publisher/local/lib/python3.10/dist-packages:/home/zhijie/autoware/install/tier4_perception_msgs/local/lib/python3.10/dist-packages:/home/zhijie/autoware/install/autoware_auto_vehicle_msgs/local/lib/python3.10/dist-packages:/home/zhijie/autoware/install/tier4_system_msgs/local/lib/python3.10/dist-packages:/home/zhijie/autoware/install/autoware_auto_planning_msgs/local/lib/python3.10/dist-packages:/home/zhijie/autoware/install/autoware_auto_perception_msgs/local/lib/python3.10/dist-packages:/home/zhijie/autoware/install/tier4_debug_msgs/local/lib/python3.10/dist-packages:/home/zhijie/autoware/install/autoware_perception_msgs/local/lib/python3.10/dist-packages:/home/zhijie/autoware/install/autoware_common_msgs/local/lib/python3.10/dist-packages:/home/zhijie/autoware/install/autoware_auto_system_msgs/local/lib/python3.10/dist-packages:/home/zhijie/autoware/install/autoware_auto_mapping_msgs/local/lib/python3.10/dist-packages:/home/zhijie/autoware/install/autoware_auto_geometry_msgs/local/lib/python3.10/dist-packages:/home/zhijie/autoware/install/autoware_adapi_v1_msgs/local/lib/python3.10/dist-packages:${PYTHONPATH} /usr/bin/cmake /home/zhijie/autoware/src/terasim/abc_terasim -DCMAKE_INSTALL_PREFIX=/home/zhijie/autoware/install/abc_terasim
[0.035s] -- Found autoware_cmake: 0.1.0 (/home/zhijie/autoware/install/autoware_cmake/share/autoware_cmake/cmake)
[0.147s] -- Override CMake install command with custom implementation using symlinks instead of copying resources
[0.223s] -- Found rosidl_generator_c: 3.1.5 (/opt/ros/humble/share/rosidl_generator_c/cmake)
[0.225s] -- Found rosidl_adapter: 3.1.5 (/opt/ros/humble/share/rosidl_adapter/cmake)
[0.229s] -- Found rosidl_generator_cpp: 3.1.5 (/opt/ros/humble/share/rosidl_generator_cpp/cmake)
[0.240s] -- Using all available rosidl_typesupport_c: rosidl_typesupport_fastrtps_c;rosidl_typesupport_introspection_c
[0.254s] -- Using all available rosidl_typesupport_cpp: rosidl_typesupport_fastrtps_cpp;rosidl_typesupport_introspection_cpp
[0.361s] -- Found rmw_implementation_cmake: 6.1.1 (/opt/ros/humble/share/rmw_implementation_cmake/cmake)
[0.363s] -- Found rmw_cyclonedds_cpp: 1.3.4 (/opt/ros/humble/share/rmw_cyclonedds_cpp/cmake)
[0.385s] -- Using RMW implementation 'rmw_cyclonedds_cpp' as default
[2.531s] -- Found eigen3_cmake_module: 0.1.1 (/opt/ros/humble/share/eigen3_cmake_module/cmake)
[2.532s] -- Ensuring Eigen3 include directory is part of orocos-kdl CMake target
[3.277s] -- Eigen found (include: /usr/include/eigen3, version: 3.4.0)
[3.301s] -- FLANN found (include: /usr/include, lib: /usr/lib/x86_64-linux-gnu/libflann_cpp.so)
[3.516s] -- OpenNI found (version: 1.5.4.0, include: /usr/include/ni, lib: /usr/lib/libOpenNI.so;libusb::libusb)
[3.520s] -- OpenNI2 found (version: 2.2.0.33, include: /usr/include/openni2, lib: /usr/lib/x86_64-linux-gnu/libOpenNI2.so;libusb::libusb)
[3.632s] -- Eigen found (include: /usr/include/eigen3, version: 3.4.0)
[3.636s] -- OpenNI found (version: 1.5.4.0, include: /usr/include/ni, lib: /usr/lib/libOpenNI.so;libusb::libusb)
[3.640s] -- OpenNI2 found (version: 2.2.0.33, include: /usr/include/openni2, lib: /usr/lib/x86_64-linux-gnu/libOpenNI2.so;libusb::libusb)
[3.745s] -- Found Qhull version 8.0.2
[3.853s] -- OpenNI found (version: 1.5.4.0, include: /usr/include/ni, lib: /usr/lib/libOpenNI.so;libusb::libusb)
[5.599s] -- Found ament_lint_auto: 0.12.8 (/opt/ros/humble/share/ament_lint_auto/cmake)
[5.705s] -- Added test 'copyright' to check source files copyright and LICENSE
[5.706s] -- Added test 'cppcheck' to perform static code analysis on C / C++ code
[5.708s] -- Configured cppcheck include dirs: /home/zhijie/autoware/src/terasim/abc_terasim/include
[5.708s] -- Configured cppcheck exclude dirs and/or files: 
[5.709s] -- Added test 'lint_cmake' to check CMake code style
[5.709s] -- Added test 'xmllint' to check XML markup files
[5.712s] -- Configuring done
[5.851s] -- Generating done
[5.854s] -- Build files have been written to: /home/zhijie/autoware/build/abc_terasim
[5.867s] Invoked command in '/home/zhijie/autoware/build/abc_terasim' returned '0': AMENT_PREFIX_PATH=/home/zhijie/autoware/install/dummy_perception_publisher:/home/zhijie/autoware/install/tier4_autoware_utils:/home/zhijie/autoware/install/tier4_perception_msgs:/home/zhijie/autoware/install/autoware_auto_vehicle_msgs:/home/zhijie/autoware/install/tier4_system_msgs:/home/zhijie/autoware/install/autoware_cmake:/home/zhijie/autoware/install/autoware_auto_planning_msgs:/home/zhijie/autoware/install/autoware_auto_perception_msgs:/home/zhijie/autoware/install/tier4_debug_msgs:/home/zhijie/autoware/install/autoware_perception_msgs:/home/zhijie/autoware/install/autoware_lint_common:/home/zhijie/autoware/install/autoware_common_msgs:/home/zhijie/autoware/install/autoware_auto_system_msgs:/home/zhijie/autoware/install/autoware_auto_mapping_msgs:/home/zhijie/autoware/install/autoware_auto_geometry_msgs:/home/zhijie/autoware/install/autoware_adapi_v1_msgs:${AMENT_PREFIX_PATH} CMAKE_PREFIX_PATH=/home/zhijie/autoware/install/dummy_perception_publisher:/home/zhijie/autoware/install/tier4_autoware_utils:/home/zhijie/autoware/install/tier4_perception_msgs:/home/zhijie/autoware/install/autoware_auto_vehicle_msgs:/home/zhijie/autoware/install/tier4_system_msgs:/home/zhijie/autoware/install/autoware_cmake:/home/zhijie/autoware/install/autoware_auto_planning_msgs:/home/zhijie/autoware/install/autoware_auto_perception_msgs:/home/zhijie/autoware/install/tier4_debug_msgs:/home/zhijie/autoware/install/autoware_perception_msgs:/home/zhijie/autoware/install/autoware_lint_common:/home/zhijie/autoware/install/autoware_common_msgs:/home/zhijie/autoware/install/autoware_auto_system_msgs:/home/zhijie/autoware/install/autoware_auto_mapping_msgs:/home/zhijie/autoware/install/autoware_auto_geometry_msgs:/home/zhijie/autoware/install/autoware_adapi_v1_msgs:/opt/ros/humble LD_LIBRARY_PATH=/home/zhijie/autoware/install/dummy_perception_publisher/lib:/home/zhijie/autoware/install/tier4_autoware_utils/lib:/home/zhijie/autoware/install/tier4_perception_msgs/lib:/home/zhijie/autoware/install/autoware_auto_vehicle_msgs/lib:/home/zhijie/autoware/install/tier4_system_msgs/lib:/home/zhijie/autoware/install/autoware_auto_planning_msgs/lib:/home/zhijie/autoware/install/autoware_auto_perception_msgs/lib:/home/zhijie/autoware/install/tier4_debug_msgs/lib:/home/zhijie/autoware/install/autoware_perception_msgs/lib:/home/zhijie/autoware/install/autoware_common_msgs/lib:/home/zhijie/autoware/install/autoware_auto_system_msgs/lib:/home/zhijie/autoware/install/autoware_auto_mapping_msgs/lib:/home/zhijie/autoware/install/autoware_auto_geometry_msgs/lib:/home/zhijie/autoware/install/autoware_adapi_v1_msgs/lib:${LD_LIBRARY_PATH} PYTHONPATH=/home/zhijie/autoware/install/dummy_perception_publisher/local/lib/python3.10/dist-packages:/home/zhijie/autoware/install/tier4_perception_msgs/local/lib/python3.10/dist-packages:/home/zhijie/autoware/install/autoware_auto_vehicle_msgs/local/lib/python3.10/dist-packages:/home/zhijie/autoware/install/tier4_system_msgs/local/lib/python3.10/dist-packages:/home/zhijie/autoware/install/autoware_auto_planning_msgs/local/lib/python3.10/dist-packages:/home/zhijie/autoware/install/autoware_auto_perception_msgs/local/lib/python3.10/dist-packages:/home/zhijie/autoware/install/tier4_debug_msgs/local/lib/python3.10/dist-packages:/home/zhijie/autoware/install/autoware_perception_msgs/local/lib/python3.10/dist-packages:/home/zhijie/autoware/install/autoware_common_msgs/local/lib/python3.10/dist-packages:/home/zhijie/autoware/install/autoware_auto_system_msgs/local/lib/python3.10/dist-packages:/home/zhijie/autoware/install/autoware_auto_mapping_msgs/local/lib/python3.10/dist-packages:/home/zhijie/autoware/install/autoware_auto_geometry_msgs/local/lib/python3.10/dist-packages:/home/zhijie/autoware/install/autoware_adapi_v1_msgs/local/lib/python3.10/dist-packages:${PYTHONPATH} /usr/bin/cmake /home/zhijie/autoware/src/terasim/abc_terasim -DCMAKE_INSTALL_PREFIX=/home/zhijie/autoware/install/abc_terasim
[5.868s] Invoking command in '/home/zhijie/autoware/build/abc_terasim': AMENT_PREFIX_PATH=/home/zhijie/autoware/install/dummy_perception_publisher:/home/zhijie/autoware/install/tier4_autoware_utils:/home/zhijie/autoware/install/tier4_perception_msgs:/home/zhijie/autoware/install/autoware_auto_vehicle_msgs:/home/zhijie/autoware/install/tier4_system_msgs:/home/zhijie/autoware/install/autoware_cmake:/home/zhijie/autoware/install/autoware_auto_planning_msgs:/home/zhijie/autoware/install/autoware_auto_perception_msgs:/home/zhijie/autoware/install/tier4_debug_msgs:/home/zhijie/autoware/install/autoware_perception_msgs:/home/zhijie/autoware/install/autoware_lint_common:/home/zhijie/autoware/install/autoware_common_msgs:/home/zhijie/autoware/install/autoware_auto_system_msgs:/home/zhijie/autoware/install/autoware_auto_mapping_msgs:/home/zhijie/autoware/install/autoware_auto_geometry_msgs:/home/zhijie/autoware/install/autoware_adapi_v1_msgs:${AMENT_PREFIX_PATH} CMAKE_PREFIX_PATH=/home/zhijie/autoware/install/dummy_perception_publisher:/home/zhijie/autoware/install/tier4_autoware_utils:/home/zhijie/autoware/install/tier4_perception_msgs:/home/zhijie/autoware/install/autoware_auto_vehicle_msgs:/home/zhijie/autoware/install/tier4_system_msgs:/home/zhijie/autoware/install/autoware_cmake:/home/zhijie/autoware/install/autoware_auto_planning_msgs:/home/zhijie/autoware/install/autoware_auto_perception_msgs:/home/zhijie/autoware/install/tier4_debug_msgs:/home/zhijie/autoware/install/autoware_perception_msgs:/home/zhijie/autoware/install/autoware_lint_common:/home/zhijie/autoware/install/autoware_common_msgs:/home/zhijie/autoware/install/autoware_auto_system_msgs:/home/zhijie/autoware/install/autoware_auto_mapping_msgs:/home/zhijie/autoware/install/autoware_auto_geometry_msgs:/home/zhijie/autoware/install/autoware_adapi_v1_msgs:/opt/ros/humble LD_LIBRARY_PATH=/home/zhijie/autoware/install/dummy_perception_publisher/lib:/home/zhijie/autoware/install/tier4_autoware_utils/lib:/home/zhijie/autoware/install/tier4_perception_msgs/lib:/home/zhijie/autoware/install/autoware_auto_vehicle_msgs/lib:/home/zhijie/autoware/install/tier4_system_msgs/lib:/home/zhijie/autoware/install/autoware_auto_planning_msgs/lib:/home/zhijie/autoware/install/autoware_auto_perception_msgs/lib:/home/zhijie/autoware/install/tier4_debug_msgs/lib:/home/zhijie/autoware/install/autoware_perception_msgs/lib:/home/zhijie/autoware/install/autoware_common_msgs/lib:/home/zhijie/autoware/install/autoware_auto_system_msgs/lib:/home/zhijie/autoware/install/autoware_auto_mapping_msgs/lib:/home/zhijie/autoware/install/autoware_auto_geometry_msgs/lib:/home/zhijie/autoware/install/autoware_adapi_v1_msgs/lib:${LD_LIBRARY_PATH} PYTHONPATH=/home/zhijie/autoware/install/dummy_perception_publisher/local/lib/python3.10/dist-packages:/home/zhijie/autoware/install/tier4_perception_msgs/local/lib/python3.10/dist-packages:/home/zhijie/autoware/install/autoware_auto_vehicle_msgs/local/lib/python3.10/dist-packages:/home/zhijie/autoware/install/tier4_system_msgs/local/lib/python3.10/dist-packages:/home/zhijie/autoware/install/autoware_auto_planning_msgs/local/lib/python3.10/dist-packages:/home/zhijie/autoware/install/autoware_auto_perception_msgs/local/lib/python3.10/dist-packages:/home/zhijie/autoware/install/tier4_debug_msgs/local/lib/python3.10/dist-packages:/home/zhijie/autoware/install/autoware_perception_msgs/local/lib/python3.10/dist-packages:/home/zhijie/autoware/install/autoware_common_msgs/local/lib/python3.10/dist-packages:/home/zhijie/autoware/install/autoware_auto_system_msgs/local/lib/python3.10/dist-packages:/home/zhijie/autoware/install/autoware_auto_mapping_msgs/local/lib/python3.10/dist-packages:/home/zhijie/autoware/install/autoware_auto_geometry_msgs/local/lib/python3.10/dist-packages:/home/zhijie/autoware/install/autoware_adapi_v1_msgs/local/lib/python3.10/dist-packages:${PYTHONPATH} /usr/bin/cmake --build /home/zhijie/autoware/build/abc_terasim -- -j16 -l16
[5.904s] [35m[1mConsolidate compiler generated dependencies of target test_05[0m
[5.904s] [35m[1mConsolidate compiler generated dependencies of target abc_info_converter[0m
[5.904s] [35m[1mConsolidate compiler generated dependencies of target test_06[0m
[5.904s] [35m[1mConsolidate compiler generated dependencies of target abc_info_converter_component[0m
[5.905s] [35m[1mConsolidate compiler generated dependencies of target abc_context_converter[0m
[5.906s] [35m[1mConsolidate compiler generated dependencies of target test_01[0m
[5.906s] [35m[1mConsolidate compiler generated dependencies of target test_08[0m
[5.906s] [35m[1mConsolidate compiler generated dependencies of target test_07[0m
[5.907s] [35m[1mConsolidate compiler generated dependencies of target test_10[0m
[5.907s] [35m[1mConsolidate compiler generated dependencies of target test_09[0m
[5.907s] [35m[1mConsolidate compiler generated dependencies of target test_11[0m
[5.907s] [35m[1mConsolidate compiler generated dependencies of target test_12[0m
[5.920s] [  4%] Built target test_05
[5.920s] [  9%] Built target test_06
[5.922s] [ 13%] Built target abc_info_converter_component
[5.923s] [ 18%] Built target abc_info_converter
[5.923s] [ 22%] Built target test_08
[5.924s] [ 27%] Built target test_09
[5.924s] [ 31%] Built target abc_context_converter
[5.925s] [ 36%] Built target test_01
[5.926s] [ 40%] Built target test_07
[5.926s] [ 45%] Built target test_10
[5.926s] [ 50%] Built target test_11
[5.926s] [ 54%] Built target test_12
[5.931s] [35m[1mConsolidate compiler generated dependencies of target abc_context_converter_component[0m
[5.949s] [ 56%] [32mBuilding CXX object CMakeFiles/abc_context_converter_component.dir/src/abc_context_converter.cpp.o[0m
[13.016s] [ 59%] [32m[1mLinking CXX shared library libabc_context_converter_component.so[0m
[13.138s] [ 59%] Built target abc_context_converter_component
[13.146s] [35m[1mConsolidate compiler generated dependencies of target test_01_component[0m
[13.160s] [ 61%] [32m[1mLinking CXX shared library libtest_01_component.so[0m
[13.306s] [ 63%] Built target test_01_component
[13.314s] [35m[1mConsolidate compiler generated dependencies of target test_05_component[0m
[13.328s] [ 65%] [32m[1mLinking CXX shared library libtest_05_component.so[0m
[13.475s] [ 68%] Built target test_05_component
[13.483s] [35m[1mConsolidate compiler generated dependencies of target test_06_component[0m
[13.496s] [ 70%] [32m[1mLinking CXX shared library libtest_06_component.so[0m
[13.644s] [ 72%] Built target test_06_component
[13.652s] [35m[1mConsolidate compiler generated dependencies of target test_07_component[0m
[13.665s] [ 75%] [32m[1mLinking CXX shared library libtest_07_component.so[0m
[13.813s] [ 77%] Built target test_07_component
[13.821s] [35m[1mConsolidate compiler generated dependencies of target test_08_component[0m
[13.835s] [ 79%] [32m[1mLinking CXX shared library libtest_08_component.so[0m
[13.986s] [ 81%] Built target test_08_component
[13.994s] [35m[1mConsolidate compiler generated dependencies of target test_09_component[0m
[14.007s] [ 84%] [32m[1mLinking CXX shared library libtest_09_component.so[0m
[14.158s] [ 86%] Built target test_09_component
[14.166s] [35m[1mConsolidate compiler generated dependencies of target test_10_component[0m
[14.179s] [ 88%] [32m[1mLinking CXX shared library libtest_10_component.so[0m
[14.328s] [ 90%] Built target test_10_component
[14.337s] [35m[1mConsolidate compiler generated dependencies of target test_11_component[0m
[14.351s] [ 93%] [32m[1mLinking CXX shared library libtest_11_component.so[0m
[14.502s] [ 95%] Built target test_11_component
[14.510s] [35m[1mConsolidate compiler generated dependencies of target test_12_component[0m
[14.523s] [ 97%] [32m[1mLinking CXX shared library libtest_12_component.so[0m
[14.678s] [100%] Built target test_12_component
[14.686s] Invoked command in '/home/zhijie/autoware/build/abc_terasim' returned '0': AMENT_PREFIX_PATH=/home/zhijie/autoware/install/dummy_perception_publisher:/home/zhijie/autoware/install/tier4_autoware_utils:/home/zhijie/autoware/install/tier4_perception_msgs:/home/zhijie/autoware/install/autoware_auto_vehicle_msgs:/home/zhijie/autoware/install/tier4_system_msgs:/home/zhijie/autoware/install/autoware_cmake:/home/zhijie/autoware/install/autoware_auto_planning_msgs:/home/zhijie/autoware/install/autoware_auto_perception_msgs:/home/zhijie/autoware/install/tier4_debug_msgs:/home/zhijie/autoware/install/autoware_perception_msgs:/home/zhijie/autoware/install/autoware_lint_common:/home/zhijie/autoware/install/autoware_common_msgs:/home/zhijie/autoware/install/autoware_auto_system_msgs:/home/zhijie/autoware/install/autoware_auto_mapping_msgs:/home/zhijie/autoware/install/autoware_auto_geometry_msgs:/home/zhijie/autoware/install/autoware_adapi_v1_msgs:${AMENT_PREFIX_PATH} CMAKE_PREFIX_PATH=/home/zhijie/autoware/install/dummy_perception_publisher:/home/zhijie/autoware/install/tier4_autoware_utils:/home/zhijie/autoware/install/tier4_perception_msgs:/home/zhijie/autoware/install/autoware_auto_vehicle_msgs:/home/zhijie/autoware/install/tier4_system_msgs:/home/zhijie/autoware/install/autoware_cmake:/home/zhijie/autoware/install/autoware_auto_planning_msgs:/home/zhijie/autoware/install/autoware_auto_perception_msgs:/home/zhijie/autoware/install/tier4_debug_msgs:/home/zhijie/autoware/install/autoware_perception_msgs:/home/zhijie/autoware/install/autoware_lint_common:/home/zhijie/autoware/install/autoware_common_msgs:/home/zhijie/autoware/install/autoware_auto_system_msgs:/home/zhijie/autoware/install/autoware_auto_mapping_msgs:/home/zhijie/autoware/install/autoware_auto_geometry_msgs:/home/zhijie/autoware/install/autoware_adapi_v1_msgs:/opt/ros/humble LD_LIBRARY_PATH=/home/zhijie/autoware/install/dummy_perception_publisher/lib:/home/zhijie/autoware/install/tier4_autoware_utils/lib:/home/zhijie/autoware/install/tier4_perception_msgs/lib:/home/zhijie/autoware/install/autoware_auto_vehicle_msgs/lib:/home/zhijie/autoware/install/tier4_system_msgs/lib:/home/zhijie/autoware/install/autoware_auto_planning_msgs/lib:/home/zhijie/autoware/install/autoware_auto_perception_msgs/lib:/home/zhijie/autoware/install/tier4_debug_msgs/lib:/home/zhijie/autoware/install/autoware_perception_msgs/lib:/home/zhijie/autoware/install/autoware_common_msgs/lib:/home/zhijie/autoware/install/autoware_auto_system_msgs/lib:/home/zhijie/autoware/install/autoware_auto_mapping_msgs/lib:/home/zhijie/autoware/install/autoware_auto_geometry_msgs/lib:/home/zhijie/autoware/install/autoware_adapi_v1_msgs/lib:${LD_LIBRARY_PATH} PYTHONPATH=/home/zhijie/autoware/install/dummy_perception_publisher/local/lib/python3.10/dist-packages:/home/zhijie/autoware/install/tier4_perception_msgs/local/lib/python3.10/dist-packages:/home/zhijie/autoware/install/autoware_auto_vehicle_msgs/local/lib/python3.10/dist-packages:/home/zhijie/autoware/install/tier4_system_msgs/local/lib/python3.10/dist-packages:/home/zhijie/autoware/install/autoware_auto_planning_msgs/local/lib/python3.10/dist-packages:/home/zhijie/autoware/install/autoware_auto_perception_msgs/local/lib/python3.10/dist-packages:/home/zhijie/autoware/install/tier4_debug_msgs/local/lib/python3.10/dist-packages:/home/zhijie/autoware/install/autoware_perception_msgs/local/lib/python3.10/dist-packages:/home/zhijie/autoware/install/autoware_common_msgs/local/lib/python3.10/dist-packages:/home/zhijie/autoware/install/autoware_auto_system_msgs/local/lib/python3.10/dist-packages:/home/zhijie/autoware/install/autoware_auto_mapping_msgs/local/lib/python3.10/dist-packages:/home/zhijie/autoware/install/autoware_auto_geometry_msgs/local/lib/python3.10/dist-packages:/home/zhijie/autoware/install/autoware_adapi_v1_msgs/local/lib/python3.10/dist-packages:${PYTHONPATH} /usr/bin/cmake --build /home/zhijie/autoware/build/abc_terasim -- -j16 -l16
[14.740s] Invoking command in '/home/zhijie/autoware/build/abc_terasim': AMENT_PREFIX_PATH=/home/zhijie/autoware/install/dummy_perception_publisher:/home/zhijie/autoware/install/tier4_autoware_utils:/home/zhijie/autoware/install/tier4_perception_msgs:/home/zhijie/autoware/install/autoware_auto_vehicle_msgs:/home/zhijie/autoware/install/tier4_system_msgs:/home/zhijie/autoware/install/autoware_cmake:/home/zhijie/autoware/install/autoware_auto_planning_msgs:/home/zhijie/autoware/install/autoware_auto_perception_msgs:/home/zhijie/autoware/install/tier4_debug_msgs:/home/zhijie/autoware/install/autoware_perception_msgs:/home/zhijie/autoware/install/autoware_lint_common:/home/zhijie/autoware/install/autoware_common_msgs:/home/zhijie/autoware/install/autoware_auto_system_msgs:/home/zhijie/autoware/install/autoware_auto_mapping_msgs:/home/zhijie/autoware/install/autoware_auto_geometry_msgs:/home/zhijie/autoware/install/autoware_adapi_v1_msgs:${AMENT_PREFIX_PATH} CMAKE_PREFIX_PATH=/home/zhijie/autoware/install/dummy_perception_publisher:/home/zhijie/autoware/install/tier4_autoware_utils:/home/zhijie/autoware/install/tier4_perception_msgs:/home/zhijie/autoware/install/autoware_auto_vehicle_msgs:/home/zhijie/autoware/install/tier4_system_msgs:/home/zhijie/autoware/install/autoware_cmake:/home/zhijie/autoware/install/autoware_auto_planning_msgs:/home/zhijie/autoware/install/autoware_auto_perception_msgs:/home/zhijie/autoware/install/tier4_debug_msgs:/home/zhijie/autoware/install/autoware_perception_msgs:/home/zhijie/autoware/install/autoware_lint_common:/home/zhijie/autoware/install/autoware_common_msgs:/home/zhijie/autoware/install/autoware_auto_system_msgs:/home/zhijie/autoware/install/autoware_auto_mapping_msgs:/home/zhijie/autoware/install/autoware_auto_geometry_msgs:/home/zhijie/autoware/install/autoware_adapi_v1_msgs:/opt/ros/humble LD_LIBRARY_PATH=/home/zhijie/autoware/install/dummy_perception_publisher/lib:/home/zhijie/autoware/install/tier4_autoware_utils/lib:/home/zhijie/autoware/install/tier4_perception_msgs/lib:/home/zhijie/autoware/install/autoware_auto_vehicle_msgs/lib:/home/zhijie/autoware/install/tier4_system_msgs/lib:/home/zhijie/autoware/install/autoware_auto_planning_msgs/lib:/home/zhijie/autoware/install/autoware_auto_perception_msgs/lib:/home/zhijie/autoware/install/tier4_debug_msgs/lib:/home/zhijie/autoware/install/autoware_perception_msgs/lib:/home/zhijie/autoware/install/autoware_common_msgs/lib:/home/zhijie/autoware/install/autoware_auto_system_msgs/lib:/home/zhijie/autoware/install/autoware_auto_mapping_msgs/lib:/home/zhijie/autoware/install/autoware_auto_geometry_msgs/lib:/home/zhijie/autoware/install/autoware_adapi_v1_msgs/lib:${LD_LIBRARY_PATH} PYTHONPATH=/home/zhijie/autoware/install/dummy_perception_publisher/local/lib/python3.10/dist-packages:/home/zhijie/autoware/install/tier4_perception_msgs/local/lib/python3.10/dist-packages:/home/zhijie/autoware/install/autoware_auto_vehicle_msgs/local/lib/python3.10/dist-packages:/home/zhijie/autoware/install/tier4_system_msgs/local/lib/python3.10/dist-packages:/home/zhijie/autoware/install/autoware_auto_planning_msgs/local/lib/python3.10/dist-packages:/home/zhijie/autoware/install/autoware_auto_perception_msgs/local/lib/python3.10/dist-packages:/home/zhijie/autoware/install/tier4_debug_msgs/local/lib/python3.10/dist-packages:/home/zhijie/autoware/install/autoware_perception_msgs/local/lib/python3.10/dist-packages:/home/zhijie/autoware/install/autoware_common_msgs/local/lib/python3.10/dist-packages:/home/zhijie/autoware/install/autoware_auto_system_msgs/local/lib/python3.10/dist-packages:/home/zhijie/autoware/install/autoware_auto_mapping_msgs/local/lib/python3.10/dist-packages:/home/zhijie/autoware/install/autoware_auto_geometry_msgs/local/lib/python3.10/dist-packages:/home/zhijie/autoware/install/autoware_adapi_v1_msgs/local/lib/python3.10/dist-packages:${PYTHONPATH} /usr/bin/cmake --install /home/zhijie/autoware/build/abc_terasim
[14.746s] -- Install configuration: "Release"
[14.746s] -- Execute custom install script
[14.746s] -- Up-to-date symlink: /home/zhijie/autoware/install/abc_terasim/lib/abc_terasim/abc_info_converter
[14.746s] -- Up-to-date symlink: /home/zhijie/autoware/install/abc_terasim/lib/abc_terasim/abc_context_converter
[14.747s] -- Up-to-date symlink: /home/zhijie/autoware/install/abc_terasim/lib/abc_terasim/test_01
[14.747s] -- Up-to-date symlink: /home/zhijie/autoware/install/abc_terasim/lib/abc_terasim/test_05
[14.747s] -- Up-to-date symlink: /home/zhijie/autoware/install/abc_terasim/lib/abc_terasim/test_06
[14.747s] -- Up-to-date symlink: /home/zhijie/autoware/install/abc_terasim/lib/abc_terasim/test_07
[14.747s] -- Up-to-date symlink: /home/zhijie/autoware/install/abc_terasim/lib/abc_terasim/test_08
[14.747s] -- Up-to-date symlink: /home/zhijie/autoware/install/abc_terasim/lib/abc_terasim/test_09
[14.748s] -- Up-to-date symlink: /home/zhijie/autoware/install/abc_terasim/lib/abc_terasim/test_10
[14.748s] -- Up-to-date symlink: /home/zhijie/autoware/install/abc_terasim/lib/abc_terasim/test_11
[14.748s] -- Up-to-date symlink: /home/zhijie/autoware/install/abc_terasim/lib/abc_terasim/test_12
[14.748s] -- Up-to-date symlink: /home/zhijie/autoware/install/abc_terasim/include/abc_context_converter.hpp
[14.748s] -- Up-to-date symlink: /home/zhijie/autoware/install/abc_terasim/include/abc_info_converter.hpp
[14.748s] -- Up-to-date symlink: /home/zhijie/autoware/install/abc_terasim/include/test_01.hpp
[14.748s] -- Up-to-date symlink: /home/zhijie/autoware/install/abc_terasim/include/test_05.hpp
[14.748s] -- Up-to-date symlink: /home/zhijie/autoware/install/abc_terasim/include/test_06.hpp
[14.748s] -- Up-to-date symlink: /home/zhijie/autoware/install/abc_terasim/include/test_07.hpp
[14.749s] -- Up-to-date symlink: /home/zhijie/autoware/install/abc_terasim/include/test_08.hpp
[14.749s] -- Up-to-date symlink: /home/zhijie/autoware/install/abc_terasim/include/test_09.hpp
[14.749s] -- Up-to-date symlink: /home/zhijie/autoware/install/abc_terasim/include/test_10.hpp
[14.749s] -- Up-to-date symlink: /home/zhijie/autoware/install/abc_terasim/include/test_11.hpp
[14.749s] -- Up-to-date symlink: /home/zhijie/autoware/install/abc_terasim/include/test_12.hpp
[14.749s] -- Up-to-date symlink: /home/zhijie/autoware/install/abc_terasim/share/abc_terasim/environment/library_path.sh
[14.749s] -- Up-to-date symlink: /home/zhijie/autoware/install/abc_terasim/share/abc_terasim/environment/library_path.dsv
[14.749s] -- Up-to-date symlink: /home/zhijie/autoware/install/abc_terasim/lib/libabc_info_converter_component.so
[14.749s] -- Up-to-date symlink: /home/zhijie/autoware/install/abc_terasim/lib/libabc_context_converter_component.so
[14.749s] -- Up-to-date symlink: /home/zhijie/autoware/install/abc_terasim/lib/libtest_01_component.so
[14.750s] -- Up-to-date symlink: /home/zhijie/autoware/install/abc_terasim/lib/libtest_05_component.so
[14.750s] -- Up-to-date symlink: /home/zhijie/autoware/install/abc_terasim/lib/libtest_06_component.so
[14.750s] -- Up-to-date symlink: /home/zhijie/autoware/install/abc_terasim/lib/libtest_07_component.so
[14.750s] -- Up-to-date symlink: /home/zhijie/autoware/install/abc_terasim/lib/libtest_08_component.so
[14.750s] -- Up-to-date symlink: /home/zhijie/autoware/install/abc_terasim/lib/libtest_09_component.so
[14.750s] -- Up-to-date symlink: /home/zhijie/autoware/install/abc_terasim/lib/libtest_10_component.so
[14.750s] -- Up-to-date symlink: /home/zhijie/autoware/install/abc_terasim/lib/libtest_11_component.so
[14.750s] -- Up-to-date symlink: /home/zhijie/autoware/install/abc_terasim/lib/libtest_12_component.so
[14.750s] -- Up-to-date symlink: /home/zhijie/autoware/install/abc_terasim/share/abc_terasim/launch/abc.launch.py
[14.751s] -- Up-to-date symlink: /home/zhijie/autoware/install/abc_terasim/share/abc_terasim/include/abc_context_converter.hpp
[14.751s] -- Up-to-date symlink: /home/zhijie/autoware/install/abc_terasim/share/abc_terasim/include/abc_info_converter.hpp
[14.751s] -- Up-to-date symlink: /home/zhijie/autoware/install/abc_terasim/share/abc_terasim/include/test_01.hpp
[14.751s] -- Up-to-date symlink: /home/zhijie/autoware/install/abc_terasim/share/abc_terasim/include/test_05.hpp
[14.751s] -- Up-to-date symlink: /home/zhijie/autoware/install/abc_terasim/share/abc_terasim/include/test_06.hpp
[14.751s] -- Up-to-date symlink: /home/zhijie/autoware/install/abc_terasim/share/abc_terasim/include/test_07.hpp
[14.751s] -- Up-to-date symlink: /home/zhijie/autoware/install/abc_terasim/share/abc_terasim/include/test_08.hpp
[14.751s] -- Up-to-date symlink: /home/zhijie/autoware/install/abc_terasim/share/abc_terasim/include/test_09.hpp
[14.751s] -- Up-to-date symlink: /home/zhijie/autoware/install/abc_terasim/share/abc_terasim/include/test_10.hpp
[14.751s] -- Up-to-date symlink: /home/zhijie/autoware/install/abc_terasim/share/abc_terasim/include/test_11.hpp
[14.751s] -- Up-to-date symlink: /home/zhijie/autoware/install/abc_terasim/share/abc_terasim/include/test_12.hpp
[14.751s] -- Up-to-date symlink: /home/zhijie/autoware/install/abc_terasim/share/ament_index/resource_index/package_run_dependencies/abc_terasim
[14.752s] -- Up-to-date symlink: /home/zhijie/autoware/install/abc_terasim/share/ament_index/resource_index/parent_prefix_path/abc_terasim
[14.752s] -- Up-to-date symlink: /home/zhijie/autoware/install/abc_terasim/share/abc_terasim/environment/ament_prefix_path.sh
[14.752s] -- Up-to-date symlink: /home/zhijie/autoware/install/abc_terasim/share/abc_terasim/environment/ament_prefix_path.dsv
[14.752s] -- Up-to-date symlink: /home/zhijie/autoware/install/abc_terasim/share/abc_terasim/environment/path.sh
[14.752s] -- Up-to-date symlink: /home/zhijie/autoware/install/abc_terasim/share/abc_terasim/environment/path.dsv
[14.752s] -- Up-to-date symlink: /home/zhijie/autoware/install/abc_terasim/share/abc_terasim/local_setup.bash
[14.752s] -- Up-to-date symlink: /home/zhijie/autoware/install/abc_terasim/share/abc_terasim/local_setup.sh
[14.752s] -- Up-to-date symlink: /home/zhijie/autoware/install/abc_terasim/share/abc_terasim/local_setup.zsh
[14.752s] -- Up-to-date symlink: /home/zhijie/autoware/install/abc_terasim/share/abc_terasim/local_setup.dsv
[14.752s] -- Symlinking: /home/zhijie/autoware/install/abc_terasim/share/abc_terasim/package.dsv
[14.759s] -- Up-to-date symlink: /home/zhijie/autoware/install/abc_terasim/share/ament_index/resource_index/packages/abc_terasim
[14.759s] -- Up-to-date symlink: /home/zhijie/autoware/install/abc_terasim/share/ament_index/resource_index/rclcpp_components/abc_terasim
[14.759s] -- Up-to-date symlink: /home/zhijie/autoware/install/abc_terasim/share/abc_terasim/cmake/ament_cmake_export_dependencies-extras.cmake
[14.759s] -- Up-to-date symlink: /home/zhijie/autoware/install/abc_terasim/share/abc_terasim/cmake/ament_cmake_export_include_directories-extras.cmake
[14.759s] -- Up-to-date symlink: /home/zhijie/autoware/install/abc_terasim/share/abc_terasim/cmake/ament_cmake_export_libraries-extras.cmake
[14.759s] -- Up-to-date symlink: /home/zhijie/autoware/install/abc_terasim/share/abc_terasim/cmake/abc_terasimConfig.cmake
[14.759s] -- Up-to-date symlink: /home/zhijie/autoware/install/abc_terasim/share/abc_terasim/cmake/abc_terasimConfig-version.cmake
[14.759s] -- Up-to-date symlink: /home/zhijie/autoware/install/abc_terasim/share/abc_terasim/package.xml
[14.761s] Invoked command in '/home/zhijie/autoware/build/abc_terasim' returned '0': AMENT_PREFIX_PATH=/home/zhijie/autoware/install/dummy_perception_publisher:/home/zhijie/autoware/install/tier4_autoware_utils:/home/zhijie/autoware/install/tier4_perception_msgs:/home/zhijie/autoware/install/autoware_auto_vehicle_msgs:/home/zhijie/autoware/install/tier4_system_msgs:/home/zhijie/autoware/install/autoware_cmake:/home/zhijie/autoware/install/autoware_auto_planning_msgs:/home/zhijie/autoware/install/autoware_auto_perception_msgs:/home/zhijie/autoware/install/tier4_debug_msgs:/home/zhijie/autoware/install/autoware_perception_msgs:/home/zhijie/autoware/install/autoware_lint_common:/home/zhijie/autoware/install/autoware_common_msgs:/home/zhijie/autoware/install/autoware_auto_system_msgs:/home/zhijie/autoware/install/autoware_auto_mapping_msgs:/home/zhijie/autoware/install/autoware_auto_geometry_msgs:/home/zhijie/autoware/install/autoware_adapi_v1_msgs:${AMENT_PREFIX_PATH} CMAKE_PREFIX_PATH=/home/zhijie/autoware/install/dummy_perception_publisher:/home/zhijie/autoware/install/tier4_autoware_utils:/home/zhijie/autoware/install/tier4_perception_msgs:/home/zhijie/autoware/install/autoware_auto_vehicle_msgs:/home/zhijie/autoware/install/tier4_system_msgs:/home/zhijie/autoware/install/autoware_cmake:/home/zhijie/autoware/install/autoware_auto_planning_msgs:/home/zhijie/autoware/install/autoware_auto_perception_msgs:/home/zhijie/autoware/install/tier4_debug_msgs:/home/zhijie/autoware/install/autoware_perception_msgs:/home/zhijie/autoware/install/autoware_lint_common:/home/zhijie/autoware/install/autoware_common_msgs:/home/zhijie/autoware/install/autoware_auto_system_msgs:/home/zhijie/autoware/install/autoware_auto_mapping_msgs:/home/zhijie/autoware/install/autoware_auto_geometry_msgs:/home/zhijie/autoware/install/autoware_adapi_v1_msgs:/opt/ros/humble LD_LIBRARY_PATH=/home/zhijie/autoware/install/dummy_perception_publisher/lib:/home/zhijie/autoware/install/tier4_autoware_utils/lib:/home/zhijie/autoware/install/tier4_perception_msgs/lib:/home/zhijie/autoware/install/autoware_auto_vehicle_msgs/lib:/home/zhijie/autoware/install/tier4_system_msgs/lib:/home/zhijie/autoware/install/autoware_auto_planning_msgs/lib:/home/zhijie/autoware/install/autoware_auto_perception_msgs/lib:/home/zhijie/autoware/install/tier4_debug_msgs/lib:/home/zhijie/autoware/install/autoware_perception_msgs/lib:/home/zhijie/autoware/install/autoware_common_msgs/lib:/home/zhijie/autoware/install/autoware_auto_system_msgs/lib:/home/zhijie/autoware/install/autoware_auto_mapping_msgs/lib:/home/zhijie/autoware/install/autoware_auto_geometry_msgs/lib:/home/zhijie/autoware/install/autoware_adapi_v1_msgs/lib:${LD_LIBRARY_PATH} PYTHONPATH=/home/zhijie/autoware/install/dummy_perception_publisher/local/lib/python3.10/dist-packages:/home/zhijie/autoware/install/tier4_perception_msgs/local/lib/python3.10/dist-packages:/home/zhijie/autoware/install/autoware_auto_vehicle_msgs/local/lib/python3.10/dist-packages:/home/zhijie/autoware/install/tier4_system_msgs/local/lib/python3.10/dist-packages:/home/zhijie/autoware/install/autoware_auto_planning_msgs/local/lib/python3.10/dist-packages:/home/zhijie/autoware/install/autoware_auto_perception_msgs/local/lib/python3.10/dist-packages:/home/zhijie/autoware/install/tier4_debug_msgs/local/lib/python3.10/dist-packages:/home/zhijie/autoware/install/autoware_perception_msgs/local/lib/python3.10/dist-packages:/home/zhijie/autoware/install/autoware_common_msgs/local/lib/python3.10/dist-packages:/home/zhijie/autoware/install/autoware_auto_system_msgs/local/lib/python3.10/dist-packages:/home/zhijie/autoware/install/autoware_auto_mapping_msgs/local/lib/python3.10/dist-packages:/home/zhijie/autoware/install/autoware_auto_geometry_msgs/local/lib/python3.10/dist-packages:/home/zhijie/autoware/install/autoware_adapi_v1_msgs/local/lib/python3.10/dist-packages:${PYTHONPATH} /usr/bin/cmake --install /home/zhijie/autoware/build/abc_terasim
