[0.016s] Invoking command in '/home/zhijie/autoware/build/dbw_fca_can': AMENT_PREFIX_PATH=/home/zhijie/autoware/install/dataspeed_ulc_can:/home/zhijie/autoware/install/dataspeed_dbw_gateway:/home/zhijie/autoware/install/dbw_polaris_msgs:/home/zhijie/autoware/install/dbw_ford_msgs:/home/zhijie/autoware/install/dbw_fca_msgs:/home/zhijie/autoware/install/dbw_fca_description:/home/zhijie/autoware/install/dataspeed_ulc_msgs:/home/zhijie/autoware/install/dataspeed_dbw_msgs:/home/zhijie/autoware/install/dataspeed_dbw_common:/home/zhijie/autoware/install/dataspeed_can_usb:/home/zhijie/autoware/install/dataspeed_can_msg_filters:${AMENT_PREFIX_PATH} CMAKE_PREFIX_PATH=/home/zhijie/autoware/install/dataspeed_ulc_can:/home/zhijie/autoware/install/dataspeed_dbw_gateway:/home/zhijie/autoware/install/dbw_polaris_msgs:/home/zhijie/autoware/install/dbw_ford_msgs:/home/zhijie/autoware/install/dbw_fca_msgs:/home/zhijie/autoware/install/dbw_fca_description:/home/zhijie/autoware/install/dataspeed_ulc_msgs:/home/zhijie/autoware/install/dataspeed_dbw_msgs:/home/zhijie/autoware/install/dataspeed_dbw_common:/home/zhijie/autoware/install/dataspeed_can_usb:/home/zhijie/autoware/install/dataspeed_can_msg_filters:/opt/ros/humble LD_LIBRARY_PATH=/home/zhijie/autoware/install/dataspeed_ulc_can/lib:/home/zhijie/autoware/install/dataspeed_dbw_gateway/lib:/home/zhijie/autoware/install/dbw_polaris_msgs/lib:/home/zhijie/autoware/install/dbw_ford_msgs/lib:/home/zhijie/autoware/install/dbw_fca_msgs/lib:/home/zhijie/autoware/install/dataspeed_ulc_msgs/lib:/home/zhijie/autoware/install/dataspeed_dbw_msgs/lib:/home/zhijie/autoware/install/dataspeed_can_usb/lib:${LD_LIBRARY_PATH} PYTHONPATH=/home/zhijie/autoware/install/dataspeed_ulc_can/local/lib/python3.10/dist-packages:/home/zhijie/autoware/install/dataspeed_dbw_gateway/local/lib/python3.10/dist-packages:/home/zhijie/autoware/install/dbw_polaris_msgs/local/lib/python3.10/dist-packages:/home/zhijie/autoware/install/dbw_ford_msgs/local/lib/python3.10/dist-packages:/home/zhijie/autoware/install/dbw_fca_msgs/local/lib/python3.10/dist-packages:/home/zhijie/autoware/install/dataspeed_ulc_msgs/local/lib/python3.10/dist-packages:/home/zhijie/autoware/install/dataspeed_dbw_msgs/local/lib/python3.10/dist-packages:${PYTHONPATH} /usr/bin/cmake /home/zhijie/autoware/src/terasim/data_speed_driver/dbw_fca_can -DCMAKE_BUILD_TYPE=Release -DAMENT_CMAKE_SYMLINK_INSTALL=1 -DCMAKE_INSTALL_PREFIX=/home/zhijie/autoware/install/dbw_fca_can
[0.054s] -- The C compiler identification is GNU 11.4.0
[0.092s] -- The CXX compiler identification is GNU 11.4.0
[0.097s] -- Detecting C compiler ABI info
[0.141s] -- Detecting C compiler ABI info - done
[0.147s] -- Check for working C compiler: /usr/bin/cc - skipped
[0.147s] -- Detecting C compile features
[0.147s] -- Detecting C compile features - done
[0.149s] -- Detecting CXX compiler ABI info
[0.203s] -- Detecting CXX compiler ABI info - done
[0.208s] -- Check for working CXX compiler: /usr/bin/c++ - skipped
[0.209s] -- Detecting CXX compile features
[0.209s] -- Detecting CXX compile features - done
[0.211s] -- Found ament_cmake: 1.3.5 (/opt/ros/humble/share/ament_cmake/cmake)
[0.347s] -- Found Python3: /usr/bin/python3.10 (found version "3.10.12") found components: Interpreter 
[0.394s] -- Override CMake install command with custom implementation using symlinks instead of copying resources
[0.425s] -- Found rclcpp: 16.0.6 (/opt/ros/humble/share/rclcpp/cmake)
[0.468s] -- Found rosidl_generator_c: 3.1.5 (/opt/ros/humble/share/rosidl_generator_c/cmake)
[0.472s] -- Found rosidl_adapter: 3.1.5 (/opt/ros/humble/share/rosidl_adapter/cmake)
[0.479s] -- Found rosidl_generator_cpp: 3.1.5 (/opt/ros/humble/share/rosidl_generator_cpp/cmake)
[0.490s] -- Using all available rosidl_typesupport_c: rosidl_typesupport_fastrtps_c;rosidl_typesupport_introspection_c
[0.506s] -- Using all available rosidl_typesupport_cpp: rosidl_typesupport_fastrtps_cpp;rosidl_typesupport_introspection_cpp
[0.564s] -- Found rmw_implementation_cmake: 6.1.1 (/opt/ros/humble/share/rmw_implementation_cmake/cmake)
[0.567s] -- Found rmw_cyclonedds_cpp: 1.3.4 (/opt/ros/humble/share/rmw_cyclonedds_cpp/cmake)
[0.595s] -- Using RMW implementation 'rmw_cyclonedds_cpp' as default
[0.603s] -- Looking for pthread.h
[0.650s] -- Looking for pthread.h - found
[0.650s] -- Performing Test CMAKE_HAVE_LIBC_PTHREAD
[0.699s] -- Performing Test CMAKE_HAVE_LIBC_PTHREAD - Success
[0.699s] -- Found Threads: TRUE  
[0.857s] -- Found rclcpp_components: 16.0.6 (/opt/ros/humble/share/rclcpp_components/cmake)
[0.912s] -- Found dataspeed_dbw_common: 2.1.3 (/home/zhijie/autoware/install/dataspeed_dbw_common/share/dataspeed_dbw_common/cmake)
[0.914s] -- Found can_msgs: 2.0.0 (/opt/ros/humble/share/can_msgs/cmake)
[0.950s] -- Found sensor_msgs: 4.2.3 (/opt/ros/humble/share/sensor_msgs/cmake)
[1.056s] -- Found dbw_fca_msgs: 2.1.3 (/home/zhijie/autoware/install/dbw_fca_msgs/share/dbw_fca_msgs/cmake)
[1.107s] -- Found dataspeed_can_msg_filters: 2.0.3 (/home/zhijie/autoware/install/dataspeed_can_msg_filters/share/dataspeed_can_msg_filters/cmake)
[1.114s] -- Found ament_cmake_gtest: 1.3.5 (/opt/ros/humble/share/ament_cmake_gtest/cmake)
[1.116s] -- Found gtest sources under '/opt/ros/humble/src/gtest_vendor': C++ tests using 'Google Test' will be built
[1.170s] -- Configuring done
[1.184s] -- Generating done
[1.184s] -- Build files have been written to: /home/zhijie/autoware/build/dbw_fca_can
[1.191s] Invoked command in '/home/zhijie/autoware/build/dbw_fca_can' returned '0': AMENT_PREFIX_PATH=/home/zhijie/autoware/install/dataspeed_ulc_can:/home/zhijie/autoware/install/dataspeed_dbw_gateway:/home/zhijie/autoware/install/dbw_polaris_msgs:/home/zhijie/autoware/install/dbw_ford_msgs:/home/zhijie/autoware/install/dbw_fca_msgs:/home/zhijie/autoware/install/dbw_fca_description:/home/zhijie/autoware/install/dataspeed_ulc_msgs:/home/zhijie/autoware/install/dataspeed_dbw_msgs:/home/zhijie/autoware/install/dataspeed_dbw_common:/home/zhijie/autoware/install/dataspeed_can_usb:/home/zhijie/autoware/install/dataspeed_can_msg_filters:${AMENT_PREFIX_PATH} CMAKE_PREFIX_PATH=/home/zhijie/autoware/install/dataspeed_ulc_can:/home/zhijie/autoware/install/dataspeed_dbw_gateway:/home/zhijie/autoware/install/dbw_polaris_msgs:/home/zhijie/autoware/install/dbw_ford_msgs:/home/zhijie/autoware/install/dbw_fca_msgs:/home/zhijie/autoware/install/dbw_fca_description:/home/zhijie/autoware/install/dataspeed_ulc_msgs:/home/zhijie/autoware/install/dataspeed_dbw_msgs:/home/zhijie/autoware/install/dataspeed_dbw_common:/home/zhijie/autoware/install/dataspeed_can_usb:/home/zhijie/autoware/install/dataspeed_can_msg_filters:/opt/ros/humble LD_LIBRARY_PATH=/home/zhijie/autoware/install/dataspeed_ulc_can/lib:/home/zhijie/autoware/install/dataspeed_dbw_gateway/lib:/home/zhijie/autoware/install/dbw_polaris_msgs/lib:/home/zhijie/autoware/install/dbw_ford_msgs/lib:/home/zhijie/autoware/install/dbw_fca_msgs/lib:/home/zhijie/autoware/install/dataspeed_ulc_msgs/lib:/home/zhijie/autoware/install/dataspeed_dbw_msgs/lib:/home/zhijie/autoware/install/dataspeed_can_usb/lib:${LD_LIBRARY_PATH} PYTHONPATH=/home/zhijie/autoware/install/dataspeed_ulc_can/local/lib/python3.10/dist-packages:/home/zhijie/autoware/install/dataspeed_dbw_gateway/local/lib/python3.10/dist-packages:/home/zhijie/autoware/install/dbw_polaris_msgs/local/lib/python3.10/dist-packages:/home/zhijie/autoware/install/dbw_ford_msgs/local/lib/python3.10/dist-packages:/home/zhijie/autoware/install/dbw_fca_msgs/local/lib/python3.10/dist-packages:/home/zhijie/autoware/install/dataspeed_ulc_msgs/local/lib/python3.10/dist-packages:/home/zhijie/autoware/install/dataspeed_dbw_msgs/local/lib/python3.10/dist-packages:${PYTHONPATH} /usr/bin/cmake /home/zhijie/autoware/src/terasim/data_speed_driver/dbw_fca_can -DCMAKE_BUILD_TYPE=Release -DAMENT_CMAKE_SYMLINK_INSTALL=1 -DCMAKE_INSTALL_PREFIX=/home/zhijie/autoware/install/dbw_fca_can
[1.193s] Invoking command in '/home/zhijie/autoware/build/dbw_fca_can': AMENT_PREFIX_PATH=/home/zhijie/autoware/install/dataspeed_ulc_can:/home/zhijie/autoware/install/dataspeed_dbw_gateway:/home/zhijie/autoware/install/dbw_polaris_msgs:/home/zhijie/autoware/install/dbw_ford_msgs:/home/zhijie/autoware/install/dbw_fca_msgs:/home/zhijie/autoware/install/dbw_fca_description:/home/zhijie/autoware/install/dataspeed_ulc_msgs:/home/zhijie/autoware/install/dataspeed_dbw_msgs:/home/zhijie/autoware/install/dataspeed_dbw_common:/home/zhijie/autoware/install/dataspeed_can_usb:/home/zhijie/autoware/install/dataspeed_can_msg_filters:${AMENT_PREFIX_PATH} CMAKE_PREFIX_PATH=/home/zhijie/autoware/install/dataspeed_ulc_can:/home/zhijie/autoware/install/dataspeed_dbw_gateway:/home/zhijie/autoware/install/dbw_polaris_msgs:/home/zhijie/autoware/install/dbw_ford_msgs:/home/zhijie/autoware/install/dbw_fca_msgs:/home/zhijie/autoware/install/dbw_fca_description:/home/zhijie/autoware/install/dataspeed_ulc_msgs:/home/zhijie/autoware/install/dataspeed_dbw_msgs:/home/zhijie/autoware/install/dataspeed_dbw_common:/home/zhijie/autoware/install/dataspeed_can_usb:/home/zhijie/autoware/install/dataspeed_can_msg_filters:/opt/ros/humble LD_LIBRARY_PATH=/home/zhijie/autoware/install/dataspeed_ulc_can/lib:/home/zhijie/autoware/install/dataspeed_dbw_gateway/lib:/home/zhijie/autoware/install/dbw_polaris_msgs/lib:/home/zhijie/autoware/install/dbw_ford_msgs/lib:/home/zhijie/autoware/install/dbw_fca_msgs/lib:/home/zhijie/autoware/install/dataspeed_ulc_msgs/lib:/home/zhijie/autoware/install/dataspeed_dbw_msgs/lib:/home/zhijie/autoware/install/dataspeed_can_usb/lib:${LD_LIBRARY_PATH} PYTHONPATH=/home/zhijie/autoware/install/dataspeed_ulc_can/local/lib/python3.10/dist-packages:/home/zhijie/autoware/install/dataspeed_dbw_gateway/local/lib/python3.10/dist-packages:/home/zhijie/autoware/install/dbw_polaris_msgs/local/lib/python3.10/dist-packages:/home/zhijie/autoware/install/dbw_ford_msgs/local/lib/python3.10/dist-packages:/home/zhijie/autoware/install/dbw_fca_msgs/local/lib/python3.10/dist-packages:/home/zhijie/autoware/install/dataspeed_ulc_msgs/local/lib/python3.10/dist-packages:/home/zhijie/autoware/install/dataspeed_dbw_msgs/local/lib/python3.10/dist-packages:${PYTHONPATH} /usr/bin/cmake --build /home/zhijie/autoware/build/dbw_fca_can -- -j16 -l16
[1.230s] [ 10%] [32mBuilding CXX object CMakeFiles/dbw_node.dir/rclcpp_components/node_main_dbw_node.cpp.o[0m
[1.230s] [ 20%] [32mBuilding CXX object gtest/CMakeFiles/gtest_main.dir/src/gtest_main.cc.o[0m
[1.231s] [ 30%] [32mBuilding CXX object CMakeFiles/dbw_fca_can.dir/src/DbwNode.cpp.o[0m
[1.231s] [ 40%] [32mBuilding CXX object gtest/CMakeFiles/gtest.dir/src/gtest-all.cc.o[0m
[2.435s] [ 50%] [32m[1mLinking CXX static library libgtest_main.a[0m
[2.463s] [ 50%] Built target gtest_main
[6.002s] [ 60%] [32m[1mLinking CXX executable dbw_node[0m
[6.111s] [ 60%] Built target dbw_node
[8.870s] [ 70%] [32m[1mLinking CXX static library libgtest.a[0m
[8.901s] [ 70%] Built target gtest
[8.918s] [ 80%] [32mBuilding CXX object CMakeFiles/dbw_fca_can_test_pedal_lut.dir/tests/test_pedal_lut.cpp.o[0m
[10.188s] [ 90%] [32m[1mLinking CXX executable dbw_fca_can_test_pedal_lut[0m
[10.259s] [ 90%] Built target dbw_fca_can_test_pedal_lut
[38.612s] [100%] [32m[1mLinking CXX shared library libdbw_fca_can.so[0m
[38.885s] [100%] Built target dbw_fca_can
[38.893s] Invoked command in '/home/zhijie/autoware/build/dbw_fca_can' returned '0': AMENT_PREFIX_PATH=/home/zhijie/autoware/install/dataspeed_ulc_can:/home/zhijie/autoware/install/dataspeed_dbw_gateway:/home/zhijie/autoware/install/dbw_polaris_msgs:/home/zhijie/autoware/install/dbw_ford_msgs:/home/zhijie/autoware/install/dbw_fca_msgs:/home/zhijie/autoware/install/dbw_fca_description:/home/zhijie/autoware/install/dataspeed_ulc_msgs:/home/zhijie/autoware/install/dataspeed_dbw_msgs:/home/zhijie/autoware/install/dataspeed_dbw_common:/home/zhijie/autoware/install/dataspeed_can_usb:/home/zhijie/autoware/install/dataspeed_can_msg_filters:${AMENT_PREFIX_PATH} CMAKE_PREFIX_PATH=/home/zhijie/autoware/install/dataspeed_ulc_can:/home/zhijie/autoware/install/dataspeed_dbw_gateway:/home/zhijie/autoware/install/dbw_polaris_msgs:/home/zhijie/autoware/install/dbw_ford_msgs:/home/zhijie/autoware/install/dbw_fca_msgs:/home/zhijie/autoware/install/dbw_fca_description:/home/zhijie/autoware/install/dataspeed_ulc_msgs:/home/zhijie/autoware/install/dataspeed_dbw_msgs:/home/zhijie/autoware/install/dataspeed_dbw_common:/home/zhijie/autoware/install/dataspeed_can_usb:/home/zhijie/autoware/install/dataspeed_can_msg_filters:/opt/ros/humble LD_LIBRARY_PATH=/home/zhijie/autoware/install/dataspeed_ulc_can/lib:/home/zhijie/autoware/install/dataspeed_dbw_gateway/lib:/home/zhijie/autoware/install/dbw_polaris_msgs/lib:/home/zhijie/autoware/install/dbw_ford_msgs/lib:/home/zhijie/autoware/install/dbw_fca_msgs/lib:/home/zhijie/autoware/install/dataspeed_ulc_msgs/lib:/home/zhijie/autoware/install/dataspeed_dbw_msgs/lib:/home/zhijie/autoware/install/dataspeed_can_usb/lib:${LD_LIBRARY_PATH} PYTHONPATH=/home/zhijie/autoware/install/dataspeed_ulc_can/local/lib/python3.10/dist-packages:/home/zhijie/autoware/install/dataspeed_dbw_gateway/local/lib/python3.10/dist-packages:/home/zhijie/autoware/install/dbw_polaris_msgs/local/lib/python3.10/dist-packages:/home/zhijie/autoware/install/dbw_ford_msgs/local/lib/python3.10/dist-packages:/home/zhijie/autoware/install/dbw_fca_msgs/local/lib/python3.10/dist-packages:/home/zhijie/autoware/install/dataspeed_ulc_msgs/local/lib/python3.10/dist-packages:/home/zhijie/autoware/install/dataspeed_dbw_msgs/local/lib/python3.10/dist-packages:${PYTHONPATH} /usr/bin/cmake --build /home/zhijie/autoware/build/dbw_fca_can -- -j16 -l16
[38.916s] Invoking command in '/home/zhijie/autoware/build/dbw_fca_can': AMENT_PREFIX_PATH=/home/zhijie/autoware/install/dataspeed_ulc_can:/home/zhijie/autoware/install/dataspeed_dbw_gateway:/home/zhijie/autoware/install/dbw_polaris_msgs:/home/zhijie/autoware/install/dbw_ford_msgs:/home/zhijie/autoware/install/dbw_fca_msgs:/home/zhijie/autoware/install/dbw_fca_description:/home/zhijie/autoware/install/dataspeed_ulc_msgs:/home/zhijie/autoware/install/dataspeed_dbw_msgs:/home/zhijie/autoware/install/dataspeed_dbw_common:/home/zhijie/autoware/install/dataspeed_can_usb:/home/zhijie/autoware/install/dataspeed_can_msg_filters:${AMENT_PREFIX_PATH} CMAKE_PREFIX_PATH=/home/zhijie/autoware/install/dataspeed_ulc_can:/home/zhijie/autoware/install/dataspeed_dbw_gateway:/home/zhijie/autoware/install/dbw_polaris_msgs:/home/zhijie/autoware/install/dbw_ford_msgs:/home/zhijie/autoware/install/dbw_fca_msgs:/home/zhijie/autoware/install/dbw_fca_description:/home/zhijie/autoware/install/dataspeed_ulc_msgs:/home/zhijie/autoware/install/dataspeed_dbw_msgs:/home/zhijie/autoware/install/dataspeed_dbw_common:/home/zhijie/autoware/install/dataspeed_can_usb:/home/zhijie/autoware/install/dataspeed_can_msg_filters:/opt/ros/humble LD_LIBRARY_PATH=/home/zhijie/autoware/install/dataspeed_ulc_can/lib:/home/zhijie/autoware/install/dataspeed_dbw_gateway/lib:/home/zhijie/autoware/install/dbw_polaris_msgs/lib:/home/zhijie/autoware/install/dbw_ford_msgs/lib:/home/zhijie/autoware/install/dbw_fca_msgs/lib:/home/zhijie/autoware/install/dataspeed_ulc_msgs/lib:/home/zhijie/autoware/install/dataspeed_dbw_msgs/lib:/home/zhijie/autoware/install/dataspeed_can_usb/lib:${LD_LIBRARY_PATH} PYTHONPATH=/home/zhijie/autoware/install/dataspeed_ulc_can/local/lib/python3.10/dist-packages:/home/zhijie/autoware/install/dataspeed_dbw_gateway/local/lib/python3.10/dist-packages:/home/zhijie/autoware/install/dbw_polaris_msgs/local/lib/python3.10/dist-packages:/home/zhijie/autoware/install/dbw_ford_msgs/local/lib/python3.10/dist-packages:/home/zhijie/autoware/install/dbw_fca_msgs/local/lib/python3.10/dist-packages:/home/zhijie/autoware/install/dataspeed_ulc_msgs/local/lib/python3.10/dist-packages:/home/zhijie/autoware/install/dataspeed_dbw_msgs/local/lib/python3.10/dist-packages:${PYTHONPATH} /usr/bin/cmake --install /home/zhijie/autoware/build/dbw_fca_can
[38.924s] -- Install configuration: "Release"
[38.924s] -- Execute custom install script
[38.924s] -- Symlinking: /home/zhijie/autoware/install/dbw_fca_can/lib/libdbw_fca_can.so
[38.931s] -- Symlinking: /home/zhijie/autoware/install/dbw_fca_can/lib/dbw_fca_can/dbw_node
[38.937s] -- Symlinking: /home/zhijie/autoware/install/dbw_fca_can/include/dbw_fca_can/dispatch.hpp
[38.944s] -- Symlinking: /home/zhijie/autoware/install/dbw_fca_can/include/dbw_fca_can/pedal_lut.hpp
[38.950s] -- Symlinking: /home/zhijie/autoware/install/dbw_fca_can/share/dbw_fca_can/launch/dbw.launch.xml
[38.956s] -- Symlinking: /home/zhijie/autoware/install/dbw_fca_can/share/dbw_fca_can/launch/offline.launch.xml
[38.962s] -- Symlinking: /home/zhijie/autoware/install/dbw_fca_can/share/ament_index/resource_index/package_run_dependencies/dbw_fca_can
[38.969s] -- Symlinking: /home/zhijie/autoware/install/dbw_fca_can/share/ament_index/resource_index/parent_prefix_path/dbw_fca_can
[38.975s] -- Symlinking: /home/zhijie/autoware/install/dbw_fca_can/share/dbw_fca_can/environment/ament_prefix_path.sh
[38.981s] -- Symlinking: /home/zhijie/autoware/install/dbw_fca_can/share/dbw_fca_can/environment/ament_prefix_path.dsv
[38.988s] -- Symlinking: /home/zhijie/autoware/install/dbw_fca_can/share/dbw_fca_can/environment/path.sh
[38.995s] -- Symlinking: /home/zhijie/autoware/install/dbw_fca_can/share/dbw_fca_can/environment/path.dsv
[39.001s] -- Symlinking: /home/zhijie/autoware/install/dbw_fca_can/share/dbw_fca_can/local_setup.bash
[39.008s] -- Symlinking: /home/zhijie/autoware/install/dbw_fca_can/share/dbw_fca_can/local_setup.sh
[39.014s] -- Symlinking: /home/zhijie/autoware/install/dbw_fca_can/share/dbw_fca_can/local_setup.zsh
[39.021s] -- Symlinking: /home/zhijie/autoware/install/dbw_fca_can/share/dbw_fca_can/local_setup.dsv
[39.027s] -- Symlinking: /home/zhijie/autoware/install/dbw_fca_can/share/dbw_fca_can/package.dsv
[39.034s] -- Symlinking: /home/zhijie/autoware/install/dbw_fca_can/share/ament_index/resource_index/packages/dbw_fca_can
[39.040s] -- Symlinking: /home/zhijie/autoware/install/dbw_fca_can/share/ament_index/resource_index/rclcpp_components/dbw_fca_can
[39.046s] -- Symlinking: /home/zhijie/autoware/install/dbw_fca_can/share/dbw_fca_can/cmake/ament_cmake_export_include_directories-extras.cmake
[39.053s] -- Symlinking: /home/zhijie/autoware/install/dbw_fca_can/share/dbw_fca_can/cmake/dbw_fca_canConfig.cmake
[39.060s] -- Symlinking: /home/zhijie/autoware/install/dbw_fca_can/share/dbw_fca_can/cmake/dbw_fca_canConfig-version.cmake
[39.066s] -- Symlinking: /home/zhijie/autoware/install/dbw_fca_can/share/dbw_fca_can/package.xml
[39.072s] -- Installing: /home/zhijie/autoware/install/dbw_fca_can/lib/dbw_fca_can/scripts
[39.073s] -- Installing: /home/zhijie/autoware/install/dbw_fca_can/lib/dbw_fca_can/scripts/misc_hvac_cmd.py
[39.073s] -- Installing: /home/zhijie/autoware/install/dbw_fca_can/lib/dbw_fca_can/scripts/brake_sine.py
[39.073s] -- Installing: /home/zhijie/autoware/install/dbw_fca_can/lib/dbw_fca_can/scripts/brake_thrash.py
[39.073s] -- Installing: /home/zhijie/autoware/install/dbw_fca_can/lib/dbw_fca_can/scripts/throttle_thrash.py
[39.073s] -- Installing: /home/zhijie/autoware/install/dbw_fca_can/lib/dbw_fca_can/scripts/brake_sweep.py
[39.073s] -- Installing: /home/zhijie/autoware/install/dbw_fca_can/lib/dbw_fca_can/scripts/throttle_sine.py
[39.073s] -- Installing: /home/zhijie/autoware/install/dbw_fca_can/lib/dbw_fca_can/scripts/log_performance_MM.py
[39.073s] -- Installing: /home/zhijie/autoware/install/dbw_fca_can/lib/dbw_fca_can/scripts/throttle_sweep.py
[39.076s] Invoked command in '/home/zhijie/autoware/build/dbw_fca_can' returned '0': AMENT_PREFIX_PATH=/home/zhijie/autoware/install/dataspeed_ulc_can:/home/zhijie/autoware/install/dataspeed_dbw_gateway:/home/zhijie/autoware/install/dbw_polaris_msgs:/home/zhijie/autoware/install/dbw_ford_msgs:/home/zhijie/autoware/install/dbw_fca_msgs:/home/zhijie/autoware/install/dbw_fca_description:/home/zhijie/autoware/install/dataspeed_ulc_msgs:/home/zhijie/autoware/install/dataspeed_dbw_msgs:/home/zhijie/autoware/install/dataspeed_dbw_common:/home/zhijie/autoware/install/dataspeed_can_usb:/home/zhijie/autoware/install/dataspeed_can_msg_filters:${AMENT_PREFIX_PATH} CMAKE_PREFIX_PATH=/home/zhijie/autoware/install/dataspeed_ulc_can:/home/zhijie/autoware/install/dataspeed_dbw_gateway:/home/zhijie/autoware/install/dbw_polaris_msgs:/home/zhijie/autoware/install/dbw_ford_msgs:/home/zhijie/autoware/install/dbw_fca_msgs:/home/zhijie/autoware/install/dbw_fca_description:/home/zhijie/autoware/install/dataspeed_ulc_msgs:/home/zhijie/autoware/install/dataspeed_dbw_msgs:/home/zhijie/autoware/install/dataspeed_dbw_common:/home/zhijie/autoware/install/dataspeed_can_usb:/home/zhijie/autoware/install/dataspeed_can_msg_filters:/opt/ros/humble LD_LIBRARY_PATH=/home/zhijie/autoware/install/dataspeed_ulc_can/lib:/home/zhijie/autoware/install/dataspeed_dbw_gateway/lib:/home/zhijie/autoware/install/dbw_polaris_msgs/lib:/home/zhijie/autoware/install/dbw_ford_msgs/lib:/home/zhijie/autoware/install/dbw_fca_msgs/lib:/home/zhijie/autoware/install/dataspeed_ulc_msgs/lib:/home/zhijie/autoware/install/dataspeed_dbw_msgs/lib:/home/zhijie/autoware/install/dataspeed_can_usb/lib:${LD_LIBRARY_PATH} PYTHONPATH=/home/zhijie/autoware/install/dataspeed_ulc_can/local/lib/python3.10/dist-packages:/home/zhijie/autoware/install/dataspeed_dbw_gateway/local/lib/python3.10/dist-packages:/home/zhijie/autoware/install/dbw_polaris_msgs/local/lib/python3.10/dist-packages:/home/zhijie/autoware/install/dbw_ford_msgs/local/lib/python3.10/dist-packages:/home/zhijie/autoware/install/dbw_fca_msgs/local/lib/python3.10/dist-packages:/home/zhijie/autoware/install/dataspeed_ulc_msgs/local/lib/python3.10/dist-packages:/home/zhijie/autoware/install/dataspeed_dbw_msgs/local/lib/python3.10/dist-packages:${PYTHONPATH} /usr/bin/cmake --install /home/zhijie/autoware/build/dbw_fca_can
