[35m[1mConsolidate compiler generated dependencies of target mkz_bywire_component[0m
[ 50%] Built target mkz_bywire
[ 75%] [32mBuilding CXX object CMakeFiles/mkz_bywire_component.dir/src/mkz_bywire.cpp.o[0m
[100%] [32m[1mLinking CXX shared library libmkz_bywire_component.so[0m
[100%] Built target mkz_bywire_component
-- Install configuration: ""
-- Up-to-date: /home/zhijie/autoware/install/mkz_bywire/lib/mkz_bywire/mkz_bywire
-- Up-to-date: /home/zhijie/autoware/install/mkz_bywire/include
-- Up-to-date: /home/zhijie/autoware/install/mkz_bywire/include/sx.hpp
-- Up-to-date: /home/zhijie/autoware/install/mkz_bywire/include/mkz_bywire.hpp
-- Up-to-date: /home/zhijie/autoware/install/mkz_bywire/include/xmath.hpp
-- Up-to-date: /home/zhijie/autoware/install/mkz_bywire/share/mkz_bywire/environment/library_path.sh
-- Up-to-date: /home/zhijie/autoware/install/mkz_bywire/share/mkz_bywire/environment/library_path.dsv
-- Installing: /home/zhijie/autoware/install/mkz_bywire/lib/libmkz_bywire_component.so
-- Set runtime path of "/home/zhijie/autoware/install/mkz_bywire/lib/libmkz_bywire_component.so" to ""
-- Up-to-date: /home/zhijie/autoware/install/mkz_bywire/share/mkz_bywire/include
-- Up-to-date: /home/zhijie/autoware/install/mkz_bywire/share/mkz_bywire/include/sx.hpp
-- Up-to-date: /home/zhijie/autoware/install/mkz_bywire/share/mkz_bywire/include/mkz_bywire.hpp
-- Up-to-date: /home/zhijie/autoware/install/mkz_bywire/share/mkz_bywire/include/xmath.hpp
-- Up-to-date: /home/zhijie/autoware/install/mkz_bywire/share/ament_index/resource_index/package_run_dependencies/mkz_bywire
-- Up-to-date: /home/zhijie/autoware/install/mkz_bywire/share/ament_index/resource_index/parent_prefix_path/mkz_bywire
-- Up-to-date: /home/zhijie/autoware/install/mkz_bywire/share/mkz_bywire/environment/ament_prefix_path.sh
-- Up-to-date: /home/zhijie/autoware/install/mkz_bywire/share/mkz_bywire/environment/ament_prefix_path.dsv
-- Up-to-date: /home/zhijie/autoware/install/mkz_bywire/share/mkz_bywire/environment/path.sh
-- Up-to-date: /home/zhijie/autoware/install/mkz_bywire/share/mkz_bywire/environment/path.dsv
-- Up-to-date: /home/zhijie/autoware/install/mkz_bywire/share/mkz_bywire/local_setup.bash
-- Up-to-date: /home/zhijie/autoware/install/mkz_bywire/share/mkz_bywire/local_setup.sh
-- Up-to-date: /home/zhijie/autoware/install/mkz_bywire/share/mkz_bywire/local_setup.zsh
-- Up-to-date: /home/zhijie/autoware/install/mkz_bywire/share/mkz_bywire/local_setup.dsv
-- Installing: /home/zhijie/autoware/install/mkz_bywire/share/mkz_bywire/package.dsv
-- Up-to-date: /home/zhijie/autoware/install/mkz_bywire/share/ament_index/resource_index/packages/mkz_bywire
-- Up-to-date: /home/zhijie/autoware/install/mkz_bywire/share/ament_index/resource_index/rclcpp_components/mkz_bywire
-- Up-to-date: /home/zhijie/autoware/install/mkz_bywire/share/mkz_bywire/cmake/ament_cmake_export_dependencies-extras.cmake
-- Up-to-date: /home/zhijie/autoware/install/mkz_bywire/share/mkz_bywire/cmake/ament_cmake_export_include_directories-extras.cmake
-- Up-to-date: /home/zhijie/autoware/install/mkz_bywire/share/mkz_bywire/cmake/ament_cmake_export_libraries-extras.cmake
-- Up-to-date: /home/zhijie/autoware/install/mkz_bywire/share/mkz_bywire/cmake/mkz_bywireConfig.cmake
-- Up-to-date: /home/zhijie/autoware/install/mkz_bywire/share/mkz_bywire/cmake/mkz_bywireConfig-version.cmake
-- Up-to-date: /home/zhijie/autoware/install/mkz_bywire/share/mkz_bywire/package.xml
