[1.112s] Invoking command in '/home/mtl12345/autoware/build/awsim_sensor_kit_description': AMENT_PREFIX_PATH=/home/mtl12345/autoware/install/velodyne_description:${AMENT_PREFIX_PATH} CMAKE_PREFIX_PATH=/home/mtl12345/autoware/install/velodyne_description:/opt/ros/humble /usr/bin/cmake --build /home/mtl12345/autoware/build/awsim_sensor_kit_description -- -j12 -l12
[1.798s] Invoked command in '/home/mtl12345/autoware/build/awsim_sensor_kit_description' returned '0': AMENT_PREFIX_PATH=/home/mtl12345/autoware/install/velodyne_description:${AMENT_PREFIX_PATH} CMAKE_PREFIX_PATH=/home/mtl12345/autoware/install/velodyne_description:/opt/ros/humble /usr/bin/cmake --build /home/mtl12345/autoware/build/awsim_sensor_kit_description -- -j12 -l12
[2.108s] Invoking command in '/home/mtl12345/autoware/build/awsim_sensor_kit_description': AMENT_PREFIX_PATH=/home/mtl12345/autoware/install/velodyne_description:${AMENT_PREFIX_PATH} CMAKE_PREFIX_PATH=/home/mtl12345/autoware/install/velodyne_description:/opt/ros/humble /usr/bin/cmake --install /home/mtl12345/autoware/build/awsim_sensor_kit_description
[2.239s] -- Install configuration: "Release"
[2.239s] -- Execute custom install script
[2.239s] -- Up-to-date symlink: /home/mtl12345/autoware/install/awsim_sensor_kit_description/share/awsim_sensor_kit_description/urdf/sensor_kit.xacro
[2.239s] -- Up-to-date symlink: /home/mtl12345/autoware/install/awsim_sensor_kit_description/share/awsim_sensor_kit_description/urdf/sensors.xacro
[2.239s] -- Up-to-date symlink: /home/mtl12345/autoware/install/awsim_sensor_kit_description/share/awsim_sensor_kit_description/config/sensor_kit_calibration.yaml
[2.240s] -- Up-to-date symlink: /home/mtl12345/autoware/install/awsim_sensor_kit_description/share/awsim_sensor_kit_description/config/sensors_calibration.yaml
[2.240s] -- Up-to-date symlink: /home/mtl12345/autoware/install/awsim_sensor_kit_description/share/ament_index/resource_index/package_run_dependencies/awsim_sensor_kit_description
[2.240s] -- Up-to-date symlink: /home/mtl12345/autoware/install/awsim_sensor_kit_description/share/ament_index/resource_index/parent_prefix_path/awsim_sensor_kit_description
[2.240s] -- Up-to-date symlink: /home/mtl12345/autoware/install/awsim_sensor_kit_description/share/awsim_sensor_kit_description/environment/ament_prefix_path.sh
[2.240s] -- Up-to-date symlink: /home/mtl12345/autoware/install/awsim_sensor_kit_description/share/awsim_sensor_kit_description/environment/ament_prefix_path.dsv
[2.240s] -- Up-to-date symlink: /home/mtl12345/autoware/install/awsim_sensor_kit_description/share/awsim_sensor_kit_description/environment/path.sh
[2.240s] -- Up-to-date symlink: /home/mtl12345/autoware/install/awsim_sensor_kit_description/share/awsim_sensor_kit_description/environment/path.dsv
[2.240s] -- Up-to-date symlink: /home/mtl12345/autoware/install/awsim_sensor_kit_description/share/awsim_sensor_kit_description/local_setup.bash
[2.240s] -- Up-to-date symlink: /home/mtl12345/autoware/install/awsim_sensor_kit_description/share/awsim_sensor_kit_description/local_setup.sh
[2.240s] -- Up-to-date symlink: /home/mtl12345/autoware/install/awsim_sensor_kit_description/share/awsim_sensor_kit_description/local_setup.zsh
[2.240s] -- Up-to-date symlink: /home/mtl12345/autoware/install/awsim_sensor_kit_description/share/awsim_sensor_kit_description/local_setup.dsv
[2.240s] -- Symlinking: /home/mtl12345/autoware/install/awsim_sensor_kit_description/share/awsim_sensor_kit_description/package.dsv
[2.240s] -- Up-to-date symlink: /home/mtl12345/autoware/install/awsim_sensor_kit_description/share/ament_index/resource_index/packages/awsim_sensor_kit_description
[2.240s] -- Up-to-date symlink: /home/mtl12345/autoware/install/awsim_sensor_kit_description/share/awsim_sensor_kit_description/cmake/ament_cmake_export_dependencies-extras.cmake
[2.241s] -- Up-to-date symlink: /home/mtl12345/autoware/install/awsim_sensor_kit_description/share/awsim_sensor_kit_description/cmake/awsim_sensor_kit_descriptionConfig.cmake
[2.241s] -- Up-to-date symlink: /home/mtl12345/autoware/install/awsim_sensor_kit_description/share/awsim_sensor_kit_description/cmake/awsim_sensor_kit_descriptionConfig-version.cmake
[2.241s] -- Up-to-date symlink: /home/mtl12345/autoware/install/awsim_sensor_kit_description/share/awsim_sensor_kit_description/package.xml
[2.373s] Invoked command in '/home/mtl12345/autoware/build/awsim_sensor_kit_description' returned '0': AMENT_PREFIX_PATH=/home/mtl12345/autoware/install/velodyne_description:${AMENT_PREFIX_PATH} CMAKE_PREFIX_PATH=/home/mtl12345/autoware/install/velodyne_description:/opt/ros/humble /usr/bin/cmake --install /home/mtl12345/autoware/build/awsim_sensor_kit_description
