-- Found autoware_cmake: 0.1.0 (/home/zhijie/autoware/install/autoware_cmake/share/autoware_cmake/cmake)
-- Override CMake install command with custom implementation using symlinks instead of copying resources
-- Found rosidl_generator_c: 3.1.5 (/opt/ros/humble/share/rosidl_generator_c/cmake)
-- Found rosidl_adapter: 3.1.5 (/opt/ros/humble/share/rosidl_adapter/cmake)
-- Found rosidl_generator_cpp: 3.1.5 (/opt/ros/humble/share/rosidl_generator_cpp/cmake)
-- Using all available rosidl_typesupport_c: rosidl_typesupport_fastrtps_c;rosidl_typesupport_introspection_c
-- Using all available rosidl_typesupport_cpp: rosidl_typesupport_fastrtps_cpp;rosidl_typesupport_introspection_cpp
-- Found mrt_cmake_modules: 1.0.9 (/opt/ros/humble/share/mrt_cmake_modules/cmake)
-- Found Boost: /usr/lib/x86_64-linux-gnu/cmake/Boost-1.74.0/BoostConfig.cmake (found version "1.74.0") found components: wserialization thread random serialization log_setup prg_exec_monitor wave system chrono filesystem locale timer date_time regex graph program_options unit_test_framework log atomic iostreams 
-- Found rmw_implementation_cmake: 6.1.1 (/opt/ros/humble/share/rmw_implementation_cmake/cmake)
-- Found rmw_cyclonedds_cpp: 1.3.4 (/opt/ros/humble/share/rmw_cyclonedds_cpp/cmake)
-- Using RMW implementation 'rmw_cyclonedds_cpp' as default
-- Found eigen3_cmake_module: 0.1.1 (/opt/ros/humble/share/eigen3_cmake_module/cmake)
-- Found Eigen3: TRUE (found version "3.4.0") 
-- Ensuring Eigen3 include directory is part of orocos-kdl CMake target
-- Found ament_lint_auto: 0.12.8 (/opt/ros/humble/share/ament_lint_auto/cmake)
-- Eigen found (include: /usr/include/eigen3, version: 3.4.0)
-- Found Boost: /usr/lib/x86_64-linux-gnu/cmake/Boost-1.74.0/BoostConfig.cmake (found suitable version "1.74.0", minimum required is "1.65.0") found components: system filesystem date_time iostreams serialization 
-- Found Eigen3: /usr/include/eigen3 (found version "3.4.0") 
-- OpenNI found (version: 1.5.4.0, include: /usr/include/ni, lib: /usr/lib/libOpenNI.so;libusb::libusb)
-- OpenNI2 found (version: 2.2.0.33, include: /usr/include/openni2, lib: /usr/lib/x86_64-linux-gnu/libOpenNI2.so;libusb::libusb)
-- Eigen found (include: /usr/include/eigen3, version: 3.4.0)
-- OpenNI found (version: 1.5.4.0, include: /usr/include/ni, lib: /usr/lib/libOpenNI.so;libusb::libusb)
-- OpenNI2 found (version: 2.2.0.33, include: /usr/include/openni2, lib: /usr/lib/x86_64-linux-gnu/libOpenNI2.so;libusb::libusb)
-- Found Qhull version 8.0.2
-- OpenNI found (version: 1.5.4.0, include: /usr/include/ni, lib: /usr/lib/libOpenNI.so;libusb::libusb)
-- looking for PCL_COMMON
-- looking for PCL_KDTREE
-- looking for PCL_OCTREE
-- looking for PCL_SEARCH
-- looking for PCL_SAMPLE_CONSENSUS
-- looking for PCL_FILTERS
-- looking for PCL_2D
-- looking for PCL_GEOMETRY
-- looking for PCL_IO
-- looking for PCL_FEATURES
-- looking for PCL_ML
-- looking for PCL_SEGMENTATION
-- looking for PCL_VISUALIZATION
-- looking for PCL_SURFACE
-- looking for PCL_REGISTRATION
-- looking for PCL_KEYPOINTS
-- looking for PCL_TRACKING
-- looking for PCL_RECOGNITION
-- looking for PCL_STEREO
-- looking for PCL_APPS
-- looking for PCL_IN_HAND_SCANNER
-- looking for PCL_MODELER
-- looking for PCL_POINT_CLOUD_EDITOR
-- looking for PCL_OUTOFCORE
-- looking for PCL_PEOPLE
-- Found Eigen3: TRUE (found suitable version "3.4.0", minimum required is "3.4.0") 
-- Added test 'copyright' to check source files copyright and LICENSE
-- Added test 'cppcheck' to perform static code analysis on C / C++ code
-- Configured cppcheck include dirs: /home/zhijie/autoware/src/universe/autoware.universe/localization/yabloc/yabloc_common/include;/home/zhijie/autoware/src/universe/autoware.universe/localization/yabloc/yabloc_common/SYSTEM
-- Configured cppcheck exclude dirs and/or files: 
-- Added test 'lint_cmake' to check CMake code style
-- Added test 'xmllint' to check XML markup files
-- Configuring done
-- Generating done
-- Build files have been written to: /home/zhijie/autoware/build/yabloc_common
[35m[1mConsolidate compiler generated dependencies of target yabloc_common[0m
[  6%] [32mBuilding CXX object CMakeFiles/yabloc_common.dir/src/pub_sub.cpp.o[0m
[ 12%] [32mBuilding CXX object CMakeFiles/yabloc_common.dir/src/color.cpp.o[0m
[ 18%] [32mBuilding CXX object CMakeFiles/yabloc_common.dir/src/transform_line_segments.cpp.o[0m
[ 25%] [32mBuilding CXX object CMakeFiles/yabloc_common.dir/src/extract_line_segments.cpp.o[0m
[ 31%] [32mBuilding CXX object CMakeFiles/yabloc_common.dir/src/static_tf_subscriber.cpp.o[0m
[ 37%] [32mBuilding CXX object CMakeFiles/yabloc_common.dir/src/pose_conversions.cpp.o[0m
[ 43%] [32mBuilding CXX object CMakeFiles/yabloc_common.dir/src/cv_decompress.cpp.o[0m
[ 50%] [32mBuilding CXX object CMakeFiles/yabloc_common.dir/src/camera_info_subscriber.cpp.o[0m
[ 56%] [32m[1mLinking CXX shared library libyabloc_common.so[0m
[ 56%] Built target yabloc_common
[35m[1mConsolidate compiler generated dependencies of target ground_server_node[0m
[ 62%] [32mBuilding CXX object CMakeFiles/ground_server_node.dir/src/ground_server/ground_server_core.cpp.o[0m
[ 68%] [32mBuilding CXX object CMakeFiles/ground_server_node.dir/src/ground_server/polygon_operation.cpp.o[0m
[ 75%] [32mBuilding CXX object CMakeFiles/ground_server_node.dir/src/ground_server/ground_server_node.cpp.o[0m
[ 81%] [32m[1mLinking CXX executable ground_server_node[0m
[ 81%] Built target ground_server_node
[35m[1mConsolidate compiler generated dependencies of target ll2_decomposer_node[0m
[ 87%] [32mBuilding CXX object CMakeFiles/ll2_decomposer_node.dir/src/ll2_decomposer/ll2_decomposer_core.cpp.o[0m
[ 93%] [32mBuilding CXX object CMakeFiles/ll2_decomposer_node.dir/src/ll2_decomposer/ll2_decomposer_node.cpp.o[0m
[100%] [32m[1mLinking CXX executable ll2_decomposer_node[0m
[100%] Built target ll2_decomposer_node
-- Install configuration: "Release"
-- Execute custom install script
-- Up-to-date symlink: /home/zhijie/autoware/install/yabloc_common/include/yabloc_common/camera_info_subscriber.hpp
-- Up-to-date symlink: /home/zhijie/autoware/install/yabloc_common/include/yabloc_common/color.hpp
-- Up-to-date symlink: /home/zhijie/autoware/install/yabloc_common/include/yabloc_common/cv_decompress.hpp
-- Up-to-date symlink: /home/zhijie/autoware/install/yabloc_common/include/yabloc_common/extract_line_segments.hpp
-- Up-to-date symlink: /home/zhijie/autoware/install/yabloc_common/include/yabloc_common/gamma_converter.hpp
-- Up-to-date symlink: /home/zhijie/autoware/install/yabloc_common/include/yabloc_common/ground_plane.hpp
-- Up-to-date symlink: /home/zhijie/autoware/install/yabloc_common/include/yabloc_common/ground_server/filter/moving_averaging.hpp
-- Up-to-date symlink: /home/zhijie/autoware/install/yabloc_common/include/yabloc_common/ground_server/ground_server.hpp
-- Up-to-date symlink: /home/zhijie/autoware/install/yabloc_common/include/yabloc_common/ground_server/polygon_operation.hpp
-- Up-to-date symlink: /home/zhijie/autoware/install/yabloc_common/include/yabloc_common/ground_server/util.hpp
-- Up-to-date symlink: /home/zhijie/autoware/install/yabloc_common/include/yabloc_common/ll2_decomposer/ll2_decomposer.hpp
-- Up-to-date symlink: /home/zhijie/autoware/install/yabloc_common/include/yabloc_common/pcl_filter.hpp
-- Up-to-date symlink: /home/zhijie/autoware/install/yabloc_common/include/yabloc_common/pose_conversions.hpp
-- Up-to-date symlink: /home/zhijie/autoware/install/yabloc_common/include/yabloc_common/pub_sub.hpp
-- Up-to-date symlink: /home/zhijie/autoware/install/yabloc_common/include/yabloc_common/static_tf_subscriber.hpp
-- Up-to-date symlink: /home/zhijie/autoware/install/yabloc_common/include/yabloc_common/synchro_subscriber.hpp
-- Up-to-date symlink: /home/zhijie/autoware/install/yabloc_common/include/yabloc_common/transform_line_segments.hpp
-- Up-to-date symlink: /home/zhijie/autoware/install/yabloc_common/share/yabloc_common/environment/library_path.sh
-- Up-to-date symlink: /home/zhijie/autoware/install/yabloc_common/share/yabloc_common/environment/library_path.dsv
-- Up-to-date symlink: /home/zhijie/autoware/install/yabloc_common/lib/libyabloc_common.so
-- Up-to-date symlink: /home/zhijie/autoware/install/yabloc_common/lib/yabloc_common/ground_server_node
-- Up-to-date symlink: /home/zhijie/autoware/install/yabloc_common/lib/yabloc_common/ll2_decomposer_node
-- Up-to-date symlink: /home/zhijie/autoware/install/yabloc_common/share/yabloc_common/config/ground_server.param.yaml
-- Up-to-date symlink: /home/zhijie/autoware/install/yabloc_common/share/yabloc_common/config/ll2_decomposer.param.yaml
-- Up-to-date symlink: /home/zhijie/autoware/install/yabloc_common/share/yabloc_common/launch/yabloc_common.launch.xml
-- Up-to-date symlink: /home/zhijie/autoware/install/yabloc_common/share/ament_index/resource_index/package_run_dependencies/yabloc_common
-- Up-to-date symlink: /home/zhijie/autoware/install/yabloc_common/share/ament_index/resource_index/parent_prefix_path/yabloc_common
-- Up-to-date symlink: /home/zhijie/autoware/install/yabloc_common/share/yabloc_common/environment/ament_prefix_path.sh
-- Up-to-date symlink: /home/zhijie/autoware/install/yabloc_common/share/yabloc_common/environment/ament_prefix_path.dsv
-- Up-to-date symlink: /home/zhijie/autoware/install/yabloc_common/share/yabloc_common/environment/path.sh
-- Up-to-date symlink: /home/zhijie/autoware/install/yabloc_common/share/yabloc_common/environment/path.dsv
-- Up-to-date symlink: /home/zhijie/autoware/install/yabloc_common/share/yabloc_common/local_setup.bash
-- Up-to-date symlink: /home/zhijie/autoware/install/yabloc_common/share/yabloc_common/local_setup.sh
-- Up-to-date symlink: /home/zhijie/autoware/install/yabloc_common/share/yabloc_common/local_setup.zsh
-- Up-to-date symlink: /home/zhijie/autoware/install/yabloc_common/share/yabloc_common/local_setup.dsv
-- Symlinking: /home/zhijie/autoware/install/yabloc_common/share/yabloc_common/package.dsv
-- Up-to-date symlink: /home/zhijie/autoware/install/yabloc_common/share/ament_index/resource_index/packages/yabloc_common
-- Up-to-date symlink: /home/zhijie/autoware/install/yabloc_common/share/yabloc_common/cmake/ament_cmake_export_dependencies-extras.cmake
-- Up-to-date symlink: /home/zhijie/autoware/install/yabloc_common/share/yabloc_common/cmake/ament_cmake_export_include_directories-extras.cmake
-- Up-to-date symlink: /home/zhijie/autoware/install/yabloc_common/share/yabloc_common/cmake/ament_cmake_export_libraries-extras.cmake
-- Up-to-date symlink: /home/zhijie/autoware/install/yabloc_common/share/yabloc_common/cmake/yabloc_commonConfig.cmake
-- Up-to-date symlink: /home/zhijie/autoware/install/yabloc_common/share/yabloc_common/cmake/yabloc_commonConfig-version.cmake
-- Up-to-date symlink: /home/zhijie/autoware/install/yabloc_common/share/yabloc_common/package.xml
