[0.368s] Invoking command in '/home/zhijie/autoware/build/yabloc_common': AMENT_PREFIX_PATH=/home/zhijie/autoware/install/lanelet2_extension:/home/zhijie/autoware/install/signal_processing:/home/zhijie/autoware/install/autoware_utils:/home/zhijie/autoware/install/autoware_cmake:/home/zhijie/autoware/install/autoware_auto_planning_msgs:/home/zhijie/autoware/install/autoware_planning_msgs:/home/zhijie/autoware/install/autoware_lint_common:/home/zhijie/autoware/install/autoware_auto_mapping_msgs:/home/zhijie/autoware/install/autoware_auto_geometry_msgs:${AMENT_PREFIX_PATH} CMAKE_PREFIX_PATH=/home/zhijie/autoware/install/lanelet2_extension:/home/zhijie/autoware/install/signal_processing:/home/zhijie/autoware/install/autoware_utils:/home/zhijie/autoware/install/autoware_cmake:/home/zhijie/autoware/install/autoware_auto_planning_msgs:/home/zhijie/autoware/install/autoware_planning_msgs:/home/zhijie/autoware/install/autoware_lint_common:/home/zhijie/autoware/install/autoware_auto_mapping_msgs:/home/zhijie/autoware/install/autoware_auto_geometry_msgs:/opt/ros/humble LD_LIBRARY_PATH=/home/zhijie/autoware/install/lanelet2_extension/lib:/home/zhijie/autoware/install/signal_processing/lib:/home/zhijie/autoware/install/autoware_utils/lib:/home/zhijie/autoware/install/autoware_auto_planning_msgs/lib:/home/zhijie/autoware/install/autoware_planning_msgs/lib:/home/zhijie/autoware/install/autoware_auto_mapping_msgs/lib:/home/zhijie/autoware/install/autoware_auto_geometry_msgs/lib:${LD_LIBRARY_PATH} PYTHONPATH=/home/zhijie/autoware/install/autoware_auto_planning_msgs/local/lib/python3.10/dist-packages:/home/zhijie/autoware/install/autoware_planning_msgs/local/lib/python3.10/dist-packages:/home/zhijie/autoware/install/autoware_auto_mapping_msgs/local/lib/python3.10/dist-packages:/home/zhijie/autoware/install/autoware_auto_geometry_msgs/local/lib/python3.10/dist-packages:${PYTHONPATH} /usr/bin/cmake /home/zhijie/autoware/src/universe/autoware.universe/localization/yabloc/yabloc_common -DCMAKE_BUILD_TYPE=Release -DAMENT_CMAKE_SYMLINK_INSTALL=1 -DCMAKE_INSTALL_PREFIX=/home/zhijie/autoware/install/yabloc_common
[7.676s] [0m** WARNING ** io features related to pcap will be disabled[0m
[7.676s] -- Found autoware_cmake: 0.1.0 (/home/zhijie/autoware/install/autoware_cmake/share/autoware_cmake/cmake)
[7.676s] -- Override CMake install command with custom implementation using symlinks instead of copying resources
[7.676s] -- Found rosidl_generator_c: 3.1.5 (/opt/ros/humble/share/rosidl_generator_c/cmake)
[7.676s] -- Found rosidl_adapter: 3.1.5 (/opt/ros/humble/share/rosidl_adapter/cmake)
[7.676s] -- Found rosidl_generator_cpp: 3.1.5 (/opt/ros/humble/share/rosidl_generator_cpp/cmake)
[7.676s] -- Using all available rosidl_typesupport_c: rosidl_typesupport_fastrtps_c;rosidl_typesupport_introspection_c
[7.677s] -- Using all available rosidl_typesupport_cpp: rosidl_typesupport_fastrtps_cpp;rosidl_typesupport_introspection_cpp
[7.677s] -- Found mrt_cmake_modules: 1.0.9 (/opt/ros/humble/share/mrt_cmake_modules/cmake)
[7.677s] -- Found Boost: /usr/lib/x86_64-linux-gnu/cmake/Boost-1.74.0/BoostConfig.cmake (found version "1.74.0") found components: wserialization thread random serialization log_setup prg_exec_monitor wave system chrono filesystem locale timer date_time regex graph program_options unit_test_framework log atomic iostreams 
[7.677s] -- Found rmw_implementation_cmake: 6.1.1 (/opt/ros/humble/share/rmw_implementation_cmake/cmake)
[7.677s] -- Found rmw_cyclonedds_cpp: 1.3.4 (/opt/ros/humble/share/rmw_cyclonedds_cpp/cmake)
[7.677s] -- Using RMW implementation 'rmw_cyclonedds_cpp' as default
[7.677s] -- Found eigen3_cmake_module: 0.1.1 (/opt/ros/humble/share/eigen3_cmake_module/cmake)
[7.677s] -- Found Eigen3: TRUE (found version "3.4.0") 
[7.677s] -- Ensuring Eigen3 include directory is part of orocos-kdl CMake target
[7.678s] -- Found ament_lint_auto: 0.12.8 (/opt/ros/humble/share/ament_lint_auto/cmake)
[7.678s] -- Eigen found (include: /usr/include/eigen3, version: 3.4.0)
[7.678s] -- Found Boost: /usr/lib/x86_64-linux-gnu/cmake/Boost-1.74.0/BoostConfig.cmake (found suitable version "1.74.0", minimum required is "1.65.0") found components: system filesystem date_time iostreams serialization 
[7.678s] -- Found Eigen3: /usr/include/eigen3 (found version "3.4.0") 
[7.678s] -- OpenNI found (version: 1.5.4.0, include: /usr/include/ni, lib: /usr/lib/libOpenNI.so;libusb::libusb)
[7.681s] -- OpenNI2 found (version: 2.2.0.33, include: /usr/include/openni2, lib: /usr/lib/x86_64-linux-gnu/libOpenNI2.so;libusb::libusb)
[7.682s] -- Eigen found (include: /usr/include/eigen3, version: 3.4.0)
[7.682s] -- OpenNI found (version: 1.5.4.0, include: /usr/include/ni, lib: /usr/lib/libOpenNI.so;libusb::libusb)
[7.682s] -- OpenNI2 found (version: 2.2.0.33, include: /usr/include/openni2, lib: /usr/lib/x86_64-linux-gnu/libOpenNI2.so;libusb::libusb)
[7.682s] -- Found Qhull version 8.0.2
[7.684s] -- OpenNI found (version: 1.5.4.0, include: /usr/include/ni, lib: /usr/lib/libOpenNI.so;libusb::libusb)
[7.684s] -- looking for PCL_COMMON
[7.684s] -- looking for PCL_KDTREE
[7.684s] -- looking for PCL_OCTREE
[7.684s] -- looking for PCL_SEARCH
[7.684s] -- looking for PCL_SAMPLE_CONSENSUS
[7.684s] -- looking for PCL_FILTERS
[7.684s] -- looking for PCL_2D
[7.684s] -- looking for PCL_GEOMETRY
[7.684s] -- looking for PCL_IO
[7.685s] -- looking for PCL_FEATURES
[7.685s] -- looking for PCL_ML
[7.685s] -- looking for PCL_SEGMENTATION
[7.685s] -- looking for PCL_VISUALIZATION
[7.685s] -- looking for PCL_SURFACE
[7.685s] -- looking for PCL_REGISTRATION
[7.685s] -- looking for PCL_KEYPOINTS
[7.685s] -- looking for PCL_TRACKING
[7.685s] -- looking for PCL_RECOGNITION
[7.685s] -- looking for PCL_STEREO
[7.685s] -- looking for PCL_APPS
[7.685s] -- looking for PCL_IN_HAND_SCANNER
[7.685s] -- looking for PCL_MODELER
[7.686s] -- looking for PCL_POINT_CLOUD_EDITOR
[7.686s] -- looking for PCL_OUTOFCORE
[7.686s] -- looking for PCL_PEOPLE
[7.686s] -- Found Eigen3: TRUE (found suitable version "3.4.0", minimum required is "3.4.0") 
[11.306s] -- Added test 'copyright' to check source files copyright and LICENSE
[11.310s] -- Added test 'cppcheck' to perform static code analysis on C / C++ code
[11.311s] -- Configured cppcheck include dirs: /home/zhijie/autoware/src/universe/autoware.universe/localization/yabloc/yabloc_common/include;/home/zhijie/autoware/src/universe/autoware.universe/localization/yabloc/yabloc_common/SYSTEM
[11.311s] -- Configured cppcheck exclude dirs and/or files: 
[11.312s] -- Added test 'lint_cmake' to check CMake code style
[11.318s] -- Added test 'xmllint' to check XML markup files
[11.318s] -- Configuring done
[11.486s] -- Generating done
[11.489s] -- Build files have been written to: /home/zhijie/autoware/build/yabloc_common
[11.514s] Invoked command in '/home/zhijie/autoware/build/yabloc_common' returned '0': AMENT_PREFIX_PATH=/home/zhijie/autoware/install/lanelet2_extension:/home/zhijie/autoware/install/signal_processing:/home/zhijie/autoware/install/autoware_utils:/home/zhijie/autoware/install/autoware_cmake:/home/zhijie/autoware/install/autoware_auto_planning_msgs:/home/zhijie/autoware/install/autoware_planning_msgs:/home/zhijie/autoware/install/autoware_lint_common:/home/zhijie/autoware/install/autoware_auto_mapping_msgs:/home/zhijie/autoware/install/autoware_auto_geometry_msgs:${AMENT_PREFIX_PATH} CMAKE_PREFIX_PATH=/home/zhijie/autoware/install/lanelet2_extension:/home/zhijie/autoware/install/signal_processing:/home/zhijie/autoware/install/autoware_utils:/home/zhijie/autoware/install/autoware_cmake:/home/zhijie/autoware/install/autoware_auto_planning_msgs:/home/zhijie/autoware/install/autoware_planning_msgs:/home/zhijie/autoware/install/autoware_lint_common:/home/zhijie/autoware/install/autoware_auto_mapping_msgs:/home/zhijie/autoware/install/autoware_auto_geometry_msgs:/opt/ros/humble LD_LIBRARY_PATH=/home/zhijie/autoware/install/lanelet2_extension/lib:/home/zhijie/autoware/install/signal_processing/lib:/home/zhijie/autoware/install/autoware_utils/lib:/home/zhijie/autoware/install/autoware_auto_planning_msgs/lib:/home/zhijie/autoware/install/autoware_planning_msgs/lib:/home/zhijie/autoware/install/autoware_auto_mapping_msgs/lib:/home/zhijie/autoware/install/autoware_auto_geometry_msgs/lib:${LD_LIBRARY_PATH} PYTHONPATH=/home/zhijie/autoware/install/autoware_auto_planning_msgs/local/lib/python3.10/dist-packages:/home/zhijie/autoware/install/autoware_planning_msgs/local/lib/python3.10/dist-packages:/home/zhijie/autoware/install/autoware_auto_mapping_msgs/local/lib/python3.10/dist-packages:/home/zhijie/autoware/install/autoware_auto_geometry_msgs/local/lib/python3.10/dist-packages:${PYTHONPATH} /usr/bin/cmake /home/zhijie/autoware/src/universe/autoware.universe/localization/yabloc/yabloc_common -DCMAKE_BUILD_TYPE=Release -DAMENT_CMAKE_SYMLINK_INSTALL=1 -DCMAKE_INSTALL_PREFIX=/home/zhijie/autoware/install/yabloc_common
[11.515s] Invoking command in '/home/zhijie/autoware/build/yabloc_common': AMENT_PREFIX_PATH=/home/zhijie/autoware/install/lanelet2_extension:/home/zhijie/autoware/install/signal_processing:/home/zhijie/autoware/install/autoware_utils:/home/zhijie/autoware/install/autoware_cmake:/home/zhijie/autoware/install/autoware_auto_planning_msgs:/home/zhijie/autoware/install/autoware_planning_msgs:/home/zhijie/autoware/install/autoware_lint_common:/home/zhijie/autoware/install/autoware_auto_mapping_msgs:/home/zhijie/autoware/install/autoware_auto_geometry_msgs:${AMENT_PREFIX_PATH} CMAKE_PREFIX_PATH=/home/zhijie/autoware/install/lanelet2_extension:/home/zhijie/autoware/install/signal_processing:/home/zhijie/autoware/install/autoware_utils:/home/zhijie/autoware/install/autoware_cmake:/home/zhijie/autoware/install/autoware_auto_planning_msgs:/home/zhijie/autoware/install/autoware_planning_msgs:/home/zhijie/autoware/install/autoware_lint_common:/home/zhijie/autoware/install/autoware_auto_mapping_msgs:/home/zhijie/autoware/install/autoware_auto_geometry_msgs:/opt/ros/humble LD_LIBRARY_PATH=/home/zhijie/autoware/install/lanelet2_extension/lib:/home/zhijie/autoware/install/signal_processing/lib:/home/zhijie/autoware/install/autoware_utils/lib:/home/zhijie/autoware/install/autoware_auto_planning_msgs/lib:/home/zhijie/autoware/install/autoware_planning_msgs/lib:/home/zhijie/autoware/install/autoware_auto_mapping_msgs/lib:/home/zhijie/autoware/install/autoware_auto_geometry_msgs/lib:${LD_LIBRARY_PATH} PYTHONPATH=/home/zhijie/autoware/install/autoware_auto_planning_msgs/local/lib/python3.10/dist-packages:/home/zhijie/autoware/install/autoware_planning_msgs/local/lib/python3.10/dist-packages:/home/zhijie/autoware/install/autoware_auto_mapping_msgs/local/lib/python3.10/dist-packages:/home/zhijie/autoware/install/autoware_auto_geometry_msgs/local/lib/python3.10/dist-packages:${PYTHONPATH} /usr/bin/cmake --build /home/zhijie/autoware/build/yabloc_common -- -j16 -l16
[12.348s] [35m[1mConsolidate compiler generated dependencies of target yabloc_common[0m
[12.348s] [  6%] [32mBuilding CXX object CMakeFiles/yabloc_common.dir/src/pub_sub.cpp.o[0m
[24.289s] [ 12%] [32mBuilding CXX object CMakeFiles/yabloc_common.dir/src/color.cpp.o[0m
[24.306s] [ 18%] [32mBuilding CXX object CMakeFiles/yabloc_common.dir/src/transform_line_segments.cpp.o[0m
[26.117s] [ 25%] [32mBuilding CXX object CMakeFiles/yabloc_common.dir/src/extract_line_segments.cpp.o[0m
[32.123s] [ 31%] [32mBuilding CXX object CMakeFiles/yabloc_common.dir/src/static_tf_subscriber.cpp.o[0m
[40.876s] [ 37%] [32mBuilding CXX object CMakeFiles/yabloc_common.dir/src/pose_conversions.cpp.o[0m
[46.392s] [ 43%] [32mBuilding CXX object CMakeFiles/yabloc_common.dir/src/cv_decompress.cpp.o[0m
[48.559s] [ 50%] [32mBuilding CXX object CMakeFiles/yabloc_common.dir/src/camera_info_subscriber.cpp.o[0m
[63.508s] [ 56%] [32m[1mLinking CXX shared library libyabloc_common.so[0m
[64.439s] [ 56%] Built target yabloc_common
[64.462s] [35m[1mConsolidate compiler generated dependencies of target ground_server_node[0m
[64.541s] [ 62%] [32mBuilding CXX object CMakeFiles/ground_server_node.dir/src/ground_server/ground_server_core.cpp.o[0m
[105.897s] [ 68%] [32mBuilding CXX object CMakeFiles/ground_server_node.dir/src/ground_server/polygon_operation.cpp.o[0m
[114.582s] [ 75%] [32mBuilding CXX object CMakeFiles/ground_server_node.dir/src/ground_server/ground_server_node.cpp.o[0m
[129.906s] [ 81%] [32m[1mLinking CXX executable ground_server_node[0m
[132.373s] [ 81%] Built target ground_server_node
[132.393s] [35m[1mConsolidate compiler generated dependencies of target ll2_decomposer_node[0m
[132.448s] [ 87%] [32mBuilding CXX object CMakeFiles/ll2_decomposer_node.dir/src/ll2_decomposer/ll2_decomposer_core.cpp.o[0m
[161.046s] [ 93%] [32mBuilding CXX object CMakeFiles/ll2_decomposer_node.dir/src/ll2_decomposer/ll2_decomposer_node.cpp.o[0m
[170.013s] [100%] [32m[1mLinking CXX executable ll2_decomposer_node[0m
[171.233s] [100%] Built target ll2_decomposer_node
[171.260s] Invoked command in '/home/zhijie/autoware/build/yabloc_common' returned '0': AMENT_PREFIX_PATH=/home/zhijie/autoware/install/lanelet2_extension:/home/zhijie/autoware/install/signal_processing:/home/zhijie/autoware/install/autoware_utils:/home/zhijie/autoware/install/autoware_cmake:/home/zhijie/autoware/install/autoware_auto_planning_msgs:/home/zhijie/autoware/install/autoware_planning_msgs:/home/zhijie/autoware/install/autoware_lint_common:/home/zhijie/autoware/install/autoware_auto_mapping_msgs:/home/zhijie/autoware/install/autoware_auto_geometry_msgs:${AMENT_PREFIX_PATH} CMAKE_PREFIX_PATH=/home/zhijie/autoware/install/lanelet2_extension:/home/zhijie/autoware/install/signal_processing:/home/zhijie/autoware/install/autoware_utils:/home/zhijie/autoware/install/autoware_cmake:/home/zhijie/autoware/install/autoware_auto_planning_msgs:/home/zhijie/autoware/install/autoware_planning_msgs:/home/zhijie/autoware/install/autoware_lint_common:/home/zhijie/autoware/install/autoware_auto_mapping_msgs:/home/zhijie/autoware/install/autoware_auto_geometry_msgs:/opt/ros/humble LD_LIBRARY_PATH=/home/zhijie/autoware/install/lanelet2_extension/lib:/home/zhijie/autoware/install/signal_processing/lib:/home/zhijie/autoware/install/autoware_utils/lib:/home/zhijie/autoware/install/autoware_auto_planning_msgs/lib:/home/zhijie/autoware/install/autoware_planning_msgs/lib:/home/zhijie/autoware/install/autoware_auto_mapping_msgs/lib:/home/zhijie/autoware/install/autoware_auto_geometry_msgs/lib:${LD_LIBRARY_PATH} PYTHONPATH=/home/zhijie/autoware/install/autoware_auto_planning_msgs/local/lib/python3.10/dist-packages:/home/zhijie/autoware/install/autoware_planning_msgs/local/lib/python3.10/dist-packages:/home/zhijie/autoware/install/autoware_auto_mapping_msgs/local/lib/python3.10/dist-packages:/home/zhijie/autoware/install/autoware_auto_geometry_msgs/local/lib/python3.10/dist-packages:${PYTHONPATH} /usr/bin/cmake --build /home/zhijie/autoware/build/yabloc_common -- -j16 -l16
[171.407s] Invoking command in '/home/zhijie/autoware/build/yabloc_common': AMENT_PREFIX_PATH=/home/zhijie/autoware/install/lanelet2_extension:/home/zhijie/autoware/install/signal_processing:/home/zhijie/autoware/install/autoware_utils:/home/zhijie/autoware/install/autoware_cmake:/home/zhijie/autoware/install/autoware_auto_planning_msgs:/home/zhijie/autoware/install/autoware_planning_msgs:/home/zhijie/autoware/install/autoware_lint_common:/home/zhijie/autoware/install/autoware_auto_mapping_msgs:/home/zhijie/autoware/install/autoware_auto_geometry_msgs:${AMENT_PREFIX_PATH} CMAKE_PREFIX_PATH=/home/zhijie/autoware/install/lanelet2_extension:/home/zhijie/autoware/install/signal_processing:/home/zhijie/autoware/install/autoware_utils:/home/zhijie/autoware/install/autoware_cmake:/home/zhijie/autoware/install/autoware_auto_planning_msgs:/home/zhijie/autoware/install/autoware_planning_msgs:/home/zhijie/autoware/install/autoware_lint_common:/home/zhijie/autoware/install/autoware_auto_mapping_msgs:/home/zhijie/autoware/install/autoware_auto_geometry_msgs:/opt/ros/humble LD_LIBRARY_PATH=/home/zhijie/autoware/install/lanelet2_extension/lib:/home/zhijie/autoware/install/signal_processing/lib:/home/zhijie/autoware/install/autoware_utils/lib:/home/zhijie/autoware/install/autoware_auto_planning_msgs/lib:/home/zhijie/autoware/install/autoware_planning_msgs/lib:/home/zhijie/autoware/install/autoware_auto_mapping_msgs/lib:/home/zhijie/autoware/install/autoware_auto_geometry_msgs/lib:${LD_LIBRARY_PATH} PYTHONPATH=/home/zhijie/autoware/install/autoware_auto_planning_msgs/local/lib/python3.10/dist-packages:/home/zhijie/autoware/install/autoware_planning_msgs/local/lib/python3.10/dist-packages:/home/zhijie/autoware/install/autoware_auto_mapping_msgs/local/lib/python3.10/dist-packages:/home/zhijie/autoware/install/autoware_auto_geometry_msgs/local/lib/python3.10/dist-packages:${PYTHONPATH} /usr/bin/cmake --install /home/zhijie/autoware/build/yabloc_common
[190.372s] -- Install configuration: "Release"
[190.372s] -- Execute custom install script
[190.372s] -- Up-to-date symlink: /home/zhijie/autoware/install/yabloc_common/include/yabloc_common/camera_info_subscriber.hpp
[190.372s] -- Up-to-date symlink: /home/zhijie/autoware/install/yabloc_common/include/yabloc_common/color.hpp
[190.372s] -- Up-to-date symlink: /home/zhijie/autoware/install/yabloc_common/include/yabloc_common/cv_decompress.hpp
[190.373s] -- Up-to-date symlink: /home/zhijie/autoware/install/yabloc_common/include/yabloc_common/extract_line_segments.hpp
[190.373s] -- Up-to-date symlink: /home/zhijie/autoware/install/yabloc_common/include/yabloc_common/gamma_converter.hpp
[190.373s] -- Up-to-date symlink: /home/zhijie/autoware/install/yabloc_common/include/yabloc_common/ground_plane.hpp
[190.373s] -- Up-to-date symlink: /home/zhijie/autoware/install/yabloc_common/include/yabloc_common/ground_server/filter/moving_averaging.hpp
[190.373s] -- Up-to-date symlink: /home/zhijie/autoware/install/yabloc_common/include/yabloc_common/ground_server/ground_server.hpp
[190.373s] -- Up-to-date symlink: /home/zhijie/autoware/install/yabloc_common/include/yabloc_common/ground_server/polygon_operation.hpp
[190.373s] -- Up-to-date symlink: /home/zhijie/autoware/install/yabloc_common/include/yabloc_common/ground_server/util.hpp
[190.373s] -- Up-to-date symlink: /home/zhijie/autoware/install/yabloc_common/include/yabloc_common/ll2_decomposer/ll2_decomposer.hpp
[190.373s] -- Up-to-date symlink: /home/zhijie/autoware/install/yabloc_common/include/yabloc_common/pcl_filter.hpp
[190.373s] -- Up-to-date symlink: /home/zhijie/autoware/install/yabloc_common/include/yabloc_common/pose_conversions.hpp
[190.373s] -- Up-to-date symlink: /home/zhijie/autoware/install/yabloc_common/include/yabloc_common/pub_sub.hpp
[190.374s] -- Up-to-date symlink: /home/zhijie/autoware/install/yabloc_common/include/yabloc_common/static_tf_subscriber.hpp
[190.374s] -- Up-to-date symlink: /home/zhijie/autoware/install/yabloc_common/include/yabloc_common/synchro_subscriber.hpp
[190.374s] -- Up-to-date symlink: /home/zhijie/autoware/install/yabloc_common/include/yabloc_common/transform_line_segments.hpp
[190.374s] -- Up-to-date symlink: /home/zhijie/autoware/install/yabloc_common/share/yabloc_common/environment/library_path.sh
[190.374s] -- Up-to-date symlink: /home/zhijie/autoware/install/yabloc_common/share/yabloc_common/environment/library_path.dsv
[190.374s] -- Up-to-date symlink: /home/zhijie/autoware/install/yabloc_common/lib/libyabloc_common.so
[190.374s] -- Up-to-date symlink: /home/zhijie/autoware/install/yabloc_common/lib/yabloc_common/ground_server_node
[190.374s] -- Up-to-date symlink: /home/zhijie/autoware/install/yabloc_common/lib/yabloc_common/ll2_decomposer_node
[190.374s] -- Up-to-date symlink: /home/zhijie/autoware/install/yabloc_common/share/yabloc_common/config/ground_server.param.yaml
[190.374s] -- Up-to-date symlink: /home/zhijie/autoware/install/yabloc_common/share/yabloc_common/config/ll2_decomposer.param.yaml
[190.375s] -- Up-to-date symlink: /home/zhijie/autoware/install/yabloc_common/share/yabloc_common/launch/yabloc_common.launch.xml
[190.375s] -- Up-to-date symlink: /home/zhijie/autoware/install/yabloc_common/share/ament_index/resource_index/package_run_dependencies/yabloc_common
[190.375s] -- Up-to-date symlink: /home/zhijie/autoware/install/yabloc_common/share/ament_index/resource_index/parent_prefix_path/yabloc_common
[190.375s] -- Up-to-date symlink: /home/zhijie/autoware/install/yabloc_common/share/yabloc_common/environment/ament_prefix_path.sh
[190.375s] -- Up-to-date symlink: /home/zhijie/autoware/install/yabloc_common/share/yabloc_common/environment/ament_prefix_path.dsv
[190.375s] -- Up-to-date symlink: /home/zhijie/autoware/install/yabloc_common/share/yabloc_common/environment/path.sh
[190.375s] -- Up-to-date symlink: /home/zhijie/autoware/install/yabloc_common/share/yabloc_common/environment/path.dsv
[190.375s] -- Up-to-date symlink: /home/zhijie/autoware/install/yabloc_common/share/yabloc_common/local_setup.bash
[190.375s] -- Up-to-date symlink: /home/zhijie/autoware/install/yabloc_common/share/yabloc_common/local_setup.sh
[190.375s] -- Up-to-date symlink: /home/zhijie/autoware/install/yabloc_common/share/yabloc_common/local_setup.zsh
[190.375s] -- Up-to-date symlink: /home/zhijie/autoware/install/yabloc_common/share/yabloc_common/local_setup.dsv
[190.376s] -- Symlinking: /home/zhijie/autoware/install/yabloc_common/share/yabloc_common/package.dsv
[190.376s] -- Up-to-date symlink: /home/zhijie/autoware/install/yabloc_common/share/ament_index/resource_index/packages/yabloc_common
[190.376s] -- Up-to-date symlink: /home/zhijie/autoware/install/yabloc_common/share/yabloc_common/cmake/ament_cmake_export_dependencies-extras.cmake
[190.376s] -- Up-to-date symlink: /home/zhijie/autoware/install/yabloc_common/share/yabloc_common/cmake/ament_cmake_export_include_directories-extras.cmake
[190.376s] -- Up-to-date symlink: /home/zhijie/autoware/install/yabloc_common/share/yabloc_common/cmake/ament_cmake_export_libraries-extras.cmake
[190.376s] -- Up-to-date symlink: /home/zhijie/autoware/install/yabloc_common/share/yabloc_common/cmake/yabloc_commonConfig.cmake
[190.376s] -- Up-to-date symlink: /home/zhijie/autoware/install/yabloc_common/share/yabloc_common/cmake/yabloc_commonConfig-version.cmake
[190.376s] -- Up-to-date symlink: /home/zhijie/autoware/install/yabloc_common/share/yabloc_common/package.xml
[190.410s] Invoked command in '/home/zhijie/autoware/build/yabloc_common' returned '0': AMENT_PREFIX_PATH=/home/zhijie/autoware/install/lanelet2_extension:/home/zhijie/autoware/install/signal_processing:/home/zhijie/autoware/install/autoware_utils:/home/zhijie/autoware/install/autoware_cmake:/home/zhijie/autoware/install/autoware_auto_planning_msgs:/home/zhijie/autoware/install/autoware_planning_msgs:/home/zhijie/autoware/install/autoware_lint_common:/home/zhijie/autoware/install/autoware_auto_mapping_msgs:/home/zhijie/autoware/install/autoware_auto_geometry_msgs:${AMENT_PREFIX_PATH} CMAKE_PREFIX_PATH=/home/zhijie/autoware/install/lanelet2_extension:/home/zhijie/autoware/install/signal_processing:/home/zhijie/autoware/install/autoware_utils:/home/zhijie/autoware/install/autoware_cmake:/home/zhijie/autoware/install/autoware_auto_planning_msgs:/home/zhijie/autoware/install/autoware_planning_msgs:/home/zhijie/autoware/install/autoware_lint_common:/home/zhijie/autoware/install/autoware_auto_mapping_msgs:/home/zhijie/autoware/install/autoware_auto_geometry_msgs:/opt/ros/humble LD_LIBRARY_PATH=/home/zhijie/autoware/install/lanelet2_extension/lib:/home/zhijie/autoware/install/signal_processing/lib:/home/zhijie/autoware/install/autoware_utils/lib:/home/zhijie/autoware/install/autoware_auto_planning_msgs/lib:/home/zhijie/autoware/install/autoware_planning_msgs/lib:/home/zhijie/autoware/install/autoware_auto_mapping_msgs/lib:/home/zhijie/autoware/install/autoware_auto_geometry_msgs/lib:${LD_LIBRARY_PATH} PYTHONPATH=/home/zhijie/autoware/install/autoware_auto_planning_msgs/local/lib/python3.10/dist-packages:/home/zhijie/autoware/install/autoware_planning_msgs/local/lib/python3.10/dist-packages:/home/zhijie/autoware/install/autoware_auto_mapping_msgs/local/lib/python3.10/dist-packages:/home/zhijie/autoware/install/autoware_auto_geometry_msgs/local/lib/python3.10/dist-packages:${PYTHONPATH} /usr/bin/cmake --install /home/zhijie/autoware/build/yabloc_common
