-- Install configuration: "Release"
-- Execute custom install script
-- Up-to-date symlink: /home/mtl12345/autoware/install/dbw_polaris_description/share/dbw_polaris_description/meshes/pacifica_18/body.dae
-- Up-to-date symlink: /home/mtl12345/autoware/install/dbw_polaris_description/share/dbw_polaris_description/meshes/pacifica_18/body_collision.stl
-- Up-to-date symlink: /home/mtl12345/autoware/install/dbw_polaris_description/share/dbw_polaris_description/meshes/pacifica_18/door_logo.dae
-- Up-to-date symlink: /home/mtl12345/autoware/install/dbw_polaris_description/share/dbw_polaris_description/meshes/pacifica_18/door_logo_texture.png
-- Up-to-date symlink: /home/mtl12345/autoware/install/dbw_polaris_description/share/dbw_polaris_description/meshes/pacifica_18/hood_logo.dae
-- Up-to-date symlink: /home/mtl12345/autoware/install/dbw_polaris_description/share/dbw_polaris_description/meshes/pacifica_18/hood_logo_texture.png
-- Up-to-date symlink: /home/mtl12345/autoware/install/dbw_polaris_description/share/dbw_polaris_description/meshes/pacifica_18/wheel.dae
-- Up-to-date symlink: /home/mtl12345/autoware/install/dbw_polaris_description/share/dbw_polaris_description/urdf/gem.urdf.xacro
-- Up-to-date symlink: /home/mtl12345/autoware/install/dbw_polaris_description/share/dbw_polaris_description/urdf/gem_structure.urdf.xacro
-- Up-to-date symlink: /home/mtl12345/autoware/install/dbw_polaris_description/share/dbw_polaris_description/launch/rviz2.launch.xml
-- Up-to-date symlink: /home/mtl12345/autoware/install/dbw_polaris_description/share/dbw_polaris_description/launch/rviz2.rviz
-- Up-to-date symlink: /home/mtl12345/autoware/install/dbw_polaris_description/share/dbw_polaris_description/launch/urdf.launch
-- Up-to-date symlink: /home/mtl12345/autoware/install/dbw_polaris_description/share/ament_index/resource_index/package_run_dependencies/dbw_polaris_description
-- Up-to-date symlink: /home/mtl12345/autoware/install/dbw_polaris_description/share/ament_index/resource_index/parent_prefix_path/dbw_polaris_description
-- Up-to-date symlink: /home/mtl12345/autoware/install/dbw_polaris_description/share/dbw_polaris_description/environment/ament_prefix_path.sh
-- Up-to-date symlink: /home/mtl12345/autoware/install/dbw_polaris_description/share/dbw_polaris_description/environment/ament_prefix_path.dsv
-- Up-to-date symlink: /home/mtl12345/autoware/install/dbw_polaris_description/share/dbw_polaris_description/environment/path.sh
-- Up-to-date symlink: /home/mtl12345/autoware/install/dbw_polaris_description/share/dbw_polaris_description/environment/path.dsv
-- Up-to-date symlink: /home/mtl12345/autoware/install/dbw_polaris_description/share/dbw_polaris_description/local_setup.bash
-- Up-to-date symlink: /home/mtl12345/autoware/install/dbw_polaris_description/share/dbw_polaris_description/local_setup.sh
-- Up-to-date symlink: /home/mtl12345/autoware/install/dbw_polaris_description/share/dbw_polaris_description/local_setup.zsh
-- Up-to-date symlink: /home/mtl12345/autoware/install/dbw_polaris_description/share/dbw_polaris_description/local_setup.dsv
-- Symlinking: /home/mtl12345/autoware/install/dbw_polaris_description/share/dbw_polaris_description/package.dsv
-- Up-to-date symlink: /home/mtl12345/autoware/install/dbw_polaris_description/share/ament_index/resource_index/packages/dbw_polaris_description
-- Up-to-date symlink: /home/mtl12345/autoware/install/dbw_polaris_description/share/dbw_polaris_description/cmake/dbw_polaris_descriptionConfig.cmake
-- Up-to-date symlink: /home/mtl12345/autoware/install/dbw_polaris_description/share/dbw_polaris_description/cmake/dbw_polaris_descriptionConfig-version.cmake
-- Up-to-date symlink: /home/mtl12345/autoware/install/dbw_polaris_description/share/dbw_polaris_description/package.xml
