[100%] Built target gnss_converter
-- Install configuration: "Release"
-- Execute custom install script
-- Up-to-date symlink: /home/mtl12345/autoware/install/eagleye_gnss_converter/share/eagleye_gnss_converter/launch/gnss_converter.xml
-- Up-to-date symlink: /home/mtl12345/autoware/install/eagleye_gnss_converter/include/gnss_converter/nmea2fix.hpp
-- Up-to-date symlink: /home/mtl12345/autoware/install/eagleye_gnss_converter/lib/eagleye_gnss_converter/gnss_converter
-- Up-to-date symlink: /home/mtl12345/autoware/install/eagleye_gnss_converter/share/ament_index/resource_index/package_run_dependencies/eagleye_gnss_converter
-- Up-to-date symlink: /home/mtl12345/autoware/install/eagleye_gnss_converter/share/ament_index/resource_index/parent_prefix_path/eagleye_gnss_converter
-- Up-to-date symlink: /home/mtl12345/autoware/install/eagleye_gnss_converter/share/eagleye_gnss_converter/environment/ament_prefix_path.sh
-- Up-to-date symlink: /home/mtl12345/autoware/install/eagleye_gnss_converter/share/eagleye_gnss_converter/environment/ament_prefix_path.dsv
-- Up-to-date symlink: /home/mtl12345/autoware/install/eagleye_gnss_converter/share/eagleye_gnss_converter/environment/path.sh
-- Up-to-date symlink: /home/mtl12345/autoware/install/eagleye_gnss_converter/share/eagleye_gnss_converter/environment/path.dsv
-- Up-to-date symlink: /home/mtl12345/autoware/install/eagleye_gnss_converter/share/eagleye_gnss_converter/local_setup.bash
-- Up-to-date symlink: /home/mtl12345/autoware/install/eagleye_gnss_converter/share/eagleye_gnss_converter/local_setup.sh
-- Up-to-date symlink: /home/mtl12345/autoware/install/eagleye_gnss_converter/share/eagleye_gnss_converter/local_setup.zsh
-- Up-to-date symlink: /home/mtl12345/autoware/install/eagleye_gnss_converter/share/eagleye_gnss_converter/local_setup.dsv
-- Symlinking: /home/mtl12345/autoware/install/eagleye_gnss_converter/share/eagleye_gnss_converter/package.dsv
-- Up-to-date symlink: /home/mtl12345/autoware/install/eagleye_gnss_converter/share/ament_index/resource_index/packages/eagleye_gnss_converter
-- Up-to-date symlink: /home/mtl12345/autoware/install/eagleye_gnss_converter/share/eagleye_gnss_converter/cmake/ament_cmake_export_dependencies-extras.cmake
-- Up-to-date symlink: /home/mtl12345/autoware/install/eagleye_gnss_converter/share/eagleye_gnss_converter/cmake/ament_cmake_export_include_directories-extras.cmake
-- Up-to-date symlink: /home/mtl12345/autoware/install/eagleye_gnss_converter/share/eagleye_gnss_converter/cmake/eagleye_gnss_converterConfig.cmake
-- Up-to-date symlink: /home/mtl12345/autoware/install/eagleye_gnss_converter/share/eagleye_gnss_converter/cmake/eagleye_gnss_converterConfig-version.cmake
-- Up-to-date symlink: /home/mtl12345/autoware/install/eagleye_gnss_converter/share/eagleye_gnss_converter/package.xml
