[0.076s] Invoking command in '/home/zhijie/autoware/build/autoware_auto_perception_rviz_plugin': AMENT_PREFIX_PATH=/home/zhijie/autoware/install/autoware_cmake:/home/zhijie/autoware/install/autoware_auto_perception_msgs:/home/zhijie/autoware/install/autoware_lint_common:/home/zhijie/autoware/install/autoware_auto_geometry_msgs:${AMENT_PREFIX_PATH} CMAKE_PREFIX_PATH=/home/zhijie/autoware/install/autoware_cmake:/home/zhijie/autoware/install/autoware_auto_perception_msgs:/home/zhijie/autoware/install/autoware_lint_common:/home/zhijie/autoware/install/autoware_auto_geometry_msgs:/opt/ros/humble LD_LIBRARY_PATH=/home/zhijie/autoware/install/autoware_auto_perception_msgs/lib:/home/zhijie/autoware/install/autoware_auto_geometry_msgs/lib:${LD_LIBRARY_PATH} PYTHONPATH=/home/zhijie/autoware/install/autoware_auto_perception_msgs/local/lib/python3.10/dist-packages:/home/zhijie/autoware/install/autoware_auto_geometry_msgs/local/lib/python3.10/dist-packages:${PYTHONPATH} /usr/bin/cmake --build /home/zhijie/autoware/build/autoware_auto_perception_rviz_plugin -- -j16 -l16
[0.231s] [35m[1mConsolidate compiler generated dependencies of target autoware_auto_perception_rviz_plugin[0m
[0.321s] [100%] Built target autoware_auto_perception_rviz_plugin
[0.400s] Invoked command in '/home/zhijie/autoware/build/autoware_auto_perception_rviz_plugin' returned '0': AMENT_PREFIX_PATH=/home/zhijie/autoware/install/autoware_cmake:/home/zhijie/autoware/install/autoware_auto_perception_msgs:/home/zhijie/autoware/install/autoware_lint_common:/home/zhijie/autoware/install/autoware_auto_geometry_msgs:${AMENT_PREFIX_PATH} CMAKE_PREFIX_PATH=/home/zhijie/autoware/install/autoware_cmake:/home/zhijie/autoware/install/autoware_auto_perception_msgs:/home/zhijie/autoware/install/autoware_lint_common:/home/zhijie/autoware/install/autoware_auto_geometry_msgs:/opt/ros/humble LD_LIBRARY_PATH=/home/zhijie/autoware/install/autoware_auto_perception_msgs/lib:/home/zhijie/autoware/install/autoware_auto_geometry_msgs/lib:${LD_LIBRARY_PATH} PYTHONPATH=/home/zhijie/autoware/install/autoware_auto_perception_msgs/local/lib/python3.10/dist-packages:/home/zhijie/autoware/install/autoware_auto_geometry_msgs/local/lib/python3.10/dist-packages:${PYTHONPATH} /usr/bin/cmake --build /home/zhijie/autoware/build/autoware_auto_perception_rviz_plugin -- -j16 -l16
[0.466s] Invoking command in '/home/zhijie/autoware/build/autoware_auto_perception_rviz_plugin': AMENT_PREFIX_PATH=/home/zhijie/autoware/install/autoware_cmake:/home/zhijie/autoware/install/autoware_auto_perception_msgs:/home/zhijie/autoware/install/autoware_lint_common:/home/zhijie/autoware/install/autoware_auto_geometry_msgs:${AMENT_PREFIX_PATH} CMAKE_PREFIX_PATH=/home/zhijie/autoware/install/autoware_cmake:/home/zhijie/autoware/install/autoware_auto_perception_msgs:/home/zhijie/autoware/install/autoware_lint_common:/home/zhijie/autoware/install/autoware_auto_geometry_msgs:/opt/ros/humble LD_LIBRARY_PATH=/home/zhijie/autoware/install/autoware_auto_perception_msgs/lib:/home/zhijie/autoware/install/autoware_auto_geometry_msgs/lib:${LD_LIBRARY_PATH} PYTHONPATH=/home/zhijie/autoware/install/autoware_auto_perception_msgs/local/lib/python3.10/dist-packages:/home/zhijie/autoware/install/autoware_auto_geometry_msgs/local/lib/python3.10/dist-packages:${PYTHONPATH} /usr/bin/cmake --install /home/zhijie/autoware/build/autoware_auto_perception_rviz_plugin
[0.556s] -- Install configuration: "Release"
[0.557s] -- Execute custom install script
[0.557s] -- Up-to-date symlink: /home/zhijie/autoware/install/autoware_auto_perception_rviz_plugin/share/autoware_auto_perception_rviz_plugin//plugins_description.xml
[0.557s] -- Up-to-date symlink: /home/zhijie/autoware/install/autoware_auto_perception_rviz_plugin/include/common/color_alpha_property.hpp
[0.557s] -- Up-to-date symlink: /home/zhijie/autoware/install/autoware_auto_perception_rviz_plugin/include/object_detection/detected_objects_display.hpp
[0.557s] -- Up-to-date symlink: /home/zhijie/autoware/install/autoware_auto_perception_rviz_plugin/include/object_detection/object_polygon_detail.hpp
[0.557s] -- Up-to-date symlink: /home/zhijie/autoware/install/autoware_auto_perception_rviz_plugin/include/object_detection/object_polygon_display_base.hpp
[0.557s] -- Up-to-date symlink: /home/zhijie/autoware/install/autoware_auto_perception_rviz_plugin/include/object_detection/predicted_objects_display.hpp
[0.557s] -- Up-to-date symlink: /home/zhijie/autoware/install/autoware_auto_perception_rviz_plugin/include/object_detection/tracked_objects_display.hpp
[0.558s] -- Up-to-date symlink: /home/zhijie/autoware/install/autoware_auto_perception_rviz_plugin/include/visibility_control.hpp
[0.558s] -- Up-to-date symlink: /home/zhijie/autoware/install/autoware_auto_perception_rviz_plugin/share/autoware_auto_perception_rviz_plugin/environment/library_path.sh
[0.558s] -- Up-to-date symlink: /home/zhijie/autoware/install/autoware_auto_perception_rviz_plugin/share/autoware_auto_perception_rviz_plugin/environment/library_path.dsv
[0.558s] -- Up-to-date symlink: /home/zhijie/autoware/install/autoware_auto_perception_rviz_plugin/lib/libautoware_auto_perception_rviz_plugin.so
[0.558s] -- Up-to-date symlink: /home/zhijie/autoware/install/autoware_auto_perception_rviz_plugin/share/autoware_auto_perception_rviz_plugin/icons/classes/DetectedObjects.png
[0.558s] -- Up-to-date symlink: /home/zhijie/autoware/install/autoware_auto_perception_rviz_plugin/share/autoware_auto_perception_rviz_plugin/icons/classes/PredictedObjects.png
[0.558s] -- Up-to-date symlink: /home/zhijie/autoware/install/autoware_auto_perception_rviz_plugin/share/autoware_auto_perception_rviz_plugin/icons/classes/TrackedObjects.png
[0.559s] -- Up-to-date symlink: /home/zhijie/autoware/install/autoware_auto_perception_rviz_plugin/share/ament_index/resource_index/package_run_dependencies/autoware_auto_perception_rviz_plugin
[0.559s] -- Up-to-date symlink: /home/zhijie/autoware/install/autoware_auto_perception_rviz_plugin/share/ament_index/resource_index/parent_prefix_path/autoware_auto_perception_rviz_plugin
[0.559s] -- Up-to-date symlink: /home/zhijie/autoware/install/autoware_auto_perception_rviz_plugin/share/autoware_auto_perception_rviz_plugin/environment/ament_prefix_path.sh
[0.560s] -- Up-to-date symlink: /home/zhijie/autoware/install/autoware_auto_perception_rviz_plugin/share/autoware_auto_perception_rviz_plugin/environment/ament_prefix_path.dsv
[0.560s] -- Up-to-date symlink: /home/zhijie/autoware/install/autoware_auto_perception_rviz_plugin/share/autoware_auto_perception_rviz_plugin/environment/path.sh
[0.560s] -- Up-to-date symlink: /home/zhijie/autoware/install/autoware_auto_perception_rviz_plugin/share/autoware_auto_perception_rviz_plugin/environment/path.dsv
[0.560s] -- Up-to-date symlink: /home/zhijie/autoware/install/autoware_auto_perception_rviz_plugin/share/autoware_auto_perception_rviz_plugin/local_setup.bash
[0.561s] -- Up-to-date symlink: /home/zhijie/autoware/install/autoware_auto_perception_rviz_plugin/share/autoware_auto_perception_rviz_plugin/local_setup.sh
[0.561s] -- Up-to-date symlink: /home/zhijie/autoware/install/autoware_auto_perception_rviz_plugin/share/autoware_auto_perception_rviz_plugin/local_setup.zsh
[0.561s] -- Up-to-date symlink: /home/zhijie/autoware/install/autoware_auto_perception_rviz_plugin/share/autoware_auto_perception_rviz_plugin/local_setup.dsv
[0.561s] -- Symlinking: /home/zhijie/autoware/install/autoware_auto_perception_rviz_plugin/share/autoware_auto_perception_rviz_plugin/package.dsv
[0.561s] -- Up-to-date symlink: /home/zhijie/autoware/install/autoware_auto_perception_rviz_plugin/share/ament_index/resource_index/packages/autoware_auto_perception_rviz_plugin
[0.562s] -- Up-to-date symlink: /home/zhijie/autoware/install/autoware_auto_perception_rviz_plugin/share/ament_index/resource_index/rviz_common__pluginlib__plugin/autoware_auto_perception_rviz_plugin
[0.562s] -- Up-to-date symlink: /home/zhijie/autoware/install/autoware_auto_perception_rviz_plugin/share/autoware_auto_perception_rviz_plugin/cmake/ament_cmake_export_dependencies-extras.cmake
[0.563s] -- Up-to-date symlink: /home/zhijie/autoware/install/autoware_auto_perception_rviz_plugin/share/autoware_auto_perception_rviz_plugin/cmake/ament_cmake_export_include_directories-extras.cmake
[0.566s] -- Up-to-date symlink: /home/zhijie/autoware/install/autoware_auto_perception_rviz_plugin/share/autoware_auto_perception_rviz_plugin/cmake/ament_cmake_export_libraries-extras.cmake
[0.566s] -- Up-to-date symlink: /home/zhijie/autoware/install/autoware_auto_perception_rviz_plugin/share/autoware_auto_perception_rviz_plugin/cmake/autoware_auto_perception_rviz_pluginConfig.cmake
[0.566s] -- Up-to-date symlink: /home/zhijie/autoware/install/autoware_auto_perception_rviz_plugin/share/autoware_auto_perception_rviz_plugin/cmake/autoware_auto_perception_rviz_pluginConfig-version.cmake
[0.574s] -- Up-to-date symlink: /home/zhijie/autoware/install/autoware_auto_perception_rviz_plugin/share/autoware_auto_perception_rviz_plugin/package.xml
[0.602s] Invoked command in '/home/zhijie/autoware/build/autoware_auto_perception_rviz_plugin' returned '0': AMENT_PREFIX_PATH=/home/zhijie/autoware/install/autoware_cmake:/home/zhijie/autoware/install/autoware_auto_perception_msgs:/home/zhijie/autoware/install/autoware_lint_common:/home/zhijie/autoware/install/autoware_auto_geometry_msgs:${AMENT_PREFIX_PATH} CMAKE_PREFIX_PATH=/home/zhijie/autoware/install/autoware_cmake:/home/zhijie/autoware/install/autoware_auto_perception_msgs:/home/zhijie/autoware/install/autoware_lint_common:/home/zhijie/autoware/install/autoware_auto_geometry_msgs:/opt/ros/humble LD_LIBRARY_PATH=/home/zhijie/autoware/install/autoware_auto_perception_msgs/lib:/home/zhijie/autoware/install/autoware_auto_geometry_msgs/lib:${LD_LIBRARY_PATH} PYTHONPATH=/home/zhijie/autoware/install/autoware_auto_perception_msgs/local/lib/python3.10/dist-packages:/home/zhijie/autoware/install/autoware_auto_geometry_msgs/local/lib/python3.10/dist-packages:${PYTHONPATH} /usr/bin/cmake --install /home/zhijie/autoware/build/autoware_auto_perception_rviz_plugin
