-- Found ament_cmake_auto: 1.3.5 (/opt/ros/humble/share/ament_cmake_auto/cmake)
-- Override CMake install command with custom implementation using symlinks instead of copying resources
-- Found rosidl_generator_c: 3.1.5 (/opt/ros/humble/share/rosidl_generator_c/cmake)
-- Found rosidl_adapter: 3.1.5 (/opt/ros/humble/share/rosidl_adapter/cmake)
-- Found rosidl_generator_cpp: 3.1.5 (/opt/ros/humble/share/rosidl_generator_cpp/cmake)
-- Using all available rosidl_typesupport_c: rosidl_typesupport_fastrtps_c;rosidl_typesupport_introspection_c
-- Using all available rosidl_typesupport_cpp: rosidl_typesupport_fastrtps_cpp;rosidl_typesupport_introspection_cpp
-- Found rmw_implementation_cmake: 6.1.1 (/opt/ros/humble/share/rmw_implementation_cmake/cmake)
-- Found rmw_cyclonedds_cpp: 1.3.4 (/opt/ros/humble/share/rmw_cyclonedds_cpp/cmake)
-- Using RMW implementation 'rmw_cyclonedds_cpp' as default
-- Found eigen3_cmake_module: 0.1.1 (/opt/ros/humble/share/eigen3_cmake_module/cmake)
-- Ensuring Eigen3 include directory is part of orocos-kdl CMake target
-- Eigen found (include: /usr/include/eigen3, version: 3.4.0)
-- FLANN found (include: /usr/include, lib: /usr/lib/x86_64-linux-gnu/libflann_cpp.so)
-- OpenNI found (version: 1.5.4.0, include: /usr/include/ni, lib: /usr/lib/libOpenNI.so;libusb::libusb)
-- OpenNI2 found (version: 2.2.0.33, include: /usr/include/openni2, lib: /usr/lib/x86_64-linux-gnu/libOpenNI2.so;libusb::libusb)
-- Eigen found (include: /usr/include/eigen3, version: 3.4.0)
-- OpenNI found (version: 1.5.4.0, include: /usr/include/ni, lib: /usr/lib/libOpenNI.so;libusb::libusb)
-- OpenNI2 found (version: 2.2.0.33, include: /usr/include/openni2, lib: /usr/lib/x86_64-linux-gnu/libOpenNI2.so;libusb::libusb)
-- Found Qhull version 8.0.2
-- OpenNI found (version: 1.5.4.0, include: /usr/include/ni, lib: /usr/lib/libOpenNI.so;libusb::libusb)
-- Found ament_lint_auto: 0.12.8 (/opt/ros/humble/share/ament_lint_auto/cmake)
-- Added test 'copyright' to check source files copyright and LICENSE
-- Added test 'cppcheck' to perform static code analysis on C / C++ code
-- Configured cppcheck include dirs: /home/mtl12345/autoware/src/universe/autoware.universe/sensing/image_diagnostics/include
-- Configured cppcheck exclude dirs and/or files: 
-- Added test 'lint_cmake' to check CMake code style
-- Added test 'xmllint' to check XML markup files
-- Configuring done
-- Generating done
-- Build files have been written to: /home/mtl12345/autoware/build/image_diagnostics
[35m[1mConsolidate compiler generated dependencies of target image_diagnostics_node[0m
[35m[1mConsolidate compiler generated dependencies of target image_diagnostics[0m
[ 50%] Built target image_diagnostics_node
[100%] Built target image_diagnostics
-- Install configuration: "Release"
-- Execute custom install script
-- Up-to-date symlink: /home/mtl12345/autoware/install/image_diagnostics/lib/image_diagnostics/image_diagnostics_node
-- Up-to-date symlink: /home/mtl12345/autoware/install/image_diagnostics/include/image_diagnostics/image_diagnostics_node.hpp
-- Up-to-date symlink: /home/mtl12345/autoware/install/image_diagnostics/share/image_diagnostics/environment/library_path.sh
-- Up-to-date symlink: /home/mtl12345/autoware/install/image_diagnostics/share/image_diagnostics/environment/library_path.dsv
-- Up-to-date symlink: /home/mtl12345/autoware/install/image_diagnostics/lib/libimage_diagnostics.so
-- Up-to-date symlink: /home/mtl12345/autoware/install/image_diagnostics/share/image_diagnostics/launch/image_diagnostics_node.launch.xml
-- Up-to-date symlink: /home/mtl12345/autoware/install/image_diagnostics/share/ament_index/resource_index/package_run_dependencies/image_diagnostics
-- Up-to-date symlink: /home/mtl12345/autoware/install/image_diagnostics/share/ament_index/resource_index/parent_prefix_path/image_diagnostics
-- Up-to-date symlink: /home/mtl12345/autoware/install/image_diagnostics/share/image_diagnostics/environment/ament_prefix_path.sh
-- Up-to-date symlink: /home/mtl12345/autoware/install/image_diagnostics/share/image_diagnostics/environment/ament_prefix_path.dsv
-- Up-to-date symlink: /home/mtl12345/autoware/install/image_diagnostics/share/image_diagnostics/environment/path.sh
-- Up-to-date symlink: /home/mtl12345/autoware/install/image_diagnostics/share/image_diagnostics/environment/path.dsv
-- Up-to-date symlink: /home/mtl12345/autoware/install/image_diagnostics/share/image_diagnostics/local_setup.bash
-- Up-to-date symlink: /home/mtl12345/autoware/install/image_diagnostics/share/image_diagnostics/local_setup.sh
-- Up-to-date symlink: /home/mtl12345/autoware/install/image_diagnostics/share/image_diagnostics/local_setup.zsh
-- Up-to-date symlink: /home/mtl12345/autoware/install/image_diagnostics/share/image_diagnostics/local_setup.dsv
-- Symlinking: /home/mtl12345/autoware/install/image_diagnostics/share/image_diagnostics/package.dsv
-- Up-to-date symlink: /home/mtl12345/autoware/install/image_diagnostics/share/ament_index/resource_index/packages/image_diagnostics
-- Up-to-date symlink: /home/mtl12345/autoware/install/image_diagnostics/share/ament_index/resource_index/rclcpp_components/image_diagnostics
-- Up-to-date symlink: /home/mtl12345/autoware/install/image_diagnostics/share/image_diagnostics/cmake/ament_cmake_export_dependencies-extras.cmake
-- Up-to-date symlink: /home/mtl12345/autoware/install/image_diagnostics/share/image_diagnostics/cmake/ament_cmake_export_include_directories-extras.cmake
-- Up-to-date symlink: /home/mtl12345/autoware/install/image_diagnostics/share/image_diagnostics/cmake/ament_cmake_export_libraries-extras.cmake
-- Up-to-date symlink: /home/mtl12345/autoware/install/image_diagnostics/share/image_diagnostics/cmake/image_diagnosticsConfig.cmake
-- Up-to-date symlink: /home/mtl12345/autoware/install/image_diagnostics/share/image_diagnostics/cmake/image_diagnosticsConfig-version.cmake
-- Up-to-date symlink: /home/mtl12345/autoware/install/image_diagnostics/share/image_diagnostics/package.xml
