[ 20%] Built target dbw_node
[ 40%] Built target gtest_main
[ 60%] Built target gtest
[ 80%] Built target dbw_fca_can
[100%] Built target dbw_fca_can_test_pedal_lut
-- Install configuration: "Release"
-- Execute custom install script
-- Up-to-date symlink: /home/mtl12345/autoware/install/dbw_fca_can/lib/libdbw_fca_can.so
-- Up-to-date symlink: /home/mtl12345/autoware/install/dbw_fca_can/lib/dbw_fca_can/dbw_node
-- Up-to-date symlink: /home/mtl12345/autoware/install/dbw_fca_can/include/dbw_fca_can/dispatch.hpp
-- Up-to-date symlink: /home/mtl12345/autoware/install/dbw_fca_can/include/dbw_fca_can/pedal_lut.hpp
-- Up-to-date symlink: /home/mtl12345/autoware/install/dbw_fca_can/share/dbw_fca_can/launch/dbw.launch.xml
-- Up-to-date symlink: /home/mtl12345/autoware/install/dbw_fca_can/share/dbw_fca_can/launch/offline.launch.xml
-- Up-to-date symlink: /home/mtl12345/autoware/install/dbw_fca_can/share/ament_index/resource_index/package_run_dependencies/dbw_fca_can
-- Up-to-date symlink: /home/mtl12345/autoware/install/dbw_fca_can/share/ament_index/resource_index/parent_prefix_path/dbw_fca_can
-- Up-to-date symlink: /home/mtl12345/autoware/install/dbw_fca_can/share/dbw_fca_can/environment/ament_prefix_path.sh
-- Up-to-date symlink: /home/mtl12345/autoware/install/dbw_fca_can/share/dbw_fca_can/environment/ament_prefix_path.dsv
-- Up-to-date symlink: /home/mtl12345/autoware/install/dbw_fca_can/share/dbw_fca_can/environment/path.sh
-- Up-to-date symlink: /home/mtl12345/autoware/install/dbw_fca_can/share/dbw_fca_can/environment/path.dsv
-- Up-to-date symlink: /home/mtl12345/autoware/install/dbw_fca_can/share/dbw_fca_can/local_setup.bash
-- Up-to-date symlink: /home/mtl12345/autoware/install/dbw_fca_can/share/dbw_fca_can/local_setup.sh
-- Up-to-date symlink: /home/mtl12345/autoware/install/dbw_fca_can/share/dbw_fca_can/local_setup.zsh
-- Up-to-date symlink: /home/mtl12345/autoware/install/dbw_fca_can/share/dbw_fca_can/local_setup.dsv
-- Symlinking: /home/mtl12345/autoware/install/dbw_fca_can/share/dbw_fca_can/package.dsv
-- Up-to-date symlink: /home/mtl12345/autoware/install/dbw_fca_can/share/ament_index/resource_index/packages/dbw_fca_can
-- Up-to-date symlink: /home/mtl12345/autoware/install/dbw_fca_can/share/ament_index/resource_index/rclcpp_components/dbw_fca_can
-- Up-to-date symlink: /home/mtl12345/autoware/install/dbw_fca_can/share/dbw_fca_can/cmake/ament_cmake_export_include_directories-extras.cmake
-- Up-to-date symlink: /home/mtl12345/autoware/install/dbw_fca_can/share/dbw_fca_can/cmake/dbw_fca_canConfig.cmake
-- Up-to-date symlink: /home/mtl12345/autoware/install/dbw_fca_can/share/dbw_fca_can/cmake/dbw_fca_canConfig-version.cmake
-- Up-to-date symlink: /home/mtl12345/autoware/install/dbw_fca_can/share/dbw_fca_can/package.xml
-- Up-to-date: /home/mtl12345/autoware/install/dbw_fca_can/lib/dbw_fca_can/scripts
-- Up-to-date: /home/mtl12345/autoware/install/dbw_fca_can/lib/dbw_fca_can/scripts/throttle_sweep.py
-- Up-to-date: /home/mtl12345/autoware/install/dbw_fca_can/lib/dbw_fca_can/scripts/brake_sweep.py
-- Up-to-date: /home/mtl12345/autoware/install/dbw_fca_can/lib/dbw_fca_can/scripts/brake_thrash.py
-- Up-to-date: /home/mtl12345/autoware/install/dbw_fca_can/lib/dbw_fca_can/scripts/throttle_thrash.py
-- Up-to-date: /home/mtl12345/autoware/install/dbw_fca_can/lib/dbw_fca_can/scripts/brake_sine.py
-- Up-to-date: /home/mtl12345/autoware/install/dbw_fca_can/lib/dbw_fca_can/scripts/log_performance_MM.py
-- Up-to-date: /home/mtl12345/autoware/install/dbw_fca_can/lib/dbw_fca_can/scripts/throttle_sine.py
-- Up-to-date: /home/mtl12345/autoware/install/dbw_fca_can/lib/dbw_fca_can/scripts/misc_hvac_cmd.py
