[0.088s] Invoking command in '/home/zhijie/autoware/build/dbw_polaris_description': CMAKE_PREFIX_PATH=/opt/ros/humble /usr/bin/cmake /home/zhijie/autoware/src/terasim/data_speed_driver/dbw_polaris_description -DCMAKE_BUILD_TYPE=Release -DAMENT_CMAKE_SYMLINK_INSTALL=1 -DCMAKE_INSTALL_PREFIX=/home/zhijie/autoware/install/dbw_polaris_description
[0.332s] -- The C compiler identification is GNU 11.4.0
[0.568s] -- The CXX compiler identification is GNU 11.4.0
[0.589s] -- Detecting C compiler ABI info
[0.994s] -- Detecting C compiler ABI info - done
[1.012s] -- Check for working C compiler: /usr/bin/cc - skipped
[1.012s] -- Detecting C compile features
[1.016s] -- Detecting C compile features - done
[1.020s] -- Detecting CXX compiler ABI info
[1.396s] -- Detecting CXX compiler ABI info - done
[1.420s] -- Check for working CXX compiler: /usr/bin/c++ - skipped
[1.420s] -- Detecting CXX compile features
[1.421s] -- Detecting CXX compile features - done
[1.424s] -- Found ament_cmake: 1.3.5 (/opt/ros/humble/share/ament_cmake/cmake)
[2.073s] -- Found Python3: /usr/bin/python3.10 (found version "3.10.12") found components: Interpreter 
[2.283s] -- Override CMake install command with custom implementation using symlinks instead of copying resources
[2.341s] -- Extracting file: meshes.tar.gz
[2.671s] -- Configuring done
[2.674s] -- Generating done
[2.675s] -- Build files have been written to: /home/zhijie/autoware/build/dbw_polaris_description
[2.681s] Invoked command in '/home/zhijie/autoware/build/dbw_polaris_description' returned '0': CMAKE_PREFIX_PATH=/opt/ros/humble /usr/bin/cmake /home/zhijie/autoware/src/terasim/data_speed_driver/dbw_polaris_description -DCMAKE_BUILD_TYPE=Release -DAMENT_CMAKE_SYMLINK_INSTALL=1 -DCMAKE_INSTALL_PREFIX=/home/zhijie/autoware/install/dbw_polaris_description
[2.700s] Invoking command in '/home/zhijie/autoware/build/dbw_polaris_description': CMAKE_PREFIX_PATH=/opt/ros/humble /usr/bin/cmake --build /home/zhijie/autoware/build/dbw_polaris_description -- -j16 -l16
[2.816s] Invoked command in '/home/zhijie/autoware/build/dbw_polaris_description' returned '0': CMAKE_PREFIX_PATH=/opt/ros/humble /usr/bin/cmake --build /home/zhijie/autoware/build/dbw_polaris_description -- -j16 -l16
[3.124s] Invoking command in '/home/zhijie/autoware/build/dbw_polaris_description': CMAKE_PREFIX_PATH=/opt/ros/humble /usr/bin/cmake --install /home/zhijie/autoware/build/dbw_polaris_description
[3.167s] -- Install configuration: "Release"
[3.167s] -- Execute custom install script
[3.167s] -- Symlinking: /home/zhijie/autoware/install/dbw_polaris_description/share/dbw_polaris_description/meshes/pacifica_18/body.dae
[3.177s] -- Symlinking: /home/zhijie/autoware/install/dbw_polaris_description/share/dbw_polaris_description/meshes/pacifica_18/body_collision.stl
[3.211s] -- Symlinking: /home/zhijie/autoware/install/dbw_polaris_description/share/dbw_polaris_description/meshes/pacifica_18/door_logo.dae
[3.251s] -- Symlinking: /home/zhijie/autoware/install/dbw_polaris_description/share/dbw_polaris_description/meshes/pacifica_18/door_logo_texture.png
[3.268s] -- Symlinking: /home/zhijie/autoware/install/dbw_polaris_description/share/dbw_polaris_description/meshes/pacifica_18/hood_logo.dae
[3.299s] -- Symlinking: /home/zhijie/autoware/install/dbw_polaris_description/share/dbw_polaris_description/meshes/pacifica_18/hood_logo_texture.png
[3.310s] -- Symlinking: /home/zhijie/autoware/install/dbw_polaris_description/share/dbw_polaris_description/meshes/pacifica_18/wheel.dae
[3.345s] -- Symlinking: /home/zhijie/autoware/install/dbw_polaris_description/share/dbw_polaris_description/urdf/gem.urdf.xacro
[3.366s] -- Symlinking: /home/zhijie/autoware/install/dbw_polaris_description/share/dbw_polaris_description/urdf/gem_structure.urdf.xacro
[3.381s] -- Symlinking: /home/zhijie/autoware/install/dbw_polaris_description/share/dbw_polaris_description/launch/rviz2.launch.xml
[3.397s] -- Symlinking: /home/zhijie/autoware/install/dbw_polaris_description/share/dbw_polaris_description/launch/rviz2.rviz
[3.409s] -- Symlinking: /home/zhijie/autoware/install/dbw_polaris_description/share/dbw_polaris_description/launch/urdf.launch
[3.421s] -- Symlinking: /home/zhijie/autoware/install/dbw_polaris_description/share/ament_index/resource_index/package_run_dependencies/dbw_polaris_description
[3.433s] -- Symlinking: /home/zhijie/autoware/install/dbw_polaris_description/share/ament_index/resource_index/parent_prefix_path/dbw_polaris_description
[3.492s] -- Symlinking: /home/zhijie/autoware/install/dbw_polaris_description/share/dbw_polaris_description/environment/ament_prefix_path.sh
[3.515s] -- Symlinking: /home/zhijie/autoware/install/dbw_polaris_description/share/dbw_polaris_description/environment/ament_prefix_path.dsv
[3.540s] -- Symlinking: /home/zhijie/autoware/install/dbw_polaris_description/share/dbw_polaris_description/environment/path.sh
[3.569s] -- Symlinking: /home/zhijie/autoware/install/dbw_polaris_description/share/dbw_polaris_description/environment/path.dsv
[3.605s] -- Symlinking: /home/zhijie/autoware/install/dbw_polaris_description/share/dbw_polaris_description/local_setup.bash
[3.636s] -- Symlinking: /home/zhijie/autoware/install/dbw_polaris_description/share/dbw_polaris_description/local_setup.sh
[3.655s] -- Symlinking: /home/zhijie/autoware/install/dbw_polaris_description/share/dbw_polaris_description/local_setup.zsh
[3.679s] -- Symlinking: /home/zhijie/autoware/install/dbw_polaris_description/share/dbw_polaris_description/local_setup.dsv
[3.709s] -- Symlinking: /home/zhijie/autoware/install/dbw_polaris_description/share/dbw_polaris_description/package.dsv
[3.741s] -- Symlinking: /home/zhijie/autoware/install/dbw_polaris_description/share/ament_index/resource_index/packages/dbw_polaris_description
[3.776s] -- Symlinking: /home/zhijie/autoware/install/dbw_polaris_description/share/dbw_polaris_description/cmake/dbw_polaris_descriptionConfig.cmake
[3.822s] -- Symlinking: /home/zhijie/autoware/install/dbw_polaris_description/share/dbw_polaris_description/cmake/dbw_polaris_descriptionConfig-version.cmake
[3.850s] -- Symlinking: /home/zhijie/autoware/install/dbw_polaris_description/share/dbw_polaris_description/package.xml
[3.872s] Invoked command in '/home/zhijie/autoware/build/dbw_polaris_description' returned '0': CMAKE_PREFIX_PATH=/opt/ros/humble /usr/bin/cmake --install /home/zhijie/autoware/build/dbw_polaris_description
