[0.502s] Invoking command in '/home/mtl12345/autoware/build/ar_tag_based_localizer': AMENT_PREFIX_PATH=/home/mtl12345/autoware/install/autoware_cmake:${AMENT_PREFIX_PATH} CMAKE_PREFIX_PATH=/home/mtl12345/autoware/install/autoware_cmake:/opt/ros/humble /usr/bin/cmake --build /home/mtl12345/autoware/build/ar_tag_based_localizer -- -j12 -l12
[0.613s] [100%] Built target ar_tag_based_localizer
[1.031s] Invoked command in '/home/mtl12345/autoware/build/ar_tag_based_localizer' returned '0': AMENT_PREFIX_PATH=/home/mtl12345/autoware/install/autoware_cmake:${AMENT_PREFIX_PATH} CMAKE_PREFIX_PATH=/home/mtl12345/autoware/install/autoware_cmake:/opt/ros/humble /usr/bin/cmake --build /home/mtl12345/autoware/build/ar_tag_based_localizer -- -j12 -l12
[1.763s] Invoking command in '/home/mtl12345/autoware/build/ar_tag_based_localizer': AMENT_PREFIX_PATH=/home/mtl12345/autoware/install/autoware_cmake:${AMENT_PREFIX_PATH} CMAKE_PREFIX_PATH=/home/mtl12345/autoware/install/autoware_cmake:/opt/ros/humble /usr/bin/cmake --install /home/mtl12345/autoware/build/ar_tag_based_localizer
[2.158s] -- Install configuration: "Release"
[2.158s] -- Execute custom install script
[2.159s] -- Up-to-date symlink: /home/mtl12345/autoware/install/ar_tag_based_localizer/include/ar_tag_based_localizer/ar_tag_based_localizer_core.hpp
[2.159s] -- Up-to-date symlink: /home/mtl12345/autoware/install/ar_tag_based_localizer/lib/ar_tag_based_localizer/ar_tag_based_localizer
[2.159s] -- Up-to-date symlink: /home/mtl12345/autoware/install/ar_tag_based_localizer/share/ar_tag_based_localizer/launch/ar_tag_based_localizer.launch.xml
[2.159s] -- Up-to-date symlink: /home/mtl12345/autoware/install/ar_tag_based_localizer/share/ar_tag_based_localizer/config/ar_tag_based_localizer.param.yaml
[2.159s] -- Up-to-date symlink: /home/mtl12345/autoware/install/ar_tag_based_localizer/share/ament_index/resource_index/package_run_dependencies/ar_tag_based_localizer
[2.159s] -- Up-to-date symlink: /home/mtl12345/autoware/install/ar_tag_based_localizer/share/ament_index/resource_index/parent_prefix_path/ar_tag_based_localizer
[2.159s] -- Up-to-date symlink: /home/mtl12345/autoware/install/ar_tag_based_localizer/share/ar_tag_based_localizer/environment/ament_prefix_path.sh
[2.159s] -- Up-to-date symlink: /home/mtl12345/autoware/install/ar_tag_based_localizer/share/ar_tag_based_localizer/environment/ament_prefix_path.dsv
[2.159s] -- Up-to-date symlink: /home/mtl12345/autoware/install/ar_tag_based_localizer/share/ar_tag_based_localizer/environment/path.sh
[2.159s] -- Up-to-date symlink: /home/mtl12345/autoware/install/ar_tag_based_localizer/share/ar_tag_based_localizer/environment/path.dsv
[2.159s] -- Up-to-date symlink: /home/mtl12345/autoware/install/ar_tag_based_localizer/share/ar_tag_based_localizer/local_setup.bash
[2.159s] -- Up-to-date symlink: /home/mtl12345/autoware/install/ar_tag_based_localizer/share/ar_tag_based_localizer/local_setup.sh
[2.159s] -- Up-to-date symlink: /home/mtl12345/autoware/install/ar_tag_based_localizer/share/ar_tag_based_localizer/local_setup.zsh
[2.159s] -- Up-to-date symlink: /home/mtl12345/autoware/install/ar_tag_based_localizer/share/ar_tag_based_localizer/local_setup.dsv
[2.159s] -- Symlinking: /home/mtl12345/autoware/install/ar_tag_based_localizer/share/ar_tag_based_localizer/package.dsv
[2.160s] -- Up-to-date symlink: /home/mtl12345/autoware/install/ar_tag_based_localizer/share/ament_index/resource_index/packages/ar_tag_based_localizer
[2.160s] -- Up-to-date symlink: /home/mtl12345/autoware/install/ar_tag_based_localizer/share/ar_tag_based_localizer/cmake/ament_cmake_export_dependencies-extras.cmake
[2.160s] -- Up-to-date symlink: /home/mtl12345/autoware/install/ar_tag_based_localizer/share/ar_tag_based_localizer/cmake/ament_cmake_export_include_directories-extras.cmake
[2.160s] -- Up-to-date symlink: /home/mtl12345/autoware/install/ar_tag_based_localizer/share/ar_tag_based_localizer/cmake/ar_tag_based_localizerConfig.cmake
[2.160s] -- Up-to-date symlink: /home/mtl12345/autoware/install/ar_tag_based_localizer/share/ar_tag_based_localizer/cmake/ar_tag_based_localizerConfig-version.cmake
[2.160s] -- Up-to-date symlink: /home/mtl12345/autoware/install/ar_tag_based_localizer/share/ar_tag_based_localizer/package.xml
[2.464s] Invoked command in '/home/mtl12345/autoware/build/ar_tag_based_localizer' returned '0': AMENT_PREFIX_PATH=/home/mtl12345/autoware/install/autoware_cmake:${AMENT_PREFIX_PATH} CMAKE_PREFIX_PATH=/home/mtl12345/autoware/install/autoware_cmake:/opt/ros/humble /usr/bin/cmake --install /home/mtl12345/autoware/build/ar_tag_based_localizer
