[0.019s] Invoking command in '/home/zhijie/autoware/build/boost_io_context': CMAKE_PREFIX_PATH=/opt/ros/humble /usr/bin/cmake /home/zhijie/autoware/src/sensor_component/external/transport_drivers/io_context -DCMAKE_BUILD_TYPE=Release -DAMENT_CMAKE_SYMLINK_INSTALL=1 -DCMAKE_INSTALL_PREFIX=/home/zhijie/autoware/install/boost_io_context
[3.000s] -- Found ament_cmake_auto: 1.3.5 (/opt/ros/humble/share/ament_cmake_auto/cmake)
[3.000s] -- Override CMake install command with custom implementation using symlinks instead of copying resources
[3.000s] -- Found rosidl_generator_c: 3.1.5 (/opt/ros/humble/share/rosidl_generator_c/cmake)
[3.001s] -- Found rosidl_adapter: 3.1.5 (/opt/ros/humble/share/rosidl_adapter/cmake)
[3.001s] -- Found rosidl_generator_cpp: 3.1.5 (/opt/ros/humble/share/rosidl_generator_cpp/cmake)
[3.001s] -- Using all available rosidl_typesupport_c: rosidl_typesupport_fastrtps_c;rosidl_typesupport_introspection_c
[3.001s] -- Using all available rosidl_typesupport_cpp: rosidl_typesupport_fastrtps_cpp;rosidl_typesupport_introspection_cpp
[3.001s] -- Found rmw_implementation_cmake: 6.1.1 (/opt/ros/humble/share/rmw_implementation_cmake/cmake)
[3.001s] -- Found rmw_cyclonedds_cpp: 1.3.4 (/opt/ros/humble/share/rmw_cyclonedds_cpp/cmake)
[3.001s] -- Using RMW implementation 'rmw_cyclonedds_cpp' as default
[3.001s] -- Found ament_lint_auto: 0.12.8 (/opt/ros/humble/share/ament_lint_auto/cmake)
[3.001s] -- Found gtest sources under '/opt/ros/humble/src/gtest_vendor': C++ tests using 'Google Test' will be built
[3.002s] -- Added test 'copyright' to check source files copyright and LICENSE
[3.002s] -- Added test 'cppcheck' to perform static code analysis on C / C++ code
[3.002s] -- Configured cppcheck include dirs: /home/zhijie/autoware/src/sensor_component/external/transport_drivers/io_context/include
[3.002s] -- Configured cppcheck exclude dirs and/or files: 
[3.002s] -- Added test 'cpplint' to check C / C++ code against the Google style
[3.002s] -- Configured cpplint exclude dirs and/or files: 
[3.002s] -- Added test 'lint_cmake' to check CMake code style
[3.002s] -- Added test 'uncrustify' to check C / C++ code style
[3.002s] -- Configured uncrustify additional arguments: 
[3.002s] -- Added test 'xmllint' to check XML markup files
[3.003s] -- Configuring done
[3.003s] -- Generating done
[3.003s] -- Build files have been written to: /home/zhijie/autoware/build/boost_io_context
[3.035s] Invoked command in '/home/zhijie/autoware/build/boost_io_context' returned '0': CMAKE_PREFIX_PATH=/opt/ros/humble /usr/bin/cmake /home/zhijie/autoware/src/sensor_component/external/transport_drivers/io_context -DCMAKE_BUILD_TYPE=Release -DAMENT_CMAKE_SYMLINK_INSTALL=1 -DCMAKE_INSTALL_PREFIX=/home/zhijie/autoware/install/boost_io_context
[3.036s] Invoking command in '/home/zhijie/autoware/build/boost_io_context': CMAKE_PREFIX_PATH=/opt/ros/humble /usr/bin/cmake --build /home/zhijie/autoware/build/boost_io_context -- -j16 -l16
[9.394s] [35m[1mConsolidate compiler generated dependencies of target boost_io_context[0m
[9.394s] [ 11%] [32mBuilding CXX object CMakeFiles/boost_io_context.dir/src/io_context.cpp.o[0m
[9.394s] [ 22%] [32mBuilding CXX object CMakeFiles/boost_io_context.dir/src/boost_msg_converters/std_msgs.cpp.o[0m
[9.495s] [ 33%] [32m[1mLinking CXX shared library libboost_io_context.so[0m
[9.669s] [ 33%] Built target boost_io_context
[9.683s] [35m[1mConsolidate compiler generated dependencies of target gtest[0m
[9.702s] [ 44%] [32mBuilding CXX object gtest/CMakeFiles/gtest.dir/src/gtest-all.cc.o[0m
[19.135s] [ 55%] [32m[1mLinking CXX static library libgtest.a[0m
[19.179s] [ 55%] Built target gtest
[19.198s] [35m[1mConsolidate compiler generated dependencies of target gtest_main[0m
[19.215s] [ 66%] [32mBuilding CXX object gtest/CMakeFiles/gtest_main.dir/src/gtest_main.cc.o[0m
[20.157s] [ 77%] [32m[1mLinking CXX static library libgtest_main.a[0m
[20.198s] [ 77%] Built target gtest_main
[20.214s] [35m[1mConsolidate compiler generated dependencies of target test_io_context[0m
[20.247s] [ 88%] [32mBuilding CXX object CMakeFiles/test_io_context.dir/test/test_io_context.cpp.o[0m
[24.478s] [100%] [32m[1mLinking CXX executable test_io_context[0m
[24.603s] [100%] Built target test_io_context
[24.638s] Invoked command in '/home/zhijie/autoware/build/boost_io_context' returned '0': CMAKE_PREFIX_PATH=/opt/ros/humble /usr/bin/cmake --build /home/zhijie/autoware/build/boost_io_context -- -j16 -l16
[24.697s] Invoking command in '/home/zhijie/autoware/build/boost_io_context': CMAKE_PREFIX_PATH=/opt/ros/humble /usr/bin/cmake --install /home/zhijie/autoware/build/boost_io_context
[26.243s] -- Install configuration: "Release"
[26.243s] -- Execute custom install script
[26.243s] -- Up-to-date symlink: /home/zhijie/autoware/install/boost_io_context/include/boost_io_context/common.hpp
[26.243s] -- Up-to-date symlink: /home/zhijie/autoware/install/boost_io_context/include/boost_io_context/io_context.hpp
[26.243s] -- Up-to-date symlink: /home/zhijie/autoware/install/boost_io_context/include/boost_msg_converters/converters.hpp
[26.244s] -- Up-to-date symlink: /home/zhijie/autoware/install/boost_io_context/include/boost_msg_converters/std_msgs.hpp
[26.244s] -- Up-to-date symlink: /home/zhijie/autoware/install/boost_io_context/include/boost_msg_converters/udp_msgs.hpp
[26.244s] -- Up-to-date symlink: /home/zhijie/autoware/install/boost_io_context/share/boost_io_context/environment/library_path.sh
[26.244s] -- Up-to-date symlink: /home/zhijie/autoware/install/boost_io_context/share/boost_io_context/environment/library_path.dsv
[26.244s] -- Up-to-date symlink: /home/zhijie/autoware/install/boost_io_context/lib/libboost_io_context.so
[26.244s] -- Up-to-date symlink: /home/zhijie/autoware/install/boost_io_context/share/ament_index/resource_index/package_run_dependencies/boost_io_context
[26.244s] -- Up-to-date symlink: /home/zhijie/autoware/install/boost_io_context/share/ament_index/resource_index/parent_prefix_path/boost_io_context
[26.244s] -- Up-to-date symlink: /home/zhijie/autoware/install/boost_io_context/share/boost_io_context/environment/ament_prefix_path.sh
[26.244s] -- Up-to-date symlink: /home/zhijie/autoware/install/boost_io_context/share/boost_io_context/environment/ament_prefix_path.dsv
[26.244s] -- Up-to-date symlink: /home/zhijie/autoware/install/boost_io_context/share/boost_io_context/environment/path.sh
[26.245s] -- Up-to-date symlink: /home/zhijie/autoware/install/boost_io_context/share/boost_io_context/environment/path.dsv
[26.245s] -- Up-to-date symlink: /home/zhijie/autoware/install/boost_io_context/share/boost_io_context/local_setup.bash
[26.245s] -- Up-to-date symlink: /home/zhijie/autoware/install/boost_io_context/share/boost_io_context/local_setup.sh
[26.245s] -- Up-to-date symlink: /home/zhijie/autoware/install/boost_io_context/share/boost_io_context/local_setup.zsh
[26.245s] -- Up-to-date symlink: /home/zhijie/autoware/install/boost_io_context/share/boost_io_context/local_setup.dsv
[26.245s] -- Symlinking: /home/zhijie/autoware/install/boost_io_context/share/boost_io_context/package.dsv
[26.245s] -- Up-to-date symlink: /home/zhijie/autoware/install/boost_io_context/share/ament_index/resource_index/packages/boost_io_context
[26.245s] -- Up-to-date symlink: /home/zhijie/autoware/install/boost_io_context/share/boost_io_context/cmake/ament_cmake_export_dependencies-extras.cmake
[26.245s] -- Up-to-date symlink: /home/zhijie/autoware/install/boost_io_context/share/boost_io_context/cmake/ament_cmake_export_include_directories-extras.cmake
[26.245s] -- Up-to-date symlink: /home/zhijie/autoware/install/boost_io_context/share/boost_io_context/cmake/ament_cmake_export_libraries-extras.cmake
[26.245s] -- Up-to-date symlink: /home/zhijie/autoware/install/boost_io_context/share/boost_io_context/cmake/boost_io_contextConfig.cmake
[26.245s] -- Up-to-date symlink: /home/zhijie/autoware/install/boost_io_context/share/boost_io_context/cmake/boost_io_contextConfig-version.cmake
[26.246s] -- Up-to-date symlink: /home/zhijie/autoware/install/boost_io_context/share/boost_io_context/package.xml
[26.268s] Invoked command in '/home/zhijie/autoware/build/boost_io_context' returned '0': CMAKE_PREFIX_PATH=/opt/ros/humble /usr/bin/cmake --install /home/zhijie/autoware/build/boost_io_context
