[0.058s] Invoking command in '/home/zhijie/autoware/build/imu_description': CMAKE_PREFIX_PATH=/opt/ros/humble /usr/bin/cmake --build /home/zhijie/autoware/build/imu_description -- -j16 -l16
[0.156s] Invoked command in '/home/zhijie/autoware/build/imu_description' returned '0': CMAKE_PREFIX_PATH=/opt/ros/humble /usr/bin/cmake --build /home/zhijie/autoware/build/imu_description -- -j16 -l16
[0.288s] Invoking command in '/home/zhijie/autoware/build/imu_description': CMAKE_PREFIX_PATH=/opt/ros/humble /usr/bin/cmake --install /home/zhijie/autoware/build/imu_description
[0.308s] -- Install configuration: "Release"
[0.308s] -- Execute custom install script
[0.308s] -- Up-to-date symlink: /home/zhijie/autoware/install/imu_description/share/imu_description/urdf/imu.xacro
[0.308s] -- Up-to-date symlink: /home/zhijie/autoware/install/imu_description/share/ament_index/resource_index/package_run_dependencies/imu_description
[0.308s] -- Up-to-date symlink: /home/zhijie/autoware/install/imu_description/share/ament_index/resource_index/parent_prefix_path/imu_description
[0.309s] -- Up-to-date symlink: /home/zhijie/autoware/install/imu_description/share/imu_description/environment/ament_prefix_path.sh
[0.309s] -- Up-to-date symlink: /home/zhijie/autoware/install/imu_description/share/imu_description/environment/ament_prefix_path.dsv
[0.309s] -- Up-to-date symlink: /home/zhijie/autoware/install/imu_description/share/imu_description/environment/path.sh
[0.309s] -- Up-to-date symlink: /home/zhijie/autoware/install/imu_description/share/imu_description/environment/path.dsv
[0.310s] -- Up-to-date symlink: /home/zhijie/autoware/install/imu_description/share/imu_description/local_setup.bash
[0.310s] -- Up-to-date symlink: /home/zhijie/autoware/install/imu_description/share/imu_description/local_setup.sh
[0.311s] -- Up-to-date symlink: /home/zhijie/autoware/install/imu_description/share/imu_description/local_setup.zsh
[0.313s] -- Up-to-date symlink: /home/zhijie/autoware/install/imu_description/share/imu_description/local_setup.dsv
[0.314s] -- Symlinking: /home/zhijie/autoware/install/imu_description/share/imu_description/package.dsv
[0.314s] -- Up-to-date symlink: /home/zhijie/autoware/install/imu_description/share/ament_index/resource_index/packages/imu_description
[0.314s] -- Up-to-date symlink: /home/zhijie/autoware/install/imu_description/share/imu_description/cmake/imu_descriptionConfig.cmake
[0.314s] -- Up-to-date symlink: /home/zhijie/autoware/install/imu_description/share/imu_description/cmake/imu_descriptionConfig-version.cmake
[0.314s] -- Up-to-date symlink: /home/zhijie/autoware/install/imu_description/share/imu_description/package.xml
[0.378s] Invoked command in '/home/zhijie/autoware/build/imu_description' returned '0': CMAKE_PREFIX_PATH=/opt/ros/humble /usr/bin/cmake --install /home/zhijie/autoware/build/imu_description
