[35m[1mConsolidate compiler generated dependencies of target preview_control_component[0m
[ 40%] Built target preview_control
[ 40%] Built target preview_path_gen
[ 50%] [32mBuilding CXX object CMakeFiles/preview_control_component.dir/src/preview_control.cpp.o[0m
[ 60%] [32m[1mLinking CXX shared library libpreview_control_component.so[0m
[ 80%] Built target preview_control_component
[ 90%] [32m[1mLinking CXX shared library libpreview_path_gen_component.so[0m
[100%] Built target preview_path_gen_component
-- Install configuration: ""
-- Up-to-date: /home/zhijie/autoware/install/preview_control/lib/preview_control/preview_control
-- Up-to-date: /home/zhijie/autoware/install/preview_control/lib/preview_control/preview_path_gen
-- Up-to-date: /home/zhijie/autoware/install/preview_control/include
-- Up-to-date: /home/zhijie/autoware/install/preview_control/include/sx.hpp
-- Up-to-date: /home/zhijie/autoware/install/preview_control/include/preview_control.hpp
-- Up-to-date: /home/zhijie/autoware/install/preview_control/include/preview_path_gen.hpp
-- Up-to-date: /home/zhijie/autoware/install/preview_control/include/xmath.hpp
-- Up-to-date: /home/zhijie/autoware/install/preview_control/include/utm.hpp
-- Up-to-date: /home/zhijie/autoware/install/preview_control/share/preview_control/environment/library_path.sh
-- Up-to-date: /home/zhijie/autoware/install/preview_control/share/preview_control/environment/library_path.dsv
-- Installing: /home/zhijie/autoware/install/preview_control/lib/libpreview_control_component.so
-- Set runtime path of "/home/zhijie/autoware/install/preview_control/lib/libpreview_control_component.so" to ""
-- Installing: /home/zhijie/autoware/install/preview_control/lib/libpreview_path_gen_component.so
-- Set runtime path of "/home/zhijie/autoware/install/preview_control/lib/libpreview_path_gen_component.so" to ""
-- Up-to-date: /home/zhijie/autoware/install/preview_control/share/preview_control/include
-- Up-to-date: /home/zhijie/autoware/install/preview_control/share/preview_control/include/sx.hpp
-- Up-to-date: /home/zhijie/autoware/install/preview_control/share/preview_control/include/preview_control.hpp
-- Up-to-date: /home/zhijie/autoware/install/preview_control/share/preview_control/include/preview_path_gen.hpp
-- Up-to-date: /home/zhijie/autoware/install/preview_control/share/preview_control/include/xmath.hpp
-- Up-to-date: /home/zhijie/autoware/install/preview_control/share/preview_control/include/utm.hpp
-- Up-to-date: /home/zhijie/autoware/install/preview_control/share/preview_control/launch
-- Up-to-date: /home/zhijie/autoware/install/preview_control/share/preview_control/launch/preview_control.launch.py
-- Up-to-date: /home/zhijie/autoware/install/preview_control/share/ament_index/resource_index/package_run_dependencies/preview_control
-- Up-to-date: /home/zhijie/autoware/install/preview_control/share/ament_index/resource_index/parent_prefix_path/preview_control
-- Up-to-date: /home/zhijie/autoware/install/preview_control/share/preview_control/environment/ament_prefix_path.sh
-- Up-to-date: /home/zhijie/autoware/install/preview_control/share/preview_control/environment/ament_prefix_path.dsv
-- Up-to-date: /home/zhijie/autoware/install/preview_control/share/preview_control/environment/path.sh
-- Up-to-date: /home/zhijie/autoware/install/preview_control/share/preview_control/environment/path.dsv
-- Up-to-date: /home/zhijie/autoware/install/preview_control/share/preview_control/local_setup.bash
-- Up-to-date: /home/zhijie/autoware/install/preview_control/share/preview_control/local_setup.sh
-- Up-to-date: /home/zhijie/autoware/install/preview_control/share/preview_control/local_setup.zsh
-- Up-to-date: /home/zhijie/autoware/install/preview_control/share/preview_control/local_setup.dsv
-- Installing: /home/zhijie/autoware/install/preview_control/share/preview_control/package.dsv
-- Up-to-date: /home/zhijie/autoware/install/preview_control/share/ament_index/resource_index/packages/preview_control
-- Up-to-date: /home/zhijie/autoware/install/preview_control/share/ament_index/resource_index/rclcpp_components/preview_control
-- Up-to-date: /home/zhijie/autoware/install/preview_control/share/preview_control/cmake/ament_cmake_export_dependencies-extras.cmake
-- Up-to-date: /home/zhijie/autoware/install/preview_control/share/preview_control/cmake/ament_cmake_export_include_directories-extras.cmake
-- Up-to-date: /home/zhijie/autoware/install/preview_control/share/preview_control/cmake/ament_cmake_export_libraries-extras.cmake
-- Up-to-date: /home/zhijie/autoware/install/preview_control/share/preview_control/cmake/preview_controlConfig.cmake
-- Up-to-date: /home/zhijie/autoware/install/preview_control/share/preview_control/cmake/preview_controlConfig-version.cmake
-- Up-to-date: /home/zhijie/autoware/install/preview_control/share/preview_control/package.xml
