-- Found ament_cmake_auto: 1.3.5 (/opt/ros/humble/share/ament_cmake_auto/cmake)
-- Override CMake install command with custom implementation using symlinks instead of copying resources
-- Found rosidl_generator_c: 3.1.5 (/opt/ros/humble/share/rosidl_generator_c/cmake)
-- Found rosidl_adapter: 3.1.5 (/opt/ros/humble/share/rosidl_adapter/cmake)
-- Found rosidl_generator_cpp: 3.1.5 (/opt/ros/humble/share/rosidl_generator_cpp/cmake)
-- Using all available rosidl_typesupport_c: rosidl_typesupport_fastrtps_c;rosidl_typesupport_introspection_c
-- Using all available rosidl_typesupport_cpp: rosidl_typesupport_fastrtps_cpp;rosidl_typesupport_introspection_cpp
-- Found rmw_implementation_cmake: 6.1.1 (/opt/ros/humble/share/rmw_implementation_cmake/cmake)
-- Found rmw_cyclonedds_cpp: 1.3.4 (/opt/ros/humble/share/rmw_cyclonedds_cpp/cmake)
-- Using RMW implementation 'rmw_cyclonedds_cpp' as default
-- Eigen found (include: /usr/include/eigen3, version: 3.4.0)
-- FLANN found (include: /usr/include, lib: /usr/lib/x86_64-linux-gnu/libflann_cpp.so)
-- OpenNI found (version: 1.5.4.0, include: /usr/include/ni, lib: /usr/lib/libOpenNI.so;libusb::libusb)
-- OpenNI2 found (version: 2.2.0.33, include: /usr/include/openni2, lib: /usr/lib/x86_64-linux-gnu/libOpenNI2.so;libusb::libusb)
-- Eigen found (include: /usr/include/eigen3, version: 3.4.0)
-- OpenNI found (version: 1.5.4.0, include: /usr/include/ni, lib: /usr/lib/libOpenNI.so;libusb::libusb)
-- OpenNI2 found (version: 2.2.0.33, include: /usr/include/openni2, lib: /usr/lib/x86_64-linux-gnu/libOpenNI2.so;libusb::libusb)
-- Found Qhull version 8.0.2
[0m** WARNING ** io features related to pcap will be disabled[0m
-- OpenNI found (version: 1.5.4.0, include: /usr/include/ni, lib: /usr/lib/libOpenNI.so;libusb::libusb)
-- looking for PCL_COMMON
-- looking for PCL_KDTREE
-- looking for PCL_OCTREE
-- looking for PCL_SEARCH
-- looking for PCL_SAMPLE_CONSENSUS
-- looking for PCL_FILTERS
-- looking for PCL_2D
-- looking for PCL_GEOMETRY
-- looking for PCL_IO
-- looking for PCL_FEATURES
-- looking for PCL_ML
-- looking for PCL_SEGMENTATION
-- looking for PCL_VISUALIZATION
-- looking for PCL_SURFACE
-- looking for PCL_REGISTRATION
-- looking for PCL_KEYPOINTS
-- looking for PCL_TRACKING
-- looking for PCL_RECOGNITION
-- looking for PCL_STEREO
-- looking for PCL_APPS
-- looking for PCL_IN_HAND_SCANNER
-- looking for PCL_MODELER
-- looking for PCL_POINT_CLOUD_EDITOR
-- looking for PCL_OUTOFCORE
-- looking for PCL_PEOPLE
-- Found ament_lint_auto: 0.12.8 (/opt/ros/humble/share/ament_lint_auto/cmake)
-- Configuring done
-- Generating done
-- Build files have been written to: /home/zhijie/autoware/build/nebula_decoders
[35m[1mConsolidate compiler generated dependencies of target nebula_decoders_hesai[0m
[ 14%] [32mBuilding CXX object CMakeFiles/nebula_decoders_hesai.dir/src/nebula_decoders_hesai/hesai_driver.cpp.o[0m
[ 28%] [32m[1mLinking CXX shared library libnebula_decoders_hesai.so[0m
[ 28%] Built target nebula_decoders_hesai
[35m[1mConsolidate compiler generated dependencies of target nebula_decoders_velodyne[0m
[ 42%] [32mBuilding CXX object CMakeFiles/nebula_decoders_velodyne.dir/src/nebula_decoders_velodyne/velodyne_driver.cpp.o[0m
[ 57%] [32mBuilding CXX object CMakeFiles/nebula_decoders_velodyne.dir/src/nebula_decoders_velodyne/decoders/vlp32_decoder.cpp.o[0m
[ 71%] [32mBuilding CXX object CMakeFiles/nebula_decoders_velodyne.dir/src/nebula_decoders_velodyne/decoders/vlp16_decoder.cpp.o[0m
[ 85%] [32mBuilding CXX object CMakeFiles/nebula_decoders_velodyne.dir/src/nebula_decoders_velodyne/decoders/vls128_decoder.cpp.o[0m
[100%] [32m[1mLinking CXX shared library libnebula_decoders_velodyne.so[0m
[100%] Built target nebula_decoders_velodyne
-- Install configuration: "Release"
-- Execute custom install script
-- Up-to-date symlink: /home/zhijie/autoware/install/nebula_decoders/include/nebula_decoders/nebula_decoders_common/nebula_driver_base.hpp
-- Up-to-date symlink: /home/zhijie/autoware/install/nebula_decoders/include/nebula_decoders/nebula_decoders_hesai/decoders/angle_corrector.hpp
-- Up-to-date symlink: /home/zhijie/autoware/install/nebula_decoders/include/nebula_decoders/nebula_decoders_hesai/decoders/angle_corrector_calibration_based.hpp
-- Up-to-date symlink: /home/zhijie/autoware/install/nebula_decoders/include/nebula_decoders/nebula_decoders_hesai/decoders/angle_corrector_correction_based.hpp
-- Up-to-date symlink: /home/zhijie/autoware/install/nebula_decoders/include/nebula_decoders/nebula_decoders_hesai/decoders/hesai_decoder.hpp
-- Up-to-date symlink: /home/zhijie/autoware/install/nebula_decoders/include/nebula_decoders/nebula_decoders_hesai/decoders/hesai_packet.hpp
-- Up-to-date symlink: /home/zhijie/autoware/install/nebula_decoders/include/nebula_decoders/nebula_decoders_hesai/decoders/hesai_scan_decoder.hpp
-- Up-to-date symlink: /home/zhijie/autoware/install/nebula_decoders/include/nebula_decoders/nebula_decoders_hesai/decoders/hesai_sensor.hpp
-- Up-to-date symlink: /home/zhijie/autoware/install/nebula_decoders/include/nebula_decoders/nebula_decoders_hesai/decoders/pandar_128e3x.hpp
-- Up-to-date symlink: /home/zhijie/autoware/install/nebula_decoders/include/nebula_decoders/nebula_decoders_hesai/decoders/pandar_128e4x.hpp
-- Up-to-date symlink: /home/zhijie/autoware/install/nebula_decoders/include/nebula_decoders/nebula_decoders_hesai/decoders/pandar_40.hpp
-- Up-to-date symlink: /home/zhijie/autoware/install/nebula_decoders/include/nebula_decoders/nebula_decoders_hesai/decoders/pandar_64.hpp
-- Up-to-date symlink: /home/zhijie/autoware/install/nebula_decoders/include/nebula_decoders/nebula_decoders_hesai/decoders/pandar_at128.hpp
-- Up-to-date symlink: /home/zhijie/autoware/install/nebula_decoders/include/nebula_decoders/nebula_decoders_hesai/decoders/pandar_qt128.hpp
-- Up-to-date symlink: /home/zhijie/autoware/install/nebula_decoders/include/nebula_decoders/nebula_decoders_hesai/decoders/pandar_qt64.hpp
-- Up-to-date symlink: /home/zhijie/autoware/install/nebula_decoders/include/nebula_decoders/nebula_decoders_hesai/decoders/pandar_xt32.hpp
-- Up-to-date symlink: /home/zhijie/autoware/install/nebula_decoders/include/nebula_decoders/nebula_decoders_hesai/decoders/pandar_xt32m.hpp
-- Up-to-date symlink: /home/zhijie/autoware/install/nebula_decoders/include/nebula_decoders/nebula_decoders_hesai/hesai_driver.hpp
-- Up-to-date symlink: /home/zhijie/autoware/install/nebula_decoders/include/nebula_decoders/nebula_decoders_velodyne/decoders/velodyne_scan_decoder.hpp
-- Up-to-date symlink: /home/zhijie/autoware/install/nebula_decoders/include/nebula_decoders/nebula_decoders_velodyne/decoders/vlp16_decoder.hpp
-- Up-to-date symlink: /home/zhijie/autoware/install/nebula_decoders/include/nebula_decoders/nebula_decoders_velodyne/decoders/vlp32_decoder.hpp
-- Up-to-date symlink: /home/zhijie/autoware/install/nebula_decoders/include/nebula_decoders/nebula_decoders_velodyne/decoders/vls128_decoder.hpp
-- Up-to-date symlink: /home/zhijie/autoware/install/nebula_decoders/include/nebula_decoders/nebula_decoders_velodyne/velodyne_driver.hpp
-- Up-to-date symlink: /home/zhijie/autoware/install/nebula_decoders/share/nebula_decoders/environment/library_path.sh
-- Up-to-date symlink: /home/zhijie/autoware/install/nebula_decoders/share/nebula_decoders/environment/library_path.dsv
-- Up-to-date symlink: /home/zhijie/autoware/install/nebula_decoders/lib/libnebula_decoders_hesai.so
-- Up-to-date symlink: /home/zhijie/autoware/install/nebula_decoders/lib/libnebula_decoders_velodyne.so
-- Up-to-date symlink: /home/zhijie/autoware/install/nebula_decoders/share/nebula_decoders/calibration/hesai/Pandar128E4X.csv
-- Up-to-date symlink: /home/zhijie/autoware/install/nebula_decoders/share/nebula_decoders/calibration/hesai/Pandar40P.csv
-- Up-to-date symlink: /home/zhijie/autoware/install/nebula_decoders/share/nebula_decoders/calibration/hesai/Pandar64.csv
-- Up-to-date symlink: /home/zhijie/autoware/install/nebula_decoders/share/nebula_decoders/calibration/hesai/PandarAT128.csv
-- Up-to-date symlink: /home/zhijie/autoware/install/nebula_decoders/share/nebula_decoders/calibration/hesai/PandarAT128.dat
-- Up-to-date symlink: /home/zhijie/autoware/install/nebula_decoders/share/nebula_decoders/calibration/hesai/PandarAT128.dat.2209
-- Up-to-date symlink: /home/zhijie/autoware/install/nebula_decoders/share/nebula_decoders/calibration/hesai/PandarAT128.dat.2303
-- Up-to-date symlink: /home/zhijie/autoware/install/nebula_decoders/share/nebula_decoders/calibration/hesai/PandarAT128.dat_or
-- Up-to-date symlink: /home/zhijie/autoware/install/nebula_decoders/share/nebula_decoders/calibration/hesai/PandarQT128.csv
-- Up-to-date symlink: /home/zhijie/autoware/install/nebula_decoders/share/nebula_decoders/calibration/hesai/PandarQT64.csv
-- Up-to-date symlink: /home/zhijie/autoware/install/nebula_decoders/share/nebula_decoders/calibration/hesai/PandarXT32.csv
-- Up-to-date symlink: /home/zhijie/autoware/install/nebula_decoders/share/nebula_decoders/calibration/hesai/PandarXT32M.csv
-- Up-to-date symlink: /home/zhijie/autoware/install/nebula_decoders/share/nebula_decoders/calibration/velodyne/HDL32.yaml
-- Up-to-date symlink: /home/zhijie/autoware/install/nebula_decoders/share/nebula_decoders/calibration/velodyne/HDL64e_s2.yaml
-- Up-to-date symlink: /home/zhijie/autoware/install/nebula_decoders/share/nebula_decoders/calibration/velodyne/HDL64e_s3.yaml
-- Up-to-date symlink: /home/zhijie/autoware/install/nebula_decoders/share/nebula_decoders/calibration/velodyne/HDL64e_utexas.yaml
-- Up-to-date symlink: /home/zhijie/autoware/install/nebula_decoders/share/nebula_decoders/calibration/velodyne/VLP16.yaml
-- Up-to-date symlink: /home/zhijie/autoware/install/nebula_decoders/share/nebula_decoders/calibration/velodyne/VLP16_hires.yaml
-- Up-to-date symlink: /home/zhijie/autoware/install/nebula_decoders/share/nebula_decoders/calibration/velodyne/VLP32.yaml
-- Up-to-date symlink: /home/zhijie/autoware/install/nebula_decoders/share/nebula_decoders/calibration/velodyne/VLP32MR.yaml
-- Up-to-date symlink: /home/zhijie/autoware/install/nebula_decoders/share/nebula_decoders/calibration/velodyne/VLS128.yaml
-- Up-to-date symlink: /home/zhijie/autoware/install/nebula_decoders/share/ament_index/resource_index/package_run_dependencies/nebula_decoders
-- Up-to-date symlink: /home/zhijie/autoware/install/nebula_decoders/share/ament_index/resource_index/parent_prefix_path/nebula_decoders
-- Up-to-date symlink: /home/zhijie/autoware/install/nebula_decoders/share/nebula_decoders/environment/ament_prefix_path.sh
-- Up-to-date symlink: /home/zhijie/autoware/install/nebula_decoders/share/nebula_decoders/environment/ament_prefix_path.dsv
-- Up-to-date symlink: /home/zhijie/autoware/install/nebula_decoders/share/nebula_decoders/environment/path.sh
-- Up-to-date symlink: /home/zhijie/autoware/install/nebula_decoders/share/nebula_decoders/environment/path.dsv
-- Up-to-date symlink: /home/zhijie/autoware/install/nebula_decoders/share/nebula_decoders/local_setup.bash
-- Up-to-date symlink: /home/zhijie/autoware/install/nebula_decoders/share/nebula_decoders/local_setup.sh
-- Up-to-date symlink: /home/zhijie/autoware/install/nebula_decoders/share/nebula_decoders/local_setup.zsh
-- Up-to-date symlink: /home/zhijie/autoware/install/nebula_decoders/share/nebula_decoders/local_setup.dsv
-- Symlinking: /home/zhijie/autoware/install/nebula_decoders/share/nebula_decoders/package.dsv
-- Up-to-date symlink: /home/zhijie/autoware/install/nebula_decoders/share/ament_index/resource_index/packages/nebula_decoders
-- Up-to-date symlink: /home/zhijie/autoware/install/nebula_decoders/share/nebula_decoders/cmake/ament_cmake_export_dependencies-extras.cmake
-- Up-to-date symlink: /home/zhijie/autoware/install/nebula_decoders/share/nebula_decoders/cmake/ament_cmake_export_include_directories-extras.cmake
-- Up-to-date symlink: /home/zhijie/autoware/install/nebula_decoders/share/nebula_decoders/cmake/ament_cmake_export_libraries-extras.cmake
-- Up-to-date symlink: /home/zhijie/autoware/install/nebula_decoders/share/nebula_decoders/cmake/nebula_decodersConfig.cmake
-- Up-to-date symlink: /home/zhijie/autoware/install/nebula_decoders/share/nebula_decoders/cmake/nebula_decodersConfig-version.cmake
-- Up-to-date symlink: /home/zhijie/autoware/install/nebula_decoders/share/nebula_decoders/package.xml
