[0.397s] Invoking command in '/home/mtl12345/autoware/build/nebula_hw_interfaces': AMENT_PREFIX_PATH=/home/mtl12345/autoware/install/boost_udp_driver:/home/mtl12345/autoware/install/velodyne_msgs:/home/mtl12345/autoware/install/pandar_msgs:/home/mtl12345/autoware/install/nebula_common:/home/mtl12345/autoware/install/boost_tcp_driver:/home/mtl12345/autoware/install/boost_io_context:${AMENT_PREFIX_PATH} CMAKE_PREFIX_PATH=/home/mtl12345/autoware/install/boost_udp_driver:/home/mtl12345/autoware/install/velodyne_msgs:/home/mtl12345/autoware/install/pandar_msgs:/home/mtl12345/autoware/install/nebula_common:/home/mtl12345/autoware/install/boost_tcp_driver:/home/mtl12345/autoware/install/boost_io_context:/opt/ros/humble LD_LIBRARY_PATH=/home/mtl12345/autoware/install/boost_udp_driver/lib:/home/mtl12345/autoware/install/velodyne_msgs/lib:/home/mtl12345/autoware/install/pandar_msgs/lib:/home/mtl12345/autoware/install/nebula_common/lib:/home/mtl12345/autoware/install/boost_tcp_driver/lib:/home/mtl12345/autoware/install/boost_io_context/lib:${LD_LIBRARY_PATH} PYTHONPATH=/home/mtl12345/autoware/install/velodyne_msgs/local/lib/python3.10/dist-packages:/home/mtl12345/autoware/install/pandar_msgs/local/lib/python3.10/dist-packages:${PYTHONPATH} /usr/bin/cmake --build /home/mtl12345/autoware/build/nebula_hw_interfaces -- -j12 -l12
[0.458s] [ 50%] Built target nebula_hw_interfaces_hesai
[0.492s] [100%] Built target nebula_hw_interfaces_velodyne
[0.741s] Invoked command in '/home/mtl12345/autoware/build/nebula_hw_interfaces' returned '0': AMENT_PREFIX_PATH=/home/mtl12345/autoware/install/boost_udp_driver:/home/mtl12345/autoware/install/velodyne_msgs:/home/mtl12345/autoware/install/pandar_msgs:/home/mtl12345/autoware/install/nebula_common:/home/mtl12345/autoware/install/boost_tcp_driver:/home/mtl12345/autoware/install/boost_io_context:${AMENT_PREFIX_PATH} CMAKE_PREFIX_PATH=/home/mtl12345/autoware/install/boost_udp_driver:/home/mtl12345/autoware/install/velodyne_msgs:/home/mtl12345/autoware/install/pandar_msgs:/home/mtl12345/autoware/install/nebula_common:/home/mtl12345/autoware/install/boost_tcp_driver:/home/mtl12345/autoware/install/boost_io_context:/opt/ros/humble LD_LIBRARY_PATH=/home/mtl12345/autoware/install/boost_udp_driver/lib:/home/mtl12345/autoware/install/velodyne_msgs/lib:/home/mtl12345/autoware/install/pandar_msgs/lib:/home/mtl12345/autoware/install/nebula_common/lib:/home/mtl12345/autoware/install/boost_tcp_driver/lib:/home/mtl12345/autoware/install/boost_io_context/lib:${LD_LIBRARY_PATH} PYTHONPATH=/home/mtl12345/autoware/install/velodyne_msgs/local/lib/python3.10/dist-packages:/home/mtl12345/autoware/install/pandar_msgs/local/lib/python3.10/dist-packages:${PYTHONPATH} /usr/bin/cmake --build /home/mtl12345/autoware/build/nebula_hw_interfaces -- -j12 -l12
[1.377s] Invoking command in '/home/mtl12345/autoware/build/nebula_hw_interfaces': AMENT_PREFIX_PATH=/home/mtl12345/autoware/install/boost_udp_driver:/home/mtl12345/autoware/install/velodyne_msgs:/home/mtl12345/autoware/install/pandar_msgs:/home/mtl12345/autoware/install/nebula_common:/home/mtl12345/autoware/install/boost_tcp_driver:/home/mtl12345/autoware/install/boost_io_context:${AMENT_PREFIX_PATH} CMAKE_PREFIX_PATH=/home/mtl12345/autoware/install/boost_udp_driver:/home/mtl12345/autoware/install/velodyne_msgs:/home/mtl12345/autoware/install/pandar_msgs:/home/mtl12345/autoware/install/nebula_common:/home/mtl12345/autoware/install/boost_tcp_driver:/home/mtl12345/autoware/install/boost_io_context:/opt/ros/humble LD_LIBRARY_PATH=/home/mtl12345/autoware/install/boost_udp_driver/lib:/home/mtl12345/autoware/install/velodyne_msgs/lib:/home/mtl12345/autoware/install/pandar_msgs/lib:/home/mtl12345/autoware/install/nebula_common/lib:/home/mtl12345/autoware/install/boost_tcp_driver/lib:/home/mtl12345/autoware/install/boost_io_context/lib:${LD_LIBRARY_PATH} PYTHONPATH=/home/mtl12345/autoware/install/velodyne_msgs/local/lib/python3.10/dist-packages:/home/mtl12345/autoware/install/pandar_msgs/local/lib/python3.10/dist-packages:${PYTHONPATH} /usr/bin/cmake --install /home/mtl12345/autoware/build/nebula_hw_interfaces
[1.583s] -- Install configuration: "Release"
[1.583s] -- Execute custom install script
[1.584s] -- Up-to-date symlink: /home/mtl12345/autoware/install/nebula_hw_interfaces/include/nebula_hw_interfaces/nebula_hw_interfaces_common/nebula_hw_interface_base.hpp
[1.584s] -- Up-to-date symlink: /home/mtl12345/autoware/install/nebula_hw_interfaces/include/nebula_hw_interfaces/nebula_hw_interfaces_hesai/hesai_cmd_response.hpp
[1.584s] -- Up-to-date symlink: /home/mtl12345/autoware/install/nebula_hw_interfaces/include/nebula_hw_interfaces/nebula_hw_interfaces_hesai/hesai_hw_interface.hpp
[1.584s] -- Up-to-date symlink: /home/mtl12345/autoware/install/nebula_hw_interfaces/include/nebula_hw_interfaces/nebula_hw_interfaces_velodyne/velodyne_hw_interface.hpp
[1.584s] -- Up-to-date symlink: /home/mtl12345/autoware/install/nebula_hw_interfaces/share/nebula_hw_interfaces/environment/library_path.sh
[1.584s] -- Up-to-date symlink: /home/mtl12345/autoware/install/nebula_hw_interfaces/share/nebula_hw_interfaces/environment/library_path.dsv
[1.584s] -- Up-to-date symlink: /home/mtl12345/autoware/install/nebula_hw_interfaces/lib/libnebula_hw_interfaces_hesai.so
[1.584s] -- Up-to-date symlink: /home/mtl12345/autoware/install/nebula_hw_interfaces/lib/libnebula_hw_interfaces_velodyne.so
[1.584s] -- Up-to-date symlink: /home/mtl12345/autoware/install/nebula_hw_interfaces/share/ament_index/resource_index/package_run_dependencies/nebula_hw_interfaces
[1.584s] -- Up-to-date symlink: /home/mtl12345/autoware/install/nebula_hw_interfaces/share/ament_index/resource_index/parent_prefix_path/nebula_hw_interfaces
[1.584s] -- Up-to-date symlink: /home/mtl12345/autoware/install/nebula_hw_interfaces/share/nebula_hw_interfaces/environment/ament_prefix_path.sh
[1.584s] -- Up-to-date symlink: /home/mtl12345/autoware/install/nebula_hw_interfaces/share/nebula_hw_interfaces/environment/ament_prefix_path.dsv
[1.585s] -- Up-to-date symlink: /home/mtl12345/autoware/install/nebula_hw_interfaces/share/nebula_hw_interfaces/environment/path.sh
[1.585s] -- Up-to-date symlink: /home/mtl12345/autoware/install/nebula_hw_interfaces/share/nebula_hw_interfaces/environment/path.dsv
[1.585s] -- Up-to-date symlink: /home/mtl12345/autoware/install/nebula_hw_interfaces/share/nebula_hw_interfaces/local_setup.bash
[1.585s] -- Up-to-date symlink: /home/mtl12345/autoware/install/nebula_hw_interfaces/share/nebula_hw_interfaces/local_setup.sh
[1.585s] -- Up-to-date symlink: /home/mtl12345/autoware/install/nebula_hw_interfaces/share/nebula_hw_interfaces/local_setup.zsh
[1.585s] -- Up-to-date symlink: /home/mtl12345/autoware/install/nebula_hw_interfaces/share/nebula_hw_interfaces/local_setup.dsv
[1.585s] -- Symlinking: /home/mtl12345/autoware/install/nebula_hw_interfaces/share/nebula_hw_interfaces/package.dsv
[1.585s] -- Up-to-date symlink: /home/mtl12345/autoware/install/nebula_hw_interfaces/share/ament_index/resource_index/packages/nebula_hw_interfaces
[1.586s] -- Up-to-date symlink: /home/mtl12345/autoware/install/nebula_hw_interfaces/share/nebula_hw_interfaces/cmake/ament_cmake_export_dependencies-extras.cmake
[1.586s] -- Up-to-date symlink: /home/mtl12345/autoware/install/nebula_hw_interfaces/share/nebula_hw_interfaces/cmake/ament_cmake_export_include_directories-extras.cmake
[1.586s] -- Up-to-date symlink: /home/mtl12345/autoware/install/nebula_hw_interfaces/share/nebula_hw_interfaces/cmake/ament_cmake_export_libraries-extras.cmake
[1.587s] -- Up-to-date symlink: /home/mtl12345/autoware/install/nebula_hw_interfaces/share/nebula_hw_interfaces/cmake/nebula_hw_interfacesConfig.cmake
[1.587s] -- Up-to-date symlink: /home/mtl12345/autoware/install/nebula_hw_interfaces/share/nebula_hw_interfaces/cmake/nebula_hw_interfacesConfig-version.cmake
[1.588s] -- Up-to-date symlink: /home/mtl12345/autoware/install/nebula_hw_interfaces/share/nebula_hw_interfaces/package.xml
[2.022s] Invoked command in '/home/mtl12345/autoware/build/nebula_hw_interfaces' returned '0': AMENT_PREFIX_PATH=/home/mtl12345/autoware/install/boost_udp_driver:/home/mtl12345/autoware/install/velodyne_msgs:/home/mtl12345/autoware/install/pandar_msgs:/home/mtl12345/autoware/install/nebula_common:/home/mtl12345/autoware/install/boost_tcp_driver:/home/mtl12345/autoware/install/boost_io_context:${AMENT_PREFIX_PATH} CMAKE_PREFIX_PATH=/home/mtl12345/autoware/install/boost_udp_driver:/home/mtl12345/autoware/install/velodyne_msgs:/home/mtl12345/autoware/install/pandar_msgs:/home/mtl12345/autoware/install/nebula_common:/home/mtl12345/autoware/install/boost_tcp_driver:/home/mtl12345/autoware/install/boost_io_context:/opt/ros/humble LD_LIBRARY_PATH=/home/mtl12345/autoware/install/boost_udp_driver/lib:/home/mtl12345/autoware/install/velodyne_msgs/lib:/home/mtl12345/autoware/install/pandar_msgs/lib:/home/mtl12345/autoware/install/nebula_common/lib:/home/mtl12345/autoware/install/boost_tcp_driver/lib:/home/mtl12345/autoware/install/boost_io_context/lib:${LD_LIBRARY_PATH} PYTHONPATH=/home/mtl12345/autoware/install/velodyne_msgs/local/lib/python3.10/dist-packages:/home/mtl12345/autoware/install/pandar_msgs/local/lib/python3.10/dist-packages:${PYTHONPATH} /usr/bin/cmake --install /home/mtl12345/autoware/build/nebula_hw_interfaces
