[0.386s] Invoking command in '/home/mtl12345/autoware/build/livox_description': CMAKE_PREFIX_PATH=/opt/ros/humble /usr/bin/cmake --build /home/mtl12345/autoware/build/livox_description -- -j12 -l12
[0.875s] Invoked command in '/home/mtl12345/autoware/build/livox_description' returned '0': CMAKE_PREFIX_PATH=/opt/ros/humble /usr/bin/cmake --build /home/mtl12345/autoware/build/livox_description -- -j12 -l12
[1.631s] Invoking command in '/home/mtl12345/autoware/build/livox_description': CMAKE_PREFIX_PATH=/opt/ros/humble /usr/bin/cmake --install /home/mtl12345/autoware/build/livox_description
[1.701s] -- Install configuration: "Release"
[1.701s] -- Execute custom install script
[1.701s] -- Up-to-date symlink: /home/mtl12345/autoware/install/livox_description/share/livox_description/urdf/livox_horizon.xacro
[1.701s] -- Up-to-date symlink: /home/mtl12345/autoware/install/livox_description/share/ament_index/resource_index/package_run_dependencies/livox_description
[1.701s] -- Up-to-date symlink: /home/mtl12345/autoware/install/livox_description/share/ament_index/resource_index/parent_prefix_path/livox_description
[1.702s] -- Up-to-date symlink: /home/mtl12345/autoware/install/livox_description/share/livox_description/environment/ament_prefix_path.sh
[1.702s] -- Up-to-date symlink: /home/mtl12345/autoware/install/livox_description/share/livox_description/environment/ament_prefix_path.dsv
[1.702s] -- Up-to-date symlink: /home/mtl12345/autoware/install/livox_description/share/livox_description/environment/path.sh
[1.702s] -- Up-to-date symlink: /home/mtl12345/autoware/install/livox_description/share/livox_description/environment/path.dsv
[1.702s] -- Up-to-date symlink: /home/mtl12345/autoware/install/livox_description/share/livox_description/local_setup.bash
[1.702s] -- Up-to-date symlink: /home/mtl12345/autoware/install/livox_description/share/livox_description/local_setup.sh
[1.702s] -- Up-to-date symlink: /home/mtl12345/autoware/install/livox_description/share/livox_description/local_setup.zsh
[1.702s] -- Up-to-date symlink: /home/mtl12345/autoware/install/livox_description/share/livox_description/local_setup.dsv
[1.702s] -- Symlinking: /home/mtl12345/autoware/install/livox_description/share/livox_description/package.dsv
[1.702s] -- Up-to-date symlink: /home/mtl12345/autoware/install/livox_description/share/ament_index/resource_index/packages/livox_description
[1.702s] -- Up-to-date symlink: /home/mtl12345/autoware/install/livox_description/share/livox_description/cmake/livox_descriptionConfig.cmake
[1.702s] -- Up-to-date symlink: /home/mtl12345/autoware/install/livox_description/share/livox_description/cmake/livox_descriptionConfig-version.cmake
[1.702s] -- Up-to-date symlink: /home/mtl12345/autoware/install/livox_description/share/livox_description/package.xml
[2.621s] Invoked command in '/home/mtl12345/autoware/build/livox_description' returned '0': CMAKE_PREFIX_PATH=/opt/ros/humble /usr/bin/cmake --install /home/mtl12345/autoware/build/livox_description
