[0.757s] Invoking command in '/home/zhijie/autoware/build/boost_serial_driver': AMENT_PREFIX_PATH=/home/zhijie/autoware/install/boost_io_context:${AMENT_PREFIX_PATH} CMAKE_PREFIX_PATH=/home/zhijie/autoware/install/boost_io_context:/opt/ros/humble LD_LIBRARY_PATH=/home/zhijie/autoware/install/boost_io_context/lib:${LD_LIBRARY_PATH} /usr/bin/cmake /home/zhijie/autoware/src/sensor_component/external/transport_drivers/serial_driver -DCMAKE_BUILD_TYPE=Release -DAMENT_CMAKE_SYMLINK_INSTALL=1 -DCMAKE_INSTALL_PREFIX=/home/zhijie/autoware/install/boost_serial_driver
[1.161s] -- Found ament_cmake_auto: 1.3.5 (/opt/ros/humble/share/ament_cmake_auto/cmake)
[1.161s] -- Override CMake install command with custom implementation using symlinks instead of copying resources
[1.295s] -- Found rosidl_generator_c: 3.1.5 (/opt/ros/humble/share/rosidl_generator_c/cmake)
[1.304s] -- Found rosidl_adapter: 3.1.5 (/opt/ros/humble/share/rosidl_adapter/cmake)
[1.314s] -- Found rosidl_generator_cpp: 3.1.5 (/opt/ros/humble/share/rosidl_generator_cpp/cmake)
[1.339s] -- Using all available rosidl_typesupport_c: rosidl_typesupport_fastrtps_c;rosidl_typesupport_introspection_c
[1.370s] -- Using all available rosidl_typesupport_cpp: rosidl_typesupport_fastrtps_cpp;rosidl_typesupport_introspection_cpp
[1.473s] -- Found rmw_implementation_cmake: 6.1.1 (/opt/ros/humble/share/rmw_implementation_cmake/cmake)
[1.475s] -- Found rmw_cyclonedds_cpp: 1.3.4 (/opt/ros/humble/share/rmw_cyclonedds_cpp/cmake)
[1.524s] -- Using RMW implementation 'rmw_cyclonedds_cpp' as default
[2.172s] -- Found ament_lint_auto: 0.12.8 (/opt/ros/humble/share/ament_lint_auto/cmake)
[2.183s] -- Found gtest sources under '/opt/ros/humble/src/gtest_vendor': C++ tests using 'Google Test' will be built
[2.218s] -- Added test 'copyright' to check source files copyright and LICENSE
[2.220s] -- Added test 'cppcheck' to perform static code analysis on C / C++ code
[2.221s] -- Configured cppcheck include dirs: /home/zhijie/autoware/src/sensor_component/external/transport_drivers/serial_driver/include
[2.221s] -- Configured cppcheck exclude dirs and/or files: 
[2.227s] -- Added test 'cpplint' to check C / C++ code against the Google style
[2.227s] -- Configured cpplint exclude dirs and/or files: 
[2.229s] -- Added test 'flake8' to check Python code syntax and style conventions
[2.230s] -- Added test 'lint_cmake' to check CMake code style
[2.231s] -- Added test 'pep257' to check Python code against some of the docstring style conventions in PEP 257
[2.236s] -- Added test 'uncrustify' to check C / C++ code style
[2.236s] -- Configured uncrustify additional arguments: 
[2.238s] -- Added test 'xmllint' to check XML markup files
[2.251s] -- Configuring done
[2.382s] -- Generating done
[2.386s] -- Build files have been written to: /home/zhijie/autoware/build/boost_serial_driver
[2.399s] Invoked command in '/home/zhijie/autoware/build/boost_serial_driver' returned '0': AMENT_PREFIX_PATH=/home/zhijie/autoware/install/boost_io_context:${AMENT_PREFIX_PATH} CMAKE_PREFIX_PATH=/home/zhijie/autoware/install/boost_io_context:/opt/ros/humble LD_LIBRARY_PATH=/home/zhijie/autoware/install/boost_io_context/lib:${LD_LIBRARY_PATH} /usr/bin/cmake /home/zhijie/autoware/src/sensor_component/external/transport_drivers/serial_driver -DCMAKE_BUILD_TYPE=Release -DAMENT_CMAKE_SYMLINK_INSTALL=1 -DCMAKE_INSTALL_PREFIX=/home/zhijie/autoware/install/boost_serial_driver
[2.412s] Invoking command in '/home/zhijie/autoware/build/boost_serial_driver': AMENT_PREFIX_PATH=/home/zhijie/autoware/install/boost_io_context:${AMENT_PREFIX_PATH} CMAKE_PREFIX_PATH=/home/zhijie/autoware/install/boost_io_context:/opt/ros/humble LD_LIBRARY_PATH=/home/zhijie/autoware/install/boost_io_context/lib:${LD_LIBRARY_PATH} /usr/bin/cmake --build /home/zhijie/autoware/build/boost_serial_driver -- -j16 -l16
[3.565s] [35m[1mConsolidate compiler generated dependencies of target boost_serial_driver[0m
[3.566s] [  6%] [32mBuilding CXX object CMakeFiles/boost_serial_driver.dir/src/serial_port.cpp.o[0m
[8.606s] [ 13%] [32mBuilding CXX object CMakeFiles/boost_serial_driver.dir/src/serial_driver.cpp.o[0m
[11.920s] [ 20%] [32m[1mLinking CXX shared library libboost_serial_driver.so[0m
[12.096s] [ 20%] Built target boost_serial_driver
[12.112s] [35m[1mConsolidate compiler generated dependencies of target gtest[0m
[12.139s] [ 26%] [32mBuilding CXX object gtest/CMakeFiles/gtest.dir/src/gtest-all.cc.o[0m
[22.928s] [ 33%] [32m[1mLinking CXX static library libgtest.a[0m
[23.008s] [ 33%] Built target gtest
[23.026s] [35m[1mConsolidate compiler generated dependencies of target boost_serial_driver_nodes[0m
[23.068s] [ 40%] [32mBuilding CXX object CMakeFiles/boost_serial_driver_nodes.dir/src/serial_bridge_node.cpp.o[0m
[39.040s] [ 46%] [32m[1mLinking CXX shared library libboost_serial_driver_nodes.so[0m
[39.368s] [ 46%] Built target boost_serial_driver_nodes
[39.384s] [35m[1mConsolidate compiler generated dependencies of target gtest_main[0m
[39.423s] [ 53%] [32mBuilding CXX object gtest/CMakeFiles/gtest_main.dir/src/gtest_main.cc.o[0m
[40.376s] [ 60%] [32m[1mLinking CXX static library libgtest_main.a[0m
[40.426s] [ 60%] Built target gtest_main
[40.449s] [35m[1mConsolidate compiler generated dependencies of target serial_bridge[0m
[40.467s] [ 66%] [32mBuilding CXX object CMakeFiles/serial_bridge.dir/rclcpp_components/node_main_serial_bridge.cpp.o[0m
[45.673s] [ 73%] [32m[1mLinking CXX executable serial_bridge[0m
[45.836s] [ 73%] Built target serial_bridge
[45.851s] [35m[1mConsolidate compiler generated dependencies of target test_serial_port[0m
[45.884s] [ 80%] [32mBuilding CXX object CMakeFiles/test_serial_port.dir/test/test_serial_port.cpp.o[0m
[49.346s] [ 86%] [32m[1mLinking CXX executable test_serial_port[0m
[49.485s] [ 86%] Built target test_serial_port
[49.497s] [35m[1mConsolidate compiler generated dependencies of target test_serial_driver[0m
[49.522s] [ 93%] [32mBuilding CXX object CMakeFiles/test_serial_driver.dir/test/test_serial_driver.cpp.o[0m
[53.888s] [100%] [32m[1mLinking CXX executable test_serial_driver[0m
[54.183s] [100%] Built target test_serial_driver
[54.228s] Invoked command in '/home/zhijie/autoware/build/boost_serial_driver' returned '0': AMENT_PREFIX_PATH=/home/zhijie/autoware/install/boost_io_context:${AMENT_PREFIX_PATH} CMAKE_PREFIX_PATH=/home/zhijie/autoware/install/boost_io_context:/opt/ros/humble LD_LIBRARY_PATH=/home/zhijie/autoware/install/boost_io_context/lib:${LD_LIBRARY_PATH} /usr/bin/cmake --build /home/zhijie/autoware/build/boost_serial_driver -- -j16 -l16
[54.258s] Invoking command in '/home/zhijie/autoware/build/boost_serial_driver': AMENT_PREFIX_PATH=/home/zhijie/autoware/install/boost_io_context:${AMENT_PREFIX_PATH} CMAKE_PREFIX_PATH=/home/zhijie/autoware/install/boost_io_context:/opt/ros/humble LD_LIBRARY_PATH=/home/zhijie/autoware/install/boost_io_context/lib:${LD_LIBRARY_PATH} /usr/bin/cmake --install /home/zhijie/autoware/build/boost_serial_driver
[63.336s] -- Install configuration: "Release"
[63.336s] -- Execute custom install script
[63.336s] -- Up-to-date symlink: /home/zhijie/autoware/install/boost_serial_driver/lib/boost_serial_driver/serial_bridge
[63.336s] -- Up-to-date symlink: /home/zhijie/autoware/install/boost_serial_driver/include/boost_serial_driver/serial_bridge_node.hpp
[63.337s] -- Up-to-date symlink: /home/zhijie/autoware/install/boost_serial_driver/include/boost_serial_driver/serial_driver.hpp
[63.337s] -- Up-to-date symlink: /home/zhijie/autoware/install/boost_serial_driver/include/boost_serial_driver/serial_port.hpp
[63.337s] -- Up-to-date symlink: /home/zhijie/autoware/install/boost_serial_driver/include/boost_serial_driver/visibility_control.hpp
[63.337s] -- Up-to-date symlink: /home/zhijie/autoware/install/boost_serial_driver/share/boost_serial_driver/environment/library_path.sh
[63.337s] -- Up-to-date symlink: /home/zhijie/autoware/install/boost_serial_driver/share/boost_serial_driver/environment/library_path.dsv
[63.338s] -- Up-to-date symlink: /home/zhijie/autoware/install/boost_serial_driver/lib/libboost_serial_driver.so
[63.338s] -- Up-to-date symlink: /home/zhijie/autoware/install/boost_serial_driver/lib/libboost_serial_driver_nodes.so
[63.338s] -- Up-to-date symlink: /home/zhijie/autoware/install/boost_serial_driver/share/boost_serial_driver/launch/serial_driver_bridge_node.launch.py
[63.338s] -- Up-to-date symlink: /home/zhijie/autoware/install/boost_serial_driver/share/boost_serial_driver/params/example.params.yaml
[63.339s] -- Up-to-date symlink: /home/zhijie/autoware/install/boost_serial_driver/share/ament_index/resource_index/package_run_dependencies/boost_serial_driver
[63.339s] -- Up-to-date symlink: /home/zhijie/autoware/install/boost_serial_driver/share/ament_index/resource_index/parent_prefix_path/boost_serial_driver
[63.339s] -- Up-to-date symlink: /home/zhijie/autoware/install/boost_serial_driver/share/boost_serial_driver/environment/ament_prefix_path.sh
[63.340s] -- Up-to-date symlink: /home/zhijie/autoware/install/boost_serial_driver/share/boost_serial_driver/environment/ament_prefix_path.dsv
[63.340s] -- Up-to-date symlink: /home/zhijie/autoware/install/boost_serial_driver/share/boost_serial_driver/environment/path.sh
[63.343s] -- Up-to-date symlink: /home/zhijie/autoware/install/boost_serial_driver/share/boost_serial_driver/environment/path.dsv
[63.344s] -- Up-to-date symlink: /home/zhijie/autoware/install/boost_serial_driver/share/boost_serial_driver/local_setup.bash
[63.344s] -- Up-to-date symlink: /home/zhijie/autoware/install/boost_serial_driver/share/boost_serial_driver/local_setup.sh
[63.344s] -- Up-to-date symlink: /home/zhijie/autoware/install/boost_serial_driver/share/boost_serial_driver/local_setup.zsh
[63.344s] -- Up-to-date symlink: /home/zhijie/autoware/install/boost_serial_driver/share/boost_serial_driver/local_setup.dsv
[63.344s] -- Symlinking: /home/zhijie/autoware/install/boost_serial_driver/share/boost_serial_driver/package.dsv
[63.344s] -- Up-to-date symlink: /home/zhijie/autoware/install/boost_serial_driver/share/ament_index/resource_index/packages/boost_serial_driver
[63.344s] -- Up-to-date symlink: /home/zhijie/autoware/install/boost_serial_driver/share/ament_index/resource_index/rclcpp_components/boost_serial_driver
[63.344s] -- Up-to-date symlink: /home/zhijie/autoware/install/boost_serial_driver/share/boost_serial_driver/cmake/ament_cmake_export_dependencies-extras.cmake
[63.344s] -- Up-to-date symlink: /home/zhijie/autoware/install/boost_serial_driver/share/boost_serial_driver/cmake/ament_cmake_export_include_directories-extras.cmake
[63.344s] -- Up-to-date symlink: /home/zhijie/autoware/install/boost_serial_driver/share/boost_serial_driver/cmake/ament_cmake_export_libraries-extras.cmake
[63.345s] -- Up-to-date symlink: /home/zhijie/autoware/install/boost_serial_driver/share/boost_serial_driver/cmake/boost_serial_driverConfig.cmake
[63.345s] -- Up-to-date symlink: /home/zhijie/autoware/install/boost_serial_driver/share/boost_serial_driver/cmake/boost_serial_driverConfig-version.cmake
[63.345s] -- Up-to-date symlink: /home/zhijie/autoware/install/boost_serial_driver/share/boost_serial_driver/package.xml
[63.521s] Invoked command in '/home/zhijie/autoware/build/boost_serial_driver' returned '0': AMENT_PREFIX_PATH=/home/zhijie/autoware/install/boost_io_context:${AMENT_PREFIX_PATH} CMAKE_PREFIX_PATH=/home/zhijie/autoware/install/boost_io_context:/opt/ros/humble LD_LIBRARY_PATH=/home/zhijie/autoware/install/boost_io_context/lib:${LD_LIBRARY_PATH} /usr/bin/cmake --install /home/zhijie/autoware/build/boost_serial_driver
