[0.024s] Invoking command in '/home/zhijie/autoware/build/mcity_terasim': AMENT_PREFIX_PATH=/home/zhijie/autoware/install/dummy_perception_publisher:/home/zhijie/autoware/install/tier4_autoware_utils:/home/zhijie/autoware/install/tier4_perception_msgs:/home/zhijie/autoware/install/autoware_auto_vehicle_msgs:/home/zhijie/autoware/install/tier4_system_msgs:/home/zhijie/autoware/install/autoware_cmake:/home/zhijie/autoware/install/autoware_auto_planning_msgs:/home/zhijie/autoware/install/autoware_auto_perception_msgs:/home/zhijie/autoware/install/tier4_debug_msgs:/home/zhijie/autoware/install/autoware_perception_msgs:/home/zhijie/autoware/install/autoware_lint_common:/home/zhijie/autoware/install/autoware_common_msgs:/home/zhijie/autoware/install/autoware_auto_system_msgs:/home/zhijie/autoware/install/autoware_auto_mapping_msgs:/home/zhijie/autoware/install/autoware_auto_geometry_msgs:/home/zhijie/autoware/install/autoware_adapi_v1_msgs:${AMENT_PREFIX_PATH} CMAKE_PREFIX_PATH=/home/zhijie/autoware/install/dummy_perception_publisher:/home/zhijie/autoware/install/tier4_autoware_utils:/home/zhijie/autoware/install/tier4_perception_msgs:/home/zhijie/autoware/install/autoware_auto_vehicle_msgs:/home/zhijie/autoware/install/tier4_system_msgs:/home/zhijie/autoware/install/autoware_cmake:/home/zhijie/autoware/install/autoware_auto_planning_msgs:/home/zhijie/autoware/install/autoware_auto_perception_msgs:/home/zhijie/autoware/install/tier4_debug_msgs:/home/zhijie/autoware/install/autoware_perception_msgs:/home/zhijie/autoware/install/autoware_lint_common:/home/zhijie/autoware/install/autoware_common_msgs:/home/zhijie/autoware/install/autoware_auto_system_msgs:/home/zhijie/autoware/install/autoware_auto_mapping_msgs:/home/zhijie/autoware/install/autoware_auto_geometry_msgs:/home/zhijie/autoware/install/autoware_adapi_v1_msgs:/opt/ros/humble LD_LIBRARY_PATH=/home/zhijie/autoware/install/dummy_perception_publisher/lib:/home/zhijie/autoware/install/tier4_autoware_utils/lib:/home/zhijie/autoware/install/tier4_perception_msgs/lib:/home/zhijie/autoware/install/autoware_auto_vehicle_msgs/lib:/home/zhijie/autoware/install/tier4_system_msgs/lib:/home/zhijie/autoware/install/autoware_auto_planning_msgs/lib:/home/zhijie/autoware/install/autoware_auto_perception_msgs/lib:/home/zhijie/autoware/install/tier4_debug_msgs/lib:/home/zhijie/autoware/install/autoware_perception_msgs/lib:/home/zhijie/autoware/install/autoware_common_msgs/lib:/home/zhijie/autoware/install/autoware_auto_system_msgs/lib:/home/zhijie/autoware/install/autoware_auto_mapping_msgs/lib:/home/zhijie/autoware/install/autoware_auto_geometry_msgs/lib:/home/zhijie/autoware/install/autoware_adapi_v1_msgs/lib:${LD_LIBRARY_PATH} PYTHONPATH=/home/zhijie/autoware/install/dummy_perception_publisher/local/lib/python3.10/dist-packages:/home/zhijie/autoware/install/tier4_perception_msgs/local/lib/python3.10/dist-packages:/home/zhijie/autoware/install/autoware_auto_vehicle_msgs/local/lib/python3.10/dist-packages:/home/zhijie/autoware/install/tier4_system_msgs/local/lib/python3.10/dist-packages:/home/zhijie/autoware/install/autoware_auto_planning_msgs/local/lib/python3.10/dist-packages:/home/zhijie/autoware/install/autoware_auto_perception_msgs/local/lib/python3.10/dist-packages:/home/zhijie/autoware/install/tier4_debug_msgs/local/lib/python3.10/dist-packages:/home/zhijie/autoware/install/autoware_perception_msgs/local/lib/python3.10/dist-packages:/home/zhijie/autoware/install/autoware_common_msgs/local/lib/python3.10/dist-packages:/home/zhijie/autoware/install/autoware_auto_system_msgs/local/lib/python3.10/dist-packages:/home/zhijie/autoware/install/autoware_auto_mapping_msgs/local/lib/python3.10/dist-packages:/home/zhijie/autoware/install/autoware_auto_geometry_msgs/local/lib/python3.10/dist-packages:/home/zhijie/autoware/install/autoware_adapi_v1_msgs/local/lib/python3.10/dist-packages:${PYTHONPATH} /usr/bin/cmake --build /home/zhijie/autoware/build/mcity_terasim -- -j16 -l16
[0.068s] [ 32%] Built target traffic_signal_control
[0.068s] [ 32%] Built target cav_context_replay
[0.068s] [ 35%] Built target gnss_to_pose_twist
[0.068s] [ 35%] Built target sumo_autoware_cosim
[0.068s] [ 35%] Built target traffic_signal_control_component
[0.068s] [ 42%] Built target cav_info_converter
[0.068s] [ 50%] Built target cav_context_converter
[0.072s] [ 57%] Built target gnss_to_dummy_pose_twist
[0.087s] [ 64%] Built target cav_info_converter_component
[0.097s] [35m[1mConsolidate compiler generated dependencies of target cav_context_converter_component[0m
[0.114s] [ 67%] [32mBuilding CXX object CMakeFiles/cav_context_converter_component.dir/src/cav_context_converter.cpp.o[0m
[5.156s] [ 71%] [32m[1mLinking CXX shared library libcav_context_converter_component.so[0m
[5.412s] [ 71%] Built target cav_context_converter_component
[5.431s] [ 75%] [32m[1mLinking CXX shared library libcav_context_replay_component.so[0m
[5.560s] [ 78%] Built target cav_context_replay_component
[5.580s] [ 82%] [32m[1mLinking CXX shared library libsumo_autoware_cosim_component.so[0m
[6.094s] [ 85%] Built target sumo_autoware_cosim_component
[6.113s] [ 89%] [32m[1mLinking CXX shared library libgnss_to_pose_twist_component.so[0m
[6.798s] [ 92%] Built target gnss_to_pose_twist_component
[6.816s] [ 96%] [32m[1mLinking CXX shared library libgnss_to_dummy_pose_twist_component.so[0m
[7.577s] [100%] Built target gnss_to_dummy_pose_twist_component
[7.585s] Invoked command in '/home/zhijie/autoware/build/mcity_terasim' returned '0': AMENT_PREFIX_PATH=/home/zhijie/autoware/install/dummy_perception_publisher:/home/zhijie/autoware/install/tier4_autoware_utils:/home/zhijie/autoware/install/tier4_perception_msgs:/home/zhijie/autoware/install/autoware_auto_vehicle_msgs:/home/zhijie/autoware/install/tier4_system_msgs:/home/zhijie/autoware/install/autoware_cmake:/home/zhijie/autoware/install/autoware_auto_planning_msgs:/home/zhijie/autoware/install/autoware_auto_perception_msgs:/home/zhijie/autoware/install/tier4_debug_msgs:/home/zhijie/autoware/install/autoware_perception_msgs:/home/zhijie/autoware/install/autoware_lint_common:/home/zhijie/autoware/install/autoware_common_msgs:/home/zhijie/autoware/install/autoware_auto_system_msgs:/home/zhijie/autoware/install/autoware_auto_mapping_msgs:/home/zhijie/autoware/install/autoware_auto_geometry_msgs:/home/zhijie/autoware/install/autoware_adapi_v1_msgs:${AMENT_PREFIX_PATH} CMAKE_PREFIX_PATH=/home/zhijie/autoware/install/dummy_perception_publisher:/home/zhijie/autoware/install/tier4_autoware_utils:/home/zhijie/autoware/install/tier4_perception_msgs:/home/zhijie/autoware/install/autoware_auto_vehicle_msgs:/home/zhijie/autoware/install/tier4_system_msgs:/home/zhijie/autoware/install/autoware_cmake:/home/zhijie/autoware/install/autoware_auto_planning_msgs:/home/zhijie/autoware/install/autoware_auto_perception_msgs:/home/zhijie/autoware/install/tier4_debug_msgs:/home/zhijie/autoware/install/autoware_perception_msgs:/home/zhijie/autoware/install/autoware_lint_common:/home/zhijie/autoware/install/autoware_common_msgs:/home/zhijie/autoware/install/autoware_auto_system_msgs:/home/zhijie/autoware/install/autoware_auto_mapping_msgs:/home/zhijie/autoware/install/autoware_auto_geometry_msgs:/home/zhijie/autoware/install/autoware_adapi_v1_msgs:/opt/ros/humble LD_LIBRARY_PATH=/home/zhijie/autoware/install/dummy_perception_publisher/lib:/home/zhijie/autoware/install/tier4_autoware_utils/lib:/home/zhijie/autoware/install/tier4_perception_msgs/lib:/home/zhijie/autoware/install/autoware_auto_vehicle_msgs/lib:/home/zhijie/autoware/install/tier4_system_msgs/lib:/home/zhijie/autoware/install/autoware_auto_planning_msgs/lib:/home/zhijie/autoware/install/autoware_auto_perception_msgs/lib:/home/zhijie/autoware/install/tier4_debug_msgs/lib:/home/zhijie/autoware/install/autoware_perception_msgs/lib:/home/zhijie/autoware/install/autoware_common_msgs/lib:/home/zhijie/autoware/install/autoware_auto_system_msgs/lib:/home/zhijie/autoware/install/autoware_auto_mapping_msgs/lib:/home/zhijie/autoware/install/autoware_auto_geometry_msgs/lib:/home/zhijie/autoware/install/autoware_adapi_v1_msgs/lib:${LD_LIBRARY_PATH} PYTHONPATH=/home/zhijie/autoware/install/dummy_perception_publisher/local/lib/python3.10/dist-packages:/home/zhijie/autoware/install/tier4_perception_msgs/local/lib/python3.10/dist-packages:/home/zhijie/autoware/install/autoware_auto_vehicle_msgs/local/lib/python3.10/dist-packages:/home/zhijie/autoware/install/tier4_system_msgs/local/lib/python3.10/dist-packages:/home/zhijie/autoware/install/autoware_auto_planning_msgs/local/lib/python3.10/dist-packages:/home/zhijie/autoware/install/autoware_auto_perception_msgs/local/lib/python3.10/dist-packages:/home/zhijie/autoware/install/tier4_debug_msgs/local/lib/python3.10/dist-packages:/home/zhijie/autoware/install/autoware_perception_msgs/local/lib/python3.10/dist-packages:/home/zhijie/autoware/install/autoware_common_msgs/local/lib/python3.10/dist-packages:/home/zhijie/autoware/install/autoware_auto_system_msgs/local/lib/python3.10/dist-packages:/home/zhijie/autoware/install/autoware_auto_mapping_msgs/local/lib/python3.10/dist-packages:/home/zhijie/autoware/install/autoware_auto_geometry_msgs/local/lib/python3.10/dist-packages:/home/zhijie/autoware/install/autoware_adapi_v1_msgs/local/lib/python3.10/dist-packages:${PYTHONPATH} /usr/bin/cmake --build /home/zhijie/autoware/build/mcity_terasim -- -j16 -l16
[7.625s] Invoking command in '/home/zhijie/autoware/build/mcity_terasim': AMENT_PREFIX_PATH=/home/zhijie/autoware/install/dummy_perception_publisher:/home/zhijie/autoware/install/tier4_autoware_utils:/home/zhijie/autoware/install/tier4_perception_msgs:/home/zhijie/autoware/install/autoware_auto_vehicle_msgs:/home/zhijie/autoware/install/tier4_system_msgs:/home/zhijie/autoware/install/autoware_cmake:/home/zhijie/autoware/install/autoware_auto_planning_msgs:/home/zhijie/autoware/install/autoware_auto_perception_msgs:/home/zhijie/autoware/install/tier4_debug_msgs:/home/zhijie/autoware/install/autoware_perception_msgs:/home/zhijie/autoware/install/autoware_lint_common:/home/zhijie/autoware/install/autoware_common_msgs:/home/zhijie/autoware/install/autoware_auto_system_msgs:/home/zhijie/autoware/install/autoware_auto_mapping_msgs:/home/zhijie/autoware/install/autoware_auto_geometry_msgs:/home/zhijie/autoware/install/autoware_adapi_v1_msgs:${AMENT_PREFIX_PATH} CMAKE_PREFIX_PATH=/home/zhijie/autoware/install/dummy_perception_publisher:/home/zhijie/autoware/install/tier4_autoware_utils:/home/zhijie/autoware/install/tier4_perception_msgs:/home/zhijie/autoware/install/autoware_auto_vehicle_msgs:/home/zhijie/autoware/install/tier4_system_msgs:/home/zhijie/autoware/install/autoware_cmake:/home/zhijie/autoware/install/autoware_auto_planning_msgs:/home/zhijie/autoware/install/autoware_auto_perception_msgs:/home/zhijie/autoware/install/tier4_debug_msgs:/home/zhijie/autoware/install/autoware_perception_msgs:/home/zhijie/autoware/install/autoware_lint_common:/home/zhijie/autoware/install/autoware_common_msgs:/home/zhijie/autoware/install/autoware_auto_system_msgs:/home/zhijie/autoware/install/autoware_auto_mapping_msgs:/home/zhijie/autoware/install/autoware_auto_geometry_msgs:/home/zhijie/autoware/install/autoware_adapi_v1_msgs:/opt/ros/humble LD_LIBRARY_PATH=/home/zhijie/autoware/install/dummy_perception_publisher/lib:/home/zhijie/autoware/install/tier4_autoware_utils/lib:/home/zhijie/autoware/install/tier4_perception_msgs/lib:/home/zhijie/autoware/install/autoware_auto_vehicle_msgs/lib:/home/zhijie/autoware/install/tier4_system_msgs/lib:/home/zhijie/autoware/install/autoware_auto_planning_msgs/lib:/home/zhijie/autoware/install/autoware_auto_perception_msgs/lib:/home/zhijie/autoware/install/tier4_debug_msgs/lib:/home/zhijie/autoware/install/autoware_perception_msgs/lib:/home/zhijie/autoware/install/autoware_common_msgs/lib:/home/zhijie/autoware/install/autoware_auto_system_msgs/lib:/home/zhijie/autoware/install/autoware_auto_mapping_msgs/lib:/home/zhijie/autoware/install/autoware_auto_geometry_msgs/lib:/home/zhijie/autoware/install/autoware_adapi_v1_msgs/lib:${LD_LIBRARY_PATH} PYTHONPATH=/home/zhijie/autoware/install/dummy_perception_publisher/local/lib/python3.10/dist-packages:/home/zhijie/autoware/install/tier4_perception_msgs/local/lib/python3.10/dist-packages:/home/zhijie/autoware/install/autoware_auto_vehicle_msgs/local/lib/python3.10/dist-packages:/home/zhijie/autoware/install/tier4_system_msgs/local/lib/python3.10/dist-packages:/home/zhijie/autoware/install/autoware_auto_planning_msgs/local/lib/python3.10/dist-packages:/home/zhijie/autoware/install/autoware_auto_perception_msgs/local/lib/python3.10/dist-packages:/home/zhijie/autoware/install/tier4_debug_msgs/local/lib/python3.10/dist-packages:/home/zhijie/autoware/install/autoware_perception_msgs/local/lib/python3.10/dist-packages:/home/zhijie/autoware/install/autoware_common_msgs/local/lib/python3.10/dist-packages:/home/zhijie/autoware/install/autoware_auto_system_msgs/local/lib/python3.10/dist-packages:/home/zhijie/autoware/install/autoware_auto_mapping_msgs/local/lib/python3.10/dist-packages:/home/zhijie/autoware/install/autoware_auto_geometry_msgs/local/lib/python3.10/dist-packages:/home/zhijie/autoware/install/autoware_adapi_v1_msgs/local/lib/python3.10/dist-packages:${PYTHONPATH} /usr/bin/cmake --install /home/zhijie/autoware/build/mcity_terasim
[7.631s] -- Install configuration: ""
[7.631s] -- Up-to-date: /home/zhijie/autoware/install/mcity_terasim/lib/mcity_terasim/traffic_signal_control
[7.631s] -- Up-to-date: /home/zhijie/autoware/install/mcity_terasim/lib/mcity_terasim/cav_info_converter
[7.631s] -- Up-to-date: /home/zhijie/autoware/install/mcity_terasim/lib/mcity_terasim/cav_context_converter
[7.631s] -- Up-to-date: /home/zhijie/autoware/install/mcity_terasim/lib/mcity_terasim/cav_context_replay
[7.631s] -- Up-to-date: /home/zhijie/autoware/install/mcity_terasim/lib/mcity_terasim/sumo_autoware_cosim
[7.631s] -- Up-to-date: /home/zhijie/autoware/install/mcity_terasim/lib/mcity_terasim/gnss_to_pose_twist
[7.632s] -- Up-to-date: /home/zhijie/autoware/install/mcity_terasim/lib/mcity_terasim/gnss_to_dummy_pose_twist
[7.632s] -- Up-to-date: /home/zhijie/autoware/install/mcity_terasim/include
[7.632s] -- Up-to-date: /home/zhijie/autoware/install/mcity_terasim/include/cav_context_replay.hpp
[7.632s] -- Up-to-date: /home/zhijie/autoware/install/mcity_terasim/include/gnss_to_pose_twist.hpp
[7.632s] -- Up-to-date: /home/zhijie/autoware/install/mcity_terasim/include/gnss_to_dummy_pose_twist.hpp
[7.632s] -- Up-to-date: /home/zhijie/autoware/install/mcity_terasim/include/traffic_signal_control.hpp
[7.632s] -- Up-to-date: /home/zhijie/autoware/install/mcity_terasim/include/cav_info_converter.hpp
[7.632s] -- Up-to-date: /home/zhijie/autoware/install/mcity_terasim/include/sumo_autoware_cosim.hpp
[7.632s] -- Up-to-date: /home/zhijie/autoware/install/mcity_terasim/include/cav_context_converter.hpp
[7.632s] -- Up-to-date: /home/zhijie/autoware/install/mcity_terasim/share/mcity_terasim/environment/library_path.sh
[7.632s] -- Up-to-date: /home/zhijie/autoware/install/mcity_terasim/share/mcity_terasim/environment/library_path.dsv
[7.632s] -- Up-to-date: /home/zhijie/autoware/install/mcity_terasim/lib/libtraffic_signal_control_component.so
[7.632s] -- Up-to-date: /home/zhijie/autoware/install/mcity_terasim/lib/libcav_info_converter_component.so
[7.633s] -- Installing: /home/zhijie/autoware/install/mcity_terasim/lib/libcav_context_converter_component.so
[7.635s] -- Set runtime path of "/home/zhijie/autoware/install/mcity_terasim/lib/libcav_context_converter_component.so" to ""
[7.635s] -- Installing: /home/zhijie/autoware/install/mcity_terasim/lib/libcav_context_replay_component.so
[7.636s] -- Set runtime path of "/home/zhijie/autoware/install/mcity_terasim/lib/libcav_context_replay_component.so" to ""
[7.636s] -- Installing: /home/zhijie/autoware/install/mcity_terasim/lib/libsumo_autoware_cosim_component.so
[7.644s] -- Set runtime path of "/home/zhijie/autoware/install/mcity_terasim/lib/libsumo_autoware_cosim_component.so" to ""
[7.644s] -- Installing: /home/zhijie/autoware/install/mcity_terasim/lib/libgnss_to_pose_twist_component.so
[7.656s] -- Set runtime path of "/home/zhijie/autoware/install/mcity_terasim/lib/libgnss_to_pose_twist_component.so" to ""
[7.656s] -- Installing: /home/zhijie/autoware/install/mcity_terasim/lib/libgnss_to_dummy_pose_twist_component.so
[7.669s] -- Set runtime path of "/home/zhijie/autoware/install/mcity_terasim/lib/libgnss_to_dummy_pose_twist_component.so" to ""
[7.669s] -- Up-to-date: /home/zhijie/autoware/install/mcity_terasim/share/mcity_terasim/launch
[7.669s] -- Up-to-date: /home/zhijie/autoware/install/mcity_terasim/share/mcity_terasim/launch/cosim.launch.py
[7.669s] -- Up-to-date: /home/zhijie/autoware/install/mcity_terasim/share/mcity_terasim/launch/real.launch.py
[7.669s] -- Up-to-date: /home/zhijie/autoware/install/mcity_terasim/share/mcity_terasim/include
[7.669s] -- Up-to-date: /home/zhijie/autoware/install/mcity_terasim/share/mcity_terasim/include/cav_context_replay.hpp
[7.669s] -- Up-to-date: /home/zhijie/autoware/install/mcity_terasim/share/mcity_terasim/include/gnss_to_pose_twist.hpp
[7.669s] -- Up-to-date: /home/zhijie/autoware/install/mcity_terasim/share/mcity_terasim/include/gnss_to_dummy_pose_twist.hpp
[7.669s] -- Up-to-date: /home/zhijie/autoware/install/mcity_terasim/share/mcity_terasim/include/traffic_signal_control.hpp
[7.669s] -- Up-to-date: /home/zhijie/autoware/install/mcity_terasim/share/mcity_terasim/include/cav_info_converter.hpp
[7.670s] -- Up-to-date: /home/zhijie/autoware/install/mcity_terasim/share/mcity_terasim/include/sumo_autoware_cosim.hpp
[7.670s] -- Up-to-date: /home/zhijie/autoware/install/mcity_terasim/share/mcity_terasim/include/cav_context_converter.hpp
[7.670s] -- Up-to-date: /home/zhijie/autoware/install/mcity_terasim/share/ament_index/resource_index/package_run_dependencies/mcity_terasim
[7.670s] -- Up-to-date: /home/zhijie/autoware/install/mcity_terasim/share/ament_index/resource_index/parent_prefix_path/mcity_terasim
[7.670s] -- Up-to-date: /home/zhijie/autoware/install/mcity_terasim/share/mcity_terasim/environment/ament_prefix_path.sh
[7.670s] -- Up-to-date: /home/zhijie/autoware/install/mcity_terasim/share/mcity_terasim/environment/ament_prefix_path.dsv
[7.670s] -- Up-to-date: /home/zhijie/autoware/install/mcity_terasim/share/mcity_terasim/environment/path.sh
[7.670s] -- Up-to-date: /home/zhijie/autoware/install/mcity_terasim/share/mcity_terasim/environment/path.dsv
[7.670s] -- Up-to-date: /home/zhijie/autoware/install/mcity_terasim/share/mcity_terasim/local_setup.bash
[7.670s] -- Up-to-date: /home/zhijie/autoware/install/mcity_terasim/share/mcity_terasim/local_setup.sh
[7.670s] -- Up-to-date: /home/zhijie/autoware/install/mcity_terasim/share/mcity_terasim/local_setup.zsh
[7.670s] -- Up-to-date: /home/zhijie/autoware/install/mcity_terasim/share/mcity_terasim/local_setup.dsv
[7.670s] -- Installing: /home/zhijie/autoware/install/mcity_terasim/share/mcity_terasim/package.dsv
[7.670s] -- Up-to-date: /home/zhijie/autoware/install/mcity_terasim/share/ament_index/resource_index/packages/mcity_terasim
[7.670s] -- Up-to-date: /home/zhijie/autoware/install/mcity_terasim/share/ament_index/resource_index/rclcpp_components/mcity_terasim
[7.670s] -- Up-to-date: /home/zhijie/autoware/install/mcity_terasim/share/mcity_terasim/cmake/ament_cmake_export_dependencies-extras.cmake
[7.670s] -- Up-to-date: /home/zhijie/autoware/install/mcity_terasim/share/mcity_terasim/cmake/ament_cmake_export_include_directories-extras.cmake
[7.670s] -- Up-to-date: /home/zhijie/autoware/install/mcity_terasim/share/mcity_terasim/cmake/ament_cmake_export_libraries-extras.cmake
[7.671s] -- Up-to-date: /home/zhijie/autoware/install/mcity_terasim/share/mcity_terasim/cmake/mcity_terasimConfig.cmake
[7.671s] -- Up-to-date: /home/zhijie/autoware/install/mcity_terasim/share/mcity_terasim/cmake/mcity_terasimConfig-version.cmake
[7.671s] -- Up-to-date: /home/zhijie/autoware/install/mcity_terasim/share/mcity_terasim/package.xml
[7.672s] Invoked command in '/home/zhijie/autoware/build/mcity_terasim' returned '0': AMENT_PREFIX_PATH=/home/zhijie/autoware/install/dummy_perception_publisher:/home/zhijie/autoware/install/tier4_autoware_utils:/home/zhijie/autoware/install/tier4_perception_msgs:/home/zhijie/autoware/install/autoware_auto_vehicle_msgs:/home/zhijie/autoware/install/tier4_system_msgs:/home/zhijie/autoware/install/autoware_cmake:/home/zhijie/autoware/install/autoware_auto_planning_msgs:/home/zhijie/autoware/install/autoware_auto_perception_msgs:/home/zhijie/autoware/install/tier4_debug_msgs:/home/zhijie/autoware/install/autoware_perception_msgs:/home/zhijie/autoware/install/autoware_lint_common:/home/zhijie/autoware/install/autoware_common_msgs:/home/zhijie/autoware/install/autoware_auto_system_msgs:/home/zhijie/autoware/install/autoware_auto_mapping_msgs:/home/zhijie/autoware/install/autoware_auto_geometry_msgs:/home/zhijie/autoware/install/autoware_adapi_v1_msgs:${AMENT_PREFIX_PATH} CMAKE_PREFIX_PATH=/home/zhijie/autoware/install/dummy_perception_publisher:/home/zhijie/autoware/install/tier4_autoware_utils:/home/zhijie/autoware/install/tier4_perception_msgs:/home/zhijie/autoware/install/autoware_auto_vehicle_msgs:/home/zhijie/autoware/install/tier4_system_msgs:/home/zhijie/autoware/install/autoware_cmake:/home/zhijie/autoware/install/autoware_auto_planning_msgs:/home/zhijie/autoware/install/autoware_auto_perception_msgs:/home/zhijie/autoware/install/tier4_debug_msgs:/home/zhijie/autoware/install/autoware_perception_msgs:/home/zhijie/autoware/install/autoware_lint_common:/home/zhijie/autoware/install/autoware_common_msgs:/home/zhijie/autoware/install/autoware_auto_system_msgs:/home/zhijie/autoware/install/autoware_auto_mapping_msgs:/home/zhijie/autoware/install/autoware_auto_geometry_msgs:/home/zhijie/autoware/install/autoware_adapi_v1_msgs:/opt/ros/humble LD_LIBRARY_PATH=/home/zhijie/autoware/install/dummy_perception_publisher/lib:/home/zhijie/autoware/install/tier4_autoware_utils/lib:/home/zhijie/autoware/install/tier4_perception_msgs/lib:/home/zhijie/autoware/install/autoware_auto_vehicle_msgs/lib:/home/zhijie/autoware/install/tier4_system_msgs/lib:/home/zhijie/autoware/install/autoware_auto_planning_msgs/lib:/home/zhijie/autoware/install/autoware_auto_perception_msgs/lib:/home/zhijie/autoware/install/tier4_debug_msgs/lib:/home/zhijie/autoware/install/autoware_perception_msgs/lib:/home/zhijie/autoware/install/autoware_common_msgs/lib:/home/zhijie/autoware/install/autoware_auto_system_msgs/lib:/home/zhijie/autoware/install/autoware_auto_mapping_msgs/lib:/home/zhijie/autoware/install/autoware_auto_geometry_msgs/lib:/home/zhijie/autoware/install/autoware_adapi_v1_msgs/lib:${LD_LIBRARY_PATH} PYTHONPATH=/home/zhijie/autoware/install/dummy_perception_publisher/local/lib/python3.10/dist-packages:/home/zhijie/autoware/install/tier4_perception_msgs/local/lib/python3.10/dist-packages:/home/zhijie/autoware/install/autoware_auto_vehicle_msgs/local/lib/python3.10/dist-packages:/home/zhijie/autoware/install/tier4_system_msgs/local/lib/python3.10/dist-packages:/home/zhijie/autoware/install/autoware_auto_planning_msgs/local/lib/python3.10/dist-packages:/home/zhijie/autoware/install/autoware_auto_perception_msgs/local/lib/python3.10/dist-packages:/home/zhijie/autoware/install/tier4_debug_msgs/local/lib/python3.10/dist-packages:/home/zhijie/autoware/install/autoware_perception_msgs/local/lib/python3.10/dist-packages:/home/zhijie/autoware/install/autoware_common_msgs/local/lib/python3.10/dist-packages:/home/zhijie/autoware/install/autoware_auto_system_msgs/local/lib/python3.10/dist-packages:/home/zhijie/autoware/install/autoware_auto_mapping_msgs/local/lib/python3.10/dist-packages:/home/zhijie/autoware/install/autoware_auto_geometry_msgs/local/lib/python3.10/dist-packages:/home/zhijie/autoware/install/autoware_adapi_v1_msgs/local/lib/python3.10/dist-packages:${PYTHONPATH} /usr/bin/cmake --install /home/zhijie/autoware/build/mcity_terasim
