[0.026s] Invoking command in '/home/zhijie/autoware/build/abc_terasim': AMENT_PREFIX_PATH=/home/zhijie/autoware/install/dummy_perception_publisher:/home/zhijie/autoware/install/tier4_autoware_utils:/home/zhijie/autoware/install/tier4_perception_msgs:/home/zhijie/autoware/install/autoware_auto_vehicle_msgs:/home/zhijie/autoware/install/tier4_system_msgs:/home/zhijie/autoware/install/autoware_cmake:/home/zhijie/autoware/install/autoware_auto_planning_msgs:/home/zhijie/autoware/install/autoware_auto_perception_msgs:/home/zhijie/autoware/install/tier4_debug_msgs:/home/zhijie/autoware/install/autoware_perception_msgs:/home/zhijie/autoware/install/autoware_lint_common:/home/zhijie/autoware/install/autoware_common_msgs:/home/zhijie/autoware/install/autoware_auto_system_msgs:/home/zhijie/autoware/install/autoware_auto_mapping_msgs:/home/zhijie/autoware/install/autoware_auto_geometry_msgs:/home/zhijie/autoware/install/autoware_adapi_v1_msgs:${AMENT_PREFIX_PATH} CMAKE_PREFIX_PATH=/home/zhijie/autoware/install/dummy_perception_publisher:/home/zhijie/autoware/install/tier4_autoware_utils:/home/zhijie/autoware/install/tier4_perception_msgs:/home/zhijie/autoware/install/autoware_auto_vehicle_msgs:/home/zhijie/autoware/install/tier4_system_msgs:/home/zhijie/autoware/install/autoware_cmake:/home/zhijie/autoware/install/autoware_auto_planning_msgs:/home/zhijie/autoware/install/autoware_auto_perception_msgs:/home/zhijie/autoware/install/tier4_debug_msgs:/home/zhijie/autoware/install/autoware_perception_msgs:/home/zhijie/autoware/install/autoware_lint_common:/home/zhijie/autoware/install/autoware_common_msgs:/home/zhijie/autoware/install/autoware_auto_system_msgs:/home/zhijie/autoware/install/autoware_auto_mapping_msgs:/home/zhijie/autoware/install/autoware_auto_geometry_msgs:/home/zhijie/autoware/install/autoware_adapi_v1_msgs:/opt/ros/humble LD_LIBRARY_PATH=/home/zhijie/autoware/install/dummy_perception_publisher/lib:/home/zhijie/autoware/install/tier4_autoware_utils/lib:/home/zhijie/autoware/install/tier4_perception_msgs/lib:/home/zhijie/autoware/install/autoware_auto_vehicle_msgs/lib:/home/zhijie/autoware/install/tier4_system_msgs/lib:/home/zhijie/autoware/install/autoware_auto_planning_msgs/lib:/home/zhijie/autoware/install/autoware_auto_perception_msgs/lib:/home/zhijie/autoware/install/tier4_debug_msgs/lib:/home/zhijie/autoware/install/autoware_perception_msgs/lib:/home/zhijie/autoware/install/autoware_common_msgs/lib:/home/zhijie/autoware/install/autoware_auto_system_msgs/lib:/home/zhijie/autoware/install/autoware_auto_mapping_msgs/lib:/home/zhijie/autoware/install/autoware_auto_geometry_msgs/lib:/home/zhijie/autoware/install/autoware_adapi_v1_msgs/lib:${LD_LIBRARY_PATH} PYTHONPATH=/home/zhijie/autoware/install/dummy_perception_publisher/local/lib/python3.10/dist-packages:/home/zhijie/autoware/install/tier4_perception_msgs/local/lib/python3.10/dist-packages:/home/zhijie/autoware/install/autoware_auto_vehicle_msgs/local/lib/python3.10/dist-packages:/home/zhijie/autoware/install/tier4_system_msgs/local/lib/python3.10/dist-packages:/home/zhijie/autoware/install/autoware_auto_planning_msgs/local/lib/python3.10/dist-packages:/home/zhijie/autoware/install/autoware_auto_perception_msgs/local/lib/python3.10/dist-packages:/home/zhijie/autoware/install/tier4_debug_msgs/local/lib/python3.10/dist-packages:/home/zhijie/autoware/install/autoware_perception_msgs/local/lib/python3.10/dist-packages:/home/zhijie/autoware/install/autoware_common_msgs/local/lib/python3.10/dist-packages:/home/zhijie/autoware/install/autoware_auto_system_msgs/local/lib/python3.10/dist-packages:/home/zhijie/autoware/install/autoware_auto_mapping_msgs/local/lib/python3.10/dist-packages:/home/zhijie/autoware/install/autoware_auto_geometry_msgs/local/lib/python3.10/dist-packages:/home/zhijie/autoware/install/autoware_adapi_v1_msgs/local/lib/python3.10/dist-packages:${PYTHONPATH} /usr/bin/cmake --build /home/zhijie/autoware/build/abc_terasim -- -j16 -l16
[0.054s] -- Found autoware_cmake: 0.1.0 (/home/zhijie/autoware/install/autoware_cmake/share/autoware_cmake/cmake)
[0.182s] -- Override CMake install command with custom implementation using symlinks instead of copying resources
[0.284s] -- Found rosidl_generator_c: 3.1.5 (/opt/ros/humble/share/rosidl_generator_c/cmake)
[0.287s] -- Found rosidl_adapter: 3.1.5 (/opt/ros/humble/share/rosidl_adapter/cmake)
[0.295s] -- Found rosidl_generator_cpp: 3.1.5 (/opt/ros/humble/share/rosidl_generator_cpp/cmake)
[0.308s] -- Using all available rosidl_typesupport_c: rosidl_typesupport_fastrtps_c;rosidl_typesupport_introspection_c
[0.325s] -- Using all available rosidl_typesupport_cpp: rosidl_typesupport_fastrtps_cpp;rosidl_typesupport_introspection_cpp
[0.445s] -- Found rmw_implementation_cmake: 6.1.1 (/opt/ros/humble/share/rmw_implementation_cmake/cmake)
[0.448s] -- Found rmw_cyclonedds_cpp: 1.3.4 (/opt/ros/humble/share/rmw_cyclonedds_cpp/cmake)
[0.480s] -- Using RMW implementation 'rmw_cyclonedds_cpp' as default
[2.736s] -- Found eigen3_cmake_module: 0.1.1 (/opt/ros/humble/share/eigen3_cmake_module/cmake)
[2.737s] -- Ensuring Eigen3 include directory is part of orocos-kdl CMake target
[3.497s] -- Eigen found (include: /usr/include/eigen3, version: 3.4.0)
[3.527s] -- FLANN found (include: /usr/include, lib: /usr/lib/x86_64-linux-gnu/libflann_cpp.so)
[3.786s] -- OpenNI found (version: 1.5.4.0, include: /usr/include/ni, lib: /usr/lib/libOpenNI.so;libusb::libusb)
[3.790s] -- OpenNI2 found (version: 2.2.0.33, include: /usr/include/openni2, lib: /usr/lib/x86_64-linux-gnu/libOpenNI2.so;libusb::libusb)
[3.901s] -- Eigen found (include: /usr/include/eigen3, version: 3.4.0)
[3.905s] -- OpenNI found (version: 1.5.4.0, include: /usr/include/ni, lib: /usr/lib/libOpenNI.so;libusb::libusb)
[3.910s] -- OpenNI2 found (version: 2.2.0.33, include: /usr/include/openni2, lib: /usr/lib/x86_64-linux-gnu/libOpenNI2.so;libusb::libusb)
[4.018s] -- Found Qhull version 8.0.2
[4.126s] -- OpenNI found (version: 1.5.4.0, include: /usr/include/ni, lib: /usr/lib/libOpenNI.so;libusb::libusb)
[5.886s] -- Found ament_lint_auto: 0.12.8 (/opt/ros/humble/share/ament_lint_auto/cmake)
[5.993s] -- Added test 'copyright' to check source files copyright and LICENSE
[5.994s] -- Added test 'cppcheck' to perform static code analysis on C / C++ code
[5.996s] -- Configured cppcheck include dirs: /home/zhijie/autoware/src/terasim/abc_terasim/include
[5.996s] -- Configured cppcheck exclude dirs and/or files: 
[5.997s] -- Added test 'lint_cmake' to check CMake code style
[5.997s] -- Added test 'xmllint' to check XML markup files
[6.002s] -- Configuring done
[6.138s] -- Generating done
[6.141s] -- Build files have been written to: /home/zhijie/autoware/build/abc_terasim
[6.169s] [35m[1mConsolidate compiler generated dependencies of target 01_lane_change[0m
[6.169s] [35m[1mConsolidate compiler generated dependencies of target abc_context_converter[0m
[6.170s] [35m[1mConsolidate compiler generated dependencies of target test_10[0m
[6.171s] [35m[1mConsolidate compiler generated dependencies of target test_12[0m
[6.171s] [35m[1mConsolidate compiler generated dependencies of target abc_info_converter[0m
[6.171s] [35m[1mConsolidate compiler generated dependencies of target abc_info_converter_component[0m
[6.171s] [35m[1mConsolidate compiler generated dependencies of target test_05[0m
[6.172s] [35m[1mConsolidate compiler generated dependencies of target test_06[0m
[6.172s] [35m[1mConsolidate compiler generated dependencies of target test_11[0m
[6.173s] [35m[1mConsolidate compiler generated dependencies of target test_08[0m
[6.173s] [35m[1mConsolidate compiler generated dependencies of target test_07[0m
[6.173s] [35m[1mConsolidate compiler generated dependencies of target test_09[0m
[6.184s] [  2%] [32mBuilding CXX object CMakeFiles/01_lane_change.dir/rclcpp_components/node_main_01_lane_change.cpp.o[0m
[6.184s] [  6%] Built target test_10
[6.185s] [ 11%] Built target abc_context_converter
[6.189s] [ 15%] Built target abc_info_converter
[6.189s] [ 20%] Built target test_08
[6.190s] [ 25%] Built target test_07
[6.190s] [ 31%] Built target test_09
[6.190s] [ 34%] Built target test_12
[6.191s] [ 38%] Built target test_05
[6.191s] [ 43%] Built target test_11
[6.191s] [ 47%] Built target test_06
[6.192s] [ 52%] Built target abc_info_converter_component
[6.202s] [35m[1mConsolidate compiler generated dependencies of target abc_context_converter_component[0m
[6.220s] [ 56%] Built target abc_context_converter_component
[6.228s] [35m[1mConsolidate compiler generated dependencies of target test_01_component[0m
[6.242s] [ 61%] Built target test_01_component
[6.251s] [35m[1mConsolidate compiler generated dependencies of target test_05_component[0m
[6.264s] [ 65%] Built target test_05_component
[6.273s] [35m[1mConsolidate compiler generated dependencies of target test_06_component[0m
[6.286s] [ 70%] Built target test_06_component
[6.295s] [35m[1mConsolidate compiler generated dependencies of target test_07_component[0m
[6.310s] [ 75%] Built target test_07_component
[6.319s] [35m[1mConsolidate compiler generated dependencies of target test_08_component[0m
[6.333s] [ 79%] Built target test_08_component
[6.341s] [35m[1mConsolidate compiler generated dependencies of target test_09_component[0m
[6.355s] [ 84%] Built target test_09_component
[6.364s] [35m[1mConsolidate compiler generated dependencies of target test_10_component[0m
[6.378s] [ 88%] Built target test_10_component
[6.387s] [35m[1mConsolidate compiler generated dependencies of target test_11_component[0m
[6.401s] [ 93%] Built target test_11_component
[6.410s] [35m[1mConsolidate compiler generated dependencies of target test_12_component[0m
[6.424s] [ 97%] Built target test_12_component
[8.621s] [100%] [32m[1mLinking CXX executable 01_lane_change[0m
[8.690s] [100%] Built target 01_lane_change
[8.698s] Invoked command in '/home/zhijie/autoware/build/abc_terasim' returned '0': AMENT_PREFIX_PATH=/home/zhijie/autoware/install/dummy_perception_publisher:/home/zhijie/autoware/install/tier4_autoware_utils:/home/zhijie/autoware/install/tier4_perception_msgs:/home/zhijie/autoware/install/autoware_auto_vehicle_msgs:/home/zhijie/autoware/install/tier4_system_msgs:/home/zhijie/autoware/install/autoware_cmake:/home/zhijie/autoware/install/autoware_auto_planning_msgs:/home/zhijie/autoware/install/autoware_auto_perception_msgs:/home/zhijie/autoware/install/tier4_debug_msgs:/home/zhijie/autoware/install/autoware_perception_msgs:/home/zhijie/autoware/install/autoware_lint_common:/home/zhijie/autoware/install/autoware_common_msgs:/home/zhijie/autoware/install/autoware_auto_system_msgs:/home/zhijie/autoware/install/autoware_auto_mapping_msgs:/home/zhijie/autoware/install/autoware_auto_geometry_msgs:/home/zhijie/autoware/install/autoware_adapi_v1_msgs:${AMENT_PREFIX_PATH} CMAKE_PREFIX_PATH=/home/zhijie/autoware/install/dummy_perception_publisher:/home/zhijie/autoware/install/tier4_autoware_utils:/home/zhijie/autoware/install/tier4_perception_msgs:/home/zhijie/autoware/install/autoware_auto_vehicle_msgs:/home/zhijie/autoware/install/tier4_system_msgs:/home/zhijie/autoware/install/autoware_cmake:/home/zhijie/autoware/install/autoware_auto_planning_msgs:/home/zhijie/autoware/install/autoware_auto_perception_msgs:/home/zhijie/autoware/install/tier4_debug_msgs:/home/zhijie/autoware/install/autoware_perception_msgs:/home/zhijie/autoware/install/autoware_lint_common:/home/zhijie/autoware/install/autoware_common_msgs:/home/zhijie/autoware/install/autoware_auto_system_msgs:/home/zhijie/autoware/install/autoware_auto_mapping_msgs:/home/zhijie/autoware/install/autoware_auto_geometry_msgs:/home/zhijie/autoware/install/autoware_adapi_v1_msgs:/opt/ros/humble LD_LIBRARY_PATH=/home/zhijie/autoware/install/dummy_perception_publisher/lib:/home/zhijie/autoware/install/tier4_autoware_utils/lib:/home/zhijie/autoware/install/tier4_perception_msgs/lib:/home/zhijie/autoware/install/autoware_auto_vehicle_msgs/lib:/home/zhijie/autoware/install/tier4_system_msgs/lib:/home/zhijie/autoware/install/autoware_auto_planning_msgs/lib:/home/zhijie/autoware/install/autoware_auto_perception_msgs/lib:/home/zhijie/autoware/install/tier4_debug_msgs/lib:/home/zhijie/autoware/install/autoware_perception_msgs/lib:/home/zhijie/autoware/install/autoware_common_msgs/lib:/home/zhijie/autoware/install/autoware_auto_system_msgs/lib:/home/zhijie/autoware/install/autoware_auto_mapping_msgs/lib:/home/zhijie/autoware/install/autoware_auto_geometry_msgs/lib:/home/zhijie/autoware/install/autoware_adapi_v1_msgs/lib:${LD_LIBRARY_PATH} PYTHONPATH=/home/zhijie/autoware/install/dummy_perception_publisher/local/lib/python3.10/dist-packages:/home/zhijie/autoware/install/tier4_perception_msgs/local/lib/python3.10/dist-packages:/home/zhijie/autoware/install/autoware_auto_vehicle_msgs/local/lib/python3.10/dist-packages:/home/zhijie/autoware/install/tier4_system_msgs/local/lib/python3.10/dist-packages:/home/zhijie/autoware/install/autoware_auto_planning_msgs/local/lib/python3.10/dist-packages:/home/zhijie/autoware/install/autoware_auto_perception_msgs/local/lib/python3.10/dist-packages:/home/zhijie/autoware/install/tier4_debug_msgs/local/lib/python3.10/dist-packages:/home/zhijie/autoware/install/autoware_perception_msgs/local/lib/python3.10/dist-packages:/home/zhijie/autoware/install/autoware_common_msgs/local/lib/python3.10/dist-packages:/home/zhijie/autoware/install/autoware_auto_system_msgs/local/lib/python3.10/dist-packages:/home/zhijie/autoware/install/autoware_auto_mapping_msgs/local/lib/python3.10/dist-packages:/home/zhijie/autoware/install/autoware_auto_geometry_msgs/local/lib/python3.10/dist-packages:/home/zhijie/autoware/install/autoware_adapi_v1_msgs/local/lib/python3.10/dist-packages:${PYTHONPATH} /usr/bin/cmake --build /home/zhijie/autoware/build/abc_terasim -- -j16 -l16
[8.753s] Invoking command in '/home/zhijie/autoware/build/abc_terasim': AMENT_PREFIX_PATH=/home/zhijie/autoware/install/dummy_perception_publisher:/home/zhijie/autoware/install/tier4_autoware_utils:/home/zhijie/autoware/install/tier4_perception_msgs:/home/zhijie/autoware/install/autoware_auto_vehicle_msgs:/home/zhijie/autoware/install/tier4_system_msgs:/home/zhijie/autoware/install/autoware_cmake:/home/zhijie/autoware/install/autoware_auto_planning_msgs:/home/zhijie/autoware/install/autoware_auto_perception_msgs:/home/zhijie/autoware/install/tier4_debug_msgs:/home/zhijie/autoware/install/autoware_perception_msgs:/home/zhijie/autoware/install/autoware_lint_common:/home/zhijie/autoware/install/autoware_common_msgs:/home/zhijie/autoware/install/autoware_auto_system_msgs:/home/zhijie/autoware/install/autoware_auto_mapping_msgs:/home/zhijie/autoware/install/autoware_auto_geometry_msgs:/home/zhijie/autoware/install/autoware_adapi_v1_msgs:${AMENT_PREFIX_PATH} CMAKE_PREFIX_PATH=/home/zhijie/autoware/install/dummy_perception_publisher:/home/zhijie/autoware/install/tier4_autoware_utils:/home/zhijie/autoware/install/tier4_perception_msgs:/home/zhijie/autoware/install/autoware_auto_vehicle_msgs:/home/zhijie/autoware/install/tier4_system_msgs:/home/zhijie/autoware/install/autoware_cmake:/home/zhijie/autoware/install/autoware_auto_planning_msgs:/home/zhijie/autoware/install/autoware_auto_perception_msgs:/home/zhijie/autoware/install/tier4_debug_msgs:/home/zhijie/autoware/install/autoware_perception_msgs:/home/zhijie/autoware/install/autoware_lint_common:/home/zhijie/autoware/install/autoware_common_msgs:/home/zhijie/autoware/install/autoware_auto_system_msgs:/home/zhijie/autoware/install/autoware_auto_mapping_msgs:/home/zhijie/autoware/install/autoware_auto_geometry_msgs:/home/zhijie/autoware/install/autoware_adapi_v1_msgs:/opt/ros/humble LD_LIBRARY_PATH=/home/zhijie/autoware/install/dummy_perception_publisher/lib:/home/zhijie/autoware/install/tier4_autoware_utils/lib:/home/zhijie/autoware/install/tier4_perception_msgs/lib:/home/zhijie/autoware/install/autoware_auto_vehicle_msgs/lib:/home/zhijie/autoware/install/tier4_system_msgs/lib:/home/zhijie/autoware/install/autoware_auto_planning_msgs/lib:/home/zhijie/autoware/install/autoware_auto_perception_msgs/lib:/home/zhijie/autoware/install/tier4_debug_msgs/lib:/home/zhijie/autoware/install/autoware_perception_msgs/lib:/home/zhijie/autoware/install/autoware_common_msgs/lib:/home/zhijie/autoware/install/autoware_auto_system_msgs/lib:/home/zhijie/autoware/install/autoware_auto_mapping_msgs/lib:/home/zhijie/autoware/install/autoware_auto_geometry_msgs/lib:/home/zhijie/autoware/install/autoware_adapi_v1_msgs/lib:${LD_LIBRARY_PATH} PYTHONPATH=/home/zhijie/autoware/install/dummy_perception_publisher/local/lib/python3.10/dist-packages:/home/zhijie/autoware/install/tier4_perception_msgs/local/lib/python3.10/dist-packages:/home/zhijie/autoware/install/autoware_auto_vehicle_msgs/local/lib/python3.10/dist-packages:/home/zhijie/autoware/install/tier4_system_msgs/local/lib/python3.10/dist-packages:/home/zhijie/autoware/install/autoware_auto_planning_msgs/local/lib/python3.10/dist-packages:/home/zhijie/autoware/install/autoware_auto_perception_msgs/local/lib/python3.10/dist-packages:/home/zhijie/autoware/install/tier4_debug_msgs/local/lib/python3.10/dist-packages:/home/zhijie/autoware/install/autoware_perception_msgs/local/lib/python3.10/dist-packages:/home/zhijie/autoware/install/autoware_common_msgs/local/lib/python3.10/dist-packages:/home/zhijie/autoware/install/autoware_auto_system_msgs/local/lib/python3.10/dist-packages:/home/zhijie/autoware/install/autoware_auto_mapping_msgs/local/lib/python3.10/dist-packages:/home/zhijie/autoware/install/autoware_auto_geometry_msgs/local/lib/python3.10/dist-packages:/home/zhijie/autoware/install/autoware_adapi_v1_msgs/local/lib/python3.10/dist-packages:${PYTHONPATH} /usr/bin/cmake --install /home/zhijie/autoware/build/abc_terasim
[8.758s] -- Install configuration: "Release"
[8.758s] -- Execute custom install script
[8.759s] -- Up-to-date symlink: /home/zhijie/autoware/install/abc_terasim/lib/abc_terasim/abc_info_converter
[8.759s] -- Up-to-date symlink: /home/zhijie/autoware/install/abc_terasim/lib/abc_terasim/abc_context_converter
[8.759s] -- Symlinking: /home/zhijie/autoware/install/abc_terasim/lib/abc_terasim/01_lane_change
[8.765s] -- Up-to-date symlink: /home/zhijie/autoware/install/abc_terasim/lib/abc_terasim/test_05
[8.765s] -- Up-to-date symlink: /home/zhijie/autoware/install/abc_terasim/lib/abc_terasim/test_06
[8.765s] -- Up-to-date symlink: /home/zhijie/autoware/install/abc_terasim/lib/abc_terasim/test_07
[8.765s] -- Up-to-date symlink: /home/zhijie/autoware/install/abc_terasim/lib/abc_terasim/test_08
[8.765s] -- Up-to-date symlink: /home/zhijie/autoware/install/abc_terasim/lib/abc_terasim/test_09
[8.765s] -- Up-to-date symlink: /home/zhijie/autoware/install/abc_terasim/lib/abc_terasim/test_10
[8.766s] -- Up-to-date symlink: /home/zhijie/autoware/install/abc_terasim/lib/abc_terasim/test_11
[8.766s] -- Up-to-date symlink: /home/zhijie/autoware/install/abc_terasim/lib/abc_terasim/test_12
[8.766s] -- Up-to-date symlink: /home/zhijie/autoware/install/abc_terasim/include/abc_context_converter.hpp
[8.766s] -- Up-to-date symlink: /home/zhijie/autoware/install/abc_terasim/include/abc_info_converter.hpp
[8.766s] -- Up-to-date symlink: /home/zhijie/autoware/install/abc_terasim/include/test_01.hpp
[8.766s] -- Up-to-date symlink: /home/zhijie/autoware/install/abc_terasim/include/test_05.hpp
[8.766s] -- Up-to-date symlink: /home/zhijie/autoware/install/abc_terasim/include/test_06.hpp
[8.766s] -- Up-to-date symlink: /home/zhijie/autoware/install/abc_terasim/include/test_07.hpp
[8.766s] -- Up-to-date symlink: /home/zhijie/autoware/install/abc_terasim/include/test_08.hpp
[8.766s] -- Up-to-date symlink: /home/zhijie/autoware/install/abc_terasim/include/test_09.hpp
[8.767s] -- Up-to-date symlink: /home/zhijie/autoware/install/abc_terasim/include/test_10.hpp
[8.767s] -- Up-to-date symlink: /home/zhijie/autoware/install/abc_terasim/include/test_11.hpp
[8.767s] -- Up-to-date symlink: /home/zhijie/autoware/install/abc_terasim/include/test_12.hpp
[8.767s] -- Up-to-date symlink: /home/zhijie/autoware/install/abc_terasim/share/abc_terasim/environment/library_path.sh
[8.767s] -- Up-to-date symlink: /home/zhijie/autoware/install/abc_terasim/share/abc_terasim/environment/library_path.dsv
[8.767s] -- Up-to-date symlink: /home/zhijie/autoware/install/abc_terasim/lib/libabc_info_converter_component.so
[8.767s] -- Up-to-date symlink: /home/zhijie/autoware/install/abc_terasim/lib/libabc_context_converter_component.so
[8.767s] -- Up-to-date symlink: /home/zhijie/autoware/install/abc_terasim/lib/libtest_01_component.so
[8.767s] -- Up-to-date symlink: /home/zhijie/autoware/install/abc_terasim/lib/libtest_05_component.so
[8.767s] -- Up-to-date symlink: /home/zhijie/autoware/install/abc_terasim/lib/libtest_06_component.so
[8.768s] -- Up-to-date symlink: /home/zhijie/autoware/install/abc_terasim/lib/libtest_07_component.so
[8.768s] -- Up-to-date symlink: /home/zhijie/autoware/install/abc_terasim/lib/libtest_08_component.so
[8.768s] -- Up-to-date symlink: /home/zhijie/autoware/install/abc_terasim/lib/libtest_09_component.so
[8.768s] -- Up-to-date symlink: /home/zhijie/autoware/install/abc_terasim/lib/libtest_10_component.so
[8.768s] -- Up-to-date symlink: /home/zhijie/autoware/install/abc_terasim/lib/libtest_11_component.so
[8.768s] -- Up-to-date symlink: /home/zhijie/autoware/install/abc_terasim/lib/libtest_12_component.so
[8.768s] -- Up-to-date symlink: /home/zhijie/autoware/install/abc_terasim/share/abc_terasim/launch/abc.launch.py
[8.768s] -- Up-to-date symlink: /home/zhijie/autoware/install/abc_terasim/share/abc_terasim/include/abc_context_converter.hpp
[8.769s] -- Up-to-date symlink: /home/zhijie/autoware/install/abc_terasim/share/abc_terasim/include/abc_info_converter.hpp
[8.769s] -- Up-to-date symlink: /home/zhijie/autoware/install/abc_terasim/share/abc_terasim/include/test_01.hpp
[8.769s] -- Up-to-date symlink: /home/zhijie/autoware/install/abc_terasim/share/abc_terasim/include/test_05.hpp
[8.769s] -- Up-to-date symlink: /home/zhijie/autoware/install/abc_terasim/share/abc_terasim/include/test_06.hpp
[8.769s] -- Up-to-date symlink: /home/zhijie/autoware/install/abc_terasim/share/abc_terasim/include/test_07.hpp
[8.769s] -- Up-to-date symlink: /home/zhijie/autoware/install/abc_terasim/share/abc_terasim/include/test_08.hpp
[8.769s] -- Up-to-date symlink: /home/zhijie/autoware/install/abc_terasim/share/abc_terasim/include/test_09.hpp
[8.769s] -- Up-to-date symlink: /home/zhijie/autoware/install/abc_terasim/share/abc_terasim/include/test_10.hpp
[8.769s] -- Up-to-date symlink: /home/zhijie/autoware/install/abc_terasim/share/abc_terasim/include/test_11.hpp
[8.769s] -- Up-to-date symlink: /home/zhijie/autoware/install/abc_terasim/share/abc_terasim/include/test_12.hpp
[8.769s] -- Up-to-date symlink: /home/zhijie/autoware/install/abc_terasim/share/ament_index/resource_index/package_run_dependencies/abc_terasim
[8.769s] -- Up-to-date symlink: /home/zhijie/autoware/install/abc_terasim/share/ament_index/resource_index/parent_prefix_path/abc_terasim
[8.769s] -- Up-to-date symlink: /home/zhijie/autoware/install/abc_terasim/share/abc_terasim/environment/ament_prefix_path.sh
[8.770s] -- Up-to-date symlink: /home/zhijie/autoware/install/abc_terasim/share/abc_terasim/environment/ament_prefix_path.dsv
[8.770s] -- Up-to-date symlink: /home/zhijie/autoware/install/abc_terasim/share/abc_terasim/environment/path.sh
[8.770s] -- Up-to-date symlink: /home/zhijie/autoware/install/abc_terasim/share/abc_terasim/environment/path.dsv
[8.770s] -- Up-to-date symlink: /home/zhijie/autoware/install/abc_terasim/share/abc_terasim/local_setup.bash
[8.770s] -- Up-to-date symlink: /home/zhijie/autoware/install/abc_terasim/share/abc_terasim/local_setup.sh
[8.770s] -- Up-to-date symlink: /home/zhijie/autoware/install/abc_terasim/share/abc_terasim/local_setup.zsh
[8.770s] -- Up-to-date symlink: /home/zhijie/autoware/install/abc_terasim/share/abc_terasim/local_setup.dsv
[8.770s] -- Symlinking: /home/zhijie/autoware/install/abc_terasim/share/abc_terasim/package.dsv
[8.776s] -- Up-to-date symlink: /home/zhijie/autoware/install/abc_terasim/share/ament_index/resource_index/packages/abc_terasim
[8.776s] -- Up-to-date symlink: /home/zhijie/autoware/install/abc_terasim/share/ament_index/resource_index/rclcpp_components/abc_terasim
[8.777s] -- Up-to-date symlink: /home/zhijie/autoware/install/abc_terasim/share/abc_terasim/cmake/ament_cmake_export_dependencies-extras.cmake
[8.777s] -- Up-to-date symlink: /home/zhijie/autoware/install/abc_terasim/share/abc_terasim/cmake/ament_cmake_export_include_directories-extras.cmake
[8.777s] -- Up-to-date symlink: /home/zhijie/autoware/install/abc_terasim/share/abc_terasim/cmake/ament_cmake_export_libraries-extras.cmake
[8.777s] -- Up-to-date symlink: /home/zhijie/autoware/install/abc_terasim/share/abc_terasim/cmake/abc_terasimConfig.cmake
[8.777s] -- Up-to-date symlink: /home/zhijie/autoware/install/abc_terasim/share/abc_terasim/cmake/abc_terasimConfig-version.cmake
[8.777s] -- Up-to-date symlink: /home/zhijie/autoware/install/abc_terasim/share/abc_terasim/package.xml
[8.779s] Invoked command in '/home/zhijie/autoware/build/abc_terasim' returned '0': AMENT_PREFIX_PATH=/home/zhijie/autoware/install/dummy_perception_publisher:/home/zhijie/autoware/install/tier4_autoware_utils:/home/zhijie/autoware/install/tier4_perception_msgs:/home/zhijie/autoware/install/autoware_auto_vehicle_msgs:/home/zhijie/autoware/install/tier4_system_msgs:/home/zhijie/autoware/install/autoware_cmake:/home/zhijie/autoware/install/autoware_auto_planning_msgs:/home/zhijie/autoware/install/autoware_auto_perception_msgs:/home/zhijie/autoware/install/tier4_debug_msgs:/home/zhijie/autoware/install/autoware_perception_msgs:/home/zhijie/autoware/install/autoware_lint_common:/home/zhijie/autoware/install/autoware_common_msgs:/home/zhijie/autoware/install/autoware_auto_system_msgs:/home/zhijie/autoware/install/autoware_auto_mapping_msgs:/home/zhijie/autoware/install/autoware_auto_geometry_msgs:/home/zhijie/autoware/install/autoware_adapi_v1_msgs:${AMENT_PREFIX_PATH} CMAKE_PREFIX_PATH=/home/zhijie/autoware/install/dummy_perception_publisher:/home/zhijie/autoware/install/tier4_autoware_utils:/home/zhijie/autoware/install/tier4_perception_msgs:/home/zhijie/autoware/install/autoware_auto_vehicle_msgs:/home/zhijie/autoware/install/tier4_system_msgs:/home/zhijie/autoware/install/autoware_cmake:/home/zhijie/autoware/install/autoware_auto_planning_msgs:/home/zhijie/autoware/install/autoware_auto_perception_msgs:/home/zhijie/autoware/install/tier4_debug_msgs:/home/zhijie/autoware/install/autoware_perception_msgs:/home/zhijie/autoware/install/autoware_lint_common:/home/zhijie/autoware/install/autoware_common_msgs:/home/zhijie/autoware/install/autoware_auto_system_msgs:/home/zhijie/autoware/install/autoware_auto_mapping_msgs:/home/zhijie/autoware/install/autoware_auto_geometry_msgs:/home/zhijie/autoware/install/autoware_adapi_v1_msgs:/opt/ros/humble LD_LIBRARY_PATH=/home/zhijie/autoware/install/dummy_perception_publisher/lib:/home/zhijie/autoware/install/tier4_autoware_utils/lib:/home/zhijie/autoware/install/tier4_perception_msgs/lib:/home/zhijie/autoware/install/autoware_auto_vehicle_msgs/lib:/home/zhijie/autoware/install/tier4_system_msgs/lib:/home/zhijie/autoware/install/autoware_auto_planning_msgs/lib:/home/zhijie/autoware/install/autoware_auto_perception_msgs/lib:/home/zhijie/autoware/install/tier4_debug_msgs/lib:/home/zhijie/autoware/install/autoware_perception_msgs/lib:/home/zhijie/autoware/install/autoware_common_msgs/lib:/home/zhijie/autoware/install/autoware_auto_system_msgs/lib:/home/zhijie/autoware/install/autoware_auto_mapping_msgs/lib:/home/zhijie/autoware/install/autoware_auto_geometry_msgs/lib:/home/zhijie/autoware/install/autoware_adapi_v1_msgs/lib:${LD_LIBRARY_PATH} PYTHONPATH=/home/zhijie/autoware/install/dummy_perception_publisher/local/lib/python3.10/dist-packages:/home/zhijie/autoware/install/tier4_perception_msgs/local/lib/python3.10/dist-packages:/home/zhijie/autoware/install/autoware_auto_vehicle_msgs/local/lib/python3.10/dist-packages:/home/zhijie/autoware/install/tier4_system_msgs/local/lib/python3.10/dist-packages:/home/zhijie/autoware/install/autoware_auto_planning_msgs/local/lib/python3.10/dist-packages:/home/zhijie/autoware/install/autoware_auto_perception_msgs/local/lib/python3.10/dist-packages:/home/zhijie/autoware/install/tier4_debug_msgs/local/lib/python3.10/dist-packages:/home/zhijie/autoware/install/autoware_perception_msgs/local/lib/python3.10/dist-packages:/home/zhijie/autoware/install/autoware_common_msgs/local/lib/python3.10/dist-packages:/home/zhijie/autoware/install/autoware_auto_system_msgs/local/lib/python3.10/dist-packages:/home/zhijie/autoware/install/autoware_auto_mapping_msgs/local/lib/python3.10/dist-packages:/home/zhijie/autoware/install/autoware_auto_geometry_msgs/local/lib/python3.10/dist-packages:/home/zhijie/autoware/install/autoware_adapi_v1_msgs/local/lib/python3.10/dist-packages:${PYTHONPATH} /usr/bin/cmake --install /home/zhijie/autoware/build/abc_terasim
