-- Found autoware_cmake: 0.1.0 (/home/zhijie/autoware/install/autoware_cmake/share/autoware_cmake/cmake)
-- Override CMake install command with custom implementation using symlinks instead of copying resources
-- Using all available rosidl_typesupport_c: rosidl_typesupport_fastrtps_c;rosidl_typesupport_introspection_c
-- Found rosidl_adapter: 3.1.5 (/opt/ros/humble/share/rosidl_adapter/cmake)
-- Using all available rosidl_typesupport_cpp: rosidl_typesupport_fastrtps_cpp;rosidl_typesupport_introspection_cpp
-- Found rmw_implementation_cmake: 6.1.1 (/opt/ros/humble/share/rmw_implementation_cmake/cmake)
-- Found rmw_cyclonedds_cpp: 1.3.4 (/opt/ros/humble/share/rmw_cyclonedds_cpp/cmake)
-- Using RMW implementation 'rmw_cyclonedds_cpp' as default
-- Found eigen3_cmake_module: 0.1.1 (/opt/ros/humble/share/eigen3_cmake_module/cmake)
-- Ensuring Eigen3 include directory is part of orocos-kdl CMake target
-- Eigen found (include: /usr/include/eigen3, version: 3.4.0)
-- FLANN found (include: /usr/include, lib: /usr/lib/x86_64-linux-gnu/libflann_cpp.so)
-- OpenNI found (version: 1.5.4.0, include: /usr/include/ni, lib: /usr/lib/libOpenNI.so;libusb::libusb)
-- OpenNI2 found (version: 2.2.0.33, include: /usr/include/openni2, lib: /usr/lib/x86_64-linux-gnu/libOpenNI2.so;libusb::libusb)
-- Eigen found (include: /usr/include/eigen3, version: 3.4.0)
-- OpenNI found (version: 1.5.4.0, include: /usr/include/ni, lib: /usr/lib/libOpenNI.so;libusb::libusb)
-- OpenNI2 found (version: 2.2.0.33, include: /usr/include/openni2, lib: /usr/lib/x86_64-linux-gnu/libOpenNI2.so;libusb::libusb)
-- Found Qhull version 8.0.2
-- OpenNI found (version: 1.5.4.0, include: /usr/include/ni, lib: /usr/lib/libOpenNI.so;libusb::libusb)
-- Found ament_lint_auto: 0.12.8 (/opt/ros/humble/share/ament_lint_auto/cmake)
-- Using all available rosidl_typesupport_c: rosidl_typesupport_fastrtps_c;rosidl_typesupport_introspection_c
-- Using all available rosidl_typesupport_cpp: rosidl_typesupport_fastrtps_cpp;rosidl_typesupport_introspection_cpp
-- Found python_cmake_module: 0.10.0 (/opt/ros/humble/share/python_cmake_module/cmake)
-- Using PYTHON_EXECUTABLE: /usr/bin/python3
-- Using PYTHON_INCLUDE_DIRS: /usr/include/python3.10
-- Using PYTHON_LIBRARIES: /usr/lib/x86_64-linux-gnu/libpython3.10.so
-- Found gtest sources under '/opt/ros/humble/src/gtest_vendor': C++ tests using 'Google Test' will be built
-- Added test 'copyright' to check source files copyright and LICENSE
-- Added test 'cppcheck' to perform static code analysis on C / C++ code
-- Configured cppcheck include dirs: 
-- Configured cppcheck exclude dirs and/or files: 
-- Added test 'lint_cmake' to check CMake code style
-- Added test 'xmllint' to check XML markup files
-- Configuring done
-- Generating done
-- Build files have been written to: /home/zhijie/autoware/build/vehicle_cmd_gate
[  2%] Built target vehicle_cmd_gate__cpp
[35m[1mConsolidate compiler generated dependencies of target gtest[0m
[  4%] [32mBuilding CXX object gtest/CMakeFiles/gtest.dir/src/gtest-all.cc.o[0m
[  6%] [32m[1mLinking CXX static library libgtest.a[0m
[  6%] Built target gtest
[35m[1mConsolidate compiler generated dependencies of target vehicle_cmd_gate__rosidl_typesupport_introspection_cpp[0m
[  8%] [32mBuilding CXX object CMakeFiles/vehicle_cmd_gate__rosidl_typesupport_introspection_cpp.dir/rosidl_typesupport_introspection_cpp/vehicle_cmd_gate/msg/detail/is_filter_activated__type_support.cpp.o[0m
[ 10%] [32m[1mLinking CXX shared library libvehicle_cmd_gate__rosidl_typesupport_introspection_cpp.so[0m
[ 13%] Built target vehicle_cmd_gate__rosidl_typesupport_introspection_cpp
[35m[1mConsolidate compiler generated dependencies of target vehicle_cmd_gate__rosidl_typesupport_fastrtps_cpp[0m
[ 15%] [32mBuilding CXX object CMakeFiles/vehicle_cmd_gate__rosidl_typesupport_fastrtps_cpp.dir/rosidl_typesupport_fastrtps_cpp/vehicle_cmd_gate/msg/detail/dds_fastrtps/is_filter_activated__type_support.cpp.o[0m
[ 17%] [32m[1mLinking CXX shared library libvehicle_cmd_gate__rosidl_typesupport_fastrtps_cpp.so[0m
[ 19%] Built target vehicle_cmd_gate__rosidl_typesupport_fastrtps_cpp
[35m[1mConsolidate compiler generated dependencies of target vehicle_cmd_gate__rosidl_typesupport_cpp[0m
[ 21%] [32mBuilding CXX object CMakeFiles/vehicle_cmd_gate__rosidl_typesupport_cpp.dir/rosidl_typesupport_cpp/vehicle_cmd_gate/msg/is_filter_activated__type_support.cpp.o[0m
[ 23%] [32m[1mLinking CXX shared library libvehicle_cmd_gate__rosidl_typesupport_cpp.so[0m
[ 26%] Built target vehicle_cmd_gate__rosidl_typesupport_cpp
[35m[1mConsolidate compiler generated dependencies of target gtest_main[0m
[ 28%] [32mBuilding CXX object gtest/CMakeFiles/gtest_main.dir/src/gtest_main.cc.o[0m
[ 30%] [32m[1mLinking CXX static library libgtest_main.a[0m
[ 30%] Built target gtest_main
[35m[1mConsolidate compiler generated dependencies of target vehicle_cmd_gate_node[0m
[ 32%] [32mBuilding CXX object CMakeFiles/vehicle_cmd_gate_node.dir/src/vehicle_cmd_gate.cpp.o[0m
[ 34%] [32mBuilding CXX object CMakeFiles/vehicle_cmd_gate_node.dir/src/moderate_stop_interface.cpp.o[0m
[ 36%] [32mBuilding CXX object CMakeFiles/vehicle_cmd_gate_node.dir/src/adapi_pause_interface.cpp.o[0m
[ 39%] [32mBuilding CXX object CMakeFiles/vehicle_cmd_gate_node.dir/src/vehicle_cmd_filter.cpp.o[0m
[ 41%] [32m[1mLinking CXX shared library libvehicle_cmd_gate_node.so[0m
[ 41%] Built target vehicle_cmd_gate_node
[ 41%] Built target ament_cmake_python_symlink_vehicle_cmd_gate
[35m[1mConsolidate compiler generated dependencies of target test_vehicle_cmd_gate[0m
[ 43%] [32mBuilding CXX object CMakeFiles/test_vehicle_cmd_gate.dir/test/src/test_main.cpp.o[0m
[ 45%] [32mBuilding CXX object CMakeFiles/test_vehicle_cmd_gate.dir/test/src/test_filter_in_vehicle_cmd_gate_node.cpp.o[0m
[ 47%] [32mBuilding CXX object CMakeFiles/test_vehicle_cmd_gate.dir/test/src/test_vehicle_cmd_filter.cpp.o[0m
[ 50%] [32m[1mLinking CXX executable test_vehicle_cmd_gate[0m
[ 50%] Built target test_vehicle_cmd_gate
running egg_info
writing vehicle_cmd_gate.egg-info/PKG-INFO
writing dependency_links to vehicle_cmd_gate.egg-info/dependency_links.txt
writing top-level names to vehicle_cmd_gate.egg-info/top_level.txt
reading manifest file 'vehicle_cmd_gate.egg-info/SOURCES.txt'
writing manifest file 'vehicle_cmd_gate.egg-info/SOURCES.txt'
[ 50%] Built target ament_cmake_python_build_vehicle_cmd_gate_egg
[35m[1mConsolidate compiler generated dependencies of target vehicle_cmd_gate__rosidl_generator_c[0m
[ 56%] Built target vehicle_cmd_gate__rosidl_generator_c
[35m[1mConsolidate compiler generated dependencies of target vehicle_cmd_gate_exe[0m
[ 58%] [32mBuilding CXX object CMakeFiles/vehicle_cmd_gate_exe.dir/rclcpp_components/node_main_vehicle_cmd_gate_exe.cpp.o[0m
[ 60%] [32m[1mLinking CXX executable vehicle_cmd_gate_exe[0m
[ 60%] Built target vehicle_cmd_gate_exe
[35m[1mConsolidate compiler generated dependencies of target vehicle_cmd_gate__rosidl_typesupport_c[0m
[ 67%] Built target vehicle_cmd_gate__rosidl_typesupport_c
[35m[1mConsolidate compiler generated dependencies of target vehicle_cmd_gate__rosidl_typesupport_introspection_c[0m
[ 73%] Built target vehicle_cmd_gate__rosidl_typesupport_introspection_c
[35m[1mConsolidate compiler generated dependencies of target vehicle_cmd_gate__rosidl_typesupport_fastrtps_c[0m
[ 76%] [32mBuilding CXX object CMakeFiles/vehicle_cmd_gate__rosidl_typesupport_fastrtps_c.dir/rosidl_typesupport_fastrtps_c/vehicle_cmd_gate/msg/detail/is_filter_activated__type_support_c.cpp.o[0m
[ 78%] [32m[1mLinking CXX shared library libvehicle_cmd_gate__rosidl_typesupport_fastrtps_c.so[0m
[ 80%] Built target vehicle_cmd_gate__rosidl_typesupport_fastrtps_c
[ 80%] Built target vehicle_cmd_gate
[ 82%] Built target vehicle_cmd_gate__py
[35m[1mConsolidate compiler generated dependencies of target vehicle_cmd_gate__rosidl_generator_py[0m
[ 84%] [32mBuilding C object CMakeFiles/vehicle_cmd_gate__rosidl_generator_py.dir/rosidl_generator_py/vehicle_cmd_gate/msg/_is_filter_activated_s.c.o[0m
[ 86%] [32m[1mLinking C shared library rosidl_generator_py/vehicle_cmd_gate/libvehicle_cmd_gate__rosidl_generator_py.so[0m
[ 86%] Built target vehicle_cmd_gate__rosidl_generator_py
[35m[1mConsolidate compiler generated dependencies of target vehicle_cmd_gate__rosidl_typesupport_fastrtps_c__pyext[0m
[ 89%] [32mBuilding C object CMakeFiles/vehicle_cmd_gate__rosidl_typesupport_fastrtps_c__pyext.dir/rosidl_generator_py/vehicle_cmd_gate/_vehicle_cmd_gate_s.ep.rosidl_typesupport_fastrtps_c.c.o[0m
[ 91%] [32m[1mLinking C shared library rosidl_generator_py/vehicle_cmd_gate/vehicle_cmd_gate_s__rosidl_typesupport_fastrtps_c.cpython-310-x86_64-linux-gnu.so[0m
[ 91%] Built target vehicle_cmd_gate__rosidl_typesupport_fastrtps_c__pyext
[35m[1mConsolidate compiler generated dependencies of target vehicle_cmd_gate__rosidl_typesupport_c__pyext[0m
[ 93%] [32mBuilding C object CMakeFiles/vehicle_cmd_gate__rosidl_typesupport_c__pyext.dir/rosidl_generator_py/vehicle_cmd_gate/_vehicle_cmd_gate_s.ep.rosidl_typesupport_c.c.o[0m
[ 95%] [32m[1mLinking C shared library rosidl_generator_py/vehicle_cmd_gate/vehicle_cmd_gate_s__rosidl_typesupport_c.cpython-310-x86_64-linux-gnu.so[0m
[ 95%] Built target vehicle_cmd_gate__rosidl_typesupport_c__pyext
[35m[1mConsolidate compiler generated dependencies of target vehicle_cmd_gate__rosidl_typesupport_introspection_c__pyext[0m
[ 97%] [32mBuilding C object CMakeFiles/vehicle_cmd_gate__rosidl_typesupport_introspection_c__pyext.dir/rosidl_generator_py/vehicle_cmd_gate/_vehicle_cmd_gate_s.ep.rosidl_typesupport_introspection_c.c.o[0m
[100%] [32m[1mLinking C shared library rosidl_generator_py/vehicle_cmd_gate/vehicle_cmd_gate_s__rosidl_typesupport_introspection_c.cpython-310-x86_64-linux-gnu.so[0m
[100%] Built target vehicle_cmd_gate__rosidl_typesupport_introspection_c__pyext
-- Install configuration: "Release"
-- Execute custom install script
-- Up-to-date symlink: /home/zhijie/autoware/install/vehicle_cmd_gate/lib/vehicle_cmd_gate/vehicle_cmd_gate_exe
-- Up-to-date symlink: /home/zhijie/autoware/install/vehicle_cmd_gate/share/ament_index/resource_index/rosidl_interfaces/vehicle_cmd_gate
-- Up-to-date symlink: /home/zhijie/autoware/install/vehicle_cmd_gate/include/vehicle_cmd_gate/vehicle_cmd_gate/msg/detail/is_filter_activated__functions.h
-- Up-to-date symlink: /home/zhijie/autoware/install/vehicle_cmd_gate/include/vehicle_cmd_gate/vehicle_cmd_gate/msg/detail/is_filter_activated__struct.h
-- Up-to-date symlink: /home/zhijie/autoware/install/vehicle_cmd_gate/include/vehicle_cmd_gate/vehicle_cmd_gate/msg/detail/is_filter_activated__type_support.h
-- Up-to-date symlink: /home/zhijie/autoware/install/vehicle_cmd_gate/include/vehicle_cmd_gate/vehicle_cmd_gate/msg/is_filter_activated.h
-- Up-to-date symlink: /home/zhijie/autoware/install/vehicle_cmd_gate/include/vehicle_cmd_gate/vehicle_cmd_gate/msg/rosidl_generator_c__visibility_control.h
-- Up-to-date symlink: /home/zhijie/autoware/install/vehicle_cmd_gate/share/vehicle_cmd_gate/environment/library_path.sh
-- Up-to-date symlink: /home/zhijie/autoware/install/vehicle_cmd_gate/share/vehicle_cmd_gate/environment/library_path.dsv
-- Up-to-date symlink: /home/zhijie/autoware/install/vehicle_cmd_gate/include/vehicle_cmd_gate/vehicle_cmd_gate/msg/detail/is_filter_activated__rosidl_typesupport_fastrtps_c.h
-- Up-to-date symlink: /home/zhijie/autoware/install/vehicle_cmd_gate/include/vehicle_cmd_gate/vehicle_cmd_gate/msg/rosidl_typesupport_fastrtps_c__visibility_control.h
-- Up-to-date symlink: /home/zhijie/autoware/install/vehicle_cmd_gate/include/vehicle_cmd_gate/vehicle_cmd_gate/msg/detail/is_filter_activated__rosidl_typesupport_introspection_c.h
-- Up-to-date symlink: /home/zhijie/autoware/install/vehicle_cmd_gate/include/vehicle_cmd_gate/vehicle_cmd_gate/msg/rosidl_typesupport_introspection_c__visibility_control.h
-- Up-to-date symlink: /home/zhijie/autoware/install/vehicle_cmd_gate/include/vehicle_cmd_gate/vehicle_cmd_gate/msg/detail/is_filter_activated__builder.hpp
-- Up-to-date symlink: /home/zhijie/autoware/install/vehicle_cmd_gate/include/vehicle_cmd_gate/vehicle_cmd_gate/msg/detail/is_filter_activated__struct.hpp
-- Up-to-date symlink: /home/zhijie/autoware/install/vehicle_cmd_gate/include/vehicle_cmd_gate/vehicle_cmd_gate/msg/detail/is_filter_activated__traits.hpp
-- Up-to-date symlink: /home/zhijie/autoware/install/vehicle_cmd_gate/include/vehicle_cmd_gate/vehicle_cmd_gate/msg/is_filter_activated.hpp
-- Up-to-date symlink: /home/zhijie/autoware/install/vehicle_cmd_gate/include/vehicle_cmd_gate/vehicle_cmd_gate/msg/detail/is_filter_activated__rosidl_typesupport_fastrtps_cpp.hpp
-- Up-to-date symlink: /home/zhijie/autoware/install/vehicle_cmd_gate/include/vehicle_cmd_gate/vehicle_cmd_gate/msg/rosidl_typesupport_fastrtps_cpp__visibility_control.h
-- Up-to-date symlink: /home/zhijie/autoware/install/vehicle_cmd_gate/include/vehicle_cmd_gate/vehicle_cmd_gate/msg/detail/is_filter_activated__rosidl_typesupport_introspection_cpp.hpp
-- Up-to-date symlink: /home/zhijie/autoware/install/vehicle_cmd_gate/share/vehicle_cmd_gate/environment/pythonpath.sh
-- Up-to-date symlink: /home/zhijie/autoware/install/vehicle_cmd_gate/share/vehicle_cmd_gate/environment/pythonpath.dsv
-- Up-to-date symlink: /home/zhijie/autoware/install/vehicle_cmd_gate/local/lib/python3.10/dist-packages/vehicle_cmd_gate-0.1.0-py3.10.egg-info/PKG-INFO
-- Up-to-date symlink: /home/zhijie/autoware/install/vehicle_cmd_gate/local/lib/python3.10/dist-packages/vehicle_cmd_gate-0.1.0-py3.10.egg-info/SOURCES.txt
-- Up-to-date symlink: /home/zhijie/autoware/install/vehicle_cmd_gate/local/lib/python3.10/dist-packages/vehicle_cmd_gate-0.1.0-py3.10.egg-info/dependency_links.txt
-- Up-to-date symlink: /home/zhijie/autoware/install/vehicle_cmd_gate/local/lib/python3.10/dist-packages/vehicle_cmd_gate-0.1.0-py3.10.egg-info/top_level.txt
-- Up-to-date symlink: /home/zhijie/autoware/install/vehicle_cmd_gate/local/lib/python3.10/dist-packages/vehicle_cmd_gate/__init__.py
-- Up-to-date symlink: /home/zhijie/autoware/install/vehicle_cmd_gate/local/lib/python3.10/dist-packages/vehicle_cmd_gate/_vehicle_cmd_gate_s.ep.rosidl_typesupport_c.c
-- Up-to-date symlink: /home/zhijie/autoware/install/vehicle_cmd_gate/local/lib/python3.10/dist-packages/vehicle_cmd_gate/_vehicle_cmd_gate_s.ep.rosidl_typesupport_fastrtps_c.c
-- Up-to-date symlink: /home/zhijie/autoware/install/vehicle_cmd_gate/local/lib/python3.10/dist-packages/vehicle_cmd_gate/_vehicle_cmd_gate_s.ep.rosidl_typesupport_introspection_c.c
-- Up-to-date symlink: /home/zhijie/autoware/install/vehicle_cmd_gate/local/lib/python3.10/dist-packages/vehicle_cmd_gate/libvehicle_cmd_gate__rosidl_generator_py.so
-- Up-to-date symlink: /home/zhijie/autoware/install/vehicle_cmd_gate/local/lib/python3.10/dist-packages/vehicle_cmd_gate/msg/__init__.py
-- Up-to-date symlink: /home/zhijie/autoware/install/vehicle_cmd_gate/local/lib/python3.10/dist-packages/vehicle_cmd_gate/msg/_is_filter_activated.py
-- Up-to-date symlink: /home/zhijie/autoware/install/vehicle_cmd_gate/local/lib/python3.10/dist-packages/vehicle_cmd_gate/msg/_is_filter_activated_s.c
-- Up-to-date symlink: /home/zhijie/autoware/install/vehicle_cmd_gate/local/lib/python3.10/dist-packages/vehicle_cmd_gate/vehicle_cmd_gate_s__rosidl_typesupport_c.cpython-310-x86_64-linux-gnu.so
-- Up-to-date symlink: /home/zhijie/autoware/install/vehicle_cmd_gate/local/lib/python3.10/dist-packages/vehicle_cmd_gate/vehicle_cmd_gate_s__rosidl_typesupport_fastrtps_c.cpython-310-x86_64-linux-gnu.so
-- Up-to-date symlink: /home/zhijie/autoware/install/vehicle_cmd_gate/local/lib/python3.10/dist-packages/vehicle_cmd_gate/vehicle_cmd_gate_s__rosidl_typesupport_introspection_c.cpython-310-x86_64-linux-gnu.so
-- Up-to-date symlink: /home/zhijie/autoware/install/vehicle_cmd_gate/local/lib/python3.10/dist-packages/vehicle_cmd_gate/vehicle_cmd_gate_s__rosidl_typesupport_fastrtps_c.cpython-310-x86_64-linux-gnu.so
-- Up-to-date symlink: /home/zhijie/autoware/install/vehicle_cmd_gate/local/lib/python3.10/dist-packages/vehicle_cmd_gate/vehicle_cmd_gate_s__rosidl_typesupport_introspection_c.cpython-310-x86_64-linux-gnu.so
-- Up-to-date symlink: /home/zhijie/autoware/install/vehicle_cmd_gate/local/lib/python3.10/dist-packages/vehicle_cmd_gate/vehicle_cmd_gate_s__rosidl_typesupport_c.cpython-310-x86_64-linux-gnu.so
-- Up-to-date symlink: /home/zhijie/autoware/install/vehicle_cmd_gate/share/vehicle_cmd_gate/msg/IsFilterActivated.idl
-- Up-to-date symlink: /home/zhijie/autoware/install/vehicle_cmd_gate/share/vehicle_cmd_gate/msg/IsFilterActivated.msg
-- Up-to-date symlink: /home/zhijie/autoware/install/vehicle_cmd_gate/lib/libvehicle_cmd_gate_node.so
-- Up-to-date symlink: /home/zhijie/autoware/install/vehicle_cmd_gate/share/vehicle_cmd_gate/launch/vehicle_cmd_gate.launch.xml
-- Up-to-date symlink: /home/zhijie/autoware/install/vehicle_cmd_gate/share/vehicle_cmd_gate/config/vehicle_cmd_gate.param.yaml
-- Up-to-date symlink: /home/zhijie/autoware/install/vehicle_cmd_gate/share/ament_index/resource_index/package_run_dependencies/vehicle_cmd_gate
-- Up-to-date symlink: /home/zhijie/autoware/install/vehicle_cmd_gate/share/ament_index/resource_index/parent_prefix_path/vehicle_cmd_gate
-- Up-to-date symlink: /home/zhijie/autoware/install/vehicle_cmd_gate/share/vehicle_cmd_gate/environment/ament_prefix_path.sh
-- Up-to-date symlink: /home/zhijie/autoware/install/vehicle_cmd_gate/share/vehicle_cmd_gate/environment/ament_prefix_path.dsv
-- Up-to-date symlink: /home/zhijie/autoware/install/vehicle_cmd_gate/share/vehicle_cmd_gate/environment/path.sh
-- Up-to-date symlink: /home/zhijie/autoware/install/vehicle_cmd_gate/share/vehicle_cmd_gate/environment/path.dsv
-- Up-to-date symlink: /home/zhijie/autoware/install/vehicle_cmd_gate/share/vehicle_cmd_gate/local_setup.bash
-- Up-to-date symlink: /home/zhijie/autoware/install/vehicle_cmd_gate/share/vehicle_cmd_gate/local_setup.sh
-- Up-to-date symlink: /home/zhijie/autoware/install/vehicle_cmd_gate/share/vehicle_cmd_gate/local_setup.zsh
-- Up-to-date symlink: /home/zhijie/autoware/install/vehicle_cmd_gate/share/vehicle_cmd_gate/local_setup.dsv
-- Symlinking: /home/zhijie/autoware/install/vehicle_cmd_gate/share/vehicle_cmd_gate/package.dsv
-- Up-to-date symlink: /home/zhijie/autoware/install/vehicle_cmd_gate/share/ament_index/resource_index/packages/vehicle_cmd_gate
-- Up-to-date symlink: /home/zhijie/autoware/install/vehicle_cmd_gate/share/ament_index/resource_index/rclcpp_components/vehicle_cmd_gate
-- Up-to-date symlink: /home/zhijie/autoware/install/vehicle_cmd_gate/share/vehicle_cmd_gate/cmake/rosidl_cmake-extras.cmake
-- Up-to-date symlink: /home/zhijie/autoware/install/vehicle_cmd_gate/share/vehicle_cmd_gate/cmake/ament_cmake_export_dependencies-extras.cmake
-- Up-to-date symlink: /home/zhijie/autoware/install/vehicle_cmd_gate/share/vehicle_cmd_gate/cmake/ament_cmake_export_include_directories-extras.cmake
-- Up-to-date symlink: /home/zhijie/autoware/install/vehicle_cmd_gate/share/vehicle_cmd_gate/cmake/ament_cmake_export_libraries-extras.cmake
-- Up-to-date symlink: /home/zhijie/autoware/install/vehicle_cmd_gate/share/vehicle_cmd_gate/cmake/ament_cmake_export_targets-extras.cmake
-- Up-to-date symlink: /home/zhijie/autoware/install/vehicle_cmd_gate/share/vehicle_cmd_gate/cmake/rosidl_cmake_export_typesupport_targets-extras.cmake
-- Up-to-date symlink: /home/zhijie/autoware/install/vehicle_cmd_gate/share/vehicle_cmd_gate/cmake/rosidl_cmake_export_typesupport_libraries-extras.cmake
-- Up-to-date symlink: /home/zhijie/autoware/install/vehicle_cmd_gate/share/vehicle_cmd_gate/cmake/vehicle_cmd_gateConfig.cmake
-- Up-to-date symlink: /home/zhijie/autoware/install/vehicle_cmd_gate/share/vehicle_cmd_gate/cmake/vehicle_cmd_gateConfig-version.cmake
-- Up-to-date symlink: /home/zhijie/autoware/install/vehicle_cmd_gate/share/vehicle_cmd_gate/package.xml
-- Up-to-date: /home/zhijie/autoware/install/vehicle_cmd_gate/lib/libvehicle_cmd_gate__rosidl_generator_c.so
-- Installing: /home/zhijie/autoware/install/vehicle_cmd_gate/lib/libvehicle_cmd_gate__rosidl_typesupport_fastrtps_c.so
-- Set runtime path of "/home/zhijie/autoware/install/vehicle_cmd_gate/lib/libvehicle_cmd_gate__rosidl_typesupport_fastrtps_c.so" to ""
-- Up-to-date: /home/zhijie/autoware/install/vehicle_cmd_gate/lib/libvehicle_cmd_gate__rosidl_typesupport_introspection_c.so
-- Up-to-date: /home/zhijie/autoware/install/vehicle_cmd_gate/lib/libvehicle_cmd_gate__rosidl_typesupport_c.so
-- Installing: /home/zhijie/autoware/install/vehicle_cmd_gate/lib/libvehicle_cmd_gate__rosidl_typesupport_fastrtps_cpp.so
-- Set runtime path of "/home/zhijie/autoware/install/vehicle_cmd_gate/lib/libvehicle_cmd_gate__rosidl_typesupport_fastrtps_cpp.so" to ""
-- Installing: /home/zhijie/autoware/install/vehicle_cmd_gate/lib/libvehicle_cmd_gate__rosidl_typesupport_introspection_cpp.so
-- Set runtime path of "/home/zhijie/autoware/install/vehicle_cmd_gate/lib/libvehicle_cmd_gate__rosidl_typesupport_introspection_cpp.so" to ""
-- Installing: /home/zhijie/autoware/install/vehicle_cmd_gate/lib/libvehicle_cmd_gate__rosidl_typesupport_cpp.so
-- Set runtime path of "/home/zhijie/autoware/install/vehicle_cmd_gate/lib/libvehicle_cmd_gate__rosidl_typesupport_cpp.so" to ""
Listing '/home/zhijie/autoware/install/vehicle_cmd_gate/local/lib/python3.10/dist-packages/vehicle_cmd_gate'...
Compiling '/home/zhijie/autoware/install/vehicle_cmd_gate/local/lib/python3.10/dist-packages/vehicle_cmd_gate/__init__.py'...
Listing '/home/zhijie/autoware/install/vehicle_cmd_gate/local/lib/python3.10/dist-packages/vehicle_cmd_gate/msg'...
-- Installing: /home/zhijie/autoware/install/vehicle_cmd_gate/lib/libvehicle_cmd_gate__rosidl_generator_py.so
-- Set runtime path of "/home/zhijie/autoware/install/vehicle_cmd_gate/lib/libvehicle_cmd_gate__rosidl_generator_py.so" to ""
-- Up-to-date: /home/zhijie/autoware/install/vehicle_cmd_gate/share/vehicle_cmd_gate/cmake/export_vehicle_cmd_gate__rosidl_generator_cExport.cmake
-- Up-to-date: /home/zhijie/autoware/install/vehicle_cmd_gate/share/vehicle_cmd_gate/cmake/export_vehicle_cmd_gate__rosidl_generator_cExport-release.cmake
-- Up-to-date: /home/zhijie/autoware/install/vehicle_cmd_gate/share/vehicle_cmd_gate/cmake/export_vehicle_cmd_gate__rosidl_typesupport_fastrtps_cExport.cmake
-- Up-to-date: /home/zhijie/autoware/install/vehicle_cmd_gate/share/vehicle_cmd_gate/cmake/export_vehicle_cmd_gate__rosidl_typesupport_fastrtps_cExport-release.cmake
-- Up-to-date: /home/zhijie/autoware/install/vehicle_cmd_gate/share/vehicle_cmd_gate/cmake/vehicle_cmd_gate__rosidl_typesupport_introspection_cExport.cmake
-- Up-to-date: /home/zhijie/autoware/install/vehicle_cmd_gate/share/vehicle_cmd_gate/cmake/vehicle_cmd_gate__rosidl_typesupport_introspection_cExport-release.cmake
-- Up-to-date: /home/zhijie/autoware/install/vehicle_cmd_gate/share/vehicle_cmd_gate/cmake/vehicle_cmd_gate__rosidl_typesupport_cExport.cmake
-- Up-to-date: /home/zhijie/autoware/install/vehicle_cmd_gate/share/vehicle_cmd_gate/cmake/vehicle_cmd_gate__rosidl_typesupport_cExport-release.cmake
-- Up-to-date: /home/zhijie/autoware/install/vehicle_cmd_gate/share/vehicle_cmd_gate/cmake/export_vehicle_cmd_gate__rosidl_generator_cppExport.cmake
-- Up-to-date: /home/zhijie/autoware/install/vehicle_cmd_gate/share/vehicle_cmd_gate/cmake/export_vehicle_cmd_gate__rosidl_typesupport_fastrtps_cppExport.cmake
-- Up-to-date: /home/zhijie/autoware/install/vehicle_cmd_gate/share/vehicle_cmd_gate/cmake/export_vehicle_cmd_gate__rosidl_typesupport_fastrtps_cppExport-release.cmake
-- Up-to-date: /home/zhijie/autoware/install/vehicle_cmd_gate/share/vehicle_cmd_gate/cmake/vehicle_cmd_gate__rosidl_typesupport_introspection_cppExport.cmake
-- Up-to-date: /home/zhijie/autoware/install/vehicle_cmd_gate/share/vehicle_cmd_gate/cmake/vehicle_cmd_gate__rosidl_typesupport_introspection_cppExport-release.cmake
-- Up-to-date: /home/zhijie/autoware/install/vehicle_cmd_gate/share/vehicle_cmd_gate/cmake/vehicle_cmd_gate__rosidl_typesupport_cppExport.cmake
-- Up-to-date: /home/zhijie/autoware/install/vehicle_cmd_gate/share/vehicle_cmd_gate/cmake/vehicle_cmd_gate__rosidl_typesupport_cppExport-release.cmake
-- Up-to-date: /home/zhijie/autoware/install/vehicle_cmd_gate/share/vehicle_cmd_gate/cmake/export_vehicle_cmd_gate__rosidl_generator_pyExport.cmake
-- Up-to-date: /home/zhijie/autoware/install/vehicle_cmd_gate/share/vehicle_cmd_gate/cmake/export_vehicle_cmd_gate__rosidl_generator_pyExport-release.cmake
