[0.111s] Invoking command in '/home/zhijie/autoware/build/imu_description': CMAKE_PREFIX_PATH=/opt/ros/humble /usr/bin/cmake /home/zhijie/autoware/src/sensor_component/external/sensor_component_description/imu_description -DCMAKE_BUILD_TYPE=Release -DAMENT_CMAKE_SYMLINK_INSTALL=1 -DCMAKE_INSTALL_PREFIX=/home/zhijie/autoware/install/imu_description
[3.904s] -- Found ament_cmake_auto: 1.3.5 (/opt/ros/humble/share/ament_cmake_auto/cmake)
[3.909s] -- Override CMake install command with custom implementation using symlinks instead of copying resources
[3.909s] -- Configuring done
[3.909s] -- Generating done
[3.909s] -- Build files have been written to: /home/zhijie/autoware/build/imu_description
[3.975s] Invoked command in '/home/zhijie/autoware/build/imu_description' returned '0': CMAKE_PREFIX_PATH=/opt/ros/humble /usr/bin/cmake /home/zhijie/autoware/src/sensor_component/external/sensor_component_description/imu_description -DCMAKE_BUILD_TYPE=Release -DAMENT_CMAKE_SYMLINK_INSTALL=1 -DCMAKE_INSTALL_PREFIX=/home/zhijie/autoware/install/imu_description
[3.977s] Invoking command in '/home/zhijie/autoware/build/imu_description': CMAKE_PREFIX_PATH=/opt/ros/humble /usr/bin/cmake --build /home/zhijie/autoware/build/imu_description -- -j16 -l16
[5.079s] Invoked command in '/home/zhijie/autoware/build/imu_description' returned '0': CMAKE_PREFIX_PATH=/opt/ros/humble /usr/bin/cmake --build /home/zhijie/autoware/build/imu_description -- -j16 -l16
[5.176s] Invoking command in '/home/zhijie/autoware/build/imu_description': CMAKE_PREFIX_PATH=/opt/ros/humble /usr/bin/cmake --install /home/zhijie/autoware/build/imu_description
[5.236s] -- Install configuration: "Release"
[5.236s] -- Execute custom install script
[5.237s] -- Up-to-date symlink: /home/zhijie/autoware/install/imu_description/share/imu_description/urdf/imu.xacro
[5.237s] -- Up-to-date symlink: /home/zhijie/autoware/install/imu_description/share/ament_index/resource_index/package_run_dependencies/imu_description
[5.237s] -- Up-to-date symlink: /home/zhijie/autoware/install/imu_description/share/ament_index/resource_index/parent_prefix_path/imu_description
[5.237s] -- Up-to-date symlink: /home/zhijie/autoware/install/imu_description/share/imu_description/environment/ament_prefix_path.sh
[5.237s] -- Up-to-date symlink: /home/zhijie/autoware/install/imu_description/share/imu_description/environment/ament_prefix_path.dsv
[5.237s] -- Up-to-date symlink: /home/zhijie/autoware/install/imu_description/share/imu_description/environment/path.sh
[5.237s] -- Up-to-date symlink: /home/zhijie/autoware/install/imu_description/share/imu_description/environment/path.dsv
[5.237s] -- Up-to-date symlink: /home/zhijie/autoware/install/imu_description/share/imu_description/local_setup.bash
[5.237s] -- Up-to-date symlink: /home/zhijie/autoware/install/imu_description/share/imu_description/local_setup.sh
[5.238s] -- Up-to-date symlink: /home/zhijie/autoware/install/imu_description/share/imu_description/local_setup.zsh
[5.238s] -- Up-to-date symlink: /home/zhijie/autoware/install/imu_description/share/imu_description/local_setup.dsv
[5.238s] -- Symlinking: /home/zhijie/autoware/install/imu_description/share/imu_description/package.dsv
[5.238s] -- Up-to-date symlink: /home/zhijie/autoware/install/imu_description/share/ament_index/resource_index/packages/imu_description
[5.238s] -- Up-to-date symlink: /home/zhijie/autoware/install/imu_description/share/imu_description/cmake/imu_descriptionConfig.cmake
[5.238s] -- Up-to-date symlink: /home/zhijie/autoware/install/imu_description/share/imu_description/cmake/imu_descriptionConfig-version.cmake
[5.238s] -- Up-to-date symlink: /home/zhijie/autoware/install/imu_description/share/imu_description/package.xml
[5.323s] Invoked command in '/home/zhijie/autoware/build/imu_description' returned '0': CMAKE_PREFIX_PATH=/opt/ros/humble /usr/bin/cmake --install /home/zhijie/autoware/build/imu_description
