-- Found autoware_cmake: 0.1.0 (/home/zhijie/autoware/install/autoware_cmake/share/autoware_cmake/cmake)
-- Override CMake install command with custom implementation using symlinks instead of copying resources
-- Found rosidl_generator_c: 3.1.5 (/opt/ros/humble/share/rosidl_generator_c/cmake)
-- Found rosidl_adapter: 3.1.5 (/opt/ros/humble/share/rosidl_adapter/cmake)
-- Found rosidl_generator_cpp: 3.1.5 (/opt/ros/humble/share/rosidl_generator_cpp/cmake)
-- Using all available rosidl_typesupport_c: rosidl_typesupport_fastrtps_c;rosidl_typesupport_introspection_c
-- Using all available rosidl_typesupport_cpp: rosidl_typesupport_fastrtps_cpp;rosidl_typesupport_introspection_cpp
-- Found rmw_implementation_cmake: 6.1.1 (/opt/ros/humble/share/rmw_implementation_cmake/cmake)
-- Found rmw_cyclonedds_cpp: 1.3.4 (/opt/ros/humble/share/rmw_cyclonedds_cpp/cmake)
-- Using RMW implementation 'rmw_cyclonedds_cpp' as default
-- Found eigen3_cmake_module: 0.1.1 (/opt/ros/humble/share/eigen3_cmake_module/cmake)
-- Ensuring Eigen3 include directory is part of orocos-kdl CMake target
-- Eigen found (include: /usr/include/eigen3, version: 3.4.0)
-- FLANN found (include: /usr/include, lib: /usr/lib/x86_64-linux-gnu/libflann_cpp.so)
-- OpenNI found (version: 1.5.4.0, include: /usr/include/ni, lib: /usr/lib/libOpenNI.so;libusb::libusb)
-- OpenNI2 found (version: 2.2.0.33, include: /usr/include/openni2, lib: /usr/lib/x86_64-linux-gnu/libOpenNI2.so;libusb::libusb)
-- Eigen found (include: /usr/include/eigen3, version: 3.4.0)
-- OpenNI found (version: 1.5.4.0, include: /usr/include/ni, lib: /usr/lib/libOpenNI.so;libusb::libusb)
-- OpenNI2 found (version: 2.2.0.33, include: /usr/include/openni2, lib: /usr/lib/x86_64-linux-gnu/libOpenNI2.so;libusb::libusb)
-- Found Qhull version 8.0.2
-- OpenNI found (version: 1.5.4.0, include: /usr/include/ni, lib: /usr/lib/libOpenNI.so;libusb::libusb)
-- Found ament_lint_auto: 0.12.8 (/opt/ros/humble/share/ament_lint_auto/cmake)
-- Added test 'copyright' to check source files copyright and LICENSE
-- Added test 'cppcheck' to perform static code analysis on C / C++ code
-- Configured cppcheck include dirs: /home/zhijie/autoware/src/terasim/abc_terasim/include
-- Configured cppcheck exclude dirs and/or files: 
-- Added test 'lint_cmake' to check CMake code style
-- Added test 'xmllint' to check XML markup files
-- Configuring done
-- Generating done
-- Build files have been written to: /home/zhijie/autoware/build/abc_terasim
[35m[1mConsolidate compiler generated dependencies of target abc_info_converter[0m
[35m[1mConsolidate compiler generated dependencies of target abc_context_converter[0m
[35m[1mConsolidate compiler generated dependencies of target 01_lane_change[0m
[35m[1mConsolidate compiler generated dependencies of target abc_info_converter_component[0m
[  3%] [32mBuilding CXX object CMakeFiles/02_car_following.dir/rclcpp_components/node_main_02_car_following.cpp.o[0m
[  3%] [32mBuilding CXX object CMakeFiles/04_lane_departure_opposite.dir/rclcpp_components/node_main_04_lane_departure_opposite.cpp.o[0m
[  5%] [32mBuilding CXX object CMakeFiles/07_right_turn_straight.dir/rclcpp_components/node_main_07_right_turn_straight.cpp.o[0m
[  7%] [32mBuilding CXX object CMakeFiles/06_left_turn_turn.dir/rclcpp_components/node_main_06_left_turn_turn.cpp.o[0m
[  8%] [32mBuilding CXX object CMakeFiles/08_right_turn_turn.dir/rclcpp_components/node_main_08_right_turn_turn.cpp.o[0m
[ 10%] [32mBuilding CXX object CMakeFiles/12_roundabout_inside.dir/rclcpp_components/node_main_12_roundabout_inside.cpp.o[0m
[ 12%] [32mBuilding CXX object CMakeFiles/09_jaywalking.dir/rclcpp_components/node_main_09_jaywalking.cpp.o[0m
[ 14%] [32mBuilding CXX object CMakeFiles/05_left_turn_straight.dir/rclcpp_components/node_main_05_left_turn_straight.cpp.o[0m
[ 16%] [32mBuilding CXX object CMakeFiles/03_lane_departure_same.dir/rclcpp_components/node_main_03_lane_departure_same.cpp.o[0m
[ 17%] [32mBuilding CXX object CMakeFiles/11_roundabout_outside.dir/rclcpp_components/node_main_11_roundabout_outside.cpp.o[0m
[ 26%] Built target abc_info_converter_component
[ 26%] [32mBuilding CXX object CMakeFiles/10_vru_crosswalk.dir/rclcpp_components/node_main_10_vru_crosswalk.cpp.o[0m
[ 26%] Built target abc_info_converter
[ 30%] Built target abc_context_converter
[ 33%] Built target 01_lane_change
[35m[1mConsolidate compiler generated dependencies of target abc_context_converter_component[0m
[ 37%] Built target abc_context_converter_component
[35m[1mConsolidate compiler generated dependencies of target test_01_component[0m
[ 41%] Built target test_01_component
[ 42%] [32mBuilding CXX object CMakeFiles/test_02_component.dir/src/test_02.cpp.o[0m
[ 44%] [32m[1mLinking CXX executable 04_lane_departure_opposite[0m
[ 44%] Built target 04_lane_departure_opposite
[ 46%] [32m[1mLinking CXX executable 08_right_turn_turn[0m
[ 46%] Built target 08_right_turn_turn
[ 48%] [32m[1mLinking CXX executable 11_roundabout_outside[0m
[ 50%] [32m[1mLinking CXX executable 06_left_turn_turn[0m
[ 50%] Built target 11_roundabout_outside
[ 51%] [32m[1mLinking CXX executable 12_roundabout_inside[0m
[ 53%] [32m[1mLinking CXX executable 07_right_turn_straight[0m
[ 53%] Built target 06_left_turn_turn
[ 53%] Built target 12_roundabout_inside
[ 53%] Built target 07_right_turn_straight
[ 55%] [32m[1mLinking CXX executable 10_vru_crosswalk[0m
[ 55%] Built target 10_vru_crosswalk
[ 57%] [32m[1mLinking CXX executable 03_lane_departure_same[0m
[ 58%] [32m[1mLinking CXX executable 02_car_following[0m
[ 58%] Built target 03_lane_departure_same
[ 60%] [32m[1mLinking CXX executable 09_jaywalking[0m
[ 62%] [32m[1mLinking CXX executable 05_left_turn_straight[0m
[ 62%] Built target 02_car_following
[ 62%] Built target 05_left_turn_straight
[ 62%] Built target 09_jaywalking
[ 64%] [32m[1mLinking CXX shared library libtest_02_component.so[0m
[ 64%] Built target test_02_component
[ 66%] [32mBuilding CXX object CMakeFiles/test_03_component.dir/src/test_03.cpp.o[0m
[ 67%] [32m[1mLinking CXX shared library libtest_03_component.so[0m
[ 67%] Built target test_03_component
[ 69%] [32mBuilding CXX object CMakeFiles/test_04_component.dir/src/test_04.cpp.o[0m
[ 71%] [32m[1mLinking CXX shared library libtest_04_component.so[0m
[ 71%] Built target test_04_component
[35m[1mConsolidate compiler generated dependencies of target test_05_component[0m
[ 73%] [32m[1mLinking CXX shared library libtest_05_component.so[0m
[ 75%] Built target test_05_component
[35m[1mConsolidate compiler generated dependencies of target test_06_component[0m
[ 76%] [32m[1mLinking CXX shared library libtest_06_component.so[0m
[ 78%] Built target test_06_component
[35m[1mConsolidate compiler generated dependencies of target test_07_component[0m
[ 80%] [32m[1mLinking CXX shared library libtest_07_component.so[0m
[ 82%] Built target test_07_component
[35m[1mConsolidate compiler generated dependencies of target test_08_component[0m
[ 83%] [32m[1mLinking CXX shared library libtest_08_component.so[0m
[ 85%] Built target test_08_component
[35m[1mConsolidate compiler generated dependencies of target test_09_component[0m
[ 87%] [32m[1mLinking CXX shared library libtest_09_component.so[0m
[ 89%] Built target test_09_component
[35m[1mConsolidate compiler generated dependencies of target test_10_component[0m
[ 91%] [32m[1mLinking CXX shared library libtest_10_component.so[0m
[ 92%] Built target test_10_component
[35m[1mConsolidate compiler generated dependencies of target test_11_component[0m
[ 94%] [32m[1mLinking CXX shared library libtest_11_component.so[0m
[ 96%] Built target test_11_component
[35m[1mConsolidate compiler generated dependencies of target test_12_component[0m
[ 98%] [32m[1mLinking CXX shared library libtest_12_component.so[0m
[100%] Built target test_12_component
-- Install configuration: "Release"
-- Execute custom install script
-- Up-to-date symlink: /home/zhijie/autoware/install/abc_terasim/lib/abc_terasim/abc_info_converter
-- Up-to-date symlink: /home/zhijie/autoware/install/abc_terasim/lib/abc_terasim/abc_context_converter
-- Up-to-date symlink: /home/zhijie/autoware/install/abc_terasim/lib/abc_terasim/01_lane_change
-- Symlinking: /home/zhijie/autoware/install/abc_terasim/lib/abc_terasim/02_car_following
-- Symlinking: /home/zhijie/autoware/install/abc_terasim/lib/abc_terasim/03_lane_departure_same
-- Symlinking: /home/zhijie/autoware/install/abc_terasim/lib/abc_terasim/04_lane_departure_opposite
-- Symlinking: /home/zhijie/autoware/install/abc_terasim/lib/abc_terasim/05_left_turn_straight
-- Symlinking: /home/zhijie/autoware/install/abc_terasim/lib/abc_terasim/06_left_turn_turn
-- Symlinking: /home/zhijie/autoware/install/abc_terasim/lib/abc_terasim/07_right_turn_straight
-- Symlinking: /home/zhijie/autoware/install/abc_terasim/lib/abc_terasim/08_right_turn_turn
-- Symlinking: /home/zhijie/autoware/install/abc_terasim/lib/abc_terasim/09_jaywalking
-- Symlinking: /home/zhijie/autoware/install/abc_terasim/lib/abc_terasim/10_vru_crosswalk
-- Symlinking: /home/zhijie/autoware/install/abc_terasim/lib/abc_terasim/11_roundabout_outside
-- Symlinking: /home/zhijie/autoware/install/abc_terasim/lib/abc_terasim/12_roundabout_inside
-- Up-to-date symlink: /home/zhijie/autoware/install/abc_terasim/include/abc_context_converter.hpp
-- Up-to-date symlink: /home/zhijie/autoware/install/abc_terasim/include/abc_info_converter.hpp
-- Up-to-date symlink: /home/zhijie/autoware/install/abc_terasim/include/test_01.hpp
-- Symlinking: /home/zhijie/autoware/install/abc_terasim/include/test_02.hpp
-- Symlinking: /home/zhijie/autoware/install/abc_terasim/include/test_03.hpp
-- Symlinking: /home/zhijie/autoware/install/abc_terasim/include/test_04.hpp
-- Up-to-date symlink: /home/zhijie/autoware/install/abc_terasim/include/test_05.hpp
-- Up-to-date symlink: /home/zhijie/autoware/install/abc_terasim/include/test_06.hpp
-- Up-to-date symlink: /home/zhijie/autoware/install/abc_terasim/include/test_07.hpp
-- Up-to-date symlink: /home/zhijie/autoware/install/abc_terasim/include/test_08.hpp
-- Up-to-date symlink: /home/zhijie/autoware/install/abc_terasim/include/test_09.hpp
-- Up-to-date symlink: /home/zhijie/autoware/install/abc_terasim/include/test_10.hpp
-- Up-to-date symlink: /home/zhijie/autoware/install/abc_terasim/include/test_11.hpp
-- Up-to-date symlink: /home/zhijie/autoware/install/abc_terasim/include/test_12.hpp
-- Up-to-date symlink: /home/zhijie/autoware/install/abc_terasim/share/abc_terasim/environment/library_path.sh
-- Up-to-date symlink: /home/zhijie/autoware/install/abc_terasim/share/abc_terasim/environment/library_path.dsv
-- Up-to-date symlink: /home/zhijie/autoware/install/abc_terasim/lib/libabc_info_converter_component.so
-- Up-to-date symlink: /home/zhijie/autoware/install/abc_terasim/lib/libabc_context_converter_component.so
-- Up-to-date symlink: /home/zhijie/autoware/install/abc_terasim/lib/libtest_01_component.so
-- Symlinking: /home/zhijie/autoware/install/abc_terasim/lib/libtest_02_component.so
-- Symlinking: /home/zhijie/autoware/install/abc_terasim/lib/libtest_03_component.so
-- Symlinking: /home/zhijie/autoware/install/abc_terasim/lib/libtest_04_component.so
-- Up-to-date symlink: /home/zhijie/autoware/install/abc_terasim/lib/libtest_05_component.so
-- Up-to-date symlink: /home/zhijie/autoware/install/abc_terasim/lib/libtest_06_component.so
-- Up-to-date symlink: /home/zhijie/autoware/install/abc_terasim/lib/libtest_07_component.so
-- Up-to-date symlink: /home/zhijie/autoware/install/abc_terasim/lib/libtest_08_component.so
-- Up-to-date symlink: /home/zhijie/autoware/install/abc_terasim/lib/libtest_09_component.so
-- Up-to-date symlink: /home/zhijie/autoware/install/abc_terasim/lib/libtest_10_component.so
-- Up-to-date symlink: /home/zhijie/autoware/install/abc_terasim/lib/libtest_11_component.so
-- Up-to-date symlink: /home/zhijie/autoware/install/abc_terasim/lib/libtest_12_component.so
-- Up-to-date symlink: /home/zhijie/autoware/install/abc_terasim/share/abc_terasim/launch/abc.launch.py
-- Up-to-date symlink: /home/zhijie/autoware/install/abc_terasim/share/abc_terasim/include/abc_context_converter.hpp
-- Up-to-date symlink: /home/zhijie/autoware/install/abc_terasim/share/abc_terasim/include/abc_info_converter.hpp
-- Up-to-date symlink: /home/zhijie/autoware/install/abc_terasim/share/abc_terasim/include/test_01.hpp
-- Symlinking: /home/zhijie/autoware/install/abc_terasim/share/abc_terasim/include/test_02.hpp
-- Symlinking: /home/zhijie/autoware/install/abc_terasim/share/abc_terasim/include/test_03.hpp
-- Symlinking: /home/zhijie/autoware/install/abc_terasim/share/abc_terasim/include/test_04.hpp
-- Up-to-date symlink: /home/zhijie/autoware/install/abc_terasim/share/abc_terasim/include/test_05.hpp
-- Up-to-date symlink: /home/zhijie/autoware/install/abc_terasim/share/abc_terasim/include/test_06.hpp
-- Up-to-date symlink: /home/zhijie/autoware/install/abc_terasim/share/abc_terasim/include/test_07.hpp
-- Up-to-date symlink: /home/zhijie/autoware/install/abc_terasim/share/abc_terasim/include/test_08.hpp
-- Up-to-date symlink: /home/zhijie/autoware/install/abc_terasim/share/abc_terasim/include/test_09.hpp
-- Up-to-date symlink: /home/zhijie/autoware/install/abc_terasim/share/abc_terasim/include/test_10.hpp
-- Up-to-date symlink: /home/zhijie/autoware/install/abc_terasim/share/abc_terasim/include/test_11.hpp
-- Up-to-date symlink: /home/zhijie/autoware/install/abc_terasim/share/abc_terasim/include/test_12.hpp
-- Up-to-date symlink: /home/zhijie/autoware/install/abc_terasim/share/ament_index/resource_index/package_run_dependencies/abc_terasim
-- Up-to-date symlink: /home/zhijie/autoware/install/abc_terasim/share/ament_index/resource_index/parent_prefix_path/abc_terasim
-- Up-to-date symlink: /home/zhijie/autoware/install/abc_terasim/share/abc_terasim/environment/ament_prefix_path.sh
-- Up-to-date symlink: /home/zhijie/autoware/install/abc_terasim/share/abc_terasim/environment/ament_prefix_path.dsv
-- Up-to-date symlink: /home/zhijie/autoware/install/abc_terasim/share/abc_terasim/environment/path.sh
-- Up-to-date symlink: /home/zhijie/autoware/install/abc_terasim/share/abc_terasim/environment/path.dsv
-- Up-to-date symlink: /home/zhijie/autoware/install/abc_terasim/share/abc_terasim/local_setup.bash
-- Up-to-date symlink: /home/zhijie/autoware/install/abc_terasim/share/abc_terasim/local_setup.sh
-- Up-to-date symlink: /home/zhijie/autoware/install/abc_terasim/share/abc_terasim/local_setup.zsh
-- Up-to-date symlink: /home/zhijie/autoware/install/abc_terasim/share/abc_terasim/local_setup.dsv
-- Symlinking: /home/zhijie/autoware/install/abc_terasim/share/abc_terasim/package.dsv
-- Up-to-date symlink: /home/zhijie/autoware/install/abc_terasim/share/ament_index/resource_index/packages/abc_terasim
-- Up-to-date symlink: /home/zhijie/autoware/install/abc_terasim/share/ament_index/resource_index/rclcpp_components/abc_terasim
-- Up-to-date symlink: /home/zhijie/autoware/install/abc_terasim/share/abc_terasim/cmake/ament_cmake_export_dependencies-extras.cmake
-- Up-to-date symlink: /home/zhijie/autoware/install/abc_terasim/share/abc_terasim/cmake/ament_cmake_export_include_directories-extras.cmake
-- Up-to-date symlink: /home/zhijie/autoware/install/abc_terasim/share/abc_terasim/cmake/ament_cmake_export_libraries-extras.cmake
-- Up-to-date symlink: /home/zhijie/autoware/install/abc_terasim/share/abc_terasim/cmake/abc_terasimConfig.cmake
-- Up-to-date symlink: /home/zhijie/autoware/install/abc_terasim/share/abc_terasim/cmake/abc_terasimConfig-version.cmake
-- Up-to-date symlink: /home/zhijie/autoware/install/abc_terasim/share/abc_terasim/package.xml
