[  1%] Built target dataspeed_dbw_gateway__cpp
[  5%] Built target fca_gateway
[  7%] Built target ament_cmake_python_symlink_dataspeed_dbw_gateway
[ 12%] Built target dataspeed_dbw_gateway__rosidl_generator_c
[ 16%] Built target ford_gateway
[ 16%] Built target dataspeed_dbw_gateway_fca
[ 23%] Built target dataspeed_dbw_gateway_polaris
[ 23%] Built target dataspeed_dbw_gateway_ford
[ 23%] Built target gtest_main
[ 25%] Built target polaris_gateway
[ 28%] Built target gtest
[ 37%] Built target dataspeed_dbw_gateway__rosidl_typesupport_introspection_c
[ 46%] Built target dataspeed_dbw_gateway__rosidl_typesupport_fastrtps_cpp
[ 64%] Built target dataspeed_dbw_gateway__rosidl_typesupport_c
[ 64%] Built target dataspeed_dbw_gateway__rosidl_typesupport_cpp
[ 73%] Built target dataspeed_dbw_gateway__rosidl_typesupport_fastrtps_c
[ 82%] Built target dataspeed_dbw_gateway__rosidl_typesupport_introspection_cpp
[ 82%] Built target dataspeed_dbw_gateway
[ 83%] Built target dataspeed_dbw_gateway__py
[ 85%] Built target dataspeed_dbw_gateway_test_generic_message
[ 93%] Built target dataspeed_dbw_gateway__rosidl_generator_py
[100%] Built target dataspeed_dbw_gateway__rosidl_typesupport_fastrtps_c__pyext
[100%] Built target dataspeed_dbw_gateway__rosidl_typesupport_c__pyext
[100%] Built target dataspeed_dbw_gateway__rosidl_typesupport_introspection_c__pyext
running egg_info
writing dataspeed_dbw_gateway.egg-info/PKG-INFO
writing dependency_links to dataspeed_dbw_gateway.egg-info/dependency_links.txt
writing top-level names to dataspeed_dbw_gateway.egg-info/top_level.txt
reading manifest file 'dataspeed_dbw_gateway.egg-info/SOURCES.txt'
writing manifest file 'dataspeed_dbw_gateway.egg-info/SOURCES.txt'
[100%] Built target ament_cmake_python_build_dataspeed_dbw_gateway_egg
-- Install configuration: "Release"
-- Execute custom install script
-- Up-to-date symlink: /home/mtl12345/autoware/install/dataspeed_dbw_gateway/share/ament_index/resource_index/rosidl_interfaces/dataspeed_dbw_gateway
-- Up-to-date symlink: /home/mtl12345/autoware/install/dataspeed_dbw_gateway/include/dataspeed_dbw_gateway/dataspeed_dbw_gateway/msg/bounded_dynamic_arrays.h
-- Up-to-date symlink: /home/mtl12345/autoware/install/dataspeed_dbw_gateway/include/dataspeed_dbw_gateway/dataspeed_dbw_gateway/msg/detail/bounded_dynamic_arrays__functions.h
-- Up-to-date symlink: /home/mtl12345/autoware/install/dataspeed_dbw_gateway/include/dataspeed_dbw_gateway/dataspeed_dbw_gateway/msg/detail/bounded_dynamic_arrays__struct.h
-- Up-to-date symlink: /home/mtl12345/autoware/install/dataspeed_dbw_gateway/include/dataspeed_dbw_gateway/dataspeed_dbw_gateway/msg/detail/bounded_dynamic_arrays__type_support.h
-- Up-to-date symlink: /home/mtl12345/autoware/install/dataspeed_dbw_gateway/include/dataspeed_dbw_gateway/dataspeed_dbw_gateway/msg/detail/dynamic_arrays__functions.h
-- Up-to-date symlink: /home/mtl12345/autoware/install/dataspeed_dbw_gateway/include/dataspeed_dbw_gateway/dataspeed_dbw_gateway/msg/detail/dynamic_arrays__struct.h
-- Up-to-date symlink: /home/mtl12345/autoware/install/dataspeed_dbw_gateway/include/dataspeed_dbw_gateway/dataspeed_dbw_gateway/msg/detail/dynamic_arrays__type_support.h
-- Up-to-date symlink: /home/mtl12345/autoware/install/dataspeed_dbw_gateway/include/dataspeed_dbw_gateway/dataspeed_dbw_gateway/msg/detail/example_message__functions.h
-- Up-to-date symlink: /home/mtl12345/autoware/install/dataspeed_dbw_gateway/include/dataspeed_dbw_gateway/dataspeed_dbw_gateway/msg/detail/example_message__struct.h
-- Up-to-date symlink: /home/mtl12345/autoware/install/dataspeed_dbw_gateway/include/dataspeed_dbw_gateway/dataspeed_dbw_gateway/msg/detail/example_message__type_support.h
-- Up-to-date symlink: /home/mtl12345/autoware/install/dataspeed_dbw_gateway/include/dataspeed_dbw_gateway/dataspeed_dbw_gateway/msg/detail/example_message_ext__functions.h
-- Up-to-date symlink: /home/mtl12345/autoware/install/dataspeed_dbw_gateway/include/dataspeed_dbw_gateway/dataspeed_dbw_gateway/msg/detail/example_message_ext__struct.h
-- Up-to-date symlink: /home/mtl12345/autoware/install/dataspeed_dbw_gateway/include/dataspeed_dbw_gateway/dataspeed_dbw_gateway/msg/detail/example_message_ext__type_support.h
-- Up-to-date symlink: /home/mtl12345/autoware/install/dataspeed_dbw_gateway/include/dataspeed_dbw_gateway/dataspeed_dbw_gateway/msg/detail/static_arrays__functions.h
-- Up-to-date symlink: /home/mtl12345/autoware/install/dataspeed_dbw_gateway/include/dataspeed_dbw_gateway/dataspeed_dbw_gateway/msg/detail/static_arrays__struct.h
-- Up-to-date symlink: /home/mtl12345/autoware/install/dataspeed_dbw_gateway/include/dataspeed_dbw_gateway/dataspeed_dbw_gateway/msg/detail/static_arrays__type_support.h
-- Up-to-date symlink: /home/mtl12345/autoware/install/dataspeed_dbw_gateway/include/dataspeed_dbw_gateway/dataspeed_dbw_gateway/msg/detail/types__functions.h
-- Up-to-date symlink: /home/mtl12345/autoware/install/dataspeed_dbw_gateway/include/dataspeed_dbw_gateway/dataspeed_dbw_gateway/msg/detail/types__struct.h
-- Up-to-date symlink: /home/mtl12345/autoware/install/dataspeed_dbw_gateway/include/dataspeed_dbw_gateway/dataspeed_dbw_gateway/msg/detail/types__type_support.h
-- Up-to-date symlink: /home/mtl12345/autoware/install/dataspeed_dbw_gateway/include/dataspeed_dbw_gateway/dataspeed_dbw_gateway/msg/dynamic_arrays.h
-- Up-to-date symlink: /home/mtl12345/autoware/install/dataspeed_dbw_gateway/include/dataspeed_dbw_gateway/dataspeed_dbw_gateway/msg/example_message.h
-- Up-to-date symlink: /home/mtl12345/autoware/install/dataspeed_dbw_gateway/include/dataspeed_dbw_gateway/dataspeed_dbw_gateway/msg/example_message_ext.h
-- Up-to-date symlink: /home/mtl12345/autoware/install/dataspeed_dbw_gateway/include/dataspeed_dbw_gateway/dataspeed_dbw_gateway/msg/rosidl_generator_c__visibility_control.h
-- Up-to-date symlink: /home/mtl12345/autoware/install/dataspeed_dbw_gateway/include/dataspeed_dbw_gateway/dataspeed_dbw_gateway/msg/static_arrays.h
-- Up-to-date symlink: /home/mtl12345/autoware/install/dataspeed_dbw_gateway/include/dataspeed_dbw_gateway/dataspeed_dbw_gateway/msg/types.h
-- Up-to-date symlink: /home/mtl12345/autoware/install/dataspeed_dbw_gateway/share/dataspeed_dbw_gateway/environment/library_path.sh
-- Up-to-date symlink: /home/mtl12345/autoware/install/dataspeed_dbw_gateway/share/dataspeed_dbw_gateway/environment/library_path.dsv
-- Up-to-date symlink: /home/mtl12345/autoware/install/dataspeed_dbw_gateway/include/dataspeed_dbw_gateway/dataspeed_dbw_gateway/msg/detail/bounded_dynamic_arrays__rosidl_typesupport_fastrtps_c.h
-- Up-to-date symlink: /home/mtl12345/autoware/install/dataspeed_dbw_gateway/include/dataspeed_dbw_gateway/dataspeed_dbw_gateway/msg/detail/dynamic_arrays__rosidl_typesupport_fastrtps_c.h
-- Up-to-date symlink: /home/mtl12345/autoware/install/dataspeed_dbw_gateway/include/dataspeed_dbw_gateway/dataspeed_dbw_gateway/msg/detail/example_message__rosidl_typesupport_fastrtps_c.h
-- Up-to-date symlink: /home/mtl12345/autoware/install/dataspeed_dbw_gateway/include/dataspeed_dbw_gateway/dataspeed_dbw_gateway/msg/detail/example_message_ext__rosidl_typesupport_fastrtps_c.h
-- Up-to-date symlink: /home/mtl12345/autoware/install/dataspeed_dbw_gateway/include/dataspeed_dbw_gateway/dataspeed_dbw_gateway/msg/detail/static_arrays__rosidl_typesupport_fastrtps_c.h
-- Up-to-date symlink: /home/mtl12345/autoware/install/dataspeed_dbw_gateway/include/dataspeed_dbw_gateway/dataspeed_dbw_gateway/msg/detail/types__rosidl_typesupport_fastrtps_c.h
-- Up-to-date symlink: /home/mtl12345/autoware/install/dataspeed_dbw_gateway/include/dataspeed_dbw_gateway/dataspeed_dbw_gateway/msg/rosidl_typesupport_fastrtps_c__visibility_control.h
-- Up-to-date symlink: /home/mtl12345/autoware/install/dataspeed_dbw_gateway/include/dataspeed_dbw_gateway/dataspeed_dbw_gateway/msg/detail/bounded_dynamic_arrays__rosidl_typesupport_introspection_c.h
-- Up-to-date symlink: /home/mtl12345/autoware/install/dataspeed_dbw_gateway/include/dataspeed_dbw_gateway/dataspeed_dbw_gateway/msg/detail/dynamic_arrays__rosidl_typesupport_introspection_c.h
-- Up-to-date symlink: /home/mtl12345/autoware/install/dataspeed_dbw_gateway/include/dataspeed_dbw_gateway/dataspeed_dbw_gateway/msg/detail/example_message__rosidl_typesupport_introspection_c.h
-- Up-to-date symlink: /home/mtl12345/autoware/install/dataspeed_dbw_gateway/include/dataspeed_dbw_gateway/dataspeed_dbw_gateway/msg/detail/example_message_ext__rosidl_typesupport_introspection_c.h
-- Up-to-date symlink: /home/mtl12345/autoware/install/dataspeed_dbw_gateway/include/dataspeed_dbw_gateway/dataspeed_dbw_gateway/msg/detail/static_arrays__rosidl_typesupport_introspection_c.h
-- Up-to-date symlink: /home/mtl12345/autoware/install/dataspeed_dbw_gateway/include/dataspeed_dbw_gateway/dataspeed_dbw_gateway/msg/detail/types__rosidl_typesupport_introspection_c.h
-- Up-to-date symlink: /home/mtl12345/autoware/install/dataspeed_dbw_gateway/include/dataspeed_dbw_gateway/dataspeed_dbw_gateway/msg/rosidl_typesupport_introspection_c__visibility_control.h
-- Up-to-date symlink: /home/mtl12345/autoware/install/dataspeed_dbw_gateway/include/dataspeed_dbw_gateway/dataspeed_dbw_gateway/msg/bounded_dynamic_arrays.hpp
-- Up-to-date symlink: /home/mtl12345/autoware/install/dataspeed_dbw_gateway/include/dataspeed_dbw_gateway/dataspeed_dbw_gateway/msg/detail/bounded_dynamic_arrays__builder.hpp
-- Up-to-date symlink: /home/mtl12345/autoware/install/dataspeed_dbw_gateway/include/dataspeed_dbw_gateway/dataspeed_dbw_gateway/msg/detail/bounded_dynamic_arrays__struct.hpp
-- Up-to-date symlink: /home/mtl12345/autoware/install/dataspeed_dbw_gateway/include/dataspeed_dbw_gateway/dataspeed_dbw_gateway/msg/detail/bounded_dynamic_arrays__traits.hpp
-- Up-to-date symlink: /home/mtl12345/autoware/install/dataspeed_dbw_gateway/include/dataspeed_dbw_gateway/dataspeed_dbw_gateway/msg/detail/dynamic_arrays__builder.hpp
-- Up-to-date symlink: /home/mtl12345/autoware/install/dataspeed_dbw_gateway/include/dataspeed_dbw_gateway/dataspeed_dbw_gateway/msg/detail/dynamic_arrays__struct.hpp
-- Up-to-date symlink: /home/mtl12345/autoware/install/dataspeed_dbw_gateway/include/dataspeed_dbw_gateway/dataspeed_dbw_gateway/msg/detail/dynamic_arrays__traits.hpp
-- Up-to-date symlink: /home/mtl12345/autoware/install/dataspeed_dbw_gateway/include/dataspeed_dbw_gateway/dataspeed_dbw_gateway/msg/detail/example_message__builder.hpp
-- Up-to-date symlink: /home/mtl12345/autoware/install/dataspeed_dbw_gateway/include/dataspeed_dbw_gateway/dataspeed_dbw_gateway/msg/detail/example_message__struct.hpp
-- Up-to-date symlink: /home/mtl12345/autoware/install/dataspeed_dbw_gateway/include/dataspeed_dbw_gateway/dataspeed_dbw_gateway/msg/detail/example_message__traits.hpp
-- Up-to-date symlink: /home/mtl12345/autoware/install/dataspeed_dbw_gateway/include/dataspeed_dbw_gateway/dataspeed_dbw_gateway/msg/detail/example_message_ext__builder.hpp
-- Up-to-date symlink: /home/mtl12345/autoware/install/dataspeed_dbw_gateway/include/dataspeed_dbw_gateway/dataspeed_dbw_gateway/msg/detail/example_message_ext__struct.hpp
-- Up-to-date symlink: /home/mtl12345/autoware/install/dataspeed_dbw_gateway/include/dataspeed_dbw_gateway/dataspeed_dbw_gateway/msg/detail/example_message_ext__traits.hpp
-- Up-to-date symlink: /home/mtl12345/autoware/install/dataspeed_dbw_gateway/include/dataspeed_dbw_gateway/dataspeed_dbw_gateway/msg/detail/static_arrays__builder.hpp
-- Up-to-date symlink: /home/mtl12345/autoware/install/dataspeed_dbw_gateway/include/dataspeed_dbw_gateway/dataspeed_dbw_gateway/msg/detail/static_arrays__struct.hpp
-- Up-to-date symlink: /home/mtl12345/autoware/install/dataspeed_dbw_gateway/include/dataspeed_dbw_gateway/dataspeed_dbw_gateway/msg/detail/static_arrays__traits.hpp
-- Up-to-date symlink: /home/mtl12345/autoware/install/dataspeed_dbw_gateway/include/dataspeed_dbw_gateway/dataspeed_dbw_gateway/msg/detail/types__builder.hpp
-- Up-to-date symlink: /home/mtl12345/autoware/install/dataspeed_dbw_gateway/include/dataspeed_dbw_gateway/dataspeed_dbw_gateway/msg/detail/types__struct.hpp
-- Up-to-date symlink: /home/mtl12345/autoware/install/dataspeed_dbw_gateway/include/dataspeed_dbw_gateway/dataspeed_dbw_gateway/msg/detail/types__traits.hpp
-- Up-to-date symlink: /home/mtl12345/autoware/install/dataspeed_dbw_gateway/include/dataspeed_dbw_gateway/dataspeed_dbw_gateway/msg/dynamic_arrays.hpp
-- Up-to-date symlink: /home/mtl12345/autoware/install/dataspeed_dbw_gateway/include/dataspeed_dbw_gateway/dataspeed_dbw_gateway/msg/example_message.hpp
-- Up-to-date symlink: /home/mtl12345/autoware/install/dataspeed_dbw_gateway/include/dataspeed_dbw_gateway/dataspeed_dbw_gateway/msg/example_message_ext.hpp
-- Up-to-date symlink: /home/mtl12345/autoware/install/dataspeed_dbw_gateway/include/dataspeed_dbw_gateway/dataspeed_dbw_gateway/msg/static_arrays.hpp
-- Up-to-date symlink: /home/mtl12345/autoware/install/dataspeed_dbw_gateway/include/dataspeed_dbw_gateway/dataspeed_dbw_gateway/msg/types.hpp
-- Up-to-date symlink: /home/mtl12345/autoware/install/dataspeed_dbw_gateway/include/dataspeed_dbw_gateway/dataspeed_dbw_gateway/msg/detail/bounded_dynamic_arrays__rosidl_typesupport_fastrtps_cpp.hpp
-- Up-to-date symlink: /home/mtl12345/autoware/install/dataspeed_dbw_gateway/include/dataspeed_dbw_gateway/dataspeed_dbw_gateway/msg/detail/dynamic_arrays__rosidl_typesupport_fastrtps_cpp.hpp
-- Up-to-date symlink: /home/mtl12345/autoware/install/dataspeed_dbw_gateway/include/dataspeed_dbw_gateway/dataspeed_dbw_gateway/msg/detail/example_message__rosidl_typesupport_fastrtps_cpp.hpp
-- Up-to-date symlink: /home/mtl12345/autoware/install/dataspeed_dbw_gateway/include/dataspeed_dbw_gateway/dataspeed_dbw_gateway/msg/detail/example_message_ext__rosidl_typesupport_fastrtps_cpp.hpp
-- Up-to-date symlink: /home/mtl12345/autoware/install/dataspeed_dbw_gateway/include/dataspeed_dbw_gateway/dataspeed_dbw_gateway/msg/detail/static_arrays__rosidl_typesupport_fastrtps_cpp.hpp
-- Up-to-date symlink: /home/mtl12345/autoware/install/dataspeed_dbw_gateway/include/dataspeed_dbw_gateway/dataspeed_dbw_gateway/msg/detail/types__rosidl_typesupport_fastrtps_cpp.hpp
-- Up-to-date symlink: /home/mtl12345/autoware/install/dataspeed_dbw_gateway/include/dataspeed_dbw_gateway/dataspeed_dbw_gateway/msg/rosidl_typesupport_fastrtps_cpp__visibility_control.h
-- Up-to-date symlink: /home/mtl12345/autoware/install/dataspeed_dbw_gateway/include/dataspeed_dbw_gateway/dataspeed_dbw_gateway/msg/detail/bounded_dynamic_arrays__rosidl_typesupport_introspection_cpp.hpp
-- Up-to-date symlink: /home/mtl12345/autoware/install/dataspeed_dbw_gateway/include/dataspeed_dbw_gateway/dataspeed_dbw_gateway/msg/detail/dynamic_arrays__rosidl_typesupport_introspection_cpp.hpp
-- Up-to-date symlink: /home/mtl12345/autoware/install/dataspeed_dbw_gateway/include/dataspeed_dbw_gateway/dataspeed_dbw_gateway/msg/detail/example_message__rosidl_typesupport_introspection_cpp.hpp
-- Up-to-date symlink: /home/mtl12345/autoware/install/dataspeed_dbw_gateway/include/dataspeed_dbw_gateway/dataspeed_dbw_gateway/msg/detail/example_message_ext__rosidl_typesupport_introspection_cpp.hpp
-- Up-to-date symlink: /home/mtl12345/autoware/install/dataspeed_dbw_gateway/include/dataspeed_dbw_gateway/dataspeed_dbw_gateway/msg/detail/static_arrays__rosidl_typesupport_introspection_cpp.hpp
-- Up-to-date symlink: /home/mtl12345/autoware/install/dataspeed_dbw_gateway/include/dataspeed_dbw_gateway/dataspeed_dbw_gateway/msg/detail/types__rosidl_typesupport_introspection_cpp.hpp
-- Up-to-date symlink: /home/mtl12345/autoware/install/dataspeed_dbw_gateway/share/dataspeed_dbw_gateway/environment/pythonpath.sh
-- Up-to-date symlink: /home/mtl12345/autoware/install/dataspeed_dbw_gateway/share/dataspeed_dbw_gateway/environment/pythonpath.dsv
-- Up-to-date symlink: /home/mtl12345/autoware/install/dataspeed_dbw_gateway/local/lib/python3.10/dist-packages/dataspeed_dbw_gateway-2.1.3-py3.10.egg-info/PKG-INFO
-- Up-to-date symlink: /home/mtl12345/autoware/install/dataspeed_dbw_gateway/local/lib/python3.10/dist-packages/dataspeed_dbw_gateway-2.1.3-py3.10.egg-info/SOURCES.txt
-- Up-to-date symlink: /home/mtl12345/autoware/install/dataspeed_dbw_gateway/local/lib/python3.10/dist-packages/dataspeed_dbw_gateway-2.1.3-py3.10.egg-info/dependency_links.txt
-- Up-to-date symlink: /home/mtl12345/autoware/install/dataspeed_dbw_gateway/local/lib/python3.10/dist-packages/dataspeed_dbw_gateway-2.1.3-py3.10.egg-info/top_level.txt
-- Up-to-date symlink: /home/mtl12345/autoware/install/dataspeed_dbw_gateway/local/lib/python3.10/dist-packages/dataspeed_dbw_gateway/__init__.py
-- Up-to-date symlink: /home/mtl12345/autoware/install/dataspeed_dbw_gateway/local/lib/python3.10/dist-packages/dataspeed_dbw_gateway/_dataspeed_dbw_gateway_s.ep.rosidl_typesupport_c.c
-- Up-to-date symlink: /home/mtl12345/autoware/install/dataspeed_dbw_gateway/local/lib/python3.10/dist-packages/dataspeed_dbw_gateway/_dataspeed_dbw_gateway_s.ep.rosidl_typesupport_fastrtps_c.c
-- Up-to-date symlink: /home/mtl12345/autoware/install/dataspeed_dbw_gateway/local/lib/python3.10/dist-packages/dataspeed_dbw_gateway/_dataspeed_dbw_gateway_s.ep.rosidl_typesupport_introspection_c.c
-- Up-to-date symlink: /home/mtl12345/autoware/install/dataspeed_dbw_gateway/local/lib/python3.10/dist-packages/dataspeed_dbw_gateway/dataspeed_dbw_gateway_s__rosidl_typesupport_c.cpython-310-x86_64-linux-gnu.so
-- Up-to-date symlink: /home/mtl12345/autoware/install/dataspeed_dbw_gateway/local/lib/python3.10/dist-packages/dataspeed_dbw_gateway/dataspeed_dbw_gateway_s__rosidl_typesupport_fastrtps_c.cpython-310-x86_64-linux-gnu.so
-- Up-to-date symlink: /home/mtl12345/autoware/install/dataspeed_dbw_gateway/local/lib/python3.10/dist-packages/dataspeed_dbw_gateway/dataspeed_dbw_gateway_s__rosidl_typesupport_introspection_c.cpython-310-x86_64-linux-gnu.so
-- Up-to-date symlink: /home/mtl12345/autoware/install/dataspeed_dbw_gateway/local/lib/python3.10/dist-packages/dataspeed_dbw_gateway/libdataspeed_dbw_gateway__rosidl_generator_py.so
-- Up-to-date symlink: /home/mtl12345/autoware/install/dataspeed_dbw_gateway/local/lib/python3.10/dist-packages/dataspeed_dbw_gateway/msg/__init__.py
-- Up-to-date symlink: /home/mtl12345/autoware/install/dataspeed_dbw_gateway/local/lib/python3.10/dist-packages/dataspeed_dbw_gateway/msg/_bounded_dynamic_arrays.py
-- Up-to-date symlink: /home/mtl12345/autoware/install/dataspeed_dbw_gateway/local/lib/python3.10/dist-packages/dataspeed_dbw_gateway/msg/_bounded_dynamic_arrays_s.c
-- Up-to-date symlink: /home/mtl12345/autoware/install/dataspeed_dbw_gateway/local/lib/python3.10/dist-packages/dataspeed_dbw_gateway/msg/_dynamic_arrays.py
-- Up-to-date symlink: /home/mtl12345/autoware/install/dataspeed_dbw_gateway/local/lib/python3.10/dist-packages/dataspeed_dbw_gateway/msg/_dynamic_arrays_s.c
-- Up-to-date symlink: /home/mtl12345/autoware/install/dataspeed_dbw_gateway/local/lib/python3.10/dist-packages/dataspeed_dbw_gateway/msg/_example_message.py
-- Up-to-date symlink: /home/mtl12345/autoware/install/dataspeed_dbw_gateway/local/lib/python3.10/dist-packages/dataspeed_dbw_gateway/msg/_example_message_ext.py
-- Up-to-date symlink: /home/mtl12345/autoware/install/dataspeed_dbw_gateway/local/lib/python3.10/dist-packages/dataspeed_dbw_gateway/msg/_example_message_ext_s.c
-- Up-to-date symlink: /home/mtl12345/autoware/install/dataspeed_dbw_gateway/local/lib/python3.10/dist-packages/dataspeed_dbw_gateway/msg/_example_message_s.c
-- Up-to-date symlink: /home/mtl12345/autoware/install/dataspeed_dbw_gateway/local/lib/python3.10/dist-packages/dataspeed_dbw_gateway/msg/_static_arrays.py
-- Up-to-date symlink: /home/mtl12345/autoware/install/dataspeed_dbw_gateway/local/lib/python3.10/dist-packages/dataspeed_dbw_gateway/msg/_static_arrays_s.c
-- Up-to-date symlink: /home/mtl12345/autoware/install/dataspeed_dbw_gateway/local/lib/python3.10/dist-packages/dataspeed_dbw_gateway/msg/_types.py
-- Up-to-date symlink: /home/mtl12345/autoware/install/dataspeed_dbw_gateway/local/lib/python3.10/dist-packages/dataspeed_dbw_gateway/msg/_types_s.c
-- Up-to-date symlink: /home/mtl12345/autoware/install/dataspeed_dbw_gateway/local/lib/python3.10/dist-packages/dataspeed_dbw_gateway/dataspeed_dbw_gateway_s__rosidl_typesupport_fastrtps_c.cpython-310-x86_64-linux-gnu.so
-- Up-to-date symlink: /home/mtl12345/autoware/install/dataspeed_dbw_gateway/local/lib/python3.10/dist-packages/dataspeed_dbw_gateway/dataspeed_dbw_gateway_s__rosidl_typesupport_introspection_c.cpython-310-x86_64-linux-gnu.so
-- Up-to-date symlink: /home/mtl12345/autoware/install/dataspeed_dbw_gateway/local/lib/python3.10/dist-packages/dataspeed_dbw_gateway/dataspeed_dbw_gateway_s__rosidl_typesupport_c.cpython-310-x86_64-linux-gnu.so
-- Up-to-date symlink: /home/mtl12345/autoware/install/dataspeed_dbw_gateway/share/dataspeed_dbw_gateway/msg/BoundedDynamicArrays.idl
-- Up-to-date symlink: /home/mtl12345/autoware/install/dataspeed_dbw_gateway/share/dataspeed_dbw_gateway/msg/DynamicArrays.idl
-- Up-to-date symlink: /home/mtl12345/autoware/install/dataspeed_dbw_gateway/share/dataspeed_dbw_gateway/msg/ExampleMessage.idl
-- Up-to-date symlink: /home/mtl12345/autoware/install/dataspeed_dbw_gateway/share/dataspeed_dbw_gateway/msg/ExampleMessageExt.idl
-- Up-to-date symlink: /home/mtl12345/autoware/install/dataspeed_dbw_gateway/share/dataspeed_dbw_gateway/msg/StaticArrays.idl
-- Up-to-date symlink: /home/mtl12345/autoware/install/dataspeed_dbw_gateway/share/dataspeed_dbw_gateway/msg/Types.idl
-- Up-to-date symlink: /home/mtl12345/autoware/install/dataspeed_dbw_gateway/share/dataspeed_dbw_gateway/msg/BoundedDynamicArrays.msg
-- Up-to-date symlink: /home/mtl12345/autoware/install/dataspeed_dbw_gateway/share/dataspeed_dbw_gateway/msg/DynamicArrays.msg
-- Up-to-date symlink: /home/mtl12345/autoware/install/dataspeed_dbw_gateway/share/dataspeed_dbw_gateway/msg/ExampleMessage.msg
-- Up-to-date symlink: /home/mtl12345/autoware/install/dataspeed_dbw_gateway/share/dataspeed_dbw_gateway/msg/ExampleMessageExt.msg
-- Up-to-date symlink: /home/mtl12345/autoware/install/dataspeed_dbw_gateway/share/dataspeed_dbw_gateway/msg/StaticArrays.msg
-- Up-to-date symlink: /home/mtl12345/autoware/install/dataspeed_dbw_gateway/share/dataspeed_dbw_gateway/msg/Types.msg
-- Up-to-date symlink: /home/mtl12345/autoware/install/dataspeed_dbw_gateway/lib/dataspeed_dbw_gateway/fca_gateway
-- Up-to-date symlink: /home/mtl12345/autoware/install/dataspeed_dbw_gateway/lib/dataspeed_dbw_gateway/ford_gateway
-- Up-to-date symlink: /home/mtl12345/autoware/install/dataspeed_dbw_gateway/lib/dataspeed_dbw_gateway/polaris_gateway
-- Up-to-date symlink: /home/mtl12345/autoware/install/dataspeed_dbw_gateway/lib/libdataspeed_dbw_gateway_fca.so
-- Up-to-date symlink: /home/mtl12345/autoware/install/dataspeed_dbw_gateway/lib/libdataspeed_dbw_gateway_ford.so
-- Up-to-date symlink: /home/mtl12345/autoware/install/dataspeed_dbw_gateway/lib/libdataspeed_dbw_gateway_polaris.so
-- Up-to-date symlink: /home/mtl12345/autoware/install/dataspeed_dbw_gateway/share/ament_index/resource_index/package_run_dependencies/dataspeed_dbw_gateway
-- Up-to-date symlink: /home/mtl12345/autoware/install/dataspeed_dbw_gateway/share/ament_index/resource_index/parent_prefix_path/dataspeed_dbw_gateway
-- Up-to-date symlink: /home/mtl12345/autoware/install/dataspeed_dbw_gateway/share/dataspeed_dbw_gateway/environment/ament_prefix_path.sh
-- Up-to-date symlink: /home/mtl12345/autoware/install/dataspeed_dbw_gateway/share/dataspeed_dbw_gateway/environment/ament_prefix_path.dsv
-- Up-to-date symlink: /home/mtl12345/autoware/install/dataspeed_dbw_gateway/share/dataspeed_dbw_gateway/environment/path.sh
-- Up-to-date symlink: /home/mtl12345/autoware/install/dataspeed_dbw_gateway/share/dataspeed_dbw_gateway/environment/path.dsv
-- Up-to-date symlink: /home/mtl12345/autoware/install/dataspeed_dbw_gateway/share/dataspeed_dbw_gateway/local_setup.bash
-- Up-to-date symlink: /home/mtl12345/autoware/install/dataspeed_dbw_gateway/share/dataspeed_dbw_gateway/local_setup.sh
-- Up-to-date symlink: /home/mtl12345/autoware/install/dataspeed_dbw_gateway/share/dataspeed_dbw_gateway/local_setup.zsh
-- Up-to-date symlink: /home/mtl12345/autoware/install/dataspeed_dbw_gateway/share/dataspeed_dbw_gateway/local_setup.dsv
-- Symlinking: /home/mtl12345/autoware/install/dataspeed_dbw_gateway/share/dataspeed_dbw_gateway/package.dsv
-- Up-to-date symlink: /home/mtl12345/autoware/install/dataspeed_dbw_gateway/share/ament_index/resource_index/packages/dataspeed_dbw_gateway
-- Up-to-date symlink: /home/mtl12345/autoware/install/dataspeed_dbw_gateway/share/ament_index/resource_index/rclcpp_components/dataspeed_dbw_gateway
-- Up-to-date symlink: /home/mtl12345/autoware/install/dataspeed_dbw_gateway/share/dataspeed_dbw_gateway/cmake/rosidl_cmake-extras.cmake
-- Up-to-date symlink: /home/mtl12345/autoware/install/dataspeed_dbw_gateway/share/dataspeed_dbw_gateway/cmake/ament_cmake_export_include_directories-extras.cmake
-- Up-to-date symlink: /home/mtl12345/autoware/install/dataspeed_dbw_gateway/share/dataspeed_dbw_gateway/cmake/ament_cmake_export_libraries-extras.cmake
-- Up-to-date symlink: /home/mtl12345/autoware/install/dataspeed_dbw_gateway/share/dataspeed_dbw_gateway/cmake/ament_cmake_export_targets-extras.cmake
-- Up-to-date symlink: /home/mtl12345/autoware/install/dataspeed_dbw_gateway/share/dataspeed_dbw_gateway/cmake/rosidl_cmake_export_typesupport_targets-extras.cmake
-- Up-to-date symlink: /home/mtl12345/autoware/install/dataspeed_dbw_gateway/share/dataspeed_dbw_gateway/cmake/ament_cmake_export_dependencies-extras.cmake
-- Up-to-date symlink: /home/mtl12345/autoware/install/dataspeed_dbw_gateway/share/dataspeed_dbw_gateway/cmake/rosidl_cmake_export_typesupport_libraries-extras.cmake
-- Up-to-date symlink: /home/mtl12345/autoware/install/dataspeed_dbw_gateway/share/dataspeed_dbw_gateway/cmake/dataspeed_dbw_gatewayConfig.cmake
-- Up-to-date symlink: /home/mtl12345/autoware/install/dataspeed_dbw_gateway/share/dataspeed_dbw_gateway/cmake/dataspeed_dbw_gatewayConfig-version.cmake
-- Up-to-date symlink: /home/mtl12345/autoware/install/dataspeed_dbw_gateway/share/dataspeed_dbw_gateway/package.xml
-- Up-to-date: /home/mtl12345/autoware/install/dataspeed_dbw_gateway/lib/libdataspeed_dbw_gateway__rosidl_generator_c.so
-- Up-to-date: /home/mtl12345/autoware/install/dataspeed_dbw_gateway/lib/libdataspeed_dbw_gateway__rosidl_typesupport_fastrtps_c.so
-- Up-to-date: /home/mtl12345/autoware/install/dataspeed_dbw_gateway/lib/libdataspeed_dbw_gateway__rosidl_typesupport_introspection_c.so
-- Up-to-date: /home/mtl12345/autoware/install/dataspeed_dbw_gateway/lib/libdataspeed_dbw_gateway__rosidl_typesupport_c.so
-- Up-to-date: /home/mtl12345/autoware/install/dataspeed_dbw_gateway/lib/libdataspeed_dbw_gateway__rosidl_typesupport_fastrtps_cpp.so
-- Up-to-date: /home/mtl12345/autoware/install/dataspeed_dbw_gateway/lib/libdataspeed_dbw_gateway__rosidl_typesupport_introspection_cpp.so
-- Up-to-date: /home/mtl12345/autoware/install/dataspeed_dbw_gateway/lib/libdataspeed_dbw_gateway__rosidl_typesupport_cpp.so
Listing '/home/mtl12345/autoware/install/dataspeed_dbw_gateway/local/lib/python3.10/dist-packages/dataspeed_dbw_gateway'...
Listing '/home/mtl12345/autoware/install/dataspeed_dbw_gateway/local/lib/python3.10/dist-packages/dataspeed_dbw_gateway/msg'...
-- Up-to-date: /home/mtl12345/autoware/install/dataspeed_dbw_gateway/lib/libdataspeed_dbw_gateway__rosidl_generator_py.so
-- Up-to-date: /home/mtl12345/autoware/install/dataspeed_dbw_gateway/share/dataspeed_dbw_gateway/cmake/export_dataspeed_dbw_gateway__rosidl_generator_cExport.cmake
-- Up-to-date: /home/mtl12345/autoware/install/dataspeed_dbw_gateway/share/dataspeed_dbw_gateway/cmake/export_dataspeed_dbw_gateway__rosidl_generator_cExport-release.cmake
-- Up-to-date: /home/mtl12345/autoware/install/dataspeed_dbw_gateway/share/dataspeed_dbw_gateway/cmake/export_dataspeed_dbw_gateway__rosidl_typesupport_fastrtps_cExport.cmake
-- Up-to-date: /home/mtl12345/autoware/install/dataspeed_dbw_gateway/share/dataspeed_dbw_gateway/cmake/export_dataspeed_dbw_gateway__rosidl_typesupport_fastrtps_cExport-release.cmake
-- Up-to-date: /home/mtl12345/autoware/install/dataspeed_dbw_gateway/share/dataspeed_dbw_gateway/cmake/dataspeed_dbw_gateway__rosidl_typesupport_introspection_cExport.cmake
-- Up-to-date: /home/mtl12345/autoware/install/dataspeed_dbw_gateway/share/dataspeed_dbw_gateway/cmake/dataspeed_dbw_gateway__rosidl_typesupport_introspection_cExport-release.cmake
-- Up-to-date: /home/mtl12345/autoware/install/dataspeed_dbw_gateway/share/dataspeed_dbw_gateway/cmake/dataspeed_dbw_gateway__rosidl_typesupport_cExport.cmake
-- Up-to-date: /home/mtl12345/autoware/install/dataspeed_dbw_gateway/share/dataspeed_dbw_gateway/cmake/dataspeed_dbw_gateway__rosidl_typesupport_cExport-release.cmake
-- Up-to-date: /home/mtl12345/autoware/install/dataspeed_dbw_gateway/share/dataspeed_dbw_gateway/cmake/export_dataspeed_dbw_gateway__rosidl_generator_cppExport.cmake
-- Up-to-date: /home/mtl12345/autoware/install/dataspeed_dbw_gateway/share/dataspeed_dbw_gateway/cmake/export_dataspeed_dbw_gateway__rosidl_typesupport_fastrtps_cppExport.cmake
-- Up-to-date: /home/mtl12345/autoware/install/dataspeed_dbw_gateway/share/dataspeed_dbw_gateway/cmake/export_dataspeed_dbw_gateway__rosidl_typesupport_fastrtps_cppExport-release.cmake
-- Up-to-date: /home/mtl12345/autoware/install/dataspeed_dbw_gateway/share/dataspeed_dbw_gateway/cmake/dataspeed_dbw_gateway__rosidl_typesupport_introspection_cppExport.cmake
-- Up-to-date: /home/mtl12345/autoware/install/dataspeed_dbw_gateway/share/dataspeed_dbw_gateway/cmake/dataspeed_dbw_gateway__rosidl_typesupport_introspection_cppExport-release.cmake
-- Up-to-date: /home/mtl12345/autoware/install/dataspeed_dbw_gateway/share/dataspeed_dbw_gateway/cmake/dataspeed_dbw_gateway__rosidl_typesupport_cppExport.cmake
-- Up-to-date: /home/mtl12345/autoware/install/dataspeed_dbw_gateway/share/dataspeed_dbw_gateway/cmake/dataspeed_dbw_gateway__rosidl_typesupport_cppExport-release.cmake
-- Up-to-date: /home/mtl12345/autoware/install/dataspeed_dbw_gateway/share/dataspeed_dbw_gateway/cmake/export_dataspeed_dbw_gateway__rosidl_generator_pyExport.cmake
-- Up-to-date: /home/mtl12345/autoware/install/dataspeed_dbw_gateway/share/dataspeed_dbw_gateway/cmake/export_dataspeed_dbw_gateway__rosidl_generator_pyExport-release.cmake
