-- Found autoware_cmake: 0.1.0 (/home/zhijie/autoware/install/autoware_cmake/share/autoware_cmake/cmake)
-- Found rosidl_generator_c: 3.1.5 (/opt/ros/humble/share/rosidl_generator_c/cmake)
-- Found rosidl_adapter: 3.1.5 (/opt/ros/humble/share/rosidl_adapter/cmake)
-- Found rosidl_generator_cpp: 3.1.5 (/opt/ros/humble/share/rosidl_generator_cpp/cmake)
-- Using all available rosidl_typesupport_c: rosidl_typesupport_fastrtps_c;rosidl_typesupport_introspection_c
-- Using all available rosidl_typesupport_cpp: rosidl_typesupport_fastrtps_cpp;rosidl_typesupport_introspection_cpp
-- Found rmw_implementation_cmake: 6.1.1 (/opt/ros/humble/share/rmw_implementation_cmake/cmake)
-- Found rmw_cyclonedds_cpp: 1.3.4 (/opt/ros/humble/share/rmw_cyclonedds_cpp/cmake)
-- Using RMW implementation 'rmw_cyclonedds_cpp' as default
-- Found ament_lint_auto: 0.12.8 (/opt/ros/humble/share/ament_lint_auto/cmake)
[31mCMake Error at CMakeLists.txt:22 (target_link_libraries):
  Target "speed_control" of type EXECUTABLE may not be linked into another
  target.  One may link only to INTERFACE, OBJECT, STATIC or SHARED
  libraries, or to executables with the ENABLE_EXPORTS property set.

[0m
[31mCMake Error at CMakeLists.txt:22 (target_link_libraries):
  Target "path_follow" of type EXECUTABLE may not be linked into another
  target.  One may link only to INTERFACE, OBJECT, STATIC or SHARED
  libraries, or to executables with the ENABLE_EXPORTS property set.

[0m
-- Added test 'copyright' to check source files copyright and LICENSE
-- Added test 'cppcheck' to perform static code analysis on C / C++ code
-- Configured cppcheck include dirs: /home/zhijie/autoware/src/terasim/preview_control/preview_control/include
-- Configured cppcheck exclude dirs and/or files: 
-- Added test 'lint_cmake' to check CMake code style
-- Added test 'xmllint' to check XML markup files
-- Configuring incomplete, errors occurred!
See also "/home/zhijie/autoware/build/preview_control/CMakeFiles/CMakeOutput.log".
gmake: *** [Makefile:366: cmake_check_build_system] Error 1
