[100%] Built target joy_demo
[100%] Built target dbw_polaris_joystick_demo
-- Install configuration: "Release"
-- Execute custom install script
-- Up-to-date symlink: /home/mtl12345/autoware/install/dbw_polaris_joystick_demo/lib/libdbw_polaris_joystick_demo.so
-- Up-to-date symlink: /home/mtl12345/autoware/install/dbw_polaris_joystick_demo/share/dbw_polaris_joystick_demo/launch/joystick_demo.launch.xml
-- Up-to-date symlink: /home/mtl12345/autoware/install/dbw_polaris_joystick_demo/lib/dbw_polaris_joystick_demo/joy_demo
-- Up-to-date symlink: /home/mtl12345/autoware/install/dbw_polaris_joystick_demo/share/ament_index/resource_index/package_run_dependencies/dbw_polaris_joystick_demo
-- Up-to-date symlink: /home/mtl12345/autoware/install/dbw_polaris_joystick_demo/share/ament_index/resource_index/parent_prefix_path/dbw_polaris_joystick_demo
-- Up-to-date symlink: /home/mtl12345/autoware/install/dbw_polaris_joystick_demo/share/dbw_polaris_joystick_demo/environment/ament_prefix_path.sh
-- Up-to-date symlink: /home/mtl12345/autoware/install/dbw_polaris_joystick_demo/share/dbw_polaris_joystick_demo/environment/ament_prefix_path.dsv
-- Up-to-date symlink: /home/mtl12345/autoware/install/dbw_polaris_joystick_demo/share/dbw_polaris_joystick_demo/environment/path.sh
-- Up-to-date symlink: /home/mtl12345/autoware/install/dbw_polaris_joystick_demo/share/dbw_polaris_joystick_demo/environment/path.dsv
-- Up-to-date symlink: /home/mtl12345/autoware/install/dbw_polaris_joystick_demo/share/dbw_polaris_joystick_demo/local_setup.bash
-- Up-to-date symlink: /home/mtl12345/autoware/install/dbw_polaris_joystick_demo/share/dbw_polaris_joystick_demo/local_setup.sh
-- Up-to-date symlink: /home/mtl12345/autoware/install/dbw_polaris_joystick_demo/share/dbw_polaris_joystick_demo/local_setup.zsh
-- Up-to-date symlink: /home/mtl12345/autoware/install/dbw_polaris_joystick_demo/share/dbw_polaris_joystick_demo/local_setup.dsv
-- Symlinking: /home/mtl12345/autoware/install/dbw_polaris_joystick_demo/share/dbw_polaris_joystick_demo/package.dsv
-- Up-to-date symlink: /home/mtl12345/autoware/install/dbw_polaris_joystick_demo/share/ament_index/resource_index/packages/dbw_polaris_joystick_demo
-- Up-to-date symlink: /home/mtl12345/autoware/install/dbw_polaris_joystick_demo/share/ament_index/resource_index/rclcpp_components/dbw_polaris_joystick_demo
-- Up-to-date symlink: /home/mtl12345/autoware/install/dbw_polaris_joystick_demo/share/dbw_polaris_joystick_demo/cmake/dbw_polaris_joystick_demoConfig.cmake
-- Up-to-date symlink: /home/mtl12345/autoware/install/dbw_polaris_joystick_demo/share/dbw_polaris_joystick_demo/cmake/dbw_polaris_joystick_demoConfig-version.cmake
-- Up-to-date symlink: /home/mtl12345/autoware/install/dbw_polaris_joystick_demo/share/dbw_polaris_joystick_demo/package.xml
