-- Found autoware_cmake: 0.1.0 (/home/zhijie/autoware/install/autoware_cmake/share/autoware_cmake/cmake)
-- Override CMake install command with custom implementation using symlinks instead of copying resources
-- Found rosidl_generator_c: 3.1.5 (/opt/ros/humble/share/rosidl_generator_c/cmake)
-- Found rosidl_adapter: 3.1.5 (/opt/ros/humble/share/rosidl_adapter/cmake)
-- Found rosidl_generator_cpp: 3.1.5 (/opt/ros/humble/share/rosidl_generator_cpp/cmake)
-- Using all available rosidl_typesupport_c: rosidl_typesupport_fastrtps_c;rosidl_typesupport_introspection_c
-- Using all available rosidl_typesupport_cpp: rosidl_typesupport_fastrtps_cpp;rosidl_typesupport_introspection_cpp
-- Found rmw_implementation_cmake: 6.1.1 (/opt/ros/humble/share/rmw_implementation_cmake/cmake)
-- Found rmw_cyclonedds_cpp: 1.3.4 (/opt/ros/humble/share/rmw_cyclonedds_cpp/cmake)
-- Using RMW implementation 'rmw_cyclonedds_cpp' as default
-- Found eigen3_cmake_module: 0.1.1 (/opt/ros/humble/share/eigen3_cmake_module/cmake)
-- Ensuring Eigen3 include directory is part of orocos-kdl CMake target
-- Eigen found (include: /usr/include/eigen3, version: 3.4.0)
-- FLANN found (include: /usr/include, lib: /usr/lib/x86_64-linux-gnu/libflann_cpp.so)
-- OpenNI found (version: 1.5.4.0, include: /usr/include/ni, lib: /usr/lib/libOpenNI.so;libusb::libusb)
-- OpenNI2 found (version: 2.2.0.33, include: /usr/include/openni2, lib: /usr/lib/x86_64-linux-gnu/libOpenNI2.so;libusb::libusb)
-- Eigen found (include: /usr/include/eigen3, version: 3.4.0)
-- OpenNI found (version: 1.5.4.0, include: /usr/include/ni, lib: /usr/lib/libOpenNI.so;libusb::libusb)
-- OpenNI2 found (version: 2.2.0.33, include: /usr/include/openni2, lib: /usr/lib/x86_64-linux-gnu/libOpenNI2.so;libusb::libusb)
-- Found Qhull version 8.0.2
-- OpenNI found (version: 1.5.4.0, include: /usr/include/ni, lib: /usr/lib/libOpenNI.so;libusb::libusb)
-- Found ament_lint_auto: 0.12.8 (/opt/ros/humble/share/ament_lint_auto/cmake)
-- Found gtest sources under '/opt/ros/humble/src/gtest_vendor': C++ tests using 'Google Test' will be built
-- Added test 'copyright' to check source files copyright and LICENSE
-- Added test 'cppcheck' to perform static code analysis on C / C++ code
-- Configured cppcheck include dirs: /home/zhijie/autoware/src/universe/autoware.universe/control/mpc_lateral_controller/include
-- Configured cppcheck exclude dirs and/or files: 
-- Added test 'lint_cmake' to check CMake code style
-- Added test 'xmllint' to check XML markup files
-- Configuring done
-- Generating done
-- Build files have been written to: /home/zhijie/autoware/build/mpc_lateral_controller
[35m[1mConsolidate compiler generated dependencies of target steering_offset_lib[0m
[  4%] [32mBuilding CXX object CMakeFiles/steering_offset_lib.dir/src/steering_offset/steering_offset.cpp.o[0m
[  8%] [32m[1mLinking CXX shared library libsteering_offset_lib.so[0m
[  8%] Built target steering_offset_lib
[35m[1mConsolidate compiler generated dependencies of target gtest[0m
[35m[1mConsolidate compiler generated dependencies of target gtest_main[0m
[ 13%] [32mBuilding CXX object gtest/CMakeFiles/gtest.dir/src/gtest-all.cc.o[0m
[ 17%] [32mBuilding CXX object gtest/CMakeFiles/gtest_main.dir/src/gtest_main.cc.o[0m
[ 21%] [32m[1mLinking CXX static library libgtest_main.a[0m
[ 21%] Built target gtest_main
[35m[1mConsolidate compiler generated dependencies of target mpc_lateral_controller_lib[0m
[ 26%] [32mBuilding CXX object CMakeFiles/mpc_lateral_controller_lib.dir/src/mpc_lateral_controller.cpp.o[0m
[ 30%] [32mBuilding CXX object CMakeFiles/mpc_lateral_controller_lib.dir/src/lowpass_filter.cpp.o[0m
[ 34%] [32mBuilding CXX object CMakeFiles/mpc_lateral_controller_lib.dir/src/vehicle_model/vehicle_model_interface.cpp.o[0m
[ 39%] [32m[1mLinking CXX static library libgtest.a[0m
[ 39%] Built target gtest
[ 43%] [32mBuilding CXX object CMakeFiles/mpc_lateral_controller_lib.dir/src/vehicle_model/vehicle_model_bicycle_kinematics.cpp.o[0m
[ 47%] [32mBuilding CXX object CMakeFiles/mpc_lateral_controller_lib.dir/src/vehicle_model/vehicle_model_bicycle_kinematics_no_delay.cpp.o[0m
[ 52%] [32mBuilding CXX object CMakeFiles/mpc_lateral_controller_lib.dir/src/vehicle_model/vehicle_model_bicycle_dynamics.cpp.o[0m
[ 56%] [32mBuilding CXX object CMakeFiles/mpc_lateral_controller_lib.dir/src/qp_solver/qp_solver_unconstraint_fast.cpp.o[0m
[ 60%] [32mBuilding CXX object CMakeFiles/mpc_lateral_controller_lib.dir/src/mpc_utils.cpp.o[0m
[ 65%] [32mBuilding CXX object CMakeFiles/mpc_lateral_controller_lib.dir/src/qp_solver/qp_solver_osqp.cpp.o[0m
[ 69%] [32mBuilding CXX object CMakeFiles/mpc_lateral_controller_lib.dir/src/mpc_trajectory.cpp.o[0m
[ 73%] [32mBuilding CXX object CMakeFiles/mpc_lateral_controller_lib.dir/src/mpc.cpp.o[0m
[ 78%] [32mBuilding CXX object CMakeFiles/mpc_lateral_controller_lib.dir/src/steering_predictor.cpp.o[0m
[ 82%] [32m[1mLinking CXX shared library libmpc_lateral_controller_lib.so[0m
[ 82%] Built target mpc_lateral_controller_lib
[35m[1mConsolidate compiler generated dependencies of target test_lateral_controller[0m
[ 86%] [32mBuilding CXX object CMakeFiles/test_lateral_controller.dir/test/test_mpc.cpp.o[0m
[ 91%] [32mBuilding CXX object CMakeFiles/test_lateral_controller.dir/test/test_lowpass_filter.cpp.o[0m
[ 95%] [32mBuilding CXX object CMakeFiles/test_lateral_controller.dir/test/test_mpc_utils.cpp.o[0m
[100%] [32m[1mLinking CXX executable test_lateral_controller[0m
[100%] Built target test_lateral_controller
-- Install configuration: "Release"
-- Execute custom install script
-- Up-to-date symlink: /home/zhijie/autoware/install/mpc_lateral_controller/include/mpc_lateral_controller/lowpass_filter.hpp
-- Up-to-date symlink: /home/zhijie/autoware/install/mpc_lateral_controller/include/mpc_lateral_controller/mpc.hpp
-- Up-to-date symlink: /home/zhijie/autoware/install/mpc_lateral_controller/include/mpc_lateral_controller/mpc_lateral_controller.hpp
-- Up-to-date symlink: /home/zhijie/autoware/install/mpc_lateral_controller/include/mpc_lateral_controller/mpc_trajectory.hpp
-- Up-to-date symlink: /home/zhijie/autoware/install/mpc_lateral_controller/include/mpc_lateral_controller/mpc_utils.hpp
-- Up-to-date symlink: /home/zhijie/autoware/install/mpc_lateral_controller/include/mpc_lateral_controller/qp_solver/qp_solver_interface.hpp
-- Up-to-date symlink: /home/zhijie/autoware/install/mpc_lateral_controller/include/mpc_lateral_controller/qp_solver/qp_solver_osqp.hpp
-- Up-to-date symlink: /home/zhijie/autoware/install/mpc_lateral_controller/include/mpc_lateral_controller/qp_solver/qp_solver_unconstraint_fast.hpp
-- Up-to-date symlink: /home/zhijie/autoware/install/mpc_lateral_controller/include/mpc_lateral_controller/steering_offset/steering_offset.hpp
-- Up-to-date symlink: /home/zhijie/autoware/install/mpc_lateral_controller/include/mpc_lateral_controller/steering_predictor.hpp
-- Up-to-date symlink: /home/zhijie/autoware/install/mpc_lateral_controller/include/mpc_lateral_controller/vehicle_model/vehicle_model_bicycle_dynamics.hpp
-- Up-to-date symlink: /home/zhijie/autoware/install/mpc_lateral_controller/include/mpc_lateral_controller/vehicle_model/vehicle_model_bicycle_kinematics.hpp
-- Up-to-date symlink: /home/zhijie/autoware/install/mpc_lateral_controller/include/mpc_lateral_controller/vehicle_model/vehicle_model_bicycle_kinematics_no_delay.hpp
-- Up-to-date symlink: /home/zhijie/autoware/install/mpc_lateral_controller/include/mpc_lateral_controller/vehicle_model/vehicle_model_interface.hpp
-- Up-to-date symlink: /home/zhijie/autoware/install/mpc_lateral_controller/share/mpc_lateral_controller/environment/library_path.sh
-- Up-to-date symlink: /home/zhijie/autoware/install/mpc_lateral_controller/share/mpc_lateral_controller/environment/library_path.dsv
-- Up-to-date symlink: /home/zhijie/autoware/install/mpc_lateral_controller/lib/libsteering_offset_lib.so
-- Up-to-date symlink: /home/zhijie/autoware/install/mpc_lateral_controller/lib/libmpc_lateral_controller_lib.so
-- Up-to-date symlink: /home/zhijie/autoware/install/mpc_lateral_controller/share/mpc_lateral_controller/param/lateral_controller_defaults.param.yaml
-- Up-to-date symlink: /home/zhijie/autoware/install/mpc_lateral_controller/share/ament_index/resource_index/package_run_dependencies/mpc_lateral_controller
-- Up-to-date symlink: /home/zhijie/autoware/install/mpc_lateral_controller/share/ament_index/resource_index/parent_prefix_path/mpc_lateral_controller
-- Up-to-date symlink: /home/zhijie/autoware/install/mpc_lateral_controller/share/mpc_lateral_controller/environment/ament_prefix_path.sh
-- Up-to-date symlink: /home/zhijie/autoware/install/mpc_lateral_controller/share/mpc_lateral_controller/environment/ament_prefix_path.dsv
-- Up-to-date symlink: /home/zhijie/autoware/install/mpc_lateral_controller/share/mpc_lateral_controller/environment/path.sh
-- Up-to-date symlink: /home/zhijie/autoware/install/mpc_lateral_controller/share/mpc_lateral_controller/environment/path.dsv
-- Up-to-date symlink: /home/zhijie/autoware/install/mpc_lateral_controller/share/mpc_lateral_controller/local_setup.bash
-- Up-to-date symlink: /home/zhijie/autoware/install/mpc_lateral_controller/share/mpc_lateral_controller/local_setup.sh
-- Up-to-date symlink: /home/zhijie/autoware/install/mpc_lateral_controller/share/mpc_lateral_controller/local_setup.zsh
-- Up-to-date symlink: /home/zhijie/autoware/install/mpc_lateral_controller/share/mpc_lateral_controller/local_setup.dsv
-- Symlinking: /home/zhijie/autoware/install/mpc_lateral_controller/share/mpc_lateral_controller/package.dsv
-- Up-to-date symlink: /home/zhijie/autoware/install/mpc_lateral_controller/share/ament_index/resource_index/packages/mpc_lateral_controller
-- Up-to-date symlink: /home/zhijie/autoware/install/mpc_lateral_controller/share/mpc_lateral_controller/cmake/ament_cmake_export_dependencies-extras.cmake
-- Up-to-date symlink: /home/zhijie/autoware/install/mpc_lateral_controller/share/mpc_lateral_controller/cmake/ament_cmake_export_include_directories-extras.cmake
-- Up-to-date symlink: /home/zhijie/autoware/install/mpc_lateral_controller/share/mpc_lateral_controller/cmake/ament_cmake_export_libraries-extras.cmake
-- Up-to-date symlink: /home/zhijie/autoware/install/mpc_lateral_controller/share/mpc_lateral_controller/cmake/mpc_lateral_controllerConfig.cmake
-- Up-to-date symlink: /home/zhijie/autoware/install/mpc_lateral_controller/share/mpc_lateral_controller/cmake/mpc_lateral_controllerConfig-version.cmake
-- Up-to-date symlink: /home/zhijie/autoware/install/mpc_lateral_controller/share/mpc_lateral_controller/package.xml
