[0.525s] Invoking command in '/home/zhijie/autoware/build/mpc_lateral_controller': AMENT_PREFIX_PATH=/home/zhijie/autoware/install/trajectory_follower_base:/home/zhijie/autoware/install/motion_utils:/home/zhijie/autoware/install/vehicle_info_util:/home/zhijie/autoware/install/interpolation:/home/zhijie/autoware/install/tier4_autoware_utils:/home/zhijie/autoware/install/osqp_interface:/home/zhijie/autoware/install/autoware_auto_vehicle_msgs:/home/zhijie/autoware/install/autoware_cmake:/home/zhijie/autoware/install/autoware_auto_planning_msgs:/home/zhijie/autoware/install/autoware_auto_perception_msgs:/home/zhijie/autoware/install/tier4_debug_msgs:/home/zhijie/autoware/install/autoware_lint_common:/home/zhijie/autoware/install/autoware_auto_mapping_msgs:/home/zhijie/autoware/install/autoware_auto_geometry_msgs:/home/zhijie/autoware/install/autoware_auto_control_msgs:/home/zhijie/autoware/install/autoware_adapi_v1_msgs:${AMENT_PREFIX_PATH} CMAKE_PREFIX_PATH=/home/zhijie/autoware/install/trajectory_follower_base:/home/zhijie/autoware/install/motion_utils:/home/zhijie/autoware/install/vehicle_info_util:/home/zhijie/autoware/install/interpolation:/home/zhijie/autoware/install/tier4_autoware_utils:/home/zhijie/autoware/install/osqp_interface:/home/zhijie/autoware/install/autoware_auto_vehicle_msgs:/home/zhijie/autoware/install/autoware_cmake:/home/zhijie/autoware/install/autoware_auto_planning_msgs:/home/zhijie/autoware/install/autoware_auto_perception_msgs:/home/zhijie/autoware/install/tier4_debug_msgs:/home/zhijie/autoware/install/autoware_lint_common:/home/zhijie/autoware/install/autoware_auto_mapping_msgs:/home/zhijie/autoware/install/autoware_auto_geometry_msgs:/home/zhijie/autoware/install/autoware_auto_control_msgs:/home/zhijie/autoware/install/autoware_adapi_v1_msgs:/opt/ros/humble LD_LIBRARY_PATH=/home/zhijie/autoware/install/trajectory_follower_base/lib:/home/zhijie/autoware/install/motion_utils/lib:/home/zhijie/autoware/install/vehicle_info_util/lib:/home/zhijie/autoware/install/interpolation/lib:/home/zhijie/autoware/install/tier4_autoware_utils/lib:/home/zhijie/autoware/install/osqp_interface/lib:/home/zhijie/autoware/install/autoware_auto_vehicle_msgs/lib:/home/zhijie/autoware/install/autoware_auto_planning_msgs/lib:/home/zhijie/autoware/install/autoware_auto_perception_msgs/lib:/home/zhijie/autoware/install/tier4_debug_msgs/lib:/home/zhijie/autoware/install/autoware_auto_mapping_msgs/lib:/home/zhijie/autoware/install/autoware_auto_geometry_msgs/lib:/home/zhijie/autoware/install/autoware_auto_control_msgs/lib:/home/zhijie/autoware/install/autoware_adapi_v1_msgs/lib:${LD_LIBRARY_PATH} PYTHONPATH=/home/zhijie/autoware/install/autoware_auto_vehicle_msgs/local/lib/python3.10/dist-packages:/home/zhijie/autoware/install/autoware_auto_planning_msgs/local/lib/python3.10/dist-packages:/home/zhijie/autoware/install/autoware_auto_perception_msgs/local/lib/python3.10/dist-packages:/home/zhijie/autoware/install/tier4_debug_msgs/local/lib/python3.10/dist-packages:/home/zhijie/autoware/install/autoware_auto_mapping_msgs/local/lib/python3.10/dist-packages:/home/zhijie/autoware/install/autoware_auto_geometry_msgs/local/lib/python3.10/dist-packages:/home/zhijie/autoware/install/autoware_auto_control_msgs/local/lib/python3.10/dist-packages:/home/zhijie/autoware/install/autoware_adapi_v1_msgs/local/lib/python3.10/dist-packages:${PYTHONPATH} /usr/bin/cmake /home/zhijie/autoware/src/universe/autoware.universe/control/mpc_lateral_controller -DCMAKE_BUILD_TYPE=Release -DAMENT_CMAKE_SYMLINK_INSTALL=1 -DCMAKE_INSTALL_PREFIX=/home/zhijie/autoware/install/mpc_lateral_controller
[31.024s] -- Found autoware_cmake: 0.1.0 (/home/zhijie/autoware/install/autoware_cmake/share/autoware_cmake/cmake)
[31.024s] -- Override CMake install command with custom implementation using symlinks instead of copying resources
[31.024s] -- Found rosidl_generator_c: 3.1.5 (/opt/ros/humble/share/rosidl_generator_c/cmake)
[31.024s] -- Found rosidl_adapter: 3.1.5 (/opt/ros/humble/share/rosidl_adapter/cmake)
[31.024s] -- Found rosidl_generator_cpp: 3.1.5 (/opt/ros/humble/share/rosidl_generator_cpp/cmake)
[31.024s] -- Using all available rosidl_typesupport_c: rosidl_typesupport_fastrtps_c;rosidl_typesupport_introspection_c
[31.025s] -- Using all available rosidl_typesupport_cpp: rosidl_typesupport_fastrtps_cpp;rosidl_typesupport_introspection_cpp
[31.025s] -- Found rmw_implementation_cmake: 6.1.1 (/opt/ros/humble/share/rmw_implementation_cmake/cmake)
[31.025s] -- Found rmw_cyclonedds_cpp: 1.3.4 (/opt/ros/humble/share/rmw_cyclonedds_cpp/cmake)
[31.025s] -- Using RMW implementation 'rmw_cyclonedds_cpp' as default
[31.025s] -- Found eigen3_cmake_module: 0.1.1 (/opt/ros/humble/share/eigen3_cmake_module/cmake)
[31.025s] -- Ensuring Eigen3 include directory is part of orocos-kdl CMake target
[31.025s] -- Eigen found (include: /usr/include/eigen3, version: 3.4.0)
[31.025s] -- FLANN found (include: /usr/include, lib: /usr/lib/x86_64-linux-gnu/libflann_cpp.so)
[31.025s] -- OpenNI found (version: 1.5.4.0, include: /usr/include/ni, lib: /usr/lib/libOpenNI.so;libusb::libusb)
[31.025s] -- OpenNI2 found (version: 2.2.0.33, include: /usr/include/openni2, lib: /usr/lib/x86_64-linux-gnu/libOpenNI2.so;libusb::libusb)
[31.025s] -- Eigen found (include: /usr/include/eigen3, version: 3.4.0)
[31.025s] -- OpenNI found (version: 1.5.4.0, include: /usr/include/ni, lib: /usr/lib/libOpenNI.so;libusb::libusb)
[31.026s] -- OpenNI2 found (version: 2.2.0.33, include: /usr/include/openni2, lib: /usr/lib/x86_64-linux-gnu/libOpenNI2.so;libusb::libusb)
[31.026s] -- Found Qhull version 8.0.2
[31.026s] -- OpenNI found (version: 1.5.4.0, include: /usr/include/ni, lib: /usr/lib/libOpenNI.so;libusb::libusb)
[31.026s] -- Found ament_lint_auto: 0.12.8 (/opt/ros/humble/share/ament_lint_auto/cmake)
[136.656s] -- Found gtest sources under '/opt/ros/humble/src/gtest_vendor': C++ tests using 'Google Test' will be built
[136.690s] -- Added test 'copyright' to check source files copyright and LICENSE
[136.695s] -- Added test 'cppcheck' to perform static code analysis on C / C++ code
[136.696s] -- Configured cppcheck include dirs: /home/zhijie/autoware/src/universe/autoware.universe/control/mpc_lateral_controller/include
[136.696s] -- Configured cppcheck exclude dirs and/or files: 
[136.698s] -- Added test 'lint_cmake' to check CMake code style
[136.699s] -- Added test 'xmllint' to check XML markup files
[136.717s] -- Configuring done
[137.247s] -- Generating done
[137.253s] -- Build files have been written to: /home/zhijie/autoware/build/mpc_lateral_controller
[137.312s] Invoked command in '/home/zhijie/autoware/build/mpc_lateral_controller' returned '0': AMENT_PREFIX_PATH=/home/zhijie/autoware/install/trajectory_follower_base:/home/zhijie/autoware/install/motion_utils:/home/zhijie/autoware/install/vehicle_info_util:/home/zhijie/autoware/install/interpolation:/home/zhijie/autoware/install/tier4_autoware_utils:/home/zhijie/autoware/install/osqp_interface:/home/zhijie/autoware/install/autoware_auto_vehicle_msgs:/home/zhijie/autoware/install/autoware_cmake:/home/zhijie/autoware/install/autoware_auto_planning_msgs:/home/zhijie/autoware/install/autoware_auto_perception_msgs:/home/zhijie/autoware/install/tier4_debug_msgs:/home/zhijie/autoware/install/autoware_lint_common:/home/zhijie/autoware/install/autoware_auto_mapping_msgs:/home/zhijie/autoware/install/autoware_auto_geometry_msgs:/home/zhijie/autoware/install/autoware_auto_control_msgs:/home/zhijie/autoware/install/autoware_adapi_v1_msgs:${AMENT_PREFIX_PATH} CMAKE_PREFIX_PATH=/home/zhijie/autoware/install/trajectory_follower_base:/home/zhijie/autoware/install/motion_utils:/home/zhijie/autoware/install/vehicle_info_util:/home/zhijie/autoware/install/interpolation:/home/zhijie/autoware/install/tier4_autoware_utils:/home/zhijie/autoware/install/osqp_interface:/home/zhijie/autoware/install/autoware_auto_vehicle_msgs:/home/zhijie/autoware/install/autoware_cmake:/home/zhijie/autoware/install/autoware_auto_planning_msgs:/home/zhijie/autoware/install/autoware_auto_perception_msgs:/home/zhijie/autoware/install/tier4_debug_msgs:/home/zhijie/autoware/install/autoware_lint_common:/home/zhijie/autoware/install/autoware_auto_mapping_msgs:/home/zhijie/autoware/install/autoware_auto_geometry_msgs:/home/zhijie/autoware/install/autoware_auto_control_msgs:/home/zhijie/autoware/install/autoware_adapi_v1_msgs:/opt/ros/humble LD_LIBRARY_PATH=/home/zhijie/autoware/install/trajectory_follower_base/lib:/home/zhijie/autoware/install/motion_utils/lib:/home/zhijie/autoware/install/vehicle_info_util/lib:/home/zhijie/autoware/install/interpolation/lib:/home/zhijie/autoware/install/tier4_autoware_utils/lib:/home/zhijie/autoware/install/osqp_interface/lib:/home/zhijie/autoware/install/autoware_auto_vehicle_msgs/lib:/home/zhijie/autoware/install/autoware_auto_planning_msgs/lib:/home/zhijie/autoware/install/autoware_auto_perception_msgs/lib:/home/zhijie/autoware/install/tier4_debug_msgs/lib:/home/zhijie/autoware/install/autoware_auto_mapping_msgs/lib:/home/zhijie/autoware/install/autoware_auto_geometry_msgs/lib:/home/zhijie/autoware/install/autoware_auto_control_msgs/lib:/home/zhijie/autoware/install/autoware_adapi_v1_msgs/lib:${LD_LIBRARY_PATH} PYTHONPATH=/home/zhijie/autoware/install/autoware_auto_vehicle_msgs/local/lib/python3.10/dist-packages:/home/zhijie/autoware/install/autoware_auto_planning_msgs/local/lib/python3.10/dist-packages:/home/zhijie/autoware/install/autoware_auto_perception_msgs/local/lib/python3.10/dist-packages:/home/zhijie/autoware/install/tier4_debug_msgs/local/lib/python3.10/dist-packages:/home/zhijie/autoware/install/autoware_auto_mapping_msgs/local/lib/python3.10/dist-packages:/home/zhijie/autoware/install/autoware_auto_geometry_msgs/local/lib/python3.10/dist-packages:/home/zhijie/autoware/install/autoware_auto_control_msgs/local/lib/python3.10/dist-packages:/home/zhijie/autoware/install/autoware_adapi_v1_msgs/local/lib/python3.10/dist-packages:${PYTHONPATH} /usr/bin/cmake /home/zhijie/autoware/src/universe/autoware.universe/control/mpc_lateral_controller -DCMAKE_BUILD_TYPE=Release -DAMENT_CMAKE_SYMLINK_INSTALL=1 -DCMAKE_INSTALL_PREFIX=/home/zhijie/autoware/install/mpc_lateral_controller
[137.333s] Invoking command in '/home/zhijie/autoware/build/mpc_lateral_controller': AMENT_PREFIX_PATH=/home/zhijie/autoware/install/trajectory_follower_base:/home/zhijie/autoware/install/motion_utils:/home/zhijie/autoware/install/vehicle_info_util:/home/zhijie/autoware/install/interpolation:/home/zhijie/autoware/install/tier4_autoware_utils:/home/zhijie/autoware/install/osqp_interface:/home/zhijie/autoware/install/autoware_auto_vehicle_msgs:/home/zhijie/autoware/install/autoware_cmake:/home/zhijie/autoware/install/autoware_auto_planning_msgs:/home/zhijie/autoware/install/autoware_auto_perception_msgs:/home/zhijie/autoware/install/tier4_debug_msgs:/home/zhijie/autoware/install/autoware_lint_common:/home/zhijie/autoware/install/autoware_auto_mapping_msgs:/home/zhijie/autoware/install/autoware_auto_geometry_msgs:/home/zhijie/autoware/install/autoware_auto_control_msgs:/home/zhijie/autoware/install/autoware_adapi_v1_msgs:${AMENT_PREFIX_PATH} CMAKE_PREFIX_PATH=/home/zhijie/autoware/install/trajectory_follower_base:/home/zhijie/autoware/install/motion_utils:/home/zhijie/autoware/install/vehicle_info_util:/home/zhijie/autoware/install/interpolation:/home/zhijie/autoware/install/tier4_autoware_utils:/home/zhijie/autoware/install/osqp_interface:/home/zhijie/autoware/install/autoware_auto_vehicle_msgs:/home/zhijie/autoware/install/autoware_cmake:/home/zhijie/autoware/install/autoware_auto_planning_msgs:/home/zhijie/autoware/install/autoware_auto_perception_msgs:/home/zhijie/autoware/install/tier4_debug_msgs:/home/zhijie/autoware/install/autoware_lint_common:/home/zhijie/autoware/install/autoware_auto_mapping_msgs:/home/zhijie/autoware/install/autoware_auto_geometry_msgs:/home/zhijie/autoware/install/autoware_auto_control_msgs:/home/zhijie/autoware/install/autoware_adapi_v1_msgs:/opt/ros/humble LD_LIBRARY_PATH=/home/zhijie/autoware/install/trajectory_follower_base/lib:/home/zhijie/autoware/install/motion_utils/lib:/home/zhijie/autoware/install/vehicle_info_util/lib:/home/zhijie/autoware/install/interpolation/lib:/home/zhijie/autoware/install/tier4_autoware_utils/lib:/home/zhijie/autoware/install/osqp_interface/lib:/home/zhijie/autoware/install/autoware_auto_vehicle_msgs/lib:/home/zhijie/autoware/install/autoware_auto_planning_msgs/lib:/home/zhijie/autoware/install/autoware_auto_perception_msgs/lib:/home/zhijie/autoware/install/tier4_debug_msgs/lib:/home/zhijie/autoware/install/autoware_auto_mapping_msgs/lib:/home/zhijie/autoware/install/autoware_auto_geometry_msgs/lib:/home/zhijie/autoware/install/autoware_auto_control_msgs/lib:/home/zhijie/autoware/install/autoware_adapi_v1_msgs/lib:${LD_LIBRARY_PATH} PYTHONPATH=/home/zhijie/autoware/install/autoware_auto_vehicle_msgs/local/lib/python3.10/dist-packages:/home/zhijie/autoware/install/autoware_auto_planning_msgs/local/lib/python3.10/dist-packages:/home/zhijie/autoware/install/autoware_auto_perception_msgs/local/lib/python3.10/dist-packages:/home/zhijie/autoware/install/tier4_debug_msgs/local/lib/python3.10/dist-packages:/home/zhijie/autoware/install/autoware_auto_mapping_msgs/local/lib/python3.10/dist-packages:/home/zhijie/autoware/install/autoware_auto_geometry_msgs/local/lib/python3.10/dist-packages:/home/zhijie/autoware/install/autoware_auto_control_msgs/local/lib/python3.10/dist-packages:/home/zhijie/autoware/install/autoware_adapi_v1_msgs/local/lib/python3.10/dist-packages:${PYTHONPATH} /usr/bin/cmake --build /home/zhijie/autoware/build/mpc_lateral_controller -- -j16 -l16
[151.214s] [35m[1mConsolidate compiler generated dependencies of target steering_offset_lib[0m
[151.214s] [  4%] [32mBuilding CXX object CMakeFiles/steering_offset_lib.dir/src/steering_offset/steering_offset.cpp.o[0m
[151.214s] [  8%] [32m[1mLinking CXX shared library libsteering_offset_lib.so[0m
[221.492s] [  8%] Built target steering_offset_lib
[221.513s] [35m[1mConsolidate compiler generated dependencies of target gtest[0m
[221.527s] [35m[1mConsolidate compiler generated dependencies of target gtest_main[0m
[221.544s] [ 13%] [32mBuilding CXX object gtest/CMakeFiles/gtest.dir/src/gtest-all.cc.o[0m
[221.557s] [ 17%] [32mBuilding CXX object gtest/CMakeFiles/gtest_main.dir/src/gtest_main.cc.o[0m
[223.083s] [ 21%] [32m[1mLinking CXX static library libgtest_main.a[0m
[223.231s] [ 21%] Built target gtest_main
[223.352s] [35m[1mConsolidate compiler generated dependencies of target mpc_lateral_controller_lib[0m
[223.555s] [ 26%] [32mBuilding CXX object CMakeFiles/mpc_lateral_controller_lib.dir/src/mpc_lateral_controller.cpp.o[0m
[223.583s] [ 30%] [32mBuilding CXX object CMakeFiles/mpc_lateral_controller_lib.dir/src/lowpass_filter.cpp.o[0m
[224.988s] [ 34%] [32mBuilding CXX object CMakeFiles/mpc_lateral_controller_lib.dir/src/vehicle_model/vehicle_model_interface.cpp.o[0m
[233.784s] [ 39%] [32m[1mLinking CXX static library libgtest.a[0m
[233.841s] [ 39%] Built target gtest
[240.158s] [ 43%] [32mBuilding CXX object CMakeFiles/mpc_lateral_controller_lib.dir/src/vehicle_model/vehicle_model_bicycle_kinematics.cpp.o[0m
[247.535s] [ 47%] [32mBuilding CXX object CMakeFiles/mpc_lateral_controller_lib.dir/src/vehicle_model/vehicle_model_bicycle_kinematics_no_delay.cpp.o[0m
[254.449s] [ 52%] [32mBuilding CXX object CMakeFiles/mpc_lateral_controller_lib.dir/src/vehicle_model/vehicle_model_bicycle_dynamics.cpp.o[0m
[262.072s] [ 56%] [32mBuilding CXX object CMakeFiles/mpc_lateral_controller_lib.dir/src/qp_solver/qp_solver_unconstraint_fast.cpp.o[0m
[262.090s] [ 60%] [32mBuilding CXX object CMakeFiles/mpc_lateral_controller_lib.dir/src/mpc_utils.cpp.o[0m
[262.097s] [ 65%] [32mBuilding CXX object CMakeFiles/mpc_lateral_controller_lib.dir/src/qp_solver/qp_solver_osqp.cpp.o[0m
[272.459s] [ 69%] [32mBuilding CXX object CMakeFiles/mpc_lateral_controller_lib.dir/src/mpc_trajectory.cpp.o[0m
[280.687s] [ 73%] [32mBuilding CXX object CMakeFiles/mpc_lateral_controller_lib.dir/src/mpc.cpp.o[0m
[295.847s] [ 78%] [32mBuilding CXX object CMakeFiles/mpc_lateral_controller_lib.dir/src/steering_predictor.cpp.o[0m
[300.287s] [ 82%] [32m[1mLinking CXX shared library libmpc_lateral_controller_lib.so[0m
[301.046s] [ 82%] Built target mpc_lateral_controller_lib
[301.062s] [35m[1mConsolidate compiler generated dependencies of target test_lateral_controller[0m
[301.107s] [ 86%] [32mBuilding CXX object CMakeFiles/test_lateral_controller.dir/test/test_mpc.cpp.o[0m
[311.814s] [ 91%] [32mBuilding CXX object CMakeFiles/test_lateral_controller.dir/test/test_lowpass_filter.cpp.o[0m
[314.511s] [ 95%] [32mBuilding CXX object CMakeFiles/test_lateral_controller.dir/test/test_mpc_utils.cpp.o[0m
[323.367s] [100%] [32m[1mLinking CXX executable test_lateral_controller[0m
[323.948s] [100%] Built target test_lateral_controller
[323.966s] Invoked command in '/home/zhijie/autoware/build/mpc_lateral_controller' returned '0': AMENT_PREFIX_PATH=/home/zhijie/autoware/install/trajectory_follower_base:/home/zhijie/autoware/install/motion_utils:/home/zhijie/autoware/install/vehicle_info_util:/home/zhijie/autoware/install/interpolation:/home/zhijie/autoware/install/tier4_autoware_utils:/home/zhijie/autoware/install/osqp_interface:/home/zhijie/autoware/install/autoware_auto_vehicle_msgs:/home/zhijie/autoware/install/autoware_cmake:/home/zhijie/autoware/install/autoware_auto_planning_msgs:/home/zhijie/autoware/install/autoware_auto_perception_msgs:/home/zhijie/autoware/install/tier4_debug_msgs:/home/zhijie/autoware/install/autoware_lint_common:/home/zhijie/autoware/install/autoware_auto_mapping_msgs:/home/zhijie/autoware/install/autoware_auto_geometry_msgs:/home/zhijie/autoware/install/autoware_auto_control_msgs:/home/zhijie/autoware/install/autoware_adapi_v1_msgs:${AMENT_PREFIX_PATH} CMAKE_PREFIX_PATH=/home/zhijie/autoware/install/trajectory_follower_base:/home/zhijie/autoware/install/motion_utils:/home/zhijie/autoware/install/vehicle_info_util:/home/zhijie/autoware/install/interpolation:/home/zhijie/autoware/install/tier4_autoware_utils:/home/zhijie/autoware/install/osqp_interface:/home/zhijie/autoware/install/autoware_auto_vehicle_msgs:/home/zhijie/autoware/install/autoware_cmake:/home/zhijie/autoware/install/autoware_auto_planning_msgs:/home/zhijie/autoware/install/autoware_auto_perception_msgs:/home/zhijie/autoware/install/tier4_debug_msgs:/home/zhijie/autoware/install/autoware_lint_common:/home/zhijie/autoware/install/autoware_auto_mapping_msgs:/home/zhijie/autoware/install/autoware_auto_geometry_msgs:/home/zhijie/autoware/install/autoware_auto_control_msgs:/home/zhijie/autoware/install/autoware_adapi_v1_msgs:/opt/ros/humble LD_LIBRARY_PATH=/home/zhijie/autoware/install/trajectory_follower_base/lib:/home/zhijie/autoware/install/motion_utils/lib:/home/zhijie/autoware/install/vehicle_info_util/lib:/home/zhijie/autoware/install/interpolation/lib:/home/zhijie/autoware/install/tier4_autoware_utils/lib:/home/zhijie/autoware/install/osqp_interface/lib:/home/zhijie/autoware/install/autoware_auto_vehicle_msgs/lib:/home/zhijie/autoware/install/autoware_auto_planning_msgs/lib:/home/zhijie/autoware/install/autoware_auto_perception_msgs/lib:/home/zhijie/autoware/install/tier4_debug_msgs/lib:/home/zhijie/autoware/install/autoware_auto_mapping_msgs/lib:/home/zhijie/autoware/install/autoware_auto_geometry_msgs/lib:/home/zhijie/autoware/install/autoware_auto_control_msgs/lib:/home/zhijie/autoware/install/autoware_adapi_v1_msgs/lib:${LD_LIBRARY_PATH} PYTHONPATH=/home/zhijie/autoware/install/autoware_auto_vehicle_msgs/local/lib/python3.10/dist-packages:/home/zhijie/autoware/install/autoware_auto_planning_msgs/local/lib/python3.10/dist-packages:/home/zhijie/autoware/install/autoware_auto_perception_msgs/local/lib/python3.10/dist-packages:/home/zhijie/autoware/install/tier4_debug_msgs/local/lib/python3.10/dist-packages:/home/zhijie/autoware/install/autoware_auto_mapping_msgs/local/lib/python3.10/dist-packages:/home/zhijie/autoware/install/autoware_auto_geometry_msgs/local/lib/python3.10/dist-packages:/home/zhijie/autoware/install/autoware_auto_control_msgs/local/lib/python3.10/dist-packages:/home/zhijie/autoware/install/autoware_adapi_v1_msgs/local/lib/python3.10/dist-packages:${PYTHONPATH} /usr/bin/cmake --build /home/zhijie/autoware/build/mpc_lateral_controller -- -j16 -l16
[324.024s] Invoking command in '/home/zhijie/autoware/build/mpc_lateral_controller': AMENT_PREFIX_PATH=/home/zhijie/autoware/install/trajectory_follower_base:/home/zhijie/autoware/install/motion_utils:/home/zhijie/autoware/install/vehicle_info_util:/home/zhijie/autoware/install/interpolation:/home/zhijie/autoware/install/tier4_autoware_utils:/home/zhijie/autoware/install/osqp_interface:/home/zhijie/autoware/install/autoware_auto_vehicle_msgs:/home/zhijie/autoware/install/autoware_cmake:/home/zhijie/autoware/install/autoware_auto_planning_msgs:/home/zhijie/autoware/install/autoware_auto_perception_msgs:/home/zhijie/autoware/install/tier4_debug_msgs:/home/zhijie/autoware/install/autoware_lint_common:/home/zhijie/autoware/install/autoware_auto_mapping_msgs:/home/zhijie/autoware/install/autoware_auto_geometry_msgs:/home/zhijie/autoware/install/autoware_auto_control_msgs:/home/zhijie/autoware/install/autoware_adapi_v1_msgs:${AMENT_PREFIX_PATH} CMAKE_PREFIX_PATH=/home/zhijie/autoware/install/trajectory_follower_base:/home/zhijie/autoware/install/motion_utils:/home/zhijie/autoware/install/vehicle_info_util:/home/zhijie/autoware/install/interpolation:/home/zhijie/autoware/install/tier4_autoware_utils:/home/zhijie/autoware/install/osqp_interface:/home/zhijie/autoware/install/autoware_auto_vehicle_msgs:/home/zhijie/autoware/install/autoware_cmake:/home/zhijie/autoware/install/autoware_auto_planning_msgs:/home/zhijie/autoware/install/autoware_auto_perception_msgs:/home/zhijie/autoware/install/tier4_debug_msgs:/home/zhijie/autoware/install/autoware_lint_common:/home/zhijie/autoware/install/autoware_auto_mapping_msgs:/home/zhijie/autoware/install/autoware_auto_geometry_msgs:/home/zhijie/autoware/install/autoware_auto_control_msgs:/home/zhijie/autoware/install/autoware_adapi_v1_msgs:/opt/ros/humble LD_LIBRARY_PATH=/home/zhijie/autoware/install/trajectory_follower_base/lib:/home/zhijie/autoware/install/motion_utils/lib:/home/zhijie/autoware/install/vehicle_info_util/lib:/home/zhijie/autoware/install/interpolation/lib:/home/zhijie/autoware/install/tier4_autoware_utils/lib:/home/zhijie/autoware/install/osqp_interface/lib:/home/zhijie/autoware/install/autoware_auto_vehicle_msgs/lib:/home/zhijie/autoware/install/autoware_auto_planning_msgs/lib:/home/zhijie/autoware/install/autoware_auto_perception_msgs/lib:/home/zhijie/autoware/install/tier4_debug_msgs/lib:/home/zhijie/autoware/install/autoware_auto_mapping_msgs/lib:/home/zhijie/autoware/install/autoware_auto_geometry_msgs/lib:/home/zhijie/autoware/install/autoware_auto_control_msgs/lib:/home/zhijie/autoware/install/autoware_adapi_v1_msgs/lib:${LD_LIBRARY_PATH} PYTHONPATH=/home/zhijie/autoware/install/autoware_auto_vehicle_msgs/local/lib/python3.10/dist-packages:/home/zhijie/autoware/install/autoware_auto_planning_msgs/local/lib/python3.10/dist-packages:/home/zhijie/autoware/install/autoware_auto_perception_msgs/local/lib/python3.10/dist-packages:/home/zhijie/autoware/install/tier4_debug_msgs/local/lib/python3.10/dist-packages:/home/zhijie/autoware/install/autoware_auto_mapping_msgs/local/lib/python3.10/dist-packages:/home/zhijie/autoware/install/autoware_auto_geometry_msgs/local/lib/python3.10/dist-packages:/home/zhijie/autoware/install/autoware_auto_control_msgs/local/lib/python3.10/dist-packages:/home/zhijie/autoware/install/autoware_adapi_v1_msgs/local/lib/python3.10/dist-packages:${PYTHONPATH} /usr/bin/cmake --install /home/zhijie/autoware/build/mpc_lateral_controller
[342.525s] -- Install configuration: "Release"
[342.525s] -- Execute custom install script
[342.525s] -- Up-to-date symlink: /home/zhijie/autoware/install/mpc_lateral_controller/include/mpc_lateral_controller/lowpass_filter.hpp
[342.525s] -- Up-to-date symlink: /home/zhijie/autoware/install/mpc_lateral_controller/include/mpc_lateral_controller/mpc.hpp
[342.525s] -- Up-to-date symlink: /home/zhijie/autoware/install/mpc_lateral_controller/include/mpc_lateral_controller/mpc_lateral_controller.hpp
[342.525s] -- Up-to-date symlink: /home/zhijie/autoware/install/mpc_lateral_controller/include/mpc_lateral_controller/mpc_trajectory.hpp
[342.525s] -- Up-to-date symlink: /home/zhijie/autoware/install/mpc_lateral_controller/include/mpc_lateral_controller/mpc_utils.hpp
[342.526s] -- Up-to-date symlink: /home/zhijie/autoware/install/mpc_lateral_controller/include/mpc_lateral_controller/qp_solver/qp_solver_interface.hpp
[342.526s] -- Up-to-date symlink: /home/zhijie/autoware/install/mpc_lateral_controller/include/mpc_lateral_controller/qp_solver/qp_solver_osqp.hpp
[342.526s] -- Up-to-date symlink: /home/zhijie/autoware/install/mpc_lateral_controller/include/mpc_lateral_controller/qp_solver/qp_solver_unconstraint_fast.hpp
[342.526s] -- Up-to-date symlink: /home/zhijie/autoware/install/mpc_lateral_controller/include/mpc_lateral_controller/steering_offset/steering_offset.hpp
[342.526s] -- Up-to-date symlink: /home/zhijie/autoware/install/mpc_lateral_controller/include/mpc_lateral_controller/steering_predictor.hpp
[342.526s] -- Up-to-date symlink: /home/zhijie/autoware/install/mpc_lateral_controller/include/mpc_lateral_controller/vehicle_model/vehicle_model_bicycle_dynamics.hpp
[342.526s] -- Up-to-date symlink: /home/zhijie/autoware/install/mpc_lateral_controller/include/mpc_lateral_controller/vehicle_model/vehicle_model_bicycle_kinematics.hpp
[342.526s] -- Up-to-date symlink: /home/zhijie/autoware/install/mpc_lateral_controller/include/mpc_lateral_controller/vehicle_model/vehicle_model_bicycle_kinematics_no_delay.hpp
[342.526s] -- Up-to-date symlink: /home/zhijie/autoware/install/mpc_lateral_controller/include/mpc_lateral_controller/vehicle_model/vehicle_model_interface.hpp
[342.526s] -- Up-to-date symlink: /home/zhijie/autoware/install/mpc_lateral_controller/share/mpc_lateral_controller/environment/library_path.sh
[342.527s] -- Up-to-date symlink: /home/zhijie/autoware/install/mpc_lateral_controller/share/mpc_lateral_controller/environment/library_path.dsv
[342.527s] -- Up-to-date symlink: /home/zhijie/autoware/install/mpc_lateral_controller/lib/libsteering_offset_lib.so
[342.527s] -- Up-to-date symlink: /home/zhijie/autoware/install/mpc_lateral_controller/lib/libmpc_lateral_controller_lib.so
[342.527s] -- Up-to-date symlink: /home/zhijie/autoware/install/mpc_lateral_controller/share/mpc_lateral_controller/param/lateral_controller_defaults.param.yaml
[342.527s] -- Up-to-date symlink: /home/zhijie/autoware/install/mpc_lateral_controller/share/ament_index/resource_index/package_run_dependencies/mpc_lateral_controller
[342.527s] -- Up-to-date symlink: /home/zhijie/autoware/install/mpc_lateral_controller/share/ament_index/resource_index/parent_prefix_path/mpc_lateral_controller
[342.527s] -- Up-to-date symlink: /home/zhijie/autoware/install/mpc_lateral_controller/share/mpc_lateral_controller/environment/ament_prefix_path.sh
[342.527s] -- Up-to-date symlink: /home/zhijie/autoware/install/mpc_lateral_controller/share/mpc_lateral_controller/environment/ament_prefix_path.dsv
[342.527s] -- Up-to-date symlink: /home/zhijie/autoware/install/mpc_lateral_controller/share/mpc_lateral_controller/environment/path.sh
[342.527s] -- Up-to-date symlink: /home/zhijie/autoware/install/mpc_lateral_controller/share/mpc_lateral_controller/environment/path.dsv
[342.528s] -- Up-to-date symlink: /home/zhijie/autoware/install/mpc_lateral_controller/share/mpc_lateral_controller/local_setup.bash
[342.556s] -- Up-to-date symlink: /home/zhijie/autoware/install/mpc_lateral_controller/share/mpc_lateral_controller/local_setup.sh
[342.556s] -- Up-to-date symlink: /home/zhijie/autoware/install/mpc_lateral_controller/share/mpc_lateral_controller/local_setup.zsh
[342.556s] -- Up-to-date symlink: /home/zhijie/autoware/install/mpc_lateral_controller/share/mpc_lateral_controller/local_setup.dsv
[342.556s] -- Symlinking: /home/zhijie/autoware/install/mpc_lateral_controller/share/mpc_lateral_controller/package.dsv
[342.556s] -- Up-to-date symlink: /home/zhijie/autoware/install/mpc_lateral_controller/share/ament_index/resource_index/packages/mpc_lateral_controller
[342.556s] -- Up-to-date symlink: /home/zhijie/autoware/install/mpc_lateral_controller/share/mpc_lateral_controller/cmake/ament_cmake_export_dependencies-extras.cmake
[342.556s] -- Up-to-date symlink: /home/zhijie/autoware/install/mpc_lateral_controller/share/mpc_lateral_controller/cmake/ament_cmake_export_include_directories-extras.cmake
[342.557s] -- Up-to-date symlink: /home/zhijie/autoware/install/mpc_lateral_controller/share/mpc_lateral_controller/cmake/ament_cmake_export_libraries-extras.cmake
[342.557s] -- Up-to-date symlink: /home/zhijie/autoware/install/mpc_lateral_controller/share/mpc_lateral_controller/cmake/mpc_lateral_controllerConfig.cmake
[342.557s] -- Up-to-date symlink: /home/zhijie/autoware/install/mpc_lateral_controller/share/mpc_lateral_controller/cmake/mpc_lateral_controllerConfig-version.cmake
[342.557s] -- Up-to-date symlink: /home/zhijie/autoware/install/mpc_lateral_controller/share/mpc_lateral_controller/package.xml
[342.628s] Invoked command in '/home/zhijie/autoware/build/mpc_lateral_controller' returned '0': AMENT_PREFIX_PATH=/home/zhijie/autoware/install/trajectory_follower_base:/home/zhijie/autoware/install/motion_utils:/home/zhijie/autoware/install/vehicle_info_util:/home/zhijie/autoware/install/interpolation:/home/zhijie/autoware/install/tier4_autoware_utils:/home/zhijie/autoware/install/osqp_interface:/home/zhijie/autoware/install/autoware_auto_vehicle_msgs:/home/zhijie/autoware/install/autoware_cmake:/home/zhijie/autoware/install/autoware_auto_planning_msgs:/home/zhijie/autoware/install/autoware_auto_perception_msgs:/home/zhijie/autoware/install/tier4_debug_msgs:/home/zhijie/autoware/install/autoware_lint_common:/home/zhijie/autoware/install/autoware_auto_mapping_msgs:/home/zhijie/autoware/install/autoware_auto_geometry_msgs:/home/zhijie/autoware/install/autoware_auto_control_msgs:/home/zhijie/autoware/install/autoware_adapi_v1_msgs:${AMENT_PREFIX_PATH} CMAKE_PREFIX_PATH=/home/zhijie/autoware/install/trajectory_follower_base:/home/zhijie/autoware/install/motion_utils:/home/zhijie/autoware/install/vehicle_info_util:/home/zhijie/autoware/install/interpolation:/home/zhijie/autoware/install/tier4_autoware_utils:/home/zhijie/autoware/install/osqp_interface:/home/zhijie/autoware/install/autoware_auto_vehicle_msgs:/home/zhijie/autoware/install/autoware_cmake:/home/zhijie/autoware/install/autoware_auto_planning_msgs:/home/zhijie/autoware/install/autoware_auto_perception_msgs:/home/zhijie/autoware/install/tier4_debug_msgs:/home/zhijie/autoware/install/autoware_lint_common:/home/zhijie/autoware/install/autoware_auto_mapping_msgs:/home/zhijie/autoware/install/autoware_auto_geometry_msgs:/home/zhijie/autoware/install/autoware_auto_control_msgs:/home/zhijie/autoware/install/autoware_adapi_v1_msgs:/opt/ros/humble LD_LIBRARY_PATH=/home/zhijie/autoware/install/trajectory_follower_base/lib:/home/zhijie/autoware/install/motion_utils/lib:/home/zhijie/autoware/install/vehicle_info_util/lib:/home/zhijie/autoware/install/interpolation/lib:/home/zhijie/autoware/install/tier4_autoware_utils/lib:/home/zhijie/autoware/install/osqp_interface/lib:/home/zhijie/autoware/install/autoware_auto_vehicle_msgs/lib:/home/zhijie/autoware/install/autoware_auto_planning_msgs/lib:/home/zhijie/autoware/install/autoware_auto_perception_msgs/lib:/home/zhijie/autoware/install/tier4_debug_msgs/lib:/home/zhijie/autoware/install/autoware_auto_mapping_msgs/lib:/home/zhijie/autoware/install/autoware_auto_geometry_msgs/lib:/home/zhijie/autoware/install/autoware_auto_control_msgs/lib:/home/zhijie/autoware/install/autoware_adapi_v1_msgs/lib:${LD_LIBRARY_PATH} PYTHONPATH=/home/zhijie/autoware/install/autoware_auto_vehicle_msgs/local/lib/python3.10/dist-packages:/home/zhijie/autoware/install/autoware_auto_planning_msgs/local/lib/python3.10/dist-packages:/home/zhijie/autoware/install/autoware_auto_perception_msgs/local/lib/python3.10/dist-packages:/home/zhijie/autoware/install/tier4_debug_msgs/local/lib/python3.10/dist-packages:/home/zhijie/autoware/install/autoware_auto_mapping_msgs/local/lib/python3.10/dist-packages:/home/zhijie/autoware/install/autoware_auto_geometry_msgs/local/lib/python3.10/dist-packages:/home/zhijie/autoware/install/autoware_auto_control_msgs/local/lib/python3.10/dist-packages:/home/zhijie/autoware/install/autoware_adapi_v1_msgs/local/lib/python3.10/dist-packages:${PYTHONPATH} /usr/bin/cmake --install /home/zhijie/autoware/build/mpc_lateral_controller
