[0.023s] Invoking command in '/home/zhijie/autoware/build/tier4_pcl_extensions': AMENT_PREFIX_PATH=/home/zhijie/autoware/install/autoware_cmake:/home/zhijie/autoware/install/autoware_lint_common:${AMENT_PREFIX_PATH} CMAKE_PREFIX_PATH=/home/zhijie/autoware/install/autoware_cmake:/home/zhijie/autoware/install/autoware_lint_common:/opt/ros/humble /usr/bin/cmake /home/zhijie/autoware/src/universe/autoware.universe/sensing/tier4_pcl_extensions -DCMAKE_BUILD_TYPE=Release -DAMENT_CMAKE_SYMLINK_INSTALL=1 -DCMAKE_INSTALL_PREFIX=/home/zhijie/autoware/install/tier4_pcl_extensions
[3.100s] -- Found autoware_cmake: 0.1.0 (/home/zhijie/autoware/install/autoware_cmake/share/autoware_cmake/cmake)
[3.100s] -- Override CMake install command with custom implementation using symlinks instead of copying resources
[3.101s] -- Found ament_lint_auto: 0.12.8 (/opt/ros/humble/share/ament_lint_auto/cmake)
[3.101s] -- Eigen found (include: /usr/include/eigen3, version: 3.4.0)
[3.101s] -- looking for PCL_COMMON
[3.101s] -- Added test 'copyright' to check source files copyright and LICENSE
[3.101s] -- Added test 'cppcheck' to perform static code analysis on C / C++ code
[3.101s] -- Configured cppcheck include dirs: /home/zhijie/autoware/src/universe/autoware.universe/sensing/tier4_pcl_extensions/include
[3.101s] -- Configured cppcheck exclude dirs and/or files: 
[3.101s] -- Added test 'lint_cmake' to check CMake code style
[3.101s] -- Added test 'xmllint' to check XML markup files
[3.101s] -- Configuring done
[3.102s] -- Generating done
[3.102s] -- Build files have been written to: /home/zhijie/autoware/build/tier4_pcl_extensions
[3.132s] Invoked command in '/home/zhijie/autoware/build/tier4_pcl_extensions' returned '0': AMENT_PREFIX_PATH=/home/zhijie/autoware/install/autoware_cmake:/home/zhijie/autoware/install/autoware_lint_common:${AMENT_PREFIX_PATH} CMAKE_PREFIX_PATH=/home/zhijie/autoware/install/autoware_cmake:/home/zhijie/autoware/install/autoware_lint_common:/opt/ros/humble /usr/bin/cmake /home/zhijie/autoware/src/universe/autoware.universe/sensing/tier4_pcl_extensions -DCMAKE_BUILD_TYPE=Release -DAMENT_CMAKE_SYMLINK_INSTALL=1 -DCMAKE_INSTALL_PREFIX=/home/zhijie/autoware/install/tier4_pcl_extensions
[3.134s] Invoking command in '/home/zhijie/autoware/build/tier4_pcl_extensions': AMENT_PREFIX_PATH=/home/zhijie/autoware/install/autoware_cmake:/home/zhijie/autoware/install/autoware_lint_common:${AMENT_PREFIX_PATH} CMAKE_PREFIX_PATH=/home/zhijie/autoware/install/autoware_cmake:/home/zhijie/autoware/install/autoware_lint_common:/opt/ros/humble /usr/bin/cmake --build /home/zhijie/autoware/build/tier4_pcl_extensions -- -j16 -l16
[9.470s] [35m[1mConsolidate compiler generated dependencies of target tier4_pcl_extensions[0m
[9.471s] [ 50%] [32mBuilding CXX object CMakeFiles/tier4_pcl_extensions.dir/src/voxel_grid_nearest_centroid.cpp.o[0m
[46.374s] [100%] [32m[1mLinking CXX shared library libtier4_pcl_extensions.so[0m
[46.766s] [100%] Built target tier4_pcl_extensions
[46.819s] Invoked command in '/home/zhijie/autoware/build/tier4_pcl_extensions' returned '0': AMENT_PREFIX_PATH=/home/zhijie/autoware/install/autoware_cmake:/home/zhijie/autoware/install/autoware_lint_common:${AMENT_PREFIX_PATH} CMAKE_PREFIX_PATH=/home/zhijie/autoware/install/autoware_cmake:/home/zhijie/autoware/install/autoware_lint_common:/opt/ros/humble /usr/bin/cmake --build /home/zhijie/autoware/build/tier4_pcl_extensions -- -j16 -l16
[47.166s] Invoking command in '/home/zhijie/autoware/build/tier4_pcl_extensions': AMENT_PREFIX_PATH=/home/zhijie/autoware/install/autoware_cmake:/home/zhijie/autoware/install/autoware_lint_common:${AMENT_PREFIX_PATH} CMAKE_PREFIX_PATH=/home/zhijie/autoware/install/autoware_cmake:/home/zhijie/autoware/install/autoware_lint_common:/opt/ros/humble /usr/bin/cmake --install /home/zhijie/autoware/build/tier4_pcl_extensions
[54.231s] -- Install configuration: "Release"
[54.232s] -- Execute custom install script
[54.232s] -- Up-to-date symlink: /home/zhijie/autoware/install/tier4_pcl_extensions/include/tier4_pcl_extensions/voxel_grid_nearest_centroid.hpp
[54.233s] -- Up-to-date symlink: /home/zhijie/autoware/install/tier4_pcl_extensions/include/tier4_pcl_extensions/voxel_grid_nearest_centroid_impl.hpp
[54.237s] -- Up-to-date symlink: /home/zhijie/autoware/install/tier4_pcl_extensions/share/tier4_pcl_extensions/environment/library_path.sh
[54.238s] -- Up-to-date symlink: /home/zhijie/autoware/install/tier4_pcl_extensions/share/tier4_pcl_extensions/environment/library_path.dsv
[54.239s] -- Up-to-date symlink: /home/zhijie/autoware/install/tier4_pcl_extensions/lib/libtier4_pcl_extensions.so
[54.239s] -- Up-to-date symlink: /home/zhijie/autoware/install/tier4_pcl_extensions/share/ament_index/resource_index/package_run_dependencies/tier4_pcl_extensions
[54.239s] -- Up-to-date symlink: /home/zhijie/autoware/install/tier4_pcl_extensions/share/ament_index/resource_index/parent_prefix_path/tier4_pcl_extensions
[54.240s] -- Up-to-date symlink: /home/zhijie/autoware/install/tier4_pcl_extensions/share/tier4_pcl_extensions/environment/ament_prefix_path.sh
[54.240s] -- Up-to-date symlink: /home/zhijie/autoware/install/tier4_pcl_extensions/share/tier4_pcl_extensions/environment/ament_prefix_path.dsv
[54.240s] -- Up-to-date symlink: /home/zhijie/autoware/install/tier4_pcl_extensions/share/tier4_pcl_extensions/environment/path.sh
[54.241s] -- Up-to-date symlink: /home/zhijie/autoware/install/tier4_pcl_extensions/share/tier4_pcl_extensions/environment/path.dsv
[54.241s] -- Up-to-date symlink: /home/zhijie/autoware/install/tier4_pcl_extensions/share/tier4_pcl_extensions/local_setup.bash
[54.241s] -- Up-to-date symlink: /home/zhijie/autoware/install/tier4_pcl_extensions/share/tier4_pcl_extensions/local_setup.sh
[54.242s] -- Up-to-date symlink: /home/zhijie/autoware/install/tier4_pcl_extensions/share/tier4_pcl_extensions/local_setup.zsh
[54.242s] -- Up-to-date symlink: /home/zhijie/autoware/install/tier4_pcl_extensions/share/tier4_pcl_extensions/local_setup.dsv
[54.242s] -- Symlinking: /home/zhijie/autoware/install/tier4_pcl_extensions/share/tier4_pcl_extensions/package.dsv
[54.242s] -- Up-to-date symlink: /home/zhijie/autoware/install/tier4_pcl_extensions/share/ament_index/resource_index/packages/tier4_pcl_extensions
[54.243s] -- Up-to-date symlink: /home/zhijie/autoware/install/tier4_pcl_extensions/share/tier4_pcl_extensions/cmake/ament_cmake_export_dependencies-extras.cmake
[54.246s] -- Up-to-date symlink: /home/zhijie/autoware/install/tier4_pcl_extensions/share/tier4_pcl_extensions/cmake/ament_cmake_export_include_directories-extras.cmake
[54.247s] -- Up-to-date symlink: /home/zhijie/autoware/install/tier4_pcl_extensions/share/tier4_pcl_extensions/cmake/ament_cmake_export_libraries-extras.cmake
[54.247s] -- Up-to-date symlink: /home/zhijie/autoware/install/tier4_pcl_extensions/share/tier4_pcl_extensions/cmake/tier4_pcl_extensionsConfig.cmake
[54.247s] -- Up-to-date symlink: /home/zhijie/autoware/install/tier4_pcl_extensions/share/tier4_pcl_extensions/cmake/tier4_pcl_extensionsConfig-version.cmake
[54.247s] -- Up-to-date symlink: /home/zhijie/autoware/install/tier4_pcl_extensions/share/tier4_pcl_extensions/package.xml
[54.250s] Invoked command in '/home/zhijie/autoware/build/tier4_pcl_extensions' returned '0': AMENT_PREFIX_PATH=/home/zhijie/autoware/install/autoware_cmake:/home/zhijie/autoware/install/autoware_lint_common:${AMENT_PREFIX_PATH} CMAKE_PREFIX_PATH=/home/zhijie/autoware/install/autoware_cmake:/home/zhijie/autoware/install/autoware_lint_common:/opt/ros/humble /usr/bin/cmake --install /home/zhijie/autoware/build/tier4_pcl_extensions
