-- Install configuration: "Release"
-- Execute custom install script
-- Up-to-date symlink: /home/mtl12345/autoware/install/dbw_fca_description/share/dbw_fca_description/meshes/jeep_18/body.dae
-- Up-to-date symlink: /home/mtl12345/autoware/install/dbw_fca_description/share/dbw_fca_description/meshes/jeep_18/body_collision.stl
-- Up-to-date symlink: /home/mtl12345/autoware/install/dbw_fca_description/share/dbw_fca_description/meshes/jeep_18/hood_logo.dae
-- Up-to-date symlink: /home/mtl12345/autoware/install/dbw_fca_description/share/dbw_fca_description/meshes/jeep_18/hood_logo_texture.png
-- Up-to-date symlink: /home/mtl12345/autoware/install/dbw_fca_description/share/dbw_fca_description/meshes/jeep_18/wheel.dae
-- Up-to-date symlink: /home/mtl12345/autoware/install/dbw_fca_description/share/dbw_fca_description/meshes/pacifica_18/body.dae
-- Up-to-date symlink: /home/mtl12345/autoware/install/dbw_fca_description/share/dbw_fca_description/meshes/pacifica_18/body_collision.stl
-- Up-to-date symlink: /home/mtl12345/autoware/install/dbw_fca_description/share/dbw_fca_description/meshes/pacifica_18/door_logo.dae
-- Up-to-date symlink: /home/mtl12345/autoware/install/dbw_fca_description/share/dbw_fca_description/meshes/pacifica_18/door_logo_texture.png
-- Up-to-date symlink: /home/mtl12345/autoware/install/dbw_fca_description/share/dbw_fca_description/meshes/pacifica_18/hood_logo.dae
-- Up-to-date symlink: /home/mtl12345/autoware/install/dbw_fca_description/share/dbw_fca_description/meshes/pacifica_18/hood_logo_texture.png
-- Up-to-date symlink: /home/mtl12345/autoware/install/dbw_fca_description/share/dbw_fca_description/meshes/pacifica_18/wheel.dae
-- Up-to-date symlink: /home/mtl12345/autoware/install/dbw_fca_description/share/dbw_fca_description/urdf/jeep.urdf.xacro
-- Up-to-date symlink: /home/mtl12345/autoware/install/dbw_fca_description/share/dbw_fca_description/urdf/jeep_18_structure.urdf.xacro
-- Up-to-date symlink: /home/mtl12345/autoware/install/dbw_fca_description/share/dbw_fca_description/urdf/pacifica.urdf.xacro
-- Up-to-date symlink: /home/mtl12345/autoware/install/dbw_fca_description/share/dbw_fca_description/urdf/pacifica_18_structure.urdf.xacro
-- Up-to-date symlink: /home/mtl12345/autoware/install/dbw_fca_description/share/dbw_fca_description/launch/rviz2.launch.xml
-- Up-to-date symlink: /home/mtl12345/autoware/install/dbw_fca_description/share/dbw_fca_description/launch/rviz2.rviz
-- Up-to-date symlink: /home/mtl12345/autoware/install/dbw_fca_description/share/dbw_fca_description/launch/urdf.launch.xml
-- Up-to-date symlink: /home/mtl12345/autoware/install/dbw_fca_description/share/ament_index/resource_index/package_run_dependencies/dbw_fca_description
-- Up-to-date symlink: /home/mtl12345/autoware/install/dbw_fca_description/share/ament_index/resource_index/parent_prefix_path/dbw_fca_description
-- Up-to-date symlink: /home/mtl12345/autoware/install/dbw_fca_description/share/dbw_fca_description/environment/ament_prefix_path.sh
-- Up-to-date symlink: /home/mtl12345/autoware/install/dbw_fca_description/share/dbw_fca_description/environment/ament_prefix_path.dsv
-- Up-to-date symlink: /home/mtl12345/autoware/install/dbw_fca_description/share/dbw_fca_description/environment/path.sh
-- Up-to-date symlink: /home/mtl12345/autoware/install/dbw_fca_description/share/dbw_fca_description/environment/path.dsv
-- Up-to-date symlink: /home/mtl12345/autoware/install/dbw_fca_description/share/dbw_fca_description/local_setup.bash
-- Up-to-date symlink: /home/mtl12345/autoware/install/dbw_fca_description/share/dbw_fca_description/local_setup.sh
-- Up-to-date symlink: /home/mtl12345/autoware/install/dbw_fca_description/share/dbw_fca_description/local_setup.zsh
-- Up-to-date symlink: /home/mtl12345/autoware/install/dbw_fca_description/share/dbw_fca_description/local_setup.dsv
-- Symlinking: /home/mtl12345/autoware/install/dbw_fca_description/share/dbw_fca_description/package.dsv
-- Up-to-date symlink: /home/mtl12345/autoware/install/dbw_fca_description/share/ament_index/resource_index/packages/dbw_fca_description
-- Up-to-date symlink: /home/mtl12345/autoware/install/dbw_fca_description/share/dbw_fca_description/cmake/dbw_fca_descriptionConfig.cmake
-- Up-to-date symlink: /home/mtl12345/autoware/install/dbw_fca_description/share/dbw_fca_description/cmake/dbw_fca_descriptionConfig-version.cmake
-- Up-to-date symlink: /home/mtl12345/autoware/install/dbw_fca_description/share/dbw_fca_description/package.xml
