[0.347s] Invoking command in '/home/mtl12345/autoware/build/tier4_adapi_rviz_plugin': AMENT_PREFIX_PATH=/home/mtl12345/autoware/install/component_interface_utils:/home/mtl12345/autoware/install/autoware_ad_api_specs:/home/mtl12345/autoware/install/tier4_system_msgs:/home/mtl12345/autoware/install/autoware_cmake:/home/mtl12345/autoware/install/autoware_lint_common:/home/mtl12345/autoware/install/autoware_common_msgs:/home/mtl12345/autoware/install/autoware_adapi_v1_msgs:${AMENT_PREFIX_PATH} CMAKE_PREFIX_PATH=/home/mtl12345/autoware/install/component_interface_utils:/home/mtl12345/autoware/install/autoware_ad_api_specs:/home/mtl12345/autoware/install/tier4_system_msgs:/home/mtl12345/autoware/install/autoware_cmake:/home/mtl12345/autoware/install/autoware_lint_common:/home/mtl12345/autoware/install/autoware_common_msgs:/home/mtl12345/autoware/install/autoware_adapi_v1_msgs:/opt/ros/humble LD_LIBRARY_PATH=/home/mtl12345/autoware/install/tier4_system_msgs/lib:/home/mtl12345/autoware/install/autoware_common_msgs/lib:/home/mtl12345/autoware/install/autoware_adapi_v1_msgs/lib:${LD_LIBRARY_PATH} PYTHONPATH=/home/mtl12345/autoware/install/tier4_system_msgs/local/lib/python3.10/dist-packages:/home/mtl12345/autoware/install/autoware_common_msgs/local/lib/python3.10/dist-packages:/home/mtl12345/autoware/install/autoware_adapi_v1_msgs/local/lib/python3.10/dist-packages:${PYTHONPATH} /usr/bin/cmake /home/mtl12345/autoware/src/universe/autoware.universe/common/tier4_adapi_rviz_plugin -DCMAKE_BUILD_TYPE=Release -DAMENT_CMAKE_SYMLINK_INSTALL=1 -DCMAKE_INSTALL_PREFIX=/home/mtl12345/autoware/install/tier4_adapi_rviz_plugin
[0.752s] -- Found autoware_cmake: 0.1.0 (/home/mtl12345/autoware/install/autoware_cmake/share/autoware_cmake/cmake)
[0.752s] -- Override CMake install command with custom implementation using symlinks instead of copying resources
[0.753s] -- Found rosidl_generator_c: 3.1.5 (/opt/ros/humble/share/rosidl_generator_c/cmake)
[0.753s] -- Found rosidl_adapter: 3.1.5 (/opt/ros/humble/share/rosidl_adapter/cmake)
[0.753s] -- Found rosidl_generator_cpp: 3.1.5 (/opt/ros/humble/share/rosidl_generator_cpp/cmake)
[0.753s] -- Using all available rosidl_typesupport_c: rosidl_typesupport_fastrtps_c;rosidl_typesupport_introspection_c
[0.753s] -- Using all available rosidl_typesupport_cpp: rosidl_typesupport_fastrtps_cpp;rosidl_typesupport_introspection_cpp
[1.471s] -- Found rmw_implementation_cmake: 6.1.1 (/opt/ros/humble/share/rmw_implementation_cmake/cmake)
[1.473s] -- Found rmw_cyclonedds_cpp: 1.3.4 (/opt/ros/humble/share/rmw_cyclonedds_cpp/cmake)
[1.502s] -- Using RMW implementation 'rmw_cyclonedds_cpp' as default
[1.779s] -- Setting OGRE_DIR to: '/opt/ros/humble/share/rviz_ogre_vendor/cmake/../../../opt/rviz_ogre_vendor/lib/OGRE/cmake'
[1.779s] -- Found OGRE
[1.779s] --   static     : OFF
[1.779s] --   components : HLMS;MeshLodGenerator;Overlay;Paging;Property;RTShaderSystem;Terrain;Volume
[1.779s] --   plugins    : Plugin_BSPSceneManager;Plugin_OctreeSceneManager;Plugin_PCZSceneManager;Plugin_ParticleFX;RenderSystem_GL;RenderSystem_GL3Plus;Codec_STBI
[1.779s] --   media      : /opt/ros/humble/opt/rviz_ogre_vendor/share/OGRE/Media
[1.779s] -- OGRE_LIBRARIES: OgreHLMS;OgreMeshLodGenerator;OgreOverlay;OgrePaging;OgreProperty;OgreRTShaderSystem;OgreTerrain;OgreVolume;OgreMain
[1.779s] -- OGRE_LIBRARY_DIRS: /opt/ros/humble/opt/rviz_ogre_vendor/lib
[1.780s] -- OGRE_PLUGINS: Plugin_BSPSceneManager;Plugin_OctreeSceneManager;Plugin_PCZSceneManager;Plugin_ParticleFX;RenderSystem_GL;RenderSystem_GL3Plus;Codec_STBI
[1.780s] -- OGRE_PLUGIN_DIR: /opt/ros/humble/opt/rviz_ogre_vendor/lib/OGRE
[1.780s] -- rviz_ogre_vendor::OgreOverlay for IMPORTED_LOCATION_RELEASE: /opt/ros/humble/opt/rviz_ogre_vendor/lib/libOgreOverlay.so
[1.780s] -- rviz_ogre_vendor::OgreOverlay for IMPORTED_LOCATION_DEBUG: /opt/ros/humble/opt/rviz_ogre_vendor/lib/libOgreOverlay.so
[1.780s] -- rviz_ogre_vendor::OgreMain for IMPORTED_LOCATION_RELEASE: /opt/ros/humble/opt/rviz_ogre_vendor/lib/libOgreMain.so
[1.780s] -- rviz_ogre_vendor::OgreMain for IMPORTED_LOCATION_DEBUG: /opt/ros/humble/opt/rviz_ogre_vendor/lib/libOgreMain.so
[1.783s] -- Could not find freeimage library
[1.823s] -- rviz_ogre_vendor::RenderSystem_GL for IMPORTED_LOCATION_RELEASE: _render_system_gl_static_library_abs-NOTFOUND
[1.823s] -- rviz_ogre_vendor::RenderSystem_GL for IMPORTED_LOCATION_DEBUG: _render_system_gl_static_library_abs-NOTFOUND
[1.847s] -- library: /usr/lib/x86_64-linux-gnu/libcurl.so
[2.009s] -- Ensuring Eigen3 include directory is part of orocos-kdl CMake target
[3.468s] -- Found ament_lint_auto: 0.12.8 (/opt/ros/humble/share/ament_lint_auto/cmake)
[3.546s] -- Added test 'copyright' to check source files copyright and LICENSE
[3.547s] -- Added test 'cppcheck' to perform static code analysis on C / C++ code
[3.548s] -- Configured cppcheck include dirs: 
[3.548s] -- Configured cppcheck exclude dirs and/or files: 
[3.548s] -- Added test 'lint_cmake' to check CMake code style
[3.549s] -- Added test 'xmllint' to check XML markup files
[3.551s] -- Configuring done
[3.624s] -- Generating done
[3.628s] -- Build files have been written to: /home/mtl12345/autoware/build/tier4_adapi_rviz_plugin
[3.937s] Invoked command in '/home/mtl12345/autoware/build/tier4_adapi_rviz_plugin' returned '0': AMENT_PREFIX_PATH=/home/mtl12345/autoware/install/component_interface_utils:/home/mtl12345/autoware/install/autoware_ad_api_specs:/home/mtl12345/autoware/install/tier4_system_msgs:/home/mtl12345/autoware/install/autoware_cmake:/home/mtl12345/autoware/install/autoware_lint_common:/home/mtl12345/autoware/install/autoware_common_msgs:/home/mtl12345/autoware/install/autoware_adapi_v1_msgs:${AMENT_PREFIX_PATH} CMAKE_PREFIX_PATH=/home/mtl12345/autoware/install/component_interface_utils:/home/mtl12345/autoware/install/autoware_ad_api_specs:/home/mtl12345/autoware/install/tier4_system_msgs:/home/mtl12345/autoware/install/autoware_cmake:/home/mtl12345/autoware/install/autoware_lint_common:/home/mtl12345/autoware/install/autoware_common_msgs:/home/mtl12345/autoware/install/autoware_adapi_v1_msgs:/opt/ros/humble LD_LIBRARY_PATH=/home/mtl12345/autoware/install/tier4_system_msgs/lib:/home/mtl12345/autoware/install/autoware_common_msgs/lib:/home/mtl12345/autoware/install/autoware_adapi_v1_msgs/lib:${LD_LIBRARY_PATH} PYTHONPATH=/home/mtl12345/autoware/install/tier4_system_msgs/local/lib/python3.10/dist-packages:/home/mtl12345/autoware/install/autoware_common_msgs/local/lib/python3.10/dist-packages:/home/mtl12345/autoware/install/autoware_adapi_v1_msgs/local/lib/python3.10/dist-packages:${PYTHONPATH} /usr/bin/cmake /home/mtl12345/autoware/src/universe/autoware.universe/common/tier4_adapi_rviz_plugin -DCMAKE_BUILD_TYPE=Release -DAMENT_CMAKE_SYMLINK_INSTALL=1 -DCMAKE_INSTALL_PREFIX=/home/mtl12345/autoware/install/tier4_adapi_rviz_plugin
[3.939s] Invoking command in '/home/mtl12345/autoware/build/tier4_adapi_rviz_plugin': AMENT_PREFIX_PATH=/home/mtl12345/autoware/install/component_interface_utils:/home/mtl12345/autoware/install/autoware_ad_api_specs:/home/mtl12345/autoware/install/tier4_system_msgs:/home/mtl12345/autoware/install/autoware_cmake:/home/mtl12345/autoware/install/autoware_lint_common:/home/mtl12345/autoware/install/autoware_common_msgs:/home/mtl12345/autoware/install/autoware_adapi_v1_msgs:${AMENT_PREFIX_PATH} CMAKE_PREFIX_PATH=/home/mtl12345/autoware/install/component_interface_utils:/home/mtl12345/autoware/install/autoware_ad_api_specs:/home/mtl12345/autoware/install/tier4_system_msgs:/home/mtl12345/autoware/install/autoware_cmake:/home/mtl12345/autoware/install/autoware_lint_common:/home/mtl12345/autoware/install/autoware_common_msgs:/home/mtl12345/autoware/install/autoware_adapi_v1_msgs:/opt/ros/humble LD_LIBRARY_PATH=/home/mtl12345/autoware/install/tier4_system_msgs/lib:/home/mtl12345/autoware/install/autoware_common_msgs/lib:/home/mtl12345/autoware/install/autoware_adapi_v1_msgs/lib:${LD_LIBRARY_PATH} PYTHONPATH=/home/mtl12345/autoware/install/tier4_system_msgs/local/lib/python3.10/dist-packages:/home/mtl12345/autoware/install/autoware_common_msgs/local/lib/python3.10/dist-packages:/home/mtl12345/autoware/install/autoware_adapi_v1_msgs/local/lib/python3.10/dist-packages:${PYTHONPATH} /usr/bin/cmake --build /home/mtl12345/autoware/build/tier4_adapi_rviz_plugin -- -j12 -l12
[4.047s] [ 20%] [34m[1mAutomatic MOC for target tier4_adapi_rviz_plugin[0m
[4.047s] [ 20%] Built target tier4_adapi_rviz_plugin_autogen
[4.048s] [35m[1mConsolidate compiler generated dependencies of target tier4_adapi_rviz_plugin[0m
[4.048s] [100%] Built target tier4_adapi_rviz_plugin
[4.422s] Invoked command in '/home/mtl12345/autoware/build/tier4_adapi_rviz_plugin' returned '0': AMENT_PREFIX_PATH=/home/mtl12345/autoware/install/component_interface_utils:/home/mtl12345/autoware/install/autoware_ad_api_specs:/home/mtl12345/autoware/install/tier4_system_msgs:/home/mtl12345/autoware/install/autoware_cmake:/home/mtl12345/autoware/install/autoware_lint_common:/home/mtl12345/autoware/install/autoware_common_msgs:/home/mtl12345/autoware/install/autoware_adapi_v1_msgs:${AMENT_PREFIX_PATH} CMAKE_PREFIX_PATH=/home/mtl12345/autoware/install/component_interface_utils:/home/mtl12345/autoware/install/autoware_ad_api_specs:/home/mtl12345/autoware/install/tier4_system_msgs:/home/mtl12345/autoware/install/autoware_cmake:/home/mtl12345/autoware/install/autoware_lint_common:/home/mtl12345/autoware/install/autoware_common_msgs:/home/mtl12345/autoware/install/autoware_adapi_v1_msgs:/opt/ros/humble LD_LIBRARY_PATH=/home/mtl12345/autoware/install/tier4_system_msgs/lib:/home/mtl12345/autoware/install/autoware_common_msgs/lib:/home/mtl12345/autoware/install/autoware_adapi_v1_msgs/lib:${LD_LIBRARY_PATH} PYTHONPATH=/home/mtl12345/autoware/install/tier4_system_msgs/local/lib/python3.10/dist-packages:/home/mtl12345/autoware/install/autoware_common_msgs/local/lib/python3.10/dist-packages:/home/mtl12345/autoware/install/autoware_adapi_v1_msgs/local/lib/python3.10/dist-packages:${PYTHONPATH} /usr/bin/cmake --build /home/mtl12345/autoware/build/tier4_adapi_rviz_plugin -- -j12 -l12
[4.888s] Invoking command in '/home/mtl12345/autoware/build/tier4_adapi_rviz_plugin': AMENT_PREFIX_PATH=/home/mtl12345/autoware/install/component_interface_utils:/home/mtl12345/autoware/install/autoware_ad_api_specs:/home/mtl12345/autoware/install/tier4_system_msgs:/home/mtl12345/autoware/install/autoware_cmake:/home/mtl12345/autoware/install/autoware_lint_common:/home/mtl12345/autoware/install/autoware_common_msgs:/home/mtl12345/autoware/install/autoware_adapi_v1_msgs:${AMENT_PREFIX_PATH} CMAKE_PREFIX_PATH=/home/mtl12345/autoware/install/component_interface_utils:/home/mtl12345/autoware/install/autoware_ad_api_specs:/home/mtl12345/autoware/install/tier4_system_msgs:/home/mtl12345/autoware/install/autoware_cmake:/home/mtl12345/autoware/install/autoware_lint_common:/home/mtl12345/autoware/install/autoware_common_msgs:/home/mtl12345/autoware/install/autoware_adapi_v1_msgs:/opt/ros/humble LD_LIBRARY_PATH=/home/mtl12345/autoware/install/tier4_system_msgs/lib:/home/mtl12345/autoware/install/autoware_common_msgs/lib:/home/mtl12345/autoware/install/autoware_adapi_v1_msgs/lib:${LD_LIBRARY_PATH} PYTHONPATH=/home/mtl12345/autoware/install/tier4_system_msgs/local/lib/python3.10/dist-packages:/home/mtl12345/autoware/install/autoware_common_msgs/local/lib/python3.10/dist-packages:/home/mtl12345/autoware/install/autoware_adapi_v1_msgs/local/lib/python3.10/dist-packages:${PYTHONPATH} /usr/bin/cmake --install /home/mtl12345/autoware/build/tier4_adapi_rviz_plugin
[4.918s] -- Install configuration: "Release"
[4.918s] -- Execute custom install script
[4.919s] -- Up-to-date symlink: /home/mtl12345/autoware/install/tier4_adapi_rviz_plugin/share/tier4_adapi_rviz_plugin/plugins/plugin_description.xml
[4.919s] -- Up-to-date symlink: /home/mtl12345/autoware/install/tier4_adapi_rviz_plugin/share/tier4_adapi_rviz_plugin/environment/library_path.sh
[4.919s] -- Up-to-date symlink: /home/mtl12345/autoware/install/tier4_adapi_rviz_plugin/share/tier4_adapi_rviz_plugin/environment/library_path.dsv
[4.920s] -- Up-to-date symlink: /home/mtl12345/autoware/install/tier4_adapi_rviz_plugin/lib/libtier4_adapi_rviz_plugin.so
[4.920s] -- Up-to-date symlink: /home/mtl12345/autoware/install/tier4_adapi_rviz_plugin/share/tier4_adapi_rviz_plugin/icons/classes/RoutePanel.png
[4.920s] -- Up-to-date symlink: /home/mtl12345/autoware/install/tier4_adapi_rviz_plugin/share/tier4_adapi_rviz_plugin/icons/classes/RouteTool.png
[4.920s] -- Up-to-date symlink: /home/mtl12345/autoware/install/tier4_adapi_rviz_plugin/share/ament_index/resource_index/package_run_dependencies/tier4_adapi_rviz_plugin
[4.920s] -- Up-to-date symlink: /home/mtl12345/autoware/install/tier4_adapi_rviz_plugin/share/ament_index/resource_index/parent_prefix_path/tier4_adapi_rviz_plugin
[4.920s] -- Up-to-date symlink: /home/mtl12345/autoware/install/tier4_adapi_rviz_plugin/share/tier4_adapi_rviz_plugin/environment/ament_prefix_path.sh
[4.921s] -- Up-to-date symlink: /home/mtl12345/autoware/install/tier4_adapi_rviz_plugin/share/tier4_adapi_rviz_plugin/environment/ament_prefix_path.dsv
[4.921s] -- Up-to-date symlink: /home/mtl12345/autoware/install/tier4_adapi_rviz_plugin/share/tier4_adapi_rviz_plugin/environment/path.sh
[4.921s] -- Up-to-date symlink: /home/mtl12345/autoware/install/tier4_adapi_rviz_plugin/share/tier4_adapi_rviz_plugin/environment/path.dsv
[4.921s] -- Up-to-date symlink: /home/mtl12345/autoware/install/tier4_adapi_rviz_plugin/share/tier4_adapi_rviz_plugin/local_setup.bash
[4.921s] -- Up-to-date symlink: /home/mtl12345/autoware/install/tier4_adapi_rviz_plugin/share/tier4_adapi_rviz_plugin/local_setup.sh
[4.921s] -- Up-to-date symlink: /home/mtl12345/autoware/install/tier4_adapi_rviz_plugin/share/tier4_adapi_rviz_plugin/local_setup.zsh
[4.921s] -- Up-to-date symlink: /home/mtl12345/autoware/install/tier4_adapi_rviz_plugin/share/tier4_adapi_rviz_plugin/local_setup.dsv
[4.921s] -- Symlinking: /home/mtl12345/autoware/install/tier4_adapi_rviz_plugin/share/tier4_adapi_rviz_plugin/package.dsv
[4.922s] -- Up-to-date symlink: /home/mtl12345/autoware/install/tier4_adapi_rviz_plugin/share/ament_index/resource_index/packages/tier4_adapi_rviz_plugin
[4.922s] -- Up-to-date symlink: /home/mtl12345/autoware/install/tier4_adapi_rviz_plugin/share/ament_index/resource_index/rviz_common__pluginlib__plugin/tier4_adapi_rviz_plugin
[4.922s] -- Up-to-date symlink: /home/mtl12345/autoware/install/tier4_adapi_rviz_plugin/share/tier4_adapi_rviz_plugin/cmake/ament_cmake_export_dependencies-extras.cmake
[4.923s] -- Up-to-date symlink: /home/mtl12345/autoware/install/tier4_adapi_rviz_plugin/share/tier4_adapi_rviz_plugin/cmake/ament_cmake_export_libraries-extras.cmake
[4.923s] -- Up-to-date symlink: /home/mtl12345/autoware/install/tier4_adapi_rviz_plugin/share/tier4_adapi_rviz_plugin/cmake/tier4_adapi_rviz_pluginConfig.cmake
[4.923s] -- Up-to-date symlink: /home/mtl12345/autoware/install/tier4_adapi_rviz_plugin/share/tier4_adapi_rviz_plugin/cmake/tier4_adapi_rviz_pluginConfig-version.cmake
[4.923s] -- Up-to-date symlink: /home/mtl12345/autoware/install/tier4_adapi_rviz_plugin/share/tier4_adapi_rviz_plugin/package.xml
[5.073s] Invoked command in '/home/mtl12345/autoware/build/tier4_adapi_rviz_plugin' returned '0': AMENT_PREFIX_PATH=/home/mtl12345/autoware/install/component_interface_utils:/home/mtl12345/autoware/install/autoware_ad_api_specs:/home/mtl12345/autoware/install/tier4_system_msgs:/home/mtl12345/autoware/install/autoware_cmake:/home/mtl12345/autoware/install/autoware_lint_common:/home/mtl12345/autoware/install/autoware_common_msgs:/home/mtl12345/autoware/install/autoware_adapi_v1_msgs:${AMENT_PREFIX_PATH} CMAKE_PREFIX_PATH=/home/mtl12345/autoware/install/component_interface_utils:/home/mtl12345/autoware/install/autoware_ad_api_specs:/home/mtl12345/autoware/install/tier4_system_msgs:/home/mtl12345/autoware/install/autoware_cmake:/home/mtl12345/autoware/install/autoware_lint_common:/home/mtl12345/autoware/install/autoware_common_msgs:/home/mtl12345/autoware/install/autoware_adapi_v1_msgs:/opt/ros/humble LD_LIBRARY_PATH=/home/mtl12345/autoware/install/tier4_system_msgs/lib:/home/mtl12345/autoware/install/autoware_common_msgs/lib:/home/mtl12345/autoware/install/autoware_adapi_v1_msgs/lib:${LD_LIBRARY_PATH} PYTHONPATH=/home/mtl12345/autoware/install/tier4_system_msgs/local/lib/python3.10/dist-packages:/home/mtl12345/autoware/install/autoware_common_msgs/local/lib/python3.10/dist-packages:/home/mtl12345/autoware/install/autoware_adapi_v1_msgs/local/lib/python3.10/dist-packages:${PYTHONPATH} /usr/bin/cmake --install /home/mtl12345/autoware/build/tier4_adapi_rviz_plugin
