[0.091s] Invoking command in '/home/zhijie/autoware/build/pandar_msgs': CMAKE_PREFIX_PATH=/opt/ros/humble /usr/bin/cmake --build /home/zhijie/autoware/build/pandar_msgs -- -j16 -l16
[0.204s] [  0%] Built target ament_cmake_python_symlink_pandar_msgs
[0.204s] [  2%] Built target pandar_msgs__cpp
[0.204s] [ 12%] Built target pandar_msgs__rosidl_generator_c
[0.204s] [35m[1mConsolidate compiler generated dependencies of target pandar_msgs__rosidl_typesupport_cpp[0m
[0.204s] [35m[1mConsolidate compiler generated dependencies of target pandar_msgs__rosidl_typesupport_introspection_cpp[0m
[0.204s] [35m[1mConsolidate compiler generated dependencies of target pandar_msgs__rosidl_typesupport_fastrtps_cpp[0m
[0.207s] [ 23%] Built target pandar_msgs__rosidl_typesupport_cpp
[0.217s] [ 34%] Built target pandar_msgs__rosidl_typesupport_fastrtps_cpp
[0.217s] [ 44%] Built target pandar_msgs__rosidl_typesupport_introspection_cpp
[0.227s] [35m[1mConsolidate compiler generated dependencies of target pandar_msgs__rosidl_typesupport_fastrtps_c[0m
[0.239s] [ 55%] Built target pandar_msgs__rosidl_typesupport_fastrtps_c
[0.240s] [ 65%] Built target pandar_msgs__rosidl_typesupport_introspection_c
[0.263s] [ 76%] Built target pandar_msgs__rosidl_typesupport_c
[0.326s] [ 76%] Built target pandar_msgs
[0.347s] [ 78%] Built target pandar_msgs__py
[0.361s] [35m[1mConsolidate compiler generated dependencies of target pandar_msgs__rosidl_generator_py[0m
[0.379s] [ 87%] Built target pandar_msgs__rosidl_generator_py
[0.399s] [35m[1mConsolidate compiler generated dependencies of target pandar_msgs__rosidl_typesupport_introspection_c__pyext[0m
[0.399s] [35m[1mConsolidate compiler generated dependencies of target pandar_msgs__rosidl_typesupport_c__pyext[0m
[0.410s] [35m[1mConsolidate compiler generated dependencies of target pandar_msgs__rosidl_typesupport_fastrtps_c__pyext[0m
[0.414s] [ 91%] Built target pandar_msgs__rosidl_typesupport_introspection_c__pyext
[0.414s] [ 95%] Built target pandar_msgs__rosidl_typesupport_c__pyext
[0.427s] [100%] Built target pandar_msgs__rosidl_typesupport_fastrtps_c__pyext
[0.576s] running egg_info
[0.576s] writing pandar_msgs.egg-info/PKG-INFO
[0.576s] writing dependency_links to pandar_msgs.egg-info/dependency_links.txt
[0.576s] writing top-level names to pandar_msgs.egg-info/top_level.txt
[0.576s] reading manifest file 'pandar_msgs.egg-info/SOURCES.txt'
[0.576s] writing manifest file 'pandar_msgs.egg-info/SOURCES.txt'
[0.609s] [100%] Built target ament_cmake_python_build_pandar_msgs_egg
[0.670s] Invoked command in '/home/zhijie/autoware/build/pandar_msgs' returned '0': CMAKE_PREFIX_PATH=/opt/ros/humble /usr/bin/cmake --build /home/zhijie/autoware/build/pandar_msgs -- -j16 -l16
[0.863s] Invoking command in '/home/zhijie/autoware/build/pandar_msgs': CMAKE_PREFIX_PATH=/opt/ros/humble /usr/bin/cmake --install /home/zhijie/autoware/build/pandar_msgs
[0.958s] -- Install configuration: "Release"
[0.958s] -- Execute custom install script
[0.959s] -- Up-to-date symlink: /home/zhijie/autoware/install/pandar_msgs/share/ament_index/resource_index/rosidl_interfaces/pandar_msgs
[0.959s] -- Up-to-date symlink: /home/zhijie/autoware/install/pandar_msgs/include/pandar_msgs/pandar_msgs/msg/detail/pandar_jumbo_packet__functions.h
[0.959s] -- Up-to-date symlink: /home/zhijie/autoware/install/pandar_msgs/include/pandar_msgs/pandar_msgs/msg/detail/pandar_jumbo_packet__struct.h
[0.959s] -- Up-to-date symlink: /home/zhijie/autoware/install/pandar_msgs/include/pandar_msgs/pandar_msgs/msg/detail/pandar_jumbo_packet__type_support.h
[0.959s] -- Up-to-date symlink: /home/zhijie/autoware/install/pandar_msgs/include/pandar_msgs/pandar_msgs/msg/detail/pandar_packet__functions.h
[0.959s] -- Up-to-date symlink: /home/zhijie/autoware/install/pandar_msgs/include/pandar_msgs/pandar_msgs/msg/detail/pandar_packet__struct.h
[0.959s] -- Up-to-date symlink: /home/zhijie/autoware/install/pandar_msgs/include/pandar_msgs/pandar_msgs/msg/detail/pandar_packet__type_support.h
[0.959s] -- Up-to-date symlink: /home/zhijie/autoware/install/pandar_msgs/include/pandar_msgs/pandar_msgs/msg/detail/pandar_scan__functions.h
[0.959s] -- Up-to-date symlink: /home/zhijie/autoware/install/pandar_msgs/include/pandar_msgs/pandar_msgs/msg/detail/pandar_scan__struct.h
[0.959s] -- Up-to-date symlink: /home/zhijie/autoware/install/pandar_msgs/include/pandar_msgs/pandar_msgs/msg/detail/pandar_scan__type_support.h
[0.959s] -- Up-to-date symlink: /home/zhijie/autoware/install/pandar_msgs/include/pandar_msgs/pandar_msgs/msg/pandar_jumbo_packet.h
[0.959s] -- Up-to-date symlink: /home/zhijie/autoware/install/pandar_msgs/include/pandar_msgs/pandar_msgs/msg/pandar_packet.h
[0.960s] -- Up-to-date symlink: /home/zhijie/autoware/install/pandar_msgs/include/pandar_msgs/pandar_msgs/msg/pandar_scan.h
[0.960s] -- Up-to-date symlink: /home/zhijie/autoware/install/pandar_msgs/include/pandar_msgs/pandar_msgs/msg/rosidl_generator_c__visibility_control.h
[0.960s] -- Up-to-date symlink: /home/zhijie/autoware/install/pandar_msgs/share/pandar_msgs/environment/library_path.sh
[0.960s] -- Up-to-date symlink: /home/zhijie/autoware/install/pandar_msgs/share/pandar_msgs/environment/library_path.dsv
[0.960s] -- Up-to-date symlink: /home/zhijie/autoware/install/pandar_msgs/include/pandar_msgs/pandar_msgs/msg/detail/pandar_jumbo_packet__rosidl_typesupport_fastrtps_c.h
[0.960s] -- Up-to-date symlink: /home/zhijie/autoware/install/pandar_msgs/include/pandar_msgs/pandar_msgs/msg/detail/pandar_packet__rosidl_typesupport_fastrtps_c.h
[0.960s] -- Up-to-date symlink: /home/zhijie/autoware/install/pandar_msgs/include/pandar_msgs/pandar_msgs/msg/detail/pandar_scan__rosidl_typesupport_fastrtps_c.h
[0.960s] -- Up-to-date symlink: /home/zhijie/autoware/install/pandar_msgs/include/pandar_msgs/pandar_msgs/msg/rosidl_typesupport_fastrtps_c__visibility_control.h
[0.960s] -- Up-to-date symlink: /home/zhijie/autoware/install/pandar_msgs/include/pandar_msgs/pandar_msgs/msg/detail/pandar_jumbo_packet__builder.hpp
[0.960s] -- Up-to-date symlink: /home/zhijie/autoware/install/pandar_msgs/include/pandar_msgs/pandar_msgs/msg/detail/pandar_jumbo_packet__struct.hpp
[0.960s] -- Up-to-date symlink: /home/zhijie/autoware/install/pandar_msgs/include/pandar_msgs/pandar_msgs/msg/detail/pandar_jumbo_packet__traits.hpp
[0.960s] -- Up-to-date symlink: /home/zhijie/autoware/install/pandar_msgs/include/pandar_msgs/pandar_msgs/msg/detail/pandar_packet__builder.hpp
[0.961s] -- Up-to-date symlink: /home/zhijie/autoware/install/pandar_msgs/include/pandar_msgs/pandar_msgs/msg/detail/pandar_packet__struct.hpp
[0.961s] -- Up-to-date symlink: /home/zhijie/autoware/install/pandar_msgs/include/pandar_msgs/pandar_msgs/msg/detail/pandar_packet__traits.hpp
[0.961s] -- Up-to-date symlink: /home/zhijie/autoware/install/pandar_msgs/include/pandar_msgs/pandar_msgs/msg/detail/pandar_scan__builder.hpp
[0.961s] -- Up-to-date symlink: /home/zhijie/autoware/install/pandar_msgs/include/pandar_msgs/pandar_msgs/msg/detail/pandar_scan__struct.hpp
[0.961s] -- Up-to-date symlink: /home/zhijie/autoware/install/pandar_msgs/include/pandar_msgs/pandar_msgs/msg/detail/pandar_scan__traits.hpp
[0.961s] -- Up-to-date symlink: /home/zhijie/autoware/install/pandar_msgs/include/pandar_msgs/pandar_msgs/msg/pandar_jumbo_packet.hpp
[0.961s] -- Up-to-date symlink: /home/zhijie/autoware/install/pandar_msgs/include/pandar_msgs/pandar_msgs/msg/pandar_packet.hpp
[0.961s] -- Up-to-date symlink: /home/zhijie/autoware/install/pandar_msgs/include/pandar_msgs/pandar_msgs/msg/pandar_scan.hpp
[0.961s] -- Up-to-date symlink: /home/zhijie/autoware/install/pandar_msgs/include/pandar_msgs/pandar_msgs/msg/detail/pandar_jumbo_packet__rosidl_typesupport_fastrtps_cpp.hpp
[0.961s] -- Up-to-date symlink: /home/zhijie/autoware/install/pandar_msgs/include/pandar_msgs/pandar_msgs/msg/detail/pandar_packet__rosidl_typesupport_fastrtps_cpp.hpp
[0.961s] -- Up-to-date symlink: /home/zhijie/autoware/install/pandar_msgs/include/pandar_msgs/pandar_msgs/msg/detail/pandar_scan__rosidl_typesupport_fastrtps_cpp.hpp
[0.961s] -- Up-to-date symlink: /home/zhijie/autoware/install/pandar_msgs/include/pandar_msgs/pandar_msgs/msg/rosidl_typesupport_fastrtps_cpp__visibility_control.h
[0.963s] -- Up-to-date symlink: /home/zhijie/autoware/install/pandar_msgs/include/pandar_msgs/pandar_msgs/msg/detail/pandar_jumbo_packet__rosidl_typesupport_introspection_c.h
[0.963s] -- Up-to-date symlink: /home/zhijie/autoware/install/pandar_msgs/include/pandar_msgs/pandar_msgs/msg/detail/pandar_packet__rosidl_typesupport_introspection_c.h
[0.963s] -- Up-to-date symlink: /home/zhijie/autoware/install/pandar_msgs/include/pandar_msgs/pandar_msgs/msg/detail/pandar_scan__rosidl_typesupport_introspection_c.h
[0.963s] -- Up-to-date symlink: /home/zhijie/autoware/install/pandar_msgs/include/pandar_msgs/pandar_msgs/msg/rosidl_typesupport_introspection_c__visibility_control.h
[0.963s] -- Up-to-date symlink: /home/zhijie/autoware/install/pandar_msgs/include/pandar_msgs/pandar_msgs/msg/detail/pandar_jumbo_packet__rosidl_typesupport_introspection_cpp.hpp
[0.963s] -- Up-to-date symlink: /home/zhijie/autoware/install/pandar_msgs/include/pandar_msgs/pandar_msgs/msg/detail/pandar_packet__rosidl_typesupport_introspection_cpp.hpp
[0.963s] -- Up-to-date symlink: /home/zhijie/autoware/install/pandar_msgs/include/pandar_msgs/pandar_msgs/msg/detail/pandar_scan__rosidl_typesupport_introspection_cpp.hpp
[0.963s] -- Up-to-date symlink: /home/zhijie/autoware/install/pandar_msgs/share/pandar_msgs/environment/pythonpath.sh
[0.964s] -- Up-to-date symlink: /home/zhijie/autoware/install/pandar_msgs/share/pandar_msgs/environment/pythonpath.dsv
[0.964s] -- Up-to-date symlink: /home/zhijie/autoware/install/pandar_msgs/local/lib/python3.10/dist-packages/pandar_msgs-0.0.0-py3.10.egg-info/PKG-INFO
[0.964s] -- Up-to-date symlink: /home/zhijie/autoware/install/pandar_msgs/local/lib/python3.10/dist-packages/pandar_msgs-0.0.0-py3.10.egg-info/SOURCES.txt
[0.964s] -- Up-to-date symlink: /home/zhijie/autoware/install/pandar_msgs/local/lib/python3.10/dist-packages/pandar_msgs-0.0.0-py3.10.egg-info/dependency_links.txt
[0.964s] -- Up-to-date symlink: /home/zhijie/autoware/install/pandar_msgs/local/lib/python3.10/dist-packages/pandar_msgs-0.0.0-py3.10.egg-info/top_level.txt
[0.964s] -- Up-to-date symlink: /home/zhijie/autoware/install/pandar_msgs/local/lib/python3.10/dist-packages/pandar_msgs/__init__.py
[0.964s] -- Up-to-date symlink: /home/zhijie/autoware/install/pandar_msgs/local/lib/python3.10/dist-packages/pandar_msgs/_pandar_msgs_s.ep.rosidl_typesupport_c.c
[0.964s] -- Up-to-date symlink: /home/zhijie/autoware/install/pandar_msgs/local/lib/python3.10/dist-packages/pandar_msgs/_pandar_msgs_s.ep.rosidl_typesupport_fastrtps_c.c
[0.964s] -- Up-to-date symlink: /home/zhijie/autoware/install/pandar_msgs/local/lib/python3.10/dist-packages/pandar_msgs/_pandar_msgs_s.ep.rosidl_typesupport_introspection_c.c
[0.966s] -- Up-to-date symlink: /home/zhijie/autoware/install/pandar_msgs/local/lib/python3.10/dist-packages/pandar_msgs/libpandar_msgs__rosidl_generator_py.so
[0.966s] -- Up-to-date symlink: /home/zhijie/autoware/install/pandar_msgs/local/lib/python3.10/dist-packages/pandar_msgs/msg/__init__.py
[0.966s] -- Up-to-date symlink: /home/zhijie/autoware/install/pandar_msgs/local/lib/python3.10/dist-packages/pandar_msgs/msg/_pandar_jumbo_packet.py
[0.966s] -- Up-to-date symlink: /home/zhijie/autoware/install/pandar_msgs/local/lib/python3.10/dist-packages/pandar_msgs/msg/_pandar_jumbo_packet_s.c
[0.966s] -- Up-to-date symlink: /home/zhijie/autoware/install/pandar_msgs/local/lib/python3.10/dist-packages/pandar_msgs/msg/_pandar_packet.py
[0.966s] -- Up-to-date symlink: /home/zhijie/autoware/install/pandar_msgs/local/lib/python3.10/dist-packages/pandar_msgs/msg/_pandar_packet_s.c
[0.966s] -- Up-to-date symlink: /home/zhijie/autoware/install/pandar_msgs/local/lib/python3.10/dist-packages/pandar_msgs/msg/_pandar_scan.py
[0.966s] -- Up-to-date symlink: /home/zhijie/autoware/install/pandar_msgs/local/lib/python3.10/dist-packages/pandar_msgs/msg/_pandar_scan_s.c
[0.967s] -- Up-to-date symlink: /home/zhijie/autoware/install/pandar_msgs/local/lib/python3.10/dist-packages/pandar_msgs/pandar_msgs_s__rosidl_typesupport_c.cpython-310-x86_64-linux-gnu.so
[0.967s] -- Up-to-date symlink: /home/zhijie/autoware/install/pandar_msgs/local/lib/python3.10/dist-packages/pandar_msgs/pandar_msgs_s__rosidl_typesupport_fastrtps_c.cpython-310-x86_64-linux-gnu.so
[0.968s] -- Up-to-date symlink: /home/zhijie/autoware/install/pandar_msgs/local/lib/python3.10/dist-packages/pandar_msgs/pandar_msgs_s__rosidl_typesupport_introspection_c.cpython-310-x86_64-linux-gnu.so
[0.968s] -- Up-to-date symlink: /home/zhijie/autoware/install/pandar_msgs/local/lib/python3.10/dist-packages/pandar_msgs/pandar_msgs_s__rosidl_typesupport_fastrtps_c.cpython-310-x86_64-linux-gnu.so
[0.968s] -- Up-to-date symlink: /home/zhijie/autoware/install/pandar_msgs/local/lib/python3.10/dist-packages/pandar_msgs/pandar_msgs_s__rosidl_typesupport_introspection_c.cpython-310-x86_64-linux-gnu.so
[0.968s] -- Up-to-date symlink: /home/zhijie/autoware/install/pandar_msgs/local/lib/python3.10/dist-packages/pandar_msgs/pandar_msgs_s__rosidl_typesupport_c.cpython-310-x86_64-linux-gnu.so
[0.968s] -- Up-to-date symlink: /home/zhijie/autoware/install/pandar_msgs/share/pandar_msgs/msg/PandarPacket.idl
[0.968s] -- Up-to-date symlink: /home/zhijie/autoware/install/pandar_msgs/share/pandar_msgs/msg/PandarScan.idl
[0.968s] -- Up-to-date symlink: /home/zhijie/autoware/install/pandar_msgs/share/pandar_msgs/msg/PandarJumboPacket.idl
[0.968s] -- Up-to-date symlink: /home/zhijie/autoware/install/pandar_msgs/share/pandar_msgs/msg/PandarPacket.msg
[0.968s] -- Up-to-date symlink: /home/zhijie/autoware/install/pandar_msgs/share/pandar_msgs/msg/PandarScan.msg
[0.968s] -- Up-to-date symlink: /home/zhijie/autoware/install/pandar_msgs/share/pandar_msgs/msg/PandarJumboPacket.msg
[0.968s] -- Up-to-date symlink: /home/zhijie/autoware/install/pandar_msgs/share/ament_index/resource_index/package_run_dependencies/pandar_msgs
[0.968s] -- Up-to-date symlink: /home/zhijie/autoware/install/pandar_msgs/share/ament_index/resource_index/parent_prefix_path/pandar_msgs
[0.969s] -- Up-to-date symlink: /home/zhijie/autoware/install/pandar_msgs/share/pandar_msgs/environment/ament_prefix_path.sh
[0.969s] -- Up-to-date symlink: /home/zhijie/autoware/install/pandar_msgs/share/pandar_msgs/environment/ament_prefix_path.dsv
[0.969s] -- Up-to-date symlink: /home/zhijie/autoware/install/pandar_msgs/share/pandar_msgs/environment/path.sh
[0.969s] -- Up-to-date symlink: /home/zhijie/autoware/install/pandar_msgs/share/pandar_msgs/environment/path.dsv
[0.969s] -- Up-to-date symlink: /home/zhijie/autoware/install/pandar_msgs/share/pandar_msgs/local_setup.bash
[0.969s] -- Up-to-date symlink: /home/zhijie/autoware/install/pandar_msgs/share/pandar_msgs/local_setup.sh
[0.969s] -- Up-to-date symlink: /home/zhijie/autoware/install/pandar_msgs/share/pandar_msgs/local_setup.zsh
[0.969s] -- Up-to-date symlink: /home/zhijie/autoware/install/pandar_msgs/share/pandar_msgs/local_setup.dsv
[0.969s] -- Symlinking: /home/zhijie/autoware/install/pandar_msgs/share/pandar_msgs/package.dsv
[0.969s] -- Up-to-date symlink: /home/zhijie/autoware/install/pandar_msgs/share/ament_index/resource_index/packages/pandar_msgs
[0.969s] -- Up-to-date symlink: /home/zhijie/autoware/install/pandar_msgs/share/pandar_msgs/cmake/rosidl_cmake-extras.cmake
[0.969s] -- Up-to-date symlink: /home/zhijie/autoware/install/pandar_msgs/share/pandar_msgs/cmake/ament_cmake_export_dependencies-extras.cmake
[0.970s] -- Up-to-date symlink: /home/zhijie/autoware/install/pandar_msgs/share/pandar_msgs/cmake/ament_cmake_export_include_directories-extras.cmake
[0.970s] -- Up-to-date symlink: /home/zhijie/autoware/install/pandar_msgs/share/pandar_msgs/cmake/ament_cmake_export_libraries-extras.cmake
[0.970s] -- Up-to-date symlink: /home/zhijie/autoware/install/pandar_msgs/share/pandar_msgs/cmake/ament_cmake_export_targets-extras.cmake
[0.970s] -- Up-to-date symlink: /home/zhijie/autoware/install/pandar_msgs/share/pandar_msgs/cmake/rosidl_cmake_export_typesupport_targets-extras.cmake
[0.970s] -- Up-to-date symlink: /home/zhijie/autoware/install/pandar_msgs/share/pandar_msgs/cmake/rosidl_cmake_export_typesupport_libraries-extras.cmake
[0.970s] -- Up-to-date symlink: /home/zhijie/autoware/install/pandar_msgs/share/pandar_msgs/cmake/pandar_msgsConfig.cmake
[0.970s] -- Up-to-date symlink: /home/zhijie/autoware/install/pandar_msgs/share/pandar_msgs/cmake/pandar_msgsConfig-version.cmake
[0.970s] -- Up-to-date symlink: /home/zhijie/autoware/install/pandar_msgs/share/pandar_msgs/package.xml
[0.970s] -- Up-to-date: /home/zhijie/autoware/install/pandar_msgs/lib/libpandar_msgs__rosidl_generator_c.so
[0.970s] -- Up-to-date: /home/zhijie/autoware/install/pandar_msgs/lib/libpandar_msgs__rosidl_typesupport_fastrtps_c.so
[0.970s] -- Up-to-date: /home/zhijie/autoware/install/pandar_msgs/lib/libpandar_msgs__rosidl_typesupport_fastrtps_cpp.so
[0.970s] -- Up-to-date: /home/zhijie/autoware/install/pandar_msgs/lib/libpandar_msgs__rosidl_typesupport_introspection_c.so
[0.970s] -- Up-to-date: /home/zhijie/autoware/install/pandar_msgs/lib/libpandar_msgs__rosidl_typesupport_c.so
[0.971s] -- Up-to-date: /home/zhijie/autoware/install/pandar_msgs/lib/libpandar_msgs__rosidl_typesupport_introspection_cpp.so
[0.971s] -- Up-to-date: /home/zhijie/autoware/install/pandar_msgs/lib/libpandar_msgs__rosidl_typesupport_cpp.so
[0.979s] Listing '/home/zhijie/autoware/install/pandar_msgs/local/lib/python3.10/dist-packages/pandar_msgs'...
[0.979s] Listing '/home/zhijie/autoware/install/pandar_msgs/local/lib/python3.10/dist-packages/pandar_msgs/msg'...
[0.986s] -- Up-to-date: /home/zhijie/autoware/install/pandar_msgs/lib/libpandar_msgs__rosidl_generator_py.so
[0.987s] -- Up-to-date: /home/zhijie/autoware/install/pandar_msgs/share/pandar_msgs/cmake/export_pandar_msgs__rosidl_generator_cExport.cmake
[0.987s] -- Up-to-date: /home/zhijie/autoware/install/pandar_msgs/share/pandar_msgs/cmake/export_pandar_msgs__rosidl_generator_cExport-release.cmake
[0.987s] -- Up-to-date: /home/zhijie/autoware/install/pandar_msgs/share/pandar_msgs/cmake/export_pandar_msgs__rosidl_typesupport_fastrtps_cExport.cmake
[0.987s] -- Up-to-date: /home/zhijie/autoware/install/pandar_msgs/share/pandar_msgs/cmake/export_pandar_msgs__rosidl_typesupport_fastrtps_cExport-release.cmake
[0.987s] -- Up-to-date: /home/zhijie/autoware/install/pandar_msgs/share/pandar_msgs/cmake/export_pandar_msgs__rosidl_generator_cppExport.cmake
[0.988s] -- Up-to-date: /home/zhijie/autoware/install/pandar_msgs/share/pandar_msgs/cmake/export_pandar_msgs__rosidl_typesupport_fastrtps_cppExport.cmake
[0.988s] -- Up-to-date: /home/zhijie/autoware/install/pandar_msgs/share/pandar_msgs/cmake/export_pandar_msgs__rosidl_typesupport_fastrtps_cppExport-release.cmake
[0.988s] -- Up-to-date: /home/zhijie/autoware/install/pandar_msgs/share/pandar_msgs/cmake/pandar_msgs__rosidl_typesupport_introspection_cExport.cmake
[0.988s] -- Up-to-date: /home/zhijie/autoware/install/pandar_msgs/share/pandar_msgs/cmake/pandar_msgs__rosidl_typesupport_introspection_cExport-release.cmake
[0.989s] -- Up-to-date: /home/zhijie/autoware/install/pandar_msgs/share/pandar_msgs/cmake/pandar_msgs__rosidl_typesupport_cExport.cmake
[0.989s] -- Up-to-date: /home/zhijie/autoware/install/pandar_msgs/share/pandar_msgs/cmake/pandar_msgs__rosidl_typesupport_cExport-release.cmake
[0.989s] -- Up-to-date: /home/zhijie/autoware/install/pandar_msgs/share/pandar_msgs/cmake/pandar_msgs__rosidl_typesupport_introspection_cppExport.cmake
[0.989s] -- Up-to-date: /home/zhijie/autoware/install/pandar_msgs/share/pandar_msgs/cmake/pandar_msgs__rosidl_typesupport_introspection_cppExport-release.cmake
[0.990s] -- Up-to-date: /home/zhijie/autoware/install/pandar_msgs/share/pandar_msgs/cmake/pandar_msgs__rosidl_typesupport_cppExport.cmake
[0.990s] -- Up-to-date: /home/zhijie/autoware/install/pandar_msgs/share/pandar_msgs/cmake/pandar_msgs__rosidl_typesupport_cppExport-release.cmake
[0.990s] -- Up-to-date: /home/zhijie/autoware/install/pandar_msgs/share/pandar_msgs/cmake/export_pandar_msgs__rosidl_generator_pyExport.cmake
[0.990s] -- Up-to-date: /home/zhijie/autoware/install/pandar_msgs/share/pandar_msgs/cmake/export_pandar_msgs__rosidl_generator_pyExport-release.cmake
