[0.395s] Invoking command in '/home/mtl12345/autoware/build/twist2accel': AMENT_PREFIX_PATH=/home/mtl12345/autoware/install/signal_processing:/home/mtl12345/autoware/install/autoware_cmake:/home/mtl12345/autoware/install/tier4_debug_msgs:/home/mtl12345/autoware/install/autoware_lint_common:${AMENT_PREFIX_PATH} CMAKE_PREFIX_PATH=/home/mtl12345/autoware/install/signal_processing:/home/mtl12345/autoware/install/autoware_cmake:/home/mtl12345/autoware/install/tier4_debug_msgs:/home/mtl12345/autoware/install/autoware_lint_common:/opt/ros/humble LD_LIBRARY_PATH=/home/mtl12345/autoware/install/signal_processing/lib:/home/mtl12345/autoware/install/tier4_debug_msgs/lib:${LD_LIBRARY_PATH} PYTHONPATH=/home/mtl12345/autoware/install/tier4_debug_msgs/local/lib/python3.10/dist-packages:${PYTHONPATH} /usr/bin/cmake /home/mtl12345/autoware/src/universe/autoware.universe/localization/twist2accel -DCMAKE_BUILD_TYPE=Release -DAMENT_CMAKE_SYMLINK_INSTALL=1 -DCMAKE_INSTALL_PREFIX=/home/mtl12345/autoware/install/twist2accel
[0.411s] -- Found autoware_cmake: 0.1.0 (/home/mtl12345/autoware/install/autoware_cmake/share/autoware_cmake/cmake)
[0.606s] -- Override CMake install command with custom implementation using symlinks instead of copying resources
[0.732s] -- Found rosidl_generator_c: 3.1.5 (/opt/ros/humble/share/rosidl_generator_c/cmake)
[0.734s] -- Found rosidl_adapter: 3.1.5 (/opt/ros/humble/share/rosidl_adapter/cmake)
[0.740s] -- Found rosidl_generator_cpp: 3.1.5 (/opt/ros/humble/share/rosidl_generator_cpp/cmake)
[0.752s] -- Using all available rosidl_typesupport_c: rosidl_typesupport_fastrtps_c;rosidl_typesupport_introspection_c
[0.778s] -- Using all available rosidl_typesupport_cpp: rosidl_typesupport_fastrtps_cpp;rosidl_typesupport_introspection_cpp
[1.206s] -- Found rmw_implementation_cmake: 6.1.1 (/opt/ros/humble/share/rmw_implementation_cmake/cmake)
[1.208s] -- Found rmw_cyclonedds_cpp: 1.3.4 (/opt/ros/humble/share/rmw_cyclonedds_cpp/cmake)
[1.266s] -- Using RMW implementation 'rmw_cyclonedds_cpp' as default
[1.491s] -- Found ament_lint_auto: 0.12.8 (/opt/ros/humble/share/ament_lint_auto/cmake)
[1.531s] -- Added test 'copyright' to check source files copyright and LICENSE
[1.534s] -- Added test 'cppcheck' to perform static code analysis on C / C++ code
[1.534s] -- Configured cppcheck include dirs: /home/mtl12345/autoware/src/universe/autoware.universe/localization/twist2accel/include
[1.534s] -- Configured cppcheck exclude dirs and/or files: 
[1.535s] -- Added test 'lint_cmake' to check CMake code style
[1.535s] -- Added test 'xmllint' to check XML markup files
[1.539s] -- Configuring done
[1.560s] -- Generating done
[1.562s] -- Build files have been written to: /home/mtl12345/autoware/build/twist2accel
[1.859s] Invoked command in '/home/mtl12345/autoware/build/twist2accel' returned '0': AMENT_PREFIX_PATH=/home/mtl12345/autoware/install/signal_processing:/home/mtl12345/autoware/install/autoware_cmake:/home/mtl12345/autoware/install/tier4_debug_msgs:/home/mtl12345/autoware/install/autoware_lint_common:${AMENT_PREFIX_PATH} CMAKE_PREFIX_PATH=/home/mtl12345/autoware/install/signal_processing:/home/mtl12345/autoware/install/autoware_cmake:/home/mtl12345/autoware/install/tier4_debug_msgs:/home/mtl12345/autoware/install/autoware_lint_common:/opt/ros/humble LD_LIBRARY_PATH=/home/mtl12345/autoware/install/signal_processing/lib:/home/mtl12345/autoware/install/tier4_debug_msgs/lib:${LD_LIBRARY_PATH} PYTHONPATH=/home/mtl12345/autoware/install/tier4_debug_msgs/local/lib/python3.10/dist-packages:${PYTHONPATH} /usr/bin/cmake /home/mtl12345/autoware/src/universe/autoware.universe/localization/twist2accel -DCMAKE_BUILD_TYPE=Release -DAMENT_CMAKE_SYMLINK_INSTALL=1 -DCMAKE_INSTALL_PREFIX=/home/mtl12345/autoware/install/twist2accel
[1.860s] Invoking command in '/home/mtl12345/autoware/build/twist2accel': AMENT_PREFIX_PATH=/home/mtl12345/autoware/install/signal_processing:/home/mtl12345/autoware/install/autoware_cmake:/home/mtl12345/autoware/install/tier4_debug_msgs:/home/mtl12345/autoware/install/autoware_lint_common:${AMENT_PREFIX_PATH} CMAKE_PREFIX_PATH=/home/mtl12345/autoware/install/signal_processing:/home/mtl12345/autoware/install/autoware_cmake:/home/mtl12345/autoware/install/tier4_debug_msgs:/home/mtl12345/autoware/install/autoware_lint_common:/opt/ros/humble LD_LIBRARY_PATH=/home/mtl12345/autoware/install/signal_processing/lib:/home/mtl12345/autoware/install/tier4_debug_msgs/lib:${LD_LIBRARY_PATH} PYTHONPATH=/home/mtl12345/autoware/install/tier4_debug_msgs/local/lib/python3.10/dist-packages:${PYTHONPATH} /usr/bin/cmake --build /home/mtl12345/autoware/build/twist2accel -- -j12 -l12
[1.971s] [35m[1mConsolidate compiler generated dependencies of target twist2accel[0m
[1.971s] [100%] Built target twist2accel
[1.977s] Invoked command in '/home/mtl12345/autoware/build/twist2accel' returned '0': AMENT_PREFIX_PATH=/home/mtl12345/autoware/install/signal_processing:/home/mtl12345/autoware/install/autoware_cmake:/home/mtl12345/autoware/install/tier4_debug_msgs:/home/mtl12345/autoware/install/autoware_lint_common:${AMENT_PREFIX_PATH} CMAKE_PREFIX_PATH=/home/mtl12345/autoware/install/signal_processing:/home/mtl12345/autoware/install/autoware_cmake:/home/mtl12345/autoware/install/tier4_debug_msgs:/home/mtl12345/autoware/install/autoware_lint_common:/opt/ros/humble LD_LIBRARY_PATH=/home/mtl12345/autoware/install/signal_processing/lib:/home/mtl12345/autoware/install/tier4_debug_msgs/lib:${LD_LIBRARY_PATH} PYTHONPATH=/home/mtl12345/autoware/install/tier4_debug_msgs/local/lib/python3.10/dist-packages:${PYTHONPATH} /usr/bin/cmake --build /home/mtl12345/autoware/build/twist2accel -- -j12 -l12
[2.007s] Invoking command in '/home/mtl12345/autoware/build/twist2accel': AMENT_PREFIX_PATH=/home/mtl12345/autoware/install/signal_processing:/home/mtl12345/autoware/install/autoware_cmake:/home/mtl12345/autoware/install/tier4_debug_msgs:/home/mtl12345/autoware/install/autoware_lint_common:${AMENT_PREFIX_PATH} CMAKE_PREFIX_PATH=/home/mtl12345/autoware/install/signal_processing:/home/mtl12345/autoware/install/autoware_cmake:/home/mtl12345/autoware/install/tier4_debug_msgs:/home/mtl12345/autoware/install/autoware_lint_common:/opt/ros/humble LD_LIBRARY_PATH=/home/mtl12345/autoware/install/signal_processing/lib:/home/mtl12345/autoware/install/tier4_debug_msgs/lib:${LD_LIBRARY_PATH} PYTHONPATH=/home/mtl12345/autoware/install/tier4_debug_msgs/local/lib/python3.10/dist-packages:${PYTHONPATH} /usr/bin/cmake --install /home/mtl12345/autoware/build/twist2accel
[2.182s] -- Install configuration: "Release"
[2.183s] -- Execute custom install script
[2.183s] -- Up-to-date symlink: /home/mtl12345/autoware/install/twist2accel/include/twist2accel/twist2accel.hpp
[2.183s] -- Up-to-date symlink: /home/mtl12345/autoware/install/twist2accel/lib/twist2accel/twist2accel
[2.183s] -- Up-to-date symlink: /home/mtl12345/autoware/install/twist2accel/share/twist2accel/launch/twist2accel.launch.xml
[2.183s] -- Up-to-date symlink: /home/mtl12345/autoware/install/twist2accel/share/ament_index/resource_index/package_run_dependencies/twist2accel
[2.183s] -- Up-to-date symlink: /home/mtl12345/autoware/install/twist2accel/share/ament_index/resource_index/parent_prefix_path/twist2accel
[2.183s] -- Up-to-date symlink: /home/mtl12345/autoware/install/twist2accel/share/twist2accel/environment/ament_prefix_path.sh
[2.184s] -- Up-to-date symlink: /home/mtl12345/autoware/install/twist2accel/share/twist2accel/environment/ament_prefix_path.dsv
[2.184s] -- Up-to-date symlink: /home/mtl12345/autoware/install/twist2accel/share/twist2accel/environment/path.sh
[2.184s] -- Up-to-date symlink: /home/mtl12345/autoware/install/twist2accel/share/twist2accel/environment/path.dsv
[2.184s] -- Up-to-date symlink: /home/mtl12345/autoware/install/twist2accel/share/twist2accel/local_setup.bash
[2.184s] -- Up-to-date symlink: /home/mtl12345/autoware/install/twist2accel/share/twist2accel/local_setup.sh
[2.184s] -- Up-to-date symlink: /home/mtl12345/autoware/install/twist2accel/share/twist2accel/local_setup.zsh
[2.185s] -- Up-to-date symlink: /home/mtl12345/autoware/install/twist2accel/share/twist2accel/local_setup.dsv
[2.185s] -- Symlinking: /home/mtl12345/autoware/install/twist2accel/share/twist2accel/package.dsv
[2.185s] -- Up-to-date symlink: /home/mtl12345/autoware/install/twist2accel/share/ament_index/resource_index/packages/twist2accel
[2.185s] -- Up-to-date symlink: /home/mtl12345/autoware/install/twist2accel/share/twist2accel/cmake/ament_cmake_export_dependencies-extras.cmake
[2.185s] -- Up-to-date symlink: /home/mtl12345/autoware/install/twist2accel/share/twist2accel/cmake/ament_cmake_export_include_directories-extras.cmake
[2.186s] -- Up-to-date symlink: /home/mtl12345/autoware/install/twist2accel/share/twist2accel/cmake/twist2accelConfig.cmake
[2.186s] -- Up-to-date symlink: /home/mtl12345/autoware/install/twist2accel/share/twist2accel/cmake/twist2accelConfig-version.cmake
[2.186s] -- Up-to-date symlink: /home/mtl12345/autoware/install/twist2accel/share/twist2accel/package.xml
[2.293s] Invoked command in '/home/mtl12345/autoware/build/twist2accel' returned '0': AMENT_PREFIX_PATH=/home/mtl12345/autoware/install/signal_processing:/home/mtl12345/autoware/install/autoware_cmake:/home/mtl12345/autoware/install/tier4_debug_msgs:/home/mtl12345/autoware/install/autoware_lint_common:${AMENT_PREFIX_PATH} CMAKE_PREFIX_PATH=/home/mtl12345/autoware/install/signal_processing:/home/mtl12345/autoware/install/autoware_cmake:/home/mtl12345/autoware/install/tier4_debug_msgs:/home/mtl12345/autoware/install/autoware_lint_common:/opt/ros/humble LD_LIBRARY_PATH=/home/mtl12345/autoware/install/signal_processing/lib:/home/mtl12345/autoware/install/tier4_debug_msgs/lib:${LD_LIBRARY_PATH} PYTHONPATH=/home/mtl12345/autoware/install/tier4_debug_msgs/local/lib/python3.10/dist-packages:${PYTHONPATH} /usr/bin/cmake --install /home/mtl12345/autoware/build/twist2accel
