[0.497s] Invoking command in '/home/mtl12345/autoware/build/heaphook': CMAKE_PREFIX_PATH=/opt/ros/humble /usr/bin/cmake --build /home/mtl12345/autoware/build/heaphook -- -j12 -l12
[0.662s] [ 66%] Built target app
[0.662s] [100%] Built target preloaded_heaptrack
[0.662s] [100%] Built target preloaded_tlsf
[0.816s] Invoked command in '/home/mtl12345/autoware/build/heaphook' returned '0': CMAKE_PREFIX_PATH=/opt/ros/humble /usr/bin/cmake --build /home/mtl12345/autoware/build/heaphook -- -j12 -l12
[1.116s] Invoking command in '/home/mtl12345/autoware/build/heaphook': CMAKE_PREFIX_PATH=/opt/ros/humble /usr/bin/cmake --install /home/mtl12345/autoware/build/heaphook
[1.317s] -- Install configuration: "Release"
[1.317s] -- Execute custom install script
[1.317s] -- Up-to-date symlink: /home/mtl12345/autoware/install/heaphook/lib/libpreloaded_heaptrack.so
[1.317s] -- Up-to-date symlink: /home/mtl12345/autoware/install/heaphook/lib/libpreloaded_tlsf.so
[1.318s] -- Up-to-date symlink: /home/mtl12345/autoware/install/heaphook/bin/app
[1.318s] -- Up-to-date symlink: /home/mtl12345/autoware/install/heaphook/share/ament_index/resource_index/package_run_dependencies/heaphook
[1.318s] -- Up-to-date symlink: /home/mtl12345/autoware/install/heaphook/share/ament_index/resource_index/parent_prefix_path/heaphook
[1.318s] -- Up-to-date symlink: /home/mtl12345/autoware/install/heaphook/share/heaphook/environment/ament_prefix_path.sh
[1.318s] -- Up-to-date symlink: /home/mtl12345/autoware/install/heaphook/share/heaphook/environment/ament_prefix_path.dsv
[1.318s] -- Up-to-date symlink: /home/mtl12345/autoware/install/heaphook/share/heaphook/environment/path.sh
[1.318s] -- Up-to-date symlink: /home/mtl12345/autoware/install/heaphook/share/heaphook/environment/path.dsv
[1.318s] -- Up-to-date symlink: /home/mtl12345/autoware/install/heaphook/share/heaphook/local_setup.bash
[1.318s] -- Up-to-date symlink: /home/mtl12345/autoware/install/heaphook/share/heaphook/local_setup.sh
[1.318s] -- Up-to-date symlink: /home/mtl12345/autoware/install/heaphook/share/heaphook/local_setup.zsh
[1.318s] -- Up-to-date symlink: /home/mtl12345/autoware/install/heaphook/share/heaphook/local_setup.dsv
[1.318s] -- Symlinking: /home/mtl12345/autoware/install/heaphook/share/heaphook/package.dsv
[1.319s] -- Up-to-date symlink: /home/mtl12345/autoware/install/heaphook/share/ament_index/resource_index/packages/heaphook
[1.319s] -- Up-to-date symlink: /home/mtl12345/autoware/install/heaphook/share/heaphook/cmake/heaphookConfig.cmake
[1.319s] -- Up-to-date symlink: /home/mtl12345/autoware/install/heaphook/share/heaphook/cmake/heaphookConfig-version.cmake
[1.319s] -- Up-to-date symlink: /home/mtl12345/autoware/install/heaphook/share/heaphook/package.xml
[1.392s] Invoked command in '/home/mtl12345/autoware/build/heaphook' returned '0': CMAKE_PREFIX_PATH=/opt/ros/humble /usr/bin/cmake --install /home/mtl12345/autoware/build/heaphook
