-- Found autoware_cmake: 0.1.0 (/home/zhijie/autoware/install/autoware_cmake/share/autoware_cmake/cmake)
-- Override CMake install command with custom implementation using symlinks instead of copying resources
-- Found rosidl_generator_c: 3.1.5 (/opt/ros/humble/share/rosidl_generator_c/cmake)
-- Found rosidl_adapter: 3.1.5 (/opt/ros/humble/share/rosidl_adapter/cmake)
-- Found rosidl_generator_cpp: 3.1.5 (/opt/ros/humble/share/rosidl_generator_cpp/cmake)
-- Using all available rosidl_typesupport_c: rosidl_typesupport_fastrtps_c;rosidl_typesupport_introspection_c
-- Using all available rosidl_typesupport_cpp: rosidl_typesupport_fastrtps_cpp;rosidl_typesupport_introspection_cpp
-- Found rmw_implementation_cmake: 6.1.1 (/opt/ros/humble/share/rmw_implementation_cmake/cmake)
-- Found rmw_cyclonedds_cpp: 1.3.4 (/opt/ros/humble/share/rmw_cyclonedds_cpp/cmake)
-- Using RMW implementation 'rmw_cyclonedds_cpp' as default
-- Found ament_lint_auto: 0.12.8 (/opt/ros/humble/share/ament_lint_auto/cmake)
-- Added test 'copyright' to check source files copyright and LICENSE
-- Added test 'cppcheck' to perform static code analysis on C / C++ code
-- Configured cppcheck include dirs: 
-- Configured cppcheck exclude dirs and/or files: 
-- Added test 'lint_cmake' to check CMake code style
-- Added test 'xmllint' to check XML markup files
-- Configuring done
-- Generating done
-- Build files have been written to: /home/zhijie/autoware/build/system_diagnostic_graph
[35m[1mConsolidate compiler generated dependencies of target aggregator[0m
[ 10%] [32mBuilding CXX object CMakeFiles/aggregator.dir/src/main.cpp.o[0m
[ 20%] [32mBuilding CXX object CMakeFiles/aggregator.dir/src/core/update.cpp.o[0m
[ 30%] [32mBuilding CXX object CMakeFiles/aggregator.dir/src/core/expr.cpp.o[0m
[ 40%] [32mBuilding CXX object CMakeFiles/aggregator.dir/src/core/node.cpp.o[0m
[ 50%] [32mBuilding CXX object CMakeFiles/aggregator.dir/src/core/graph.cpp.o[0m
[ 60%] [32mBuilding CXX object CMakeFiles/aggregator.dir/src/core/debug.cpp.o[0m
[ 70%] [32mBuilding CXX object CMakeFiles/aggregator.dir/src/core/config.cpp.o[0m
[ 80%] [32m[1mLinking CXX executable aggregator[0m
[ 80%] Built target aggregator
[35m[1mConsolidate compiler generated dependencies of target converter[0m
[ 90%] [32mBuilding CXX object CMakeFiles/converter.dir/src/tool.cpp.o[0m
[100%] [32m[1mLinking CXX executable converter[0m
[100%] Built target converter
-- Install configuration: "Release"
-- Execute custom install script
-- Up-to-date symlink: /home/zhijie/autoware/install/system_diagnostic_graph/lib/system_diagnostic_graph/debug.py
-- Up-to-date symlink: /home/zhijie/autoware/install/system_diagnostic_graph/lib/system_diagnostic_graph/aggregator
-- Up-to-date symlink: /home/zhijie/autoware/install/system_diagnostic_graph/lib/system_diagnostic_graph/converter
-- Up-to-date symlink: /home/zhijie/autoware/install/system_diagnostic_graph/share/system_diagnostic_graph/config/default.param.yaml
-- Up-to-date symlink: /home/zhijie/autoware/install/system_diagnostic_graph/share/system_diagnostic_graph/example/example.launch.xml
-- Up-to-date symlink: /home/zhijie/autoware/install/system_diagnostic_graph/share/system_diagnostic_graph/example/example1.yaml
-- Up-to-date symlink: /home/zhijie/autoware/install/system_diagnostic_graph/share/system_diagnostic_graph/example/example2.yaml
-- Up-to-date symlink: /home/zhijie/autoware/install/system_diagnostic_graph/share/system_diagnostic_graph/example/publisher.py
-- Up-to-date symlink: /home/zhijie/autoware/install/system_diagnostic_graph/share/system_diagnostic_graph/launch/system_diagnostic_graph.launch.xml
-- Up-to-date symlink: /home/zhijie/autoware/install/system_diagnostic_graph/share/ament_index/resource_index/package_run_dependencies/system_diagnostic_graph
-- Up-to-date symlink: /home/zhijie/autoware/install/system_diagnostic_graph/share/ament_index/resource_index/parent_prefix_path/system_diagnostic_graph
-- Up-to-date symlink: /home/zhijie/autoware/install/system_diagnostic_graph/share/system_diagnostic_graph/environment/ament_prefix_path.sh
-- Up-to-date symlink: /home/zhijie/autoware/install/system_diagnostic_graph/share/system_diagnostic_graph/environment/ament_prefix_path.dsv
-- Up-to-date symlink: /home/zhijie/autoware/install/system_diagnostic_graph/share/system_diagnostic_graph/environment/path.sh
-- Up-to-date symlink: /home/zhijie/autoware/install/system_diagnostic_graph/share/system_diagnostic_graph/environment/path.dsv
-- Up-to-date symlink: /home/zhijie/autoware/install/system_diagnostic_graph/share/system_diagnostic_graph/local_setup.bash
-- Up-to-date symlink: /home/zhijie/autoware/install/system_diagnostic_graph/share/system_diagnostic_graph/local_setup.sh
-- Up-to-date symlink: /home/zhijie/autoware/install/system_diagnostic_graph/share/system_diagnostic_graph/local_setup.zsh
-- Up-to-date symlink: /home/zhijie/autoware/install/system_diagnostic_graph/share/system_diagnostic_graph/local_setup.dsv
-- Symlinking: /home/zhijie/autoware/install/system_diagnostic_graph/share/system_diagnostic_graph/package.dsv
-- Up-to-date symlink: /home/zhijie/autoware/install/system_diagnostic_graph/share/ament_index/resource_index/packages/system_diagnostic_graph
-- Up-to-date symlink: /home/zhijie/autoware/install/system_diagnostic_graph/share/system_diagnostic_graph/cmake/ament_cmake_export_dependencies-extras.cmake
-- Up-to-date symlink: /home/zhijie/autoware/install/system_diagnostic_graph/share/system_diagnostic_graph/cmake/system_diagnostic_graphConfig.cmake
-- Up-to-date symlink: /home/zhijie/autoware/install/system_diagnostic_graph/share/system_diagnostic_graph/cmake/system_diagnostic_graphConfig-version.cmake
-- Up-to-date symlink: /home/zhijie/autoware/install/system_diagnostic_graph/share/system_diagnostic_graph/package.xml
