[0.077s] Invoking command in '/home/zhijie/autoware/build/sampler_common': AMENT_PREFIX_PATH=/home/zhijie/autoware/install/interpolation:/home/zhijie/autoware/install/tier4_autoware_utils:/home/zhijie/autoware/install/autoware_auto_vehicle_msgs:/home/zhijie/autoware/install/autoware_cmake:/home/zhijie/autoware/install/autoware_auto_planning_msgs:/home/zhijie/autoware/install/autoware_auto_perception_msgs:/home/zhijie/autoware/install/tier4_debug_msgs:/home/zhijie/autoware/install/autoware_lint_common:/home/zhijie/autoware/install/autoware_auto_mapping_msgs:/home/zhijie/autoware/install/autoware_auto_geometry_msgs:${AMENT_PREFIX_PATH} CMAKE_PREFIX_PATH=/home/zhijie/autoware/install/interpolation:/home/zhijie/autoware/install/tier4_autoware_utils:/home/zhijie/autoware/install/autoware_auto_vehicle_msgs:/home/zhijie/autoware/install/autoware_cmake:/home/zhijie/autoware/install/autoware_auto_planning_msgs:/home/zhijie/autoware/install/autoware_auto_perception_msgs:/home/zhijie/autoware/install/tier4_debug_msgs:/home/zhijie/autoware/install/autoware_lint_common:/home/zhijie/autoware/install/autoware_auto_mapping_msgs:/home/zhijie/autoware/install/autoware_auto_geometry_msgs:/opt/ros/humble LD_LIBRARY_PATH=/home/zhijie/autoware/install/interpolation/lib:/home/zhijie/autoware/install/tier4_autoware_utils/lib:/home/zhijie/autoware/install/autoware_auto_vehicle_msgs/lib:/home/zhijie/autoware/install/autoware_auto_planning_msgs/lib:/home/zhijie/autoware/install/autoware_auto_perception_msgs/lib:/home/zhijie/autoware/install/tier4_debug_msgs/lib:/home/zhijie/autoware/install/autoware_auto_mapping_msgs/lib:/home/zhijie/autoware/install/autoware_auto_geometry_msgs/lib:${LD_LIBRARY_PATH} PYTHONPATH=/home/zhijie/autoware/install/autoware_auto_vehicle_msgs/local/lib/python3.10/dist-packages:/home/zhijie/autoware/install/autoware_auto_planning_msgs/local/lib/python3.10/dist-packages:/home/zhijie/autoware/install/autoware_auto_perception_msgs/local/lib/python3.10/dist-packages:/home/zhijie/autoware/install/tier4_debug_msgs/local/lib/python3.10/dist-packages:/home/zhijie/autoware/install/autoware_auto_mapping_msgs/local/lib/python3.10/dist-packages:/home/zhijie/autoware/install/autoware_auto_geometry_msgs/local/lib/python3.10/dist-packages:${PYTHONPATH} /usr/bin/cmake /home/zhijie/autoware/src/universe/autoware.universe/planning/sampling_based_planner/sampler_common -DCMAKE_BUILD_TYPE=Release -DAMENT_CMAKE_SYMLINK_INSTALL=1 -DCMAKE_INSTALL_PREFIX=/home/zhijie/autoware/install/sampler_common
[37.057s] -- Found autoware_cmake: 0.1.0 (/home/zhijie/autoware/install/autoware_cmake/share/autoware_cmake/cmake)
[37.057s] -- Override CMake install command with custom implementation using symlinks instead of copying resources
[37.057s] -- Found rosidl_generator_c: 3.1.5 (/opt/ros/humble/share/rosidl_generator_c/cmake)
[37.057s] -- Found rosidl_adapter: 3.1.5 (/opt/ros/humble/share/rosidl_adapter/cmake)
[37.057s] -- Found rosidl_generator_cpp: 3.1.5 (/opt/ros/humble/share/rosidl_generator_cpp/cmake)
[37.058s] -- Using all available rosidl_typesupport_c: rosidl_typesupport_fastrtps_c;rosidl_typesupport_introspection_c
[37.058s] -- Using all available rosidl_typesupport_cpp: rosidl_typesupport_fastrtps_cpp;rosidl_typesupport_introspection_cpp
[37.058s] -- Found rmw_implementation_cmake: 6.1.1 (/opt/ros/humble/share/rmw_implementation_cmake/cmake)
[37.058s] -- Found rmw_cyclonedds_cpp: 1.3.4 (/opt/ros/humble/share/rmw_cyclonedds_cpp/cmake)
[37.058s] -- Using RMW implementation 'rmw_cyclonedds_cpp' as default
[37.058s] -- Found eigen3_cmake_module: 0.1.1 (/opt/ros/humble/share/eigen3_cmake_module/cmake)
[37.069s] -- Ensuring Eigen3 include directory is part of orocos-kdl CMake target
[37.069s] -- Eigen found (include: /usr/include/eigen3, version: 3.4.0)
[37.070s] -- FLANN found (include: /usr/include, lib: /usr/lib/x86_64-linux-gnu/libflann_cpp.so)
[37.070s] -- OpenNI found (version: 1.5.4.0, include: /usr/include/ni, lib: /usr/lib/libOpenNI.so;libusb::libusb)
[37.070s] -- OpenNI2 found (version: 2.2.0.33, include: /usr/include/openni2, lib: /usr/lib/x86_64-linux-gnu/libOpenNI2.so;libusb::libusb)
[37.070s] -- Eigen found (include: /usr/include/eigen3, version: 3.4.0)
[37.070s] -- OpenNI found (version: 1.5.4.0, include: /usr/include/ni, lib: /usr/lib/libOpenNI.so;libusb::libusb)
[37.070s] -- OpenNI2 found (version: 2.2.0.33, include: /usr/include/openni2, lib: /usr/lib/x86_64-linux-gnu/libOpenNI2.so;libusb::libusb)
[37.070s] -- Found Qhull version 8.0.2
[37.070s] -- OpenNI found (version: 1.5.4.0, include: /usr/include/ni, lib: /usr/lib/libOpenNI.so;libusb::libusb)
[37.070s] -- Found ament_lint_auto: 0.12.8 (/opt/ros/humble/share/ament_lint_auto/cmake)
[37.070s] -- Found gtest sources under '/opt/ros/humble/src/gtest_vendor': C++ tests using 'Google Test' will be built
[37.070s] -- Added test 'copyright' to check source files copyright and LICENSE
[37.071s] -- Added test 'cppcheck' to perform static code analysis on C / C++ code
[37.071s] -- Configured cppcheck include dirs: /home/zhijie/autoware/src/universe/autoware.universe/planning/sampling_based_planner/sampler_common/include
[37.071s] -- Configured cppcheck exclude dirs and/or files: 
[37.071s] -- Added test 'lint_cmake' to check CMake code style
[37.071s] -- Added test 'xmllint' to check XML markup files
[37.071s] -- Configuring done
[37.071s] -- Generating done
[37.071s] -- Build files have been written to: /home/zhijie/autoware/build/sampler_common
[37.201s] Invoked command in '/home/zhijie/autoware/build/sampler_common' returned '0': AMENT_PREFIX_PATH=/home/zhijie/autoware/install/interpolation:/home/zhijie/autoware/install/tier4_autoware_utils:/home/zhijie/autoware/install/autoware_auto_vehicle_msgs:/home/zhijie/autoware/install/autoware_cmake:/home/zhijie/autoware/install/autoware_auto_planning_msgs:/home/zhijie/autoware/install/autoware_auto_perception_msgs:/home/zhijie/autoware/install/tier4_debug_msgs:/home/zhijie/autoware/install/autoware_lint_common:/home/zhijie/autoware/install/autoware_auto_mapping_msgs:/home/zhijie/autoware/install/autoware_auto_geometry_msgs:${AMENT_PREFIX_PATH} CMAKE_PREFIX_PATH=/home/zhijie/autoware/install/interpolation:/home/zhijie/autoware/install/tier4_autoware_utils:/home/zhijie/autoware/install/autoware_auto_vehicle_msgs:/home/zhijie/autoware/install/autoware_cmake:/home/zhijie/autoware/install/autoware_auto_planning_msgs:/home/zhijie/autoware/install/autoware_auto_perception_msgs:/home/zhijie/autoware/install/tier4_debug_msgs:/home/zhijie/autoware/install/autoware_lint_common:/home/zhijie/autoware/install/autoware_auto_mapping_msgs:/home/zhijie/autoware/install/autoware_auto_geometry_msgs:/opt/ros/humble LD_LIBRARY_PATH=/home/zhijie/autoware/install/interpolation/lib:/home/zhijie/autoware/install/tier4_autoware_utils/lib:/home/zhijie/autoware/install/autoware_auto_vehicle_msgs/lib:/home/zhijie/autoware/install/autoware_auto_planning_msgs/lib:/home/zhijie/autoware/install/autoware_auto_perception_msgs/lib:/home/zhijie/autoware/install/tier4_debug_msgs/lib:/home/zhijie/autoware/install/autoware_auto_mapping_msgs/lib:/home/zhijie/autoware/install/autoware_auto_geometry_msgs/lib:${LD_LIBRARY_PATH} PYTHONPATH=/home/zhijie/autoware/install/autoware_auto_vehicle_msgs/local/lib/python3.10/dist-packages:/home/zhijie/autoware/install/autoware_auto_planning_msgs/local/lib/python3.10/dist-packages:/home/zhijie/autoware/install/autoware_auto_perception_msgs/local/lib/python3.10/dist-packages:/home/zhijie/autoware/install/tier4_debug_msgs/local/lib/python3.10/dist-packages:/home/zhijie/autoware/install/autoware_auto_mapping_msgs/local/lib/python3.10/dist-packages:/home/zhijie/autoware/install/autoware_auto_geometry_msgs/local/lib/python3.10/dist-packages:${PYTHONPATH} /usr/bin/cmake /home/zhijie/autoware/src/universe/autoware.universe/planning/sampling_based_planner/sampler_common -DCMAKE_BUILD_TYPE=Release -DAMENT_CMAKE_SYMLINK_INSTALL=1 -DCMAKE_INSTALL_PREFIX=/home/zhijie/autoware/install/sampler_common
[37.202s] Invoking command in '/home/zhijie/autoware/build/sampler_common': AMENT_PREFIX_PATH=/home/zhijie/autoware/install/interpolation:/home/zhijie/autoware/install/tier4_autoware_utils:/home/zhijie/autoware/install/autoware_auto_vehicle_msgs:/home/zhijie/autoware/install/autoware_cmake:/home/zhijie/autoware/install/autoware_auto_planning_msgs:/home/zhijie/autoware/install/autoware_auto_perception_msgs:/home/zhijie/autoware/install/tier4_debug_msgs:/home/zhijie/autoware/install/autoware_lint_common:/home/zhijie/autoware/install/autoware_auto_mapping_msgs:/home/zhijie/autoware/install/autoware_auto_geometry_msgs:${AMENT_PREFIX_PATH} CMAKE_PREFIX_PATH=/home/zhijie/autoware/install/interpolation:/home/zhijie/autoware/install/tier4_autoware_utils:/home/zhijie/autoware/install/autoware_auto_vehicle_msgs:/home/zhijie/autoware/install/autoware_cmake:/home/zhijie/autoware/install/autoware_auto_planning_msgs:/home/zhijie/autoware/install/autoware_auto_perception_msgs:/home/zhijie/autoware/install/tier4_debug_msgs:/home/zhijie/autoware/install/autoware_lint_common:/home/zhijie/autoware/install/autoware_auto_mapping_msgs:/home/zhijie/autoware/install/autoware_auto_geometry_msgs:/opt/ros/humble LD_LIBRARY_PATH=/home/zhijie/autoware/install/interpolation/lib:/home/zhijie/autoware/install/tier4_autoware_utils/lib:/home/zhijie/autoware/install/autoware_auto_vehicle_msgs/lib:/home/zhijie/autoware/install/autoware_auto_planning_msgs/lib:/home/zhijie/autoware/install/autoware_auto_perception_msgs/lib:/home/zhijie/autoware/install/tier4_debug_msgs/lib:/home/zhijie/autoware/install/autoware_auto_mapping_msgs/lib:/home/zhijie/autoware/install/autoware_auto_geometry_msgs/lib:${LD_LIBRARY_PATH} PYTHONPATH=/home/zhijie/autoware/install/autoware_auto_vehicle_msgs/local/lib/python3.10/dist-packages:/home/zhijie/autoware/install/autoware_auto_planning_msgs/local/lib/python3.10/dist-packages:/home/zhijie/autoware/install/autoware_auto_perception_msgs/local/lib/python3.10/dist-packages:/home/zhijie/autoware/install/tier4_debug_msgs/local/lib/python3.10/dist-packages:/home/zhijie/autoware/install/autoware_auto_mapping_msgs/local/lib/python3.10/dist-packages:/home/zhijie/autoware/install/autoware_auto_geometry_msgs/local/lib/python3.10/dist-packages:${PYTHONPATH} /usr/bin/cmake --build /home/zhijie/autoware/build/sampler_common -- -j16 -l16
[47.566s] [35m[1mConsolidate compiler generated dependencies of target sampler_common[0m
[47.567s] [  8%] [32mBuilding CXX object CMakeFiles/sampler_common.dir/src/sampler_common/constraints/footprint.cpp.o[0m
[47.567s] [ 16%] [32mBuilding CXX object CMakeFiles/sampler_common.dir/src/sampler_common/transform/spline_transform.cpp.o[0m
[47.567s] [ 25%] [32mBuilding CXX object CMakeFiles/sampler_common.dir/src/sampler_common/constraints/soft_constraint.cpp.o[0m
[49.823s] [ 33%] [32mBuilding CXX object CMakeFiles/sampler_common.dir/src/sampler_common/constraints/hard_constraint.cpp.o[0m
[57.043s] [ 41%] [32m[1mLinking CXX shared library libsampler_common.so[0m
[116.654s] [ 41%] Built target sampler_common
[116.708s] [35m[1mConsolidate compiler generated dependencies of target gtest[0m
[116.750s] [ 50%] [32mBuilding CXX object gtest/CMakeFiles/gtest.dir/src/gtest-all.cc.o[0m
[130.192s] [ 58%] [32m[1mLinking CXX static library libgtest.a[0m
[130.305s] [ 58%] Built target gtest
[130.321s] [35m[1mConsolidate compiler generated dependencies of target gtest_main[0m
[130.351s] [ 66%] [32mBuilding CXX object gtest/CMakeFiles/gtest_main.dir/src/gtest_main.cc.o[0m
[131.833s] [ 75%] [32m[1mLinking CXX static library libgtest_main.a[0m
[131.878s] [ 75%] Built target gtest_main
[131.898s] [35m[1mConsolidate compiler generated dependencies of target test_sampler_common[0m
[131.953s] [ 83%] [32mBuilding CXX object CMakeFiles/test_sampler_common.dir/test/test_transform.cpp.o[0m
[136.574s] [ 91%] [32mBuilding CXX object CMakeFiles/test_sampler_common.dir/test/test_structures.cpp.o[0m
[143.500s] [100%] [32m[1mLinking CXX executable test_sampler_common[0m
[155.403s] [100%] Built target test_sampler_common
[155.457s] Invoked command in '/home/zhijie/autoware/build/sampler_common' returned '0': AMENT_PREFIX_PATH=/home/zhijie/autoware/install/interpolation:/home/zhijie/autoware/install/tier4_autoware_utils:/home/zhijie/autoware/install/autoware_auto_vehicle_msgs:/home/zhijie/autoware/install/autoware_cmake:/home/zhijie/autoware/install/autoware_auto_planning_msgs:/home/zhijie/autoware/install/autoware_auto_perception_msgs:/home/zhijie/autoware/install/tier4_debug_msgs:/home/zhijie/autoware/install/autoware_lint_common:/home/zhijie/autoware/install/autoware_auto_mapping_msgs:/home/zhijie/autoware/install/autoware_auto_geometry_msgs:${AMENT_PREFIX_PATH} CMAKE_PREFIX_PATH=/home/zhijie/autoware/install/interpolation:/home/zhijie/autoware/install/tier4_autoware_utils:/home/zhijie/autoware/install/autoware_auto_vehicle_msgs:/home/zhijie/autoware/install/autoware_cmake:/home/zhijie/autoware/install/autoware_auto_planning_msgs:/home/zhijie/autoware/install/autoware_auto_perception_msgs:/home/zhijie/autoware/install/tier4_debug_msgs:/home/zhijie/autoware/install/autoware_lint_common:/home/zhijie/autoware/install/autoware_auto_mapping_msgs:/home/zhijie/autoware/install/autoware_auto_geometry_msgs:/opt/ros/humble LD_LIBRARY_PATH=/home/zhijie/autoware/install/interpolation/lib:/home/zhijie/autoware/install/tier4_autoware_utils/lib:/home/zhijie/autoware/install/autoware_auto_vehicle_msgs/lib:/home/zhijie/autoware/install/autoware_auto_planning_msgs/lib:/home/zhijie/autoware/install/autoware_auto_perception_msgs/lib:/home/zhijie/autoware/install/tier4_debug_msgs/lib:/home/zhijie/autoware/install/autoware_auto_mapping_msgs/lib:/home/zhijie/autoware/install/autoware_auto_geometry_msgs/lib:${LD_LIBRARY_PATH} PYTHONPATH=/home/zhijie/autoware/install/autoware_auto_vehicle_msgs/local/lib/python3.10/dist-packages:/home/zhijie/autoware/install/autoware_auto_planning_msgs/local/lib/python3.10/dist-packages:/home/zhijie/autoware/install/autoware_auto_perception_msgs/local/lib/python3.10/dist-packages:/home/zhijie/autoware/install/tier4_debug_msgs/local/lib/python3.10/dist-packages:/home/zhijie/autoware/install/autoware_auto_mapping_msgs/local/lib/python3.10/dist-packages:/home/zhijie/autoware/install/autoware_auto_geometry_msgs/local/lib/python3.10/dist-packages:${PYTHONPATH} /usr/bin/cmake --build /home/zhijie/autoware/build/sampler_common -- -j16 -l16
[155.516s] Invoking command in '/home/zhijie/autoware/build/sampler_common': AMENT_PREFIX_PATH=/home/zhijie/autoware/install/interpolation:/home/zhijie/autoware/install/tier4_autoware_utils:/home/zhijie/autoware/install/autoware_auto_vehicle_msgs:/home/zhijie/autoware/install/autoware_cmake:/home/zhijie/autoware/install/autoware_auto_planning_msgs:/home/zhijie/autoware/install/autoware_auto_perception_msgs:/home/zhijie/autoware/install/tier4_debug_msgs:/home/zhijie/autoware/install/autoware_lint_common:/home/zhijie/autoware/install/autoware_auto_mapping_msgs:/home/zhijie/autoware/install/autoware_auto_geometry_msgs:${AMENT_PREFIX_PATH} CMAKE_PREFIX_PATH=/home/zhijie/autoware/install/interpolation:/home/zhijie/autoware/install/tier4_autoware_utils:/home/zhijie/autoware/install/autoware_auto_vehicle_msgs:/home/zhijie/autoware/install/autoware_cmake:/home/zhijie/autoware/install/autoware_auto_planning_msgs:/home/zhijie/autoware/install/autoware_auto_perception_msgs:/home/zhijie/autoware/install/tier4_debug_msgs:/home/zhijie/autoware/install/autoware_lint_common:/home/zhijie/autoware/install/autoware_auto_mapping_msgs:/home/zhijie/autoware/install/autoware_auto_geometry_msgs:/opt/ros/humble LD_LIBRARY_PATH=/home/zhijie/autoware/install/interpolation/lib:/home/zhijie/autoware/install/tier4_autoware_utils/lib:/home/zhijie/autoware/install/autoware_auto_vehicle_msgs/lib:/home/zhijie/autoware/install/autoware_auto_planning_msgs/lib:/home/zhijie/autoware/install/autoware_auto_perception_msgs/lib:/home/zhijie/autoware/install/tier4_debug_msgs/lib:/home/zhijie/autoware/install/autoware_auto_mapping_msgs/lib:/home/zhijie/autoware/install/autoware_auto_geometry_msgs/lib:${LD_LIBRARY_PATH} PYTHONPATH=/home/zhijie/autoware/install/autoware_auto_vehicle_msgs/local/lib/python3.10/dist-packages:/home/zhijie/autoware/install/autoware_auto_planning_msgs/local/lib/python3.10/dist-packages:/home/zhijie/autoware/install/autoware_auto_perception_msgs/local/lib/python3.10/dist-packages:/home/zhijie/autoware/install/tier4_debug_msgs/local/lib/python3.10/dist-packages:/home/zhijie/autoware/install/autoware_auto_mapping_msgs/local/lib/python3.10/dist-packages:/home/zhijie/autoware/install/autoware_auto_geometry_msgs/local/lib/python3.10/dist-packages:${PYTHONPATH} /usr/bin/cmake --install /home/zhijie/autoware/build/sampler_common
[169.014s] -- Install configuration: "Release"
[169.014s] -- Execute custom install script
[169.014s] -- Up-to-date symlink: /home/zhijie/autoware/install/sampler_common/include/sampler_common/constraints/footprint.hpp
[169.014s] -- Up-to-date symlink: /home/zhijie/autoware/install/sampler_common/include/sampler_common/constraints/hard_constraint.hpp
[169.014s] -- Up-to-date symlink: /home/zhijie/autoware/install/sampler_common/include/sampler_common/constraints/map_constraints.hpp
[169.014s] -- Up-to-date symlink: /home/zhijie/autoware/install/sampler_common/include/sampler_common/constraints/soft_constraint.hpp
[169.014s] -- Up-to-date symlink: /home/zhijie/autoware/install/sampler_common/include/sampler_common/structures.hpp
[169.015s] -- Up-to-date symlink: /home/zhijie/autoware/install/sampler_common/include/sampler_common/transform/spline_transform.hpp
[169.015s] -- Up-to-date symlink: /home/zhijie/autoware/install/sampler_common/share/sampler_common/environment/library_path.sh
[169.015s] -- Up-to-date symlink: /home/zhijie/autoware/install/sampler_common/share/sampler_common/environment/library_path.dsv
[169.015s] -- Up-to-date symlink: /home/zhijie/autoware/install/sampler_common/lib/libsampler_common.so
[169.015s] -- Up-to-date symlink: /home/zhijie/autoware/install/sampler_common/share/ament_index/resource_index/package_run_dependencies/sampler_common
[169.015s] -- Up-to-date symlink: /home/zhijie/autoware/install/sampler_common/share/ament_index/resource_index/parent_prefix_path/sampler_common
[169.015s] -- Up-to-date symlink: /home/zhijie/autoware/install/sampler_common/share/sampler_common/environment/ament_prefix_path.sh
[169.015s] -- Up-to-date symlink: /home/zhijie/autoware/install/sampler_common/share/sampler_common/environment/ament_prefix_path.dsv
[169.015s] -- Up-to-date symlink: /home/zhijie/autoware/install/sampler_common/share/sampler_common/environment/path.sh
[169.016s] -- Up-to-date symlink: /home/zhijie/autoware/install/sampler_common/share/sampler_common/environment/path.dsv
[169.016s] -- Up-to-date symlink: /home/zhijie/autoware/install/sampler_common/share/sampler_common/local_setup.bash
[169.016s] -- Up-to-date symlink: /home/zhijie/autoware/install/sampler_common/share/sampler_common/local_setup.sh
[169.016s] -- Up-to-date symlink: /home/zhijie/autoware/install/sampler_common/share/sampler_common/local_setup.zsh
[169.016s] -- Up-to-date symlink: /home/zhijie/autoware/install/sampler_common/share/sampler_common/local_setup.dsv
[169.016s] -- Symlinking: /home/zhijie/autoware/install/sampler_common/share/sampler_common/package.dsv
[169.016s] -- Up-to-date symlink: /home/zhijie/autoware/install/sampler_common/share/ament_index/resource_index/packages/sampler_common
[169.016s] -- Up-to-date symlink: /home/zhijie/autoware/install/sampler_common/share/sampler_common/cmake/ament_cmake_export_dependencies-extras.cmake
[169.016s] -- Up-to-date symlink: /home/zhijie/autoware/install/sampler_common/share/sampler_common/cmake/ament_cmake_export_include_directories-extras.cmake
[169.017s] -- Up-to-date symlink: /home/zhijie/autoware/install/sampler_common/share/sampler_common/cmake/ament_cmake_export_libraries-extras.cmake
[169.017s] -- Up-to-date symlink: /home/zhijie/autoware/install/sampler_common/share/sampler_common/cmake/sampler_commonConfig.cmake
[169.017s] -- Up-to-date symlink: /home/zhijie/autoware/install/sampler_common/share/sampler_common/cmake/sampler_commonConfig-version.cmake
[169.017s] -- Up-to-date symlink: /home/zhijie/autoware/install/sampler_common/share/sampler_common/package.xml
[169.048s] Invoked command in '/home/zhijie/autoware/build/sampler_common' returned '0': AMENT_PREFIX_PATH=/home/zhijie/autoware/install/interpolation:/home/zhijie/autoware/install/tier4_autoware_utils:/home/zhijie/autoware/install/autoware_auto_vehicle_msgs:/home/zhijie/autoware/install/autoware_cmake:/home/zhijie/autoware/install/autoware_auto_planning_msgs:/home/zhijie/autoware/install/autoware_auto_perception_msgs:/home/zhijie/autoware/install/tier4_debug_msgs:/home/zhijie/autoware/install/autoware_lint_common:/home/zhijie/autoware/install/autoware_auto_mapping_msgs:/home/zhijie/autoware/install/autoware_auto_geometry_msgs:${AMENT_PREFIX_PATH} CMAKE_PREFIX_PATH=/home/zhijie/autoware/install/interpolation:/home/zhijie/autoware/install/tier4_autoware_utils:/home/zhijie/autoware/install/autoware_auto_vehicle_msgs:/home/zhijie/autoware/install/autoware_cmake:/home/zhijie/autoware/install/autoware_auto_planning_msgs:/home/zhijie/autoware/install/autoware_auto_perception_msgs:/home/zhijie/autoware/install/tier4_debug_msgs:/home/zhijie/autoware/install/autoware_lint_common:/home/zhijie/autoware/install/autoware_auto_mapping_msgs:/home/zhijie/autoware/install/autoware_auto_geometry_msgs:/opt/ros/humble LD_LIBRARY_PATH=/home/zhijie/autoware/install/interpolation/lib:/home/zhijie/autoware/install/tier4_autoware_utils/lib:/home/zhijie/autoware/install/autoware_auto_vehicle_msgs/lib:/home/zhijie/autoware/install/autoware_auto_planning_msgs/lib:/home/zhijie/autoware/install/autoware_auto_perception_msgs/lib:/home/zhijie/autoware/install/tier4_debug_msgs/lib:/home/zhijie/autoware/install/autoware_auto_mapping_msgs/lib:/home/zhijie/autoware/install/autoware_auto_geometry_msgs/lib:${LD_LIBRARY_PATH} PYTHONPATH=/home/zhijie/autoware/install/autoware_auto_vehicle_msgs/local/lib/python3.10/dist-packages:/home/zhijie/autoware/install/autoware_auto_planning_msgs/local/lib/python3.10/dist-packages:/home/zhijie/autoware/install/autoware_auto_perception_msgs/local/lib/python3.10/dist-packages:/home/zhijie/autoware/install/tier4_debug_msgs/local/lib/python3.10/dist-packages:/home/zhijie/autoware/install/autoware_auto_mapping_msgs/local/lib/python3.10/dist-packages:/home/zhijie/autoware/install/autoware_auto_geometry_msgs/local/lib/python3.10/dist-packages:${PYTHONPATH} /usr/bin/cmake --install /home/zhijie/autoware/build/sampler_common
