[100%] Built target tensorrt_classifier
-- Install configuration: "Release"
-- Execute custom install script
-- Up-to-date symlink: /home/mtl12345/autoware/install/tensorrt_classifier/include/tensorrt_classifier/calibrator.hpp
-- Up-to-date symlink: /home/mtl12345/autoware/install/tensorrt_classifier/include/tensorrt_classifier/preprocess.h
-- Up-to-date symlink: /home/mtl12345/autoware/install/tensorrt_classifier/include/tensorrt_classifier/tensorrt_classifier.hpp
-- Up-to-date symlink: /home/mtl12345/autoware/install/tensorrt_classifier/share/tensorrt_classifier/environment/library_path.sh
-- Up-to-date symlink: /home/mtl12345/autoware/install/tensorrt_classifier/share/tensorrt_classifier/environment/library_path.dsv
-- Up-to-date symlink: /home/mtl12345/autoware/install/tensorrt_classifier/lib/libtensorrt_classifier.so
-- Up-to-date symlink: /home/mtl12345/autoware/install/tensorrt_classifier/lib/libtensorrt_classifier.so
-- Up-to-date symlink: /home/mtl12345/autoware/install/tensorrt_classifier/share/ament_index/resource_index/package_run_dependencies/tensorrt_classifier
-- Up-to-date symlink: /home/mtl12345/autoware/install/tensorrt_classifier/share/ament_index/resource_index/parent_prefix_path/tensorrt_classifier
-- Up-to-date symlink: /home/mtl12345/autoware/install/tensorrt_classifier/share/tensorrt_classifier/environment/ament_prefix_path.sh
-- Up-to-date symlink: /home/mtl12345/autoware/install/tensorrt_classifier/share/tensorrt_classifier/environment/ament_prefix_path.dsv
-- Up-to-date symlink: /home/mtl12345/autoware/install/tensorrt_classifier/share/tensorrt_classifier/environment/path.sh
-- Up-to-date symlink: /home/mtl12345/autoware/install/tensorrt_classifier/share/tensorrt_classifier/environment/path.dsv
-- Up-to-date symlink: /home/mtl12345/autoware/install/tensorrt_classifier/share/tensorrt_classifier/local_setup.bash
-- Up-to-date symlink: /home/mtl12345/autoware/install/tensorrt_classifier/share/tensorrt_classifier/local_setup.sh
-- Up-to-date symlink: /home/mtl12345/autoware/install/tensorrt_classifier/share/tensorrt_classifier/local_setup.zsh
-- Up-to-date symlink: /home/mtl12345/autoware/install/tensorrt_classifier/share/tensorrt_classifier/local_setup.dsv
-- Symlinking: /home/mtl12345/autoware/install/tensorrt_classifier/share/tensorrt_classifier/package.dsv
-- Up-to-date symlink: /home/mtl12345/autoware/install/tensorrt_classifier/share/ament_index/resource_index/packages/tensorrt_classifier
-- Up-to-date symlink: /home/mtl12345/autoware/install/tensorrt_classifier/share/tensorrt_classifier/cmake/ament_cmake_export_include_directories-extras.cmake
-- Up-to-date symlink: /home/mtl12345/autoware/install/tensorrt_classifier/share/tensorrt_classifier/cmake/ament_cmake_export_dependencies-extras.cmake
-- Up-to-date symlink: /home/mtl12345/autoware/install/tensorrt_classifier/share/tensorrt_classifier/cmake/ament_cmake_export_libraries-extras.cmake
-- Up-to-date symlink: /home/mtl12345/autoware/install/tensorrt_classifier/share/tensorrt_classifier/cmake/tensorrt_classifierConfig.cmake
-- Up-to-date symlink: /home/mtl12345/autoware/install/tensorrt_classifier/share/tensorrt_classifier/cmake/tensorrt_classifierConfig-version.cmake
-- Up-to-date symlink: /home/mtl12345/autoware/install/tensorrt_classifier/share/tensorrt_classifier/package.xml
