[0.030s] Invoking command in '/home/zhijie/autoware/build/tier4_datetime_rviz_plugin': AMENT_PREFIX_PATH=/home/zhijie/autoware/install/autoware_cmake:/home/zhijie/autoware/install/autoware_lint_common:${AMENT_PREFIX_PATH} CMAKE_PREFIX_PATH=/home/zhijie/autoware/install/autoware_cmake:/home/zhijie/autoware/install/autoware_lint_common:/opt/ros/humble /usr/bin/cmake /home/zhijie/autoware/src/universe/autoware.universe/common/tier4_datetime_rviz_plugin -DCMAKE_BUILD_TYPE=Release -DAMENT_CMAKE_SYMLINK_INSTALL=1 -DCMAKE_INSTALL_PREFIX=/home/zhijie/autoware/install/tier4_datetime_rviz_plugin
[3.595s] -- Found autoware_cmake: 0.1.0 (/home/zhijie/autoware/install/autoware_cmake/share/autoware_cmake/cmake)
[3.595s] -- Override CMake install command with custom implementation using symlinks instead of copying resources
[3.595s] -- Found rosidl_generator_c: 3.1.5 (/opt/ros/humble/share/rosidl_generator_c/cmake)
[3.595s] -- Found rosidl_adapter: 3.1.5 (/opt/ros/humble/share/rosidl_adapter/cmake)
[3.595s] -- Found rosidl_generator_cpp: 3.1.5 (/opt/ros/humble/share/rosidl_generator_cpp/cmake)
[3.598s] -- Using all available rosidl_typesupport_c: rosidl_typesupport_fastrtps_c;rosidl_typesupport_introspection_c
[3.598s] -- Using all available rosidl_typesupport_cpp: rosidl_typesupport_fastrtps_cpp;rosidl_typesupport_introspection_cpp
[3.598s] -- Found rmw_implementation_cmake: 6.1.1 (/opt/ros/humble/share/rmw_implementation_cmake/cmake)
[3.599s] -- Found rmw_cyclonedds_cpp: 1.3.4 (/opt/ros/humble/share/rmw_cyclonedds_cpp/cmake)
[3.599s] -- Using RMW implementation 'rmw_cyclonedds_cpp' as default
[3.599s] -- Setting OGRE_DIR to: '/opt/ros/humble/share/rviz_ogre_vendor/cmake/../../../opt/rviz_ogre_vendor/lib/OGRE/cmake'
[3.599s] -- Found OGRE
[3.599s] --   static     : OFF
[3.599s] --   components : HLMS;MeshLodGenerator;Overlay;Paging;Property;RTShaderSystem;Terrain;Volume
[3.599s] --   plugins    : Plugin_BSPSceneManager;Plugin_OctreeSceneManager;Plugin_PCZSceneManager;Plugin_ParticleFX;RenderSystem_GL;RenderSystem_GL3Plus;Codec_STBI
[3.599s] --   media      : /opt/ros/humble/opt/rviz_ogre_vendor/share/OGRE/Media
[3.599s] -- OGRE_LIBRARIES: OgreHLMS;OgreMeshLodGenerator;OgreOverlay;OgrePaging;OgreProperty;OgreRTShaderSystem;OgreTerrain;OgreVolume;OgreMain
[3.599s] -- OGRE_LIBRARY_DIRS: /opt/ros/humble/opt/rviz_ogre_vendor/lib
[3.600s] -- OGRE_PLUGINS: Plugin_BSPSceneManager;Plugin_OctreeSceneManager;Plugin_PCZSceneManager;Plugin_ParticleFX;RenderSystem_GL;RenderSystem_GL3Plus;Codec_STBI
[3.600s] -- OGRE_PLUGIN_DIR: /opt/ros/humble/opt/rviz_ogre_vendor/lib/OGRE
[3.600s] -- rviz_ogre_vendor::OgreOverlay for IMPORTED_LOCATION_RELEASE: /opt/ros/humble/opt/rviz_ogre_vendor/lib/libOgreOverlay.so
[3.600s] -- rviz_ogre_vendor::OgreOverlay for IMPORTED_LOCATION_DEBUG: /opt/ros/humble/opt/rviz_ogre_vendor/lib/libOgreOverlay.so
[3.600s] -- rviz_ogre_vendor::OgreMain for IMPORTED_LOCATION_RELEASE: /opt/ros/humble/opt/rviz_ogre_vendor/lib/libOgreMain.so
[3.600s] -- rviz_ogre_vendor::OgreMain for IMPORTED_LOCATION_DEBUG: /opt/ros/humble/opt/rviz_ogre_vendor/lib/libOgreMain.so
[3.600s] -- Could not find freeimage library
[3.600s] -- rviz_ogre_vendor::RenderSystem_GL for IMPORTED_LOCATION_RELEASE: _render_system_gl_static_library_abs-NOTFOUND
[3.600s] -- rviz_ogre_vendor::RenderSystem_GL for IMPORTED_LOCATION_DEBUG: _render_system_gl_static_library_abs-NOTFOUND
[3.600s] -- library: /usr/lib/x86_64-linux-gnu/libcurl.so
[3.601s] -- Ensuring Eigen3 include directory is part of orocos-kdl CMake target
[3.601s] -- Found ament_lint_auto: 0.12.8 (/opt/ros/humble/share/ament_lint_auto/cmake)
[3.601s] -- Added test 'copyright' to check source files copyright and LICENSE
[3.601s] -- Added test 'cppcheck' to perform static code analysis on C / C++ code
[3.601s] -- Configured cppcheck include dirs: 
[3.601s] -- Configured cppcheck exclude dirs and/or files: 
[3.601s] -- Added test 'lint_cmake' to check CMake code style
[3.601s] -- Added test 'xmllint' to check XML markup files
[3.601s] -- Configuring done
[3.602s] -- Generating done
[3.602s] -- Build files have been written to: /home/zhijie/autoware/build/tier4_datetime_rviz_plugin
[3.606s] Invoked command in '/home/zhijie/autoware/build/tier4_datetime_rviz_plugin' returned '0': AMENT_PREFIX_PATH=/home/zhijie/autoware/install/autoware_cmake:/home/zhijie/autoware/install/autoware_lint_common:${AMENT_PREFIX_PATH} CMAKE_PREFIX_PATH=/home/zhijie/autoware/install/autoware_cmake:/home/zhijie/autoware/install/autoware_lint_common:/opt/ros/humble /usr/bin/cmake /home/zhijie/autoware/src/universe/autoware.universe/common/tier4_datetime_rviz_plugin -DCMAKE_BUILD_TYPE=Release -DAMENT_CMAKE_SYMLINK_INSTALL=1 -DCMAKE_INSTALL_PREFIX=/home/zhijie/autoware/install/tier4_datetime_rviz_plugin
[3.606s] Invoking command in '/home/zhijie/autoware/build/tier4_datetime_rviz_plugin': AMENT_PREFIX_PATH=/home/zhijie/autoware/install/autoware_cmake:/home/zhijie/autoware/install/autoware_lint_common:${AMENT_PREFIX_PATH} CMAKE_PREFIX_PATH=/home/zhijie/autoware/install/autoware_cmake:/home/zhijie/autoware/install/autoware_lint_common:/opt/ros/humble /usr/bin/cmake --build /home/zhijie/autoware/build/tier4_datetime_rviz_plugin -- -j16 -l16
[10.539s] [ 25%] [34m[1mAutomatic MOC for target tier4_datetime_rviz_plugin[0m
[10.539s] [ 25%] Built target tier4_datetime_rviz_plugin_autogen
[10.540s] [35m[1mConsolidate compiler generated dependencies of target tier4_datetime_rviz_plugin[0m
[10.540s] [ 50%] [32mBuilding CXX object CMakeFiles/tier4_datetime_rviz_plugin.dir/tier4_datetime_rviz_plugin_autogen/mocs_compilation.cpp.o[0m
[10.540s] [ 75%] [32mBuilding CXX object CMakeFiles/tier4_datetime_rviz_plugin.dir/src/autoware_datetime_panel.cpp.o[0m
[16.724s] [100%] [32m[1mLinking CXX shared library libtier4_datetime_rviz_plugin.so[0m
[18.556s] [100%] Built target tier4_datetime_rviz_plugin
[18.579s] Invoked command in '/home/zhijie/autoware/build/tier4_datetime_rviz_plugin' returned '0': AMENT_PREFIX_PATH=/home/zhijie/autoware/install/autoware_cmake:/home/zhijie/autoware/install/autoware_lint_common:${AMENT_PREFIX_PATH} CMAKE_PREFIX_PATH=/home/zhijie/autoware/install/autoware_cmake:/home/zhijie/autoware/install/autoware_lint_common:/opt/ros/humble /usr/bin/cmake --build /home/zhijie/autoware/build/tier4_datetime_rviz_plugin -- -j16 -l16
[18.614s] Invoking command in '/home/zhijie/autoware/build/tier4_datetime_rviz_plugin': AMENT_PREFIX_PATH=/home/zhijie/autoware/install/autoware_cmake:/home/zhijie/autoware/install/autoware_lint_common:${AMENT_PREFIX_PATH} CMAKE_PREFIX_PATH=/home/zhijie/autoware/install/autoware_cmake:/home/zhijie/autoware/install/autoware_lint_common:/opt/ros/humble /usr/bin/cmake --install /home/zhijie/autoware/build/tier4_datetime_rviz_plugin
[23.732s] -- Install configuration: "Release"
[23.735s] -- Execute custom install script
[23.735s] -- Up-to-date symlink: /home/zhijie/autoware/install/tier4_datetime_rviz_plugin/share/tier4_datetime_rviz_plugin/plugins/plugin_description.xml
[23.736s] -- Up-to-date symlink: /home/zhijie/autoware/install/tier4_datetime_rviz_plugin/share/tier4_datetime_rviz_plugin/environment/library_path.sh
[23.736s] -- Up-to-date symlink: /home/zhijie/autoware/install/tier4_datetime_rviz_plugin/share/tier4_datetime_rviz_plugin/environment/library_path.dsv
[23.736s] -- Up-to-date symlink: /home/zhijie/autoware/install/tier4_datetime_rviz_plugin/lib/libtier4_datetime_rviz_plugin.so
[23.736s] -- Up-to-date symlink: /home/zhijie/autoware/install/tier4_datetime_rviz_plugin/share/tier4_datetime_rviz_plugin/icons/classes/AutowareDateTimePanel.png
[23.736s] -- Up-to-date symlink: /home/zhijie/autoware/install/tier4_datetime_rviz_plugin/share/tier4_datetime_rviz_plugin/plugins/plugin_description.xml
[23.736s] -- Up-to-date symlink: /home/zhijie/autoware/install/tier4_datetime_rviz_plugin/share/ament_index/resource_index/package_run_dependencies/tier4_datetime_rviz_plugin
[23.736s] -- Up-to-date symlink: /home/zhijie/autoware/install/tier4_datetime_rviz_plugin/share/ament_index/resource_index/parent_prefix_path/tier4_datetime_rviz_plugin
[23.737s] -- Up-to-date symlink: /home/zhijie/autoware/install/tier4_datetime_rviz_plugin/share/tier4_datetime_rviz_plugin/environment/ament_prefix_path.sh
[23.737s] -- Up-to-date symlink: /home/zhijie/autoware/install/tier4_datetime_rviz_plugin/share/tier4_datetime_rviz_plugin/environment/ament_prefix_path.dsv
[23.737s] -- Up-to-date symlink: /home/zhijie/autoware/install/tier4_datetime_rviz_plugin/share/tier4_datetime_rviz_plugin/environment/path.sh
[23.737s] -- Up-to-date symlink: /home/zhijie/autoware/install/tier4_datetime_rviz_plugin/share/tier4_datetime_rviz_plugin/environment/path.dsv
[23.737s] -- Up-to-date symlink: /home/zhijie/autoware/install/tier4_datetime_rviz_plugin/share/tier4_datetime_rviz_plugin/local_setup.bash
[23.737s] -- Up-to-date symlink: /home/zhijie/autoware/install/tier4_datetime_rviz_plugin/share/tier4_datetime_rviz_plugin/local_setup.sh
[23.737s] -- Up-to-date symlink: /home/zhijie/autoware/install/tier4_datetime_rviz_plugin/share/tier4_datetime_rviz_plugin/local_setup.zsh
[23.737s] -- Up-to-date symlink: /home/zhijie/autoware/install/tier4_datetime_rviz_plugin/share/tier4_datetime_rviz_plugin/local_setup.dsv
[23.737s] -- Symlinking: /home/zhijie/autoware/install/tier4_datetime_rviz_plugin/share/tier4_datetime_rviz_plugin/package.dsv
[23.737s] -- Up-to-date symlink: /home/zhijie/autoware/install/tier4_datetime_rviz_plugin/share/ament_index/resource_index/packages/tier4_datetime_rviz_plugin
[23.738s] -- Up-to-date symlink: /home/zhijie/autoware/install/tier4_datetime_rviz_plugin/share/ament_index/resource_index/rviz_common__pluginlib__plugin/tier4_datetime_rviz_plugin
[23.738s] -- Up-to-date symlink: /home/zhijie/autoware/install/tier4_datetime_rviz_plugin/share/tier4_datetime_rviz_plugin/cmake/ament_cmake_export_dependencies-extras.cmake
[23.738s] -- Up-to-date symlink: /home/zhijie/autoware/install/tier4_datetime_rviz_plugin/share/tier4_datetime_rviz_plugin/cmake/ament_cmake_export_libraries-extras.cmake
[23.738s] -- Up-to-date symlink: /home/zhijie/autoware/install/tier4_datetime_rviz_plugin/share/tier4_datetime_rviz_plugin/cmake/tier4_datetime_rviz_pluginConfig.cmake
[23.738s] -- Up-to-date symlink: /home/zhijie/autoware/install/tier4_datetime_rviz_plugin/share/tier4_datetime_rviz_plugin/cmake/tier4_datetime_rviz_pluginConfig-version.cmake
[23.739s] -- Up-to-date symlink: /home/zhijie/autoware/install/tier4_datetime_rviz_plugin/share/tier4_datetime_rviz_plugin/package.xml
[23.780s] Invoked command in '/home/zhijie/autoware/build/tier4_datetime_rviz_plugin' returned '0': AMENT_PREFIX_PATH=/home/zhijie/autoware/install/autoware_cmake:/home/zhijie/autoware/install/autoware_lint_common:${AMENT_PREFIX_PATH} CMAKE_PREFIX_PATH=/home/zhijie/autoware/install/autoware_cmake:/home/zhijie/autoware/install/autoware_lint_common:/opt/ros/humble /usr/bin/cmake --install /home/zhijie/autoware/build/tier4_datetime_rviz_plugin
