-- Found ament_cmake_auto: 1.3.5 (/opt/ros/humble/share/ament_cmake_auto/cmake)
-- Override CMake install command with custom implementation using symlinks instead of copying resources
-- Found rosidl_generator_c: 3.1.5 (/opt/ros/humble/share/rosidl_generator_c/cmake)
-- Found rosidl_adapter: 3.1.5 (/opt/ros/humble/share/rosidl_adapter/cmake)
-- Found rosidl_generator_cpp: 3.1.5 (/opt/ros/humble/share/rosidl_generator_cpp/cmake)
-- Using all available rosidl_typesupport_c: rosidl_typesupport_fastrtps_c;rosidl_typesupport_introspection_c
-- Using all available rosidl_typesupport_cpp: rosidl_typesupport_fastrtps_cpp;rosidl_typesupport_introspection_cpp
-- Found rmw_implementation_cmake: 6.1.1 (/opt/ros/humble/share/rmw_implementation_cmake/cmake)
-- Found rmw_cyclonedds_cpp: 1.3.4 (/opt/ros/humble/share/rmw_cyclonedds_cpp/cmake)
-- Using RMW implementation 'rmw_cyclonedds_cpp' as default
-- Found ament_lint_auto: 0.12.8 (/opt/ros/humble/share/ament_lint_auto/cmake)
-- Added test 'copyright' to check source files copyright and LICENSE
-- Added test 'cppcheck' to perform static code analysis on C / C++ code
-- Configured cppcheck include dirs: /home/zhijie/autoware/src/sensor_component/external/transport_drivers/tcp_driver/include
-- Configured cppcheck exclude dirs and/or files: 
-- Added test 'cpplint' to check C / C++ code against the Google style
-- Configured cpplint exclude dirs and/or files: 
-- Added test 'lint_cmake' to check CMake code style
-- Added test 'uncrustify' to check C / C++ code style
-- Configured uncrustify additional arguments: 
-- Added test 'xmllint' to check XML markup files
-- Configuring done
-- Generating done
-- Build files have been written to: /home/zhijie/autoware/build/boost_tcp_driver
[35m[1mConsolidate compiler generated dependencies of target boost_tcp_driver[0m
[ 20%] [32mBuilding CXX object CMakeFiles/boost_tcp_driver.dir/src/tcp_socket.cpp.o[0m
[ 40%] [32mBuilding CXX object CMakeFiles/boost_tcp_driver.dir/src/http_client_driver.cpp.o[0m
[ 60%] [32mBuilding CXX object CMakeFiles/boost_tcp_driver.dir/src/http_client.cpp.o[0m
[ 80%] [32mBuilding CXX object CMakeFiles/boost_tcp_driver.dir/src/tcp_driver.cpp.o[0m
[100%] [32m[1mLinking CXX shared library libboost_tcp_driver.so[0m
[100%] Built target boost_tcp_driver
-- Install configuration: "Release"
-- Execute custom install script
-- Up-to-date symlink: /home/zhijie/autoware/install/boost_tcp_driver/include/boost_tcp_driver/http_client.hpp
-- Up-to-date symlink: /home/zhijie/autoware/install/boost_tcp_driver/include/boost_tcp_driver/http_client_driver.hpp
-- Up-to-date symlink: /home/zhijie/autoware/install/boost_tcp_driver/include/boost_tcp_driver/tcp_driver.hpp
-- Up-to-date symlink: /home/zhijie/autoware/install/boost_tcp_driver/include/boost_tcp_driver/tcp_socket.hpp
-- Up-to-date symlink: /home/zhijie/autoware/install/boost_tcp_driver/share/boost_tcp_driver/environment/library_path.sh
-- Up-to-date symlink: /home/zhijie/autoware/install/boost_tcp_driver/share/boost_tcp_driver/environment/library_path.dsv
-- Up-to-date symlink: /home/zhijie/autoware/install/boost_tcp_driver/lib/libboost_tcp_driver.so
-- Up-to-date symlink: /home/zhijie/autoware/install/boost_tcp_driver/share/ament_index/resource_index/package_run_dependencies/boost_tcp_driver
-- Up-to-date symlink: /home/zhijie/autoware/install/boost_tcp_driver/share/ament_index/resource_index/parent_prefix_path/boost_tcp_driver
-- Up-to-date symlink: /home/zhijie/autoware/install/boost_tcp_driver/share/boost_tcp_driver/environment/ament_prefix_path.sh
-- Up-to-date symlink: /home/zhijie/autoware/install/boost_tcp_driver/share/boost_tcp_driver/environment/ament_prefix_path.dsv
-- Up-to-date symlink: /home/zhijie/autoware/install/boost_tcp_driver/share/boost_tcp_driver/environment/path.sh
-- Up-to-date symlink: /home/zhijie/autoware/install/boost_tcp_driver/share/boost_tcp_driver/environment/path.dsv
-- Up-to-date symlink: /home/zhijie/autoware/install/boost_tcp_driver/share/boost_tcp_driver/local_setup.bash
-- Up-to-date symlink: /home/zhijie/autoware/install/boost_tcp_driver/share/boost_tcp_driver/local_setup.sh
-- Up-to-date symlink: /home/zhijie/autoware/install/boost_tcp_driver/share/boost_tcp_driver/local_setup.zsh
-- Up-to-date symlink: /home/zhijie/autoware/install/boost_tcp_driver/share/boost_tcp_driver/local_setup.dsv
-- Symlinking: /home/zhijie/autoware/install/boost_tcp_driver/share/boost_tcp_driver/package.dsv
-- Up-to-date symlink: /home/zhijie/autoware/install/boost_tcp_driver/share/ament_index/resource_index/packages/boost_tcp_driver
-- Up-to-date symlink: /home/zhijie/autoware/install/boost_tcp_driver/share/boost_tcp_driver/cmake/ament_cmake_export_dependencies-extras.cmake
-- Up-to-date symlink: /home/zhijie/autoware/install/boost_tcp_driver/share/boost_tcp_driver/cmake/ament_cmake_export_include_directories-extras.cmake
-- Up-to-date symlink: /home/zhijie/autoware/install/boost_tcp_driver/share/boost_tcp_driver/cmake/ament_cmake_export_libraries-extras.cmake
-- Up-to-date symlink: /home/zhijie/autoware/install/boost_tcp_driver/share/boost_tcp_driver/cmake/boost_tcp_driverConfig.cmake
-- Up-to-date symlink: /home/zhijie/autoware/install/boost_tcp_driver/share/boost_tcp_driver/cmake/boost_tcp_driverConfig-version.cmake
-- Up-to-date symlink: /home/zhijie/autoware/install/boost_tcp_driver/share/boost_tcp_driver/package.xml
