-- Found autoware_cmake: 0.1.0 (/home/zhijie/autoware/install/autoware_cmake/share/autoware_cmake/cmake)
-- Override CMake install command with custom implementation using symlinks instead of copying resources
-- Found rosidl_generator_c: 3.1.5 (/opt/ros/humble/share/rosidl_generator_c/cmake)
-- Found rosidl_adapter: 3.1.5 (/opt/ros/humble/share/rosidl_adapter/cmake)
-- Found rosidl_generator_cpp: 3.1.5 (/opt/ros/humble/share/rosidl_generator_cpp/cmake)
-- Using all available rosidl_typesupport_c: rosidl_typesupport_fastrtps_c;rosidl_typesupport_introspection_c
-- Using all available rosidl_typesupport_cpp: rosidl_typesupport_fastrtps_cpp;rosidl_typesupport_introspection_cpp
-- Found rmw_implementation_cmake: 6.1.1 (/opt/ros/humble/share/rmw_implementation_cmake/cmake)
-- Found rmw_cyclonedds_cpp: 1.3.4 (/opt/ros/humble/share/rmw_cyclonedds_cpp/cmake)
-- Using RMW implementation 'rmw_cyclonedds_cpp' as default
-- Found TensorRT headers at /usr/include/x86_64-linux-gnu
-- Found TensorRT libs at /usr/lib/x86_64-linux-gnu/libnvinfer.so;/usr/lib/x86_64-linux-gnu/libnvinfer_plugin.so;/usr/lib/x86_64-linux-gnu/libnvparsers.so;/usr/lib/x86_64-linux-gnu/libnvonnxparser.so
-- Found ament_lint_auto: 0.12.8 (/opt/ros/humble/share/ament_lint_auto/cmake)
-- Configuring done
-- Generating done
-- Build files have been written to: /home/zhijie/autoware/build/traffic_light_classifier
[35m[1mConsolidate compiler generated dependencies of target traffic_light_classifier_nodelet[0m
[  7%] [32mBuilding CXX object CMakeFiles/traffic_light_classifier_nodelet.dir/src/color_classifier.cpp.o[0m
[ 15%] [32mBuilding CXX object CMakeFiles/traffic_light_classifier_nodelet.dir/src/nodelet.cpp.o[0m
[ 23%] [32mBuilding CXX object CMakeFiles/traffic_light_classifier_nodelet.dir/src/cnn_classifier.cpp.o[0m
[ 30%] [32m[1mLinking CXX shared library libtraffic_light_classifier_nodelet.so[0m
[ 30%] Built target traffic_light_classifier_nodelet
[35m[1mConsolidate compiler generated dependencies of target traffic_light_classifier_node[0m
[35m[1mConsolidate compiler generated dependencies of target single_image_debug_inference[0m
[ 38%] [32mBuilding CXX object CMakeFiles/traffic_light_classifier_node.dir/rclcpp_components/node_main_traffic_light_classifier_node.cpp.o[0m
[ 46%] [32mBuilding CXX object CMakeFiles/single_image_debug_inference.dir/rclcpp_components/node_main_single_image_debug_inference.cpp.o[0m
[ 53%] [32m[1mLinking CXX executable traffic_light_classifier_node[0m
[ 53%] Built target traffic_light_classifier_node
[ 61%] [32m[1mLinking CXX executable single_image_debug_inference[0m
[ 61%] Built target single_image_debug_inference
[35m[1mConsolidate compiler generated dependencies of target single_image_debug_inference_node[0m
[ 69%] [32mBuilding CXX object CMakeFiles/single_image_debug_inference_node.dir/src/cnn_classifier.cpp.o[0m
[ 84%] [32mBuilding CXX object CMakeFiles/single_image_debug_inference_node.dir/src/color_classifier.cpp.o[0m
[ 92%] [32mBuilding CXX object CMakeFiles/single_image_debug_inference_node.dir/src/single_image_debug_inference_node.cpp.o[0m
[ 92%] [32mBuilding CXX object CMakeFiles/single_image_debug_inference_node.dir/src/nodelet.cpp.o[0m
[100%] [32m[1mLinking CXX shared library libsingle_image_debug_inference_node.so[0m
[100%] Built target single_image_debug_inference_node
-- Install configuration: "Release"
-- Execute custom install script
-- Up-to-date symlink: /home/zhijie/autoware/install/traffic_light_classifier/lib/traffic_light_classifier/traffic_light_classifier_node
-- Up-to-date symlink: /home/zhijie/autoware/install/traffic_light_classifier/lib/traffic_light_classifier/single_image_debug_inference
-- Up-to-date symlink: /home/zhijie/autoware/install/traffic_light_classifier/include/traffic_light_classifier/classifier_interface.hpp
-- Up-to-date symlink: /home/zhijie/autoware/install/traffic_light_classifier/include/traffic_light_classifier/cnn_classifier.hpp
-- Up-to-date symlink: /home/zhijie/autoware/install/traffic_light_classifier/include/traffic_light_classifier/color_classifier.hpp
-- Up-to-date symlink: /home/zhijie/autoware/install/traffic_light_classifier/include/traffic_light_classifier/nodelet.hpp
-- Up-to-date symlink: /home/zhijie/autoware/install/traffic_light_classifier/share/traffic_light_classifier/environment/library_path.sh
-- Up-to-date symlink: /home/zhijie/autoware/install/traffic_light_classifier/share/traffic_light_classifier/environment/library_path.dsv
-- Up-to-date symlink: /home/zhijie/autoware/install/traffic_light_classifier/lib/libtraffic_light_classifier_nodelet.so
-- Up-to-date symlink: /home/zhijie/autoware/install/traffic_light_classifier/lib/libsingle_image_debug_inference_node.so
-- Up-to-date symlink: /home/zhijie/autoware/install/traffic_light_classifier/share/traffic_light_classifier/launch/traffic_light_classifier.launch.xml
-- Up-to-date symlink: /home/zhijie/autoware/install/traffic_light_classifier/share/ament_index/resource_index/package_run_dependencies/traffic_light_classifier
-- Up-to-date symlink: /home/zhijie/autoware/install/traffic_light_classifier/share/ament_index/resource_index/parent_prefix_path/traffic_light_classifier
-- Up-to-date symlink: /home/zhijie/autoware/install/traffic_light_classifier/share/traffic_light_classifier/environment/ament_prefix_path.sh
-- Up-to-date symlink: /home/zhijie/autoware/install/traffic_light_classifier/share/traffic_light_classifier/environment/ament_prefix_path.dsv
-- Up-to-date symlink: /home/zhijie/autoware/install/traffic_light_classifier/share/traffic_light_classifier/environment/path.sh
-- Up-to-date symlink: /home/zhijie/autoware/install/traffic_light_classifier/share/traffic_light_classifier/environment/path.dsv
-- Up-to-date symlink: /home/zhijie/autoware/install/traffic_light_classifier/share/traffic_light_classifier/local_setup.bash
-- Up-to-date symlink: /home/zhijie/autoware/install/traffic_light_classifier/share/traffic_light_classifier/local_setup.sh
-- Up-to-date symlink: /home/zhijie/autoware/install/traffic_light_classifier/share/traffic_light_classifier/local_setup.zsh
-- Up-to-date symlink: /home/zhijie/autoware/install/traffic_light_classifier/share/traffic_light_classifier/local_setup.dsv
-- Symlinking: /home/zhijie/autoware/install/traffic_light_classifier/share/traffic_light_classifier/package.dsv
-- Up-to-date symlink: /home/zhijie/autoware/install/traffic_light_classifier/share/ament_index/resource_index/packages/traffic_light_classifier
-- Up-to-date symlink: /home/zhijie/autoware/install/traffic_light_classifier/share/ament_index/resource_index/rclcpp_components/traffic_light_classifier
-- Up-to-date symlink: /home/zhijie/autoware/install/traffic_light_classifier/share/traffic_light_classifier/cmake/ament_cmake_export_dependencies-extras.cmake
-- Up-to-date symlink: /home/zhijie/autoware/install/traffic_light_classifier/share/traffic_light_classifier/cmake/ament_cmake_export_include_directories-extras.cmake
-- Up-to-date symlink: /home/zhijie/autoware/install/traffic_light_classifier/share/traffic_light_classifier/cmake/ament_cmake_export_libraries-extras.cmake
-- Up-to-date symlink: /home/zhijie/autoware/install/traffic_light_classifier/share/traffic_light_classifier/cmake/traffic_light_classifierConfig.cmake
-- Up-to-date symlink: /home/zhijie/autoware/install/traffic_light_classifier/share/traffic_light_classifier/cmake/traffic_light_classifierConfig-version.cmake
-- Up-to-date symlink: /home/zhijie/autoware/install/traffic_light_classifier/share/traffic_light_classifier/package.xml
