-- Found autoware_cmake: 0.1.0 (/home/zhijie/autoware/install/autoware_cmake/share/autoware_cmake/cmake)
-- Override CMake install command with custom implementation using symlinks instead of copying resources
-- Found rosidl_generator_c: 3.1.5 (/opt/ros/humble/share/rosidl_generator_c/cmake)
-- Found rosidl_adapter: 3.1.5 (/opt/ros/humble/share/rosidl_adapter/cmake)
-- Found rosidl_generator_cpp: 3.1.5 (/opt/ros/humble/share/rosidl_generator_cpp/cmake)
-- Using all available rosidl_typesupport_c: rosidl_typesupport_fastrtps_c;rosidl_typesupport_introspection_c
-- Using all available rosidl_typesupport_cpp: rosidl_typesupport_fastrtps_cpp;rosidl_typesupport_introspection_cpp
-- Found rmw_implementation_cmake: 6.1.1 (/opt/ros/humble/share/rmw_implementation_cmake/cmake)
-- Found rmw_cyclonedds_cpp: 1.3.4 (/opt/ros/humble/share/rmw_cyclonedds_cpp/cmake)
-- Using RMW implementation 'rmw_cyclonedds_cpp' as default
-- Found eigen3_cmake_module: 0.1.1 (/opt/ros/humble/share/eigen3_cmake_module/cmake)
-- Ensuring Eigen3 include directory is part of orocos-kdl CMake target
-- Eigen found (include: /usr/include/eigen3, version: 3.4.0)
-- FLANN found (include: /usr/include, lib: /usr/lib/x86_64-linux-gnu/libflann_cpp.so)
-- OpenNI found (version: 1.5.4.0, include: /usr/include/ni, lib: /usr/lib/libOpenNI.so;libusb::libusb)
-- OpenNI2 found (version: 2.2.0.33, include: /usr/include/openni2, lib: /usr/lib/x86_64-linux-gnu/libOpenNI2.so;libusb::libusb)
-- Eigen found (include: /usr/include/eigen3, version: 3.4.0)
-- OpenNI found (version: 1.5.4.0, include: /usr/include/ni, lib: /usr/lib/libOpenNI.so;libusb::libusb)
-- OpenNI2 found (version: 2.2.0.33, include: /usr/include/openni2, lib: /usr/lib/x86_64-linux-gnu/libOpenNI2.so;libusb::libusb)
-- Found Qhull version 8.0.2
-- OpenNI found (version: 1.5.4.0, include: /usr/include/ni, lib: /usr/lib/libOpenNI.so;libusb::libusb)
-- Found ament_lint_auto: 0.12.8 (/opt/ros/humble/share/ament_lint_auto/cmake)
-- Found gtest sources under '/opt/ros/humble/src/gtest_vendor': C++ tests using 'Google Test' will be built
-- Added test 'copyright' to check source files copyright and LICENSE
-- Added test 'cppcheck' to perform static code analysis on C / C++ code
-- Configured cppcheck include dirs: /home/zhijie/autoware/src/universe/autoware.universe/evaluator/kinematic_evaluator/include
-- Configured cppcheck exclude dirs and/or files: 
-- Added test 'lint_cmake' to check CMake code style
-- Added test 'xmllint' to check XML markup files
-- Configuring done
-- Generating done
-- Build files have been written to: /home/zhijie/autoware/build/kinematic_evaluator
[35m[1mConsolidate compiler generated dependencies of target kinematic_evaluator_node[0m
[  8%] [32mBuilding CXX object CMakeFiles/kinematic_evaluator_node.dir/src/metrics_calculator.cpp.o[0m
[ 16%] [32mBuilding CXX object CMakeFiles/kinematic_evaluator_node.dir/src/metrics/kinematic_metrics.cpp.o[0m
[ 25%] [32mBuilding CXX object CMakeFiles/kinematic_evaluator_node.dir/src/kinematic_evaluator_node.cpp.o[0m
[ 33%] [32m[1mLinking CXX shared library libkinematic_evaluator_node.so[0m
[ 33%] Built target kinematic_evaluator_node
[35m[1mConsolidate compiler generated dependencies of target gtest[0m
[ 41%] [32mBuilding CXX object gtest/CMakeFiles/gtest.dir/src/gtest-all.cc.o[0m
[ 50%] [32m[1mLinking CXX static library libgtest.a[0m
[ 50%] Built target gtest
[35m[1mConsolidate compiler generated dependencies of target gtest_main[0m
[ 58%] [32mBuilding CXX object gtest/CMakeFiles/gtest_main.dir/src/gtest_main.cc.o[0m
[ 66%] [32m[1mLinking CXX static library libgtest_main.a[0m
[ 66%] Built target gtest_main
[35m[1mConsolidate compiler generated dependencies of target kinematic_evaluator[0m
[ 75%] [32mBuilding CXX object CMakeFiles/kinematic_evaluator.dir/rclcpp_components/node_main_kinematic_evaluator.cpp.o[0m
[ 83%] [32m[1mLinking CXX executable kinematic_evaluator[0m
[ 83%] Built target kinematic_evaluator
[35m[1mConsolidate compiler generated dependencies of target test_kinematic_evaluator[0m
[ 91%] [32mBuilding CXX object CMakeFiles/test_kinematic_evaluator.dir/test/test_kinematic_evaluator_node.cpp.o[0m
[100%] [32m[1mLinking CXX executable test_kinematic_evaluator[0m
[100%] Built target test_kinematic_evaluator
-- Install configuration: "Release"
-- Execute custom install script
-- Up-to-date symlink: /home/zhijie/autoware/install/kinematic_evaluator/lib/kinematic_evaluator/kinematic_evaluator
-- Up-to-date symlink: /home/zhijie/autoware/install/kinematic_evaluator/include/kinematic_evaluator/kinematic_evaluator_node.hpp
-- Up-to-date symlink: /home/zhijie/autoware/install/kinematic_evaluator/include/kinematic_evaluator/metrics/kinematic_metrics.hpp
-- Up-to-date symlink: /home/zhijie/autoware/install/kinematic_evaluator/include/kinematic_evaluator/metrics/metric.hpp
-- Up-to-date symlink: /home/zhijie/autoware/install/kinematic_evaluator/include/kinematic_evaluator/metrics_calculator.hpp
-- Up-to-date symlink: /home/zhijie/autoware/install/kinematic_evaluator/include/kinematic_evaluator/parameters.hpp
-- Up-to-date symlink: /home/zhijie/autoware/install/kinematic_evaluator/include/kinematic_evaluator/stat.hpp
-- Up-to-date symlink: /home/zhijie/autoware/install/kinematic_evaluator/share/kinematic_evaluator/environment/library_path.sh
-- Up-to-date symlink: /home/zhijie/autoware/install/kinematic_evaluator/share/kinematic_evaluator/environment/library_path.dsv
-- Up-to-date symlink: /home/zhijie/autoware/install/kinematic_evaluator/lib/libkinematic_evaluator_node.so
-- Up-to-date symlink: /home/zhijie/autoware/install/kinematic_evaluator/share/kinematic_evaluator/param/kinematic_evaluator.defaults.yaml
-- Up-to-date symlink: /home/zhijie/autoware/install/kinematic_evaluator/share/kinematic_evaluator/launch/kinematic_evaluator.launch.xml
-- Up-to-date symlink: /home/zhijie/autoware/install/kinematic_evaluator/share/ament_index/resource_index/package_run_dependencies/kinematic_evaluator
-- Up-to-date symlink: /home/zhijie/autoware/install/kinematic_evaluator/share/ament_index/resource_index/parent_prefix_path/kinematic_evaluator
-- Up-to-date symlink: /home/zhijie/autoware/install/kinematic_evaluator/share/kinematic_evaluator/environment/ament_prefix_path.sh
-- Up-to-date symlink: /home/zhijie/autoware/install/kinematic_evaluator/share/kinematic_evaluator/environment/ament_prefix_path.dsv
-- Up-to-date symlink: /home/zhijie/autoware/install/kinematic_evaluator/share/kinematic_evaluator/environment/path.sh
-- Up-to-date symlink: /home/zhijie/autoware/install/kinematic_evaluator/share/kinematic_evaluator/environment/path.dsv
-- Up-to-date symlink: /home/zhijie/autoware/install/kinematic_evaluator/share/kinematic_evaluator/local_setup.bash
-- Up-to-date symlink: /home/zhijie/autoware/install/kinematic_evaluator/share/kinematic_evaluator/local_setup.sh
-- Up-to-date symlink: /home/zhijie/autoware/install/kinematic_evaluator/share/kinematic_evaluator/local_setup.zsh
-- Up-to-date symlink: /home/zhijie/autoware/install/kinematic_evaluator/share/kinematic_evaluator/local_setup.dsv
-- Symlinking: /home/zhijie/autoware/install/kinematic_evaluator/share/kinematic_evaluator/package.dsv
-- Up-to-date symlink: /home/zhijie/autoware/install/kinematic_evaluator/share/ament_index/resource_index/packages/kinematic_evaluator
-- Up-to-date symlink: /home/zhijie/autoware/install/kinematic_evaluator/share/ament_index/resource_index/rclcpp_components/kinematic_evaluator
-- Up-to-date symlink: /home/zhijie/autoware/install/kinematic_evaluator/share/kinematic_evaluator/cmake/ament_cmake_export_dependencies-extras.cmake
-- Up-to-date symlink: /home/zhijie/autoware/install/kinematic_evaluator/share/kinematic_evaluator/cmake/ament_cmake_export_include_directories-extras.cmake
-- Up-to-date symlink: /home/zhijie/autoware/install/kinematic_evaluator/share/kinematic_evaluator/cmake/ament_cmake_export_libraries-extras.cmake
-- Up-to-date symlink: /home/zhijie/autoware/install/kinematic_evaluator/share/kinematic_evaluator/cmake/kinematic_evaluatorConfig.cmake
-- Up-to-date symlink: /home/zhijie/autoware/install/kinematic_evaluator/share/kinematic_evaluator/cmake/kinematic_evaluatorConfig-version.cmake
-- Up-to-date symlink: /home/zhijie/autoware/install/kinematic_evaluator/share/kinematic_evaluator/package.xml
