[0.353s] Invoking command in '/home/mtl12345/autoware/build/localization_evaluator': AMENT_PREFIX_PATH=/home/mtl12345/autoware/install/tier4_autoware_utils:/home/mtl12345/autoware/install/autoware_auto_vehicle_msgs:/home/mtl12345/autoware/install/autoware_cmake:/home/mtl12345/autoware/install/autoware_auto_planning_msgs:/home/mtl12345/autoware/install/autoware_auto_perception_msgs:/home/mtl12345/autoware/install/tier4_debug_msgs:/home/mtl12345/autoware/install/autoware_lint_common:/home/mtl12345/autoware/install/autoware_auto_mapping_msgs:/home/mtl12345/autoware/install/autoware_auto_geometry_msgs:${AMENT_PREFIX_PATH} CMAKE_PREFIX_PATH=/home/mtl12345/autoware/install/tier4_autoware_utils:/home/mtl12345/autoware/install/autoware_auto_vehicle_msgs:/home/mtl12345/autoware/install/autoware_cmake:/home/mtl12345/autoware/install/autoware_auto_planning_msgs:/home/mtl12345/autoware/install/autoware_auto_perception_msgs:/home/mtl12345/autoware/install/tier4_debug_msgs:/home/mtl12345/autoware/install/autoware_lint_common:/home/mtl12345/autoware/install/autoware_auto_mapping_msgs:/home/mtl12345/autoware/install/autoware_auto_geometry_msgs:/opt/ros/humble LD_LIBRARY_PATH=/home/mtl12345/autoware/install/tier4_autoware_utils/lib:/home/mtl12345/autoware/install/autoware_auto_vehicle_msgs/lib:/home/mtl12345/autoware/install/autoware_auto_planning_msgs/lib:/home/mtl12345/autoware/install/autoware_auto_perception_msgs/lib:/home/mtl12345/autoware/install/tier4_debug_msgs/lib:/home/mtl12345/autoware/install/autoware_auto_mapping_msgs/lib:/home/mtl12345/autoware/install/autoware_auto_geometry_msgs/lib:${LD_LIBRARY_PATH} PYTHONPATH=/home/mtl12345/autoware/install/autoware_auto_vehicle_msgs/local/lib/python3.10/dist-packages:/home/mtl12345/autoware/install/autoware_auto_planning_msgs/local/lib/python3.10/dist-packages:/home/mtl12345/autoware/install/autoware_auto_perception_msgs/local/lib/python3.10/dist-packages:/home/mtl12345/autoware/install/tier4_debug_msgs/local/lib/python3.10/dist-packages:/home/mtl12345/autoware/install/autoware_auto_mapping_msgs/local/lib/python3.10/dist-packages:/home/mtl12345/autoware/install/autoware_auto_geometry_msgs/local/lib/python3.10/dist-packages:${PYTHONPATH} /usr/bin/cmake /home/mtl12345/autoware/src/universe/autoware.universe/evaluator/localization_evaluator -DCMAKE_BUILD_TYPE=Release -DAMENT_CMAKE_SYMLINK_INSTALL=1 -DCMAKE_INSTALL_PREFIX=/home/mtl12345/autoware/install/localization_evaluator
[5.122s] -- Found autoware_cmake: 0.1.0 (/home/mtl12345/autoware/install/autoware_cmake/share/autoware_cmake/cmake)
[5.122s] -- Override CMake install command with custom implementation using symlinks instead of copying resources
[5.122s] -- Found rosidl_generator_c: 3.1.5 (/opt/ros/humble/share/rosidl_generator_c/cmake)
[5.123s] -- Found rosidl_adapter: 3.1.5 (/opt/ros/humble/share/rosidl_adapter/cmake)
[5.123s] -- Found rosidl_generator_cpp: 3.1.5 (/opt/ros/humble/share/rosidl_generator_cpp/cmake)
[5.123s] -- Using all available rosidl_typesupport_c: rosidl_typesupport_fastrtps_c;rosidl_typesupport_introspection_c
[5.123s] -- Using all available rosidl_typesupport_cpp: rosidl_typesupport_fastrtps_cpp;rosidl_typesupport_introspection_cpp
[5.123s] -- Found rmw_implementation_cmake: 6.1.1 (/opt/ros/humble/share/rmw_implementation_cmake/cmake)
[5.123s] -- Found rmw_cyclonedds_cpp: 1.3.4 (/opt/ros/humble/share/rmw_cyclonedds_cpp/cmake)
[5.123s] -- Using RMW implementation 'rmw_cyclonedds_cpp' as default
[5.123s] -- Found eigen3_cmake_module: 0.1.1 (/opt/ros/humble/share/eigen3_cmake_module/cmake)
[5.123s] -- Ensuring Eigen3 include directory is part of orocos-kdl CMake target
[5.124s] -- Eigen found (include: /usr/include/eigen3, version: 3.4.0)
[5.124s] -- FLANN found (include: /usr/include, lib: /usr/lib/x86_64-linux-gnu/libflann_cpp.so)
[5.124s] -- OpenNI found (version: 1.5.4.0, include: /usr/include/ni, lib: /usr/lib/libOpenNI.so;libusb::libusb)
[5.124s] -- OpenNI2 found (version: 2.2.0.33, include: /usr/include/openni2, lib: /usr/lib/x86_64-linux-gnu/libOpenNI2.so;libusb::libusb)
[5.124s] -- Eigen found (include: /usr/include/eigen3, version: 3.4.0)
[5.125s] -- OpenNI found (version: 1.5.4.0, include: /usr/include/ni, lib: /usr/lib/libOpenNI.so;libusb::libusb)
[5.125s] -- OpenNI2 found (version: 2.2.0.33, include: /usr/include/openni2, lib: /usr/lib/x86_64-linux-gnu/libOpenNI2.so;libusb::libusb)
[5.125s] -- Found Qhull version 8.0.2
[5.334s] -- OpenNI found (version: 1.5.4.0, include: /usr/include/ni, lib: /usr/lib/libOpenNI.so;libusb::libusb)
[6.060s] -- Found ament_lint_auto: 0.12.8 (/opt/ros/humble/share/ament_lint_auto/cmake)
[11.775s] -- Found gtest sources under '/opt/ros/humble/src/gtest_vendor': C++ tests using 'Google Test' will be built
[11.791s] -- Added test 'copyright' to check source files copyright and LICENSE
[11.794s] -- Added test 'cppcheck' to perform static code analysis on C / C++ code
[11.795s] -- Configured cppcheck include dirs: /home/mtl12345/autoware/src/universe/autoware.universe/evaluator/localization_evaluator/include
[11.795s] -- Configured cppcheck exclude dirs and/or files: 
[11.796s] -- Added test 'lint_cmake' to check CMake code style
[11.796s] -- Added test 'xmllint' to check XML markup files
[11.802s] -- Configuring done
[11.957s] -- Generating done
[11.962s] -- Build files have been written to: /home/mtl12345/autoware/build/localization_evaluator
[11.997s] Invoked command in '/home/mtl12345/autoware/build/localization_evaluator' returned '0': AMENT_PREFIX_PATH=/home/mtl12345/autoware/install/tier4_autoware_utils:/home/mtl12345/autoware/install/autoware_auto_vehicle_msgs:/home/mtl12345/autoware/install/autoware_cmake:/home/mtl12345/autoware/install/autoware_auto_planning_msgs:/home/mtl12345/autoware/install/autoware_auto_perception_msgs:/home/mtl12345/autoware/install/tier4_debug_msgs:/home/mtl12345/autoware/install/autoware_lint_common:/home/mtl12345/autoware/install/autoware_auto_mapping_msgs:/home/mtl12345/autoware/install/autoware_auto_geometry_msgs:${AMENT_PREFIX_PATH} CMAKE_PREFIX_PATH=/home/mtl12345/autoware/install/tier4_autoware_utils:/home/mtl12345/autoware/install/autoware_auto_vehicle_msgs:/home/mtl12345/autoware/install/autoware_cmake:/home/mtl12345/autoware/install/autoware_auto_planning_msgs:/home/mtl12345/autoware/install/autoware_auto_perception_msgs:/home/mtl12345/autoware/install/tier4_debug_msgs:/home/mtl12345/autoware/install/autoware_lint_common:/home/mtl12345/autoware/install/autoware_auto_mapping_msgs:/home/mtl12345/autoware/install/autoware_auto_geometry_msgs:/opt/ros/humble LD_LIBRARY_PATH=/home/mtl12345/autoware/install/tier4_autoware_utils/lib:/home/mtl12345/autoware/install/autoware_auto_vehicle_msgs/lib:/home/mtl12345/autoware/install/autoware_auto_planning_msgs/lib:/home/mtl12345/autoware/install/autoware_auto_perception_msgs/lib:/home/mtl12345/autoware/install/tier4_debug_msgs/lib:/home/mtl12345/autoware/install/autoware_auto_mapping_msgs/lib:/home/mtl12345/autoware/install/autoware_auto_geometry_msgs/lib:${LD_LIBRARY_PATH} PYTHONPATH=/home/mtl12345/autoware/install/autoware_auto_vehicle_msgs/local/lib/python3.10/dist-packages:/home/mtl12345/autoware/install/autoware_auto_planning_msgs/local/lib/python3.10/dist-packages:/home/mtl12345/autoware/install/autoware_auto_perception_msgs/local/lib/python3.10/dist-packages:/home/mtl12345/autoware/install/tier4_debug_msgs/local/lib/python3.10/dist-packages:/home/mtl12345/autoware/install/autoware_auto_mapping_msgs/local/lib/python3.10/dist-packages:/home/mtl12345/autoware/install/autoware_auto_geometry_msgs/local/lib/python3.10/dist-packages:${PYTHONPATH} /usr/bin/cmake /home/mtl12345/autoware/src/universe/autoware.universe/evaluator/localization_evaluator -DCMAKE_BUILD_TYPE=Release -DAMENT_CMAKE_SYMLINK_INSTALL=1 -DCMAKE_INSTALL_PREFIX=/home/mtl12345/autoware/install/localization_evaluator
[11.999s] Invoking command in '/home/mtl12345/autoware/build/localization_evaluator': AMENT_PREFIX_PATH=/home/mtl12345/autoware/install/tier4_autoware_utils:/home/mtl12345/autoware/install/autoware_auto_vehicle_msgs:/home/mtl12345/autoware/install/autoware_cmake:/home/mtl12345/autoware/install/autoware_auto_planning_msgs:/home/mtl12345/autoware/install/autoware_auto_perception_msgs:/home/mtl12345/autoware/install/tier4_debug_msgs:/home/mtl12345/autoware/install/autoware_lint_common:/home/mtl12345/autoware/install/autoware_auto_mapping_msgs:/home/mtl12345/autoware/install/autoware_auto_geometry_msgs:${AMENT_PREFIX_PATH} CMAKE_PREFIX_PATH=/home/mtl12345/autoware/install/tier4_autoware_utils:/home/mtl12345/autoware/install/autoware_auto_vehicle_msgs:/home/mtl12345/autoware/install/autoware_cmake:/home/mtl12345/autoware/install/autoware_auto_planning_msgs:/home/mtl12345/autoware/install/autoware_auto_perception_msgs:/home/mtl12345/autoware/install/tier4_debug_msgs:/home/mtl12345/autoware/install/autoware_lint_common:/home/mtl12345/autoware/install/autoware_auto_mapping_msgs:/home/mtl12345/autoware/install/autoware_auto_geometry_msgs:/opt/ros/humble LD_LIBRARY_PATH=/home/mtl12345/autoware/install/tier4_autoware_utils/lib:/home/mtl12345/autoware/install/autoware_auto_vehicle_msgs/lib:/home/mtl12345/autoware/install/autoware_auto_planning_msgs/lib:/home/mtl12345/autoware/install/autoware_auto_perception_msgs/lib:/home/mtl12345/autoware/install/tier4_debug_msgs/lib:/home/mtl12345/autoware/install/autoware_auto_mapping_msgs/lib:/home/mtl12345/autoware/install/autoware_auto_geometry_msgs/lib:${LD_LIBRARY_PATH} PYTHONPATH=/home/mtl12345/autoware/install/autoware_auto_vehicle_msgs/local/lib/python3.10/dist-packages:/home/mtl12345/autoware/install/autoware_auto_planning_msgs/local/lib/python3.10/dist-packages:/home/mtl12345/autoware/install/autoware_auto_perception_msgs/local/lib/python3.10/dist-packages:/home/mtl12345/autoware/install/tier4_debug_msgs/local/lib/python3.10/dist-packages:/home/mtl12345/autoware/install/autoware_auto_mapping_msgs/local/lib/python3.10/dist-packages:/home/mtl12345/autoware/install/autoware_auto_geometry_msgs/local/lib/python3.10/dist-packages:${PYTHONPATH} /usr/bin/cmake --build /home/mtl12345/autoware/build/localization_evaluator -- -j12 -l12
[12.254s] [35m[1mConsolidate compiler generated dependencies of target gtest[0m
[12.254s] [35m[1mConsolidate compiler generated dependencies of target localization_evaluator[0m
[12.255s] [35m[1mConsolidate compiler generated dependencies of target localization_evaluator_node[0m
[12.255s] [35m[1mConsolidate compiler generated dependencies of target gtest_main[0m
[12.255s] [ 16%] Built target gtest
[12.255s] [ 33%] Built target localization_evaluator
[12.255s] [ 50%] Built target gtest_main
[12.255s] [ 83%] Built target localization_evaluator_node
[12.255s] [35m[1mConsolidate compiler generated dependencies of target test_localization_evaluator[0m
[12.255s] [100%] Built target test_localization_evaluator
[12.353s] Invoked command in '/home/mtl12345/autoware/build/localization_evaluator' returned '0': AMENT_PREFIX_PATH=/home/mtl12345/autoware/install/tier4_autoware_utils:/home/mtl12345/autoware/install/autoware_auto_vehicle_msgs:/home/mtl12345/autoware/install/autoware_cmake:/home/mtl12345/autoware/install/autoware_auto_planning_msgs:/home/mtl12345/autoware/install/autoware_auto_perception_msgs:/home/mtl12345/autoware/install/tier4_debug_msgs:/home/mtl12345/autoware/install/autoware_lint_common:/home/mtl12345/autoware/install/autoware_auto_mapping_msgs:/home/mtl12345/autoware/install/autoware_auto_geometry_msgs:${AMENT_PREFIX_PATH} CMAKE_PREFIX_PATH=/home/mtl12345/autoware/install/tier4_autoware_utils:/home/mtl12345/autoware/install/autoware_auto_vehicle_msgs:/home/mtl12345/autoware/install/autoware_cmake:/home/mtl12345/autoware/install/autoware_auto_planning_msgs:/home/mtl12345/autoware/install/autoware_auto_perception_msgs:/home/mtl12345/autoware/install/tier4_debug_msgs:/home/mtl12345/autoware/install/autoware_lint_common:/home/mtl12345/autoware/install/autoware_auto_mapping_msgs:/home/mtl12345/autoware/install/autoware_auto_geometry_msgs:/opt/ros/humble LD_LIBRARY_PATH=/home/mtl12345/autoware/install/tier4_autoware_utils/lib:/home/mtl12345/autoware/install/autoware_auto_vehicle_msgs/lib:/home/mtl12345/autoware/install/autoware_auto_planning_msgs/lib:/home/mtl12345/autoware/install/autoware_auto_perception_msgs/lib:/home/mtl12345/autoware/install/tier4_debug_msgs/lib:/home/mtl12345/autoware/install/autoware_auto_mapping_msgs/lib:/home/mtl12345/autoware/install/autoware_auto_geometry_msgs/lib:${LD_LIBRARY_PATH} PYTHONPATH=/home/mtl12345/autoware/install/autoware_auto_vehicle_msgs/local/lib/python3.10/dist-packages:/home/mtl12345/autoware/install/autoware_auto_planning_msgs/local/lib/python3.10/dist-packages:/home/mtl12345/autoware/install/autoware_auto_perception_msgs/local/lib/python3.10/dist-packages:/home/mtl12345/autoware/install/tier4_debug_msgs/local/lib/python3.10/dist-packages:/home/mtl12345/autoware/install/autoware_auto_mapping_msgs/local/lib/python3.10/dist-packages:/home/mtl12345/autoware/install/autoware_auto_geometry_msgs/local/lib/python3.10/dist-packages:${PYTHONPATH} /usr/bin/cmake --build /home/mtl12345/autoware/build/localization_evaluator -- -j12 -l12
[12.661s] Invoking command in '/home/mtl12345/autoware/build/localization_evaluator': AMENT_PREFIX_PATH=/home/mtl12345/autoware/install/tier4_autoware_utils:/home/mtl12345/autoware/install/autoware_auto_vehicle_msgs:/home/mtl12345/autoware/install/autoware_cmake:/home/mtl12345/autoware/install/autoware_auto_planning_msgs:/home/mtl12345/autoware/install/autoware_auto_perception_msgs:/home/mtl12345/autoware/install/tier4_debug_msgs:/home/mtl12345/autoware/install/autoware_lint_common:/home/mtl12345/autoware/install/autoware_auto_mapping_msgs:/home/mtl12345/autoware/install/autoware_auto_geometry_msgs:${AMENT_PREFIX_PATH} CMAKE_PREFIX_PATH=/home/mtl12345/autoware/install/tier4_autoware_utils:/home/mtl12345/autoware/install/autoware_auto_vehicle_msgs:/home/mtl12345/autoware/install/autoware_cmake:/home/mtl12345/autoware/install/autoware_auto_planning_msgs:/home/mtl12345/autoware/install/autoware_auto_perception_msgs:/home/mtl12345/autoware/install/tier4_debug_msgs:/home/mtl12345/autoware/install/autoware_lint_common:/home/mtl12345/autoware/install/autoware_auto_mapping_msgs:/home/mtl12345/autoware/install/autoware_auto_geometry_msgs:/opt/ros/humble LD_LIBRARY_PATH=/home/mtl12345/autoware/install/tier4_autoware_utils/lib:/home/mtl12345/autoware/install/autoware_auto_vehicle_msgs/lib:/home/mtl12345/autoware/install/autoware_auto_planning_msgs/lib:/home/mtl12345/autoware/install/autoware_auto_perception_msgs/lib:/home/mtl12345/autoware/install/tier4_debug_msgs/lib:/home/mtl12345/autoware/install/autoware_auto_mapping_msgs/lib:/home/mtl12345/autoware/install/autoware_auto_geometry_msgs/lib:${LD_LIBRARY_PATH} PYTHONPATH=/home/mtl12345/autoware/install/autoware_auto_vehicle_msgs/local/lib/python3.10/dist-packages:/home/mtl12345/autoware/install/autoware_auto_planning_msgs/local/lib/python3.10/dist-packages:/home/mtl12345/autoware/install/autoware_auto_perception_msgs/local/lib/python3.10/dist-packages:/home/mtl12345/autoware/install/tier4_debug_msgs/local/lib/python3.10/dist-packages:/home/mtl12345/autoware/install/autoware_auto_mapping_msgs/local/lib/python3.10/dist-packages:/home/mtl12345/autoware/install/autoware_auto_geometry_msgs/local/lib/python3.10/dist-packages:${PYTHONPATH} /usr/bin/cmake --install /home/mtl12345/autoware/build/localization_evaluator
[12.698s] -- Install configuration: "Release"
[12.698s] -- Execute custom install script
[12.698s] -- Up-to-date symlink: /home/mtl12345/autoware/install/localization_evaluator/lib/localization_evaluator/localization_evaluator
[12.698s] -- Up-to-date symlink: /home/mtl12345/autoware/install/localization_evaluator/include/localization_evaluator/localization_evaluator_node.hpp
[12.698s] -- Up-to-date symlink: /home/mtl12345/autoware/install/localization_evaluator/include/localization_evaluator/metrics/localization_metrics.hpp
[12.698s] -- Up-to-date symlink: /home/mtl12345/autoware/install/localization_evaluator/include/localization_evaluator/metrics/metric.hpp
[12.698s] -- Up-to-date symlink: /home/mtl12345/autoware/install/localization_evaluator/include/localization_evaluator/metrics_calculator.hpp
[12.699s] -- Up-to-date symlink: /home/mtl12345/autoware/install/localization_evaluator/include/localization_evaluator/parameters.hpp
[12.699s] -- Up-to-date symlink: /home/mtl12345/autoware/install/localization_evaluator/include/localization_evaluator/stat.hpp
[12.699s] -- Up-to-date symlink: /home/mtl12345/autoware/install/localization_evaluator/share/localization_evaluator/environment/library_path.sh
[12.699s] -- Up-to-date symlink: /home/mtl12345/autoware/install/localization_evaluator/share/localization_evaluator/environment/library_path.dsv
[12.699s] -- Up-to-date symlink: /home/mtl12345/autoware/install/localization_evaluator/lib/liblocalization_evaluator_node.so
[12.699s] -- Up-to-date symlink: /home/mtl12345/autoware/install/localization_evaluator/share/localization_evaluator/param/localization_evaluator.defaults.yaml
[12.699s] -- Up-to-date symlink: /home/mtl12345/autoware/install/localization_evaluator/share/localization_evaluator/launch/localization_evaluator.launch.xml
[12.699s] -- Up-to-date symlink: /home/mtl12345/autoware/install/localization_evaluator/share/ament_index/resource_index/package_run_dependencies/localization_evaluator
[12.699s] -- Up-to-date symlink: /home/mtl12345/autoware/install/localization_evaluator/share/ament_index/resource_index/parent_prefix_path/localization_evaluator
[12.700s] -- Up-to-date symlink: /home/mtl12345/autoware/install/localization_evaluator/share/localization_evaluator/environment/ament_prefix_path.sh
[12.700s] -- Up-to-date symlink: /home/mtl12345/autoware/install/localization_evaluator/share/localization_evaluator/environment/ament_prefix_path.dsv
[12.700s] -- Up-to-date symlink: /home/mtl12345/autoware/install/localization_evaluator/share/localization_evaluator/environment/path.sh
[12.700s] -- Up-to-date symlink: /home/mtl12345/autoware/install/localization_evaluator/share/localization_evaluator/environment/path.dsv
[12.700s] -- Up-to-date symlink: /home/mtl12345/autoware/install/localization_evaluator/share/localization_evaluator/local_setup.bash
[12.700s] -- Up-to-date symlink: /home/mtl12345/autoware/install/localization_evaluator/share/localization_evaluator/local_setup.sh
[12.700s] -- Up-to-date symlink: /home/mtl12345/autoware/install/localization_evaluator/share/localization_evaluator/local_setup.zsh
[12.700s] -- Up-to-date symlink: /home/mtl12345/autoware/install/localization_evaluator/share/localization_evaluator/local_setup.dsv
[12.701s] -- Symlinking: /home/mtl12345/autoware/install/localization_evaluator/share/localization_evaluator/package.dsv
[12.701s] -- Up-to-date symlink: /home/mtl12345/autoware/install/localization_evaluator/share/ament_index/resource_index/packages/localization_evaluator
[12.701s] -- Up-to-date symlink: /home/mtl12345/autoware/install/localization_evaluator/share/ament_index/resource_index/rclcpp_components/localization_evaluator
[12.701s] -- Up-to-date symlink: /home/mtl12345/autoware/install/localization_evaluator/share/localization_evaluator/cmake/ament_cmake_export_dependencies-extras.cmake
[12.701s] -- Up-to-date symlink: /home/mtl12345/autoware/install/localization_evaluator/share/localization_evaluator/cmake/ament_cmake_export_include_directories-extras.cmake
[12.701s] -- Up-to-date symlink: /home/mtl12345/autoware/install/localization_evaluator/share/localization_evaluator/cmake/ament_cmake_export_libraries-extras.cmake
[12.701s] -- Up-to-date symlink: /home/mtl12345/autoware/install/localization_evaluator/share/localization_evaluator/cmake/localization_evaluatorConfig.cmake
[12.701s] -- Up-to-date symlink: /home/mtl12345/autoware/install/localization_evaluator/share/localization_evaluator/cmake/localization_evaluatorConfig-version.cmake
[12.701s] -- Up-to-date symlink: /home/mtl12345/autoware/install/localization_evaluator/share/localization_evaluator/package.xml
[12.950s] Invoked command in '/home/mtl12345/autoware/build/localization_evaluator' returned '0': AMENT_PREFIX_PATH=/home/mtl12345/autoware/install/tier4_autoware_utils:/home/mtl12345/autoware/install/autoware_auto_vehicle_msgs:/home/mtl12345/autoware/install/autoware_cmake:/home/mtl12345/autoware/install/autoware_auto_planning_msgs:/home/mtl12345/autoware/install/autoware_auto_perception_msgs:/home/mtl12345/autoware/install/tier4_debug_msgs:/home/mtl12345/autoware/install/autoware_lint_common:/home/mtl12345/autoware/install/autoware_auto_mapping_msgs:/home/mtl12345/autoware/install/autoware_auto_geometry_msgs:${AMENT_PREFIX_PATH} CMAKE_PREFIX_PATH=/home/mtl12345/autoware/install/tier4_autoware_utils:/home/mtl12345/autoware/install/autoware_auto_vehicle_msgs:/home/mtl12345/autoware/install/autoware_cmake:/home/mtl12345/autoware/install/autoware_auto_planning_msgs:/home/mtl12345/autoware/install/autoware_auto_perception_msgs:/home/mtl12345/autoware/install/tier4_debug_msgs:/home/mtl12345/autoware/install/autoware_lint_common:/home/mtl12345/autoware/install/autoware_auto_mapping_msgs:/home/mtl12345/autoware/install/autoware_auto_geometry_msgs:/opt/ros/humble LD_LIBRARY_PATH=/home/mtl12345/autoware/install/tier4_autoware_utils/lib:/home/mtl12345/autoware/install/autoware_auto_vehicle_msgs/lib:/home/mtl12345/autoware/install/autoware_auto_planning_msgs/lib:/home/mtl12345/autoware/install/autoware_auto_perception_msgs/lib:/home/mtl12345/autoware/install/tier4_debug_msgs/lib:/home/mtl12345/autoware/install/autoware_auto_mapping_msgs/lib:/home/mtl12345/autoware/install/autoware_auto_geometry_msgs/lib:${LD_LIBRARY_PATH} PYTHONPATH=/home/mtl12345/autoware/install/autoware_auto_vehicle_msgs/local/lib/python3.10/dist-packages:/home/mtl12345/autoware/install/autoware_auto_planning_msgs/local/lib/python3.10/dist-packages:/home/mtl12345/autoware/install/autoware_auto_perception_msgs/local/lib/python3.10/dist-packages:/home/mtl12345/autoware/install/tier4_debug_msgs/local/lib/python3.10/dist-packages:/home/mtl12345/autoware/install/autoware_auto_mapping_msgs/local/lib/python3.10/dist-packages:/home/mtl12345/autoware/install/autoware_auto_geometry_msgs/local/lib/python3.10/dist-packages:${PYTHONPATH} /usr/bin/cmake --install /home/mtl12345/autoware/build/localization_evaluator
