-- Found autoware_cmake: 0.1.0 (/home/zhijie/autoware/install/autoware_cmake/share/autoware_cmake/cmake)
-- Override CMake install command with custom implementation using symlinks instead of copying resources
-- Found rosidl_generator_c: 3.1.5 (/opt/ros/humble/share/rosidl_generator_c/cmake)
-- Found rosidl_adapter: 3.1.5 (/opt/ros/humble/share/rosidl_adapter/cmake)
-- Found rosidl_generator_cpp: 3.1.5 (/opt/ros/humble/share/rosidl_generator_cpp/cmake)
-- Using all available rosidl_typesupport_c: rosidl_typesupport_fastrtps_c;rosidl_typesupport_introspection_c
-- Using all available rosidl_typesupport_cpp: rosidl_typesupport_fastrtps_cpp;rosidl_typesupport_introspection_cpp
-- Found rmw_implementation_cmake: 6.1.1 (/opt/ros/humble/share/rmw_implementation_cmake/cmake)
-- Found rmw_cyclonedds_cpp: 1.3.4 (/opt/ros/humble/share/rmw_cyclonedds_cpp/cmake)
-- Using RMW implementation 'rmw_cyclonedds_cpp' as default
-- Found eigen3_cmake_module: 0.1.1 (/opt/ros/humble/share/eigen3_cmake_module/cmake)
-- Ensuring Eigen3 include directory is part of orocos-kdl CMake target
-- Eigen found (include: /usr/include/eigen3, version: 3.4.0)
-- FLANN found (include: /usr/include, lib: /usr/lib/x86_64-linux-gnu/libflann_cpp.so)
-- OpenNI found (version: 1.5.4.0, include: /usr/include/ni, lib: /usr/lib/libOpenNI.so;libusb::libusb)
-- OpenNI2 found (version: 2.2.0.33, include: /usr/include/openni2, lib: /usr/lib/x86_64-linux-gnu/libOpenNI2.so;libusb::libusb)
-- Eigen found (include: /usr/include/eigen3, version: 3.4.0)
-- OpenNI found (version: 1.5.4.0, include: /usr/include/ni, lib: /usr/lib/libOpenNI.so;libusb::libusb)
-- OpenNI2 found (version: 2.2.0.33, include: /usr/include/openni2, lib: /usr/lib/x86_64-linux-gnu/libOpenNI2.so;libusb::libusb)
-- Found Qhull version 8.0.2
-- OpenNI found (version: 1.5.4.0, include: /usr/include/ni, lib: /usr/lib/libOpenNI.so;libusb::libusb)
-- Found ament_lint_auto: 0.12.8 (/opt/ros/humble/share/ament_lint_auto/cmake)
-- Found gtest sources under '/opt/ros/humble/src/gtest_vendor': C++ tests using 'Google Test' will be built
-- Added test 'copyright' to check source files copyright and LICENSE
-- Added test 'cppcheck' to perform static code analysis on C / C++ code
-- Configured cppcheck include dirs: /home/zhijie/autoware/src/universe/autoware.universe/common/motion_utils/include
-- Configured cppcheck exclude dirs and/or files: 
-- Added test 'lint_cmake' to check CMake code style
-- Added test 'xmllint' to check XML markup files
-- Configuring done
-- Generating done
-- Build files have been written to: /home/zhijie/autoware/build/motion_utils
[35m[1mConsolidate compiler generated dependencies of target motion_utils[0m
[  4%] [32mBuilding CXX object CMakeFiles/motion_utils.dir/src/distance/distance.cpp.o[0m
[  8%] [32mBuilding CXX object CMakeFiles/motion_utils.dir/src/vehicle/vehicle_state_checker.cpp.o[0m
[ 13%] [32mBuilding CXX object CMakeFiles/motion_utils.dir/src/trajectory/tmp_conversion.cpp.o[0m
[ 17%] [32mBuilding CXX object CMakeFiles/motion_utils.dir/src/trajectory/path_with_lane_id.cpp.o[0m
[ 21%] [32mBuilding CXX object CMakeFiles/motion_utils.dir/src/trajectory/interpolation.cpp.o[0m
[ 26%] [32mBuilding CXX object CMakeFiles/motion_utils.dir/src/trajectory/trajectory.cpp.o[0m
[ 30%] [32mBuilding CXX object CMakeFiles/motion_utils.dir/src/resample/resample.cpp.o[0m
[ 34%] [32mBuilding CXX object CMakeFiles/motion_utils.dir/src/marker/virtual_wall_marker_creator.cpp.o[0m
[ 39%] [32mBuilding CXX object CMakeFiles/motion_utils.dir/src/marker/marker_helper.cpp.o[0m
[ 43%] [32m[1mLinking CXX shared library libmotion_utils.so[0m
[ 43%] Built target motion_utils
[35m[1mConsolidate compiler generated dependencies of target gtest[0m
[35m[1mConsolidate compiler generated dependencies of target gtest_main[0m
[ 47%] [32mBuilding CXX object gtest/CMakeFiles/gtest_main.dir/src/gtest_main.cc.o[0m
[ 52%] [32mBuilding CXX object gtest/CMakeFiles/gtest.dir/src/gtest-all.cc.o[0m
[ 56%] [32m[1mLinking CXX static library libgtest_main.a[0m
[ 56%] Built target gtest_main
[ 60%] [32m[1mLinking CXX static library libgtest.a[0m
[ 60%] Built target gtest
[35m[1mConsolidate compiler generated dependencies of target test_motion_utils[0m
[ 65%] [32mBuilding CXX object CMakeFiles/test_motion_utils.dir/test/src/distance/test_distance.cpp.o[0m
[ 69%] [32mBuilding CXX object CMakeFiles/test_motion_utils.dir/test/src/vehicle/test_vehicle_state_checker.cpp.o[0m
[ 73%] [32mBuilding CXX object CMakeFiles/test_motion_utils.dir/test/src/trajectory/test_trajectory.cpp.o[0m
[ 78%] [32mBuilding CXX object CMakeFiles/test_motion_utils.dir/test/src/trajectory/test_path_with_lane_id.cpp.o[0m
[ 82%] [32mBuilding CXX object CMakeFiles/test_motion_utils.dir/test/src/trajectory/test_interpolation.cpp.o[0m
[ 95%] [32mBuilding CXX object CMakeFiles/test_motion_utils.dir/test/src/marker/test_virtual_wall_marker_creator.cpp.o[0m
[ 95%] [32mBuilding CXX object CMakeFiles/test_motion_utils.dir/test/src/resample/test_resample.cpp.o[0m
[ 95%] [32mBuilding CXX object CMakeFiles/test_motion_utils.dir/test/src/test_motion_utils.cpp.o[0m
[100%] [32m[1mLinking CXX executable test_motion_utils[0m
[100%] Built target test_motion_utils
-- Install configuration: "Release"
-- Execute custom install script
-- Up-to-date symlink: /home/zhijie/autoware/install/motion_utils/include/motion_utils/constants.hpp
-- Up-to-date symlink: /home/zhijie/autoware/install/motion_utils/include/motion_utils/distance/distance.hpp
-- Up-to-date symlink: /home/zhijie/autoware/install/motion_utils/include/motion_utils/marker/marker_helper.hpp
-- Up-to-date symlink: /home/zhijie/autoware/install/motion_utils/include/motion_utils/marker/virtual_wall_marker_creator.hpp
-- Up-to-date symlink: /home/zhijie/autoware/install/motion_utils/include/motion_utils/resample/resample.hpp
-- Up-to-date symlink: /home/zhijie/autoware/install/motion_utils/include/motion_utils/resample/resample_utils.hpp
-- Up-to-date symlink: /home/zhijie/autoware/install/motion_utils/include/motion_utils/trajectory/interpolation.hpp
-- Up-to-date symlink: /home/zhijie/autoware/install/motion_utils/include/motion_utils/trajectory/path_with_lane_id.hpp
-- Up-to-date symlink: /home/zhijie/autoware/install/motion_utils/include/motion_utils/trajectory/tmp_conversion.hpp
-- Up-to-date symlink: /home/zhijie/autoware/install/motion_utils/include/motion_utils/trajectory/trajectory.hpp
-- Up-to-date symlink: /home/zhijie/autoware/install/motion_utils/include/motion_utils/vehicle/vehicle_state_checker.hpp
-- Up-to-date symlink: /home/zhijie/autoware/install/motion_utils/share/motion_utils/environment/library_path.sh
-- Up-to-date symlink: /home/zhijie/autoware/install/motion_utils/share/motion_utils/environment/library_path.dsv
-- Up-to-date symlink: /home/zhijie/autoware/install/motion_utils/lib/libmotion_utils.so
-- Up-to-date symlink: /home/zhijie/autoware/install/motion_utils/share/ament_index/resource_index/package_run_dependencies/motion_utils
-- Up-to-date symlink: /home/zhijie/autoware/install/motion_utils/share/ament_index/resource_index/parent_prefix_path/motion_utils
-- Up-to-date symlink: /home/zhijie/autoware/install/motion_utils/share/motion_utils/environment/ament_prefix_path.sh
-- Up-to-date symlink: /home/zhijie/autoware/install/motion_utils/share/motion_utils/environment/ament_prefix_path.dsv
-- Up-to-date symlink: /home/zhijie/autoware/install/motion_utils/share/motion_utils/environment/path.sh
-- Up-to-date symlink: /home/zhijie/autoware/install/motion_utils/share/motion_utils/environment/path.dsv
-- Up-to-date symlink: /home/zhijie/autoware/install/motion_utils/share/motion_utils/local_setup.bash
-- Up-to-date symlink: /home/zhijie/autoware/install/motion_utils/share/motion_utils/local_setup.sh
-- Up-to-date symlink: /home/zhijie/autoware/install/motion_utils/share/motion_utils/local_setup.zsh
-- Up-to-date symlink: /home/zhijie/autoware/install/motion_utils/share/motion_utils/local_setup.dsv
-- Symlinking: /home/zhijie/autoware/install/motion_utils/share/motion_utils/package.dsv
-- Up-to-date symlink: /home/zhijie/autoware/install/motion_utils/share/ament_index/resource_index/packages/motion_utils
-- Up-to-date symlink: /home/zhijie/autoware/install/motion_utils/share/motion_utils/cmake/ament_cmake_export_dependencies-extras.cmake
-- Up-to-date symlink: /home/zhijie/autoware/install/motion_utils/share/motion_utils/cmake/ament_cmake_export_include_directories-extras.cmake
-- Up-to-date symlink: /home/zhijie/autoware/install/motion_utils/share/motion_utils/cmake/ament_cmake_export_libraries-extras.cmake
-- Up-to-date symlink: /home/zhijie/autoware/install/motion_utils/share/motion_utils/cmake/motion_utilsConfig.cmake
-- Up-to-date symlink: /home/zhijie/autoware/install/motion_utils/share/motion_utils/cmake/motion_utilsConfig-version.cmake
-- Up-to-date symlink: /home/zhijie/autoware/install/motion_utils/share/motion_utils/package.xml
