[0.301s] Invoking command in '/home/zhijie/autoware/build/detected_object_feature_remover': AMENT_PREFIX_PATH=/home/zhijie/autoware/install/tier4_perception_msgs:/home/zhijie/autoware/install/autoware_cmake:/home/zhijie/autoware/install/autoware_auto_perception_msgs:/home/zhijie/autoware/install/autoware_lint_common:/home/zhijie/autoware/install/autoware_auto_geometry_msgs:${AMENT_PREFIX_PATH} CMAKE_PREFIX_PATH=/home/zhijie/autoware/install/tier4_perception_msgs:/home/zhijie/autoware/install/autoware_cmake:/home/zhijie/autoware/install/autoware_auto_perception_msgs:/home/zhijie/autoware/install/autoware_lint_common:/home/zhijie/autoware/install/autoware_auto_geometry_msgs:/opt/ros/humble LD_LIBRARY_PATH=/home/zhijie/autoware/install/tier4_perception_msgs/lib:/home/zhijie/autoware/install/autoware_auto_perception_msgs/lib:/home/zhijie/autoware/install/autoware_auto_geometry_msgs/lib:${LD_LIBRARY_PATH} PYTHONPATH=/home/zhijie/autoware/install/tier4_perception_msgs/local/lib/python3.10/dist-packages:/home/zhijie/autoware/install/autoware_auto_perception_msgs/local/lib/python3.10/dist-packages:/home/zhijie/autoware/install/autoware_auto_geometry_msgs/local/lib/python3.10/dist-packages:${PYTHONPATH} /usr/bin/cmake --build /home/zhijie/autoware/build/detected_object_feature_remover -- -j16 -l16
[0.477s] [35m[1mConsolidate compiler generated dependencies of target detected_object_feature_remover_node[0m
[0.561s] [ 50%] Built target detected_object_feature_remover_node
[0.612s] [35m[1mConsolidate compiler generated dependencies of target detected_object_feature_remover[0m
[0.660s] [100%] Built target detected_object_feature_remover
[0.813s] Invoked command in '/home/zhijie/autoware/build/detected_object_feature_remover' returned '0': AMENT_PREFIX_PATH=/home/zhijie/autoware/install/tier4_perception_msgs:/home/zhijie/autoware/install/autoware_cmake:/home/zhijie/autoware/install/autoware_auto_perception_msgs:/home/zhijie/autoware/install/autoware_lint_common:/home/zhijie/autoware/install/autoware_auto_geometry_msgs:${AMENT_PREFIX_PATH} CMAKE_PREFIX_PATH=/home/zhijie/autoware/install/tier4_perception_msgs:/home/zhijie/autoware/install/autoware_cmake:/home/zhijie/autoware/install/autoware_auto_perception_msgs:/home/zhijie/autoware/install/autoware_lint_common:/home/zhijie/autoware/install/autoware_auto_geometry_msgs:/opt/ros/humble LD_LIBRARY_PATH=/home/zhijie/autoware/install/tier4_perception_msgs/lib:/home/zhijie/autoware/install/autoware_auto_perception_msgs/lib:/home/zhijie/autoware/install/autoware_auto_geometry_msgs/lib:${LD_LIBRARY_PATH} PYTHONPATH=/home/zhijie/autoware/install/tier4_perception_msgs/local/lib/python3.10/dist-packages:/home/zhijie/autoware/install/autoware_auto_perception_msgs/local/lib/python3.10/dist-packages:/home/zhijie/autoware/install/autoware_auto_geometry_msgs/local/lib/python3.10/dist-packages:${PYTHONPATH} /usr/bin/cmake --build /home/zhijie/autoware/build/detected_object_feature_remover -- -j16 -l16
[1.228s] Invoking command in '/home/zhijie/autoware/build/detected_object_feature_remover': AMENT_PREFIX_PATH=/home/zhijie/autoware/install/tier4_perception_msgs:/home/zhijie/autoware/install/autoware_cmake:/home/zhijie/autoware/install/autoware_auto_perception_msgs:/home/zhijie/autoware/install/autoware_lint_common:/home/zhijie/autoware/install/autoware_auto_geometry_msgs:${AMENT_PREFIX_PATH} CMAKE_PREFIX_PATH=/home/zhijie/autoware/install/tier4_perception_msgs:/home/zhijie/autoware/install/autoware_cmake:/home/zhijie/autoware/install/autoware_auto_perception_msgs:/home/zhijie/autoware/install/autoware_lint_common:/home/zhijie/autoware/install/autoware_auto_geometry_msgs:/opt/ros/humble LD_LIBRARY_PATH=/home/zhijie/autoware/install/tier4_perception_msgs/lib:/home/zhijie/autoware/install/autoware_auto_perception_msgs/lib:/home/zhijie/autoware/install/autoware_auto_geometry_msgs/lib:${LD_LIBRARY_PATH} PYTHONPATH=/home/zhijie/autoware/install/tier4_perception_msgs/local/lib/python3.10/dist-packages:/home/zhijie/autoware/install/autoware_auto_perception_msgs/local/lib/python3.10/dist-packages:/home/zhijie/autoware/install/autoware_auto_geometry_msgs/local/lib/python3.10/dist-packages:${PYTHONPATH} /usr/bin/cmake --install /home/zhijie/autoware/build/detected_object_feature_remover
[1.399s] -- Install configuration: "Release"
[1.399s] -- Execute custom install script
[1.399s] -- Up-to-date symlink: /home/zhijie/autoware/install/detected_object_feature_remover/lib/detected_object_feature_remover/detected_object_feature_remover
[1.399s] -- Up-to-date symlink: /home/zhijie/autoware/install/detected_object_feature_remover/include/detected_object_feature_remover/detected_object_feature_remover.hpp
[1.400s] -- Up-to-date symlink: /home/zhijie/autoware/install/detected_object_feature_remover/share/detected_object_feature_remover/environment/library_path.sh
[1.400s] -- Up-to-date symlink: /home/zhijie/autoware/install/detected_object_feature_remover/share/detected_object_feature_remover/environment/library_path.dsv
[1.400s] -- Up-to-date symlink: /home/zhijie/autoware/install/detected_object_feature_remover/lib/libdetected_object_feature_remover_node.so
[1.400s] -- Up-to-date symlink: /home/zhijie/autoware/install/detected_object_feature_remover/share/detected_object_feature_remover/launch/detected_object_feature_remover.launch.xml
[1.400s] -- Up-to-date symlink: /home/zhijie/autoware/install/detected_object_feature_remover/share/ament_index/resource_index/package_run_dependencies/detected_object_feature_remover
[1.400s] -- Up-to-date symlink: /home/zhijie/autoware/install/detected_object_feature_remover/share/ament_index/resource_index/parent_prefix_path/detected_object_feature_remover
[1.400s] -- Up-to-date symlink: /home/zhijie/autoware/install/detected_object_feature_remover/share/detected_object_feature_remover/environment/ament_prefix_path.sh
[1.400s] -- Up-to-date symlink: /home/zhijie/autoware/install/detected_object_feature_remover/share/detected_object_feature_remover/environment/ament_prefix_path.dsv
[1.400s] -- Up-to-date symlink: /home/zhijie/autoware/install/detected_object_feature_remover/share/detected_object_feature_remover/environment/path.sh
[1.401s] -- Up-to-date symlink: /home/zhijie/autoware/install/detected_object_feature_remover/share/detected_object_feature_remover/environment/path.dsv
[1.401s] -- Up-to-date symlink: /home/zhijie/autoware/install/detected_object_feature_remover/share/detected_object_feature_remover/local_setup.bash
[1.401s] -- Up-to-date symlink: /home/zhijie/autoware/install/detected_object_feature_remover/share/detected_object_feature_remover/local_setup.sh
[1.401s] -- Up-to-date symlink: /home/zhijie/autoware/install/detected_object_feature_remover/share/detected_object_feature_remover/local_setup.zsh
[1.401s] -- Up-to-date symlink: /home/zhijie/autoware/install/detected_object_feature_remover/share/detected_object_feature_remover/local_setup.dsv
[1.401s] -- Symlinking: /home/zhijie/autoware/install/detected_object_feature_remover/share/detected_object_feature_remover/package.dsv
[1.401s] -- Up-to-date symlink: /home/zhijie/autoware/install/detected_object_feature_remover/share/ament_index/resource_index/packages/detected_object_feature_remover
[1.401s] -- Up-to-date symlink: /home/zhijie/autoware/install/detected_object_feature_remover/share/ament_index/resource_index/rclcpp_components/detected_object_feature_remover
[1.401s] -- Up-to-date symlink: /home/zhijie/autoware/install/detected_object_feature_remover/share/detected_object_feature_remover/cmake/ament_cmake_export_dependencies-extras.cmake
[1.401s] -- Up-to-date symlink: /home/zhijie/autoware/install/detected_object_feature_remover/share/detected_object_feature_remover/cmake/ament_cmake_export_include_directories-extras.cmake
[1.402s] -- Up-to-date symlink: /home/zhijie/autoware/install/detected_object_feature_remover/share/detected_object_feature_remover/cmake/ament_cmake_export_libraries-extras.cmake
[1.402s] -- Up-to-date symlink: /home/zhijie/autoware/install/detected_object_feature_remover/share/detected_object_feature_remover/cmake/detected_object_feature_removerConfig.cmake
[1.402s] -- Up-to-date symlink: /home/zhijie/autoware/install/detected_object_feature_remover/share/detected_object_feature_remover/cmake/detected_object_feature_removerConfig-version.cmake
[1.402s] -- Up-to-date symlink: /home/zhijie/autoware/install/detected_object_feature_remover/share/detected_object_feature_remover/package.xml
[1.453s] Invoked command in '/home/zhijie/autoware/build/detected_object_feature_remover' returned '0': AMENT_PREFIX_PATH=/home/zhijie/autoware/install/tier4_perception_msgs:/home/zhijie/autoware/install/autoware_cmake:/home/zhijie/autoware/install/autoware_auto_perception_msgs:/home/zhijie/autoware/install/autoware_lint_common:/home/zhijie/autoware/install/autoware_auto_geometry_msgs:${AMENT_PREFIX_PATH} CMAKE_PREFIX_PATH=/home/zhijie/autoware/install/tier4_perception_msgs:/home/zhijie/autoware/install/autoware_cmake:/home/zhijie/autoware/install/autoware_auto_perception_msgs:/home/zhijie/autoware/install/autoware_lint_common:/home/zhijie/autoware/install/autoware_auto_geometry_msgs:/opt/ros/humble LD_LIBRARY_PATH=/home/zhijie/autoware/install/tier4_perception_msgs/lib:/home/zhijie/autoware/install/autoware_auto_perception_msgs/lib:/home/zhijie/autoware/install/autoware_auto_geometry_msgs/lib:${LD_LIBRARY_PATH} PYTHONPATH=/home/zhijie/autoware/install/tier4_perception_msgs/local/lib/python3.10/dist-packages:/home/zhijie/autoware/install/autoware_auto_perception_msgs/local/lib/python3.10/dist-packages:/home/zhijie/autoware/install/autoware_auto_geometry_msgs/local/lib/python3.10/dist-packages:${PYTHONPATH} /usr/bin/cmake --install /home/zhijie/autoware/build/detected_object_feature_remover
