[0.065s] Invoking command in '/home/zhijie/autoware/build/autoware_auto_mapping_msgs': CMAKE_PREFIX_PATH=/opt/ros/humble /usr/bin/cmake /home/zhijie/autoware/src/core/external/autoware_auto_msgs/autoware_auto_mapping_msgs -DCMAKE_BUILD_TYPE=Release -DAMENT_CMAKE_SYMLINK_INSTALL=1 -DCMAKE_INSTALL_PREFIX=/home/zhijie/autoware/install/autoware_auto_mapping_msgs
[0.113s] -- Found ament_cmake_auto: 1.3.5 (/opt/ros/humble/share/ament_cmake_auto/cmake)
[0.261s] -- Override CMake install command with custom implementation using symlinks instead of copying resources
[0.388s] -- Using all available rosidl_typesupport_c: rosidl_typesupport_fastrtps_c;rosidl_typesupport_introspection_c
[0.391s] -- Found rosidl_adapter: 3.1.5 (/opt/ros/humble/share/rosidl_adapter/cmake)
[0.435s] -- Using all available rosidl_typesupport_cpp: rosidl_typesupport_fastrtps_cpp;rosidl_typesupport_introspection_cpp
[0.641s] -- Found ament_cmake_cppcheck: 0.12.8 (/opt/ros/humble/share/ament_cmake_cppcheck/cmake)
[0.643s] -- Found ament_cmake_cpplint: 0.12.8 (/opt/ros/humble/share/ament_cmake_cpplint/cmake)
[0.644s] -- Found ament_cmake_uncrustify: 0.12.8 (/opt/ros/humble/share/ament_cmake_uncrustify/cmake)
[0.646s] -- Found ament_cmake_ros: 0.10.0 (/opt/ros/humble/share/ament_cmake_ros/cmake)
[0.893s] -- Using all available rosidl_typesupport_c: rosidl_typesupport_fastrtps_c;rosidl_typesupport_introspection_c
[1.238s] -- Using all available rosidl_typesupport_cpp: rosidl_typesupport_fastrtps_cpp;rosidl_typesupport_introspection_cpp
[1.264s] -- Found python_cmake_module: 0.10.0 (/opt/ros/humble/share/python_cmake_module/cmake)
[1.289s] -- Using PYTHON_EXECUTABLE: /usr/bin/python3
[1.289s] -- Using PYTHON_INCLUDE_DIRS: /usr/include/python3.10
[1.289s] -- Using PYTHON_LIBRARIES: /usr/lib/x86_64-linux-gnu/libpython3.10.so
[1.327s] -- Found ament_cmake_flake8: 0.12.8 (/opt/ros/humble/share/ament_cmake_flake8/cmake)
[1.327s] -- Found ament_cmake_pep257: 0.12.8 (/opt/ros/humble/share/ament_cmake_pep257/cmake)
[1.327s] -- Found ament_lint_auto: 0.12.8 (/opt/ros/humble/share/ament_lint_auto/cmake)
[1.342s] -- Added test 'copyright' to check source files copyright and LICENSE
[1.342s] -- Added test 'lint_cmake' to check CMake code style
[1.343s] -- Added test 'xmllint' to check XML markup files
[1.348s] -- Configuring done
[1.420s] -- Generating done
[1.424s] -- Build files have been written to: /home/zhijie/autoware/build/autoware_auto_mapping_msgs
[1.437s] Invoked command in '/home/zhijie/autoware/build/autoware_auto_mapping_msgs' returned '0': CMAKE_PREFIX_PATH=/opt/ros/humble /usr/bin/cmake /home/zhijie/autoware/src/core/external/autoware_auto_msgs/autoware_auto_mapping_msgs -DCMAKE_BUILD_TYPE=Release -DAMENT_CMAKE_SYMLINK_INSTALL=1 -DCMAKE_INSTALL_PREFIX=/home/zhijie/autoware/install/autoware_auto_mapping_msgs
[1.437s] Invoking command in '/home/zhijie/autoware/build/autoware_auto_mapping_msgs': CMAKE_PREFIX_PATH=/opt/ros/humble /usr/bin/cmake --build /home/zhijie/autoware/build/autoware_auto_mapping_msgs -- -j16 -l16
[2.262s] [35m[1mConsolidate compiler generated dependencies of target autoware_auto_mapping_msgs__rosidl_generator_c[0m
[2.263s] [  1%] Built target autoware_auto_mapping_msgs__cpp
[2.263s] [  1%] Built target ament_cmake_python_symlink_autoware_auto_mapping_msgs
[2.263s] [ 12%] Built target autoware_auto_mapping_msgs__rosidl_generator_c
[2.263s] [35m[1mConsolidate compiler generated dependencies of target autoware_auto_mapping_msgs__rosidl_typesupport_cpp[0m
[2.263s] [35m[1mConsolidate compiler generated dependencies of target autoware_auto_mapping_msgs__rosidl_typesupport_fastrtps_cpp[0m
[2.263s] [35m[1mConsolidate compiler generated dependencies of target autoware_auto_mapping_msgs__rosidl_typesupport_introspection_cpp[0m
[2.263s] [ 14%] [32mBuilding CXX object CMakeFiles/autoware_auto_mapping_msgs__rosidl_typesupport_cpp.dir/rosidl_typesupport_cpp/autoware_auto_mapping_msgs/msg/had_map_segment__type_support.cpp.o[0m
[2.263s] [ 16%] [32mBuilding CXX object CMakeFiles/autoware_auto_mapping_msgs__rosidl_typesupport_fastrtps_cpp.dir/rosidl_typesupport_fastrtps_cpp/autoware_auto_mapping_msgs/msg/detail/dds_fastrtps/had_map_bin__type_support.cpp.o[0m
[2.263s] [ 18%] [32mBuilding CXX object CMakeFiles/autoware_auto_mapping_msgs__rosidl_typesupport_fastrtps_cpp.dir/rosidl_typesupport_fastrtps_cpp/autoware_auto_mapping_msgs/msg/detail/dds_fastrtps/had_map_segment__type_support.cpp.o[0m
[2.263s] [ 20%] [32mBuilding CXX object CMakeFiles/autoware_auto_mapping_msgs__rosidl_typesupport_cpp.dir/rosidl_typesupport_cpp/autoware_auto_mapping_msgs/msg/had_map_bin__type_support.cpp.o[0m
[2.263s] [ 21%] [32mBuilding CXX object CMakeFiles/autoware_auto_mapping_msgs__rosidl_typesupport_fastrtps_cpp.dir/rosidl_typesupport_fastrtps_cpp/autoware_auto_mapping_msgs/msg/detail/dds_fastrtps/map_primitive__type_support.cpp.o[0m
[2.264s] [ 23%] [32mBuilding CXX object CMakeFiles/autoware_auto_mapping_msgs__rosidl_typesupport_cpp.dir/rosidl_typesupport_cpp/autoware_auto_mapping_msgs/srv/had_map_service__type_support.cpp.o[0m
[2.264s] [ 25%] [32mBuilding CXX object CMakeFiles/autoware_auto_mapping_msgs__rosidl_typesupport_cpp.dir/rosidl_typesupport_cpp/autoware_auto_mapping_msgs/msg/map_primitive__type_support.cpp.o[0m
[2.264s] [ 27%] [32mBuilding CXX object CMakeFiles/autoware_auto_mapping_msgs__rosidl_typesupport_fastrtps_cpp.dir/rosidl_typesupport_fastrtps_cpp/autoware_auto_mapping_msgs/srv/detail/dds_fastrtps/had_map_service__type_support.cpp.o[0m
[2.264s] [ 29%] [32mBuilding CXX object CMakeFiles/autoware_auto_mapping_msgs__rosidl_typesupport_introspection_cpp.dir/rosidl_typesupport_introspection_cpp/autoware_auto_mapping_msgs/msg/detail/had_map_bin__type_support.cpp.o[0m
[2.264s] [ 30%] [32mBuilding CXX object CMakeFiles/autoware_auto_mapping_msgs__rosidl_typesupport_introspection_cpp.dir/rosidl_typesupport_introspection_cpp/autoware_auto_mapping_msgs/msg/detail/map_primitive__type_support.cpp.o[0m
[2.264s] [ 32%] [32mBuilding CXX object CMakeFiles/autoware_auto_mapping_msgs__rosidl_typesupport_introspection_cpp.dir/rosidl_typesupport_introspection_cpp/autoware_auto_mapping_msgs/msg/detail/had_map_segment__type_support.cpp.o[0m
[2.264s] [ 34%] [32mBuilding CXX object CMakeFiles/autoware_auto_mapping_msgs__rosidl_typesupport_introspection_cpp.dir/rosidl_typesupport_introspection_cpp/autoware_auto_mapping_msgs/srv/detail/had_map_service__type_support.cpp.o[0m
[4.435s] [ 36%] [32m[1mLinking CXX shared library libautoware_auto_mapping_msgs__rosidl_typesupport_cpp.so[0m
[4.634s] [ 38%] Built target autoware_auto_mapping_msgs__rosidl_typesupport_cpp
[4.678s] [35m[1mConsolidate compiler generated dependencies of target autoware_auto_mapping_msgs__rosidl_typesupport_fastrtps_c[0m
[4.833s] [35m[1mConsolidate compiler generated dependencies of target autoware_auto_mapping_msgs__rosidl_typesupport_introspection_c[0m
[4.834s] [ 40%] [32mBuilding CXX object CMakeFiles/autoware_auto_mapping_msgs__rosidl_typesupport_fastrtps_c.dir/rosidl_typesupport_fastrtps_c/autoware_auto_mapping_msgs/msg/detail/had_map_bin__type_support_c.cpp.o[0m
[4.845s] [ 41%] [32mBuilding CXX object CMakeFiles/autoware_auto_mapping_msgs__rosidl_typesupport_fastrtps_c.dir/rosidl_typesupport_fastrtps_c/autoware_auto_mapping_msgs/msg/detail/map_primitive__type_support_c.cpp.o[0m
[4.873s] [ 43%] [32mBuilding CXX object CMakeFiles/autoware_auto_mapping_msgs__rosidl_typesupport_fastrtps_c.dir/rosidl_typesupport_fastrtps_c/autoware_auto_mapping_msgs/msg/detail/had_map_segment__type_support_c.cpp.o[0m
[4.882s] [35m[1mConsolidate compiler generated dependencies of target autoware_auto_mapping_msgs__rosidl_typesupport_c[0m
[4.904s] [ 45%] [32mBuilding CXX object CMakeFiles/autoware_auto_mapping_msgs__rosidl_typesupport_fastrtps_c.dir/rosidl_typesupport_fastrtps_c/autoware_auto_mapping_msgs/srv/detail/had_map_service__type_support_c.cpp.o[0m
[4.920s] [ 56%] Built target autoware_auto_mapping_msgs__rosidl_typesupport_introspection_c
[5.018s] [ 67%] Built target autoware_auto_mapping_msgs__rosidl_typesupport_c
[5.713s] running egg_info
[5.715s] writing autoware_auto_mapping_msgs.egg-info/PKG-INFO
[5.715s] writing dependency_links to autoware_auto_mapping_msgs.egg-info/dependency_links.txt
[5.715s] writing top-level names to autoware_auto_mapping_msgs.egg-info/top_level.txt
[5.759s] reading manifest file 'autoware_auto_mapping_msgs.egg-info/SOURCES.txt'
[5.782s] writing manifest file 'autoware_auto_mapping_msgs.egg-info/SOURCES.txt'
[6.290s] [ 67%] Built target ament_cmake_python_build_autoware_auto_mapping_msgs_egg
[7.182s] [ 69%] [32m[1mLinking CXX shared library libautoware_auto_mapping_msgs__rosidl_typesupport_introspection_cpp.so[0m
[7.998s] [ 70%] [32m[1mLinking CXX shared library libautoware_auto_mapping_msgs__rosidl_typesupport_fastrtps_cpp.so[0m
[8.503s] [ 72%] Built target autoware_auto_mapping_msgs__rosidl_typesupport_fastrtps_cpp
[8.509s] [ 74%] Built target autoware_auto_mapping_msgs__rosidl_typesupport_introspection_cpp
[10.047s] [ 76%] [32m[1mLinking CXX shared library libautoware_auto_mapping_msgs__rosidl_typesupport_fastrtps_c.so[0m
[10.296s] [ 78%] Built target autoware_auto_mapping_msgs__rosidl_typesupport_fastrtps_c
[10.420s] [ 78%] Built target autoware_auto_mapping_msgs
[10.500s] [ 80%] Built target autoware_auto_mapping_msgs__py
[10.610s] [35m[1mConsolidate compiler generated dependencies of target autoware_auto_mapping_msgs__rosidl_generator_py[0m
[10.664s] [ 81%] [32mBuilding C object CMakeFiles/autoware_auto_mapping_msgs__rosidl_generator_py.dir/rosidl_generator_py/autoware_auto_mapping_msgs/msg/_had_map_bin_s.c.o[0m
[11.109s] [ 83%] [32mBuilding C object CMakeFiles/autoware_auto_mapping_msgs__rosidl_generator_py.dir/rosidl_generator_py/autoware_auto_mapping_msgs/srv/_had_map_service_s.c.o[0m
[11.795s] [ 85%] [32mBuilding C object CMakeFiles/autoware_auto_mapping_msgs__rosidl_generator_py.dir/rosidl_generator_py/autoware_auto_mapping_msgs/msg/_map_primitive_s.c.o[0m
[12.061s] [ 87%] [32mBuilding C object CMakeFiles/autoware_auto_mapping_msgs__rosidl_generator_py.dir/rosidl_generator_py/autoware_auto_mapping_msgs/msg/_had_map_segment_s.c.o[0m
[12.355s] [ 89%] [32m[1mLinking C shared library rosidl_generator_py/autoware_auto_mapping_msgs/libautoware_auto_mapping_msgs__rosidl_generator_py.so[0m
[12.504s] [ 89%] Built target autoware_auto_mapping_msgs__rosidl_generator_py
[12.569s] [35m[1mConsolidate compiler generated dependencies of target autoware_auto_mapping_msgs__rosidl_typesupport_fastrtps_c__pyext[0m
[12.632s] [ 90%] [32mBuilding C object CMakeFiles/autoware_auto_mapping_msgs__rosidl_typesupport_fastrtps_c__pyext.dir/rosidl_generator_py/autoware_auto_mapping_msgs/_autoware_auto_mapping_msgs_s.ep.rosidl_typesupport_fastrtps_c.c.o[0m
[12.996s] [ 92%] [32m[1mLinking C shared library rosidl_generator_py/autoware_auto_mapping_msgs/autoware_auto_mapping_msgs_s__rosidl_typesupport_fastrtps_c.cpython-310-x86_64-linux-gnu.so[0m
[13.100s] [ 92%] Built target autoware_auto_mapping_msgs__rosidl_typesupport_fastrtps_c__pyext
[13.123s] [35m[1mConsolidate compiler generated dependencies of target autoware_auto_mapping_msgs__rosidl_typesupport_c__pyext[0m
[13.164s] [ 94%] [32mBuilding C object CMakeFiles/autoware_auto_mapping_msgs__rosidl_typesupport_c__pyext.dir/rosidl_generator_py/autoware_auto_mapping_msgs/_autoware_auto_mapping_msgs_s.ep.rosidl_typesupport_c.c.o[0m
[13.434s] [ 96%] [32m[1mLinking C shared library rosidl_generator_py/autoware_auto_mapping_msgs/autoware_auto_mapping_msgs_s__rosidl_typesupport_c.cpython-310-x86_64-linux-gnu.so[0m
[13.553s] [ 96%] Built target autoware_auto_mapping_msgs__rosidl_typesupport_c__pyext
[13.594s] [35m[1mConsolidate compiler generated dependencies of target autoware_auto_mapping_msgs__rosidl_typesupport_introspection_c__pyext[0m
[13.621s] [ 98%] [32mBuilding C object CMakeFiles/autoware_auto_mapping_msgs__rosidl_typesupport_introspection_c__pyext.dir/rosidl_generator_py/autoware_auto_mapping_msgs/_autoware_auto_mapping_msgs_s.ep.rosidl_typesupport_introspection_c.c.o[0m
[13.895s] [100%] [32m[1mLinking C shared library rosidl_generator_py/autoware_auto_mapping_msgs/autoware_auto_mapping_msgs_s__rosidl_typesupport_introspection_c.cpython-310-x86_64-linux-gnu.so[0m
[13.970s] [100%] Built target autoware_auto_mapping_msgs__rosidl_typesupport_introspection_c__pyext
[13.990s] Invoked command in '/home/zhijie/autoware/build/autoware_auto_mapping_msgs' returned '0': CMAKE_PREFIX_PATH=/opt/ros/humble /usr/bin/cmake --build /home/zhijie/autoware/build/autoware_auto_mapping_msgs -- -j16 -l16
[14.340s] Invoking command in '/home/zhijie/autoware/build/autoware_auto_mapping_msgs': CMAKE_PREFIX_PATH=/opt/ros/humble /usr/bin/cmake --install /home/zhijie/autoware/build/autoware_auto_mapping_msgs
[14.539s] -- Install configuration: "Release"
[14.539s] -- Execute custom install script
[14.539s] -- Up-to-date symlink: /home/zhijie/autoware/install/autoware_auto_mapping_msgs/share/ament_index/resource_index/rosidl_interfaces/autoware_auto_mapping_msgs
[14.539s] -- Up-to-date symlink: /home/zhijie/autoware/install/autoware_auto_mapping_msgs/include/autoware_auto_mapping_msgs/autoware_auto_mapping_msgs/msg/detail/had_map_bin__functions.h
[14.539s] -- Up-to-date symlink: /home/zhijie/autoware/install/autoware_auto_mapping_msgs/include/autoware_auto_mapping_msgs/autoware_auto_mapping_msgs/msg/detail/had_map_bin__struct.h
[14.539s] -- Up-to-date symlink: /home/zhijie/autoware/install/autoware_auto_mapping_msgs/include/autoware_auto_mapping_msgs/autoware_auto_mapping_msgs/msg/detail/had_map_bin__type_support.h
[14.539s] -- Up-to-date symlink: /home/zhijie/autoware/install/autoware_auto_mapping_msgs/include/autoware_auto_mapping_msgs/autoware_auto_mapping_msgs/msg/detail/had_map_segment__functions.h
[14.539s] -- Up-to-date symlink: /home/zhijie/autoware/install/autoware_auto_mapping_msgs/include/autoware_auto_mapping_msgs/autoware_auto_mapping_msgs/msg/detail/had_map_segment__struct.h
[14.540s] -- Up-to-date symlink: /home/zhijie/autoware/install/autoware_auto_mapping_msgs/include/autoware_auto_mapping_msgs/autoware_auto_mapping_msgs/msg/detail/had_map_segment__type_support.h
[14.540s] -- Up-to-date symlink: /home/zhijie/autoware/install/autoware_auto_mapping_msgs/include/autoware_auto_mapping_msgs/autoware_auto_mapping_msgs/msg/detail/map_primitive__functions.h
[14.540s] -- Up-to-date symlink: /home/zhijie/autoware/install/autoware_auto_mapping_msgs/include/autoware_auto_mapping_msgs/autoware_auto_mapping_msgs/msg/detail/map_primitive__struct.h
[14.540s] -- Up-to-date symlink: /home/zhijie/autoware/install/autoware_auto_mapping_msgs/include/autoware_auto_mapping_msgs/autoware_auto_mapping_msgs/msg/detail/map_primitive__type_support.h
[14.540s] -- Up-to-date symlink: /home/zhijie/autoware/install/autoware_auto_mapping_msgs/include/autoware_auto_mapping_msgs/autoware_auto_mapping_msgs/msg/had_map_bin.h
[14.540s] -- Up-to-date symlink: /home/zhijie/autoware/install/autoware_auto_mapping_msgs/include/autoware_auto_mapping_msgs/autoware_auto_mapping_msgs/msg/had_map_segment.h
[14.540s] -- Up-to-date symlink: /home/zhijie/autoware/install/autoware_auto_mapping_msgs/include/autoware_auto_mapping_msgs/autoware_auto_mapping_msgs/msg/map_primitive.h
[14.540s] -- Up-to-date symlink: /home/zhijie/autoware/install/autoware_auto_mapping_msgs/include/autoware_auto_mapping_msgs/autoware_auto_mapping_msgs/msg/rosidl_generator_c__visibility_control.h
[14.540s] -- Up-to-date symlink: /home/zhijie/autoware/install/autoware_auto_mapping_msgs/include/autoware_auto_mapping_msgs/autoware_auto_mapping_msgs/srv/detail/had_map_service__functions.h
[14.540s] -- Up-to-date symlink: /home/zhijie/autoware/install/autoware_auto_mapping_msgs/include/autoware_auto_mapping_msgs/autoware_auto_mapping_msgs/srv/detail/had_map_service__struct.h
[14.541s] -- Up-to-date symlink: /home/zhijie/autoware/install/autoware_auto_mapping_msgs/include/autoware_auto_mapping_msgs/autoware_auto_mapping_msgs/srv/detail/had_map_service__type_support.h
[14.541s] -- Up-to-date symlink: /home/zhijie/autoware/install/autoware_auto_mapping_msgs/include/autoware_auto_mapping_msgs/autoware_auto_mapping_msgs/srv/had_map_service.h
[14.541s] -- Up-to-date symlink: /home/zhijie/autoware/install/autoware_auto_mapping_msgs/share/autoware_auto_mapping_msgs/environment/library_path.sh
[14.541s] -- Up-to-date symlink: /home/zhijie/autoware/install/autoware_auto_mapping_msgs/share/autoware_auto_mapping_msgs/environment/library_path.dsv
[14.541s] -- Up-to-date symlink: /home/zhijie/autoware/install/autoware_auto_mapping_msgs/include/autoware_auto_mapping_msgs/autoware_auto_mapping_msgs/msg/detail/had_map_bin__rosidl_typesupport_fastrtps_c.h
[14.541s] -- Up-to-date symlink: /home/zhijie/autoware/install/autoware_auto_mapping_msgs/include/autoware_auto_mapping_msgs/autoware_auto_mapping_msgs/msg/detail/had_map_segment__rosidl_typesupport_fastrtps_c.h
[14.550s] -- Up-to-date symlink: /home/zhijie/autoware/install/autoware_auto_mapping_msgs/include/autoware_auto_mapping_msgs/autoware_auto_mapping_msgs/msg/detail/map_primitive__rosidl_typesupport_fastrtps_c.h
[14.550s] -- Up-to-date symlink: /home/zhijie/autoware/install/autoware_auto_mapping_msgs/include/autoware_auto_mapping_msgs/autoware_auto_mapping_msgs/msg/rosidl_typesupport_fastrtps_c__visibility_control.h
[14.550s] -- Up-to-date symlink: /home/zhijie/autoware/install/autoware_auto_mapping_msgs/include/autoware_auto_mapping_msgs/autoware_auto_mapping_msgs/srv/detail/had_map_service__rosidl_typesupport_fastrtps_c.h
[14.551s] -- Up-to-date symlink: /home/zhijie/autoware/install/autoware_auto_mapping_msgs/include/autoware_auto_mapping_msgs/autoware_auto_mapping_msgs/msg/detail/had_map_bin__rosidl_typesupport_introspection_c.h
[14.551s] -- Up-to-date symlink: /home/zhijie/autoware/install/autoware_auto_mapping_msgs/include/autoware_auto_mapping_msgs/autoware_auto_mapping_msgs/msg/detail/had_map_segment__rosidl_typesupport_introspection_c.h
[14.551s] -- Up-to-date symlink: /home/zhijie/autoware/install/autoware_auto_mapping_msgs/include/autoware_auto_mapping_msgs/autoware_auto_mapping_msgs/msg/detail/map_primitive__rosidl_typesupport_introspection_c.h
[14.551s] -- Up-to-date symlink: /home/zhijie/autoware/install/autoware_auto_mapping_msgs/include/autoware_auto_mapping_msgs/autoware_auto_mapping_msgs/msg/rosidl_typesupport_introspection_c__visibility_control.h
[14.551s] -- Up-to-date symlink: /home/zhijie/autoware/install/autoware_auto_mapping_msgs/include/autoware_auto_mapping_msgs/autoware_auto_mapping_msgs/srv/detail/had_map_service__rosidl_typesupport_introspection_c.h
[14.551s] -- Up-to-date symlink: /home/zhijie/autoware/install/autoware_auto_mapping_msgs/include/autoware_auto_mapping_msgs/autoware_auto_mapping_msgs/msg/detail/had_map_bin__builder.hpp
[14.551s] -- Up-to-date symlink: /home/zhijie/autoware/install/autoware_auto_mapping_msgs/include/autoware_auto_mapping_msgs/autoware_auto_mapping_msgs/msg/detail/had_map_bin__struct.hpp
[14.551s] -- Up-to-date symlink: /home/zhijie/autoware/install/autoware_auto_mapping_msgs/include/autoware_auto_mapping_msgs/autoware_auto_mapping_msgs/msg/detail/had_map_bin__traits.hpp
[14.551s] -- Up-to-date symlink: /home/zhijie/autoware/install/autoware_auto_mapping_msgs/include/autoware_auto_mapping_msgs/autoware_auto_mapping_msgs/msg/detail/had_map_segment__builder.hpp
[14.551s] -- Up-to-date symlink: /home/zhijie/autoware/install/autoware_auto_mapping_msgs/include/autoware_auto_mapping_msgs/autoware_auto_mapping_msgs/msg/detail/had_map_segment__struct.hpp
[14.551s] -- Up-to-date symlink: /home/zhijie/autoware/install/autoware_auto_mapping_msgs/include/autoware_auto_mapping_msgs/autoware_auto_mapping_msgs/msg/detail/had_map_segment__traits.hpp
[14.552s] -- Up-to-date symlink: /home/zhijie/autoware/install/autoware_auto_mapping_msgs/include/autoware_auto_mapping_msgs/autoware_auto_mapping_msgs/msg/detail/map_primitive__builder.hpp
[14.552s] -- Up-to-date symlink: /home/zhijie/autoware/install/autoware_auto_mapping_msgs/include/autoware_auto_mapping_msgs/autoware_auto_mapping_msgs/msg/detail/map_primitive__struct.hpp
[14.552s] -- Up-to-date symlink: /home/zhijie/autoware/install/autoware_auto_mapping_msgs/include/autoware_auto_mapping_msgs/autoware_auto_mapping_msgs/msg/detail/map_primitive__traits.hpp
[14.552s] -- Up-to-date symlink: /home/zhijie/autoware/install/autoware_auto_mapping_msgs/include/autoware_auto_mapping_msgs/autoware_auto_mapping_msgs/msg/had_map_bin.hpp
[14.552s] -- Up-to-date symlink: /home/zhijie/autoware/install/autoware_auto_mapping_msgs/include/autoware_auto_mapping_msgs/autoware_auto_mapping_msgs/msg/had_map_segment.hpp
[14.552s] -- Up-to-date symlink: /home/zhijie/autoware/install/autoware_auto_mapping_msgs/include/autoware_auto_mapping_msgs/autoware_auto_mapping_msgs/msg/map_primitive.hpp
[14.552s] -- Up-to-date symlink: /home/zhijie/autoware/install/autoware_auto_mapping_msgs/include/autoware_auto_mapping_msgs/autoware_auto_mapping_msgs/srv/detail/had_map_service__builder.hpp
[14.552s] -- Up-to-date symlink: /home/zhijie/autoware/install/autoware_auto_mapping_msgs/include/autoware_auto_mapping_msgs/autoware_auto_mapping_msgs/srv/detail/had_map_service__struct.hpp
[14.552s] -- Up-to-date symlink: /home/zhijie/autoware/install/autoware_auto_mapping_msgs/include/autoware_auto_mapping_msgs/autoware_auto_mapping_msgs/srv/detail/had_map_service__traits.hpp
[14.552s] -- Up-to-date symlink: /home/zhijie/autoware/install/autoware_auto_mapping_msgs/include/autoware_auto_mapping_msgs/autoware_auto_mapping_msgs/srv/had_map_service.hpp
[14.553s] -- Up-to-date symlink: /home/zhijie/autoware/install/autoware_auto_mapping_msgs/include/autoware_auto_mapping_msgs/autoware_auto_mapping_msgs/msg/detail/had_map_bin__rosidl_typesupport_fastrtps_cpp.hpp
[14.553s] -- Up-to-date symlink: /home/zhijie/autoware/install/autoware_auto_mapping_msgs/include/autoware_auto_mapping_msgs/autoware_auto_mapping_msgs/msg/detail/had_map_segment__rosidl_typesupport_fastrtps_cpp.hpp
[14.553s] -- Up-to-date symlink: /home/zhijie/autoware/install/autoware_auto_mapping_msgs/include/autoware_auto_mapping_msgs/autoware_auto_mapping_msgs/msg/detail/map_primitive__rosidl_typesupport_fastrtps_cpp.hpp
[14.553s] -- Up-to-date symlink: /home/zhijie/autoware/install/autoware_auto_mapping_msgs/include/autoware_auto_mapping_msgs/autoware_auto_mapping_msgs/msg/rosidl_typesupport_fastrtps_cpp__visibility_control.h
[14.553s] -- Up-to-date symlink: /home/zhijie/autoware/install/autoware_auto_mapping_msgs/include/autoware_auto_mapping_msgs/autoware_auto_mapping_msgs/srv/detail/had_map_service__rosidl_typesupport_fastrtps_cpp.hpp
[14.553s] -- Up-to-date symlink: /home/zhijie/autoware/install/autoware_auto_mapping_msgs/include/autoware_auto_mapping_msgs/autoware_auto_mapping_msgs/msg/detail/had_map_bin__rosidl_typesupport_introspection_cpp.hpp
[14.553s] -- Up-to-date symlink: /home/zhijie/autoware/install/autoware_auto_mapping_msgs/include/autoware_auto_mapping_msgs/autoware_auto_mapping_msgs/msg/detail/had_map_segment__rosidl_typesupport_introspection_cpp.hpp
[14.553s] -- Up-to-date symlink: /home/zhijie/autoware/install/autoware_auto_mapping_msgs/include/autoware_auto_mapping_msgs/autoware_auto_mapping_msgs/msg/detail/map_primitive__rosidl_typesupport_introspection_cpp.hpp
[14.553s] -- Up-to-date symlink: /home/zhijie/autoware/install/autoware_auto_mapping_msgs/include/autoware_auto_mapping_msgs/autoware_auto_mapping_msgs/srv/detail/had_map_service__rosidl_typesupport_introspection_cpp.hpp
[14.554s] -- Up-to-date symlink: /home/zhijie/autoware/install/autoware_auto_mapping_msgs/share/autoware_auto_mapping_msgs/environment/pythonpath.sh
[14.554s] -- Up-to-date symlink: /home/zhijie/autoware/install/autoware_auto_mapping_msgs/share/autoware_auto_mapping_msgs/environment/pythonpath.dsv
[14.554s] -- Up-to-date symlink: /home/zhijie/autoware/install/autoware_auto_mapping_msgs/local/lib/python3.10/dist-packages/autoware_auto_mapping_msgs-1.0.0-py3.10.egg-info/PKG-INFO
[14.554s] -- Up-to-date symlink: /home/zhijie/autoware/install/autoware_auto_mapping_msgs/local/lib/python3.10/dist-packages/autoware_auto_mapping_msgs-1.0.0-py3.10.egg-info/SOURCES.txt
[14.554s] -- Up-to-date symlink: /home/zhijie/autoware/install/autoware_auto_mapping_msgs/local/lib/python3.10/dist-packages/autoware_auto_mapping_msgs-1.0.0-py3.10.egg-info/dependency_links.txt
[14.554s] -- Up-to-date symlink: /home/zhijie/autoware/install/autoware_auto_mapping_msgs/local/lib/python3.10/dist-packages/autoware_auto_mapping_msgs-1.0.0-py3.10.egg-info/top_level.txt
[14.554s] -- Up-to-date symlink: /home/zhijie/autoware/install/autoware_auto_mapping_msgs/local/lib/python3.10/dist-packages/autoware_auto_mapping_msgs/__init__.py
[14.554s] -- Up-to-date symlink: /home/zhijie/autoware/install/autoware_auto_mapping_msgs/local/lib/python3.10/dist-packages/autoware_auto_mapping_msgs/_autoware_auto_mapping_msgs_s.ep.rosidl_typesupport_c.c
[14.554s] -- Up-to-date symlink: /home/zhijie/autoware/install/autoware_auto_mapping_msgs/local/lib/python3.10/dist-packages/autoware_auto_mapping_msgs/_autoware_auto_mapping_msgs_s.ep.rosidl_typesupport_fastrtps_c.c
[14.554s] -- Up-to-date symlink: /home/zhijie/autoware/install/autoware_auto_mapping_msgs/local/lib/python3.10/dist-packages/autoware_auto_mapping_msgs/_autoware_auto_mapping_msgs_s.ep.rosidl_typesupport_introspection_c.c
[14.555s] -- Up-to-date symlink: /home/zhijie/autoware/install/autoware_auto_mapping_msgs/local/lib/python3.10/dist-packages/autoware_auto_mapping_msgs/autoware_auto_mapping_msgs_s__rosidl_typesupport_c.cpython-310-x86_64-linux-gnu.so
[14.555s] -- Up-to-date symlink: /home/zhijie/autoware/install/autoware_auto_mapping_msgs/local/lib/python3.10/dist-packages/autoware_auto_mapping_msgs/autoware_auto_mapping_msgs_s__rosidl_typesupport_fastrtps_c.cpython-310-x86_64-linux-gnu.so
[14.555s] -- Up-to-date symlink: /home/zhijie/autoware/install/autoware_auto_mapping_msgs/local/lib/python3.10/dist-packages/autoware_auto_mapping_msgs/autoware_auto_mapping_msgs_s__rosidl_typesupport_introspection_c.cpython-310-x86_64-linux-gnu.so
[14.555s] -- Up-to-date symlink: /home/zhijie/autoware/install/autoware_auto_mapping_msgs/local/lib/python3.10/dist-packages/autoware_auto_mapping_msgs/libautoware_auto_mapping_msgs__rosidl_generator_py.so
[14.555s] -- Up-to-date symlink: /home/zhijie/autoware/install/autoware_auto_mapping_msgs/local/lib/python3.10/dist-packages/autoware_auto_mapping_msgs/msg/__init__.py
[14.555s] -- Up-to-date symlink: /home/zhijie/autoware/install/autoware_auto_mapping_msgs/local/lib/python3.10/dist-packages/autoware_auto_mapping_msgs/msg/_had_map_bin.py
[14.555s] -- Up-to-date symlink: /home/zhijie/autoware/install/autoware_auto_mapping_msgs/local/lib/python3.10/dist-packages/autoware_auto_mapping_msgs/msg/_had_map_bin_s.c
[14.555s] -- Up-to-date symlink: /home/zhijie/autoware/install/autoware_auto_mapping_msgs/local/lib/python3.10/dist-packages/autoware_auto_mapping_msgs/msg/_had_map_segment.py
[14.555s] -- Up-to-date symlink: /home/zhijie/autoware/install/autoware_auto_mapping_msgs/local/lib/python3.10/dist-packages/autoware_auto_mapping_msgs/msg/_had_map_segment_s.c
[14.555s] -- Up-to-date symlink: /home/zhijie/autoware/install/autoware_auto_mapping_msgs/local/lib/python3.10/dist-packages/autoware_auto_mapping_msgs/msg/_map_primitive.py
[14.556s] -- Up-to-date symlink: /home/zhijie/autoware/install/autoware_auto_mapping_msgs/local/lib/python3.10/dist-packages/autoware_auto_mapping_msgs/msg/_map_primitive_s.c
[14.556s] -- Up-to-date symlink: /home/zhijie/autoware/install/autoware_auto_mapping_msgs/local/lib/python3.10/dist-packages/autoware_auto_mapping_msgs/srv/__init__.py
[14.556s] -- Up-to-date symlink: /home/zhijie/autoware/install/autoware_auto_mapping_msgs/local/lib/python3.10/dist-packages/autoware_auto_mapping_msgs/srv/_had_map_service.py
[14.556s] -- Up-to-date symlink: /home/zhijie/autoware/install/autoware_auto_mapping_msgs/local/lib/python3.10/dist-packages/autoware_auto_mapping_msgs/srv/_had_map_service_s.c
[14.556s] -- Up-to-date symlink: /home/zhijie/autoware/install/autoware_auto_mapping_msgs/local/lib/python3.10/dist-packages/autoware_auto_mapping_msgs/autoware_auto_mapping_msgs_s__rosidl_typesupport_fastrtps_c.cpython-310-x86_64-linux-gnu.so
[14.556s] -- Up-to-date symlink: /home/zhijie/autoware/install/autoware_auto_mapping_msgs/local/lib/python3.10/dist-packages/autoware_auto_mapping_msgs/autoware_auto_mapping_msgs_s__rosidl_typesupport_introspection_c.cpython-310-x86_64-linux-gnu.so
[14.556s] -- Up-to-date symlink: /home/zhijie/autoware/install/autoware_auto_mapping_msgs/local/lib/python3.10/dist-packages/autoware_auto_mapping_msgs/autoware_auto_mapping_msgs_s__rosidl_typesupport_c.cpython-310-x86_64-linux-gnu.so
[14.556s] -- Up-to-date symlink: /home/zhijie/autoware/install/autoware_auto_mapping_msgs/share/autoware_auto_mapping_msgs/msg/HADMapBin.idl
[14.556s] -- Up-to-date symlink: /home/zhijie/autoware/install/autoware_auto_mapping_msgs/share/autoware_auto_mapping_msgs/msg/HADMapSegment.idl
[14.556s] -- Up-to-date symlink: /home/zhijie/autoware/install/autoware_auto_mapping_msgs/share/autoware_auto_mapping_msgs/msg/MapPrimitive.idl
[14.557s] -- Up-to-date symlink: /home/zhijie/autoware/install/autoware_auto_mapping_msgs/share/autoware_auto_mapping_msgs/srv/HADMapService.idl
[14.557s] -- Up-to-date symlink: /home/zhijie/autoware/install/autoware_auto_mapping_msgs/share/ament_index/resource_index/package_run_dependencies/autoware_auto_mapping_msgs
[14.557s] -- Up-to-date symlink: /home/zhijie/autoware/install/autoware_auto_mapping_msgs/share/ament_index/resource_index/parent_prefix_path/autoware_auto_mapping_msgs
[14.557s] -- Up-to-date symlink: /home/zhijie/autoware/install/autoware_auto_mapping_msgs/share/autoware_auto_mapping_msgs/environment/ament_prefix_path.sh
[14.557s] -- Up-to-date symlink: /home/zhijie/autoware/install/autoware_auto_mapping_msgs/share/autoware_auto_mapping_msgs/environment/ament_prefix_path.dsv
[14.557s] -- Up-to-date symlink: /home/zhijie/autoware/install/autoware_auto_mapping_msgs/share/autoware_auto_mapping_msgs/environment/path.sh
[14.557s] -- Up-to-date symlink: /home/zhijie/autoware/install/autoware_auto_mapping_msgs/share/autoware_auto_mapping_msgs/environment/path.dsv
[14.557s] -- Up-to-date symlink: /home/zhijie/autoware/install/autoware_auto_mapping_msgs/share/autoware_auto_mapping_msgs/local_setup.bash
[14.557s] -- Up-to-date symlink: /home/zhijie/autoware/install/autoware_auto_mapping_msgs/share/autoware_auto_mapping_msgs/local_setup.sh
[14.557s] -- Up-to-date symlink: /home/zhijie/autoware/install/autoware_auto_mapping_msgs/share/autoware_auto_mapping_msgs/local_setup.zsh
[14.558s] -- Up-to-date symlink: /home/zhijie/autoware/install/autoware_auto_mapping_msgs/share/autoware_auto_mapping_msgs/local_setup.dsv
[14.558s] -- Symlinking: /home/zhijie/autoware/install/autoware_auto_mapping_msgs/share/autoware_auto_mapping_msgs/package.dsv
[14.560s] -- Up-to-date symlink: /home/zhijie/autoware/install/autoware_auto_mapping_msgs/share/ament_index/resource_index/packages/autoware_auto_mapping_msgs
[14.560s] -- Up-to-date symlink: /home/zhijie/autoware/install/autoware_auto_mapping_msgs/share/autoware_auto_mapping_msgs/cmake/rosidl_cmake-extras.cmake
[14.560s] -- Up-to-date symlink: /home/zhijie/autoware/install/autoware_auto_mapping_msgs/share/autoware_auto_mapping_msgs/cmake/ament_cmake_export_dependencies-extras.cmake
[14.561s] -- Up-to-date symlink: /home/zhijie/autoware/install/autoware_auto_mapping_msgs/share/autoware_auto_mapping_msgs/cmake/ament_cmake_export_include_directories-extras.cmake
[14.561s] -- Up-to-date symlink: /home/zhijie/autoware/install/autoware_auto_mapping_msgs/share/autoware_auto_mapping_msgs/cmake/ament_cmake_export_libraries-extras.cmake
[14.561s] -- Up-to-date symlink: /home/zhijie/autoware/install/autoware_auto_mapping_msgs/share/autoware_auto_mapping_msgs/cmake/ament_cmake_export_targets-extras.cmake
[14.561s] -- Up-to-date symlink: /home/zhijie/autoware/install/autoware_auto_mapping_msgs/share/autoware_auto_mapping_msgs/cmake/rosidl_cmake_export_typesupport_targets-extras.cmake
[14.561s] -- Up-to-date symlink: /home/zhijie/autoware/install/autoware_auto_mapping_msgs/share/autoware_auto_mapping_msgs/cmake/rosidl_cmake_export_typesupport_libraries-extras.cmake
[14.561s] -- Up-to-date symlink: /home/zhijie/autoware/install/autoware_auto_mapping_msgs/share/autoware_auto_mapping_msgs/cmake/autoware_auto_mapping_msgsConfig.cmake
[14.561s] -- Up-to-date symlink: /home/zhijie/autoware/install/autoware_auto_mapping_msgs/share/autoware_auto_mapping_msgs/cmake/autoware_auto_mapping_msgsConfig-version.cmake
[14.561s] -- Up-to-date symlink: /home/zhijie/autoware/install/autoware_auto_mapping_msgs/share/autoware_auto_mapping_msgs/package.xml
[14.561s] -- Up-to-date: /home/zhijie/autoware/install/autoware_auto_mapping_msgs/lib/libautoware_auto_mapping_msgs__rosidl_generator_c.so
[14.562s] -- Installing: /home/zhijie/autoware/install/autoware_auto_mapping_msgs/lib/libautoware_auto_mapping_msgs__rosidl_typesupport_fastrtps_c.so
[14.562s] -- Set runtime path of "/home/zhijie/autoware/install/autoware_auto_mapping_msgs/lib/libautoware_auto_mapping_msgs__rosidl_typesupport_fastrtps_c.so" to ""
[14.562s] -- Up-to-date: /home/zhijie/autoware/install/autoware_auto_mapping_msgs/lib/libautoware_auto_mapping_msgs__rosidl_typesupport_introspection_c.so
[14.562s] -- Up-to-date: /home/zhijie/autoware/install/autoware_auto_mapping_msgs/lib/libautoware_auto_mapping_msgs__rosidl_typesupport_c.so
[14.562s] -- Installing: /home/zhijie/autoware/install/autoware_auto_mapping_msgs/lib/libautoware_auto_mapping_msgs__rosidl_typesupport_fastrtps_cpp.so
[14.562s] -- Set runtime path of "/home/zhijie/autoware/install/autoware_auto_mapping_msgs/lib/libautoware_auto_mapping_msgs__rosidl_typesupport_fastrtps_cpp.so" to ""
[14.562s] -- Installing: /home/zhijie/autoware/install/autoware_auto_mapping_msgs/lib/libautoware_auto_mapping_msgs__rosidl_typesupport_introspection_cpp.so
[14.562s] -- Set runtime path of "/home/zhijie/autoware/install/autoware_auto_mapping_msgs/lib/libautoware_auto_mapping_msgs__rosidl_typesupport_introspection_cpp.so" to ""
[14.562s] -- Installing: /home/zhijie/autoware/install/autoware_auto_mapping_msgs/lib/libautoware_auto_mapping_msgs__rosidl_typesupport_cpp.so
[14.562s] -- Set runtime path of "/home/zhijie/autoware/install/autoware_auto_mapping_msgs/lib/libautoware_auto_mapping_msgs__rosidl_typesupport_cpp.so" to ""
[14.614s] Listing '/home/zhijie/autoware/install/autoware_auto_mapping_msgs/local/lib/python3.10/dist-packages/autoware_auto_mapping_msgs'...
[14.614s] Compiling '/home/zhijie/autoware/install/autoware_auto_mapping_msgs/local/lib/python3.10/dist-packages/autoware_auto_mapping_msgs/__init__.py'...
[14.614s] Listing '/home/zhijie/autoware/install/autoware_auto_mapping_msgs/local/lib/python3.10/dist-packages/autoware_auto_mapping_msgs/msg'...
[14.614s] Listing '/home/zhijie/autoware/install/autoware_auto_mapping_msgs/local/lib/python3.10/dist-packages/autoware_auto_mapping_msgs/srv'...
[14.620s] -- Installing: /home/zhijie/autoware/install/autoware_auto_mapping_msgs/lib/libautoware_auto_mapping_msgs__rosidl_generator_py.so
[14.620s] -- Set runtime path of "/home/zhijie/autoware/install/autoware_auto_mapping_msgs/lib/libautoware_auto_mapping_msgs__rosidl_generator_py.so" to ""
[14.621s] -- Up-to-date: /home/zhijie/autoware/install/autoware_auto_mapping_msgs/share/autoware_auto_mapping_msgs/cmake/export_autoware_auto_mapping_msgs__rosidl_generator_cExport.cmake
[14.621s] -- Up-to-date: /home/zhijie/autoware/install/autoware_auto_mapping_msgs/share/autoware_auto_mapping_msgs/cmake/export_autoware_auto_mapping_msgs__rosidl_generator_cExport-release.cmake
[14.621s] -- Up-to-date: /home/zhijie/autoware/install/autoware_auto_mapping_msgs/share/autoware_auto_mapping_msgs/cmake/export_autoware_auto_mapping_msgs__rosidl_typesupport_fastrtps_cExport.cmake
[14.621s] -- Up-to-date: /home/zhijie/autoware/install/autoware_auto_mapping_msgs/share/autoware_auto_mapping_msgs/cmake/export_autoware_auto_mapping_msgs__rosidl_typesupport_fastrtps_cExport-release.cmake
[14.622s] -- Up-to-date: /home/zhijie/autoware/install/autoware_auto_mapping_msgs/share/autoware_auto_mapping_msgs/cmake/autoware_auto_mapping_msgs__rosidl_typesupport_introspection_cExport.cmake
[14.622s] -- Up-to-date: /home/zhijie/autoware/install/autoware_auto_mapping_msgs/share/autoware_auto_mapping_msgs/cmake/autoware_auto_mapping_msgs__rosidl_typesupport_introspection_cExport-release.cmake
[14.622s] -- Up-to-date: /home/zhijie/autoware/install/autoware_auto_mapping_msgs/share/autoware_auto_mapping_msgs/cmake/autoware_auto_mapping_msgs__rosidl_typesupport_cExport.cmake
[14.622s] -- Up-to-date: /home/zhijie/autoware/install/autoware_auto_mapping_msgs/share/autoware_auto_mapping_msgs/cmake/autoware_auto_mapping_msgs__rosidl_typesupport_cExport-release.cmake
[14.622s] -- Up-to-date: /home/zhijie/autoware/install/autoware_auto_mapping_msgs/share/autoware_auto_mapping_msgs/cmake/export_autoware_auto_mapping_msgs__rosidl_generator_cppExport.cmake
[14.623s] -- Up-to-date: /home/zhijie/autoware/install/autoware_auto_mapping_msgs/share/autoware_auto_mapping_msgs/cmake/export_autoware_auto_mapping_msgs__rosidl_typesupport_fastrtps_cppExport.cmake
[14.623s] -- Up-to-date: /home/zhijie/autoware/install/autoware_auto_mapping_msgs/share/autoware_auto_mapping_msgs/cmake/export_autoware_auto_mapping_msgs__rosidl_typesupport_fastrtps_cppExport-release.cmake
[14.623s] -- Up-to-date: /home/zhijie/autoware/install/autoware_auto_mapping_msgs/share/autoware_auto_mapping_msgs/cmake/autoware_auto_mapping_msgs__rosidl_typesupport_introspection_cppExport.cmake
[14.623s] -- Up-to-date: /home/zhijie/autoware/install/autoware_auto_mapping_msgs/share/autoware_auto_mapping_msgs/cmake/autoware_auto_mapping_msgs__rosidl_typesupport_introspection_cppExport-release.cmake
[14.623s] -- Up-to-date: /home/zhijie/autoware/install/autoware_auto_mapping_msgs/share/autoware_auto_mapping_msgs/cmake/autoware_auto_mapping_msgs__rosidl_typesupport_cppExport.cmake
[14.623s] -- Up-to-date: /home/zhijie/autoware/install/autoware_auto_mapping_msgs/share/autoware_auto_mapping_msgs/cmake/autoware_auto_mapping_msgs__rosidl_typesupport_cppExport-release.cmake
[14.624s] -- Up-to-date: /home/zhijie/autoware/install/autoware_auto_mapping_msgs/share/autoware_auto_mapping_msgs/cmake/export_autoware_auto_mapping_msgs__rosidl_generator_pyExport.cmake
[14.624s] -- Up-to-date: /home/zhijie/autoware/install/autoware_auto_mapping_msgs/share/autoware_auto_mapping_msgs/cmake/export_autoware_auto_mapping_msgs__rosidl_generator_pyExport-release.cmake
[14.630s] Invoked command in '/home/zhijie/autoware/build/autoware_auto_mapping_msgs' returned '0': CMAKE_PREFIX_PATH=/opt/ros/humble /usr/bin/cmake --install /home/zhijie/autoware/build/autoware_auto_mapping_msgs
