-- Found autoware_cmake: 0.1.0 (/home/zhijie/autoware/install/autoware_cmake/share/autoware_cmake/cmake)
-- Override CMake install command with custom implementation using symlinks instead of copying resources
-- Found rosidl_generator_c: 3.1.5 (/opt/ros/humble/share/rosidl_generator_c/cmake)
-- Found rosidl_adapter: 3.1.5 (/opt/ros/humble/share/rosidl_adapter/cmake)
-- Found rosidl_generator_cpp: 3.1.5 (/opt/ros/humble/share/rosidl_generator_cpp/cmake)
-- Using all available rosidl_typesupport_c: rosidl_typesupport_fastrtps_c;rosidl_typesupport_introspection_c
-- Using all available rosidl_typesupport_cpp: rosidl_typesupport_fastrtps_cpp;rosidl_typesupport_introspection_cpp
-- Found rmw_implementation_cmake: 6.1.1 (/opt/ros/humble/share/rmw_implementation_cmake/cmake)
-- Found rmw_cyclonedds_cpp: 1.3.4 (/opt/ros/humble/share/rmw_cyclonedds_cpp/cmake)
-- Using RMW implementation 'rmw_cyclonedds_cpp' as default
-- Found eigen3_cmake_module: 0.1.1 (/opt/ros/humble/share/eigen3_cmake_module/cmake)
-- Ensuring Eigen3 include directory is part of orocos-kdl CMake target
-- Eigen found (include: /usr/include/eigen3, version: 3.4.0)
-- FLANN found (include: /usr/include, lib: /usr/lib/x86_64-linux-gnu/libflann_cpp.so)
-- OpenNI found (version: 1.5.4.0, include: /usr/include/ni, lib: /usr/lib/libOpenNI.so;libusb::libusb)
-- OpenNI2 found (version: 2.2.0.33, include: /usr/include/openni2, lib: /usr/lib/x86_64-linux-gnu/libOpenNI2.so;libusb::libusb)
-- Eigen found (include: /usr/include/eigen3, version: 3.4.0)
-- OpenNI found (version: 1.5.4.0, include: /usr/include/ni, lib: /usr/lib/libOpenNI.so;libusb::libusb)
-- OpenNI2 found (version: 2.2.0.33, include: /usr/include/openni2, lib: /usr/lib/x86_64-linux-gnu/libOpenNI2.so;libusb::libusb)
-- Found Qhull version 8.0.2
-- OpenNI found (version: 1.5.4.0, include: /usr/include/ni, lib: /usr/lib/libOpenNI.so;libusb::libusb)
-- Found ament_lint_auto: 0.12.8 (/opt/ros/humble/share/ament_lint_auto/cmake)
-- Added test 'copyright' to check source files copyright and LICENSE
-- Added test 'cppcheck' to perform static code analysis on C / C++ code
-- Configured cppcheck include dirs: /home/zhijie/autoware/src/universe/autoware.universe/control/pure_pursuit/include
-- Configured cppcheck exclude dirs and/or files: 
-- Added test 'lint_cmake' to check CMake code style
-- Added test 'xmllint' to check XML markup files
-- Configuring done
-- Generating done
-- Build files have been written to: /home/zhijie/autoware/build/pure_pursuit
[35m[1mConsolidate compiler generated dependencies of target pure_pursuit_core[0m
[ 11%] [32mBuilding CXX object CMakeFiles/pure_pursuit_core.dir/src/pure_pursuit_core/planning_utils.cpp.o[0m
[ 22%] [32mBuilding CXX object CMakeFiles/pure_pursuit_core.dir/src/pure_pursuit_core/interpolate.cpp.o[0m
[ 33%] [32mBuilding CXX object CMakeFiles/pure_pursuit_core.dir/src/pure_pursuit_core/pure_pursuit.cpp.o[0m
[ 44%] [32m[1mLinking CXX shared library libpure_pursuit_core.so[0m
[ 44%] Built target pure_pursuit_core
[35m[1mConsolidate compiler generated dependencies of target pure_pursuit_lateral_controller_exe[0m
[ 55%] [32mBuilding CXX object CMakeFiles/pure_pursuit_lateral_controller_exe.dir/rclcpp_components/node_main_pure_pursuit_lateral_controller_exe.cpp.o[0m
[ 66%] [32m[1mLinking CXX executable pure_pursuit_lateral_controller_exe[0m
[ 66%] Built target pure_pursuit_lateral_controller_exe
[35m[1mConsolidate compiler generated dependencies of target pure_pursuit_lateral_controller[0m
[ 77%] [32mBuilding CXX object CMakeFiles/pure_pursuit_lateral_controller.dir/src/pure_pursuit/pure_pursuit_lateral_controller.cpp.o[0m
[ 88%] [32mBuilding CXX object CMakeFiles/pure_pursuit_lateral_controller.dir/src/pure_pursuit/pure_pursuit_viz.cpp.o[0m
[100%] [32m[1mLinking CXX shared library libpure_pursuit_lateral_controller.so[0m
[100%] Built target pure_pursuit_lateral_controller
-- Install configuration: "Release"
-- Execute custom install script
-- Up-to-date symlink: /home/zhijie/autoware/install/pure_pursuit/lib/pure_pursuit/pure_pursuit_lateral_controller_exe
-- Up-to-date symlink: /home/zhijie/autoware/install/pure_pursuit/include/pure_pursuit/pure_pursuit.hpp
-- Up-to-date symlink: /home/zhijie/autoware/install/pure_pursuit/include/pure_pursuit/pure_pursuit_lateral_controller.hpp
-- Up-to-date symlink: /home/zhijie/autoware/install/pure_pursuit/include/pure_pursuit/pure_pursuit_node.hpp
-- Up-to-date symlink: /home/zhijie/autoware/install/pure_pursuit/include/pure_pursuit/pure_pursuit_viz.hpp
-- Up-to-date symlink: /home/zhijie/autoware/install/pure_pursuit/include/pure_pursuit/util/interpolate.hpp
-- Up-to-date symlink: /home/zhijie/autoware/install/pure_pursuit/include/pure_pursuit/util/marker_helper.hpp
-- Up-to-date symlink: /home/zhijie/autoware/install/pure_pursuit/include/pure_pursuit/util/planning_utils.hpp
-- Up-to-date symlink: /home/zhijie/autoware/install/pure_pursuit/include/pure_pursuit/util/tf_utils.hpp
-- Up-to-date symlink: /home/zhijie/autoware/install/pure_pursuit/share/pure_pursuit/environment/library_path.sh
-- Up-to-date symlink: /home/zhijie/autoware/install/pure_pursuit/share/pure_pursuit/environment/library_path.dsv
-- Up-to-date symlink: /home/zhijie/autoware/install/pure_pursuit/lib/libpure_pursuit_core.so
-- Up-to-date symlink: /home/zhijie/autoware/install/pure_pursuit/lib/libpure_pursuit_lateral_controller.so
-- Up-to-date symlink: /home/zhijie/autoware/install/pure_pursuit/share/pure_pursuit/launch/pure_pursuit.launch.xml
-- Up-to-date symlink: /home/zhijie/autoware/install/pure_pursuit/share/pure_pursuit/config/pure_pursuit.param.yaml
-- Up-to-date symlink: /home/zhijie/autoware/install/pure_pursuit/share/pure_pursuit/config/pure_pursuit_lateral_controller_plotjuggler_debug.xml
-- Up-to-date symlink: /home/zhijie/autoware/install/pure_pursuit/share/ament_index/resource_index/package_run_dependencies/pure_pursuit
-- Up-to-date symlink: /home/zhijie/autoware/install/pure_pursuit/share/ament_index/resource_index/parent_prefix_path/pure_pursuit
-- Up-to-date symlink: /home/zhijie/autoware/install/pure_pursuit/share/pure_pursuit/environment/ament_prefix_path.sh
-- Up-to-date symlink: /home/zhijie/autoware/install/pure_pursuit/share/pure_pursuit/environment/ament_prefix_path.dsv
-- Up-to-date symlink: /home/zhijie/autoware/install/pure_pursuit/share/pure_pursuit/environment/path.sh
-- Up-to-date symlink: /home/zhijie/autoware/install/pure_pursuit/share/pure_pursuit/environment/path.dsv
-- Up-to-date symlink: /home/zhijie/autoware/install/pure_pursuit/share/pure_pursuit/local_setup.bash
-- Up-to-date symlink: /home/zhijie/autoware/install/pure_pursuit/share/pure_pursuit/local_setup.sh
-- Up-to-date symlink: /home/zhijie/autoware/install/pure_pursuit/share/pure_pursuit/local_setup.zsh
-- Up-to-date symlink: /home/zhijie/autoware/install/pure_pursuit/share/pure_pursuit/local_setup.dsv
-- Symlinking: /home/zhijie/autoware/install/pure_pursuit/share/pure_pursuit/package.dsv
-- Up-to-date symlink: /home/zhijie/autoware/install/pure_pursuit/share/ament_index/resource_index/packages/pure_pursuit
-- Up-to-date symlink: /home/zhijie/autoware/install/pure_pursuit/share/ament_index/resource_index/rclcpp_components/pure_pursuit
-- Up-to-date symlink: /home/zhijie/autoware/install/pure_pursuit/share/pure_pursuit/cmake/ament_cmake_export_dependencies-extras.cmake
-- Up-to-date symlink: /home/zhijie/autoware/install/pure_pursuit/share/pure_pursuit/cmake/ament_cmake_export_include_directories-extras.cmake
-- Up-to-date symlink: /home/zhijie/autoware/install/pure_pursuit/share/pure_pursuit/cmake/ament_cmake_export_libraries-extras.cmake
-- Up-to-date symlink: /home/zhijie/autoware/install/pure_pursuit/share/pure_pursuit/cmake/pure_pursuitConfig.cmake
-- Up-to-date symlink: /home/zhijie/autoware/install/pure_pursuit/share/pure_pursuit/cmake/pure_pursuitConfig-version.cmake
-- Up-to-date symlink: /home/zhijie/autoware/install/pure_pursuit/share/pure_pursuit/package.xml
