-- Found autoware_cmake: 0.1.0 (/home/zhijie/autoware/install/autoware_cmake/share/autoware_cmake/cmake)
-- Override CMake install command with custom implementation using symlinks instead of copying resources
-- Using all available rosidl_typesupport_c: rosidl_typesupport_fastrtps_c;rosidl_typesupport_introspection_c
-- Found rosidl_adapter: 3.1.5 (/opt/ros/humble/share/rosidl_adapter/cmake)
-- Using all available rosidl_typesupport_cpp: rosidl_typesupport_fastrtps_cpp;rosidl_typesupport_introspection_cpp
-- Found rmw_implementation_cmake: 6.1.1 (/opt/ros/humble/share/rmw_implementation_cmake/cmake)
-- Found rmw_cyclonedds_cpp: 1.3.4 (/opt/ros/humble/share/rmw_cyclonedds_cpp/cmake)
-- Using RMW implementation 'rmw_cyclonedds_cpp' as default
-- Found eigen3_cmake_module: 0.1.1 (/opt/ros/humble/share/eigen3_cmake_module/cmake)
-- Ensuring Eigen3 include directory is part of orocos-kdl CMake target
-- Eigen found (include: /usr/include/eigen3, version: 3.4.0)
-- FLANN found (include: /usr/include, lib: /usr/lib/x86_64-linux-gnu/libflann_cpp.so)
-- OpenNI found (version: 1.5.4.0, include: /usr/include/ni, lib: /usr/lib/libOpenNI.so;libusb::libusb)
-- OpenNI2 found (version: 2.2.0.33, include: /usr/include/openni2, lib: /usr/lib/x86_64-linux-gnu/libOpenNI2.so;libusb::libusb)
-- Eigen found (include: /usr/include/eigen3, version: 3.4.0)
-- OpenNI found (version: 1.5.4.0, include: /usr/include/ni, lib: /usr/lib/libOpenNI.so;libusb::libusb)
-- OpenNI2 found (version: 2.2.0.33, include: /usr/include/openni2, lib: /usr/lib/x86_64-linux-gnu/libOpenNI2.so;libusb::libusb)
-- Found Qhull version 8.0.2
-- OpenNI found (version: 1.5.4.0, include: /usr/include/ni, lib: /usr/lib/libOpenNI.so;libusb::libusb)
-- Found ament_lint_auto: 0.12.8 (/opt/ros/humble/share/ament_lint_auto/cmake)
-- Found ament_cmake_ros: 0.10.0 (/opt/ros/humble/share/ament_cmake_ros/cmake)
-- Using all available rosidl_typesupport_c: rosidl_typesupport_fastrtps_c;rosidl_typesupport_introspection_c
-- Using all available rosidl_typesupport_cpp: rosidl_typesupport_fastrtps_cpp;rosidl_typesupport_introspection_cpp
-- Found python_cmake_module: 0.10.0 (/opt/ros/humble/share/python_cmake_module/cmake)
-- Using PYTHON_EXECUTABLE: /usr/bin/python3
-- Using PYTHON_INCLUDE_DIRS: /usr/include/python3.10
-- Using PYTHON_LIBRARIES: /usr/lib/x86_64-linux-gnu/libpython3.10.so
-- Added test 'copyright' to check source files copyright and LICENSE
-- Added test 'cppcheck' to perform static code analysis on C / C++ code
-- Configured cppcheck include dirs: /home/zhijie/autoware/src/universe/autoware.universe/planning/planning_debug_tools/include
-- Configured cppcheck exclude dirs and/or files: 
-- Added test 'lint_cmake' to check CMake code style
-- Added test 'xmllint' to check XML markup files
-- Configuring done
-- Generating done
-- Build files have been written to: /home/zhijie/autoware/build/planning_debug_tools
[  2%] Built target planning_debug_tools__cpp
[35m[1mConsolidate compiler generated dependencies of target stop_reason_visualizer_exe[0m
[  5%] [32mBuilding CXX object CMakeFiles/stop_reason_visualizer_exe.dir/rclcpp_components/node_main_stop_reason_visualizer_exe.cpp.o[0m
[  7%] [32m[1mLinking CXX executable stop_reason_visualizer_exe[0m
[  7%] Built target stop_reason_visualizer_exe
[35m[1mConsolidate compiler generated dependencies of target planning_debug_tools__rosidl_typesupport_introspection_cpp[0m
[ 10%] [32mBuilding CXX object CMakeFiles/planning_debug_tools__rosidl_typesupport_introspection_cpp.dir/rosidl_typesupport_introspection_cpp/planning_debug_tools/msg/detail/trajectory_debug_info__type_support.cpp.o[0m
[ 12%] [32m[1mLinking CXX shared library libplanning_debug_tools__rosidl_typesupport_introspection_cpp.so[0m
[ 15%] Built target planning_debug_tools__rosidl_typesupport_introspection_cpp
[35m[1mConsolidate compiler generated dependencies of target planning_debug_tools__rosidl_typesupport_fastrtps_cpp[0m
[ 17%] [32mBuilding CXX object CMakeFiles/planning_debug_tools__rosidl_typesupport_fastrtps_cpp.dir/rosidl_typesupport_fastrtps_cpp/planning_debug_tools/msg/detail/dds_fastrtps/trajectory_debug_info__type_support.cpp.o[0m
[ 20%] [32m[1mLinking CXX shared library libplanning_debug_tools__rosidl_typesupport_fastrtps_cpp.so[0m
[ 23%] Built target planning_debug_tools__rosidl_typesupport_fastrtps_cpp
[35m[1mConsolidate compiler generated dependencies of target planning_debug_tools__rosidl_typesupport_cpp[0m
[ 25%] [32mBuilding CXX object CMakeFiles/planning_debug_tools__rosidl_typesupport_cpp.dir/rosidl_typesupport_cpp/planning_debug_tools/msg/trajectory_debug_info__type_support.cpp.o[0m
[ 28%] [32m[1mLinking CXX shared library libplanning_debug_tools__rosidl_typesupport_cpp.so[0m
[ 30%] Built target planning_debug_tools__rosidl_typesupport_cpp
[35m[1mConsolidate compiler generated dependencies of target trajectory_analyzer_exe[0m
[ 33%] [32mBuilding CXX object CMakeFiles/trajectory_analyzer_exe.dir/rclcpp_components/node_main_trajectory_analyzer_exe.cpp.o[0m
[ 35%] [32m[1mLinking CXX executable trajectory_analyzer_exe[0m
[ 35%] Built target trajectory_analyzer_exe
[35m[1mConsolidate compiler generated dependencies of target trajectory_analyzer_node[0m
[ 38%] [32mBuilding CXX object CMakeFiles/trajectory_analyzer_node.dir/src/trajectory_analyzer.cpp.o[0m
[ 41%] [32m[1mLinking CXX shared library libtrajectory_analyzer_node.so[0m
[ 41%] Built target trajectory_analyzer_node
[ 41%] Built target ament_cmake_python_symlink_planning_debug_tools
[35m[1mConsolidate compiler generated dependencies of target stop_reason_visualizer_node[0m
[ 43%] [32mBuilding CXX object CMakeFiles/stop_reason_visualizer_node.dir/src/stop_reason_visualizer.cpp.o[0m
[ 46%] [32m[1mLinking CXX shared library libstop_reason_visualizer_node.so[0m
[ 46%] Built target stop_reason_visualizer_node
[35m[1mConsolidate compiler generated dependencies of target planning_debug_tools__rosidl_generator_c[0m
[ 53%] Built target planning_debug_tools__rosidl_generator_c
[35m[1mConsolidate compiler generated dependencies of target planning_debug_tools__rosidl_typesupport_fastrtps_c[0m
[ 56%] [32mBuilding CXX object CMakeFiles/planning_debug_tools__rosidl_typesupport_fastrtps_c.dir/rosidl_typesupport_fastrtps_c/planning_debug_tools/msg/detail/trajectory_debug_info__type_support_c.cpp.o[0m
running egg_info
writing planning_debug_tools.egg-info/PKG-INFO
writing dependency_links to planning_debug_tools.egg-info/dependency_links.txt
writing top-level names to planning_debug_tools.egg-info/top_level.txt
reading manifest file 'planning_debug_tools.egg-info/SOURCES.txt'
writing manifest file 'planning_debug_tools.egg-info/SOURCES.txt'
[ 56%] Built target ament_cmake_python_build_planning_debug_tools_egg
[35m[1mConsolidate compiler generated dependencies of target planning_debug_tools__rosidl_typesupport_c[0m
[ 64%] Built target planning_debug_tools__rosidl_typesupport_c
[35m[1mConsolidate compiler generated dependencies of target planning_debug_tools__rosidl_typesupport_introspection_c[0m
[ 66%] [32m[1mLinking CXX shared library libplanning_debug_tools__rosidl_typesupport_fastrtps_c.so[0m
[ 74%] Built target planning_debug_tools__rosidl_typesupport_introspection_c
[ 76%] Built target planning_debug_tools__rosidl_typesupport_fastrtps_c
[ 76%] Built target planning_debug_tools
[ 79%] Built target planning_debug_tools__py
[35m[1mConsolidate compiler generated dependencies of target planning_debug_tools__rosidl_generator_py[0m
[ 82%] [32mBuilding C object CMakeFiles/planning_debug_tools__rosidl_generator_py.dir/rosidl_generator_py/planning_debug_tools/msg/_trajectory_debug_info_s.c.o[0m
[ 84%] [32m[1mLinking C shared library rosidl_generator_py/planning_debug_tools/libplanning_debug_tools__rosidl_generator_py.so[0m
[ 84%] Built target planning_debug_tools__rosidl_generator_py
[35m[1mConsolidate compiler generated dependencies of target planning_debug_tools__rosidl_typesupport_fastrtps_c__pyext[0m
[35m[1mConsolidate compiler generated dependencies of target planning_debug_tools__rosidl_typesupport_introspection_c__pyext[0m
[ 89%] [32mBuilding C object CMakeFiles/planning_debug_tools__rosidl_typesupport_fastrtps_c__pyext.dir/rosidl_generator_py/planning_debug_tools/_planning_debug_tools_s.ep.rosidl_typesupport_fastrtps_c.c.o[0m
[ 89%] [32mBuilding C object CMakeFiles/planning_debug_tools__rosidl_typesupport_introspection_c__pyext.dir/rosidl_generator_py/planning_debug_tools/_planning_debug_tools_s.ep.rosidl_typesupport_introspection_c.c.o[0m
[ 92%] [32m[1mLinking C shared library rosidl_generator_py/planning_debug_tools/planning_debug_tools_s__rosidl_typesupport_fastrtps_c.cpython-310-x86_64-linux-gnu.so[0m
[ 94%] [32m[1mLinking C shared library rosidl_generator_py/planning_debug_tools/planning_debug_tools_s__rosidl_typesupport_introspection_c.cpython-310-x86_64-linux-gnu.so[0m
[ 94%] Built target planning_debug_tools__rosidl_typesupport_introspection_c__pyext
[ 94%] Built target planning_debug_tools__rosidl_typesupport_fastrtps_c__pyext
[35m[1mConsolidate compiler generated dependencies of target planning_debug_tools__rosidl_typesupport_c__pyext[0m
[ 97%] [32mBuilding C object CMakeFiles/planning_debug_tools__rosidl_typesupport_c__pyext.dir/rosidl_generator_py/planning_debug_tools/_planning_debug_tools_s.ep.rosidl_typesupport_c.c.o[0m
[100%] [32m[1mLinking C shared library rosidl_generator_py/planning_debug_tools/planning_debug_tools_s__rosidl_typesupport_c.cpython-310-x86_64-linux-gnu.so[0m
[100%] Built target planning_debug_tools__rosidl_typesupport_c__pyext
-- Install configuration: "Release"
-- Execute custom install script
-- Up-to-date symlink: /home/zhijie/autoware/install/planning_debug_tools/share/ament_index/resource_index/rosidl_interfaces/planning_debug_tools
-- Up-to-date symlink: /home/zhijie/autoware/install/planning_debug_tools/include/planning_debug_tools/planning_debug_tools/msg/detail/trajectory_debug_info__functions.h
-- Up-to-date symlink: /home/zhijie/autoware/install/planning_debug_tools/include/planning_debug_tools/planning_debug_tools/msg/detail/trajectory_debug_info__struct.h
-- Up-to-date symlink: /home/zhijie/autoware/install/planning_debug_tools/include/planning_debug_tools/planning_debug_tools/msg/detail/trajectory_debug_info__type_support.h
-- Up-to-date symlink: /home/zhijie/autoware/install/planning_debug_tools/include/planning_debug_tools/planning_debug_tools/msg/rosidl_generator_c__visibility_control.h
-- Up-to-date symlink: /home/zhijie/autoware/install/planning_debug_tools/include/planning_debug_tools/planning_debug_tools/msg/trajectory_debug_info.h
-- Up-to-date symlink: /home/zhijie/autoware/install/planning_debug_tools/share/planning_debug_tools/environment/library_path.sh
-- Up-to-date symlink: /home/zhijie/autoware/install/planning_debug_tools/share/planning_debug_tools/environment/library_path.dsv
-- Up-to-date symlink: /home/zhijie/autoware/install/planning_debug_tools/include/planning_debug_tools/planning_debug_tools/msg/detail/trajectory_debug_info__rosidl_typesupport_fastrtps_c.h
-- Up-to-date symlink: /home/zhijie/autoware/install/planning_debug_tools/include/planning_debug_tools/planning_debug_tools/msg/rosidl_typesupport_fastrtps_c__visibility_control.h
-- Up-to-date symlink: /home/zhijie/autoware/install/planning_debug_tools/include/planning_debug_tools/planning_debug_tools/msg/detail/trajectory_debug_info__rosidl_typesupport_introspection_c.h
-- Up-to-date symlink: /home/zhijie/autoware/install/planning_debug_tools/include/planning_debug_tools/planning_debug_tools/msg/rosidl_typesupport_introspection_c__visibility_control.h
-- Up-to-date symlink: /home/zhijie/autoware/install/planning_debug_tools/include/planning_debug_tools/planning_debug_tools/msg/detail/trajectory_debug_info__builder.hpp
-- Up-to-date symlink: /home/zhijie/autoware/install/planning_debug_tools/include/planning_debug_tools/planning_debug_tools/msg/detail/trajectory_debug_info__struct.hpp
-- Up-to-date symlink: /home/zhijie/autoware/install/planning_debug_tools/include/planning_debug_tools/planning_debug_tools/msg/detail/trajectory_debug_info__traits.hpp
-- Up-to-date symlink: /home/zhijie/autoware/install/planning_debug_tools/include/planning_debug_tools/planning_debug_tools/msg/trajectory_debug_info.hpp
-- Up-to-date symlink: /home/zhijie/autoware/install/planning_debug_tools/include/planning_debug_tools/planning_debug_tools/msg/detail/trajectory_debug_info__rosidl_typesupport_fastrtps_cpp.hpp
-- Up-to-date symlink: /home/zhijie/autoware/install/planning_debug_tools/include/planning_debug_tools/planning_debug_tools/msg/rosidl_typesupport_fastrtps_cpp__visibility_control.h
-- Up-to-date symlink: /home/zhijie/autoware/install/planning_debug_tools/include/planning_debug_tools/planning_debug_tools/msg/detail/trajectory_debug_info__rosidl_typesupport_introspection_cpp.hpp
-- Up-to-date symlink: /home/zhijie/autoware/install/planning_debug_tools/share/planning_debug_tools/environment/pythonpath.sh
-- Up-to-date symlink: /home/zhijie/autoware/install/planning_debug_tools/share/planning_debug_tools/environment/pythonpath.dsv
-- Up-to-date symlink: /home/zhijie/autoware/install/planning_debug_tools/local/lib/python3.10/dist-packages/planning_debug_tools-0.1.0-py3.10.egg-info/PKG-INFO
-- Up-to-date symlink: /home/zhijie/autoware/install/planning_debug_tools/local/lib/python3.10/dist-packages/planning_debug_tools-0.1.0-py3.10.egg-info/SOURCES.txt
-- Up-to-date symlink: /home/zhijie/autoware/install/planning_debug_tools/local/lib/python3.10/dist-packages/planning_debug_tools-0.1.0-py3.10.egg-info/dependency_links.txt
-- Up-to-date symlink: /home/zhijie/autoware/install/planning_debug_tools/local/lib/python3.10/dist-packages/planning_debug_tools-0.1.0-py3.10.egg-info/top_level.txt
-- Up-to-date symlink: /home/zhijie/autoware/install/planning_debug_tools/local/lib/python3.10/dist-packages/planning_debug_tools/__init__.py
-- Up-to-date symlink: /home/zhijie/autoware/install/planning_debug_tools/local/lib/python3.10/dist-packages/planning_debug_tools/_planning_debug_tools_s.ep.rosidl_typesupport_c.c
-- Up-to-date symlink: /home/zhijie/autoware/install/planning_debug_tools/local/lib/python3.10/dist-packages/planning_debug_tools/_planning_debug_tools_s.ep.rosidl_typesupport_fastrtps_c.c
-- Up-to-date symlink: /home/zhijie/autoware/install/planning_debug_tools/local/lib/python3.10/dist-packages/planning_debug_tools/_planning_debug_tools_s.ep.rosidl_typesupport_introspection_c.c
-- Up-to-date symlink: /home/zhijie/autoware/install/planning_debug_tools/local/lib/python3.10/dist-packages/planning_debug_tools/libplanning_debug_tools__rosidl_generator_py.so
-- Up-to-date symlink: /home/zhijie/autoware/install/planning_debug_tools/local/lib/python3.10/dist-packages/planning_debug_tools/msg/__init__.py
-- Up-to-date symlink: /home/zhijie/autoware/install/planning_debug_tools/local/lib/python3.10/dist-packages/planning_debug_tools/msg/_trajectory_debug_info.py
-- Up-to-date symlink: /home/zhijie/autoware/install/planning_debug_tools/local/lib/python3.10/dist-packages/planning_debug_tools/msg/_trajectory_debug_info_s.c
-- Up-to-date symlink: /home/zhijie/autoware/install/planning_debug_tools/local/lib/python3.10/dist-packages/planning_debug_tools/planning_debug_tools_s__rosidl_typesupport_c.cpython-310-x86_64-linux-gnu.so
-- Up-to-date symlink: /home/zhijie/autoware/install/planning_debug_tools/local/lib/python3.10/dist-packages/planning_debug_tools/planning_debug_tools_s__rosidl_typesupport_fastrtps_c.cpython-310-x86_64-linux-gnu.so
-- Up-to-date symlink: /home/zhijie/autoware/install/planning_debug_tools/local/lib/python3.10/dist-packages/planning_debug_tools/planning_debug_tools_s__rosidl_typesupport_introspection_c.cpython-310-x86_64-linux-gnu.so
-- Up-to-date symlink: /home/zhijie/autoware/install/planning_debug_tools/local/lib/python3.10/dist-packages/planning_debug_tools/planning_debug_tools_s__rosidl_typesupport_fastrtps_c.cpython-310-x86_64-linux-gnu.so
-- Up-to-date symlink: /home/zhijie/autoware/install/planning_debug_tools/local/lib/python3.10/dist-packages/planning_debug_tools/planning_debug_tools_s__rosidl_typesupport_introspection_c.cpython-310-x86_64-linux-gnu.so
-- Up-to-date symlink: /home/zhijie/autoware/install/planning_debug_tools/local/lib/python3.10/dist-packages/planning_debug_tools/planning_debug_tools_s__rosidl_typesupport_c.cpython-310-x86_64-linux-gnu.so
-- Up-to-date symlink: /home/zhijie/autoware/install/planning_debug_tools/share/planning_debug_tools/msg/TrajectoryDebugInfo.idl
-- Up-to-date symlink: /home/zhijie/autoware/install/planning_debug_tools/share/planning_debug_tools/msg/TrajectoryDebugInfo.msg
-- Up-to-date symlink: /home/zhijie/autoware/install/planning_debug_tools/lib/planning_debug_tools/trajectory_analyzer_exe
-- Up-to-date symlink: /home/zhijie/autoware/install/planning_debug_tools/lib/planning_debug_tools/stop_reason_visualizer_exe
-- Up-to-date symlink: /home/zhijie/autoware/install/planning_debug_tools/include/planning_debug_tools/trajectory_analyzer.hpp
-- Up-to-date symlink: /home/zhijie/autoware/install/planning_debug_tools/include/planning_debug_tools/util.hpp
-- Up-to-date symlink: /home/zhijie/autoware/install/planning_debug_tools/lib/libtrajectory_analyzer_node.so
-- Up-to-date symlink: /home/zhijie/autoware/install/planning_debug_tools/lib/libstop_reason_visualizer_node.so
-- Up-to-date symlink: /home/zhijie/autoware/install/planning_debug_tools/share/planning_debug_tools/launch/behavior_velocity_analyzer.launch.xml
-- Up-to-date symlink: /home/zhijie/autoware/install/planning_debug_tools/share/planning_debug_tools/launch/stop_reason_visualizer.launch.xml
-- Up-to-date symlink: /home/zhijie/autoware/install/planning_debug_tools/share/planning_debug_tools/launch/trajectory_analyzer.launch.xml
-- Up-to-date symlink: /home/zhijie/autoware/install/planning_debug_tools/share/ament_index/resource_index/package_run_dependencies/planning_debug_tools
-- Up-to-date symlink: /home/zhijie/autoware/install/planning_debug_tools/share/ament_index/resource_index/parent_prefix_path/planning_debug_tools
-- Up-to-date symlink: /home/zhijie/autoware/install/planning_debug_tools/share/planning_debug_tools/environment/ament_prefix_path.sh
-- Up-to-date symlink: /home/zhijie/autoware/install/planning_debug_tools/share/planning_debug_tools/environment/ament_prefix_path.dsv
-- Up-to-date symlink: /home/zhijie/autoware/install/planning_debug_tools/share/planning_debug_tools/environment/path.sh
-- Up-to-date symlink: /home/zhijie/autoware/install/planning_debug_tools/share/planning_debug_tools/environment/path.dsv
-- Up-to-date symlink: /home/zhijie/autoware/install/planning_debug_tools/share/planning_debug_tools/local_setup.bash
-- Up-to-date symlink: /home/zhijie/autoware/install/planning_debug_tools/share/planning_debug_tools/local_setup.sh
-- Up-to-date symlink: /home/zhijie/autoware/install/planning_debug_tools/share/planning_debug_tools/local_setup.zsh
-- Up-to-date symlink: /home/zhijie/autoware/install/planning_debug_tools/share/planning_debug_tools/local_setup.dsv
-- Symlinking: /home/zhijie/autoware/install/planning_debug_tools/share/planning_debug_tools/package.dsv
-- Up-to-date symlink: /home/zhijie/autoware/install/planning_debug_tools/share/ament_index/resource_index/packages/planning_debug_tools
-- Up-to-date symlink: /home/zhijie/autoware/install/planning_debug_tools/share/ament_index/resource_index/rclcpp_components/planning_debug_tools
-- Up-to-date symlink: /home/zhijie/autoware/install/planning_debug_tools/share/planning_debug_tools/cmake/rosidl_cmake-extras.cmake
-- Up-to-date symlink: /home/zhijie/autoware/install/planning_debug_tools/share/planning_debug_tools/cmake/ament_cmake_export_dependencies-extras.cmake
-- Up-to-date symlink: /home/zhijie/autoware/install/planning_debug_tools/share/planning_debug_tools/cmake/ament_cmake_export_include_directories-extras.cmake
-- Up-to-date symlink: /home/zhijie/autoware/install/planning_debug_tools/share/planning_debug_tools/cmake/ament_cmake_export_libraries-extras.cmake
-- Up-to-date symlink: /home/zhijie/autoware/install/planning_debug_tools/share/planning_debug_tools/cmake/ament_cmake_export_targets-extras.cmake
-- Up-to-date symlink: /home/zhijie/autoware/install/planning_debug_tools/share/planning_debug_tools/cmake/rosidl_cmake_export_typesupport_targets-extras.cmake
-- Up-to-date symlink: /home/zhijie/autoware/install/planning_debug_tools/share/planning_debug_tools/cmake/rosidl_cmake_export_typesupport_libraries-extras.cmake
-- Up-to-date symlink: /home/zhijie/autoware/install/planning_debug_tools/share/planning_debug_tools/cmake/planning_debug_toolsConfig.cmake
-- Up-to-date symlink: /home/zhijie/autoware/install/planning_debug_tools/share/planning_debug_tools/cmake/planning_debug_toolsConfig-version.cmake
-- Up-to-date symlink: /home/zhijie/autoware/install/planning_debug_tools/share/planning_debug_tools/package.xml
-- Up-to-date symlink: /home/zhijie/autoware/install/planning_debug_tools/lib/planning_debug_tools/trajectory_visualizer.py
-- Up-to-date symlink: /home/zhijie/autoware/install/planning_debug_tools/lib/planning_debug_tools/closest_velocity_checker.py
-- Up-to-date symlink: /home/zhijie/autoware/install/planning_debug_tools/lib/planning_debug_tools/perception_reproducer.py
-- Up-to-date symlink: /home/zhijie/autoware/install/planning_debug_tools/lib/planning_debug_tools/perception_replayer.py
-- Up-to-date: /home/zhijie/autoware/install/planning_debug_tools/lib/libplanning_debug_tools__rosidl_generator_c.so
-- Installing: /home/zhijie/autoware/install/planning_debug_tools/lib/libplanning_debug_tools__rosidl_typesupport_fastrtps_c.so
-- Set runtime path of "/home/zhijie/autoware/install/planning_debug_tools/lib/libplanning_debug_tools__rosidl_typesupport_fastrtps_c.so" to ""
-- Up-to-date: /home/zhijie/autoware/install/planning_debug_tools/lib/libplanning_debug_tools__rosidl_typesupport_introspection_c.so
-- Up-to-date: /home/zhijie/autoware/install/planning_debug_tools/lib/libplanning_debug_tools__rosidl_typesupport_c.so
-- Installing: /home/zhijie/autoware/install/planning_debug_tools/lib/libplanning_debug_tools__rosidl_typesupport_fastrtps_cpp.so
-- Set runtime path of "/home/zhijie/autoware/install/planning_debug_tools/lib/libplanning_debug_tools__rosidl_typesupport_fastrtps_cpp.so" to ""
-- Installing: /home/zhijie/autoware/install/planning_debug_tools/lib/libplanning_debug_tools__rosidl_typesupport_introspection_cpp.so
-- Set runtime path of "/home/zhijie/autoware/install/planning_debug_tools/lib/libplanning_debug_tools__rosidl_typesupport_introspection_cpp.so" to ""
-- Installing: /home/zhijie/autoware/install/planning_debug_tools/lib/libplanning_debug_tools__rosidl_typesupport_cpp.so
-- Set runtime path of "/home/zhijie/autoware/install/planning_debug_tools/lib/libplanning_debug_tools__rosidl_typesupport_cpp.so" to ""
Listing '/home/zhijie/autoware/install/planning_debug_tools/local/lib/python3.10/dist-packages/planning_debug_tools'...
Compiling '/home/zhijie/autoware/install/planning_debug_tools/local/lib/python3.10/dist-packages/planning_debug_tools/__init__.py'...
Listing '/home/zhijie/autoware/install/planning_debug_tools/local/lib/python3.10/dist-packages/planning_debug_tools/msg'...
-- Installing: /home/zhijie/autoware/install/planning_debug_tools/lib/libplanning_debug_tools__rosidl_generator_py.so
-- Set runtime path of "/home/zhijie/autoware/install/planning_debug_tools/lib/libplanning_debug_tools__rosidl_generator_py.so" to ""
-- Up-to-date: /home/zhijie/autoware/install/planning_debug_tools/share/planning_debug_tools/cmake/export_planning_debug_tools__rosidl_generator_cExport.cmake
-- Up-to-date: /home/zhijie/autoware/install/planning_debug_tools/share/planning_debug_tools/cmake/export_planning_debug_tools__rosidl_generator_cExport-release.cmake
-- Up-to-date: /home/zhijie/autoware/install/planning_debug_tools/share/planning_debug_tools/cmake/export_planning_debug_tools__rosidl_typesupport_fastrtps_cExport.cmake
-- Up-to-date: /home/zhijie/autoware/install/planning_debug_tools/share/planning_debug_tools/cmake/export_planning_debug_tools__rosidl_typesupport_fastrtps_cExport-release.cmake
-- Up-to-date: /home/zhijie/autoware/install/planning_debug_tools/share/planning_debug_tools/cmake/planning_debug_tools__rosidl_typesupport_introspection_cExport.cmake
-- Up-to-date: /home/zhijie/autoware/install/planning_debug_tools/share/planning_debug_tools/cmake/planning_debug_tools__rosidl_typesupport_introspection_cExport-release.cmake
-- Up-to-date: /home/zhijie/autoware/install/planning_debug_tools/share/planning_debug_tools/cmake/planning_debug_tools__rosidl_typesupport_cExport.cmake
-- Up-to-date: /home/zhijie/autoware/install/planning_debug_tools/share/planning_debug_tools/cmake/planning_debug_tools__rosidl_typesupport_cExport-release.cmake
-- Up-to-date: /home/zhijie/autoware/install/planning_debug_tools/share/planning_debug_tools/cmake/export_planning_debug_tools__rosidl_generator_cppExport.cmake
-- Up-to-date: /home/zhijie/autoware/install/planning_debug_tools/share/planning_debug_tools/cmake/export_planning_debug_tools__rosidl_typesupport_fastrtps_cppExport.cmake
-- Up-to-date: /home/zhijie/autoware/install/planning_debug_tools/share/planning_debug_tools/cmake/export_planning_debug_tools__rosidl_typesupport_fastrtps_cppExport-release.cmake
-- Up-to-date: /home/zhijie/autoware/install/planning_debug_tools/share/planning_debug_tools/cmake/planning_debug_tools__rosidl_typesupport_introspection_cppExport.cmake
-- Up-to-date: /home/zhijie/autoware/install/planning_debug_tools/share/planning_debug_tools/cmake/planning_debug_tools__rosidl_typesupport_introspection_cppExport-release.cmake
-- Up-to-date: /home/zhijie/autoware/install/planning_debug_tools/share/planning_debug_tools/cmake/planning_debug_tools__rosidl_typesupport_cppExport.cmake
-- Up-to-date: /home/zhijie/autoware/install/planning_debug_tools/share/planning_debug_tools/cmake/planning_debug_tools__rosidl_typesupport_cppExport-release.cmake
-- Up-to-date: /home/zhijie/autoware/install/planning_debug_tools/share/planning_debug_tools/cmake/export_planning_debug_tools__rosidl_generator_pyExport.cmake
-- Up-to-date: /home/zhijie/autoware/install/planning_debug_tools/share/planning_debug_tools/cmake/export_planning_debug_tools__rosidl_generator_pyExport-release.cmake
