[0.726s] Invoking command in '/home/mtl12345/autoware/build/autoware_lint_common': CMAKE_PREFIX_PATH=/opt/ros/humble /usr/bin/cmake --build /home/mtl12345/autoware/build/autoware_lint_common -- -j12 -l12
[0.806s] Invoked command in '/home/mtl12345/autoware/build/autoware_lint_common' returned '0': CMAKE_PREFIX_PATH=/opt/ros/humble /usr/bin/cmake --build /home/mtl12345/autoware/build/autoware_lint_common -- -j12 -l12
[0.991s] Invoking command in '/home/mtl12345/autoware/build/autoware_lint_common': CMAKE_PREFIX_PATH=/opt/ros/humble /usr/bin/cmake --install /home/mtl12345/autoware/build/autoware_lint_common
[1.630s] -- Install configuration: "Release"
[1.630s] -- Execute custom install script
[1.630s] -- Up-to-date symlink: /home/mtl12345/autoware/install/autoware_lint_common/share/ament_index/resource_index/package_run_dependencies/autoware_lint_common
[1.630s] -- Up-to-date symlink: /home/mtl12345/autoware/install/autoware_lint_common/share/ament_index/resource_index/parent_prefix_path/autoware_lint_common
[1.630s] -- Up-to-date symlink: /home/mtl12345/autoware/install/autoware_lint_common/share/autoware_lint_common/environment/ament_prefix_path.sh
[1.630s] -- Up-to-date symlink: /home/mtl12345/autoware/install/autoware_lint_common/share/autoware_lint_common/environment/ament_prefix_path.dsv
[1.630s] -- Up-to-date symlink: /home/mtl12345/autoware/install/autoware_lint_common/share/autoware_lint_common/environment/path.sh
[1.630s] -- Up-to-date symlink: /home/mtl12345/autoware/install/autoware_lint_common/share/autoware_lint_common/environment/path.dsv
[1.631s] -- Up-to-date symlink: /home/mtl12345/autoware/install/autoware_lint_common/share/autoware_lint_common/local_setup.bash
[1.631s] -- Up-to-date symlink: /home/mtl12345/autoware/install/autoware_lint_common/share/autoware_lint_common/local_setup.sh
[1.631s] -- Up-to-date symlink: /home/mtl12345/autoware/install/autoware_lint_common/share/autoware_lint_common/local_setup.zsh
[1.631s] -- Up-to-date symlink: /home/mtl12345/autoware/install/autoware_lint_common/share/autoware_lint_common/local_setup.dsv
[1.631s] -- Symlinking: /home/mtl12345/autoware/install/autoware_lint_common/share/autoware_lint_common/package.dsv
[1.631s] -- Up-to-date symlink: /home/mtl12345/autoware/install/autoware_lint_common/share/ament_index/resource_index/packages/autoware_lint_common
[1.631s] -- Up-to-date symlink: /home/mtl12345/autoware/install/autoware_lint_common/share/autoware_lint_common/cmake/ament_cmake_export_dependencies-extras.cmake
[1.631s] -- Up-to-date symlink: /home/mtl12345/autoware/install/autoware_lint_common/share/autoware_lint_common/cmake/autoware_lint_commonConfig.cmake
[1.631s] -- Up-to-date symlink: /home/mtl12345/autoware/install/autoware_lint_common/share/autoware_lint_common/cmake/autoware_lint_commonConfig-version.cmake
[1.631s] -- Up-to-date symlink: /home/mtl12345/autoware/install/autoware_lint_common/share/autoware_lint_common/package.xml
[1.645s] Invoked command in '/home/mtl12345/autoware/build/autoware_lint_common' returned '0': CMAKE_PREFIX_PATH=/opt/ros/humble /usr/bin/cmake --install /home/mtl12345/autoware/build/autoware_lint_common
