[0.122s] Invoking command in '/home/zhijie/autoware/build/ndt_omp': CMAKE_PREFIX_PATH=/opt/ros/humble /usr/bin/cmake /home/zhijie/autoware/src/universe/external/ndt_omp -DCMAKE_BUILD_TYPE=Release -DAMENT_CMAKE_SYMLINK_INSTALL=1 -DCMAKE_INSTALL_PREFIX=/home/zhijie/autoware/install/ndt_omp
[12.008s] -- Found ament_cmake_auto: 1.3.5 (/opt/ros/humble/share/ament_cmake_auto/cmake)
[12.009s] -- Override CMake install command with custom implementation using symlinks instead of copying resources
[12.009s] -- Eigen found (include: /usr/include/eigen3, version: 3.4.0)
[12.011s] -- FLANN found (include: /usr/include, lib: /usr/lib/x86_64-linux-gnu/libflann_cpp.so)
[12.011s] -- OpenNI found (version: 1.5.4.0, include: /usr/include/ni, lib: /usr/lib/libOpenNI.so;libusb::libusb)
[12.012s] -- OpenNI2 found (version: 2.2.0.33, include: /usr/include/openni2, lib: /usr/lib/x86_64-linux-gnu/libOpenNI2.so;libusb::libusb)
[12.012s] -- Eigen found (include: /usr/include/eigen3, version: 3.4.0)
[12.013s] -- OpenNI found (version: 1.5.4.0, include: /usr/include/ni, lib: /usr/lib/libOpenNI.so;libusb::libusb)
[12.014s] -- OpenNI2 found (version: 2.2.0.33, include: /usr/include/openni2, lib: /usr/lib/x86_64-linux-gnu/libOpenNI2.so;libusb::libusb)
[12.016s] -- Found Qhull version 8.0.2
[12.016s] -- OpenNI found (version: 1.5.4.0, include: /usr/include/ni, lib: /usr/lib/libOpenNI.so;libusb::libusb)
[12.017s] -- looking for PCL_COMMON
[12.018s] -- looking for PCL_KDTREE
[12.018s] -- looking for PCL_OCTREE
[12.018s] -- looking for PCL_SEARCH
[12.018s] -- looking for PCL_SAMPLE_CONSENSUS
[12.018s] -- looking for PCL_FILTERS
[12.018s] -- looking for PCL_2D
[12.020s] -- looking for PCL_GEOMETRY
[12.020s] -- looking for PCL_IO
[12.020s] -- looking for PCL_FEATURES
[12.020s] -- looking for PCL_ML
[12.020s] -- looking for PCL_SEGMENTATION
[12.020s] -- looking for PCL_VISUALIZATION
[12.020s] -- looking for PCL_SURFACE
[12.021s] -- looking for PCL_REGISTRATION
[12.021s] -- looking for PCL_KEYPOINTS
[12.021s] -- looking for PCL_TRACKING
[12.021s] -- looking for PCL_RECOGNITION
[12.021s] -- looking for PCL_STEREO
[12.021s] -- looking for PCL_APPS
[12.021s] -- looking for PCL_IN_HAND_SCANNER
[12.021s] -- looking for PCL_MODELER
[12.021s] -- looking for PCL_POINT_CLOUD_EDITOR
[12.021s] -- looking for PCL_OUTOFCORE
[12.022s] -- looking for PCL_PEOPLE
[12.022s] -- PCL_INCLUDE_DIRS:/usr/include/pcl-1.12/usr/include/eigen3/usr/include/usr/include/ni/usr/include/openni2
[12.022s] -- PCL_LIBRARY_DIRS:/usr/lib/x86_64-linux-gnu
[12.022s] -- PCL_DEFINITIONS:-DDISABLE_PCAP
[12.022s] -- Configuring done
[12.022s] -- Generating done
[12.022s] -- Build files have been written to: /home/zhijie/autoware/build/ndt_omp
[12.022s] [0m** WARNING ** io features related to pcap will be disabled[0m
[12.035s] Invoked command in '/home/zhijie/autoware/build/ndt_omp' returned '0': CMAKE_PREFIX_PATH=/opt/ros/humble /usr/bin/cmake /home/zhijie/autoware/src/universe/external/ndt_omp -DCMAKE_BUILD_TYPE=Release -DAMENT_CMAKE_SYMLINK_INSTALL=1 -DCMAKE_INSTALL_PREFIX=/home/zhijie/autoware/install/ndt_omp
[12.036s] Invoking command in '/home/zhijie/autoware/build/ndt_omp': CMAKE_PREFIX_PATH=/opt/ros/humble /usr/bin/cmake --build /home/zhijie/autoware/build/ndt_omp -- -j16 -l16
[12.077s] [35m[1mConsolidate compiler generated dependencies of target ndt_omp[0m
[12.137s] [ 14%] [32mBuilding CXX object CMakeFiles/ndt_omp.dir/src/pclomp/voxel_grid_covariance_omp.cpp.o[0m
[25.342s] [ 28%] [32mBuilding CXX object CMakeFiles/ndt_omp.dir/src/pclomp/gicp_omp.cpp.o[0m
[30.373s] In file included from [01m[K/home/zhijie/autoware/src/universe/external/ndt_omp/src/pclomp/gicp_omp.cpp:2[m[K:
[30.373s] /home/zhijie/autoware/src/universe/external/ndt_omp/include/pclomp/gicp_omp_impl.hpp: In instantiation of ‘[01m[Kvoid pclomp::GeneralizedIterativeClosestPoint<PointSource, PointTarget>::estimateRigidTransformationBFGS(const PointCloudSource&, const std::vector<int, std::allocator<int> >&, const PointCloudTarget&, const std::vector<int, std::allocator<int> >&, Eigen::Matrix4f&) [with PointSource = pcl::PointXYZ; PointTarget = pcl::PointXYZ; pclomp::GeneralizedIterativeClosestPoint<PointSource, PointTarget>::PointCloudSource = pcl::PointCloud<pcl::PointXYZ>; pclomp::GeneralizedIterativeClosestPoint<PointSource, PointTarget>::PointCloudTarget = pcl::PointCloud<pcl::PointXYZ>; Eigen::Matrix4f = Eigen::Matrix<float, 4, 4>][m[K’:
[30.373s] [01m[K/home/zhijie/autoware/src/universe/external/ndt_omp/src/pclomp/gicp_omp.cpp:4:24:[m[K   required from here
[30.374s] [01m[K/home/zhijie/autoware/src/universe/external/ndt_omp/include/pclomp/gicp_omp_impl.hpp:230:31:[m[K [01;35m[Kwarning: [m[K‘[01m[KBFGSSpace::Status BFGS<FunctorType>::testGradient(BFGS<FunctorType>::Scalar) [with FunctorType = pclomp::GeneralizedIterativeClosestPoint<pcl::PointXYZ, pcl::PointXYZ>::OptimizationFunctorWithIndices; BFGS<FunctorType>::Scalar = double][m[K’ is deprecated: Use `testGradient()` instead (It will be removed in PCL 1.13) [[01;35m[K]8;;https://gcc.gnu.org/onlinedocs/gcc/Warning-Options.html#index-Wdeprecated-declarations-Wdeprecated-declarations]8;;[m[K]
[30.374s]   230 |     result = [01;35m[Kbfgs.testGradient(gradient_tol)[m[K;
[30.374s]       |              [01;35m[K~~~~~~~~~~~~~~~~~^~~~~~~~~~~~~~[m[K
[30.374s] In file included from [01m[K/home/zhijie/autoware/src/universe/external/ndt_omp/include/pclomp/gicp_omp.h:45[m[K,
[30.374s]                  from [01m[K/home/zhijie/autoware/src/universe/external/ndt_omp/src/pclomp/gicp_omp.cpp:1[m[K:
[30.374s] [01m[K/usr/include/pcl-1.12/pcl/registration/bfgs.h:164:21:[m[K [01;36m[Knote: [m[Kdeclared here
[30.374s]   164 |   BFGSSpace::Status [01;36m[KtestGradient[m[K(Scalar) { return testGradient(); }
[30.374s]       |                     [01;36m[K^~~~~~~~~~~~[m[K
[30.647s] In file included from [01m[K/home/zhijie/autoware/src/universe/external/ndt_omp/src/pclomp/gicp_omp.cpp:2[m[K:
[30.648s] /home/zhijie/autoware/src/universe/external/ndt_omp/include/pclomp/gicp_omp_impl.hpp: In instantiation of ‘[01m[Kvoid pclomp::GeneralizedIterativeClosestPoint<PointSource, PointTarget>::estimateRigidTransformationBFGS(const PointCloudSource&, const std::vector<int, std::allocator<int> >&, const PointCloudTarget&, const std::vector<int, std::allocator<int> >&, Eigen::Matrix4f&) [with PointSource = pcl::PointXYZI; PointTarget = pcl::PointXYZI; pclomp::GeneralizedIterativeClosestPoint<PointSource, PointTarget>::PointCloudSource = pcl::PointCloud<pcl::PointXYZI>; pclomp::GeneralizedIterativeClosestPoint<PointSource, PointTarget>::PointCloudTarget = pcl::PointCloud<pcl::PointXYZI>; Eigen::Matrix4f = Eigen::Matrix<float, 4, 4>][m[K’:
[30.648s] [01m[K/home/zhijie/autoware/src/universe/external/ndt_omp/src/pclomp/gicp_omp.cpp:5:24:[m[K   required from here
[30.648s] [01m[K/home/zhijie/autoware/src/universe/external/ndt_omp/include/pclomp/gicp_omp_impl.hpp:230:31:[m[K [01;35m[Kwarning: [m[K‘[01m[KBFGSSpace::Status BFGS<FunctorType>::testGradient(BFGS<FunctorType>::Scalar) [with FunctorType = pclomp::GeneralizedIterativeClosestPoint<pcl::PointXYZI, pcl::PointXYZI>::OptimizationFunctorWithIndices; BFGS<FunctorType>::Scalar = double][m[K’ is deprecated: Use `testGradient()` instead (It will be removed in PCL 1.13) [[01;35m[K]8;;https://gcc.gnu.org/onlinedocs/gcc/Warning-Options.html#index-Wdeprecated-declarations-Wdeprecated-declarations]8;;[m[K]
[30.648s]   230 |     result = [01;35m[Kbfgs.testGradient(gradient_tol)[m[K;
[30.648s]       |              [01;35m[K~~~~~~~~~~~~~~~~~^~~~~~~~~~~~~~[m[K
[30.648s] In file included from [01m[K/home/zhijie/autoware/src/universe/external/ndt_omp/include/pclomp/gicp_omp.h:45[m[K,
[30.648s]                  from [01m[K/home/zhijie/autoware/src/universe/external/ndt_omp/src/pclomp/gicp_omp.cpp:1[m[K:
[30.648s] [01m[K/usr/include/pcl-1.12/pcl/registration/bfgs.h:164:21:[m[K [01;36m[Knote: [m[Kdeclared here
[30.649s]   164 |   BFGSSpace::Status [01;36m[KtestGradient[m[K(Scalar) { return testGradient(); }
[30.649s]       |                     [01;36m[K^~~~~~~~~~~~[m[K
[46.112s] [ 42%] [32mBuilding CXX object CMakeFiles/ndt_omp.dir/src/pclomp/ndt_omp.cpp.o[0m
[64.296s] [ 57%] [32m[1mLinking CXX shared library libndt_omp.so[0m
[67.453s] [ 57%] Built target ndt_omp
[67.473s] [35m[1mConsolidate compiler generated dependencies of target multigrid_ndt_omp[0m
[67.518s] [ 71%] [32mBuilding CXX object CMakeFiles/multigrid_ndt_omp.dir/src/multigrid_pclomp/multi_voxel_grid_covariance_omp.cpp.o[0m
[78.570s] [ 85%] [32mBuilding CXX object CMakeFiles/multigrid_ndt_omp.dir/src/multigrid_pclomp/multigrid_ndt_omp.cpp.o[0m
[98.745s] [100%] [32m[1mLinking CXX shared library libmultigrid_ndt_omp.so[0m
[101.037s] [100%] Built target multigrid_ndt_omp
[101.053s] Invoked command in '/home/zhijie/autoware/build/ndt_omp' returned '0': CMAKE_PREFIX_PATH=/opt/ros/humble /usr/bin/cmake --build /home/zhijie/autoware/build/ndt_omp -- -j16 -l16
[101.097s] Invoking command in '/home/zhijie/autoware/build/ndt_omp': CMAKE_PREFIX_PATH=/opt/ros/humble /usr/bin/cmake --install /home/zhijie/autoware/build/ndt_omp
[131.165s] -- Install configuration: "RELEASE"
[131.165s] -- Execute custom install script
[131.166s] -- Up-to-date symlink: /home/zhijie/autoware/install/ndt_omp/include/multigrid_pclomp/multi_voxel_grid_covariance_omp.h
[131.166s] -- Up-to-date symlink: /home/zhijie/autoware/install/ndt_omp/include/multigrid_pclomp/multi_voxel_grid_covariance_omp_impl.hpp
[131.167s] -- Up-to-date symlink: /home/zhijie/autoware/install/ndt_omp/include/multigrid_pclomp/multigrid_ndt_omp.h
[131.179s] -- Up-to-date symlink: /home/zhijie/autoware/install/ndt_omp/include/multigrid_pclomp/multigrid_ndt_omp_impl.hpp
[131.180s] -- Up-to-date symlink: /home/zhijie/autoware/install/ndt_omp/include/pclomp/gicp_omp.h
[131.181s] -- Up-to-date symlink: /home/zhijie/autoware/install/ndt_omp/include/pclomp/gicp_omp_impl.hpp
[131.181s] -- Up-to-date symlink: /home/zhijie/autoware/install/ndt_omp/include/pclomp/ndt_omp.h
[131.181s] -- Up-to-date symlink: /home/zhijie/autoware/install/ndt_omp/include/pclomp/ndt_omp_impl.hpp
[131.181s] -- Up-to-date symlink: /home/zhijie/autoware/install/ndt_omp/include/pclomp/voxel_grid_covariance_omp.h
[131.181s] -- Up-to-date symlink: /home/zhijie/autoware/install/ndt_omp/include/pclomp/voxel_grid_covariance_omp_impl.hpp
[131.181s] -- Up-to-date symlink: /home/zhijie/autoware/install/ndt_omp/share/ndt_omp/environment/library_path.sh
[131.181s] -- Up-to-date symlink: /home/zhijie/autoware/install/ndt_omp/share/ndt_omp/environment/library_path.dsv
[131.182s] -- Up-to-date symlink: /home/zhijie/autoware/install/ndt_omp/lib/libndt_omp.so
[131.182s] -- Up-to-date symlink: /home/zhijie/autoware/install/ndt_omp/lib/libmultigrid_ndt_omp.so
[131.182s] -- Up-to-date symlink: /home/zhijie/autoware/install/ndt_omp/share/ament_index/resource_index/package_run_dependencies/ndt_omp
[131.182s] -- Up-to-date symlink: /home/zhijie/autoware/install/ndt_omp/share/ament_index/resource_index/parent_prefix_path/ndt_omp
[131.182s] -- Up-to-date symlink: /home/zhijie/autoware/install/ndt_omp/share/ndt_omp/environment/ament_prefix_path.sh
[131.182s] -- Up-to-date symlink: /home/zhijie/autoware/install/ndt_omp/share/ndt_omp/environment/ament_prefix_path.dsv
[131.182s] -- Up-to-date symlink: /home/zhijie/autoware/install/ndt_omp/share/ndt_omp/environment/path.sh
[131.182s] -- Up-to-date symlink: /home/zhijie/autoware/install/ndt_omp/share/ndt_omp/environment/path.dsv
[131.182s] -- Up-to-date symlink: /home/zhijie/autoware/install/ndt_omp/share/ndt_omp/local_setup.bash
[131.183s] -- Up-to-date symlink: /home/zhijie/autoware/install/ndt_omp/share/ndt_omp/local_setup.sh
[131.183s] -- Up-to-date symlink: /home/zhijie/autoware/install/ndt_omp/share/ndt_omp/local_setup.zsh
[131.183s] -- Up-to-date symlink: /home/zhijie/autoware/install/ndt_omp/share/ndt_omp/local_setup.dsv
[131.183s] -- Symlinking: /home/zhijie/autoware/install/ndt_omp/share/ndt_omp/package.dsv
[131.183s] -- Up-to-date symlink: /home/zhijie/autoware/install/ndt_omp/share/ament_index/resource_index/packages/ndt_omp
[131.183s] -- Up-to-date symlink: /home/zhijie/autoware/install/ndt_omp/share/ndt_omp/cmake/ament_cmake_export_include_directories-extras.cmake
[131.183s] -- Up-to-date symlink: /home/zhijie/autoware/install/ndt_omp/share/ndt_omp/cmake/ament_cmake_export_libraries-extras.cmake
[131.183s] -- Up-to-date symlink: /home/zhijie/autoware/install/ndt_omp/share/ndt_omp/cmake/ndt_ompConfig.cmake
[131.183s] -- Up-to-date symlink: /home/zhijie/autoware/install/ndt_omp/share/ndt_omp/cmake/ndt_ompConfig-version.cmake
[131.184s] -- Up-to-date symlink: /home/zhijie/autoware/install/ndt_omp/share/ndt_omp/package.xml
[131.213s] Invoked command in '/home/zhijie/autoware/build/ndt_omp' returned '0': CMAKE_PREFIX_PATH=/opt/ros/humble /usr/bin/cmake --install /home/zhijie/autoware/build/ndt_omp
