[0.115s] Invoking command in '/home/zhijie/autoware/build/automatic_pose_initializer': AMENT_PREFIX_PATH=/home/zhijie/autoware/install/component_interface_utils:/home/zhijie/autoware/install/autoware_ad_api_specs:/home/zhijie/autoware/install/tier4_system_msgs:/home/zhijie/autoware/install/autoware_cmake:/home/zhijie/autoware/install/autoware_lint_common:/home/zhijie/autoware/install/autoware_common_msgs:/home/zhijie/autoware/install/autoware_adapi_v1_msgs:${AMENT_PREFIX_PATH} CMAKE_PREFIX_PATH=/home/zhijie/autoware/install/component_interface_utils:/home/zhijie/autoware/install/autoware_ad_api_specs:/home/zhijie/autoware/install/tier4_system_msgs:/home/zhijie/autoware/install/autoware_cmake:/home/zhijie/autoware/install/autoware_lint_common:/home/zhijie/autoware/install/autoware_common_msgs:/home/zhijie/autoware/install/autoware_adapi_v1_msgs:/opt/ros/humble LD_LIBRARY_PATH=/home/zhijie/autoware/install/tier4_system_msgs/lib:/home/zhijie/autoware/install/autoware_common_msgs/lib:/home/zhijie/autoware/install/autoware_adapi_v1_msgs/lib:${LD_LIBRARY_PATH} PYTHONPATH=/home/zhijie/autoware/install/tier4_system_msgs/local/lib/python3.10/dist-packages:/home/zhijie/autoware/install/autoware_common_msgs/local/lib/python3.10/dist-packages:/home/zhijie/autoware/install/autoware_adapi_v1_msgs/local/lib/python3.10/dist-packages:${PYTHONPATH} /usr/bin/cmake /home/zhijie/autoware/src/universe/autoware.universe/system/default_ad_api_helpers/automatic_pose_initializer -DCMAKE_BUILD_TYPE=Release -DAMENT_CMAKE_SYMLINK_INSTALL=1 -DCMAKE_INSTALL_PREFIX=/home/zhijie/autoware/install/automatic_pose_initializer
[3.165s] -- Found autoware_cmake: 0.1.0 (/home/zhijie/autoware/install/autoware_cmake/share/autoware_cmake/cmake)
[3.166s] -- Override CMake install command with custom implementation using symlinks instead of copying resources
[3.166s] -- Found rosidl_generator_c: 3.1.5 (/opt/ros/humble/share/rosidl_generator_c/cmake)
[3.166s] -- Found rosidl_adapter: 3.1.5 (/opt/ros/humble/share/rosidl_adapter/cmake)
[3.166s] -- Found rosidl_generator_cpp: 3.1.5 (/opt/ros/humble/share/rosidl_generator_cpp/cmake)
[3.166s] -- Using all available rosidl_typesupport_c: rosidl_typesupport_fastrtps_c;rosidl_typesupport_introspection_c
[3.166s] -- Using all available rosidl_typesupport_cpp: rosidl_typesupport_fastrtps_cpp;rosidl_typesupport_introspection_cpp
[3.166s] -- Found rmw_implementation_cmake: 6.1.1 (/opt/ros/humble/share/rmw_implementation_cmake/cmake)
[3.167s] -- Found rmw_cyclonedds_cpp: 1.3.4 (/opt/ros/humble/share/rmw_cyclonedds_cpp/cmake)
[3.167s] -- Using RMW implementation 'rmw_cyclonedds_cpp' as default
[3.167s] -- Found ament_lint_auto: 0.12.8 (/opt/ros/humble/share/ament_lint_auto/cmake)
[3.167s] -- Added test 'copyright' to check source files copyright and LICENSE
[3.169s] -- Added test 'cppcheck' to perform static code analysis on C / C++ code
[3.170s] -- Configured cppcheck include dirs: 
[3.172s] -- Configured cppcheck exclude dirs and/or files: 
[3.174s] -- Added test 'lint_cmake' to check CMake code style
[3.174s] -- Added test 'xmllint' to check XML markup files
[3.174s] -- Configuring done
[3.174s] -- Generating done
[3.174s] -- Build files have been written to: /home/zhijie/autoware/build/automatic_pose_initializer
[3.182s] Invoked command in '/home/zhijie/autoware/build/automatic_pose_initializer' returned '0': AMENT_PREFIX_PATH=/home/zhijie/autoware/install/component_interface_utils:/home/zhijie/autoware/install/autoware_ad_api_specs:/home/zhijie/autoware/install/tier4_system_msgs:/home/zhijie/autoware/install/autoware_cmake:/home/zhijie/autoware/install/autoware_lint_common:/home/zhijie/autoware/install/autoware_common_msgs:/home/zhijie/autoware/install/autoware_adapi_v1_msgs:${AMENT_PREFIX_PATH} CMAKE_PREFIX_PATH=/home/zhijie/autoware/install/component_interface_utils:/home/zhijie/autoware/install/autoware_ad_api_specs:/home/zhijie/autoware/install/tier4_system_msgs:/home/zhijie/autoware/install/autoware_cmake:/home/zhijie/autoware/install/autoware_lint_common:/home/zhijie/autoware/install/autoware_common_msgs:/home/zhijie/autoware/install/autoware_adapi_v1_msgs:/opt/ros/humble LD_LIBRARY_PATH=/home/zhijie/autoware/install/tier4_system_msgs/lib:/home/zhijie/autoware/install/autoware_common_msgs/lib:/home/zhijie/autoware/install/autoware_adapi_v1_msgs/lib:${LD_LIBRARY_PATH} PYTHONPATH=/home/zhijie/autoware/install/tier4_system_msgs/local/lib/python3.10/dist-packages:/home/zhijie/autoware/install/autoware_common_msgs/local/lib/python3.10/dist-packages:/home/zhijie/autoware/install/autoware_adapi_v1_msgs/local/lib/python3.10/dist-packages:${PYTHONPATH} /usr/bin/cmake /home/zhijie/autoware/src/universe/autoware.universe/system/default_ad_api_helpers/automatic_pose_initializer -DCMAKE_BUILD_TYPE=Release -DAMENT_CMAKE_SYMLINK_INSTALL=1 -DCMAKE_INSTALL_PREFIX=/home/zhijie/autoware/install/automatic_pose_initializer
[3.182s] Invoking command in '/home/zhijie/autoware/build/automatic_pose_initializer': AMENT_PREFIX_PATH=/home/zhijie/autoware/install/component_interface_utils:/home/zhijie/autoware/install/autoware_ad_api_specs:/home/zhijie/autoware/install/tier4_system_msgs:/home/zhijie/autoware/install/autoware_cmake:/home/zhijie/autoware/install/autoware_lint_common:/home/zhijie/autoware/install/autoware_common_msgs:/home/zhijie/autoware/install/autoware_adapi_v1_msgs:${AMENT_PREFIX_PATH} CMAKE_PREFIX_PATH=/home/zhijie/autoware/install/component_interface_utils:/home/zhijie/autoware/install/autoware_ad_api_specs:/home/zhijie/autoware/install/tier4_system_msgs:/home/zhijie/autoware/install/autoware_cmake:/home/zhijie/autoware/install/autoware_lint_common:/home/zhijie/autoware/install/autoware_common_msgs:/home/zhijie/autoware/install/autoware_adapi_v1_msgs:/opt/ros/humble LD_LIBRARY_PATH=/home/zhijie/autoware/install/tier4_system_msgs/lib:/home/zhijie/autoware/install/autoware_common_msgs/lib:/home/zhijie/autoware/install/autoware_adapi_v1_msgs/lib:${LD_LIBRARY_PATH} PYTHONPATH=/home/zhijie/autoware/install/tier4_system_msgs/local/lib/python3.10/dist-packages:/home/zhijie/autoware/install/autoware_common_msgs/local/lib/python3.10/dist-packages:/home/zhijie/autoware/install/autoware_adapi_v1_msgs/local/lib/python3.10/dist-packages:${PYTHONPATH} /usr/bin/cmake --build /home/zhijie/autoware/build/automatic_pose_initializer -- -j16 -l16
[5.735s] [35m[1mConsolidate compiler generated dependencies of target automatic_pose_initializer[0m
[5.735s] [ 50%] [32mBuilding CXX object CMakeFiles/automatic_pose_initializer.dir/src/automatic_pose_initializer.cpp.o[0m
[21.728s] [100%] [32m[1mLinking CXX executable automatic_pose_initializer[0m
[21.974s] [100%] Built target automatic_pose_initializer
[21.994s] Invoked command in '/home/zhijie/autoware/build/automatic_pose_initializer' returned '0': AMENT_PREFIX_PATH=/home/zhijie/autoware/install/component_interface_utils:/home/zhijie/autoware/install/autoware_ad_api_specs:/home/zhijie/autoware/install/tier4_system_msgs:/home/zhijie/autoware/install/autoware_cmake:/home/zhijie/autoware/install/autoware_lint_common:/home/zhijie/autoware/install/autoware_common_msgs:/home/zhijie/autoware/install/autoware_adapi_v1_msgs:${AMENT_PREFIX_PATH} CMAKE_PREFIX_PATH=/home/zhijie/autoware/install/component_interface_utils:/home/zhijie/autoware/install/autoware_ad_api_specs:/home/zhijie/autoware/install/tier4_system_msgs:/home/zhijie/autoware/install/autoware_cmake:/home/zhijie/autoware/install/autoware_lint_common:/home/zhijie/autoware/install/autoware_common_msgs:/home/zhijie/autoware/install/autoware_adapi_v1_msgs:/opt/ros/humble LD_LIBRARY_PATH=/home/zhijie/autoware/install/tier4_system_msgs/lib:/home/zhijie/autoware/install/autoware_common_msgs/lib:/home/zhijie/autoware/install/autoware_adapi_v1_msgs/lib:${LD_LIBRARY_PATH} PYTHONPATH=/home/zhijie/autoware/install/tier4_system_msgs/local/lib/python3.10/dist-packages:/home/zhijie/autoware/install/autoware_common_msgs/local/lib/python3.10/dist-packages:/home/zhijie/autoware/install/autoware_adapi_v1_msgs/local/lib/python3.10/dist-packages:${PYTHONPATH} /usr/bin/cmake --build /home/zhijie/autoware/build/automatic_pose_initializer -- -j16 -l16
[22.024s] Invoking command in '/home/zhijie/autoware/build/automatic_pose_initializer': AMENT_PREFIX_PATH=/home/zhijie/autoware/install/component_interface_utils:/home/zhijie/autoware/install/autoware_ad_api_specs:/home/zhijie/autoware/install/tier4_system_msgs:/home/zhijie/autoware/install/autoware_cmake:/home/zhijie/autoware/install/autoware_lint_common:/home/zhijie/autoware/install/autoware_common_msgs:/home/zhijie/autoware/install/autoware_adapi_v1_msgs:${AMENT_PREFIX_PATH} CMAKE_PREFIX_PATH=/home/zhijie/autoware/install/component_interface_utils:/home/zhijie/autoware/install/autoware_ad_api_specs:/home/zhijie/autoware/install/tier4_system_msgs:/home/zhijie/autoware/install/autoware_cmake:/home/zhijie/autoware/install/autoware_lint_common:/home/zhijie/autoware/install/autoware_common_msgs:/home/zhijie/autoware/install/autoware_adapi_v1_msgs:/opt/ros/humble LD_LIBRARY_PATH=/home/zhijie/autoware/install/tier4_system_msgs/lib:/home/zhijie/autoware/install/autoware_common_msgs/lib:/home/zhijie/autoware/install/autoware_adapi_v1_msgs/lib:${LD_LIBRARY_PATH} PYTHONPATH=/home/zhijie/autoware/install/tier4_system_msgs/local/lib/python3.10/dist-packages:/home/zhijie/autoware/install/autoware_common_msgs/local/lib/python3.10/dist-packages:/home/zhijie/autoware/install/autoware_adapi_v1_msgs/local/lib/python3.10/dist-packages:${PYTHONPATH} /usr/bin/cmake --install /home/zhijie/autoware/build/automatic_pose_initializer
[22.844s] -- Install configuration: "Release"
[22.844s] -- Execute custom install script
[22.845s] -- Up-to-date symlink: /home/zhijie/autoware/install/automatic_pose_initializer/lib/automatic_pose_initializer/automatic_pose_initializer
[22.847s] -- Up-to-date symlink: /home/zhijie/autoware/install/automatic_pose_initializer/share/automatic_pose_initializer/launch/automatic_pose_initializer.launch.xml
[22.850s] -- Up-to-date symlink: /home/zhijie/autoware/install/automatic_pose_initializer/share/ament_index/resource_index/package_run_dependencies/automatic_pose_initializer
[22.851s] -- Up-to-date symlink: /home/zhijie/autoware/install/automatic_pose_initializer/share/ament_index/resource_index/parent_prefix_path/automatic_pose_initializer
[22.851s] -- Up-to-date symlink: /home/zhijie/autoware/install/automatic_pose_initializer/share/automatic_pose_initializer/environment/ament_prefix_path.sh
[22.851s] -- Up-to-date symlink: /home/zhijie/autoware/install/automatic_pose_initializer/share/automatic_pose_initializer/environment/ament_prefix_path.dsv
[22.851s] -- Up-to-date symlink: /home/zhijie/autoware/install/automatic_pose_initializer/share/automatic_pose_initializer/environment/path.sh
[22.851s] -- Up-to-date symlink: /home/zhijie/autoware/install/automatic_pose_initializer/share/automatic_pose_initializer/environment/path.dsv
[22.851s] -- Up-to-date symlink: /home/zhijie/autoware/install/automatic_pose_initializer/share/automatic_pose_initializer/local_setup.bash
[22.852s] -- Up-to-date symlink: /home/zhijie/autoware/install/automatic_pose_initializer/share/automatic_pose_initializer/local_setup.sh
[22.852s] -- Up-to-date symlink: /home/zhijie/autoware/install/automatic_pose_initializer/share/automatic_pose_initializer/local_setup.zsh
[22.852s] -- Up-to-date symlink: /home/zhijie/autoware/install/automatic_pose_initializer/share/automatic_pose_initializer/local_setup.dsv
[22.852s] -- Symlinking: /home/zhijie/autoware/install/automatic_pose_initializer/share/automatic_pose_initializer/package.dsv
[22.852s] -- Up-to-date symlink: /home/zhijie/autoware/install/automatic_pose_initializer/share/ament_index/resource_index/packages/automatic_pose_initializer
[22.853s] -- Up-to-date symlink: /home/zhijie/autoware/install/automatic_pose_initializer/share/automatic_pose_initializer/cmake/ament_cmake_export_dependencies-extras.cmake
[22.853s] -- Up-to-date symlink: /home/zhijie/autoware/install/automatic_pose_initializer/share/automatic_pose_initializer/cmake/automatic_pose_initializerConfig.cmake
[22.853s] -- Up-to-date symlink: /home/zhijie/autoware/install/automatic_pose_initializer/share/automatic_pose_initializer/cmake/automatic_pose_initializerConfig-version.cmake
[22.853s] -- Up-to-date symlink: /home/zhijie/autoware/install/automatic_pose_initializer/share/automatic_pose_initializer/package.xml
[22.859s] Invoked command in '/home/zhijie/autoware/build/automatic_pose_initializer' returned '0': AMENT_PREFIX_PATH=/home/zhijie/autoware/install/component_interface_utils:/home/zhijie/autoware/install/autoware_ad_api_specs:/home/zhijie/autoware/install/tier4_system_msgs:/home/zhijie/autoware/install/autoware_cmake:/home/zhijie/autoware/install/autoware_lint_common:/home/zhijie/autoware/install/autoware_common_msgs:/home/zhijie/autoware/install/autoware_adapi_v1_msgs:${AMENT_PREFIX_PATH} CMAKE_PREFIX_PATH=/home/zhijie/autoware/install/component_interface_utils:/home/zhijie/autoware/install/autoware_ad_api_specs:/home/zhijie/autoware/install/tier4_system_msgs:/home/zhijie/autoware/install/autoware_cmake:/home/zhijie/autoware/install/autoware_lint_common:/home/zhijie/autoware/install/autoware_common_msgs:/home/zhijie/autoware/install/autoware_adapi_v1_msgs:/opt/ros/humble LD_LIBRARY_PATH=/home/zhijie/autoware/install/tier4_system_msgs/lib:/home/zhijie/autoware/install/autoware_common_msgs/lib:/home/zhijie/autoware/install/autoware_adapi_v1_msgs/lib:${LD_LIBRARY_PATH} PYTHONPATH=/home/zhijie/autoware/install/tier4_system_msgs/local/lib/python3.10/dist-packages:/home/zhijie/autoware/install/autoware_common_msgs/local/lib/python3.10/dist-packages:/home/zhijie/autoware/install/autoware_adapi_v1_msgs/local/lib/python3.10/dist-packages:${PYTHONPATH} /usr/bin/cmake --install /home/zhijie/autoware/build/automatic_pose_initializer
