[0.088s] Invoking command in '/home/zhijie/autoware/build/rtc_replayer': AMENT_PREFIX_PATH=/home/zhijie/autoware/install/autoware_cmake:/home/zhijie/autoware/install/tier4_rtc_msgs:/home/zhijie/autoware/install/autoware_lint_common:${AMENT_PREFIX_PATH} CMAKE_PREFIX_PATH=/home/zhijie/autoware/install/autoware_cmake:/home/zhijie/autoware/install/tier4_rtc_msgs:/home/zhijie/autoware/install/autoware_lint_common:/opt/ros/humble LD_LIBRARY_PATH=/home/zhijie/autoware/install/tier4_rtc_msgs/lib:${LD_LIBRARY_PATH} PYTHONPATH=/home/zhijie/autoware/install/tier4_rtc_msgs/local/lib/python3.10/dist-packages:${PYTHONPATH} /usr/bin/cmake /home/zhijie/autoware/src/universe/autoware.universe/planning/rtc_replayer -DCMAKE_BUILD_TYPE=Release -DAMENT_CMAKE_SYMLINK_INSTALL=1 -DCMAKE_INSTALL_PREFIX=/home/zhijie/autoware/install/rtc_replayer
[1.943s] -- Found autoware_cmake: 0.1.0 (/home/zhijie/autoware/install/autoware_cmake/share/autoware_cmake/cmake)
[1.943s] -- Override CMake install command with custom implementation using symlinks instead of copying resources
[1.943s] -- Found rosidl_generator_c: 3.1.5 (/opt/ros/humble/share/rosidl_generator_c/cmake)
[1.943s] -- Found rosidl_adapter: 3.1.5 (/opt/ros/humble/share/rosidl_adapter/cmake)
[1.943s] -- Found rosidl_generator_cpp: 3.1.5 (/opt/ros/humble/share/rosidl_generator_cpp/cmake)
[1.944s] -- Using all available rosidl_typesupport_c: rosidl_typesupport_fastrtps_c;rosidl_typesupport_introspection_c
[1.944s] -- Using all available rosidl_typesupport_cpp: rosidl_typesupport_fastrtps_cpp;rosidl_typesupport_introspection_cpp
[1.944s] -- Found rmw_implementation_cmake: 6.1.1 (/opt/ros/humble/share/rmw_implementation_cmake/cmake)
[1.944s] -- Found rmw_cyclonedds_cpp: 1.3.4 (/opt/ros/humble/share/rmw_cyclonedds_cpp/cmake)
[1.944s] -- Using RMW implementation 'rmw_cyclonedds_cpp' as default
[1.944s] -- Found ament_lint_auto: 0.12.8 (/opt/ros/humble/share/ament_lint_auto/cmake)
[1.944s] -- Added test 'copyright' to check source files copyright and LICENSE
[1.944s] -- Added test 'cppcheck' to perform static code analysis on C / C++ code
[1.944s] -- Configured cppcheck include dirs: /home/zhijie/autoware/src/universe/autoware.universe/planning/rtc_replayer/include
[1.944s] -- Configured cppcheck exclude dirs and/or files: 
[1.945s] -- Added test 'lint_cmake' to check CMake code style
[1.945s] -- Added test 'xmllint' to check XML markup files
[1.945s] -- Configuring done
[1.945s] -- Generating done
[1.945s] -- Build files have been written to: /home/zhijie/autoware/build/rtc_replayer
[1.991s] Invoked command in '/home/zhijie/autoware/build/rtc_replayer' returned '0': AMENT_PREFIX_PATH=/home/zhijie/autoware/install/autoware_cmake:/home/zhijie/autoware/install/tier4_rtc_msgs:/home/zhijie/autoware/install/autoware_lint_common:${AMENT_PREFIX_PATH} CMAKE_PREFIX_PATH=/home/zhijie/autoware/install/autoware_cmake:/home/zhijie/autoware/install/tier4_rtc_msgs:/home/zhijie/autoware/install/autoware_lint_common:/opt/ros/humble LD_LIBRARY_PATH=/home/zhijie/autoware/install/tier4_rtc_msgs/lib:${LD_LIBRARY_PATH} PYTHONPATH=/home/zhijie/autoware/install/tier4_rtc_msgs/local/lib/python3.10/dist-packages:${PYTHONPATH} /usr/bin/cmake /home/zhijie/autoware/src/universe/autoware.universe/planning/rtc_replayer -DCMAKE_BUILD_TYPE=Release -DAMENT_CMAKE_SYMLINK_INSTALL=1 -DCMAKE_INSTALL_PREFIX=/home/zhijie/autoware/install/rtc_replayer
[1.994s] Invoking command in '/home/zhijie/autoware/build/rtc_replayer': AMENT_PREFIX_PATH=/home/zhijie/autoware/install/autoware_cmake:/home/zhijie/autoware/install/tier4_rtc_msgs:/home/zhijie/autoware/install/autoware_lint_common:${AMENT_PREFIX_PATH} CMAKE_PREFIX_PATH=/home/zhijie/autoware/install/autoware_cmake:/home/zhijie/autoware/install/tier4_rtc_msgs:/home/zhijie/autoware/install/autoware_lint_common:/opt/ros/humble LD_LIBRARY_PATH=/home/zhijie/autoware/install/tier4_rtc_msgs/lib:${LD_LIBRARY_PATH} PYTHONPATH=/home/zhijie/autoware/install/tier4_rtc_msgs/local/lib/python3.10/dist-packages:${PYTHONPATH} /usr/bin/cmake --build /home/zhijie/autoware/build/rtc_replayer -- -j16 -l16
[3.676s] [35m[1mConsolidate compiler generated dependencies of target rtc_replayer[0m
[3.676s] [ 25%] [32mBuilding CXX object CMakeFiles/rtc_replayer.dir/src/rtc_replayer_node.cpp.o[0m
[18.834s] [ 50%] [32m[1mLinking CXX shared library librtc_replayer.so[0m
[19.052s] [ 50%] Built target rtc_replayer
[19.067s] [35m[1mConsolidate compiler generated dependencies of target rtc_replayer_node[0m
[19.094s] [ 75%] [32mBuilding CXX object CMakeFiles/rtc_replayer_node.dir/rclcpp_components/node_main_rtc_replayer_node.cpp.o[0m
[24.670s] [100%] [32m[1mLinking CXX executable rtc_replayer_node[0m
[24.842s] [100%] Built target rtc_replayer_node
[24.885s] Invoked command in '/home/zhijie/autoware/build/rtc_replayer' returned '0': AMENT_PREFIX_PATH=/home/zhijie/autoware/install/autoware_cmake:/home/zhijie/autoware/install/tier4_rtc_msgs:/home/zhijie/autoware/install/autoware_lint_common:${AMENT_PREFIX_PATH} CMAKE_PREFIX_PATH=/home/zhijie/autoware/install/autoware_cmake:/home/zhijie/autoware/install/tier4_rtc_msgs:/home/zhijie/autoware/install/autoware_lint_common:/opt/ros/humble LD_LIBRARY_PATH=/home/zhijie/autoware/install/tier4_rtc_msgs/lib:${LD_LIBRARY_PATH} PYTHONPATH=/home/zhijie/autoware/install/tier4_rtc_msgs/local/lib/python3.10/dist-packages:${PYTHONPATH} /usr/bin/cmake --build /home/zhijie/autoware/build/rtc_replayer -- -j16 -l16
[24.987s] Invoking command in '/home/zhijie/autoware/build/rtc_replayer': AMENT_PREFIX_PATH=/home/zhijie/autoware/install/autoware_cmake:/home/zhijie/autoware/install/tier4_rtc_msgs:/home/zhijie/autoware/install/autoware_lint_common:${AMENT_PREFIX_PATH} CMAKE_PREFIX_PATH=/home/zhijie/autoware/install/autoware_cmake:/home/zhijie/autoware/install/tier4_rtc_msgs:/home/zhijie/autoware/install/autoware_lint_common:/opt/ros/humble LD_LIBRARY_PATH=/home/zhijie/autoware/install/tier4_rtc_msgs/lib:${LD_LIBRARY_PATH} PYTHONPATH=/home/zhijie/autoware/install/tier4_rtc_msgs/local/lib/python3.10/dist-packages:${PYTHONPATH} /usr/bin/cmake --install /home/zhijie/autoware/build/rtc_replayer
[26.410s] -- Install configuration: "Release"
[26.410s] -- Execute custom install script
[26.410s] -- Up-to-date symlink: /home/zhijie/autoware/install/rtc_replayer/lib/rtc_replayer/rtc_replayer_node
[26.410s] -- Up-to-date symlink: /home/zhijie/autoware/install/rtc_replayer/include/rtc_replayer/rtc_replayer_node.hpp
[26.410s] -- Up-to-date symlink: /home/zhijie/autoware/install/rtc_replayer/share/rtc_replayer/environment/library_path.sh
[26.410s] -- Up-to-date symlink: /home/zhijie/autoware/install/rtc_replayer/share/rtc_replayer/environment/library_path.dsv
[26.410s] -- Up-to-date symlink: /home/zhijie/autoware/install/rtc_replayer/lib/librtc_replayer.so
[26.411s] -- Up-to-date symlink: /home/zhijie/autoware/install/rtc_replayer/share/rtc_replayer/launch/rtc_replayer.launch.xml
[26.411s] -- Up-to-date symlink: /home/zhijie/autoware/install/rtc_replayer/share/ament_index/resource_index/package_run_dependencies/rtc_replayer
[26.411s] -- Up-to-date symlink: /home/zhijie/autoware/install/rtc_replayer/share/ament_index/resource_index/parent_prefix_path/rtc_replayer
[26.411s] -- Up-to-date symlink: /home/zhijie/autoware/install/rtc_replayer/share/rtc_replayer/environment/ament_prefix_path.sh
[26.411s] -- Up-to-date symlink: /home/zhijie/autoware/install/rtc_replayer/share/rtc_replayer/environment/ament_prefix_path.dsv
[26.411s] -- Up-to-date symlink: /home/zhijie/autoware/install/rtc_replayer/share/rtc_replayer/environment/path.sh
[26.411s] -- Up-to-date symlink: /home/zhijie/autoware/install/rtc_replayer/share/rtc_replayer/environment/path.dsv
[26.411s] -- Up-to-date symlink: /home/zhijie/autoware/install/rtc_replayer/share/rtc_replayer/local_setup.bash
[26.411s] -- Up-to-date symlink: /home/zhijie/autoware/install/rtc_replayer/share/rtc_replayer/local_setup.sh
[26.411s] -- Up-to-date symlink: /home/zhijie/autoware/install/rtc_replayer/share/rtc_replayer/local_setup.zsh
[26.411s] -- Up-to-date symlink: /home/zhijie/autoware/install/rtc_replayer/share/rtc_replayer/local_setup.dsv
[26.412s] -- Symlinking: /home/zhijie/autoware/install/rtc_replayer/share/rtc_replayer/package.dsv
[26.412s] -- Up-to-date symlink: /home/zhijie/autoware/install/rtc_replayer/share/ament_index/resource_index/packages/rtc_replayer
[26.412s] -- Up-to-date symlink: /home/zhijie/autoware/install/rtc_replayer/share/ament_index/resource_index/rclcpp_components/rtc_replayer
[26.412s] -- Up-to-date symlink: /home/zhijie/autoware/install/rtc_replayer/share/rtc_replayer/cmake/ament_cmake_export_dependencies-extras.cmake
[26.412s] -- Up-to-date symlink: /home/zhijie/autoware/install/rtc_replayer/share/rtc_replayer/cmake/ament_cmake_export_include_directories-extras.cmake
[26.412s] -- Up-to-date symlink: /home/zhijie/autoware/install/rtc_replayer/share/rtc_replayer/cmake/ament_cmake_export_libraries-extras.cmake
[26.412s] -- Up-to-date symlink: /home/zhijie/autoware/install/rtc_replayer/share/rtc_replayer/cmake/rtc_replayerConfig.cmake
[26.412s] -- Up-to-date symlink: /home/zhijie/autoware/install/rtc_replayer/share/rtc_replayer/cmake/rtc_replayerConfig-version.cmake
[26.412s] -- Up-to-date symlink: /home/zhijie/autoware/install/rtc_replayer/share/rtc_replayer/package.xml
[26.502s] Invoked command in '/home/zhijie/autoware/build/rtc_replayer' returned '0': AMENT_PREFIX_PATH=/home/zhijie/autoware/install/autoware_cmake:/home/zhijie/autoware/install/tier4_rtc_msgs:/home/zhijie/autoware/install/autoware_lint_common:${AMENT_PREFIX_PATH} CMAKE_PREFIX_PATH=/home/zhijie/autoware/install/autoware_cmake:/home/zhijie/autoware/install/tier4_rtc_msgs:/home/zhijie/autoware/install/autoware_lint_common:/opt/ros/humble LD_LIBRARY_PATH=/home/zhijie/autoware/install/tier4_rtc_msgs/lib:${LD_LIBRARY_PATH} PYTHONPATH=/home/zhijie/autoware/install/tier4_rtc_msgs/local/lib/python3.10/dist-packages:${PYTHONPATH} /usr/bin/cmake --install /home/zhijie/autoware/build/rtc_replayer
