[01m[K/home/zhijie/autoware/src/terasim/mcity_terasim/src/gnss_to_pose_twist.cpp:[m[K In member function ‘[01m[Kvoid gnss_to_pose_twist::GnssToPoseTwist::calc_vehicle_quaternion(float&, float&, float&, float&)[m[K’:
[01m[K/home/zhijie/autoware/src/terasim/mcity_terasim/src/gnss_to_pose_twist.cpp:66:15:[m[K [01;31m[Kerror: [m[Kvariable ‘[01m[Kglm::quat originalQuat[m[K’ has initializer but incomplete type
   66 |     glm::quat [01;31m[KoriginalQuat[m[K = glm::quat(w,x,y,z);
      |               [01;31m[K^~~~~~~~~~~~[m[K
[01m[K/home/zhijie/autoware/src/terasim/mcity_terasim/src/gnss_to_pose_twist.cpp:66:47:[m[K [01;31m[Kerror: [m[Kinvalid use of incomplete type ‘[01m[Kglm::quat[m[K’ {aka ‘[01m[Kstruct glm::qua<float, glm::packed_highp>[m[K’}
   66 |     glm::quat originalQuat = glm::quat(w,x,y,z[01;31m[K)[m[K;
      |                                               [01;31m[K^[m[K
In file included from [01m[K/usr/include/glm/fwd.hpp:3[m[K,
                 from [01m[K/usr/include/glm/glm.hpp:114[m[K,
                 from [01m[K/home/zhijie/autoware/src/terasim/mcity_terasim/src/gnss_to_pose_twist.cpp:17[m[K:
[01m[K/usr/include/glm/detail/qualifier.hpp:37:61:[m[K [01;36m[Knote: [m[Kdeclaration of ‘[01m[Kglm::quat[m[K’ {aka ‘[01m[Kstruct glm::qua<float, glm::packed_highp>[m[K’}
   37 |         template<typename T, qualifier Q = defaultp> struct [01;36m[Kqua[m[K;
      |                                                             [01;36m[K^~~[m[K
[01m[K/home/zhijie/autoware/src/terasim/mcity_terasim/src/gnss_to_pose_twist.cpp:71:15:[m[K [01;31m[Kerror: [m[Kvariable ‘[01m[Kglm::quat rotateQuat[m[K’ has initializer but incomplete type
   71 |     glm::quat [01;31m[KrotateQuat[m[K = glm::angleAxis(angleInRadians, glm::vec3(0.0f, 1.0f, 0.0f)); // Rotate around y axis
      |               [01;31m[K^~~~~~~~~~[m[K
[01m[K/home/zhijie/autoware/src/terasim/mcity_terasim/src/gnss_to_pose_twist.cpp:71:33:[m[K [01;31m[Kerror: [m[K‘[01m[KangleAxis[m[K’ is not a member of ‘[01m[Kglm[m[K’
   71 |     glm::quat rotateQuat = glm::[01;31m[KangleAxis[m[K(angleInRadians, glm::vec3(0.0f, 1.0f, 0.0f)); // Rotate around y axis
      |                                 [01;31m[K^~~~~~~~~[m[K
[01m[K/home/zhijie/autoware/src/terasim/mcity_terasim/src/gnss_to_pose_twist.cpp:72:15:[m[K [01;31m[Kerror: [m[Kvariable ‘[01m[Kglm::quat rotatedQuat[m[K’ has initializer but incomplete type
   72 |     glm::quat [01;31m[KrotatedQuat[m[K = glm::normalize(rotateQuat * originalQuat);
      |               [01;31m[K^~~~~~~~~~~[m[K
gmake[2]: *** [CMakeFiles/gnss_to_pose_twist_component.dir/build.make:76: CMakeFiles/gnss_to_pose_twist_component.dir/src/gnss_to_pose_twist.cpp.o] Error 1
gmake[1]: *** [CMakeFiles/Makefile2:494: CMakeFiles/gnss_to_pose_twist_component.dir/all] Error 2
gmake: *** [Makefile:146: all] Error 2
