-- Found autoware_cmake: 0.1.0 (/home/zhijie/autoware/install/autoware_cmake/share/autoware_cmake/cmake)
-- Override CMake install command with custom implementation using symlinks instead of copying resources
-- Found rosidl_generator_c: 3.1.5 (/opt/ros/humble/share/rosidl_generator_c/cmake)
-- Found rosidl_adapter: 3.1.5 (/opt/ros/humble/share/rosidl_adapter/cmake)
-- Found rosidl_generator_cpp: 3.1.5 (/opt/ros/humble/share/rosidl_generator_cpp/cmake)
-- Using all available rosidl_typesupport_c: rosidl_typesupport_fastrtps_c;rosidl_typesupport_introspection_c
-- Using all available rosidl_typesupport_cpp: rosidl_typesupport_fastrtps_cpp;rosidl_typesupport_introspection_cpp
-- Found rmw_implementation_cmake: 6.1.1 (/opt/ros/humble/share/rmw_implementation_cmake/cmake)
-- Found rmw_cyclonedds_cpp: 1.3.4 (/opt/ros/humble/share/rmw_cyclonedds_cpp/cmake)
-- Using RMW implementation 'rmw_cyclonedds_cpp' as default
-- Found mrt_cmake_modules: 1.0.9 (/opt/ros/humble/share/mrt_cmake_modules/cmake)
-- Found eigen3_cmake_module: 0.1.1 (/opt/ros/humble/share/eigen3_cmake_module/cmake)
-- Ensuring Eigen3 include directory is part of orocos-kdl CMake target
-- Eigen found (include: /usr/include/eigen3, version: 3.4.0)
-- OpenNI found (version: 1.5.4.0, include: /usr/include/ni, lib: /usr/lib/libOpenNI.so;libusb::libusb)
-- OpenNI2 found (version: 2.2.0.33, include: /usr/include/openni2, lib: /usr/lib/x86_64-linux-gnu/libOpenNI2.so;libusb::libusb)
-- Eigen found (include: /usr/include/eigen3, version: 3.4.0)
-- OpenNI found (version: 1.5.4.0, include: /usr/include/ni, lib: /usr/lib/libOpenNI.so;libusb::libusb)
-- OpenNI2 found (version: 2.2.0.33, include: /usr/include/openni2, lib: /usr/lib/x86_64-linux-gnu/libOpenNI2.so;libusb::libusb)
-- Found Qhull version 8.0.2
-- OpenNI found (version: 1.5.4.0, include: /usr/include/ni, lib: /usr/lib/libOpenNI.so;libusb::libusb)
-- Found ament_lint_auto: 0.12.8 (/opt/ros/humble/share/ament_lint_auto/cmake)
-- Found launch_testing_ament_cmake: 1.0.4 (/opt/ros/humble/share/launch_testing_ament_cmake/cmake)
-- Found python_cmake_module: 0.10.0 (/opt/ros/humble/share/python_cmake_module/cmake)
-- Using PYTHON_EXECUTABLE: /usr/bin/python3.10
-- Using PYTHON_INCLUDE_DIRS: /usr/include/python3.10
-- Using PYTHON_LIBRARIES: /usr/lib/x86_64-linux-gnu/libpython3.10.so
-- Found gmock sources under '/opt/ros/humble/src/gmock_vendor': C++ tests using 'Google Mock' will be built
-- Found ament_cmake_gtest: 1.3.5 (/opt/ros/humble/share/ament_cmake_gtest/cmake)
-- Found gtest sources under '/opt/ros/humble/src/gtest_vendor': C++ tests using 'Google Test' will be built
-- Found gmock sources under '/opt/ros/humble/src/gmock_vendor': C++ tests using 'Google Mock' will be built
-- Found ament_cmake_gtest: 1.3.5 (/opt/ros/humble/share/ament_cmake_gtest/cmake)
-- Found gtest sources under '/opt/ros/humble/src/gtest_vendor': C++ tests using 'Google Test' will be built
-- Found gmock sources under '/opt/ros/humble/src/gmock_vendor': C++ tests using 'Google Mock' will be built
-- Found ament_cmake_gtest: 1.3.5 (/opt/ros/humble/share/ament_cmake_gtest/cmake)
-- Found gtest sources under '/opt/ros/humble/src/gtest_vendor': C++ tests using 'Google Test' will be built
-- Found gmock sources under '/opt/ros/humble/src/gmock_vendor': C++ tests using 'Google Mock' will be built
-- Found ament_cmake_gtest: 1.3.5 (/opt/ros/humble/share/ament_cmake_gtest/cmake)
-- Found gtest sources under '/opt/ros/humble/src/gtest_vendor': C++ tests using 'Google Test' will be built
-- Found gmock sources under '/opt/ros/humble/src/gmock_vendor': C++ tests using 'Google Mock' will be built
-- Found ament_cmake_gtest: 1.3.5 (/opt/ros/humble/share/ament_cmake_gtest/cmake)
-- Found gtest sources under '/opt/ros/humble/src/gtest_vendor': C++ tests using 'Google Test' will be built
-- Found gmock sources under '/opt/ros/humble/src/gmock_vendor': C++ tests using 'Google Mock' will be built
-- Found ament_cmake_gtest: 1.3.5 (/opt/ros/humble/share/ament_cmake_gtest/cmake)
-- Found gtest sources under '/opt/ros/humble/src/gtest_vendor': C++ tests using 'Google Test' will be built
-- Added test 'copyright' to check source files copyright and LICENSE
-- Added test 'cppcheck' to perform static code analysis on C / C++ code
-- Configured cppcheck include dirs: /home/zhijie/autoware/src/universe/autoware.universe/map/map_loader/include
-- Configured cppcheck exclude dirs and/or files: 
-- Added test 'lint_cmake' to check CMake code style
-- Added test 'xmllint' to check XML markup files
-- Configuring done
-- Generating done
-- Build files have been written to: /home/zhijie/autoware/build/map_loader
[35m[1mConsolidate compiler generated dependencies of target pointcloud_map_loader_node[0m
[  2%] [32mBuilding CXX object CMakeFiles/pointcloud_map_loader_node.dir/src/pointcloud_map_loader/pointcloud_map_loader_node.cpp.o[0m
[  5%] [32mBuilding CXX object CMakeFiles/pointcloud_map_loader_node.dir/src/pointcloud_map_loader/utils.cpp.o[0m
[  8%] [32mBuilding CXX object CMakeFiles/pointcloud_map_loader_node.dir/src/pointcloud_map_loader/selected_map_loader_module.cpp.o[0m
[ 11%] [32mBuilding CXX object CMakeFiles/pointcloud_map_loader_node.dir/src/pointcloud_map_loader/differential_map_loader_module.cpp.o[0m
[ 14%] [32mBuilding CXX object CMakeFiles/pointcloud_map_loader_node.dir/src/pointcloud_map_loader/pointcloud_map_loader_module.cpp.o[0m
[ 17%] [32mBuilding CXX object CMakeFiles/pointcloud_map_loader_node.dir/src/pointcloud_map_loader/partial_map_loader_module.cpp.o[0m
[ 20%] [32m[1mLinking CXX shared library libpointcloud_map_loader_node.so[0m
[ 20%] Built target pointcloud_map_loader_node
[35m[1mConsolidate compiler generated dependencies of target gmock[0m
[ 23%] [32mBuilding CXX object gmock/CMakeFiles/gmock.dir/opt/ros/humble/src/gtest_vendor/src/gtest-all.cc.o[0m
[ 26%] [32mBuilding CXX object gmock/CMakeFiles/gmock.dir/src/gmock-all.cc.o[0m
[ 29%] [32m[1mLinking CXX static library libgmock.a[0m
[ 29%] Built target gmock
[35m[1mConsolidate compiler generated dependencies of target lanelet2_map_loader_node[0m
[ 32%] [32mBuilding CXX object CMakeFiles/lanelet2_map_loader_node.dir/src/lanelet2_map_loader/lanelet2_map_loader_node.cpp.o[0m
[ 35%] [32m[1mLinking CXX shared library liblanelet2_map_loader_node.so[0m
[ 35%] Built target lanelet2_map_loader_node
[35m[1mConsolidate compiler generated dependencies of target gmock_main[0m
[35m[1mConsolidate compiler generated dependencies of target lanelet2_map_loader[0m
[35m[1mConsolidate compiler generated dependencies of target lanelet2_map_visualization[0m
[ 38%] [32mBuilding CXX object gmock/CMakeFiles/gmock_main.dir/src/gmock_main.cc.o[0m
[ 41%] [32mBuilding CXX object CMakeFiles/lanelet2_map_visualization.dir/rclcpp_components/node_main_lanelet2_map_visualization.cpp.o[0m
[ 44%] [32mBuilding CXX object CMakeFiles/lanelet2_map_loader.dir/rclcpp_components/node_main_lanelet2_map_loader.cpp.o[0m
[ 47%] [32m[1mLinking CXX static library libgmock_main.a[0m
[ 47%] Built target gmock_main
[35m[1mConsolidate compiler generated dependencies of target lanelet2_map_visualization_node[0m
[35m[1mConsolidate compiler generated dependencies of target pointcloud_map_loader[0m
[ 50%] [32mBuilding CXX object CMakeFiles/pointcloud_map_loader.dir/rclcpp_components/node_main_pointcloud_map_loader.cpp.o[0m
[ 52%] [32mBuilding CXX object CMakeFiles/lanelet2_map_visualization_node.dir/src/lanelet2_map_loader/lanelet2_map_visualization_node.cpp.o[0m
[ 55%] [32m[1mLinking CXX executable lanelet2_map_visualization[0m
[ 55%] Built target lanelet2_map_visualization
[ 58%] [32m[1mLinking CXX executable lanelet2_map_loader[0m
[ 58%] Built target lanelet2_map_loader
[ 61%] [32m[1mLinking CXX executable pointcloud_map_loader[0m
[ 61%] Built target pointcloud_map_loader
[ 64%] [32m[1mLinking CXX shared library liblanelet2_map_visualization_node.so[0m
[ 64%] Built target lanelet2_map_visualization_node
[35m[1mConsolidate compiler generated dependencies of target test_cylinder_box_overlap[0m
[ 67%] [32mBuilding CXX object CMakeFiles/test_cylinder_box_overlap.dir/test/test_cylinder_box_overlap.cpp.o[0m
[ 70%] [32m[1mLinking CXX executable test_cylinder_box_overlap[0m
[ 70%] Built target test_cylinder_box_overlap
[35m[1mConsolidate compiler generated dependencies of target test_differential_map_loader_module[0m
[ 73%] [32mBuilding CXX object CMakeFiles/test_differential_map_loader_module.dir/test/test_differential_map_loader_module.cpp.o[0m
[ 76%] [32m[1mLinking CXX executable test_differential_map_loader_module[0m
[ 76%] Built target test_differential_map_loader_module
[35m[1mConsolidate compiler generated dependencies of target test_load_pcd_metadata[0m
[35m[1mConsolidate compiler generated dependencies of target test_partial_map_loader_module[0m
[35m[1mConsolidate compiler generated dependencies of target test_pointcloud_map_loader_module[0m
[35m[1mConsolidate compiler generated dependencies of target test_replace_with_absolute_path[0m
[ 79%] [32mBuilding CXX object CMakeFiles/test_load_pcd_metadata.dir/test/test_load_pcd_metadata.cpp.o[0m
[ 82%] [32mBuilding CXX object CMakeFiles/test_partial_map_loader_module.dir/test/test_partial_map_loader_module.cpp.o[0m
[ 85%] [32mBuilding CXX object CMakeFiles/test_replace_with_absolute_path.dir/test/test_replace_with_absolute_path.cpp.o[0m
[ 88%] [32mBuilding CXX object CMakeFiles/test_pointcloud_map_loader_module.dir/test/test_pointcloud_map_loader_module.cpp.o[0m
[ 91%] [32m[1mLinking CXX executable test_load_pcd_metadata[0m
[ 94%] [32m[1mLinking CXX executable test_replace_with_absolute_path[0m
[ 94%] Built target test_load_pcd_metadata
[ 94%] Built target test_replace_with_absolute_path
[ 97%] [32m[1mLinking CXX executable test_partial_map_loader_module[0m
[ 97%] Built target test_partial_map_loader_module
[100%] [32m[1mLinking CXX executable test_pointcloud_map_loader_module[0m
[100%] Built target test_pointcloud_map_loader_module
-- Install configuration: "Release"
-- Execute custom install script
-- Up-to-date symlink: /home/zhijie/autoware/install/map_loader/lib/map_loader/pointcloud_map_loader
-- Up-to-date symlink: /home/zhijie/autoware/install/map_loader/lib/map_loader/lanelet2_map_loader
-- Up-to-date symlink: /home/zhijie/autoware/install/map_loader/lib/map_loader/lanelet2_map_visualization
-- Up-to-date symlink: /home/zhijie/autoware/install/map_loader/share/map_loader/test/data//test_map.osm
-- Up-to-date symlink: /home/zhijie/autoware/install/map_loader/lib/map_loader/map_hash_generator
-- Up-to-date symlink: /home/zhijie/autoware/install/map_loader/include/map_loader/lanelet2_map_loader_node.hpp
-- Up-to-date symlink: /home/zhijie/autoware/install/map_loader/include/map_loader/lanelet2_map_visualization_node.hpp
-- Up-to-date symlink: /home/zhijie/autoware/install/map_loader/share/map_loader/environment/library_path.sh
-- Up-to-date symlink: /home/zhijie/autoware/install/map_loader/share/map_loader/environment/library_path.dsv
-- Up-to-date symlink: /home/zhijie/autoware/install/map_loader/lib/libpointcloud_map_loader_node.so
-- Up-to-date symlink: /home/zhijie/autoware/install/map_loader/lib/liblanelet2_map_loader_node.so
-- Up-to-date symlink: /home/zhijie/autoware/install/map_loader/lib/liblanelet2_map_visualization_node.so
-- Up-to-date symlink: /home/zhijie/autoware/install/map_loader/share/map_loader/launch/lanelet2_map_loader.launch.xml
-- Up-to-date symlink: /home/zhijie/autoware/install/map_loader/share/map_loader/launch/pointcloud_map_loader.launch.xml
-- Up-to-date symlink: /home/zhijie/autoware/install/map_loader/share/map_loader/config/lanelet2_map_loader.param.yaml
-- Up-to-date symlink: /home/zhijie/autoware/install/map_loader/share/map_loader/config/pointcloud_map_loader.param.yaml
-- Up-to-date symlink: /home/zhijie/autoware/install/map_loader/share/ament_index/resource_index/package_run_dependencies/map_loader
-- Up-to-date symlink: /home/zhijie/autoware/install/map_loader/share/ament_index/resource_index/parent_prefix_path/map_loader
-- Up-to-date symlink: /home/zhijie/autoware/install/map_loader/share/map_loader/environment/ament_prefix_path.sh
-- Up-to-date symlink: /home/zhijie/autoware/install/map_loader/share/map_loader/environment/ament_prefix_path.dsv
-- Up-to-date symlink: /home/zhijie/autoware/install/map_loader/share/map_loader/environment/path.sh
-- Up-to-date symlink: /home/zhijie/autoware/install/map_loader/share/map_loader/environment/path.dsv
-- Up-to-date symlink: /home/zhijie/autoware/install/map_loader/share/map_loader/local_setup.bash
-- Up-to-date symlink: /home/zhijie/autoware/install/map_loader/share/map_loader/local_setup.sh
-- Up-to-date symlink: /home/zhijie/autoware/install/map_loader/share/map_loader/local_setup.zsh
-- Up-to-date symlink: /home/zhijie/autoware/install/map_loader/share/map_loader/local_setup.dsv
-- Symlinking: /home/zhijie/autoware/install/map_loader/share/map_loader/package.dsv
-- Up-to-date symlink: /home/zhijie/autoware/install/map_loader/share/ament_index/resource_index/packages/map_loader
-- Up-to-date symlink: /home/zhijie/autoware/install/map_loader/share/ament_index/resource_index/rclcpp_components/map_loader
-- Up-to-date symlink: /home/zhijie/autoware/install/map_loader/share/map_loader/cmake/ament_cmake_export_dependencies-extras.cmake
-- Up-to-date symlink: /home/zhijie/autoware/install/map_loader/share/map_loader/cmake/ament_cmake_export_include_directories-extras.cmake
-- Up-to-date symlink: /home/zhijie/autoware/install/map_loader/share/map_loader/cmake/ament_cmake_export_libraries-extras.cmake
-- Up-to-date symlink: /home/zhijie/autoware/install/map_loader/share/map_loader/cmake/map_loaderConfig.cmake
-- Up-to-date symlink: /home/zhijie/autoware/install/map_loader/share/map_loader/cmake/map_loaderConfig-version.cmake
-- Up-to-date symlink: /home/zhijie/autoware/install/map_loader/share/map_loader/package.xml
