[0.133s] Invoking command in '/home/zhijie/autoware/build/localization_error_monitor': AMENT_PREFIX_PATH=/home/zhijie/autoware/install/autoware_cmake:/home/zhijie/autoware/install/autoware_lint_common:${AMENT_PREFIX_PATH} CMAKE_PREFIX_PATH=/home/zhijie/autoware/install/autoware_cmake:/home/zhijie/autoware/install/autoware_lint_common:/opt/ros/humble /usr/bin/cmake --build /home/zhijie/autoware/build/localization_error_monitor -- -j16 -l16
[0.197s] [35m[1mConsolidate compiler generated dependencies of target localization_error_monitor_module[0m
[0.211s] [ 18%] Built target localization_error_monitor_module
[0.242s] [35m[1mConsolidate compiler generated dependencies of target gtest[0m
[0.258s] [ 36%] Built target gtest
[0.296s] [35m[1mConsolidate compiler generated dependencies of target localization_error_monitor[0m
[0.321s] [ 63%] Built target localization_error_monitor
[0.352s] [35m[1mConsolidate compiler generated dependencies of target gtest_main[0m
[0.364s] [ 81%] Built target gtest_main
[0.383s] [35m[1mConsolidate compiler generated dependencies of target test_diagnostics[0m
[0.403s] [100%] Built target test_diagnostics
[0.432s] Invoked command in '/home/zhijie/autoware/build/localization_error_monitor' returned '0': AMENT_PREFIX_PATH=/home/zhijie/autoware/install/autoware_cmake:/home/zhijie/autoware/install/autoware_lint_common:${AMENT_PREFIX_PATH} CMAKE_PREFIX_PATH=/home/zhijie/autoware/install/autoware_cmake:/home/zhijie/autoware/install/autoware_lint_common:/opt/ros/humble /usr/bin/cmake --build /home/zhijie/autoware/build/localization_error_monitor -- -j16 -l16
[0.535s] Invoking command in '/home/zhijie/autoware/build/localization_error_monitor': AMENT_PREFIX_PATH=/home/zhijie/autoware/install/autoware_cmake:/home/zhijie/autoware/install/autoware_lint_common:${AMENT_PREFIX_PATH} CMAKE_PREFIX_PATH=/home/zhijie/autoware/install/autoware_cmake:/home/zhijie/autoware/install/autoware_lint_common:/opt/ros/humble /usr/bin/cmake --install /home/zhijie/autoware/build/localization_error_monitor
[0.621s] -- Install configuration: "Release"
[0.621s] -- Execute custom install script
[0.621s] -- Up-to-date symlink: /home/zhijie/autoware/install/localization_error_monitor/include/localization_error_monitor/diagnostics.hpp
[0.621s] -- Up-to-date symlink: /home/zhijie/autoware/install/localization_error_monitor/include/localization_error_monitor/node.hpp
[0.622s] -- Up-to-date symlink: /home/zhijie/autoware/install/localization_error_monitor/share/localization_error_monitor/environment/library_path.sh
[0.622s] -- Up-to-date symlink: /home/zhijie/autoware/install/localization_error_monitor/share/localization_error_monitor/environment/library_path.dsv
[0.622s] -- Up-to-date symlink: /home/zhijie/autoware/install/localization_error_monitor/lib/liblocalization_error_monitor_module.so
[0.622s] -- Up-to-date symlink: /home/zhijie/autoware/install/localization_error_monitor/lib/localization_error_monitor/localization_error_monitor
[0.622s] -- Up-to-date symlink: /home/zhijie/autoware/install/localization_error_monitor/share/localization_error_monitor/config/localization_error_monitor.param.yaml
[0.622s] -- Up-to-date symlink: /home/zhijie/autoware/install/localization_error_monitor/share/localization_error_monitor/launch/localization_error_monitor.launch.xml
[0.622s] -- Up-to-date symlink: /home/zhijie/autoware/install/localization_error_monitor/share/ament_index/resource_index/package_run_dependencies/localization_error_monitor
[0.623s] -- Up-to-date symlink: /home/zhijie/autoware/install/localization_error_monitor/share/ament_index/resource_index/parent_prefix_path/localization_error_monitor
[0.623s] -- Up-to-date symlink: /home/zhijie/autoware/install/localization_error_monitor/share/localization_error_monitor/environment/ament_prefix_path.sh
[0.624s] -- Up-to-date symlink: /home/zhijie/autoware/install/localization_error_monitor/share/localization_error_monitor/environment/ament_prefix_path.dsv
[0.624s] -- Up-to-date symlink: /home/zhijie/autoware/install/localization_error_monitor/share/localization_error_monitor/environment/path.sh
[0.624s] -- Up-to-date symlink: /home/zhijie/autoware/install/localization_error_monitor/share/localization_error_monitor/environment/path.dsv
[0.624s] -- Up-to-date symlink: /home/zhijie/autoware/install/localization_error_monitor/share/localization_error_monitor/local_setup.bash
[0.625s] -- Up-to-date symlink: /home/zhijie/autoware/install/localization_error_monitor/share/localization_error_monitor/local_setup.sh
[0.625s] -- Up-to-date symlink: /home/zhijie/autoware/install/localization_error_monitor/share/localization_error_monitor/local_setup.zsh
[0.625s] -- Up-to-date symlink: /home/zhijie/autoware/install/localization_error_monitor/share/localization_error_monitor/local_setup.dsv
[0.625s] -- Symlinking: /home/zhijie/autoware/install/localization_error_monitor/share/localization_error_monitor/package.dsv
[0.626s] -- Up-to-date symlink: /home/zhijie/autoware/install/localization_error_monitor/share/ament_index/resource_index/packages/localization_error_monitor
[0.626s] -- Up-to-date symlink: /home/zhijie/autoware/install/localization_error_monitor/share/localization_error_monitor/cmake/ament_cmake_export_dependencies-extras.cmake
[0.627s] -- Up-to-date symlink: /home/zhijie/autoware/install/localization_error_monitor/share/localization_error_monitor/cmake/ament_cmake_export_include_directories-extras.cmake
[0.627s] -- Up-to-date symlink: /home/zhijie/autoware/install/localization_error_monitor/share/localization_error_monitor/cmake/ament_cmake_export_libraries-extras.cmake
[0.627s] -- Up-to-date symlink: /home/zhijie/autoware/install/localization_error_monitor/share/localization_error_monitor/cmake/localization_error_monitorConfig.cmake
[0.627s] -- Up-to-date symlink: /home/zhijie/autoware/install/localization_error_monitor/share/localization_error_monitor/cmake/localization_error_monitorConfig-version.cmake
[0.627s] -- Up-to-date symlink: /home/zhijie/autoware/install/localization_error_monitor/share/localization_error_monitor/package.xml
[0.684s] Invoked command in '/home/zhijie/autoware/build/localization_error_monitor' returned '0': AMENT_PREFIX_PATH=/home/zhijie/autoware/install/autoware_cmake:/home/zhijie/autoware/install/autoware_lint_common:${AMENT_PREFIX_PATH} CMAKE_PREFIX_PATH=/home/zhijie/autoware/install/autoware_cmake:/home/zhijie/autoware/install/autoware_lint_common:/opt/ros/humble /usr/bin/cmake --install /home/zhijie/autoware/build/localization_error_monitor
