[0.079s] Invoking command in '/home/zhijie/autoware/build/control_performance_analysis': AMENT_PREFIX_PATH=/home/zhijie/autoware/install/motion_utils:/home/zhijie/autoware/install/global_parameter_loader:/home/zhijie/autoware/install/vehicle_info_util:/home/zhijie/autoware/install/interpolation:/home/zhijie/autoware/install/tier4_autoware_utils:/home/zhijie/autoware/install/signal_processing:/home/zhijie/autoware/install/autoware_auto_vehicle_msgs:/home/zhijie/autoware/install/autoware_cmake:/home/zhijie/autoware/install/autoware_auto_planning_msgs:/home/zhijie/autoware/install/autoware_auto_perception_msgs:/home/zhijie/autoware/install/tier4_debug_msgs:/home/zhijie/autoware/install/autoware_lint_common:/home/zhijie/autoware/install/autoware_auto_mapping_msgs:/home/zhijie/autoware/install/autoware_auto_geometry_msgs:/home/zhijie/autoware/install/autoware_auto_control_msgs:${AMENT_PREFIX_PATH} CMAKE_PREFIX_PATH=/home/zhijie/autoware/install/motion_utils:/home/zhijie/autoware/install/global_parameter_loader:/home/zhijie/autoware/install/vehicle_info_util:/home/zhijie/autoware/install/interpolation:/home/zhijie/autoware/install/tier4_autoware_utils:/home/zhijie/autoware/install/signal_processing:/home/zhijie/autoware/install/autoware_auto_vehicle_msgs:/home/zhijie/autoware/install/autoware_cmake:/home/zhijie/autoware/install/autoware_auto_planning_msgs:/home/zhijie/autoware/install/autoware_auto_perception_msgs:/home/zhijie/autoware/install/tier4_debug_msgs:/home/zhijie/autoware/install/autoware_lint_common:/home/zhijie/autoware/install/autoware_auto_mapping_msgs:/home/zhijie/autoware/install/autoware_auto_geometry_msgs:/home/zhijie/autoware/install/autoware_auto_control_msgs:/opt/ros/humble LD_LIBRARY_PATH=/home/zhijie/autoware/install/motion_utils/lib:/home/zhijie/autoware/install/vehicle_info_util/lib:/home/zhijie/autoware/install/interpolation/lib:/home/zhijie/autoware/install/tier4_autoware_utils/lib:/home/zhijie/autoware/install/signal_processing/lib:/home/zhijie/autoware/install/autoware_auto_vehicle_msgs/lib:/home/zhijie/autoware/install/autoware_auto_planning_msgs/lib:/home/zhijie/autoware/install/autoware_auto_perception_msgs/lib:/home/zhijie/autoware/install/tier4_debug_msgs/lib:/home/zhijie/autoware/install/autoware_auto_mapping_msgs/lib:/home/zhijie/autoware/install/autoware_auto_geometry_msgs/lib:/home/zhijie/autoware/install/autoware_auto_control_msgs/lib:${LD_LIBRARY_PATH} PYTHONPATH=/home/zhijie/autoware/install/autoware_auto_vehicle_msgs/local/lib/python3.10/dist-packages:/home/zhijie/autoware/install/autoware_auto_planning_msgs/local/lib/python3.10/dist-packages:/home/zhijie/autoware/install/autoware_auto_perception_msgs/local/lib/python3.10/dist-packages:/home/zhijie/autoware/install/tier4_debug_msgs/local/lib/python3.10/dist-packages:/home/zhijie/autoware/install/autoware_auto_mapping_msgs/local/lib/python3.10/dist-packages:/home/zhijie/autoware/install/autoware_auto_geometry_msgs/local/lib/python3.10/dist-packages:/home/zhijie/autoware/install/autoware_auto_control_msgs/local/lib/python3.10/dist-packages:${PYTHONPATH} /usr/bin/cmake --build /home/zhijie/autoware/build/control_performance_analysis -- -j16 -l16
[0.164s] [  1%] Built target control_performance_analysis__cpp
[0.188s] [35m[1mConsolidate compiler generated dependencies of target control_performance_analysis_exe[0m
[0.212s] [  4%] Built target control_performance_analysis_exe
[0.232s] [35m[1mConsolidate compiler generated dependencies of target control_performance_analysis__rosidl_typesupport_introspection_cpp[0m
[0.260s] [ 14%] Built target control_performance_analysis__rosidl_typesupport_introspection_cpp
[0.286s] [35m[1mConsolidate compiler generated dependencies of target control_performance_analysis__rosidl_typesupport_fastrtps_cpp[0m
[0.316s] [ 24%] Built target control_performance_analysis__rosidl_typesupport_fastrtps_cpp
[0.337s] [35m[1mConsolidate compiler generated dependencies of target control_performance_analysis__rosidl_typesupport_cpp[0m
[0.369s] [ 33%] Built target control_performance_analysis__rosidl_typesupport_cpp
[0.398s] [ 33%] Built target ament_cmake_python_symlink_control_performance_analysis
[0.423s] [35m[1mConsolidate compiler generated dependencies of target control_performance_analysis_core[0m
[0.459s] [ 38%] Built target control_performance_analysis_core
[0.947s] running egg_info
[0.948s] writing control_performance_analysis.egg-info/PKG-INFO
[0.949s] writing dependency_links to control_performance_analysis.egg-info/dependency_links.txt
[0.949s] writing top-level names to control_performance_analysis.egg-info/top_level.txt
[0.953s] reading manifest file 'control_performance_analysis.egg-info/SOURCES.txt'
[0.954s] writing manifest file 'control_performance_analysis.egg-info/SOURCES.txt'
[0.990s] [ 38%] Built target ament_cmake_python_build_control_performance_analysis_egg
[1.018s] [35m[1mConsolidate compiler generated dependencies of target control_performance_analysis_node[0m
[1.059s] [ 41%] Built target control_performance_analysis_node
[1.087s] [ 51%] Built target control_performance_analysis__rosidl_generator_c
[1.105s] [35m[1mConsolidate compiler generated dependencies of target control_performance_analysis__rosidl_typesupport_fastrtps_c[0m
[1.119s] [ 61%] Built target control_performance_analysis__rosidl_typesupport_fastrtps_c
[1.143s] [ 70%] Built target control_performance_analysis__rosidl_typesupport_c
[1.171s] [ 80%] Built target control_performance_analysis__rosidl_typesupport_introspection_c
[1.198s] [ 80%] Built target control_performance_analysis
[1.225s] [ 82%] Built target control_performance_analysis__py
[1.239s] [35m[1mConsolidate compiler generated dependencies of target control_performance_analysis__rosidl_generator_py[0m
[1.259s] [ 90%] Built target control_performance_analysis__rosidl_generator_py
[1.275s] [35m[1mConsolidate compiler generated dependencies of target control_performance_analysis__rosidl_typesupport_fastrtps_c__pyext[0m
[1.288s] [ 93%] Built target control_performance_analysis__rosidl_typesupport_fastrtps_c__pyext
[1.303s] [35m[1mConsolidate compiler generated dependencies of target control_performance_analysis__rosidl_typesupport_c__pyext[0m
[1.317s] [ 96%] Built target control_performance_analysis__rosidl_typesupport_c__pyext
[1.328s] [35m[1mConsolidate compiler generated dependencies of target control_performance_analysis__rosidl_typesupport_introspection_c__pyext[0m
[1.346s] [100%] Built target control_performance_analysis__rosidl_typesupport_introspection_c__pyext
[1.393s] Invoked command in '/home/zhijie/autoware/build/control_performance_analysis' returned '0': AMENT_PREFIX_PATH=/home/zhijie/autoware/install/motion_utils:/home/zhijie/autoware/install/global_parameter_loader:/home/zhijie/autoware/install/vehicle_info_util:/home/zhijie/autoware/install/interpolation:/home/zhijie/autoware/install/tier4_autoware_utils:/home/zhijie/autoware/install/signal_processing:/home/zhijie/autoware/install/autoware_auto_vehicle_msgs:/home/zhijie/autoware/install/autoware_cmake:/home/zhijie/autoware/install/autoware_auto_planning_msgs:/home/zhijie/autoware/install/autoware_auto_perception_msgs:/home/zhijie/autoware/install/tier4_debug_msgs:/home/zhijie/autoware/install/autoware_lint_common:/home/zhijie/autoware/install/autoware_auto_mapping_msgs:/home/zhijie/autoware/install/autoware_auto_geometry_msgs:/home/zhijie/autoware/install/autoware_auto_control_msgs:${AMENT_PREFIX_PATH} CMAKE_PREFIX_PATH=/home/zhijie/autoware/install/motion_utils:/home/zhijie/autoware/install/global_parameter_loader:/home/zhijie/autoware/install/vehicle_info_util:/home/zhijie/autoware/install/interpolation:/home/zhijie/autoware/install/tier4_autoware_utils:/home/zhijie/autoware/install/signal_processing:/home/zhijie/autoware/install/autoware_auto_vehicle_msgs:/home/zhijie/autoware/install/autoware_cmake:/home/zhijie/autoware/install/autoware_auto_planning_msgs:/home/zhijie/autoware/install/autoware_auto_perception_msgs:/home/zhijie/autoware/install/tier4_debug_msgs:/home/zhijie/autoware/install/autoware_lint_common:/home/zhijie/autoware/install/autoware_auto_mapping_msgs:/home/zhijie/autoware/install/autoware_auto_geometry_msgs:/home/zhijie/autoware/install/autoware_auto_control_msgs:/opt/ros/humble LD_LIBRARY_PATH=/home/zhijie/autoware/install/motion_utils/lib:/home/zhijie/autoware/install/vehicle_info_util/lib:/home/zhijie/autoware/install/interpolation/lib:/home/zhijie/autoware/install/tier4_autoware_utils/lib:/home/zhijie/autoware/install/signal_processing/lib:/home/zhijie/autoware/install/autoware_auto_vehicle_msgs/lib:/home/zhijie/autoware/install/autoware_auto_planning_msgs/lib:/home/zhijie/autoware/install/autoware_auto_perception_msgs/lib:/home/zhijie/autoware/install/tier4_debug_msgs/lib:/home/zhijie/autoware/install/autoware_auto_mapping_msgs/lib:/home/zhijie/autoware/install/autoware_auto_geometry_msgs/lib:/home/zhijie/autoware/install/autoware_auto_control_msgs/lib:${LD_LIBRARY_PATH} PYTHONPATH=/home/zhijie/autoware/install/autoware_auto_vehicle_msgs/local/lib/python3.10/dist-packages:/home/zhijie/autoware/install/autoware_auto_planning_msgs/local/lib/python3.10/dist-packages:/home/zhijie/autoware/install/autoware_auto_perception_msgs/local/lib/python3.10/dist-packages:/home/zhijie/autoware/install/tier4_debug_msgs/local/lib/python3.10/dist-packages:/home/zhijie/autoware/install/autoware_auto_mapping_msgs/local/lib/python3.10/dist-packages:/home/zhijie/autoware/install/autoware_auto_geometry_msgs/local/lib/python3.10/dist-packages:/home/zhijie/autoware/install/autoware_auto_control_msgs/local/lib/python3.10/dist-packages:${PYTHONPATH} /usr/bin/cmake --build /home/zhijie/autoware/build/control_performance_analysis -- -j16 -l16
[1.556s] Invoking command in '/home/zhijie/autoware/build/control_performance_analysis': AMENT_PREFIX_PATH=/home/zhijie/autoware/install/motion_utils:/home/zhijie/autoware/install/global_parameter_loader:/home/zhijie/autoware/install/vehicle_info_util:/home/zhijie/autoware/install/interpolation:/home/zhijie/autoware/install/tier4_autoware_utils:/home/zhijie/autoware/install/signal_processing:/home/zhijie/autoware/install/autoware_auto_vehicle_msgs:/home/zhijie/autoware/install/autoware_cmake:/home/zhijie/autoware/install/autoware_auto_planning_msgs:/home/zhijie/autoware/install/autoware_auto_perception_msgs:/home/zhijie/autoware/install/tier4_debug_msgs:/home/zhijie/autoware/install/autoware_lint_common:/home/zhijie/autoware/install/autoware_auto_mapping_msgs:/home/zhijie/autoware/install/autoware_auto_geometry_msgs:/home/zhijie/autoware/install/autoware_auto_control_msgs:${AMENT_PREFIX_PATH} CMAKE_PREFIX_PATH=/home/zhijie/autoware/install/motion_utils:/home/zhijie/autoware/install/global_parameter_loader:/home/zhijie/autoware/install/vehicle_info_util:/home/zhijie/autoware/install/interpolation:/home/zhijie/autoware/install/tier4_autoware_utils:/home/zhijie/autoware/install/signal_processing:/home/zhijie/autoware/install/autoware_auto_vehicle_msgs:/home/zhijie/autoware/install/autoware_cmake:/home/zhijie/autoware/install/autoware_auto_planning_msgs:/home/zhijie/autoware/install/autoware_auto_perception_msgs:/home/zhijie/autoware/install/tier4_debug_msgs:/home/zhijie/autoware/install/autoware_lint_common:/home/zhijie/autoware/install/autoware_auto_mapping_msgs:/home/zhijie/autoware/install/autoware_auto_geometry_msgs:/home/zhijie/autoware/install/autoware_auto_control_msgs:/opt/ros/humble LD_LIBRARY_PATH=/home/zhijie/autoware/install/motion_utils/lib:/home/zhijie/autoware/install/vehicle_info_util/lib:/home/zhijie/autoware/install/interpolation/lib:/home/zhijie/autoware/install/tier4_autoware_utils/lib:/home/zhijie/autoware/install/signal_processing/lib:/home/zhijie/autoware/install/autoware_auto_vehicle_msgs/lib:/home/zhijie/autoware/install/autoware_auto_planning_msgs/lib:/home/zhijie/autoware/install/autoware_auto_perception_msgs/lib:/home/zhijie/autoware/install/tier4_debug_msgs/lib:/home/zhijie/autoware/install/autoware_auto_mapping_msgs/lib:/home/zhijie/autoware/install/autoware_auto_geometry_msgs/lib:/home/zhijie/autoware/install/autoware_auto_control_msgs/lib:${LD_LIBRARY_PATH} PYTHONPATH=/home/zhijie/autoware/install/autoware_auto_vehicle_msgs/local/lib/python3.10/dist-packages:/home/zhijie/autoware/install/autoware_auto_planning_msgs/local/lib/python3.10/dist-packages:/home/zhijie/autoware/install/autoware_auto_perception_msgs/local/lib/python3.10/dist-packages:/home/zhijie/autoware/install/tier4_debug_msgs/local/lib/python3.10/dist-packages:/home/zhijie/autoware/install/autoware_auto_mapping_msgs/local/lib/python3.10/dist-packages:/home/zhijie/autoware/install/autoware_auto_geometry_msgs/local/lib/python3.10/dist-packages:/home/zhijie/autoware/install/autoware_auto_control_msgs/local/lib/python3.10/dist-packages:${PYTHONPATH} /usr/bin/cmake --install /home/zhijie/autoware/build/control_performance_analysis
[1.654s] -- Install configuration: "Release"
[1.655s] -- Execute custom install script
[1.655s] -- Up-to-date symlink: /home/zhijie/autoware/install/control_performance_analysis/share/ament_index/resource_index/rosidl_interfaces/control_performance_analysis
[1.656s] -- Up-to-date symlink: /home/zhijie/autoware/install/control_performance_analysis/include/control_performance_analysis/control_performance_analysis/msg/detail/driving_monitor_stamped__functions.h
[1.656s] -- Up-to-date symlink: /home/zhijie/autoware/install/control_performance_analysis/include/control_performance_analysis/control_performance_analysis/msg/detail/driving_monitor_stamped__struct.h
[1.656s] -- Up-to-date symlink: /home/zhijie/autoware/install/control_performance_analysis/include/control_performance_analysis/control_performance_analysis/msg/detail/driving_monitor_stamped__type_support.h
[1.656s] -- Up-to-date symlink: /home/zhijie/autoware/install/control_performance_analysis/include/control_performance_analysis/control_performance_analysis/msg/detail/error__functions.h
[1.656s] -- Up-to-date symlink: /home/zhijie/autoware/install/control_performance_analysis/include/control_performance_analysis/control_performance_analysis/msg/detail/error__struct.h
[1.656s] -- Up-to-date symlink: /home/zhijie/autoware/install/control_performance_analysis/include/control_performance_analysis/control_performance_analysis/msg/detail/error__type_support.h
[1.656s] -- Up-to-date symlink: /home/zhijie/autoware/install/control_performance_analysis/include/control_performance_analysis/control_performance_analysis/msg/detail/error_stamped__functions.h
[1.656s] -- Up-to-date symlink: /home/zhijie/autoware/install/control_performance_analysis/include/control_performance_analysis/control_performance_analysis/msg/detail/error_stamped__struct.h
[1.656s] -- Up-to-date symlink: /home/zhijie/autoware/install/control_performance_analysis/include/control_performance_analysis/control_performance_analysis/msg/detail/error_stamped__type_support.h
[1.656s] -- Up-to-date symlink: /home/zhijie/autoware/install/control_performance_analysis/include/control_performance_analysis/control_performance_analysis/msg/detail/float_stamped__functions.h
[1.657s] -- Up-to-date symlink: /home/zhijie/autoware/install/control_performance_analysis/include/control_performance_analysis/control_performance_analysis/msg/detail/float_stamped__struct.h
[1.657s] -- Up-to-date symlink: /home/zhijie/autoware/install/control_performance_analysis/include/control_performance_analysis/control_performance_analysis/msg/detail/float_stamped__type_support.h
[1.657s] -- Up-to-date symlink: /home/zhijie/autoware/install/control_performance_analysis/include/control_performance_analysis/control_performance_analysis/msg/driving_monitor_stamped.h
[1.657s] -- Up-to-date symlink: /home/zhijie/autoware/install/control_performance_analysis/include/control_performance_analysis/control_performance_analysis/msg/error.h
[1.657s] -- Up-to-date symlink: /home/zhijie/autoware/install/control_performance_analysis/include/control_performance_analysis/control_performance_analysis/msg/error_stamped.h
[1.657s] -- Up-to-date symlink: /home/zhijie/autoware/install/control_performance_analysis/include/control_performance_analysis/control_performance_analysis/msg/float_stamped.h
[1.657s] -- Up-to-date symlink: /home/zhijie/autoware/install/control_performance_analysis/include/control_performance_analysis/control_performance_analysis/msg/rosidl_generator_c__visibility_control.h
[1.658s] -- Up-to-date symlink: /home/zhijie/autoware/install/control_performance_analysis/share/control_performance_analysis/environment/library_path.sh
[1.658s] -- Up-to-date symlink: /home/zhijie/autoware/install/control_performance_analysis/share/control_performance_analysis/environment/library_path.dsv
[1.658s] -- Up-to-date symlink: /home/zhijie/autoware/install/control_performance_analysis/include/control_performance_analysis/control_performance_analysis/msg/detail/driving_monitor_stamped__rosidl_typesupport_fastrtps_c.h
[1.658s] -- Up-to-date symlink: /home/zhijie/autoware/install/control_performance_analysis/include/control_performance_analysis/control_performance_analysis/msg/detail/error__rosidl_typesupport_fastrtps_c.h
[1.658s] -- Up-to-date symlink: /home/zhijie/autoware/install/control_performance_analysis/include/control_performance_analysis/control_performance_analysis/msg/detail/error_stamped__rosidl_typesupport_fastrtps_c.h
[1.658s] -- Up-to-date symlink: /home/zhijie/autoware/install/control_performance_analysis/include/control_performance_analysis/control_performance_analysis/msg/detail/float_stamped__rosidl_typesupport_fastrtps_c.h
[1.658s] -- Up-to-date symlink: /home/zhijie/autoware/install/control_performance_analysis/include/control_performance_analysis/control_performance_analysis/msg/rosidl_typesupport_fastrtps_c__visibility_control.h
[1.658s] -- Up-to-date symlink: /home/zhijie/autoware/install/control_performance_analysis/include/control_performance_analysis/control_performance_analysis/msg/detail/driving_monitor_stamped__builder.hpp
[1.658s] -- Up-to-date symlink: /home/zhijie/autoware/install/control_performance_analysis/include/control_performance_analysis/control_performance_analysis/msg/detail/driving_monitor_stamped__struct.hpp
[1.658s] -- Up-to-date symlink: /home/zhijie/autoware/install/control_performance_analysis/include/control_performance_analysis/control_performance_analysis/msg/detail/driving_monitor_stamped__traits.hpp
[1.659s] -- Up-to-date symlink: /home/zhijie/autoware/install/control_performance_analysis/include/control_performance_analysis/control_performance_analysis/msg/detail/error__builder.hpp
[1.659s] -- Up-to-date symlink: /home/zhijie/autoware/install/control_performance_analysis/include/control_performance_analysis/control_performance_analysis/msg/detail/error__struct.hpp
[1.659s] -- Up-to-date symlink: /home/zhijie/autoware/install/control_performance_analysis/include/control_performance_analysis/control_performance_analysis/msg/detail/error__traits.hpp
[1.659s] -- Up-to-date symlink: /home/zhijie/autoware/install/control_performance_analysis/include/control_performance_analysis/control_performance_analysis/msg/detail/error_stamped__builder.hpp
[1.659s] -- Up-to-date symlink: /home/zhijie/autoware/install/control_performance_analysis/include/control_performance_analysis/control_performance_analysis/msg/detail/error_stamped__struct.hpp
[1.659s] -- Up-to-date symlink: /home/zhijie/autoware/install/control_performance_analysis/include/control_performance_analysis/control_performance_analysis/msg/detail/error_stamped__traits.hpp
[1.659s] -- Up-to-date symlink: /home/zhijie/autoware/install/control_performance_analysis/include/control_performance_analysis/control_performance_analysis/msg/detail/float_stamped__builder.hpp
[1.659s] -- Up-to-date symlink: /home/zhijie/autoware/install/control_performance_analysis/include/control_performance_analysis/control_performance_analysis/msg/detail/float_stamped__struct.hpp
[1.659s] -- Up-to-date symlink: /home/zhijie/autoware/install/control_performance_analysis/include/control_performance_analysis/control_performance_analysis/msg/detail/float_stamped__traits.hpp
[1.660s] -- Up-to-date symlink: /home/zhijie/autoware/install/control_performance_analysis/include/control_performance_analysis/control_performance_analysis/msg/driving_monitor_stamped.hpp
[1.660s] -- Up-to-date symlink: /home/zhijie/autoware/install/control_performance_analysis/include/control_performance_analysis/control_performance_analysis/msg/error.hpp
[1.660s] -- Up-to-date symlink: /home/zhijie/autoware/install/control_performance_analysis/include/control_performance_analysis/control_performance_analysis/msg/error_stamped.hpp
[1.660s] -- Up-to-date symlink: /home/zhijie/autoware/install/control_performance_analysis/include/control_performance_analysis/control_performance_analysis/msg/float_stamped.hpp
[1.660s] -- Up-to-date symlink: /home/zhijie/autoware/install/control_performance_analysis/include/control_performance_analysis/control_performance_analysis/msg/detail/driving_monitor_stamped__rosidl_typesupport_fastrtps_cpp.hpp
[1.660s] -- Up-to-date symlink: /home/zhijie/autoware/install/control_performance_analysis/include/control_performance_analysis/control_performance_analysis/msg/detail/error__rosidl_typesupport_fastrtps_cpp.hpp
[1.660s] -- Up-to-date symlink: /home/zhijie/autoware/install/control_performance_analysis/include/control_performance_analysis/control_performance_analysis/msg/detail/error_stamped__rosidl_typesupport_fastrtps_cpp.hpp
[1.660s] -- Up-to-date symlink: /home/zhijie/autoware/install/control_performance_analysis/include/control_performance_analysis/control_performance_analysis/msg/detail/float_stamped__rosidl_typesupport_fastrtps_cpp.hpp
[1.660s] -- Up-to-date symlink: /home/zhijie/autoware/install/control_performance_analysis/include/control_performance_analysis/control_performance_analysis/msg/rosidl_typesupport_fastrtps_cpp__visibility_control.h
[1.660s] -- Up-to-date symlink: /home/zhijie/autoware/install/control_performance_analysis/include/control_performance_analysis/control_performance_analysis/msg/detail/driving_monitor_stamped__rosidl_typesupport_introspection_c.h
[1.660s] -- Up-to-date symlink: /home/zhijie/autoware/install/control_performance_analysis/include/control_performance_analysis/control_performance_analysis/msg/detail/error__rosidl_typesupport_introspection_c.h
[1.661s] -- Up-to-date symlink: /home/zhijie/autoware/install/control_performance_analysis/include/control_performance_analysis/control_performance_analysis/msg/detail/error_stamped__rosidl_typesupport_introspection_c.h
[1.661s] -- Up-to-date symlink: /home/zhijie/autoware/install/control_performance_analysis/include/control_performance_analysis/control_performance_analysis/msg/detail/float_stamped__rosidl_typesupport_introspection_c.h
[1.661s] -- Up-to-date symlink: /home/zhijie/autoware/install/control_performance_analysis/include/control_performance_analysis/control_performance_analysis/msg/rosidl_typesupport_introspection_c__visibility_control.h
[1.662s] -- Up-to-date symlink: /home/zhijie/autoware/install/control_performance_analysis/include/control_performance_analysis/control_performance_analysis/msg/detail/driving_monitor_stamped__rosidl_typesupport_introspection_cpp.hpp
[1.662s] -- Up-to-date symlink: /home/zhijie/autoware/install/control_performance_analysis/include/control_performance_analysis/control_performance_analysis/msg/detail/error__rosidl_typesupport_introspection_cpp.hpp
[1.662s] -- Up-to-date symlink: /home/zhijie/autoware/install/control_performance_analysis/include/control_performance_analysis/control_performance_analysis/msg/detail/error_stamped__rosidl_typesupport_introspection_cpp.hpp
[1.662s] -- Up-to-date symlink: /home/zhijie/autoware/install/control_performance_analysis/include/control_performance_analysis/control_performance_analysis/msg/detail/float_stamped__rosidl_typesupport_introspection_cpp.hpp
[1.662s] -- Up-to-date symlink: /home/zhijie/autoware/install/control_performance_analysis/share/control_performance_analysis/environment/pythonpath.sh
[1.662s] -- Up-to-date symlink: /home/zhijie/autoware/install/control_performance_analysis/share/control_performance_analysis/environment/pythonpath.dsv
[1.662s] -- Up-to-date symlink: /home/zhijie/autoware/install/control_performance_analysis/local/lib/python3.10/dist-packages/control_performance_analysis-0.1.0-py3.10.egg-info/PKG-INFO
[1.662s] -- Up-to-date symlink: /home/zhijie/autoware/install/control_performance_analysis/local/lib/python3.10/dist-packages/control_performance_analysis-0.1.0-py3.10.egg-info/SOURCES.txt
[1.662s] -- Up-to-date symlink: /home/zhijie/autoware/install/control_performance_analysis/local/lib/python3.10/dist-packages/control_performance_analysis-0.1.0-py3.10.egg-info/dependency_links.txt
[1.663s] -- Up-to-date symlink: /home/zhijie/autoware/install/control_performance_analysis/local/lib/python3.10/dist-packages/control_performance_analysis-0.1.0-py3.10.egg-info/top_level.txt
[1.663s] -- Up-to-date symlink: /home/zhijie/autoware/install/control_performance_analysis/local/lib/python3.10/dist-packages/control_performance_analysis/__init__.py
[1.663s] -- Up-to-date symlink: /home/zhijie/autoware/install/control_performance_analysis/local/lib/python3.10/dist-packages/control_performance_analysis/_control_performance_analysis_s.ep.rosidl_typesupport_c.c
[1.663s] -- Up-to-date symlink: /home/zhijie/autoware/install/control_performance_analysis/local/lib/python3.10/dist-packages/control_performance_analysis/_control_performance_analysis_s.ep.rosidl_typesupport_fastrtps_c.c
[1.663s] -- Up-to-date symlink: /home/zhijie/autoware/install/control_performance_analysis/local/lib/python3.10/dist-packages/control_performance_analysis/_control_performance_analysis_s.ep.rosidl_typesupport_introspection_c.c
[1.663s] -- Up-to-date symlink: /home/zhijie/autoware/install/control_performance_analysis/local/lib/python3.10/dist-packages/control_performance_analysis/control_performance_analysis_s__rosidl_typesupport_c.cpython-310-x86_64-linux-gnu.so
[1.663s] -- Up-to-date symlink: /home/zhijie/autoware/install/control_performance_analysis/local/lib/python3.10/dist-packages/control_performance_analysis/control_performance_analysis_s__rosidl_typesupport_fastrtps_c.cpython-310-x86_64-linux-gnu.so
[1.663s] -- Up-to-date symlink: /home/zhijie/autoware/install/control_performance_analysis/local/lib/python3.10/dist-packages/control_performance_analysis/control_performance_analysis_s__rosidl_typesupport_introspection_c.cpython-310-x86_64-linux-gnu.so
[1.663s] -- Up-to-date symlink: /home/zhijie/autoware/install/control_performance_analysis/local/lib/python3.10/dist-packages/control_performance_analysis/libcontrol_performance_analysis__rosidl_generator_py.so
[1.664s] -- Up-to-date symlink: /home/zhijie/autoware/install/control_performance_analysis/local/lib/python3.10/dist-packages/control_performance_analysis/msg/__init__.py
[1.664s] -- Up-to-date symlink: /home/zhijie/autoware/install/control_performance_analysis/local/lib/python3.10/dist-packages/control_performance_analysis/msg/_driving_monitor_stamped.py
[1.664s] -- Up-to-date symlink: /home/zhijie/autoware/install/control_performance_analysis/local/lib/python3.10/dist-packages/control_performance_analysis/msg/_driving_monitor_stamped_s.c
[1.664s] -- Up-to-date symlink: /home/zhijie/autoware/install/control_performance_analysis/local/lib/python3.10/dist-packages/control_performance_analysis/msg/_error.py
[1.664s] -- Up-to-date symlink: /home/zhijie/autoware/install/control_performance_analysis/local/lib/python3.10/dist-packages/control_performance_analysis/msg/_error_s.c
[1.664s] -- Up-to-date symlink: /home/zhijie/autoware/install/control_performance_analysis/local/lib/python3.10/dist-packages/control_performance_analysis/msg/_error_stamped.py
[1.664s] -- Up-to-date symlink: /home/zhijie/autoware/install/control_performance_analysis/local/lib/python3.10/dist-packages/control_performance_analysis/msg/_error_stamped_s.c
[1.664s] -- Up-to-date symlink: /home/zhijie/autoware/install/control_performance_analysis/local/lib/python3.10/dist-packages/control_performance_analysis/msg/_float_stamped.py
[1.665s] -- Up-to-date symlink: /home/zhijie/autoware/install/control_performance_analysis/local/lib/python3.10/dist-packages/control_performance_analysis/msg/_float_stamped_s.c
[1.665s] -- Up-to-date symlink: /home/zhijie/autoware/install/control_performance_analysis/local/lib/python3.10/dist-packages/control_performance_analysis/control_performance_analysis_s__rosidl_typesupport_fastrtps_c.cpython-310-x86_64-linux-gnu.so
[1.665s] -- Up-to-date symlink: /home/zhijie/autoware/install/control_performance_analysis/local/lib/python3.10/dist-packages/control_performance_analysis/control_performance_analysis_s__rosidl_typesupport_introspection_c.cpython-310-x86_64-linux-gnu.so
[1.665s] -- Up-to-date symlink: /home/zhijie/autoware/install/control_performance_analysis/local/lib/python3.10/dist-packages/control_performance_analysis/control_performance_analysis_s__rosidl_typesupport_c.cpython-310-x86_64-linux-gnu.so
[1.665s] -- Up-to-date symlink: /home/zhijie/autoware/install/control_performance_analysis/share/control_performance_analysis/msg/Error.idl
[1.665s] -- Up-to-date symlink: /home/zhijie/autoware/install/control_performance_analysis/share/control_performance_analysis/msg/ErrorStamped.idl
[1.665s] -- Up-to-date symlink: /home/zhijie/autoware/install/control_performance_analysis/share/control_performance_analysis/msg/DrivingMonitorStamped.idl
[1.666s] -- Up-to-date symlink: /home/zhijie/autoware/install/control_performance_analysis/share/control_performance_analysis/msg/FloatStamped.idl
[1.666s] -- Up-to-date symlink: /home/zhijie/autoware/install/control_performance_analysis/share/control_performance_analysis/msg/Error.msg
[1.666s] -- Up-to-date symlink: /home/zhijie/autoware/install/control_performance_analysis/share/control_performance_analysis/msg/ErrorStamped.msg
[1.666s] -- Up-to-date symlink: /home/zhijie/autoware/install/control_performance_analysis/share/control_performance_analysis/msg/DrivingMonitorStamped.msg
[1.666s] -- Up-to-date symlink: /home/zhijie/autoware/install/control_performance_analysis/share/control_performance_analysis/msg/FloatStamped.msg
[1.666s] -- Up-to-date symlink: /home/zhijie/autoware/install/control_performance_analysis/lib/control_performance_analysis/control_performance_analysis_exe
[1.666s] -- Up-to-date symlink: /home/zhijie/autoware/install/control_performance_analysis/include/control_performance_analysis/control_performance_analysis_core.hpp
[1.667s] -- Up-to-date symlink: /home/zhijie/autoware/install/control_performance_analysis/include/control_performance_analysis/control_performance_analysis_node.hpp
[1.667s] -- Up-to-date symlink: /home/zhijie/autoware/install/control_performance_analysis/include/control_performance_analysis/control_performance_analysis_utils.hpp
[1.667s] -- Up-to-date symlink: /home/zhijie/autoware/install/control_performance_analysis/lib/libcontrol_performance_analysis_core.so
[1.667s] -- Up-to-date symlink: /home/zhijie/autoware/install/control_performance_analysis/lib/libcontrol_performance_analysis_node.so
[1.667s] -- Up-to-date symlink: /home/zhijie/autoware/install/control_performance_analysis/share/control_performance_analysis/launch/control_performance_analysis.launch.xml
[1.667s] -- Up-to-date symlink: /home/zhijie/autoware/install/control_performance_analysis/share/control_performance_analysis/config/control_performance_analysis.param.yaml
[1.668s] -- Up-to-date symlink: /home/zhijie/autoware/install/control_performance_analysis/share/control_performance_analysis/config/controller_monitor.xml
[1.670s] -- Up-to-date symlink: /home/zhijie/autoware/install/control_performance_analysis/share/control_performance_analysis/config/error_rqt_multiplot.xml
[1.670s] -- Up-to-date symlink: /home/zhijie/autoware/install/control_performance_analysis/share/ament_index/resource_index/package_run_dependencies/control_performance_analysis
[1.671s] -- Up-to-date symlink: /home/zhijie/autoware/install/control_performance_analysis/share/ament_index/resource_index/parent_prefix_path/control_performance_analysis
[1.671s] -- Up-to-date symlink: /home/zhijie/autoware/install/control_performance_analysis/share/control_performance_analysis/environment/ament_prefix_path.sh
[1.671s] -- Up-to-date symlink: /home/zhijie/autoware/install/control_performance_analysis/share/control_performance_analysis/environment/ament_prefix_path.dsv
[1.671s] -- Up-to-date symlink: /home/zhijie/autoware/install/control_performance_analysis/share/control_performance_analysis/environment/path.sh
[1.671s] -- Up-to-date symlink: /home/zhijie/autoware/install/control_performance_analysis/share/control_performance_analysis/environment/path.dsv
[1.671s] -- Up-to-date symlink: /home/zhijie/autoware/install/control_performance_analysis/share/control_performance_analysis/local_setup.bash
[1.671s] -- Up-to-date symlink: /home/zhijie/autoware/install/control_performance_analysis/share/control_performance_analysis/local_setup.sh
[1.672s] -- Up-to-date symlink: /home/zhijie/autoware/install/control_performance_analysis/share/control_performance_analysis/local_setup.zsh
[1.672s] -- Up-to-date symlink: /home/zhijie/autoware/install/control_performance_analysis/share/control_performance_analysis/local_setup.dsv
[1.672s] -- Symlinking: /home/zhijie/autoware/install/control_performance_analysis/share/control_performance_analysis/package.dsv
[1.673s] -- Up-to-date symlink: /home/zhijie/autoware/install/control_performance_analysis/share/ament_index/resource_index/packages/control_performance_analysis
[1.673s] -- Up-to-date symlink: /home/zhijie/autoware/install/control_performance_analysis/share/ament_index/resource_index/rclcpp_components/control_performance_analysis
[1.673s] -- Up-to-date symlink: /home/zhijie/autoware/install/control_performance_analysis/share/control_performance_analysis/cmake/rosidl_cmake-extras.cmake
[1.673s] -- Up-to-date symlink: /home/zhijie/autoware/install/control_performance_analysis/share/control_performance_analysis/cmake/ament_cmake_export_dependencies-extras.cmake
[1.673s] -- Up-to-date symlink: /home/zhijie/autoware/install/control_performance_analysis/share/control_performance_analysis/cmake/ament_cmake_export_include_directories-extras.cmake
[1.676s] -- Up-to-date symlink: /home/zhijie/autoware/install/control_performance_analysis/share/control_performance_analysis/cmake/ament_cmake_export_libraries-extras.cmake
[1.677s] -- Up-to-date symlink: /home/zhijie/autoware/install/control_performance_analysis/share/control_performance_analysis/cmake/ament_cmake_export_targets-extras.cmake
[1.677s] -- Up-to-date symlink: /home/zhijie/autoware/install/control_performance_analysis/share/control_performance_analysis/cmake/rosidl_cmake_export_typesupport_targets-extras.cmake
[1.677s] -- Up-to-date symlink: /home/zhijie/autoware/install/control_performance_analysis/share/control_performance_analysis/cmake/rosidl_cmake_export_typesupport_libraries-extras.cmake
[1.677s] -- Up-to-date symlink: /home/zhijie/autoware/install/control_performance_analysis/share/control_performance_analysis/cmake/control_performance_analysisConfig.cmake
[1.677s] -- Up-to-date symlink: /home/zhijie/autoware/install/control_performance_analysis/share/control_performance_analysis/cmake/control_performance_analysisConfig-version.cmake
[1.678s] -- Up-to-date symlink: /home/zhijie/autoware/install/control_performance_analysis/share/control_performance_analysis/package.xml
[1.681s] -- Up-to-date: /home/zhijie/autoware/install/control_performance_analysis/lib/libcontrol_performance_analysis__rosidl_generator_c.so
[1.682s] -- Up-to-date: /home/zhijie/autoware/install/control_performance_analysis/lib/libcontrol_performance_analysis__rosidl_typesupport_fastrtps_c.so
[1.682s] -- Up-to-date: /home/zhijie/autoware/install/control_performance_analysis/lib/libcontrol_performance_analysis__rosidl_typesupport_fastrtps_cpp.so
[1.682s] -- Up-to-date: /home/zhijie/autoware/install/control_performance_analysis/lib/libcontrol_performance_analysis__rosidl_typesupport_introspection_c.so
[1.682s] -- Up-to-date: /home/zhijie/autoware/install/control_performance_analysis/lib/libcontrol_performance_analysis__rosidl_typesupport_c.so
[1.682s] -- Up-to-date: /home/zhijie/autoware/install/control_performance_analysis/lib/libcontrol_performance_analysis__rosidl_typesupport_introspection_cpp.so
[1.682s] -- Up-to-date: /home/zhijie/autoware/install/control_performance_analysis/lib/libcontrol_performance_analysis__rosidl_typesupport_cpp.so
[1.722s] Listing '/home/zhijie/autoware/install/control_performance_analysis/local/lib/python3.10/dist-packages/control_performance_analysis'...
[1.722s] Listing '/home/zhijie/autoware/install/control_performance_analysis/local/lib/python3.10/dist-packages/control_performance_analysis/msg'...
[1.733s] -- Up-to-date: /home/zhijie/autoware/install/control_performance_analysis/lib/libcontrol_performance_analysis__rosidl_generator_py.so
[1.733s] -- Up-to-date: /home/zhijie/autoware/install/control_performance_analysis/share/control_performance_analysis/cmake/export_control_performance_analysis__rosidl_generator_cExport.cmake
[1.733s] -- Up-to-date: /home/zhijie/autoware/install/control_performance_analysis/share/control_performance_analysis/cmake/export_control_performance_analysis__rosidl_generator_cExport-release.cmake
[1.733s] -- Up-to-date: /home/zhijie/autoware/install/control_performance_analysis/share/control_performance_analysis/cmake/export_control_performance_analysis__rosidl_typesupport_fastrtps_cExport.cmake
[1.733s] -- Up-to-date: /home/zhijie/autoware/install/control_performance_analysis/share/control_performance_analysis/cmake/export_control_performance_analysis__rosidl_typesupport_fastrtps_cExport-release.cmake
[1.733s] -- Up-to-date: /home/zhijie/autoware/install/control_performance_analysis/share/control_performance_analysis/cmake/export_control_performance_analysis__rosidl_generator_cppExport.cmake
[1.733s] -- Up-to-date: /home/zhijie/autoware/install/control_performance_analysis/share/control_performance_analysis/cmake/export_control_performance_analysis__rosidl_typesupport_fastrtps_cppExport.cmake
[1.733s] -- Up-to-date: /home/zhijie/autoware/install/control_performance_analysis/share/control_performance_analysis/cmake/export_control_performance_analysis__rosidl_typesupport_fastrtps_cppExport-release.cmake
[1.734s] -- Up-to-date: /home/zhijie/autoware/install/control_performance_analysis/share/control_performance_analysis/cmake/control_performance_analysis__rosidl_typesupport_introspection_cExport.cmake
[1.734s] -- Up-to-date: /home/zhijie/autoware/install/control_performance_analysis/share/control_performance_analysis/cmake/control_performance_analysis__rosidl_typesupport_introspection_cExport-release.cmake
[1.734s] -- Up-to-date: /home/zhijie/autoware/install/control_performance_analysis/share/control_performance_analysis/cmake/control_performance_analysis__rosidl_typesupport_cExport.cmake
[1.734s] -- Up-to-date: /home/zhijie/autoware/install/control_performance_analysis/share/control_performance_analysis/cmake/control_performance_analysis__rosidl_typesupport_cExport-release.cmake
[1.734s] -- Up-to-date: /home/zhijie/autoware/install/control_performance_analysis/share/control_performance_analysis/cmake/control_performance_analysis__rosidl_typesupport_introspection_cppExport.cmake
[1.734s] -- Up-to-date: /home/zhijie/autoware/install/control_performance_analysis/share/control_performance_analysis/cmake/control_performance_analysis__rosidl_typesupport_introspection_cppExport-release.cmake
[1.734s] -- Up-to-date: /home/zhijie/autoware/install/control_performance_analysis/share/control_performance_analysis/cmake/control_performance_analysis__rosidl_typesupport_cppExport.cmake
[1.735s] -- Up-to-date: /home/zhijie/autoware/install/control_performance_analysis/share/control_performance_analysis/cmake/control_performance_analysis__rosidl_typesupport_cppExport-release.cmake
[1.735s] -- Up-to-date: /home/zhijie/autoware/install/control_performance_analysis/share/control_performance_analysis/cmake/export_control_performance_analysis__rosidl_generator_pyExport.cmake
[1.735s] -- Up-to-date: /home/zhijie/autoware/install/control_performance_analysis/share/control_performance_analysis/cmake/export_control_performance_analysis__rosidl_generator_pyExport-release.cmake
[1.791s] Invoked command in '/home/zhijie/autoware/build/control_performance_analysis' returned '0': AMENT_PREFIX_PATH=/home/zhijie/autoware/install/motion_utils:/home/zhijie/autoware/install/global_parameter_loader:/home/zhijie/autoware/install/vehicle_info_util:/home/zhijie/autoware/install/interpolation:/home/zhijie/autoware/install/tier4_autoware_utils:/home/zhijie/autoware/install/signal_processing:/home/zhijie/autoware/install/autoware_auto_vehicle_msgs:/home/zhijie/autoware/install/autoware_cmake:/home/zhijie/autoware/install/autoware_auto_planning_msgs:/home/zhijie/autoware/install/autoware_auto_perception_msgs:/home/zhijie/autoware/install/tier4_debug_msgs:/home/zhijie/autoware/install/autoware_lint_common:/home/zhijie/autoware/install/autoware_auto_mapping_msgs:/home/zhijie/autoware/install/autoware_auto_geometry_msgs:/home/zhijie/autoware/install/autoware_auto_control_msgs:${AMENT_PREFIX_PATH} CMAKE_PREFIX_PATH=/home/zhijie/autoware/install/motion_utils:/home/zhijie/autoware/install/global_parameter_loader:/home/zhijie/autoware/install/vehicle_info_util:/home/zhijie/autoware/install/interpolation:/home/zhijie/autoware/install/tier4_autoware_utils:/home/zhijie/autoware/install/signal_processing:/home/zhijie/autoware/install/autoware_auto_vehicle_msgs:/home/zhijie/autoware/install/autoware_cmake:/home/zhijie/autoware/install/autoware_auto_planning_msgs:/home/zhijie/autoware/install/autoware_auto_perception_msgs:/home/zhijie/autoware/install/tier4_debug_msgs:/home/zhijie/autoware/install/autoware_lint_common:/home/zhijie/autoware/install/autoware_auto_mapping_msgs:/home/zhijie/autoware/install/autoware_auto_geometry_msgs:/home/zhijie/autoware/install/autoware_auto_control_msgs:/opt/ros/humble LD_LIBRARY_PATH=/home/zhijie/autoware/install/motion_utils/lib:/home/zhijie/autoware/install/vehicle_info_util/lib:/home/zhijie/autoware/install/interpolation/lib:/home/zhijie/autoware/install/tier4_autoware_utils/lib:/home/zhijie/autoware/install/signal_processing/lib:/home/zhijie/autoware/install/autoware_auto_vehicle_msgs/lib:/home/zhijie/autoware/install/autoware_auto_planning_msgs/lib:/home/zhijie/autoware/install/autoware_auto_perception_msgs/lib:/home/zhijie/autoware/install/tier4_debug_msgs/lib:/home/zhijie/autoware/install/autoware_auto_mapping_msgs/lib:/home/zhijie/autoware/install/autoware_auto_geometry_msgs/lib:/home/zhijie/autoware/install/autoware_auto_control_msgs/lib:${LD_LIBRARY_PATH} PYTHONPATH=/home/zhijie/autoware/install/autoware_auto_vehicle_msgs/local/lib/python3.10/dist-packages:/home/zhijie/autoware/install/autoware_auto_planning_msgs/local/lib/python3.10/dist-packages:/home/zhijie/autoware/install/autoware_auto_perception_msgs/local/lib/python3.10/dist-packages:/home/zhijie/autoware/install/tier4_debug_msgs/local/lib/python3.10/dist-packages:/home/zhijie/autoware/install/autoware_auto_mapping_msgs/local/lib/python3.10/dist-packages:/home/zhijie/autoware/install/autoware_auto_geometry_msgs/local/lib/python3.10/dist-packages:/home/zhijie/autoware/install/autoware_auto_control_msgs/local/lib/python3.10/dist-packages:${PYTHONPATH} /usr/bin/cmake --install /home/zhijie/autoware/build/control_performance_analysis
