[0.018s] Invoking command in '/home/zhijie/autoware/build/eagleye_navigation': AMENT_PREFIX_PATH=/home/zhijie/autoware/install/eagleye_msgs:/home/zhijie/autoware/install/rtklib_msgs:/home/zhijie/autoware/install/eagleye_coordinate:${AMENT_PREFIX_PATH} CMAKE_PREFIX_PATH=/home/zhijie/autoware/install/eagleye_msgs:/home/zhijie/autoware/install/rtklib_msgs:/home/zhijie/autoware/install/eagleye_coordinate:/opt/ros/humble LD_LIBRARY_PATH=/home/zhijie/autoware/install/eagleye_msgs/lib:/home/zhijie/autoware/install/rtklib_msgs/lib:/home/zhijie/autoware/install/eagleye_coordinate/lib:${LD_LIBRARY_PATH} PYTHONPATH=/home/zhijie/autoware/install/eagleye_msgs/local/lib/python3.10/dist-packages:/home/zhijie/autoware/install/rtklib_msgs/local/lib/python3.10/dist-packages:${PYTHONPATH} /usr/bin/cmake /home/zhijie/autoware/src/universe/external/eagleye/eagleye_core/navigation -DCMAKE_BUILD_TYPE=Release -DAMENT_CMAKE_SYMLINK_INSTALL=1 -DCMAKE_INSTALL_PREFIX=/home/zhijie/autoware/install/eagleye_navigation
[2.633s] -- Found ament_cmake_auto: 1.3.5 (/opt/ros/humble/share/ament_cmake_auto/cmake)
[2.633s] -- Override CMake install command with custom implementation using symlinks instead of copying resources
[2.633s] -- Found eagleye_coordinate: 0.0.0 (/home/zhijie/autoware/install/eagleye_coordinate/share/eagleye_coordinate/cmake)
[2.633s] -- Found rosidl_generator_c: 3.1.5 (/opt/ros/humble/share/rosidl_generator_c/cmake)
[2.633s] -- Found rosidl_adapter: 3.1.5 (/opt/ros/humble/share/rosidl_adapter/cmake)
[2.633s] -- Found rosidl_generator_cpp: 3.1.5 (/opt/ros/humble/share/rosidl_generator_cpp/cmake)
[2.633s] -- Using all available rosidl_typesupport_c: rosidl_typesupport_fastrtps_c;rosidl_typesupport_introspection_c
[2.633s] -- Using all available rosidl_typesupport_cpp: rosidl_typesupport_fastrtps_cpp;rosidl_typesupport_introspection_cpp
[2.633s] -- Found rmw_implementation_cmake: 6.1.1 (/opt/ros/humble/share/rmw_implementation_cmake/cmake)
[2.633s] -- Found rmw_cyclonedds_cpp: 1.3.4 (/opt/ros/humble/share/rmw_cyclonedds_cpp/cmake)
[2.633s] -- Using RMW implementation 'rmw_cyclonedds_cpp' as default
[2.634s] -- Found eigen3_cmake_module: 0.1.1 (/opt/ros/humble/share/eigen3_cmake_module/cmake)
[2.634s] -- Ensuring Eigen3 include directory is part of orocos-kdl CMake target
[2.634s] -- Found ament_lint_auto: 0.12.8 (/opt/ros/humble/share/ament_lint_auto/cmake)
[2.634s] -- Added test 'copyright' to check source files copyright and LICENSE
[2.634s] -- Added test 'cppcheck' to perform static code analysis on C / C++ code
[2.634s] -- Configured cppcheck include dirs: /home/zhijie/autoware/src/universe/external/eagleye/eagleye_core/navigation/include;$<BUILD_INTERFACE:/home/zhijie/autoware/src/universe/external/eagleye/eagleye_core/navigation/include>
[2.634s] -- Configured cppcheck exclude dirs and/or files: 
[2.634s] -- Added test 'cpplint' to check C / C++ code against the Google style
[2.634s] -- Configured cpplint exclude dirs and/or files: 
[2.634s] -- Added test 'lint_cmake' to check CMake code style
[2.634s] -- Added test 'uncrustify' to check C / C++ code style
[2.634s] -- Configured uncrustify additional arguments: 
[2.635s] -- Added test 'xmllint' to check XML markup files
[2.635s] -- Configuring done
[2.635s] -- Generating done
[2.642s] -- Build files have been written to: /home/zhijie/autoware/build/eagleye_navigation
[2.695s] Invoked command in '/home/zhijie/autoware/build/eagleye_navigation' returned '0': AMENT_PREFIX_PATH=/home/zhijie/autoware/install/eagleye_msgs:/home/zhijie/autoware/install/rtklib_msgs:/home/zhijie/autoware/install/eagleye_coordinate:${AMENT_PREFIX_PATH} CMAKE_PREFIX_PATH=/home/zhijie/autoware/install/eagleye_msgs:/home/zhijie/autoware/install/rtklib_msgs:/home/zhijie/autoware/install/eagleye_coordinate:/opt/ros/humble LD_LIBRARY_PATH=/home/zhijie/autoware/install/eagleye_msgs/lib:/home/zhijie/autoware/install/rtklib_msgs/lib:/home/zhijie/autoware/install/eagleye_coordinate/lib:${LD_LIBRARY_PATH} PYTHONPATH=/home/zhijie/autoware/install/eagleye_msgs/local/lib/python3.10/dist-packages:/home/zhijie/autoware/install/rtklib_msgs/local/lib/python3.10/dist-packages:${PYTHONPATH} /usr/bin/cmake /home/zhijie/autoware/src/universe/external/eagleye/eagleye_core/navigation -DCMAKE_BUILD_TYPE=Release -DAMENT_CMAKE_SYMLINK_INSTALL=1 -DCMAKE_INSTALL_PREFIX=/home/zhijie/autoware/install/eagleye_navigation
[2.696s] Invoking command in '/home/zhijie/autoware/build/eagleye_navigation': AMENT_PREFIX_PATH=/home/zhijie/autoware/install/eagleye_msgs:/home/zhijie/autoware/install/rtklib_msgs:/home/zhijie/autoware/install/eagleye_coordinate:${AMENT_PREFIX_PATH} CMAKE_PREFIX_PATH=/home/zhijie/autoware/install/eagleye_msgs:/home/zhijie/autoware/install/rtklib_msgs:/home/zhijie/autoware/install/eagleye_coordinate:/opt/ros/humble LD_LIBRARY_PATH=/home/zhijie/autoware/install/eagleye_msgs/lib:/home/zhijie/autoware/install/rtklib_msgs/lib:/home/zhijie/autoware/install/eagleye_coordinate/lib:${LD_LIBRARY_PATH} PYTHONPATH=/home/zhijie/autoware/install/eagleye_msgs/local/lib/python3.10/dist-packages:/home/zhijie/autoware/install/rtklib_msgs/local/lib/python3.10/dist-packages:${PYTHONPATH} /usr/bin/cmake --build /home/zhijie/autoware/build/eagleye_navigation -- -j16 -l16
[12.972s] [35m[1mConsolidate compiler generated dependencies of target eagleye_navigation[0m
[12.972s] [  5%] [32mBuilding CXX object CMakeFiles/eagleye_navigation.dir/src/angular_velocity_offset_stop.cpp.o[0m
[12.972s] [ 10%] [32mBuilding CXX object CMakeFiles/eagleye_navigation.dir/src/yaw_rate_offset.cpp.o[0m
[16.511s] [ 15%] [32mBuilding CXX object CMakeFiles/eagleye_navigation.dir/src/rtk_dead_reckoning.cpp.o[0m
[19.526s] [ 20%] [32mBuilding CXX object CMakeFiles/eagleye_navigation.dir/src/yaw_rate_offset_stop.cpp.o[0m
[19.526s] [ 25%] [32mBuilding CXX object CMakeFiles/eagleye_navigation.dir/src/rtk_heading.cpp.o[0m
[20.541s] [ 30%] [32mBuilding CXX object CMakeFiles/eagleye_navigation.dir/src/velocity_scale_factor.cpp.o[0m
[21.585s] [ 35%] [32mBuilding CXX object CMakeFiles/eagleye_navigation.dir/src/trajectory.cpp.o[0m
[22.653s] [ 40%] [32mBuilding CXX object CMakeFiles/eagleye_navigation.dir/src/smoothing.cpp.o[0m
[23.732s] [ 45%] [32mBuilding CXX object CMakeFiles/eagleye_navigation.dir/src/slip_coefficient.cpp.o[0m
[31.072s] [ 50%] [32mBuilding CXX object CMakeFiles/eagleye_navigation.dir/src/velocity_estimator.cpp.o[0m
[40.643s] [ 65%] [32mBuilding CXX object CMakeFiles/eagleye_navigation.dir/src/position.cpp.o[0m
[40.643s] [ 65%] [32mBuilding CXX object CMakeFiles/eagleye_navigation.dir/src/position_interpolate.cpp.o[0m
[40.643s] [ 65%] [32mBuilding CXX object CMakeFiles/eagleye_navigation.dir/src/slip_angle.cpp.o[0m
[45.569s] [ 75%] [32mBuilding CXX object CMakeFiles/eagleye_navigation.dir/src/height.cpp.o[0m
[45.570s] [ 75%] [32mBuilding CXX object CMakeFiles/eagleye_navigation.dir/src/heading.cpp.o[0m
[47.373s] [ 85%] [32mBuilding CXX object CMakeFiles/eagleye_navigation.dir/src/rolling.cpp.o[0m
[47.373s] [ 85%] [32mBuilding CXX object CMakeFiles/eagleye_navigation.dir/src/heading_interpolate.cpp.o[0m
[48.044s] [ 90%] [32mBuilding CXX object CMakeFiles/eagleye_navigation.dir/src/enable_additional_rolling.cpp.o[0m
[48.058s] [ 95%] [32mBuilding CXX object CMakeFiles/eagleye_navigation.dir/src/distance.cpp.o[0m
[55.364s] [100%] [32m[1mLinking CXX shared library libeagleye_navigation.so[0m
[55.595s] [100%] Built target eagleye_navigation
[55.611s] Invoked command in '/home/zhijie/autoware/build/eagleye_navigation' returned '0': AMENT_PREFIX_PATH=/home/zhijie/autoware/install/eagleye_msgs:/home/zhijie/autoware/install/rtklib_msgs:/home/zhijie/autoware/install/eagleye_coordinate:${AMENT_PREFIX_PATH} CMAKE_PREFIX_PATH=/home/zhijie/autoware/install/eagleye_msgs:/home/zhijie/autoware/install/rtklib_msgs:/home/zhijie/autoware/install/eagleye_coordinate:/opt/ros/humble LD_LIBRARY_PATH=/home/zhijie/autoware/install/eagleye_msgs/lib:/home/zhijie/autoware/install/rtklib_msgs/lib:/home/zhijie/autoware/install/eagleye_coordinate/lib:${LD_LIBRARY_PATH} PYTHONPATH=/home/zhijie/autoware/install/eagleye_msgs/local/lib/python3.10/dist-packages:/home/zhijie/autoware/install/rtklib_msgs/local/lib/python3.10/dist-packages:${PYTHONPATH} /usr/bin/cmake --build /home/zhijie/autoware/build/eagleye_navigation -- -j16 -l16
[55.684s] Invoking command in '/home/zhijie/autoware/build/eagleye_navigation': AMENT_PREFIX_PATH=/home/zhijie/autoware/install/eagleye_msgs:/home/zhijie/autoware/install/rtklib_msgs:/home/zhijie/autoware/install/eagleye_coordinate:${AMENT_PREFIX_PATH} CMAKE_PREFIX_PATH=/home/zhijie/autoware/install/eagleye_msgs:/home/zhijie/autoware/install/rtklib_msgs:/home/zhijie/autoware/install/eagleye_coordinate:/opt/ros/humble LD_LIBRARY_PATH=/home/zhijie/autoware/install/eagleye_msgs/lib:/home/zhijie/autoware/install/rtklib_msgs/lib:/home/zhijie/autoware/install/eagleye_coordinate/lib:${LD_LIBRARY_PATH} PYTHONPATH=/home/zhijie/autoware/install/eagleye_msgs/local/lib/python3.10/dist-packages:/home/zhijie/autoware/install/rtklib_msgs/local/lib/python3.10/dist-packages:${PYTHONPATH} /usr/bin/cmake --install /home/zhijie/autoware/build/eagleye_navigation
[57.216s] -- Install configuration: "Release"
[57.217s] -- Execute custom install script
[57.217s] -- Up-to-date symlink: /home/zhijie/autoware/install/eagleye_navigation/lib/eagleye_navigation/libeagleye_navigation.so
[57.217s] -- Up-to-date symlink: /home/zhijie/autoware/install/eagleye_navigation/share/eagleye_navigation/environment/library_path.sh
[57.217s] -- Up-to-date symlink: /home/zhijie/autoware/install/eagleye_navigation/share/eagleye_navigation/environment/library_path.dsv
[57.217s] -- Up-to-date symlink: /home/zhijie/autoware/install/eagleye_navigation/include/eagleye_navigation/eagleye_navigation.hpp
[57.217s] -- Up-to-date symlink: /home/zhijie/autoware/install/eagleye_navigation/lib/libeagleye_navigation.so
[57.217s] -- Up-to-date symlink: /home/zhijie/autoware/install/eagleye_navigation/include/eagleye_navigation/eagleye_navigation.hpp
[57.218s] -- Up-to-date symlink: /home/zhijie/autoware/install/eagleye_navigation/lib/libeagleye_navigation.so
[57.218s] -- Up-to-date symlink: /home/zhijie/autoware/install/eagleye_navigation/share/ament_index/resource_index/package_run_dependencies/eagleye_navigation
[57.218s] -- Up-to-date symlink: /home/zhijie/autoware/install/eagleye_navigation/share/ament_index/resource_index/parent_prefix_path/eagleye_navigation
[57.218s] -- Up-to-date symlink: /home/zhijie/autoware/install/eagleye_navigation/share/eagleye_navigation/environment/ament_prefix_path.sh
[57.218s] -- Up-to-date symlink: /home/zhijie/autoware/install/eagleye_navigation/share/eagleye_navigation/environment/ament_prefix_path.dsv
[57.218s] -- Up-to-date symlink: /home/zhijie/autoware/install/eagleye_navigation/share/eagleye_navigation/environment/path.sh
[57.218s] -- Up-to-date symlink: /home/zhijie/autoware/install/eagleye_navigation/share/eagleye_navigation/environment/path.dsv
[57.218s] -- Up-to-date symlink: /home/zhijie/autoware/install/eagleye_navigation/share/eagleye_navigation/local_setup.bash
[57.218s] -- Up-to-date symlink: /home/zhijie/autoware/install/eagleye_navigation/share/eagleye_navigation/local_setup.sh
[57.218s] -- Up-to-date symlink: /home/zhijie/autoware/install/eagleye_navigation/share/eagleye_navigation/local_setup.zsh
[57.218s] -- Up-to-date symlink: /home/zhijie/autoware/install/eagleye_navigation/share/eagleye_navigation/local_setup.dsv
[57.218s] -- Symlinking: /home/zhijie/autoware/install/eagleye_navigation/share/eagleye_navigation/package.dsv
[57.219s] -- Up-to-date symlink: /home/zhijie/autoware/install/eagleye_navigation/share/ament_index/resource_index/packages/eagleye_navigation
[57.219s] -- Up-to-date symlink: /home/zhijie/autoware/install/eagleye_navigation/share/eagleye_navigation/cmake/ament_cmake_export_include_directories-extras.cmake
[57.219s] -- Up-to-date symlink: /home/zhijie/autoware/install/eagleye_navigation/share/eagleye_navigation/cmake/ament_cmake_export_libraries-extras.cmake
[57.219s] -- Up-to-date symlink: /home/zhijie/autoware/install/eagleye_navigation/share/eagleye_navigation/cmake/ament_cmake_export_dependencies-extras.cmake
[57.220s] -- Up-to-date symlink: /home/zhijie/autoware/install/eagleye_navigation/share/eagleye_navigation/cmake/eagleye_navigationConfig.cmake
[57.220s] -- Up-to-date symlink: /home/zhijie/autoware/install/eagleye_navigation/share/eagleye_navigation/cmake/eagleye_navigationConfig-version.cmake
[57.220s] -- Up-to-date symlink: /home/zhijie/autoware/install/eagleye_navigation/share/eagleye_navigation/package.xml
[57.255s] Invoked command in '/home/zhijie/autoware/build/eagleye_navigation' returned '0': AMENT_PREFIX_PATH=/home/zhijie/autoware/install/eagleye_msgs:/home/zhijie/autoware/install/rtklib_msgs:/home/zhijie/autoware/install/eagleye_coordinate:${AMENT_PREFIX_PATH} CMAKE_PREFIX_PATH=/home/zhijie/autoware/install/eagleye_msgs:/home/zhijie/autoware/install/rtklib_msgs:/home/zhijie/autoware/install/eagleye_coordinate:/opt/ros/humble LD_LIBRARY_PATH=/home/zhijie/autoware/install/eagleye_msgs/lib:/home/zhijie/autoware/install/rtklib_msgs/lib:/home/zhijie/autoware/install/eagleye_coordinate/lib:${LD_LIBRARY_PATH} PYTHONPATH=/home/zhijie/autoware/install/eagleye_msgs/local/lib/python3.10/dist-packages:/home/zhijie/autoware/install/rtklib_msgs/local/lib/python3.10/dist-packages:${PYTHONPATH} /usr/bin/cmake --install /home/zhijie/autoware/build/eagleye_navigation
