[0.069s] Invoking command in '/home/zhijie/autoware/build/tier4_adapi_rviz_plugin': AMENT_PREFIX_PATH=/home/zhijie/autoware/install/component_interface_utils:/home/zhijie/autoware/install/autoware_ad_api_specs:/home/zhijie/autoware/install/tier4_system_msgs:/home/zhijie/autoware/install/autoware_cmake:/home/zhijie/autoware/install/autoware_lint_common:/home/zhijie/autoware/install/autoware_common_msgs:/home/zhijie/autoware/install/autoware_adapi_v1_msgs:${AMENT_PREFIX_PATH} CMAKE_PREFIX_PATH=/home/zhijie/autoware/install/component_interface_utils:/home/zhijie/autoware/install/autoware_ad_api_specs:/home/zhijie/autoware/install/tier4_system_msgs:/home/zhijie/autoware/install/autoware_cmake:/home/zhijie/autoware/install/autoware_lint_common:/home/zhijie/autoware/install/autoware_common_msgs:/home/zhijie/autoware/install/autoware_adapi_v1_msgs:/opt/ros/humble LD_LIBRARY_PATH=/home/zhijie/autoware/install/tier4_system_msgs/lib:/home/zhijie/autoware/install/autoware_common_msgs/lib:/home/zhijie/autoware/install/autoware_adapi_v1_msgs/lib:${LD_LIBRARY_PATH} PYTHONPATH=/home/zhijie/autoware/install/tier4_system_msgs/local/lib/python3.10/dist-packages:/home/zhijie/autoware/install/autoware_common_msgs/local/lib/python3.10/dist-packages:/home/zhijie/autoware/install/autoware_adapi_v1_msgs/local/lib/python3.10/dist-packages:${PYTHONPATH} /usr/bin/cmake /home/zhijie/autoware/src/universe/autoware.universe/common/tier4_adapi_rviz_plugin -DCMAKE_BUILD_TYPE=Release -DAMENT_CMAKE_SYMLINK_INSTALL=1 -DCMAKE_INSTALL_PREFIX=/home/zhijie/autoware/install/tier4_adapi_rviz_plugin
[2.504s] -- Found autoware_cmake: 0.1.0 (/home/zhijie/autoware/install/autoware_cmake/share/autoware_cmake/cmake)
[2.504s] -- Override CMake install command with custom implementation using symlinks instead of copying resources
[2.505s] -- Found rosidl_generator_c: 3.1.5 (/opt/ros/humble/share/rosidl_generator_c/cmake)
[2.505s] -- Found rosidl_adapter: 3.1.5 (/opt/ros/humble/share/rosidl_adapter/cmake)
[2.505s] -- Found rosidl_generator_cpp: 3.1.5 (/opt/ros/humble/share/rosidl_generator_cpp/cmake)
[2.505s] -- Using all available rosidl_typesupport_c: rosidl_typesupport_fastrtps_c;rosidl_typesupport_introspection_c
[2.505s] -- Using all available rosidl_typesupport_cpp: rosidl_typesupport_fastrtps_cpp;rosidl_typesupport_introspection_cpp
[2.651s] -- Found rmw_implementation_cmake: 6.1.1 (/opt/ros/humble/share/rmw_implementation_cmake/cmake)
[2.666s] -- Found rmw_cyclonedds_cpp: 1.3.4 (/opt/ros/humble/share/rmw_cyclonedds_cpp/cmake)
[2.733s] -- Using RMW implementation 'rmw_cyclonedds_cpp' as default
[3.379s] -- Setting OGRE_DIR to: '/opt/ros/humble/share/rviz_ogre_vendor/cmake/../../../opt/rviz_ogre_vendor/lib/OGRE/cmake'
[3.381s] -- Found OGRE
[3.382s] --   static     : OFF
[3.383s] --   components : HLMS;MeshLodGenerator;Overlay;Paging;Property;RTShaderSystem;Terrain;Volume
[3.383s] --   plugins    : Plugin_BSPSceneManager;Plugin_OctreeSceneManager;Plugin_PCZSceneManager;Plugin_ParticleFX;RenderSystem_GL;RenderSystem_GL3Plus;Codec_STBI
[3.384s] --   media      : /opt/ros/humble/opt/rviz_ogre_vendor/share/OGRE/Media
[3.385s] -- OGRE_LIBRARIES: OgreHLMS;OgreMeshLodGenerator;OgreOverlay;OgrePaging;OgreProperty;OgreRTShaderSystem;OgreTerrain;OgreVolume;OgreMain
[3.386s] -- OGRE_LIBRARY_DIRS: /opt/ros/humble/opt/rviz_ogre_vendor/lib
[3.386s] -- OGRE_PLUGINS: Plugin_BSPSceneManager;Plugin_OctreeSceneManager;Plugin_PCZSceneManager;Plugin_ParticleFX;RenderSystem_GL;RenderSystem_GL3Plus;Codec_STBI
[3.387s] -- OGRE_PLUGIN_DIR: /opt/ros/humble/opt/rviz_ogre_vendor/lib/OGRE
[3.397s] -- rviz_ogre_vendor::OgreOverlay for IMPORTED_LOCATION_RELEASE: /opt/ros/humble/opt/rviz_ogre_vendor/lib/libOgreOverlay.so
[3.398s] -- rviz_ogre_vendor::OgreOverlay for IMPORTED_LOCATION_DEBUG: /opt/ros/humble/opt/rviz_ogre_vendor/lib/libOgreOverlay.so
[3.399s] -- rviz_ogre_vendor::OgreMain for IMPORTED_LOCATION_RELEASE: /opt/ros/humble/opt/rviz_ogre_vendor/lib/libOgreMain.so
[3.399s] -- rviz_ogre_vendor::OgreMain for IMPORTED_LOCATION_DEBUG: /opt/ros/humble/opt/rviz_ogre_vendor/lib/libOgreMain.so
[3.404s] -- Could not find freeimage library
[3.586s] -- rviz_ogre_vendor::RenderSystem_GL for IMPORTED_LOCATION_RELEASE: _render_system_gl_static_library_abs-NOTFOUND
[3.587s] -- rviz_ogre_vendor::RenderSystem_GL for IMPORTED_LOCATION_DEBUG: _render_system_gl_static_library_abs-NOTFOUND
[3.693s] -- library: /usr/lib/x86_64-linux-gnu/libcurl.so
[3.982s] -- Ensuring Eigen3 include directory is part of orocos-kdl CMake target
[5.676s] -- Found ament_lint_auto: 0.12.8 (/opt/ros/humble/share/ament_lint_auto/cmake)
[5.836s] -- Added test 'copyright' to check source files copyright and LICENSE
[5.839s] -- Added test 'cppcheck' to perform static code analysis on C / C++ code
[5.840s] -- Configured cppcheck include dirs: 
[5.841s] -- Configured cppcheck exclude dirs and/or files: 
[5.857s] -- Added test 'lint_cmake' to check CMake code style
[5.859s] -- Added test 'xmllint' to check XML markup files
[5.871s] -- Configuring done
[6.038s] -- Generating done
[6.038s] -- Build files have been written to: /home/zhijie/autoware/build/tier4_adapi_rviz_plugin
[6.102s] Invoked command in '/home/zhijie/autoware/build/tier4_adapi_rviz_plugin' returned '0': AMENT_PREFIX_PATH=/home/zhijie/autoware/install/component_interface_utils:/home/zhijie/autoware/install/autoware_ad_api_specs:/home/zhijie/autoware/install/tier4_system_msgs:/home/zhijie/autoware/install/autoware_cmake:/home/zhijie/autoware/install/autoware_lint_common:/home/zhijie/autoware/install/autoware_common_msgs:/home/zhijie/autoware/install/autoware_adapi_v1_msgs:${AMENT_PREFIX_PATH} CMAKE_PREFIX_PATH=/home/zhijie/autoware/install/component_interface_utils:/home/zhijie/autoware/install/autoware_ad_api_specs:/home/zhijie/autoware/install/tier4_system_msgs:/home/zhijie/autoware/install/autoware_cmake:/home/zhijie/autoware/install/autoware_lint_common:/home/zhijie/autoware/install/autoware_common_msgs:/home/zhijie/autoware/install/autoware_adapi_v1_msgs:/opt/ros/humble LD_LIBRARY_PATH=/home/zhijie/autoware/install/tier4_system_msgs/lib:/home/zhijie/autoware/install/autoware_common_msgs/lib:/home/zhijie/autoware/install/autoware_adapi_v1_msgs/lib:${LD_LIBRARY_PATH} PYTHONPATH=/home/zhijie/autoware/install/tier4_system_msgs/local/lib/python3.10/dist-packages:/home/zhijie/autoware/install/autoware_common_msgs/local/lib/python3.10/dist-packages:/home/zhijie/autoware/install/autoware_adapi_v1_msgs/local/lib/python3.10/dist-packages:${PYTHONPATH} /usr/bin/cmake /home/zhijie/autoware/src/universe/autoware.universe/common/tier4_adapi_rviz_plugin -DCMAKE_BUILD_TYPE=Release -DAMENT_CMAKE_SYMLINK_INSTALL=1 -DCMAKE_INSTALL_PREFIX=/home/zhijie/autoware/install/tier4_adapi_rviz_plugin
[6.102s] Invoking command in '/home/zhijie/autoware/build/tier4_adapi_rviz_plugin': AMENT_PREFIX_PATH=/home/zhijie/autoware/install/component_interface_utils:/home/zhijie/autoware/install/autoware_ad_api_specs:/home/zhijie/autoware/install/tier4_system_msgs:/home/zhijie/autoware/install/autoware_cmake:/home/zhijie/autoware/install/autoware_lint_common:/home/zhijie/autoware/install/autoware_common_msgs:/home/zhijie/autoware/install/autoware_adapi_v1_msgs:${AMENT_PREFIX_PATH} CMAKE_PREFIX_PATH=/home/zhijie/autoware/install/component_interface_utils:/home/zhijie/autoware/install/autoware_ad_api_specs:/home/zhijie/autoware/install/tier4_system_msgs:/home/zhijie/autoware/install/autoware_cmake:/home/zhijie/autoware/install/autoware_lint_common:/home/zhijie/autoware/install/autoware_common_msgs:/home/zhijie/autoware/install/autoware_adapi_v1_msgs:/opt/ros/humble LD_LIBRARY_PATH=/home/zhijie/autoware/install/tier4_system_msgs/lib:/home/zhijie/autoware/install/autoware_common_msgs/lib:/home/zhijie/autoware/install/autoware_adapi_v1_msgs/lib:${LD_LIBRARY_PATH} PYTHONPATH=/home/zhijie/autoware/install/tier4_system_msgs/local/lib/python3.10/dist-packages:/home/zhijie/autoware/install/autoware_common_msgs/local/lib/python3.10/dist-packages:/home/zhijie/autoware/install/autoware_adapi_v1_msgs/local/lib/python3.10/dist-packages:${PYTHONPATH} /usr/bin/cmake --build /home/zhijie/autoware/build/tier4_adapi_rviz_plugin -- -j16 -l16
[13.445s] [ 20%] [34m[1mAutomatic MOC for target tier4_adapi_rviz_plugin[0m
[13.445s] [ 20%] Built target tier4_adapi_rviz_plugin_autogen
[13.445s] [35m[1mConsolidate compiler generated dependencies of target tier4_adapi_rviz_plugin[0m
[13.445s] [ 40%] [32mBuilding CXX object CMakeFiles/tier4_adapi_rviz_plugin.dir/tier4_adapi_rviz_plugin_autogen/mocs_compilation.cpp.o[0m
[14.382s] [ 60%] [32mBuilding CXX object CMakeFiles/tier4_adapi_rviz_plugin.dir/src/route_panel.cpp.o[0m
[33.459s] [ 80%] [32mBuilding CXX object CMakeFiles/tier4_adapi_rviz_plugin.dir/src/route_tool.cpp.o[0m
[37.692s] [100%] [32m[1mLinking CXX shared library libtier4_adapi_rviz_plugin.so[0m
[41.267s] [100%] Built target tier4_adapi_rviz_plugin
[41.309s] Invoked command in '/home/zhijie/autoware/build/tier4_adapi_rviz_plugin' returned '0': AMENT_PREFIX_PATH=/home/zhijie/autoware/install/component_interface_utils:/home/zhijie/autoware/install/autoware_ad_api_specs:/home/zhijie/autoware/install/tier4_system_msgs:/home/zhijie/autoware/install/autoware_cmake:/home/zhijie/autoware/install/autoware_lint_common:/home/zhijie/autoware/install/autoware_common_msgs:/home/zhijie/autoware/install/autoware_adapi_v1_msgs:${AMENT_PREFIX_PATH} CMAKE_PREFIX_PATH=/home/zhijie/autoware/install/component_interface_utils:/home/zhijie/autoware/install/autoware_ad_api_specs:/home/zhijie/autoware/install/tier4_system_msgs:/home/zhijie/autoware/install/autoware_cmake:/home/zhijie/autoware/install/autoware_lint_common:/home/zhijie/autoware/install/autoware_common_msgs:/home/zhijie/autoware/install/autoware_adapi_v1_msgs:/opt/ros/humble LD_LIBRARY_PATH=/home/zhijie/autoware/install/tier4_system_msgs/lib:/home/zhijie/autoware/install/autoware_common_msgs/lib:/home/zhijie/autoware/install/autoware_adapi_v1_msgs/lib:${LD_LIBRARY_PATH} PYTHONPATH=/home/zhijie/autoware/install/tier4_system_msgs/local/lib/python3.10/dist-packages:/home/zhijie/autoware/install/autoware_common_msgs/local/lib/python3.10/dist-packages:/home/zhijie/autoware/install/autoware_adapi_v1_msgs/local/lib/python3.10/dist-packages:${PYTHONPATH} /usr/bin/cmake --build /home/zhijie/autoware/build/tier4_adapi_rviz_plugin -- -j16 -l16
[41.689s] Invoking command in '/home/zhijie/autoware/build/tier4_adapi_rviz_plugin': AMENT_PREFIX_PATH=/home/zhijie/autoware/install/component_interface_utils:/home/zhijie/autoware/install/autoware_ad_api_specs:/home/zhijie/autoware/install/tier4_system_msgs:/home/zhijie/autoware/install/autoware_cmake:/home/zhijie/autoware/install/autoware_lint_common:/home/zhijie/autoware/install/autoware_common_msgs:/home/zhijie/autoware/install/autoware_adapi_v1_msgs:${AMENT_PREFIX_PATH} CMAKE_PREFIX_PATH=/home/zhijie/autoware/install/component_interface_utils:/home/zhijie/autoware/install/autoware_ad_api_specs:/home/zhijie/autoware/install/tier4_system_msgs:/home/zhijie/autoware/install/autoware_cmake:/home/zhijie/autoware/install/autoware_lint_common:/home/zhijie/autoware/install/autoware_common_msgs:/home/zhijie/autoware/install/autoware_adapi_v1_msgs:/opt/ros/humble LD_LIBRARY_PATH=/home/zhijie/autoware/install/tier4_system_msgs/lib:/home/zhijie/autoware/install/autoware_common_msgs/lib:/home/zhijie/autoware/install/autoware_adapi_v1_msgs/lib:${LD_LIBRARY_PATH} PYTHONPATH=/home/zhijie/autoware/install/tier4_system_msgs/local/lib/python3.10/dist-packages:/home/zhijie/autoware/install/autoware_common_msgs/local/lib/python3.10/dist-packages:/home/zhijie/autoware/install/autoware_adapi_v1_msgs/local/lib/python3.10/dist-packages:${PYTHONPATH} /usr/bin/cmake --install /home/zhijie/autoware/build/tier4_adapi_rviz_plugin
[47.444s] -- Install configuration: "Release"
[47.444s] -- Execute custom install script
[47.444s] -- Up-to-date symlink: /home/zhijie/autoware/install/tier4_adapi_rviz_plugin/share/tier4_adapi_rviz_plugin/plugins/plugin_description.xml
[47.445s] -- Up-to-date symlink: /home/zhijie/autoware/install/tier4_adapi_rviz_plugin/share/tier4_adapi_rviz_plugin/environment/library_path.sh
[47.445s] -- Up-to-date symlink: /home/zhijie/autoware/install/tier4_adapi_rviz_plugin/share/tier4_adapi_rviz_plugin/environment/library_path.dsv
[47.445s] -- Up-to-date symlink: /home/zhijie/autoware/install/tier4_adapi_rviz_plugin/lib/libtier4_adapi_rviz_plugin.so
[47.445s] -- Up-to-date symlink: /home/zhijie/autoware/install/tier4_adapi_rviz_plugin/share/tier4_adapi_rviz_plugin/icons/classes/RoutePanel.png
[47.445s] -- Up-to-date symlink: /home/zhijie/autoware/install/tier4_adapi_rviz_plugin/share/tier4_adapi_rviz_plugin/icons/classes/RouteTool.png
[47.445s] -- Up-to-date symlink: /home/zhijie/autoware/install/tier4_adapi_rviz_plugin/share/ament_index/resource_index/package_run_dependencies/tier4_adapi_rviz_plugin
[47.445s] -- Up-to-date symlink: /home/zhijie/autoware/install/tier4_adapi_rviz_plugin/share/ament_index/resource_index/parent_prefix_path/tier4_adapi_rviz_plugin
[47.445s] -- Up-to-date symlink: /home/zhijie/autoware/install/tier4_adapi_rviz_plugin/share/tier4_adapi_rviz_plugin/environment/ament_prefix_path.sh
[47.445s] -- Up-to-date symlink: /home/zhijie/autoware/install/tier4_adapi_rviz_plugin/share/tier4_adapi_rviz_plugin/environment/ament_prefix_path.dsv
[47.445s] -- Up-to-date symlink: /home/zhijie/autoware/install/tier4_adapi_rviz_plugin/share/tier4_adapi_rviz_plugin/environment/path.sh
[47.446s] -- Up-to-date symlink: /home/zhijie/autoware/install/tier4_adapi_rviz_plugin/share/tier4_adapi_rviz_plugin/environment/path.dsv
[47.446s] -- Up-to-date symlink: /home/zhijie/autoware/install/tier4_adapi_rviz_plugin/share/tier4_adapi_rviz_plugin/local_setup.bash
[47.446s] -- Up-to-date symlink: /home/zhijie/autoware/install/tier4_adapi_rviz_plugin/share/tier4_adapi_rviz_plugin/local_setup.sh
[47.446s] -- Up-to-date symlink: /home/zhijie/autoware/install/tier4_adapi_rviz_plugin/share/tier4_adapi_rviz_plugin/local_setup.zsh
[47.446s] -- Up-to-date symlink: /home/zhijie/autoware/install/tier4_adapi_rviz_plugin/share/tier4_adapi_rviz_plugin/local_setup.dsv
[47.446s] -- Symlinking: /home/zhijie/autoware/install/tier4_adapi_rviz_plugin/share/tier4_adapi_rviz_plugin/package.dsv
[47.446s] -- Up-to-date symlink: /home/zhijie/autoware/install/tier4_adapi_rviz_plugin/share/ament_index/resource_index/packages/tier4_adapi_rviz_plugin
[47.446s] -- Up-to-date symlink: /home/zhijie/autoware/install/tier4_adapi_rviz_plugin/share/ament_index/resource_index/rviz_common__pluginlib__plugin/tier4_adapi_rviz_plugin
[47.446s] -- Up-to-date symlink: /home/zhijie/autoware/install/tier4_adapi_rviz_plugin/share/tier4_adapi_rviz_plugin/cmake/ament_cmake_export_dependencies-extras.cmake
[47.446s] -- Up-to-date symlink: /home/zhijie/autoware/install/tier4_adapi_rviz_plugin/share/tier4_adapi_rviz_plugin/cmake/ament_cmake_export_libraries-extras.cmake
[47.446s] -- Up-to-date symlink: /home/zhijie/autoware/install/tier4_adapi_rviz_plugin/share/tier4_adapi_rviz_plugin/cmake/tier4_adapi_rviz_pluginConfig.cmake
[47.447s] -- Up-to-date symlink: /home/zhijie/autoware/install/tier4_adapi_rviz_plugin/share/tier4_adapi_rviz_plugin/cmake/tier4_adapi_rviz_pluginConfig-version.cmake
[47.447s] -- Up-to-date symlink: /home/zhijie/autoware/install/tier4_adapi_rviz_plugin/share/tier4_adapi_rviz_plugin/package.xml
[47.581s] Invoked command in '/home/zhijie/autoware/build/tier4_adapi_rviz_plugin' returned '0': AMENT_PREFIX_PATH=/home/zhijie/autoware/install/component_interface_utils:/home/zhijie/autoware/install/autoware_ad_api_specs:/home/zhijie/autoware/install/tier4_system_msgs:/home/zhijie/autoware/install/autoware_cmake:/home/zhijie/autoware/install/autoware_lint_common:/home/zhijie/autoware/install/autoware_common_msgs:/home/zhijie/autoware/install/autoware_adapi_v1_msgs:${AMENT_PREFIX_PATH} CMAKE_PREFIX_PATH=/home/zhijie/autoware/install/component_interface_utils:/home/zhijie/autoware/install/autoware_ad_api_specs:/home/zhijie/autoware/install/tier4_system_msgs:/home/zhijie/autoware/install/autoware_cmake:/home/zhijie/autoware/install/autoware_lint_common:/home/zhijie/autoware/install/autoware_common_msgs:/home/zhijie/autoware/install/autoware_adapi_v1_msgs:/opt/ros/humble LD_LIBRARY_PATH=/home/zhijie/autoware/install/tier4_system_msgs/lib:/home/zhijie/autoware/install/autoware_common_msgs/lib:/home/zhijie/autoware/install/autoware_adapi_v1_msgs/lib:${LD_LIBRARY_PATH} PYTHONPATH=/home/zhijie/autoware/install/tier4_system_msgs/local/lib/python3.10/dist-packages:/home/zhijie/autoware/install/autoware_common_msgs/local/lib/python3.10/dist-packages:/home/zhijie/autoware/install/autoware_adapi_v1_msgs/local/lib/python3.10/dist-packages:${PYTHONPATH} /usr/bin/cmake --install /home/zhijie/autoware/build/tier4_adapi_rviz_plugin
