[  0%] Built target tier4_vehicle_msgs__cpp
[  0%] Built target ament_cmake_python_symlink_tier4_vehicle_msgs
[ 12%] Built target tier4_vehicle_msgs__rosidl_generator_c
[35m[1mConsolidate compiler generated dependencies of target tier4_vehicle_msgs__rosidl_typesupport_fastrtps_c[0m
[35m[1mConsolidate compiler generated dependencies of target tier4_vehicle_msgs__rosidl_typesupport_fastrtps_cpp[0m
[35m[1mConsolidate compiler generated dependencies of target tier4_vehicle_msgs__rosidl_typesupport_introspection_cpp[0m
[35m[1mConsolidate compiler generated dependencies of target tier4_vehicle_msgs__rosidl_typesupport_cpp[0m
[ 24%] Built target tier4_vehicle_msgs__rosidl_typesupport_introspection_c
[ 36%] Built target tier4_vehicle_msgs__rosidl_typesupport_c
[ 48%] Built target tier4_vehicle_msgs__rosidl_typesupport_fastrtps_c
[ 69%] Built target tier4_vehicle_msgs__rosidl_typesupport_fastrtps_cpp
[ 71%] Built target tier4_vehicle_msgs__rosidl_typesupport_introspection_cpp
[ 83%] Built target tier4_vehicle_msgs__rosidl_typesupport_cpp
[ 83%] Built target tier4_vehicle_msgs
[ 84%] Built target tier4_vehicle_msgs__py
[35m[1mConsolidate compiler generated dependencies of target tier4_vehicle_msgs__rosidl_generator_py[0m
[ 95%] Built target tier4_vehicle_msgs__rosidl_generator_py
[35m[1mConsolidate compiler generated dependencies of target tier4_vehicle_msgs__rosidl_typesupport_fastrtps_c__pyext[0m
[35m[1mConsolidate compiler generated dependencies of target tier4_vehicle_msgs__rosidl_typesupport_c__pyext[0m
[35m[1mConsolidate compiler generated dependencies of target tier4_vehicle_msgs__rosidl_typesupport_introspection_c__pyext[0m
[ 98%] Built target tier4_vehicle_msgs__rosidl_typesupport_introspection_c__pyext
[ 99%] Built target tier4_vehicle_msgs__rosidl_typesupport_fastrtps_c__pyext
[100%] Built target tier4_vehicle_msgs__rosidl_typesupport_c__pyext
running egg_info
writing tier4_vehicle_msgs.egg-info/PKG-INFO
writing dependency_links to tier4_vehicle_msgs.egg-info/dependency_links.txt
writing top-level names to tier4_vehicle_msgs.egg-info/top_level.txt
reading manifest file 'tier4_vehicle_msgs.egg-info/SOURCES.txt'
writing manifest file 'tier4_vehicle_msgs.egg-info/SOURCES.txt'
[100%] Built target ament_cmake_python_build_tier4_vehicle_msgs_egg
