-- Found ament_cmake_auto: 1.3.5 (/opt/ros/humble/share/ament_cmake_auto/cmake)
-- Override CMake install command with custom implementation using symlinks instead of copying resources
-- Using all available rosidl_typesupport_c: rosidl_typesupport_fastrtps_c;rosidl_typesupport_introspection_c
-- Found rosidl_adapter: 3.1.5 (/opt/ros/humble/share/rosidl_adapter/cmake)
-- Using all available rosidl_typesupport_cpp: rosidl_typesupport_fastrtps_cpp;rosidl_typesupport_introspection_cpp
-- Found ament_cmake_ros: 0.10.0 (/opt/ros/humble/share/ament_cmake_ros/cmake)
-- Using all available rosidl_typesupport_c: rosidl_typesupport_fastrtps_c;rosidl_typesupport_introspection_c
-- Using all available rosidl_typesupport_cpp: rosidl_typesupport_fastrtps_cpp;rosidl_typesupport_introspection_cpp
-- Found python_cmake_module: 0.10.0 (/opt/ros/humble/share/python_cmake_module/cmake)
-- Using PYTHON_EXECUTABLE: /usr/bin/python3
-- Using PYTHON_INCLUDE_DIRS: /usr/include/python3.10
-- Using PYTHON_LIBRARIES: /usr/lib/x86_64-linux-gnu/libpython3.10.so
-- Found ament_lint_auto: 0.12.8 (/opt/ros/humble/share/ament_lint_auto/cmake)
-- Added test 'copyright' to check source files copyright and LICENSE
-- Added test 'lint_cmake' to check CMake code style
-- Added test 'xmllint' to check XML markup files
-- Configuring done
-- Generating done
-- Build files have been written to: /home/zhijie/autoware/build/rtklib_msgs
[  3%] Built target rtklib_msgs__cpp
[  3%] Built target ament_cmake_python_symlink_rtklib_msgs
[35m[1mConsolidate compiler generated dependencies of target rtklib_msgs__rosidl_typesupport_introspection_cpp[0m
[  6%] [32mBuilding CXX object CMakeFiles/rtklib_msgs__rosidl_typesupport_introspection_cpp.dir/rosidl_typesupport_introspection_cpp/rtklib_msgs/msg/detail/rtklib_nav__type_support.cpp.o[0m
[  9%] [32m[1mLinking CXX shared library librtklib_msgs__rosidl_typesupport_introspection_cpp.so[0m
[ 12%] Built target rtklib_msgs__rosidl_typesupport_introspection_cpp
running egg_info
writing rtklib_msgs.egg-info/PKG-INFO
writing dependency_links to rtklib_msgs.egg-info/dependency_links.txt
writing top-level names to rtklib_msgs.egg-info/top_level.txt
reading manifest file 'rtklib_msgs.egg-info/SOURCES.txt'
writing manifest file 'rtklib_msgs.egg-info/SOURCES.txt'
[ 12%] Built target ament_cmake_python_build_rtklib_msgs_egg
[35m[1mConsolidate compiler generated dependencies of target rtklib_msgs__rosidl_typesupport_fastrtps_cpp[0m
[ 16%] [32mBuilding CXX object CMakeFiles/rtklib_msgs__rosidl_typesupport_fastrtps_cpp.dir/rosidl_typesupport_fastrtps_cpp/rtklib_msgs/msg/detail/dds_fastrtps/rtklib_nav__type_support.cpp.o[0m
[ 19%] [32m[1mLinking CXX shared library librtklib_msgs__rosidl_typesupport_fastrtps_cpp.so[0m
[ 22%] Built target rtklib_msgs__rosidl_typesupport_fastrtps_cpp
[35m[1mConsolidate compiler generated dependencies of target rtklib_msgs__rosidl_typesupport_cpp[0m
[ 25%] [32mBuilding CXX object CMakeFiles/rtklib_msgs__rosidl_typesupport_cpp.dir/rosidl_typesupport_cpp/rtklib_msgs/msg/rtklib_nav__type_support.cpp.o[0m
[ 29%] [32m[1mLinking CXX shared library librtklib_msgs__rosidl_typesupport_cpp.so[0m
[ 32%] Built target rtklib_msgs__rosidl_typesupport_cpp
[35m[1mConsolidate compiler generated dependencies of target rtklib_msgs__rosidl_generator_c[0m
[ 41%] Built target rtklib_msgs__rosidl_generator_c
[35m[1mConsolidate compiler generated dependencies of target rtklib_msgs__rosidl_typesupport_fastrtps_c[0m
[ 45%] [32mBuilding CXX object CMakeFiles/rtklib_msgs__rosidl_typesupport_fastrtps_c.dir/rosidl_typesupport_fastrtps_c/rtklib_msgs/msg/detail/rtklib_nav__type_support_c.cpp.o[0m
[ 48%] [32m[1mLinking CXX shared library librtklib_msgs__rosidl_typesupport_fastrtps_c.so[0m
[ 51%] Built target rtklib_msgs__rosidl_typesupport_fastrtps_c
[35m[1mConsolidate compiler generated dependencies of target rtklib_msgs__rosidl_typesupport_c[0m
[ 61%] Built target rtklib_msgs__rosidl_typesupport_c
[35m[1mConsolidate compiler generated dependencies of target rtklib_msgs__rosidl_typesupport_introspection_c[0m
[ 70%] Built target rtklib_msgs__rosidl_typesupport_introspection_c
[ 70%] Built target rtklib_msgs
[ 74%] Built target rtklib_msgs__py
[35m[1mConsolidate compiler generated dependencies of target rtklib_msgs__rosidl_generator_py[0m
[ 77%] [32mBuilding C object CMakeFiles/rtklib_msgs__rosidl_generator_py.dir/rosidl_generator_py/rtklib_msgs/msg/_rtklib_nav_s.c.o[0m
[ 80%] [32m[1mLinking C shared library rosidl_generator_py/rtklib_msgs/librtklib_msgs__rosidl_generator_py.so[0m
[ 80%] Built target rtklib_msgs__rosidl_generator_py
[35m[1mConsolidate compiler generated dependencies of target rtklib_msgs__rosidl_typesupport_fastrtps_c__pyext[0m
[ 83%] [32mBuilding C object CMakeFiles/rtklib_msgs__rosidl_typesupport_fastrtps_c__pyext.dir/rosidl_generator_py/rtklib_msgs/_rtklib_msgs_s.ep.rosidl_typesupport_fastrtps_c.c.o[0m
[ 87%] [32m[1mLinking C shared library rosidl_generator_py/rtklib_msgs/rtklib_msgs_s__rosidl_typesupport_fastrtps_c.cpython-310-x86_64-linux-gnu.so[0m
[ 87%] Built target rtklib_msgs__rosidl_typesupport_fastrtps_c__pyext
[35m[1mConsolidate compiler generated dependencies of target rtklib_msgs__rosidl_typesupport_c__pyext[0m
[ 90%] [32mBuilding C object CMakeFiles/rtklib_msgs__rosidl_typesupport_c__pyext.dir/rosidl_generator_py/rtklib_msgs/_rtklib_msgs_s.ep.rosidl_typesupport_c.c.o[0m
[ 93%] [32m[1mLinking C shared library rosidl_generator_py/rtklib_msgs/rtklib_msgs_s__rosidl_typesupport_c.cpython-310-x86_64-linux-gnu.so[0m
[ 93%] Built target rtklib_msgs__rosidl_typesupport_c__pyext
[35m[1mConsolidate compiler generated dependencies of target rtklib_msgs__rosidl_typesupport_introspection_c__pyext[0m
[ 96%] [32mBuilding C object CMakeFiles/rtklib_msgs__rosidl_typesupport_introspection_c__pyext.dir/rosidl_generator_py/rtklib_msgs/_rtklib_msgs_s.ep.rosidl_typesupport_introspection_c.c.o[0m
[100%] [32m[1mLinking C shared library rosidl_generator_py/rtklib_msgs/rtklib_msgs_s__rosidl_typesupport_introspection_c.cpython-310-x86_64-linux-gnu.so[0m
[100%] Built target rtklib_msgs__rosidl_typesupport_introspection_c__pyext
-- Install configuration: "Release"
-- Execute custom install script
-- Up-to-date symlink: /home/zhijie/autoware/install/rtklib_msgs/share/ament_index/resource_index/rosidl_interfaces/rtklib_msgs
-- Up-to-date symlink: /home/zhijie/autoware/install/rtklib_msgs/include/rtklib_msgs/rtklib_msgs/msg/detail/rtklib_nav__functions.h
-- Up-to-date symlink: /home/zhijie/autoware/install/rtklib_msgs/include/rtklib_msgs/rtklib_msgs/msg/detail/rtklib_nav__struct.h
-- Up-to-date symlink: /home/zhijie/autoware/install/rtklib_msgs/include/rtklib_msgs/rtklib_msgs/msg/detail/rtklib_nav__type_support.h
-- Up-to-date symlink: /home/zhijie/autoware/install/rtklib_msgs/include/rtklib_msgs/rtklib_msgs/msg/rosidl_generator_c__visibility_control.h
-- Up-to-date symlink: /home/zhijie/autoware/install/rtklib_msgs/include/rtklib_msgs/rtklib_msgs/msg/rtklib_nav.h
-- Up-to-date symlink: /home/zhijie/autoware/install/rtklib_msgs/share/rtklib_msgs/environment/library_path.sh
-- Up-to-date symlink: /home/zhijie/autoware/install/rtklib_msgs/share/rtklib_msgs/environment/library_path.dsv
-- Up-to-date symlink: /home/zhijie/autoware/install/rtklib_msgs/include/rtklib_msgs/rtklib_msgs/msg/detail/rtklib_nav__rosidl_typesupport_fastrtps_c.h
-- Up-to-date symlink: /home/zhijie/autoware/install/rtklib_msgs/include/rtklib_msgs/rtklib_msgs/msg/rosidl_typesupport_fastrtps_c__visibility_control.h
-- Up-to-date symlink: /home/zhijie/autoware/install/rtklib_msgs/include/rtklib_msgs/rtklib_msgs/msg/detail/rtklib_nav__rosidl_typesupport_introspection_c.h
-- Up-to-date symlink: /home/zhijie/autoware/install/rtklib_msgs/include/rtklib_msgs/rtklib_msgs/msg/rosidl_typesupport_introspection_c__visibility_control.h
-- Up-to-date symlink: /home/zhijie/autoware/install/rtklib_msgs/include/rtklib_msgs/rtklib_msgs/msg/detail/rtklib_nav__builder.hpp
-- Up-to-date symlink: /home/zhijie/autoware/install/rtklib_msgs/include/rtklib_msgs/rtklib_msgs/msg/detail/rtklib_nav__struct.hpp
-- Up-to-date symlink: /home/zhijie/autoware/install/rtklib_msgs/include/rtklib_msgs/rtklib_msgs/msg/detail/rtklib_nav__traits.hpp
-- Up-to-date symlink: /home/zhijie/autoware/install/rtklib_msgs/include/rtklib_msgs/rtklib_msgs/msg/rtklib_nav.hpp
-- Up-to-date symlink: /home/zhijie/autoware/install/rtklib_msgs/include/rtklib_msgs/rtklib_msgs/msg/detail/rtklib_nav__rosidl_typesupport_fastrtps_cpp.hpp
-- Up-to-date symlink: /home/zhijie/autoware/install/rtklib_msgs/include/rtklib_msgs/rtklib_msgs/msg/rosidl_typesupport_fastrtps_cpp__visibility_control.h
-- Up-to-date symlink: /home/zhijie/autoware/install/rtklib_msgs/include/rtklib_msgs/rtklib_msgs/msg/detail/rtklib_nav__rosidl_typesupport_introspection_cpp.hpp
-- Up-to-date symlink: /home/zhijie/autoware/install/rtklib_msgs/share/rtklib_msgs/environment/pythonpath.sh
-- Up-to-date symlink: /home/zhijie/autoware/install/rtklib_msgs/share/rtklib_msgs/environment/pythonpath.dsv
-- Up-to-date symlink: /home/zhijie/autoware/install/rtklib_msgs/local/lib/python3.10/dist-packages/rtklib_msgs-0.0.0-py3.10.egg-info/PKG-INFO
-- Up-to-date symlink: /home/zhijie/autoware/install/rtklib_msgs/local/lib/python3.10/dist-packages/rtklib_msgs-0.0.0-py3.10.egg-info/SOURCES.txt
-- Up-to-date symlink: /home/zhijie/autoware/install/rtklib_msgs/local/lib/python3.10/dist-packages/rtklib_msgs-0.0.0-py3.10.egg-info/dependency_links.txt
-- Up-to-date symlink: /home/zhijie/autoware/install/rtklib_msgs/local/lib/python3.10/dist-packages/rtklib_msgs-0.0.0-py3.10.egg-info/top_level.txt
-- Up-to-date symlink: /home/zhijie/autoware/install/rtklib_msgs/local/lib/python3.10/dist-packages/rtklib_msgs/__init__.py
-- Up-to-date symlink: /home/zhijie/autoware/install/rtklib_msgs/local/lib/python3.10/dist-packages/rtklib_msgs/_rtklib_msgs_s.ep.rosidl_typesupport_c.c
-- Up-to-date symlink: /home/zhijie/autoware/install/rtklib_msgs/local/lib/python3.10/dist-packages/rtklib_msgs/_rtklib_msgs_s.ep.rosidl_typesupport_fastrtps_c.c
-- Up-to-date symlink: /home/zhijie/autoware/install/rtklib_msgs/local/lib/python3.10/dist-packages/rtklib_msgs/_rtklib_msgs_s.ep.rosidl_typesupport_introspection_c.c
-- Up-to-date symlink: /home/zhijie/autoware/install/rtklib_msgs/local/lib/python3.10/dist-packages/rtklib_msgs/librtklib_msgs__rosidl_generator_py.so
-- Up-to-date symlink: /home/zhijie/autoware/install/rtklib_msgs/local/lib/python3.10/dist-packages/rtklib_msgs/msg/__init__.py
-- Up-to-date symlink: /home/zhijie/autoware/install/rtklib_msgs/local/lib/python3.10/dist-packages/rtklib_msgs/msg/_rtklib_nav.py
-- Up-to-date symlink: /home/zhijie/autoware/install/rtklib_msgs/local/lib/python3.10/dist-packages/rtklib_msgs/msg/_rtklib_nav_s.c
-- Up-to-date symlink: /home/zhijie/autoware/install/rtklib_msgs/local/lib/python3.10/dist-packages/rtklib_msgs/rtklib_msgs_s__rosidl_typesupport_c.cpython-310-x86_64-linux-gnu.so
-- Up-to-date symlink: /home/zhijie/autoware/install/rtklib_msgs/local/lib/python3.10/dist-packages/rtklib_msgs/rtklib_msgs_s__rosidl_typesupport_fastrtps_c.cpython-310-x86_64-linux-gnu.so
-- Up-to-date symlink: /home/zhijie/autoware/install/rtklib_msgs/local/lib/python3.10/dist-packages/rtklib_msgs/rtklib_msgs_s__rosidl_typesupport_introspection_c.cpython-310-x86_64-linux-gnu.so
-- Up-to-date symlink: /home/zhijie/autoware/install/rtklib_msgs/local/lib/python3.10/dist-packages/rtklib_msgs/rtklib_msgs_s__rosidl_typesupport_fastrtps_c.cpython-310-x86_64-linux-gnu.so
-- Up-to-date symlink: /home/zhijie/autoware/install/rtklib_msgs/local/lib/python3.10/dist-packages/rtklib_msgs/rtklib_msgs_s__rosidl_typesupport_introspection_c.cpython-310-x86_64-linux-gnu.so
-- Up-to-date symlink: /home/zhijie/autoware/install/rtklib_msgs/local/lib/python3.10/dist-packages/rtklib_msgs/rtklib_msgs_s__rosidl_typesupport_c.cpython-310-x86_64-linux-gnu.so
-- Up-to-date symlink: /home/zhijie/autoware/install/rtklib_msgs/share/rtklib_msgs/msg/RtklibNav.idl
-- Up-to-date symlink: /home/zhijie/autoware/install/rtklib_msgs/share/rtklib_msgs/msg/RtklibNav.msg
-- Up-to-date symlink: /home/zhijie/autoware/install/rtklib_msgs/share/ament_index/resource_index/package_run_dependencies/rtklib_msgs
-- Up-to-date symlink: /home/zhijie/autoware/install/rtklib_msgs/share/ament_index/resource_index/parent_prefix_path/rtklib_msgs
-- Up-to-date symlink: /home/zhijie/autoware/install/rtklib_msgs/share/rtklib_msgs/environment/ament_prefix_path.sh
-- Up-to-date symlink: /home/zhijie/autoware/install/rtklib_msgs/share/rtklib_msgs/environment/ament_prefix_path.dsv
-- Up-to-date symlink: /home/zhijie/autoware/install/rtklib_msgs/share/rtklib_msgs/environment/path.sh
-- Up-to-date symlink: /home/zhijie/autoware/install/rtklib_msgs/share/rtklib_msgs/environment/path.dsv
-- Up-to-date symlink: /home/zhijie/autoware/install/rtklib_msgs/share/rtklib_msgs/local_setup.bash
-- Up-to-date symlink: /home/zhijie/autoware/install/rtklib_msgs/share/rtklib_msgs/local_setup.sh
-- Up-to-date symlink: /home/zhijie/autoware/install/rtklib_msgs/share/rtklib_msgs/local_setup.zsh
-- Up-to-date symlink: /home/zhijie/autoware/install/rtklib_msgs/share/rtklib_msgs/local_setup.dsv
-- Symlinking: /home/zhijie/autoware/install/rtklib_msgs/share/rtklib_msgs/package.dsv
-- Up-to-date symlink: /home/zhijie/autoware/install/rtklib_msgs/share/ament_index/resource_index/packages/rtklib_msgs
-- Up-to-date symlink: /home/zhijie/autoware/install/rtklib_msgs/share/rtklib_msgs/cmake/rosidl_cmake-extras.cmake
-- Up-to-date symlink: /home/zhijie/autoware/install/rtklib_msgs/share/rtklib_msgs/cmake/ament_cmake_export_dependencies-extras.cmake
-- Up-to-date symlink: /home/zhijie/autoware/install/rtklib_msgs/share/rtklib_msgs/cmake/ament_cmake_export_include_directories-extras.cmake
-- Up-to-date symlink: /home/zhijie/autoware/install/rtklib_msgs/share/rtklib_msgs/cmake/ament_cmake_export_libraries-extras.cmake
-- Up-to-date symlink: /home/zhijie/autoware/install/rtklib_msgs/share/rtklib_msgs/cmake/ament_cmake_export_targets-extras.cmake
-- Up-to-date symlink: /home/zhijie/autoware/install/rtklib_msgs/share/rtklib_msgs/cmake/rosidl_cmake_export_typesupport_targets-extras.cmake
-- Up-to-date symlink: /home/zhijie/autoware/install/rtklib_msgs/share/rtklib_msgs/cmake/rosidl_cmake_export_typesupport_libraries-extras.cmake
-- Up-to-date symlink: /home/zhijie/autoware/install/rtklib_msgs/share/rtklib_msgs/cmake/rtklib_msgsConfig.cmake
-- Up-to-date symlink: /home/zhijie/autoware/install/rtklib_msgs/share/rtklib_msgs/cmake/rtklib_msgsConfig-version.cmake
-- Up-to-date symlink: /home/zhijie/autoware/install/rtklib_msgs/share/rtklib_msgs/package.xml
-- Up-to-date: /home/zhijie/autoware/install/rtklib_msgs/lib/librtklib_msgs__rosidl_generator_c.so
-- Installing: /home/zhijie/autoware/install/rtklib_msgs/lib/librtklib_msgs__rosidl_typesupport_fastrtps_c.so
-- Set runtime path of "/home/zhijie/autoware/install/rtklib_msgs/lib/librtklib_msgs__rosidl_typesupport_fastrtps_c.so" to ""
-- Up-to-date: /home/zhijie/autoware/install/rtklib_msgs/lib/librtklib_msgs__rosidl_typesupport_introspection_c.so
-- Up-to-date: /home/zhijie/autoware/install/rtklib_msgs/lib/librtklib_msgs__rosidl_typesupport_c.so
-- Installing: /home/zhijie/autoware/install/rtklib_msgs/lib/librtklib_msgs__rosidl_typesupport_fastrtps_cpp.so
-- Set runtime path of "/home/zhijie/autoware/install/rtklib_msgs/lib/librtklib_msgs__rosidl_typesupport_fastrtps_cpp.so" to ""
-- Installing: /home/zhijie/autoware/install/rtklib_msgs/lib/librtklib_msgs__rosidl_typesupport_introspection_cpp.so
-- Set runtime path of "/home/zhijie/autoware/install/rtklib_msgs/lib/librtklib_msgs__rosidl_typesupport_introspection_cpp.so" to ""
-- Installing: /home/zhijie/autoware/install/rtklib_msgs/lib/librtklib_msgs__rosidl_typesupport_cpp.so
-- Set runtime path of "/home/zhijie/autoware/install/rtklib_msgs/lib/librtklib_msgs__rosidl_typesupport_cpp.so" to ""
Listing '/home/zhijie/autoware/install/rtklib_msgs/local/lib/python3.10/dist-packages/rtklib_msgs'...
Compiling '/home/zhijie/autoware/install/rtklib_msgs/local/lib/python3.10/dist-packages/rtklib_msgs/__init__.py'...
Listing '/home/zhijie/autoware/install/rtklib_msgs/local/lib/python3.10/dist-packages/rtklib_msgs/msg'...
-- Installing: /home/zhijie/autoware/install/rtklib_msgs/lib/librtklib_msgs__rosidl_generator_py.so
-- Set runtime path of "/home/zhijie/autoware/install/rtklib_msgs/lib/librtklib_msgs__rosidl_generator_py.so" to ""
-- Up-to-date: /home/zhijie/autoware/install/rtklib_msgs/share/rtklib_msgs/cmake/export_rtklib_msgs__rosidl_generator_cExport.cmake
-- Up-to-date: /home/zhijie/autoware/install/rtklib_msgs/share/rtklib_msgs/cmake/export_rtklib_msgs__rosidl_generator_cExport-release.cmake
-- Up-to-date: /home/zhijie/autoware/install/rtklib_msgs/share/rtklib_msgs/cmake/export_rtklib_msgs__rosidl_typesupport_fastrtps_cExport.cmake
-- Up-to-date: /home/zhijie/autoware/install/rtklib_msgs/share/rtklib_msgs/cmake/export_rtklib_msgs__rosidl_typesupport_fastrtps_cExport-release.cmake
-- Up-to-date: /home/zhijie/autoware/install/rtklib_msgs/share/rtklib_msgs/cmake/rtklib_msgs__rosidl_typesupport_introspection_cExport.cmake
-- Up-to-date: /home/zhijie/autoware/install/rtklib_msgs/share/rtklib_msgs/cmake/rtklib_msgs__rosidl_typesupport_introspection_cExport-release.cmake
-- Up-to-date: /home/zhijie/autoware/install/rtklib_msgs/share/rtklib_msgs/cmake/rtklib_msgs__rosidl_typesupport_cExport.cmake
-- Up-to-date: /home/zhijie/autoware/install/rtklib_msgs/share/rtklib_msgs/cmake/rtklib_msgs__rosidl_typesupport_cExport-release.cmake
-- Up-to-date: /home/zhijie/autoware/install/rtklib_msgs/share/rtklib_msgs/cmake/export_rtklib_msgs__rosidl_generator_cppExport.cmake
-- Up-to-date: /home/zhijie/autoware/install/rtklib_msgs/share/rtklib_msgs/cmake/export_rtklib_msgs__rosidl_typesupport_fastrtps_cppExport.cmake
-- Up-to-date: /home/zhijie/autoware/install/rtklib_msgs/share/rtklib_msgs/cmake/export_rtklib_msgs__rosidl_typesupport_fastrtps_cppExport-release.cmake
-- Up-to-date: /home/zhijie/autoware/install/rtklib_msgs/share/rtklib_msgs/cmake/rtklib_msgs__rosidl_typesupport_introspection_cppExport.cmake
-- Up-to-date: /home/zhijie/autoware/install/rtklib_msgs/share/rtklib_msgs/cmake/rtklib_msgs__rosidl_typesupport_introspection_cppExport-release.cmake
-- Up-to-date: /home/zhijie/autoware/install/rtklib_msgs/share/rtklib_msgs/cmake/rtklib_msgs__rosidl_typesupport_cppExport.cmake
-- Up-to-date: /home/zhijie/autoware/install/rtklib_msgs/share/rtklib_msgs/cmake/rtklib_msgs__rosidl_typesupport_cppExport-release.cmake
-- Up-to-date: /home/zhijie/autoware/install/rtklib_msgs/share/rtklib_msgs/cmake/export_rtklib_msgs__rosidl_generator_pyExport.cmake
-- Up-to-date: /home/zhijie/autoware/install/rtklib_msgs/share/rtklib_msgs/cmake/export_rtklib_msgs__rosidl_generator_pyExport-release.cmake
