[0.020s] Invoking command in '/home/zhijie/autoware/build/rtklib_msgs': CMAKE_PREFIX_PATH=/opt/ros/humble /usr/bin/cmake /home/zhijie/autoware/src/universe/external/rtklib_ros_bridge/rtklib_msgs -DCMAKE_BUILD_TYPE=Release -DAMENT_CMAKE_SYMLINK_INSTALL=1 -DCMAKE_INSTALL_PREFIX=/home/zhijie/autoware/install/rtklib_msgs
[6.047s] -- Found ament_cmake_auto: 1.3.5 (/opt/ros/humble/share/ament_cmake_auto/cmake)
[6.048s] -- Override CMake install command with custom implementation using symlinks instead of copying resources
[6.048s] -- Using all available rosidl_typesupport_c: rosidl_typesupport_fastrtps_c;rosidl_typesupport_introspection_c
[6.048s] -- Found rosidl_adapter: 3.1.5 (/opt/ros/humble/share/rosidl_adapter/cmake)
[6.048s] -- Using all available rosidl_typesupport_cpp: rosidl_typesupport_fastrtps_cpp;rosidl_typesupport_introspection_cpp
[6.048s] -- Found ament_cmake_ros: 0.10.0 (/opt/ros/humble/share/ament_cmake_ros/cmake)
[6.048s] -- Using all available rosidl_typesupport_c: rosidl_typesupport_fastrtps_c;rosidl_typesupport_introspection_c
[6.048s] -- Using all available rosidl_typesupport_cpp: rosidl_typesupport_fastrtps_cpp;rosidl_typesupport_introspection_cpp
[6.048s] -- Found python_cmake_module: 0.10.0 (/opt/ros/humble/share/python_cmake_module/cmake)
[6.048s] -- Using PYTHON_EXECUTABLE: /usr/bin/python3
[6.049s] -- Using PYTHON_INCLUDE_DIRS: /usr/include/python3.10
[6.049s] -- Using PYTHON_LIBRARIES: /usr/lib/x86_64-linux-gnu/libpython3.10.so
[6.049s] -- Found ament_lint_auto: 0.12.8 (/opt/ros/humble/share/ament_lint_auto/cmake)
[6.049s] -- Added test 'copyright' to check source files copyright and LICENSE
[6.049s] -- Added test 'lint_cmake' to check CMake code style
[6.049s] -- Added test 'xmllint' to check XML markup files
[6.049s] -- Configuring done
[6.049s] -- Generating done
[6.049s] -- Build files have been written to: /home/zhijie/autoware/build/rtklib_msgs
[6.079s] Invoked command in '/home/zhijie/autoware/build/rtklib_msgs' returned '0': CMAKE_PREFIX_PATH=/opt/ros/humble /usr/bin/cmake /home/zhijie/autoware/src/universe/external/rtklib_ros_bridge/rtklib_msgs -DCMAKE_BUILD_TYPE=Release -DAMENT_CMAKE_SYMLINK_INSTALL=1 -DCMAKE_INSTALL_PREFIX=/home/zhijie/autoware/install/rtklib_msgs
[6.080s] Invoking command in '/home/zhijie/autoware/build/rtklib_msgs': CMAKE_PREFIX_PATH=/opt/ros/humble /usr/bin/cmake --build /home/zhijie/autoware/build/rtklib_msgs -- -j16 -l16
[8.184s] [  3%] Built target rtklib_msgs__cpp
[8.185s] [  3%] Built target ament_cmake_python_symlink_rtklib_msgs
[8.185s] [35m[1mConsolidate compiler generated dependencies of target rtklib_msgs__rosidl_typesupport_introspection_cpp[0m
[8.185s] [  6%] [32mBuilding CXX object CMakeFiles/rtklib_msgs__rosidl_typesupport_introspection_cpp.dir/rosidl_typesupport_introspection_cpp/rtklib_msgs/msg/detail/rtklib_nav__type_support.cpp.o[0m
[8.185s] [  9%] [32m[1mLinking CXX shared library librtklib_msgs__rosidl_typesupport_introspection_cpp.so[0m
[8.185s] [ 12%] Built target rtklib_msgs__rosidl_typesupport_introspection_cpp
[8.185s] running egg_info
[8.185s] writing rtklib_msgs.egg-info/PKG-INFO
[8.185s] writing dependency_links to rtklib_msgs.egg-info/dependency_links.txt
[8.185s] writing top-level names to rtklib_msgs.egg-info/top_level.txt
[8.185s] reading manifest file 'rtklib_msgs.egg-info/SOURCES.txt'
[8.186s] writing manifest file 'rtklib_msgs.egg-info/SOURCES.txt'
[8.186s] [ 12%] Built target ament_cmake_python_build_rtklib_msgs_egg
[8.186s] [35m[1mConsolidate compiler generated dependencies of target rtklib_msgs__rosidl_typesupport_fastrtps_cpp[0m
[8.187s] [ 16%] [32mBuilding CXX object CMakeFiles/rtklib_msgs__rosidl_typesupport_fastrtps_cpp.dir/rosidl_typesupport_fastrtps_cpp/rtklib_msgs/msg/detail/dds_fastrtps/rtklib_nav__type_support.cpp.o[0m
[8.187s] [ 19%] [32m[1mLinking CXX shared library librtklib_msgs__rosidl_typesupport_fastrtps_cpp.so[0m
[8.200s] [ 22%] Built target rtklib_msgs__rosidl_typesupport_fastrtps_cpp
[8.213s] [35m[1mConsolidate compiler generated dependencies of target rtklib_msgs__rosidl_typesupport_cpp[0m
[8.226s] [ 25%] [32mBuilding CXX object CMakeFiles/rtklib_msgs__rosidl_typesupport_cpp.dir/rosidl_typesupport_cpp/rtklib_msgs/msg/rtklib_nav__type_support.cpp.o[0m
[8.646s] [ 29%] [32m[1mLinking CXX shared library librtklib_msgs__rosidl_typesupport_cpp.so[0m
[8.682s] [ 32%] Built target rtklib_msgs__rosidl_typesupport_cpp
[8.692s] [35m[1mConsolidate compiler generated dependencies of target rtklib_msgs__rosidl_generator_c[0m
[8.702s] [ 41%] Built target rtklib_msgs__rosidl_generator_c
[8.711s] [35m[1mConsolidate compiler generated dependencies of target rtklib_msgs__rosidl_typesupport_fastrtps_c[0m
[8.723s] [ 45%] [32mBuilding CXX object CMakeFiles/rtklib_msgs__rosidl_typesupport_fastrtps_c.dir/rosidl_typesupport_fastrtps_c/rtklib_msgs/msg/detail/rtklib_nav__type_support_c.cpp.o[0m
[9.167s] [ 48%] [32m[1mLinking CXX shared library librtklib_msgs__rosidl_typesupport_fastrtps_c.so[0m
[9.286s] [ 51%] Built target rtklib_msgs__rosidl_typesupport_fastrtps_c
[9.295s] [35m[1mConsolidate compiler generated dependencies of target rtklib_msgs__rosidl_typesupport_c[0m
[9.305s] [ 61%] Built target rtklib_msgs__rosidl_typesupport_c
[9.315s] [35m[1mConsolidate compiler generated dependencies of target rtklib_msgs__rosidl_typesupport_introspection_c[0m
[9.326s] [ 70%] Built target rtklib_msgs__rosidl_typesupport_introspection_c
[9.344s] [ 70%] Built target rtklib_msgs
[9.370s] [ 74%] Built target rtklib_msgs__py
[9.384s] [35m[1mConsolidate compiler generated dependencies of target rtklib_msgs__rosidl_generator_py[0m
[9.401s] [ 77%] [32mBuilding C object CMakeFiles/rtklib_msgs__rosidl_generator_py.dir/rosidl_generator_py/rtklib_msgs/msg/_rtklib_nav_s.c.o[0m
[9.548s] [ 80%] [32m[1mLinking C shared library rosidl_generator_py/rtklib_msgs/librtklib_msgs__rosidl_generator_py.so[0m
[9.601s] [ 80%] Built target rtklib_msgs__rosidl_generator_py
[9.611s] [35m[1mConsolidate compiler generated dependencies of target rtklib_msgs__rosidl_typesupport_fastrtps_c__pyext[0m
[9.622s] [ 83%] [32mBuilding C object CMakeFiles/rtklib_msgs__rosidl_typesupport_fastrtps_c__pyext.dir/rosidl_generator_py/rtklib_msgs/_rtklib_msgs_s.ep.rosidl_typesupport_fastrtps_c.c.o[0m
[9.735s] [ 87%] [32m[1mLinking C shared library rosidl_generator_py/rtklib_msgs/rtklib_msgs_s__rosidl_typesupport_fastrtps_c.cpython-310-x86_64-linux-gnu.so[0m
[9.770s] [ 87%] Built target rtklib_msgs__rosidl_typesupport_fastrtps_c__pyext
[9.781s] [35m[1mConsolidate compiler generated dependencies of target rtklib_msgs__rosidl_typesupport_c__pyext[0m
[9.797s] [ 90%] [32mBuilding C object CMakeFiles/rtklib_msgs__rosidl_typesupport_c__pyext.dir/rosidl_generator_py/rtklib_msgs/_rtklib_msgs_s.ep.rosidl_typesupport_c.c.o[0m
[9.973s] [ 93%] [32m[1mLinking C shared library rosidl_generator_py/rtklib_msgs/rtklib_msgs_s__rosidl_typesupport_c.cpython-310-x86_64-linux-gnu.so[0m
[10.012s] [ 93%] Built target rtklib_msgs__rosidl_typesupport_c__pyext
[10.021s] [35m[1mConsolidate compiler generated dependencies of target rtklib_msgs__rosidl_typesupport_introspection_c__pyext[0m
[10.034s] [ 96%] [32mBuilding C object CMakeFiles/rtklib_msgs__rosidl_typesupport_introspection_c__pyext.dir/rosidl_generator_py/rtklib_msgs/_rtklib_msgs_s.ep.rosidl_typesupport_introspection_c.c.o[0m
[10.153s] [100%] [32m[1mLinking C shared library rosidl_generator_py/rtklib_msgs/rtklib_msgs_s__rosidl_typesupport_introspection_c.cpython-310-x86_64-linux-gnu.so[0m
[10.193s] [100%] Built target rtklib_msgs__rosidl_typesupport_introspection_c__pyext
[10.203s] Invoked command in '/home/zhijie/autoware/build/rtklib_msgs' returned '0': CMAKE_PREFIX_PATH=/opt/ros/humble /usr/bin/cmake --build /home/zhijie/autoware/build/rtklib_msgs -- -j16 -l16
[10.266s] Invoking command in '/home/zhijie/autoware/build/rtklib_msgs': CMAKE_PREFIX_PATH=/opt/ros/humble /usr/bin/cmake --install /home/zhijie/autoware/build/rtklib_msgs
[12.676s] -- Install configuration: "Release"
[12.676s] -- Execute custom install script
[12.677s] -- Up-to-date symlink: /home/zhijie/autoware/install/rtklib_msgs/share/ament_index/resource_index/rosidl_interfaces/rtklib_msgs
[12.678s] -- Up-to-date symlink: /home/zhijie/autoware/install/rtklib_msgs/include/rtklib_msgs/rtklib_msgs/msg/detail/rtklib_nav__functions.h
[12.683s] -- Up-to-date symlink: /home/zhijie/autoware/install/rtklib_msgs/include/rtklib_msgs/rtklib_msgs/msg/detail/rtklib_nav__struct.h
[12.683s] -- Up-to-date symlink: /home/zhijie/autoware/install/rtklib_msgs/include/rtklib_msgs/rtklib_msgs/msg/detail/rtklib_nav__type_support.h
[12.683s] -- Up-to-date symlink: /home/zhijie/autoware/install/rtklib_msgs/include/rtklib_msgs/rtklib_msgs/msg/rosidl_generator_c__visibility_control.h
[12.683s] -- Up-to-date symlink: /home/zhijie/autoware/install/rtklib_msgs/include/rtklib_msgs/rtklib_msgs/msg/rtklib_nav.h
[12.684s] -- Up-to-date symlink: /home/zhijie/autoware/install/rtklib_msgs/share/rtklib_msgs/environment/library_path.sh
[12.684s] -- Up-to-date symlink: /home/zhijie/autoware/install/rtklib_msgs/share/rtklib_msgs/environment/library_path.dsv
[12.684s] -- Up-to-date symlink: /home/zhijie/autoware/install/rtklib_msgs/include/rtklib_msgs/rtklib_msgs/msg/detail/rtklib_nav__rosidl_typesupport_fastrtps_c.h
[12.684s] -- Up-to-date symlink: /home/zhijie/autoware/install/rtklib_msgs/include/rtklib_msgs/rtklib_msgs/msg/rosidl_typesupport_fastrtps_c__visibility_control.h
[12.684s] -- Up-to-date symlink: /home/zhijie/autoware/install/rtklib_msgs/include/rtklib_msgs/rtklib_msgs/msg/detail/rtklib_nav__rosidl_typesupport_introspection_c.h
[12.685s] -- Up-to-date symlink: /home/zhijie/autoware/install/rtklib_msgs/include/rtklib_msgs/rtklib_msgs/msg/rosidl_typesupport_introspection_c__visibility_control.h
[12.685s] -- Up-to-date symlink: /home/zhijie/autoware/install/rtklib_msgs/include/rtklib_msgs/rtklib_msgs/msg/detail/rtklib_nav__builder.hpp
[12.685s] -- Up-to-date symlink: /home/zhijie/autoware/install/rtklib_msgs/include/rtklib_msgs/rtklib_msgs/msg/detail/rtklib_nav__struct.hpp
[12.685s] -- Up-to-date symlink: /home/zhijie/autoware/install/rtklib_msgs/include/rtklib_msgs/rtklib_msgs/msg/detail/rtklib_nav__traits.hpp
[12.685s] -- Up-to-date symlink: /home/zhijie/autoware/install/rtklib_msgs/include/rtklib_msgs/rtklib_msgs/msg/rtklib_nav.hpp
[12.685s] -- Up-to-date symlink: /home/zhijie/autoware/install/rtklib_msgs/include/rtklib_msgs/rtklib_msgs/msg/detail/rtklib_nav__rosidl_typesupport_fastrtps_cpp.hpp
[12.685s] -- Up-to-date symlink: /home/zhijie/autoware/install/rtklib_msgs/include/rtklib_msgs/rtklib_msgs/msg/rosidl_typesupport_fastrtps_cpp__visibility_control.h
[12.685s] -- Up-to-date symlink: /home/zhijie/autoware/install/rtklib_msgs/include/rtklib_msgs/rtklib_msgs/msg/detail/rtklib_nav__rosidl_typesupport_introspection_cpp.hpp
[12.685s] -- Up-to-date symlink: /home/zhijie/autoware/install/rtklib_msgs/share/rtklib_msgs/environment/pythonpath.sh
[12.685s] -- Up-to-date symlink: /home/zhijie/autoware/install/rtklib_msgs/share/rtklib_msgs/environment/pythonpath.dsv
[12.685s] -- Up-to-date symlink: /home/zhijie/autoware/install/rtklib_msgs/local/lib/python3.10/dist-packages/rtklib_msgs-0.0.0-py3.10.egg-info/PKG-INFO
[12.699s] -- Up-to-date symlink: /home/zhijie/autoware/install/rtklib_msgs/local/lib/python3.10/dist-packages/rtklib_msgs-0.0.0-py3.10.egg-info/SOURCES.txt
[12.699s] -- Up-to-date symlink: /home/zhijie/autoware/install/rtklib_msgs/local/lib/python3.10/dist-packages/rtklib_msgs-0.0.0-py3.10.egg-info/dependency_links.txt
[12.700s] -- Up-to-date symlink: /home/zhijie/autoware/install/rtklib_msgs/local/lib/python3.10/dist-packages/rtklib_msgs-0.0.0-py3.10.egg-info/top_level.txt
[12.700s] -- Up-to-date symlink: /home/zhijie/autoware/install/rtklib_msgs/local/lib/python3.10/dist-packages/rtklib_msgs/__init__.py
[12.700s] -- Up-to-date symlink: /home/zhijie/autoware/install/rtklib_msgs/local/lib/python3.10/dist-packages/rtklib_msgs/_rtklib_msgs_s.ep.rosidl_typesupport_c.c
[12.700s] -- Up-to-date symlink: /home/zhijie/autoware/install/rtklib_msgs/local/lib/python3.10/dist-packages/rtklib_msgs/_rtklib_msgs_s.ep.rosidl_typesupport_fastrtps_c.c
[12.701s] -- Up-to-date symlink: /home/zhijie/autoware/install/rtklib_msgs/local/lib/python3.10/dist-packages/rtklib_msgs/_rtklib_msgs_s.ep.rosidl_typesupport_introspection_c.c
[12.701s] -- Up-to-date symlink: /home/zhijie/autoware/install/rtklib_msgs/local/lib/python3.10/dist-packages/rtklib_msgs/librtklib_msgs__rosidl_generator_py.so
[12.701s] -- Up-to-date symlink: /home/zhijie/autoware/install/rtklib_msgs/local/lib/python3.10/dist-packages/rtklib_msgs/msg/__init__.py
[12.701s] -- Up-to-date symlink: /home/zhijie/autoware/install/rtklib_msgs/local/lib/python3.10/dist-packages/rtklib_msgs/msg/_rtklib_nav.py
[12.701s] -- Up-to-date symlink: /home/zhijie/autoware/install/rtklib_msgs/local/lib/python3.10/dist-packages/rtklib_msgs/msg/_rtklib_nav_s.c
[12.701s] -- Up-to-date symlink: /home/zhijie/autoware/install/rtklib_msgs/local/lib/python3.10/dist-packages/rtklib_msgs/rtklib_msgs_s__rosidl_typesupport_c.cpython-310-x86_64-linux-gnu.so
[12.702s] -- Up-to-date symlink: /home/zhijie/autoware/install/rtklib_msgs/local/lib/python3.10/dist-packages/rtklib_msgs/rtklib_msgs_s__rosidl_typesupport_fastrtps_c.cpython-310-x86_64-linux-gnu.so
[12.702s] -- Up-to-date symlink: /home/zhijie/autoware/install/rtklib_msgs/local/lib/python3.10/dist-packages/rtklib_msgs/rtklib_msgs_s__rosidl_typesupport_introspection_c.cpython-310-x86_64-linux-gnu.so
[12.702s] -- Up-to-date symlink: /home/zhijie/autoware/install/rtklib_msgs/local/lib/python3.10/dist-packages/rtklib_msgs/rtklib_msgs_s__rosidl_typesupport_fastrtps_c.cpython-310-x86_64-linux-gnu.so
[12.702s] -- Up-to-date symlink: /home/zhijie/autoware/install/rtklib_msgs/local/lib/python3.10/dist-packages/rtklib_msgs/rtklib_msgs_s__rosidl_typesupport_introspection_c.cpython-310-x86_64-linux-gnu.so
[12.702s] -- Up-to-date symlink: /home/zhijie/autoware/install/rtklib_msgs/local/lib/python3.10/dist-packages/rtklib_msgs/rtklib_msgs_s__rosidl_typesupport_c.cpython-310-x86_64-linux-gnu.so
[12.702s] -- Up-to-date symlink: /home/zhijie/autoware/install/rtklib_msgs/share/rtklib_msgs/msg/RtklibNav.idl
[12.702s] -- Up-to-date symlink: /home/zhijie/autoware/install/rtklib_msgs/share/rtklib_msgs/msg/RtklibNav.msg
[12.702s] -- Up-to-date symlink: /home/zhijie/autoware/install/rtklib_msgs/share/ament_index/resource_index/package_run_dependencies/rtklib_msgs
[12.703s] -- Up-to-date symlink: /home/zhijie/autoware/install/rtklib_msgs/share/ament_index/resource_index/parent_prefix_path/rtklib_msgs
[12.703s] -- Up-to-date symlink: /home/zhijie/autoware/install/rtklib_msgs/share/rtklib_msgs/environment/ament_prefix_path.sh
[12.703s] -- Up-to-date symlink: /home/zhijie/autoware/install/rtklib_msgs/share/rtklib_msgs/environment/ament_prefix_path.dsv
[12.703s] -- Up-to-date symlink: /home/zhijie/autoware/install/rtklib_msgs/share/rtklib_msgs/environment/path.sh
[12.703s] -- Up-to-date symlink: /home/zhijie/autoware/install/rtklib_msgs/share/rtklib_msgs/environment/path.dsv
[12.703s] -- Up-to-date symlink: /home/zhijie/autoware/install/rtklib_msgs/share/rtklib_msgs/local_setup.bash
[12.703s] -- Up-to-date symlink: /home/zhijie/autoware/install/rtklib_msgs/share/rtklib_msgs/local_setup.sh
[12.703s] -- Up-to-date symlink: /home/zhijie/autoware/install/rtklib_msgs/share/rtklib_msgs/local_setup.zsh
[12.703s] -- Up-to-date symlink: /home/zhijie/autoware/install/rtklib_msgs/share/rtklib_msgs/local_setup.dsv
[12.703s] -- Symlinking: /home/zhijie/autoware/install/rtklib_msgs/share/rtklib_msgs/package.dsv
[12.704s] -- Up-to-date symlink: /home/zhijie/autoware/install/rtklib_msgs/share/ament_index/resource_index/packages/rtklib_msgs
[12.704s] -- Up-to-date symlink: /home/zhijie/autoware/install/rtklib_msgs/share/rtklib_msgs/cmake/rosidl_cmake-extras.cmake
[12.704s] -- Up-to-date symlink: /home/zhijie/autoware/install/rtklib_msgs/share/rtklib_msgs/cmake/ament_cmake_export_dependencies-extras.cmake
[12.704s] -- Up-to-date symlink: /home/zhijie/autoware/install/rtklib_msgs/share/rtklib_msgs/cmake/ament_cmake_export_include_directories-extras.cmake
[12.704s] -- Up-to-date symlink: /home/zhijie/autoware/install/rtklib_msgs/share/rtklib_msgs/cmake/ament_cmake_export_libraries-extras.cmake
[12.704s] -- Up-to-date symlink: /home/zhijie/autoware/install/rtklib_msgs/share/rtklib_msgs/cmake/ament_cmake_export_targets-extras.cmake
[12.704s] -- Up-to-date symlink: /home/zhijie/autoware/install/rtklib_msgs/share/rtklib_msgs/cmake/rosidl_cmake_export_typesupport_targets-extras.cmake
[12.704s] -- Up-to-date symlink: /home/zhijie/autoware/install/rtklib_msgs/share/rtklib_msgs/cmake/rosidl_cmake_export_typesupport_libraries-extras.cmake
[12.704s] -- Up-to-date symlink: /home/zhijie/autoware/install/rtklib_msgs/share/rtklib_msgs/cmake/rtklib_msgsConfig.cmake
[12.705s] -- Up-to-date symlink: /home/zhijie/autoware/install/rtklib_msgs/share/rtklib_msgs/cmake/rtklib_msgsConfig-version.cmake
[12.705s] -- Up-to-date symlink: /home/zhijie/autoware/install/rtklib_msgs/share/rtklib_msgs/package.xml
[12.705s] -- Up-to-date: /home/zhijie/autoware/install/rtklib_msgs/lib/librtklib_msgs__rosidl_generator_c.so
[12.705s] -- Installing: /home/zhijie/autoware/install/rtklib_msgs/lib/librtklib_msgs__rosidl_typesupport_fastrtps_c.so
[12.705s] -- Set runtime path of "/home/zhijie/autoware/install/rtklib_msgs/lib/librtklib_msgs__rosidl_typesupport_fastrtps_c.so" to ""
[12.705s] -- Up-to-date: /home/zhijie/autoware/install/rtklib_msgs/lib/librtklib_msgs__rosidl_typesupport_introspection_c.so
[12.705s] -- Up-to-date: /home/zhijie/autoware/install/rtklib_msgs/lib/librtklib_msgs__rosidl_typesupport_c.so
[12.705s] -- Installing: /home/zhijie/autoware/install/rtklib_msgs/lib/librtklib_msgs__rosidl_typesupport_fastrtps_cpp.so
[12.705s] -- Set runtime path of "/home/zhijie/autoware/install/rtklib_msgs/lib/librtklib_msgs__rosidl_typesupport_fastrtps_cpp.so" to ""
[12.706s] -- Installing: /home/zhijie/autoware/install/rtklib_msgs/lib/librtklib_msgs__rosidl_typesupport_introspection_cpp.so
[12.706s] -- Set runtime path of "/home/zhijie/autoware/install/rtklib_msgs/lib/librtklib_msgs__rosidl_typesupport_introspection_cpp.so" to ""
[12.706s] -- Installing: /home/zhijie/autoware/install/rtklib_msgs/lib/librtklib_msgs__rosidl_typesupport_cpp.so
[12.706s] -- Set runtime path of "/home/zhijie/autoware/install/rtklib_msgs/lib/librtklib_msgs__rosidl_typesupport_cpp.so" to ""
[12.706s] Listing '/home/zhijie/autoware/install/rtklib_msgs/local/lib/python3.10/dist-packages/rtklib_msgs'...
[12.706s] Compiling '/home/zhijie/autoware/install/rtklib_msgs/local/lib/python3.10/dist-packages/rtklib_msgs/__init__.py'...
[12.706s] Listing '/home/zhijie/autoware/install/rtklib_msgs/local/lib/python3.10/dist-packages/rtklib_msgs/msg'...
[12.706s] -- Installing: /home/zhijie/autoware/install/rtklib_msgs/lib/librtklib_msgs__rosidl_generator_py.so
[12.706s] -- Set runtime path of "/home/zhijie/autoware/install/rtklib_msgs/lib/librtklib_msgs__rosidl_generator_py.so" to ""
[12.707s] -- Up-to-date: /home/zhijie/autoware/install/rtklib_msgs/share/rtklib_msgs/cmake/export_rtklib_msgs__rosidl_generator_cExport.cmake
[12.707s] -- Up-to-date: /home/zhijie/autoware/install/rtklib_msgs/share/rtklib_msgs/cmake/export_rtklib_msgs__rosidl_generator_cExport-release.cmake
[12.707s] -- Up-to-date: /home/zhijie/autoware/install/rtklib_msgs/share/rtklib_msgs/cmake/export_rtklib_msgs__rosidl_typesupport_fastrtps_cExport.cmake
[12.707s] -- Up-to-date: /home/zhijie/autoware/install/rtklib_msgs/share/rtklib_msgs/cmake/export_rtklib_msgs__rosidl_typesupport_fastrtps_cExport-release.cmake
[12.707s] -- Up-to-date: /home/zhijie/autoware/install/rtklib_msgs/share/rtklib_msgs/cmake/rtklib_msgs__rosidl_typesupport_introspection_cExport.cmake
[12.707s] -- Up-to-date: /home/zhijie/autoware/install/rtklib_msgs/share/rtklib_msgs/cmake/rtklib_msgs__rosidl_typesupport_introspection_cExport-release.cmake
[12.707s] -- Up-to-date: /home/zhijie/autoware/install/rtklib_msgs/share/rtklib_msgs/cmake/rtklib_msgs__rosidl_typesupport_cExport.cmake
[12.707s] -- Up-to-date: /home/zhijie/autoware/install/rtklib_msgs/share/rtklib_msgs/cmake/rtklib_msgs__rosidl_typesupport_cExport-release.cmake
[12.707s] -- Up-to-date: /home/zhijie/autoware/install/rtklib_msgs/share/rtklib_msgs/cmake/export_rtklib_msgs__rosidl_generator_cppExport.cmake
[12.708s] -- Up-to-date: /home/zhijie/autoware/install/rtklib_msgs/share/rtklib_msgs/cmake/export_rtklib_msgs__rosidl_typesupport_fastrtps_cppExport.cmake
[12.708s] -- Up-to-date: /home/zhijie/autoware/install/rtklib_msgs/share/rtklib_msgs/cmake/export_rtklib_msgs__rosidl_typesupport_fastrtps_cppExport-release.cmake
[12.708s] -- Up-to-date: /home/zhijie/autoware/install/rtklib_msgs/share/rtklib_msgs/cmake/rtklib_msgs__rosidl_typesupport_introspection_cppExport.cmake
[12.708s] -- Up-to-date: /home/zhijie/autoware/install/rtklib_msgs/share/rtklib_msgs/cmake/rtklib_msgs__rosidl_typesupport_introspection_cppExport-release.cmake
[12.708s] -- Up-to-date: /home/zhijie/autoware/install/rtklib_msgs/share/rtklib_msgs/cmake/rtklib_msgs__rosidl_typesupport_cppExport.cmake
[12.708s] -- Up-to-date: /home/zhijie/autoware/install/rtklib_msgs/share/rtklib_msgs/cmake/rtklib_msgs__rosidl_typesupport_cppExport-release.cmake
[12.708s] -- Up-to-date: /home/zhijie/autoware/install/rtklib_msgs/share/rtklib_msgs/cmake/export_rtklib_msgs__rosidl_generator_pyExport.cmake
[12.708s] -- Up-to-date: /home/zhijie/autoware/install/rtklib_msgs/share/rtklib_msgs/cmake/export_rtklib_msgs__rosidl_generator_pyExport-release.cmake
[12.727s] Invoked command in '/home/zhijie/autoware/build/rtklib_msgs' returned '0': CMAKE_PREFIX_PATH=/opt/ros/humble /usr/bin/cmake --install /home/zhijie/autoware/build/rtklib_msgs
