[0.146s] Invoking command in '/home/zhijie/autoware/build/traffic_light_classifier': AMENT_PREFIX_PATH=/home/zhijie/autoware/install/tensorrt_classifier:/home/zhijie/autoware/install/tier4_perception_msgs:/home/zhijie/autoware/install/cuda_utils:/home/zhijie/autoware/install/autoware_cmake:/home/zhijie/autoware/install/autoware_auto_perception_msgs:/home/zhijie/autoware/install/tensorrt_common:/home/zhijie/autoware/install/autoware_auto_geometry_msgs:${AMENT_PREFIX_PATH} CMAKE_PREFIX_PATH=/home/zhijie/autoware/install/tensorrt_classifier:/home/zhijie/autoware/install/tier4_perception_msgs:/home/zhijie/autoware/install/cuda_utils:/home/zhijie/autoware/install/autoware_cmake:/home/zhijie/autoware/install/autoware_auto_perception_msgs:/home/zhijie/autoware/install/tensorrt_common:/home/zhijie/autoware/install/autoware_auto_geometry_msgs:/opt/ros/humble LD_LIBRARY_PATH=/home/zhijie/autoware/install/tensorrt_classifier/lib:/home/zhijie/autoware/install/tier4_perception_msgs/lib:/home/zhijie/autoware/install/autoware_auto_perception_msgs/lib:/home/zhijie/autoware/install/tensorrt_common/lib:/home/zhijie/autoware/install/autoware_auto_geometry_msgs/lib:${LD_LIBRARY_PATH} PYTHONPATH=/home/zhijie/autoware/install/tier4_perception_msgs/local/lib/python3.10/dist-packages:/home/zhijie/autoware/install/autoware_auto_perception_msgs/local/lib/python3.10/dist-packages:/home/zhijie/autoware/install/autoware_auto_geometry_msgs/local/lib/python3.10/dist-packages:${PYTHONPATH} /usr/bin/cmake --build /home/zhijie/autoware/build/traffic_light_classifier -- -j16 -l16
[0.320s] [35m[1mConsolidate compiler generated dependencies of target traffic_light_classifier_nodelet[0m
[0.359s] [ 30%] Built target traffic_light_classifier_nodelet
[0.396s] [35m[1mConsolidate compiler generated dependencies of target single_image_debug_inference[0m
[0.414s] [ 46%] Built target single_image_debug_inference
[0.506s] [35m[1mConsolidate compiler generated dependencies of target single_image_debug_inference_node[0m
[0.557s] [ 84%] Built target single_image_debug_inference_node
[0.606s] [35m[1mConsolidate compiler generated dependencies of target traffic_light_classifier_node[0m
[0.679s] [100%] Built target traffic_light_classifier_node
[0.872s] Invoked command in '/home/zhijie/autoware/build/traffic_light_classifier' returned '0': AMENT_PREFIX_PATH=/home/zhijie/autoware/install/tensorrt_classifier:/home/zhijie/autoware/install/tier4_perception_msgs:/home/zhijie/autoware/install/cuda_utils:/home/zhijie/autoware/install/autoware_cmake:/home/zhijie/autoware/install/autoware_auto_perception_msgs:/home/zhijie/autoware/install/tensorrt_common:/home/zhijie/autoware/install/autoware_auto_geometry_msgs:${AMENT_PREFIX_PATH} CMAKE_PREFIX_PATH=/home/zhijie/autoware/install/tensorrt_classifier:/home/zhijie/autoware/install/tier4_perception_msgs:/home/zhijie/autoware/install/cuda_utils:/home/zhijie/autoware/install/autoware_cmake:/home/zhijie/autoware/install/autoware_auto_perception_msgs:/home/zhijie/autoware/install/tensorrt_common:/home/zhijie/autoware/install/autoware_auto_geometry_msgs:/opt/ros/humble LD_LIBRARY_PATH=/home/zhijie/autoware/install/tensorrt_classifier/lib:/home/zhijie/autoware/install/tier4_perception_msgs/lib:/home/zhijie/autoware/install/autoware_auto_perception_msgs/lib:/home/zhijie/autoware/install/tensorrt_common/lib:/home/zhijie/autoware/install/autoware_auto_geometry_msgs/lib:${LD_LIBRARY_PATH} PYTHONPATH=/home/zhijie/autoware/install/tier4_perception_msgs/local/lib/python3.10/dist-packages:/home/zhijie/autoware/install/autoware_auto_perception_msgs/local/lib/python3.10/dist-packages:/home/zhijie/autoware/install/autoware_auto_geometry_msgs/local/lib/python3.10/dist-packages:${PYTHONPATH} /usr/bin/cmake --build /home/zhijie/autoware/build/traffic_light_classifier -- -j16 -l16
[1.167s] Invoking command in '/home/zhijie/autoware/build/traffic_light_classifier': AMENT_PREFIX_PATH=/home/zhijie/autoware/install/tensorrt_classifier:/home/zhijie/autoware/install/tier4_perception_msgs:/home/zhijie/autoware/install/cuda_utils:/home/zhijie/autoware/install/autoware_cmake:/home/zhijie/autoware/install/autoware_auto_perception_msgs:/home/zhijie/autoware/install/tensorrt_common:/home/zhijie/autoware/install/autoware_auto_geometry_msgs:${AMENT_PREFIX_PATH} CMAKE_PREFIX_PATH=/home/zhijie/autoware/install/tensorrt_classifier:/home/zhijie/autoware/install/tier4_perception_msgs:/home/zhijie/autoware/install/cuda_utils:/home/zhijie/autoware/install/autoware_cmake:/home/zhijie/autoware/install/autoware_auto_perception_msgs:/home/zhijie/autoware/install/tensorrt_common:/home/zhijie/autoware/install/autoware_auto_geometry_msgs:/opt/ros/humble LD_LIBRARY_PATH=/home/zhijie/autoware/install/tensorrt_classifier/lib:/home/zhijie/autoware/install/tier4_perception_msgs/lib:/home/zhijie/autoware/install/autoware_auto_perception_msgs/lib:/home/zhijie/autoware/install/tensorrt_common/lib:/home/zhijie/autoware/install/autoware_auto_geometry_msgs/lib:${LD_LIBRARY_PATH} PYTHONPATH=/home/zhijie/autoware/install/tier4_perception_msgs/local/lib/python3.10/dist-packages:/home/zhijie/autoware/install/autoware_auto_perception_msgs/local/lib/python3.10/dist-packages:/home/zhijie/autoware/install/autoware_auto_geometry_msgs/local/lib/python3.10/dist-packages:${PYTHONPATH} /usr/bin/cmake --install /home/zhijie/autoware/build/traffic_light_classifier
[1.193s] -- Install configuration: "Release"
[1.194s] -- Execute custom install script
[1.194s] -- Up-to-date symlink: /home/zhijie/autoware/install/traffic_light_classifier/lib/traffic_light_classifier/traffic_light_classifier_node
[1.194s] -- Up-to-date symlink: /home/zhijie/autoware/install/traffic_light_classifier/lib/traffic_light_classifier/single_image_debug_inference
[1.194s] -- Up-to-date symlink: /home/zhijie/autoware/install/traffic_light_classifier/include/traffic_light_classifier/classifier_interface.hpp
[1.194s] -- Up-to-date symlink: /home/zhijie/autoware/install/traffic_light_classifier/include/traffic_light_classifier/cnn_classifier.hpp
[1.194s] -- Up-to-date symlink: /home/zhijie/autoware/install/traffic_light_classifier/include/traffic_light_classifier/color_classifier.hpp
[1.194s] -- Up-to-date symlink: /home/zhijie/autoware/install/traffic_light_classifier/include/traffic_light_classifier/nodelet.hpp
[1.194s] -- Up-to-date symlink: /home/zhijie/autoware/install/traffic_light_classifier/share/traffic_light_classifier/environment/library_path.sh
[1.194s] -- Up-to-date symlink: /home/zhijie/autoware/install/traffic_light_classifier/share/traffic_light_classifier/environment/library_path.dsv
[1.195s] -- Up-to-date symlink: /home/zhijie/autoware/install/traffic_light_classifier/lib/libtraffic_light_classifier_nodelet.so
[1.195s] -- Up-to-date symlink: /home/zhijie/autoware/install/traffic_light_classifier/lib/libsingle_image_debug_inference_node.so
[1.195s] -- Up-to-date symlink: /home/zhijie/autoware/install/traffic_light_classifier/share/traffic_light_classifier/launch/traffic_light_classifier.launch.xml
[1.195s] -- Up-to-date symlink: /home/zhijie/autoware/install/traffic_light_classifier/share/ament_index/resource_index/package_run_dependencies/traffic_light_classifier
[1.195s] -- Up-to-date symlink: /home/zhijie/autoware/install/traffic_light_classifier/share/ament_index/resource_index/parent_prefix_path/traffic_light_classifier
[1.195s] -- Up-to-date symlink: /home/zhijie/autoware/install/traffic_light_classifier/share/traffic_light_classifier/environment/ament_prefix_path.sh
[1.195s] -- Up-to-date symlink: /home/zhijie/autoware/install/traffic_light_classifier/share/traffic_light_classifier/environment/ament_prefix_path.dsv
[1.195s] -- Up-to-date symlink: /home/zhijie/autoware/install/traffic_light_classifier/share/traffic_light_classifier/environment/path.sh
[1.195s] -- Up-to-date symlink: /home/zhijie/autoware/install/traffic_light_classifier/share/traffic_light_classifier/environment/path.dsv
[1.196s] -- Up-to-date symlink: /home/zhijie/autoware/install/traffic_light_classifier/share/traffic_light_classifier/local_setup.bash
[1.196s] -- Up-to-date symlink: /home/zhijie/autoware/install/traffic_light_classifier/share/traffic_light_classifier/local_setup.sh
[1.196s] -- Up-to-date symlink: /home/zhijie/autoware/install/traffic_light_classifier/share/traffic_light_classifier/local_setup.zsh
[1.196s] -- Up-to-date symlink: /home/zhijie/autoware/install/traffic_light_classifier/share/traffic_light_classifier/local_setup.dsv
[1.196s] -- Symlinking: /home/zhijie/autoware/install/traffic_light_classifier/share/traffic_light_classifier/package.dsv
[1.225s] -- Up-to-date symlink: /home/zhijie/autoware/install/traffic_light_classifier/share/ament_index/resource_index/packages/traffic_light_classifier
[1.225s] -- Up-to-date symlink: /home/zhijie/autoware/install/traffic_light_classifier/share/ament_index/resource_index/rclcpp_components/traffic_light_classifier
[1.225s] -- Up-to-date symlink: /home/zhijie/autoware/install/traffic_light_classifier/share/traffic_light_classifier/cmake/ament_cmake_export_dependencies-extras.cmake
[1.225s] -- Up-to-date symlink: /home/zhijie/autoware/install/traffic_light_classifier/share/traffic_light_classifier/cmake/ament_cmake_export_include_directories-extras.cmake
[1.225s] -- Up-to-date symlink: /home/zhijie/autoware/install/traffic_light_classifier/share/traffic_light_classifier/cmake/ament_cmake_export_libraries-extras.cmake
[1.225s] -- Up-to-date symlink: /home/zhijie/autoware/install/traffic_light_classifier/share/traffic_light_classifier/cmake/traffic_light_classifierConfig.cmake
[1.225s] -- Up-to-date symlink: /home/zhijie/autoware/install/traffic_light_classifier/share/traffic_light_classifier/cmake/traffic_light_classifierConfig-version.cmake
[1.225s] -- Up-to-date symlink: /home/zhijie/autoware/install/traffic_light_classifier/share/traffic_light_classifier/package.xml
[1.360s] Invoked command in '/home/zhijie/autoware/build/traffic_light_classifier' returned '0': AMENT_PREFIX_PATH=/home/zhijie/autoware/install/tensorrt_classifier:/home/zhijie/autoware/install/tier4_perception_msgs:/home/zhijie/autoware/install/cuda_utils:/home/zhijie/autoware/install/autoware_cmake:/home/zhijie/autoware/install/autoware_auto_perception_msgs:/home/zhijie/autoware/install/tensorrt_common:/home/zhijie/autoware/install/autoware_auto_geometry_msgs:${AMENT_PREFIX_PATH} CMAKE_PREFIX_PATH=/home/zhijie/autoware/install/tensorrt_classifier:/home/zhijie/autoware/install/tier4_perception_msgs:/home/zhijie/autoware/install/cuda_utils:/home/zhijie/autoware/install/autoware_cmake:/home/zhijie/autoware/install/autoware_auto_perception_msgs:/home/zhijie/autoware/install/tensorrt_common:/home/zhijie/autoware/install/autoware_auto_geometry_msgs:/opt/ros/humble LD_LIBRARY_PATH=/home/zhijie/autoware/install/tensorrt_classifier/lib:/home/zhijie/autoware/install/tier4_perception_msgs/lib:/home/zhijie/autoware/install/autoware_auto_perception_msgs/lib:/home/zhijie/autoware/install/tensorrt_common/lib:/home/zhijie/autoware/install/autoware_auto_geometry_msgs/lib:${LD_LIBRARY_PATH} PYTHONPATH=/home/zhijie/autoware/install/tier4_perception_msgs/local/lib/python3.10/dist-packages:/home/zhijie/autoware/install/autoware_auto_perception_msgs/local/lib/python3.10/dist-packages:/home/zhijie/autoware/install/autoware_auto_geometry_msgs/local/lib/python3.10/dist-packages:${PYTHONPATH} /usr/bin/cmake --install /home/zhijie/autoware/build/traffic_light_classifier
