[ 20%] Built target ulc_node
[ 40%] Built target gtest_main
[ 40%] Built target ament_cmake_python_symlink_dataspeed_ulc_can
[ 60%] Built target dataspeed_ulc_can
[ 80%] Built target gtest
[100%] Built target ulc_test_node
running egg_info
writing dataspeed_ulc_can.egg-info/PKG-INFO
writing dependency_links to dataspeed_ulc_can.egg-info/dependency_links.txt
writing top-level names to dataspeed_ulc_can.egg-info/top_level.txt
reading manifest file 'dataspeed_ulc_can.egg-info/SOURCES.txt'
writing manifest file 'dataspeed_ulc_can.egg-info/SOURCES.txt'
[100%] Built target ament_cmake_python_build_dataspeed_ulc_can_egg
-- Install configuration: "Release"
-- Execute custom install script
-- Up-to-date symlink: /home/mtl12345/autoware/install/dataspeed_ulc_can/lib/libdataspeed_ulc_can.so
-- Up-to-date symlink: /home/mtl12345/autoware/install/dataspeed_ulc_can/lib/dataspeed_ulc_can/ulc_node
-- Up-to-date symlink: /home/mtl12345/autoware/install/dataspeed_ulc_can/include/dataspeed_ulc_can/dispatch.hpp
-- Up-to-date symlink: /home/mtl12345/autoware/install/dataspeed_ulc_can/share/dataspeed_ulc_can/environment/pythonpath.sh
-- Up-to-date symlink: /home/mtl12345/autoware/install/dataspeed_ulc_can/share/dataspeed_ulc_can/environment/pythonpath.dsv
-- Up-to-date symlink: /home/mtl12345/autoware/install/dataspeed_ulc_can/local/lib/python3.10/dist-packages/dataspeed_ulc_can-2.1.3-py3.10.egg-info/PKG-INFO
-- Up-to-date symlink: /home/mtl12345/autoware/install/dataspeed_ulc_can/local/lib/python3.10/dist-packages/dataspeed_ulc_can-2.1.3-py3.10.egg-info/SOURCES.txt
-- Up-to-date symlink: /home/mtl12345/autoware/install/dataspeed_ulc_can/local/lib/python3.10/dist-packages/dataspeed_ulc_can-2.1.3-py3.10.egg-info/dependency_links.txt
-- Up-to-date symlink: /home/mtl12345/autoware/install/dataspeed_ulc_can/local/lib/python3.10/dist-packages/dataspeed_ulc_can-2.1.3-py3.10.egg-info/top_level.txt
-- Up-to-date symlink: /home/mtl12345/autoware/install/dataspeed_ulc_can/local/lib/python3.10/dist-packages/dataspeed_ulc_can/__init__.py
-- Up-to-date symlink: /home/mtl12345/autoware/install/dataspeed_ulc_can/local/lib/python3.10/dist-packages/dataspeed_ulc_can/speed.py
-- Up-to-date symlink: /home/mtl12345/autoware/install/dataspeed_ulc_can/share/ament_index/resource_index/package_run_dependencies/dataspeed_ulc_can
-- Up-to-date symlink: /home/mtl12345/autoware/install/dataspeed_ulc_can/share/ament_index/resource_index/parent_prefix_path/dataspeed_ulc_can
-- Up-to-date symlink: /home/mtl12345/autoware/install/dataspeed_ulc_can/share/dataspeed_ulc_can/environment/ament_prefix_path.sh
-- Up-to-date symlink: /home/mtl12345/autoware/install/dataspeed_ulc_can/share/dataspeed_ulc_can/environment/ament_prefix_path.dsv
-- Up-to-date symlink: /home/mtl12345/autoware/install/dataspeed_ulc_can/share/dataspeed_ulc_can/environment/path.sh
-- Up-to-date symlink: /home/mtl12345/autoware/install/dataspeed_ulc_can/share/dataspeed_ulc_can/environment/path.dsv
-- Up-to-date symlink: /home/mtl12345/autoware/install/dataspeed_ulc_can/share/dataspeed_ulc_can/local_setup.bash
-- Up-to-date symlink: /home/mtl12345/autoware/install/dataspeed_ulc_can/share/dataspeed_ulc_can/local_setup.sh
-- Up-to-date symlink: /home/mtl12345/autoware/install/dataspeed_ulc_can/share/dataspeed_ulc_can/local_setup.zsh
-- Up-to-date symlink: /home/mtl12345/autoware/install/dataspeed_ulc_can/share/dataspeed_ulc_can/local_setup.dsv
-- Symlinking: /home/mtl12345/autoware/install/dataspeed_ulc_can/share/dataspeed_ulc_can/package.dsv
-- Up-to-date symlink: /home/mtl12345/autoware/install/dataspeed_ulc_can/share/ament_index/resource_index/packages/dataspeed_ulc_can
-- Up-to-date symlink: /home/mtl12345/autoware/install/dataspeed_ulc_can/share/ament_index/resource_index/rclcpp_components/dataspeed_ulc_can
-- Up-to-date symlink: /home/mtl12345/autoware/install/dataspeed_ulc_can/share/dataspeed_ulc_can/cmake/ament_cmake_export_include_directories-extras.cmake
-- Up-to-date symlink: /home/mtl12345/autoware/install/dataspeed_ulc_can/share/dataspeed_ulc_can/cmake/dataspeed_ulc_canConfig.cmake
-- Up-to-date symlink: /home/mtl12345/autoware/install/dataspeed_ulc_can/share/dataspeed_ulc_can/cmake/dataspeed_ulc_canConfig-version.cmake
-- Up-to-date symlink: /home/mtl12345/autoware/install/dataspeed_ulc_can/share/dataspeed_ulc_can/package.xml
-- Up-to-date: /home/mtl12345/autoware/install/dataspeed_ulc_can/lib/dataspeed_ulc_can/scripts
-- Up-to-date: /home/mtl12345/autoware/install/dataspeed_ulc_can/lib/dataspeed_ulc_can/scripts/speed_sine_wave.py
-- Up-to-date: /home/mtl12345/autoware/install/dataspeed_ulc_can/lib/dataspeed_ulc_can/scripts/speed_square_wave.py
Listing '/home/mtl12345/autoware/install/dataspeed_ulc_can/local/lib/python3.10/dist-packages/dataspeed_ulc_can'...
