[0.116s] Invoking command in '/home/zhijie/autoware/build/geography_utils': AMENT_PREFIX_PATH=/home/zhijie/autoware/install/lanelet2_extension:/home/zhijie/autoware/install/autoware_utils:/home/zhijie/autoware/install/autoware_cmake:/home/zhijie/autoware/install/autoware_auto_planning_msgs:/home/zhijie/autoware/install/tier4_map_msgs:/home/zhijie/autoware/install/autoware_planning_msgs:/home/zhijie/autoware/install/autoware_lint_common:/home/zhijie/autoware/install/autoware_auto_mapping_msgs:/home/zhijie/autoware/install/autoware_auto_geometry_msgs:${AMENT_PREFIX_PATH} CMAKE_PREFIX_PATH=/home/zhijie/autoware/install/lanelet2_extension:/home/zhijie/autoware/install/autoware_utils:/home/zhijie/autoware/install/autoware_cmake:/home/zhijie/autoware/install/autoware_auto_planning_msgs:/home/zhijie/autoware/install/tier4_map_msgs:/home/zhijie/autoware/install/autoware_planning_msgs:/home/zhijie/autoware/install/autoware_lint_common:/home/zhijie/autoware/install/autoware_auto_mapping_msgs:/home/zhijie/autoware/install/autoware_auto_geometry_msgs:/opt/ros/humble LD_LIBRARY_PATH=/home/zhijie/autoware/install/lanelet2_extension/lib:/home/zhijie/autoware/install/autoware_utils/lib:/home/zhijie/autoware/install/autoware_auto_planning_msgs/lib:/home/zhijie/autoware/install/tier4_map_msgs/lib:/home/zhijie/autoware/install/autoware_planning_msgs/lib:/home/zhijie/autoware/install/autoware_auto_mapping_msgs/lib:/home/zhijie/autoware/install/autoware_auto_geometry_msgs/lib:${LD_LIBRARY_PATH} PYTHONPATH=/home/zhijie/autoware/install/autoware_auto_planning_msgs/local/lib/python3.10/dist-packages:/home/zhijie/autoware/install/tier4_map_msgs/local/lib/python3.10/dist-packages:/home/zhijie/autoware/install/autoware_planning_msgs/local/lib/python3.10/dist-packages:/home/zhijie/autoware/install/autoware_auto_mapping_msgs/local/lib/python3.10/dist-packages:/home/zhijie/autoware/install/autoware_auto_geometry_msgs/local/lib/python3.10/dist-packages:${PYTHONPATH} /usr/bin/cmake /home/zhijie/autoware/src/universe/autoware.universe/common/geography_utils -DCMAKE_BUILD_TYPE=Release -DAMENT_CMAKE_SYMLINK_INSTALL=1 -DCMAKE_INSTALL_PREFIX=/home/zhijie/autoware/install/geography_utils
[7.862s] -- Found autoware_cmake: 0.1.0 (/home/zhijie/autoware/install/autoware_cmake/share/autoware_cmake/cmake)
[7.862s] -- Override CMake install command with custom implementation using symlinks instead of copying resources
[7.862s] -- Found rosidl_generator_c: 3.1.5 (/opt/ros/humble/share/rosidl_generator_c/cmake)
[7.862s] -- Found rosidl_adapter: 3.1.5 (/opt/ros/humble/share/rosidl_adapter/cmake)
[7.862s] -- Found rosidl_generator_cpp: 3.1.5 (/opt/ros/humble/share/rosidl_generator_cpp/cmake)
[7.862s] -- Using all available rosidl_typesupport_c: rosidl_typesupport_fastrtps_c;rosidl_typesupport_introspection_c
[7.862s] -- Using all available rosidl_typesupport_cpp: rosidl_typesupport_fastrtps_cpp;rosidl_typesupport_introspection_cpp
[7.862s] -- Found rmw_implementation_cmake: 6.1.1 (/opt/ros/humble/share/rmw_implementation_cmake/cmake)
[7.862s] -- Found rmw_cyclonedds_cpp: 1.3.4 (/opt/ros/humble/share/rmw_cyclonedds_cpp/cmake)
[7.863s] -- Using RMW implementation 'rmw_cyclonedds_cpp' as default
[7.863s] -- Found mrt_cmake_modules: 1.0.9 (/opt/ros/humble/share/mrt_cmake_modules/cmake)
[7.863s] -- Found eigen3_cmake_module: 0.1.1 (/opt/ros/humble/share/eigen3_cmake_module/cmake)
[7.863s] -- Ensuring Eigen3 include directory is part of orocos-kdl CMake target
[7.863s] -- Found ament_lint_auto: 0.12.8 (/opt/ros/humble/share/ament_lint_auto/cmake)
[7.863s] -- Found gtest sources under '/opt/ros/humble/src/gtest_vendor': C++ tests using 'Google Test' will be built
[7.863s] -- Added test 'copyright' to check source files copyright and LICENSE
[7.863s] -- Added test 'cppcheck' to perform static code analysis on C / C++ code
[7.863s] -- Configured cppcheck include dirs: /home/zhijie/autoware/src/universe/autoware.universe/common/geography_utils/include
[7.864s] -- Configured cppcheck exclude dirs and/or files: 
[7.864s] -- Added test 'lint_cmake' to check CMake code style
[7.864s] -- Added test 'xmllint' to check XML markup files
[7.864s] -- Configuring done
[7.864s] -- Generating done
[7.864s] -- Build files have been written to: /home/zhijie/autoware/build/geography_utils
[7.895s] Invoked command in '/home/zhijie/autoware/build/geography_utils' returned '0': AMENT_PREFIX_PATH=/home/zhijie/autoware/install/lanelet2_extension:/home/zhijie/autoware/install/autoware_utils:/home/zhijie/autoware/install/autoware_cmake:/home/zhijie/autoware/install/autoware_auto_planning_msgs:/home/zhijie/autoware/install/tier4_map_msgs:/home/zhijie/autoware/install/autoware_planning_msgs:/home/zhijie/autoware/install/autoware_lint_common:/home/zhijie/autoware/install/autoware_auto_mapping_msgs:/home/zhijie/autoware/install/autoware_auto_geometry_msgs:${AMENT_PREFIX_PATH} CMAKE_PREFIX_PATH=/home/zhijie/autoware/install/lanelet2_extension:/home/zhijie/autoware/install/autoware_utils:/home/zhijie/autoware/install/autoware_cmake:/home/zhijie/autoware/install/autoware_auto_planning_msgs:/home/zhijie/autoware/install/tier4_map_msgs:/home/zhijie/autoware/install/autoware_planning_msgs:/home/zhijie/autoware/install/autoware_lint_common:/home/zhijie/autoware/install/autoware_auto_mapping_msgs:/home/zhijie/autoware/install/autoware_auto_geometry_msgs:/opt/ros/humble LD_LIBRARY_PATH=/home/zhijie/autoware/install/lanelet2_extension/lib:/home/zhijie/autoware/install/autoware_utils/lib:/home/zhijie/autoware/install/autoware_auto_planning_msgs/lib:/home/zhijie/autoware/install/tier4_map_msgs/lib:/home/zhijie/autoware/install/autoware_planning_msgs/lib:/home/zhijie/autoware/install/autoware_auto_mapping_msgs/lib:/home/zhijie/autoware/install/autoware_auto_geometry_msgs/lib:${LD_LIBRARY_PATH} PYTHONPATH=/home/zhijie/autoware/install/autoware_auto_planning_msgs/local/lib/python3.10/dist-packages:/home/zhijie/autoware/install/tier4_map_msgs/local/lib/python3.10/dist-packages:/home/zhijie/autoware/install/autoware_planning_msgs/local/lib/python3.10/dist-packages:/home/zhijie/autoware/install/autoware_auto_mapping_msgs/local/lib/python3.10/dist-packages:/home/zhijie/autoware/install/autoware_auto_geometry_msgs/local/lib/python3.10/dist-packages:${PYTHONPATH} /usr/bin/cmake /home/zhijie/autoware/src/universe/autoware.universe/common/geography_utils -DCMAKE_BUILD_TYPE=Release -DAMENT_CMAKE_SYMLINK_INSTALL=1 -DCMAKE_INSTALL_PREFIX=/home/zhijie/autoware/install/geography_utils
[7.898s] Invoking command in '/home/zhijie/autoware/build/geography_utils': AMENT_PREFIX_PATH=/home/zhijie/autoware/install/lanelet2_extension:/home/zhijie/autoware/install/autoware_utils:/home/zhijie/autoware/install/autoware_cmake:/home/zhijie/autoware/install/autoware_auto_planning_msgs:/home/zhijie/autoware/install/tier4_map_msgs:/home/zhijie/autoware/install/autoware_planning_msgs:/home/zhijie/autoware/install/autoware_lint_common:/home/zhijie/autoware/install/autoware_auto_mapping_msgs:/home/zhijie/autoware/install/autoware_auto_geometry_msgs:${AMENT_PREFIX_PATH} CMAKE_PREFIX_PATH=/home/zhijie/autoware/install/lanelet2_extension:/home/zhijie/autoware/install/autoware_utils:/home/zhijie/autoware/install/autoware_cmake:/home/zhijie/autoware/install/autoware_auto_planning_msgs:/home/zhijie/autoware/install/tier4_map_msgs:/home/zhijie/autoware/install/autoware_planning_msgs:/home/zhijie/autoware/install/autoware_lint_common:/home/zhijie/autoware/install/autoware_auto_mapping_msgs:/home/zhijie/autoware/install/autoware_auto_geometry_msgs:/opt/ros/humble LD_LIBRARY_PATH=/home/zhijie/autoware/install/lanelet2_extension/lib:/home/zhijie/autoware/install/autoware_utils/lib:/home/zhijie/autoware/install/autoware_auto_planning_msgs/lib:/home/zhijie/autoware/install/tier4_map_msgs/lib:/home/zhijie/autoware/install/autoware_planning_msgs/lib:/home/zhijie/autoware/install/autoware_auto_mapping_msgs/lib:/home/zhijie/autoware/install/autoware_auto_geometry_msgs/lib:${LD_LIBRARY_PATH} PYTHONPATH=/home/zhijie/autoware/install/autoware_auto_planning_msgs/local/lib/python3.10/dist-packages:/home/zhijie/autoware/install/tier4_map_msgs/local/lib/python3.10/dist-packages:/home/zhijie/autoware/install/autoware_planning_msgs/local/lib/python3.10/dist-packages:/home/zhijie/autoware/install/autoware_auto_mapping_msgs/local/lib/python3.10/dist-packages:/home/zhijie/autoware/install/autoware_auto_geometry_msgs/local/lib/python3.10/dist-packages:${PYTHONPATH} /usr/bin/cmake --build /home/zhijie/autoware/build/geography_utils -- -j16 -l16
[11.702s] [35m[1mConsolidate compiler generated dependencies of target geography_utils[0m
[11.702s] [  8%] [32mBuilding CXX object CMakeFiles/geography_utils.dir/src/height.cpp.o[0m
[11.702s] [ 16%] [32mBuilding CXX object CMakeFiles/geography_utils.dir/src/lanelet2_projector.cpp.o[0m
[12.170s] [ 25%] [32mBuilding CXX object CMakeFiles/geography_utils.dir/src/projection.cpp.o[0m
[15.005s] [ 33%] [32m[1mLinking CXX shared library libgeography_utils.so[0m
[15.504s] [ 33%] Built target geography_utils
[15.530s] [35m[1mConsolidate compiler generated dependencies of target gtest[0m
[15.573s] [ 41%] [32mBuilding CXX object gtest/CMakeFiles/gtest.dir/src/gtest-all.cc.o[0m
[28.132s] [ 50%] [32m[1mLinking CXX static library libgtest.a[0m
[28.255s] [ 50%] Built target gtest
[28.312s] [35m[1mConsolidate compiler generated dependencies of target gtest_main[0m
[28.344s] [ 58%] [32mBuilding CXX object gtest/CMakeFiles/gtest_main.dir/src/gtest_main.cc.o[0m
[29.957s] [ 66%] [32m[1mLinking CXX static library libgtest_main.a[0m
[30.060s] [ 66%] Built target gtest_main
[30.098s] [35m[1mConsolidate compiler generated dependencies of target test_geography_utils[0m
[30.192s] [ 75%] [32mBuilding CXX object CMakeFiles/test_geography_utils.dir/test/test_geography_utils.cpp.o[0m
[33.549s] [ 83%] [32mBuilding CXX object CMakeFiles/test_geography_utils.dir/test/test_projection.cpp.o[0m
[36.118s] [ 91%] [32mBuilding CXX object CMakeFiles/test_geography_utils.dir/test/test_height.cpp.o[0m
[38.015s] [100%] [32m[1mLinking CXX executable test_geography_utils[0m
[39.557s] [100%] Built target test_geography_utils
[39.612s] Invoked command in '/home/zhijie/autoware/build/geography_utils' returned '0': AMENT_PREFIX_PATH=/home/zhijie/autoware/install/lanelet2_extension:/home/zhijie/autoware/install/autoware_utils:/home/zhijie/autoware/install/autoware_cmake:/home/zhijie/autoware/install/autoware_auto_planning_msgs:/home/zhijie/autoware/install/tier4_map_msgs:/home/zhijie/autoware/install/autoware_planning_msgs:/home/zhijie/autoware/install/autoware_lint_common:/home/zhijie/autoware/install/autoware_auto_mapping_msgs:/home/zhijie/autoware/install/autoware_auto_geometry_msgs:${AMENT_PREFIX_PATH} CMAKE_PREFIX_PATH=/home/zhijie/autoware/install/lanelet2_extension:/home/zhijie/autoware/install/autoware_utils:/home/zhijie/autoware/install/autoware_cmake:/home/zhijie/autoware/install/autoware_auto_planning_msgs:/home/zhijie/autoware/install/tier4_map_msgs:/home/zhijie/autoware/install/autoware_planning_msgs:/home/zhijie/autoware/install/autoware_lint_common:/home/zhijie/autoware/install/autoware_auto_mapping_msgs:/home/zhijie/autoware/install/autoware_auto_geometry_msgs:/opt/ros/humble LD_LIBRARY_PATH=/home/zhijie/autoware/install/lanelet2_extension/lib:/home/zhijie/autoware/install/autoware_utils/lib:/home/zhijie/autoware/install/autoware_auto_planning_msgs/lib:/home/zhijie/autoware/install/tier4_map_msgs/lib:/home/zhijie/autoware/install/autoware_planning_msgs/lib:/home/zhijie/autoware/install/autoware_auto_mapping_msgs/lib:/home/zhijie/autoware/install/autoware_auto_geometry_msgs/lib:${LD_LIBRARY_PATH} PYTHONPATH=/home/zhijie/autoware/install/autoware_auto_planning_msgs/local/lib/python3.10/dist-packages:/home/zhijie/autoware/install/tier4_map_msgs/local/lib/python3.10/dist-packages:/home/zhijie/autoware/install/autoware_planning_msgs/local/lib/python3.10/dist-packages:/home/zhijie/autoware/install/autoware_auto_mapping_msgs/local/lib/python3.10/dist-packages:/home/zhijie/autoware/install/autoware_auto_geometry_msgs/local/lib/python3.10/dist-packages:${PYTHONPATH} /usr/bin/cmake --build /home/zhijie/autoware/build/geography_utils -- -j16 -l16
[40.051s] Invoking command in '/home/zhijie/autoware/build/geography_utils': AMENT_PREFIX_PATH=/home/zhijie/autoware/install/lanelet2_extension:/home/zhijie/autoware/install/autoware_utils:/home/zhijie/autoware/install/autoware_cmake:/home/zhijie/autoware/install/autoware_auto_planning_msgs:/home/zhijie/autoware/install/tier4_map_msgs:/home/zhijie/autoware/install/autoware_planning_msgs:/home/zhijie/autoware/install/autoware_lint_common:/home/zhijie/autoware/install/autoware_auto_mapping_msgs:/home/zhijie/autoware/install/autoware_auto_geometry_msgs:${AMENT_PREFIX_PATH} CMAKE_PREFIX_PATH=/home/zhijie/autoware/install/lanelet2_extension:/home/zhijie/autoware/install/autoware_utils:/home/zhijie/autoware/install/autoware_cmake:/home/zhijie/autoware/install/autoware_auto_planning_msgs:/home/zhijie/autoware/install/tier4_map_msgs:/home/zhijie/autoware/install/autoware_planning_msgs:/home/zhijie/autoware/install/autoware_lint_common:/home/zhijie/autoware/install/autoware_auto_mapping_msgs:/home/zhijie/autoware/install/autoware_auto_geometry_msgs:/opt/ros/humble LD_LIBRARY_PATH=/home/zhijie/autoware/install/lanelet2_extension/lib:/home/zhijie/autoware/install/autoware_utils/lib:/home/zhijie/autoware/install/autoware_auto_planning_msgs/lib:/home/zhijie/autoware/install/tier4_map_msgs/lib:/home/zhijie/autoware/install/autoware_planning_msgs/lib:/home/zhijie/autoware/install/autoware_auto_mapping_msgs/lib:/home/zhijie/autoware/install/autoware_auto_geometry_msgs/lib:${LD_LIBRARY_PATH} PYTHONPATH=/home/zhijie/autoware/install/autoware_auto_planning_msgs/local/lib/python3.10/dist-packages:/home/zhijie/autoware/install/tier4_map_msgs/local/lib/python3.10/dist-packages:/home/zhijie/autoware/install/autoware_planning_msgs/local/lib/python3.10/dist-packages:/home/zhijie/autoware/install/autoware_auto_mapping_msgs/local/lib/python3.10/dist-packages:/home/zhijie/autoware/install/autoware_auto_geometry_msgs/local/lib/python3.10/dist-packages:${PYTHONPATH} /usr/bin/cmake --install /home/zhijie/autoware/build/geography_utils
[58.781s] -- Install configuration: "Release"
[58.781s] -- Execute custom install script
[58.784s] -- Up-to-date symlink: /home/zhijie/autoware/install/geography_utils/include/geography_utils/height.hpp
[58.784s] -- Up-to-date symlink: /home/zhijie/autoware/install/geography_utils/include/geography_utils/lanelet2_projector.hpp
[58.785s] -- Up-to-date symlink: /home/zhijie/autoware/install/geography_utils/include/geography_utils/projection.hpp
[58.785s] -- Up-to-date symlink: /home/zhijie/autoware/install/geography_utils/share/geography_utils/environment/library_path.sh
[58.785s] -- Up-to-date symlink: /home/zhijie/autoware/install/geography_utils/share/geography_utils/environment/library_path.dsv
[58.785s] -- Up-to-date symlink: /home/zhijie/autoware/install/geography_utils/lib/libgeography_utils.so
[58.785s] -- Up-to-date symlink: /home/zhijie/autoware/install/geography_utils/share/ament_index/resource_index/package_run_dependencies/geography_utils
[58.785s] -- Up-to-date symlink: /home/zhijie/autoware/install/geography_utils/share/ament_index/resource_index/parent_prefix_path/geography_utils
[58.785s] -- Up-to-date symlink: /home/zhijie/autoware/install/geography_utils/share/geography_utils/environment/ament_prefix_path.sh
[58.785s] -- Up-to-date symlink: /home/zhijie/autoware/install/geography_utils/share/geography_utils/environment/ament_prefix_path.dsv
[58.785s] -- Up-to-date symlink: /home/zhijie/autoware/install/geography_utils/share/geography_utils/environment/path.sh
[58.786s] -- Up-to-date symlink: /home/zhijie/autoware/install/geography_utils/share/geography_utils/environment/path.dsv
[58.786s] -- Up-to-date symlink: /home/zhijie/autoware/install/geography_utils/share/geography_utils/local_setup.bash
[58.786s] -- Up-to-date symlink: /home/zhijie/autoware/install/geography_utils/share/geography_utils/local_setup.sh
[58.786s] -- Up-to-date symlink: /home/zhijie/autoware/install/geography_utils/share/geography_utils/local_setup.zsh
[58.786s] -- Up-to-date symlink: /home/zhijie/autoware/install/geography_utils/share/geography_utils/local_setup.dsv
[58.786s] -- Symlinking: /home/zhijie/autoware/install/geography_utils/share/geography_utils/package.dsv
[58.786s] -- Up-to-date symlink: /home/zhijie/autoware/install/geography_utils/share/ament_index/resource_index/packages/geography_utils
[58.786s] -- Up-to-date symlink: /home/zhijie/autoware/install/geography_utils/share/geography_utils/cmake/ament_cmake_export_dependencies-extras.cmake
[58.787s] -- Up-to-date symlink: /home/zhijie/autoware/install/geography_utils/share/geography_utils/cmake/ament_cmake_export_include_directories-extras.cmake
[58.787s] -- Up-to-date symlink: /home/zhijie/autoware/install/geography_utils/share/geography_utils/cmake/ament_cmake_export_libraries-extras.cmake
[58.787s] -- Up-to-date symlink: /home/zhijie/autoware/install/geography_utils/share/geography_utils/cmake/geography_utilsConfig.cmake
[58.787s] -- Up-to-date symlink: /home/zhijie/autoware/install/geography_utils/share/geography_utils/cmake/geography_utilsConfig-version.cmake
[58.787s] -- Up-to-date symlink: /home/zhijie/autoware/install/geography_utils/share/geography_utils/package.xml
[58.805s] Invoked command in '/home/zhijie/autoware/build/geography_utils' returned '0': AMENT_PREFIX_PATH=/home/zhijie/autoware/install/lanelet2_extension:/home/zhijie/autoware/install/autoware_utils:/home/zhijie/autoware/install/autoware_cmake:/home/zhijie/autoware/install/autoware_auto_planning_msgs:/home/zhijie/autoware/install/tier4_map_msgs:/home/zhijie/autoware/install/autoware_planning_msgs:/home/zhijie/autoware/install/autoware_lint_common:/home/zhijie/autoware/install/autoware_auto_mapping_msgs:/home/zhijie/autoware/install/autoware_auto_geometry_msgs:${AMENT_PREFIX_PATH} CMAKE_PREFIX_PATH=/home/zhijie/autoware/install/lanelet2_extension:/home/zhijie/autoware/install/autoware_utils:/home/zhijie/autoware/install/autoware_cmake:/home/zhijie/autoware/install/autoware_auto_planning_msgs:/home/zhijie/autoware/install/tier4_map_msgs:/home/zhijie/autoware/install/autoware_planning_msgs:/home/zhijie/autoware/install/autoware_lint_common:/home/zhijie/autoware/install/autoware_auto_mapping_msgs:/home/zhijie/autoware/install/autoware_auto_geometry_msgs:/opt/ros/humble LD_LIBRARY_PATH=/home/zhijie/autoware/install/lanelet2_extension/lib:/home/zhijie/autoware/install/autoware_utils/lib:/home/zhijie/autoware/install/autoware_auto_planning_msgs/lib:/home/zhijie/autoware/install/tier4_map_msgs/lib:/home/zhijie/autoware/install/autoware_planning_msgs/lib:/home/zhijie/autoware/install/autoware_auto_mapping_msgs/lib:/home/zhijie/autoware/install/autoware_auto_geometry_msgs/lib:${LD_LIBRARY_PATH} PYTHONPATH=/home/zhijie/autoware/install/autoware_auto_planning_msgs/local/lib/python3.10/dist-packages:/home/zhijie/autoware/install/tier4_map_msgs/local/lib/python3.10/dist-packages:/home/zhijie/autoware/install/autoware_planning_msgs/local/lib/python3.10/dist-packages:/home/zhijie/autoware/install/autoware_auto_mapping_msgs/local/lib/python3.10/dist-packages:/home/zhijie/autoware/install/autoware_auto_geometry_msgs/local/lib/python3.10/dist-packages:${PYTHONPATH} /usr/bin/cmake --install /home/zhijie/autoware/build/geography_utils
