[0.122s] Invoking command in '/home/zhijie/autoware/build/tier4_adapi_rviz_plugin': AMENT_PREFIX_PATH=/home/zhijie/autoware/install/component_interface_utils:/home/zhijie/autoware/install/autoware_ad_api_specs:/home/zhijie/autoware/install/tier4_system_msgs:/home/zhijie/autoware/install/autoware_cmake:/home/zhijie/autoware/install/autoware_lint_common:/home/zhijie/autoware/install/autoware_common_msgs:/home/zhijie/autoware/install/autoware_adapi_v1_msgs:${AMENT_PREFIX_PATH} CMAKE_PREFIX_PATH=/home/zhijie/autoware/install/component_interface_utils:/home/zhijie/autoware/install/autoware_ad_api_specs:/home/zhijie/autoware/install/tier4_system_msgs:/home/zhijie/autoware/install/autoware_cmake:/home/zhijie/autoware/install/autoware_lint_common:/home/zhijie/autoware/install/autoware_common_msgs:/home/zhijie/autoware/install/autoware_adapi_v1_msgs:/opt/ros/humble LD_LIBRARY_PATH=/home/zhijie/autoware/install/tier4_system_msgs/lib:/home/zhijie/autoware/install/autoware_common_msgs/lib:/home/zhijie/autoware/install/autoware_adapi_v1_msgs/lib:${LD_LIBRARY_PATH} PYTHONPATH=/home/zhijie/autoware/install/tier4_system_msgs/local/lib/python3.10/dist-packages:/home/zhijie/autoware/install/autoware_common_msgs/local/lib/python3.10/dist-packages:/home/zhijie/autoware/install/autoware_adapi_v1_msgs/local/lib/python3.10/dist-packages:${PYTHONPATH} /usr/bin/cmake --build /home/zhijie/autoware/build/tier4_adapi_rviz_plugin -- -j16 -l16
[0.183s] [ 20%] [34m[1mAutomatic MOC for target tier4_adapi_rviz_plugin[0m
[0.206s] [ 20%] Built target tier4_adapi_rviz_plugin_autogen
[0.230s] [35m[1mConsolidate compiler generated dependencies of target tier4_adapi_rviz_plugin[0m
[0.250s] [100%] Built target tier4_adapi_rviz_plugin
[0.294s] Invoked command in '/home/zhijie/autoware/build/tier4_adapi_rviz_plugin' returned '0': AMENT_PREFIX_PATH=/home/zhijie/autoware/install/component_interface_utils:/home/zhijie/autoware/install/autoware_ad_api_specs:/home/zhijie/autoware/install/tier4_system_msgs:/home/zhijie/autoware/install/autoware_cmake:/home/zhijie/autoware/install/autoware_lint_common:/home/zhijie/autoware/install/autoware_common_msgs:/home/zhijie/autoware/install/autoware_adapi_v1_msgs:${AMENT_PREFIX_PATH} CMAKE_PREFIX_PATH=/home/zhijie/autoware/install/component_interface_utils:/home/zhijie/autoware/install/autoware_ad_api_specs:/home/zhijie/autoware/install/tier4_system_msgs:/home/zhijie/autoware/install/autoware_cmake:/home/zhijie/autoware/install/autoware_lint_common:/home/zhijie/autoware/install/autoware_common_msgs:/home/zhijie/autoware/install/autoware_adapi_v1_msgs:/opt/ros/humble LD_LIBRARY_PATH=/home/zhijie/autoware/install/tier4_system_msgs/lib:/home/zhijie/autoware/install/autoware_common_msgs/lib:/home/zhijie/autoware/install/autoware_adapi_v1_msgs/lib:${LD_LIBRARY_PATH} PYTHONPATH=/home/zhijie/autoware/install/tier4_system_msgs/local/lib/python3.10/dist-packages:/home/zhijie/autoware/install/autoware_common_msgs/local/lib/python3.10/dist-packages:/home/zhijie/autoware/install/autoware_adapi_v1_msgs/local/lib/python3.10/dist-packages:${PYTHONPATH} /usr/bin/cmake --build /home/zhijie/autoware/build/tier4_adapi_rviz_plugin -- -j16 -l16
[0.425s] Invoking command in '/home/zhijie/autoware/build/tier4_adapi_rviz_plugin': AMENT_PREFIX_PATH=/home/zhijie/autoware/install/component_interface_utils:/home/zhijie/autoware/install/autoware_ad_api_specs:/home/zhijie/autoware/install/tier4_system_msgs:/home/zhijie/autoware/install/autoware_cmake:/home/zhijie/autoware/install/autoware_lint_common:/home/zhijie/autoware/install/autoware_common_msgs:/home/zhijie/autoware/install/autoware_adapi_v1_msgs:${AMENT_PREFIX_PATH} CMAKE_PREFIX_PATH=/home/zhijie/autoware/install/component_interface_utils:/home/zhijie/autoware/install/autoware_ad_api_specs:/home/zhijie/autoware/install/tier4_system_msgs:/home/zhijie/autoware/install/autoware_cmake:/home/zhijie/autoware/install/autoware_lint_common:/home/zhijie/autoware/install/autoware_common_msgs:/home/zhijie/autoware/install/autoware_adapi_v1_msgs:/opt/ros/humble LD_LIBRARY_PATH=/home/zhijie/autoware/install/tier4_system_msgs/lib:/home/zhijie/autoware/install/autoware_common_msgs/lib:/home/zhijie/autoware/install/autoware_adapi_v1_msgs/lib:${LD_LIBRARY_PATH} PYTHONPATH=/home/zhijie/autoware/install/tier4_system_msgs/local/lib/python3.10/dist-packages:/home/zhijie/autoware/install/autoware_common_msgs/local/lib/python3.10/dist-packages:/home/zhijie/autoware/install/autoware_adapi_v1_msgs/local/lib/python3.10/dist-packages:${PYTHONPATH} /usr/bin/cmake --install /home/zhijie/autoware/build/tier4_adapi_rviz_plugin
[0.440s] -- Install configuration: "Release"
[0.440s] -- Execute custom install script
[0.440s] -- Up-to-date symlink: /home/zhijie/autoware/install/tier4_adapi_rviz_plugin/share/tier4_adapi_rviz_plugin/plugins/plugin_description.xml
[0.440s] -- Up-to-date symlink: /home/zhijie/autoware/install/tier4_adapi_rviz_plugin/share/tier4_adapi_rviz_plugin/environment/library_path.sh
[0.441s] -- Up-to-date symlink: /home/zhijie/autoware/install/tier4_adapi_rviz_plugin/share/tier4_adapi_rviz_plugin/environment/library_path.dsv
[0.441s] -- Up-to-date symlink: /home/zhijie/autoware/install/tier4_adapi_rviz_plugin/lib/libtier4_adapi_rviz_plugin.so
[0.441s] -- Up-to-date symlink: /home/zhijie/autoware/install/tier4_adapi_rviz_plugin/share/tier4_adapi_rviz_plugin/icons/classes/RoutePanel.png
[0.441s] -- Up-to-date symlink: /home/zhijie/autoware/install/tier4_adapi_rviz_plugin/share/tier4_adapi_rviz_plugin/icons/classes/RouteTool.png
[0.441s] -- Up-to-date symlink: /home/zhijie/autoware/install/tier4_adapi_rviz_plugin/share/ament_index/resource_index/package_run_dependencies/tier4_adapi_rviz_plugin
[0.441s] -- Up-to-date symlink: /home/zhijie/autoware/install/tier4_adapi_rviz_plugin/share/ament_index/resource_index/parent_prefix_path/tier4_adapi_rviz_plugin
[0.441s] -- Up-to-date symlink: /home/zhijie/autoware/install/tier4_adapi_rviz_plugin/share/tier4_adapi_rviz_plugin/environment/ament_prefix_path.sh
[0.442s] -- Up-to-date symlink: /home/zhijie/autoware/install/tier4_adapi_rviz_plugin/share/tier4_adapi_rviz_plugin/environment/ament_prefix_path.dsv
[0.442s] -- Up-to-date symlink: /home/zhijie/autoware/install/tier4_adapi_rviz_plugin/share/tier4_adapi_rviz_plugin/environment/path.sh
[0.442s] -- Up-to-date symlink: /home/zhijie/autoware/install/tier4_adapi_rviz_plugin/share/tier4_adapi_rviz_plugin/environment/path.dsv
[0.442s] -- Up-to-date symlink: /home/zhijie/autoware/install/tier4_adapi_rviz_plugin/share/tier4_adapi_rviz_plugin/local_setup.bash
[0.442s] -- Up-to-date symlink: /home/zhijie/autoware/install/tier4_adapi_rviz_plugin/share/tier4_adapi_rviz_plugin/local_setup.sh
[0.442s] -- Up-to-date symlink: /home/zhijie/autoware/install/tier4_adapi_rviz_plugin/share/tier4_adapi_rviz_plugin/local_setup.zsh
[0.442s] -- Up-to-date symlink: /home/zhijie/autoware/install/tier4_adapi_rviz_plugin/share/tier4_adapi_rviz_plugin/local_setup.dsv
[0.442s] -- Symlinking: /home/zhijie/autoware/install/tier4_adapi_rviz_plugin/share/tier4_adapi_rviz_plugin/package.dsv
[0.452s] -- Up-to-date symlink: /home/zhijie/autoware/install/tier4_adapi_rviz_plugin/share/ament_index/resource_index/packages/tier4_adapi_rviz_plugin
[0.455s] -- Up-to-date symlink: /home/zhijie/autoware/install/tier4_adapi_rviz_plugin/share/ament_index/resource_index/rviz_common__pluginlib__plugin/tier4_adapi_rviz_plugin
[0.455s] -- Up-to-date symlink: /home/zhijie/autoware/install/tier4_adapi_rviz_plugin/share/tier4_adapi_rviz_plugin/cmake/ament_cmake_export_dependencies-extras.cmake
[0.456s] -- Up-to-date symlink: /home/zhijie/autoware/install/tier4_adapi_rviz_plugin/share/tier4_adapi_rviz_plugin/cmake/ament_cmake_export_libraries-extras.cmake
[0.456s] -- Up-to-date symlink: /home/zhijie/autoware/install/tier4_adapi_rviz_plugin/share/tier4_adapi_rviz_plugin/cmake/tier4_adapi_rviz_pluginConfig.cmake
[0.456s] -- Up-to-date symlink: /home/zhijie/autoware/install/tier4_adapi_rviz_plugin/share/tier4_adapi_rviz_plugin/cmake/tier4_adapi_rviz_pluginConfig-version.cmake
[0.456s] -- Up-to-date symlink: /home/zhijie/autoware/install/tier4_adapi_rviz_plugin/share/tier4_adapi_rviz_plugin/package.xml
[0.518s] Invoked command in '/home/zhijie/autoware/build/tier4_adapi_rviz_plugin' returned '0': AMENT_PREFIX_PATH=/home/zhijie/autoware/install/component_interface_utils:/home/zhijie/autoware/install/autoware_ad_api_specs:/home/zhijie/autoware/install/tier4_system_msgs:/home/zhijie/autoware/install/autoware_cmake:/home/zhijie/autoware/install/autoware_lint_common:/home/zhijie/autoware/install/autoware_common_msgs:/home/zhijie/autoware/install/autoware_adapi_v1_msgs:${AMENT_PREFIX_PATH} CMAKE_PREFIX_PATH=/home/zhijie/autoware/install/component_interface_utils:/home/zhijie/autoware/install/autoware_ad_api_specs:/home/zhijie/autoware/install/tier4_system_msgs:/home/zhijie/autoware/install/autoware_cmake:/home/zhijie/autoware/install/autoware_lint_common:/home/zhijie/autoware/install/autoware_common_msgs:/home/zhijie/autoware/install/autoware_adapi_v1_msgs:/opt/ros/humble LD_LIBRARY_PATH=/home/zhijie/autoware/install/tier4_system_msgs/lib:/home/zhijie/autoware/install/autoware_common_msgs/lib:/home/zhijie/autoware/install/autoware_adapi_v1_msgs/lib:${LD_LIBRARY_PATH} PYTHONPATH=/home/zhijie/autoware/install/tier4_system_msgs/local/lib/python3.10/dist-packages:/home/zhijie/autoware/install/autoware_common_msgs/local/lib/python3.10/dist-packages:/home/zhijie/autoware/install/autoware_adapi_v1_msgs/local/lib/python3.10/dist-packages:${PYTHONPATH} /usr/bin/cmake --install /home/zhijie/autoware/build/tier4_adapi_rviz_plugin
