[01m[K/home/zhijie/autoware/src/terasim/mcity_terasim/src/gnss_to_pose_twist.cpp:[m[K In member function ‘[01m[Kvoid gnss_to_pose_twist::GnssToPoseTwist::calc_vehicle_quaternion(float&, float&, float&, float&)[m[K’:
[01m[K/home/zhijie/autoware/src/terasim/mcity_terasim/src/gnss_to_pose_twist.cpp:64:52:[m[K [01;31m[Kerror: [m[Kexpected ‘[01m[K)[m[K’ before ‘[01m[K;[m[K’ token
   64 |     rotateQuat = glm::angleAxis[34m[K([m[Kglm::radians(-90.0)[01;31m[K;[m[K, glm::vec3(1.0f, 0.0f, 0.0f)); // Rotate around y axis
      |                                [34m[K~[m[K                   [01;31m[K^[m[K
      |                                                    [32m[K)[m[K
[01m[K/home/zhijie/autoware/src/terasim/mcity_terasim/src/gnss_to_pose_twist.cpp:64:53:[m[K [01;31m[Kerror: [m[Kexpected primary-expression before ‘[01m[K,[m[K’ token
   64 |     rotateQuat = glm::angleAxis(glm::radians(-90.0);[01;31m[K,[m[K glm::vec3(1.0f, 0.0f, 0.0f)); // Rotate around y axis
      |                                                     [01;31m[K^[m[K
[01m[K/home/zhijie/autoware/src/terasim/mcity_terasim/src/gnss_to_pose_twist.cpp:66:51:[m[K [01;31m[Kerror: [m[Kexpected ‘[01m[K)[m[K’ before ‘[01m[K;[m[K’ token
   66 |     rotateQuat = glm::angleAxis[34m[K([m[Kglm::radians(90.0)[01;31m[K;[m[K, glm::vec3(0.0f, 1.0f, 0.0f)); // Rotate around y axis
      |                                [34m[K~[m[K                  [01;31m[K^[m[K
      |                                                   [32m[K)[m[K
[01m[K/home/zhijie/autoware/src/terasim/mcity_terasim/src/gnss_to_pose_twist.cpp:66:52:[m[K [01;31m[Kerror: [m[Kexpected primary-expression before ‘[01m[K,[m[K’ token
   66 |     rotateQuat = glm::angleAxis(glm::radians(90.0);[01;31m[K,[m[K glm::vec3(0.0f, 1.0f, 0.0f)); // Rotate around y axis
      |                                                    [01;31m[K^[m[K
[01m[K/home/zhijie/autoware/src/terasim/mcity_terasim/src/gnss_to_pose_twist.cpp:68:52:[m[K [01;31m[Kerror: [m[Kexpected ‘[01m[K)[m[K’ before ‘[01m[K;[m[K’ token
   68 |     rotateQuat = glm::angleAxis[34m[K([m[Kglm::radians(-90.0)[01;31m[K;[m[K, glm::vec3(0.0f, 0.0f, 1.0f)); // Rotate around y axis
      |                                [34m[K~[m[K                   [01;31m[K^[m[K
      |                                                    [32m[K)[m[K
[01m[K/home/zhijie/autoware/src/terasim/mcity_terasim/src/gnss_to_pose_twist.cpp:68:53:[m[K [01;31m[Kerror: [m[Kexpected primary-expression before ‘[01m[K,[m[K’ token
   68 |     rotateQuat = glm::angleAxis(glm::radians(-90.0);[01;31m[K,[m[K glm::vec3(0.0f, 0.0f, 1.0f)); // Rotate around y axis
      |                                                     [01;31m[K^[m[K
gmake[2]: *** [CMakeFiles/gnss_to_pose_twist_component.dir/build.make:76: CMakeFiles/gnss_to_pose_twist_component.dir/src/gnss_to_pose_twist.cpp.o] Error 1
gmake[1]: *** [CMakeFiles/Makefile2:494: CMakeFiles/gnss_to_pose_twist_component.dir/all] Error 2
gmake: *** [Makefile:146: all] Error 2
