[0.054s] Invoking command in '/home/zhijie/autoware/build/rtc_interface': AMENT_PREFIX_PATH=/home/zhijie/autoware/install/tier4_rtc_msgs:/home/zhijie/autoware/install/autoware_lint_common:${AMENT_PREFIX_PATH} CMAKE_PREFIX_PATH=/home/zhijie/autoware/install/tier4_rtc_msgs:/home/zhijie/autoware/install/autoware_lint_common:/opt/ros/humble LD_LIBRARY_PATH=/home/zhijie/autoware/install/tier4_rtc_msgs/lib:${LD_LIBRARY_PATH} PYTHONPATH=/home/zhijie/autoware/install/tier4_rtc_msgs/local/lib/python3.10/dist-packages:${PYTHONPATH} /usr/bin/cmake --build /home/zhijie/autoware/build/rtc_interface -- -j16 -l16
[0.124s] [100%] Built target rtc_interface
[0.169s] Invoked command in '/home/zhijie/autoware/build/rtc_interface' returned '0': AMENT_PREFIX_PATH=/home/zhijie/autoware/install/tier4_rtc_msgs:/home/zhijie/autoware/install/autoware_lint_common:${AMENT_PREFIX_PATH} CMAKE_PREFIX_PATH=/home/zhijie/autoware/install/tier4_rtc_msgs:/home/zhijie/autoware/install/autoware_lint_common:/opt/ros/humble LD_LIBRARY_PATH=/home/zhijie/autoware/install/tier4_rtc_msgs/lib:${LD_LIBRARY_PATH} PYTHONPATH=/home/zhijie/autoware/install/tier4_rtc_msgs/local/lib/python3.10/dist-packages:${PYTHONPATH} /usr/bin/cmake --build /home/zhijie/autoware/build/rtc_interface -- -j16 -l16
[0.315s] Invoking command in '/home/zhijie/autoware/build/rtc_interface': AMENT_PREFIX_PATH=/home/zhijie/autoware/install/tier4_rtc_msgs:/home/zhijie/autoware/install/autoware_lint_common:${AMENT_PREFIX_PATH} CMAKE_PREFIX_PATH=/home/zhijie/autoware/install/tier4_rtc_msgs:/home/zhijie/autoware/install/autoware_lint_common:/opt/ros/humble LD_LIBRARY_PATH=/home/zhijie/autoware/install/tier4_rtc_msgs/lib:${LD_LIBRARY_PATH} PYTHONPATH=/home/zhijie/autoware/install/tier4_rtc_msgs/local/lib/python3.10/dist-packages:${PYTHONPATH} /usr/bin/cmake --install /home/zhijie/autoware/build/rtc_interface
[0.323s] -- Install configuration: "Release"
[0.323s] -- Execute custom install script
[0.323s] -- Up-to-date symlink: /home/zhijie/autoware/install/rtc_interface/include/rtc_interface/rtc_interface.hpp
[0.323s] -- Up-to-date symlink: /home/zhijie/autoware/install/rtc_interface/share/rtc_interface/environment/library_path.sh
[0.323s] -- Up-to-date symlink: /home/zhijie/autoware/install/rtc_interface/share/rtc_interface/environment/library_path.dsv
[0.323s] -- Up-to-date symlink: /home/zhijie/autoware/install/rtc_interface/lib/librtc_interface.so
[0.323s] -- Up-to-date symlink: /home/zhijie/autoware/install/rtc_interface/share/ament_index/resource_index/package_run_dependencies/rtc_interface
[0.323s] -- Up-to-date symlink: /home/zhijie/autoware/install/rtc_interface/share/ament_index/resource_index/parent_prefix_path/rtc_interface
[0.324s] -- Up-to-date symlink: /home/zhijie/autoware/install/rtc_interface/share/rtc_interface/environment/ament_prefix_path.sh
[0.324s] -- Up-to-date symlink: /home/zhijie/autoware/install/rtc_interface/share/rtc_interface/environment/ament_prefix_path.dsv
[0.324s] -- Up-to-date symlink: /home/zhijie/autoware/install/rtc_interface/share/rtc_interface/environment/path.sh
[0.324s] -- Up-to-date symlink: /home/zhijie/autoware/install/rtc_interface/share/rtc_interface/environment/path.dsv
[0.324s] -- Up-to-date symlink: /home/zhijie/autoware/install/rtc_interface/share/rtc_interface/local_setup.bash
[0.324s] -- Up-to-date symlink: /home/zhijie/autoware/install/rtc_interface/share/rtc_interface/local_setup.sh
[0.324s] -- Up-to-date symlink: /home/zhijie/autoware/install/rtc_interface/share/rtc_interface/local_setup.zsh
[0.324s] -- Up-to-date symlink: /home/zhijie/autoware/install/rtc_interface/share/rtc_interface/local_setup.dsv
[0.324s] -- Symlinking: /home/zhijie/autoware/install/rtc_interface/share/rtc_interface/package.dsv
[0.329s] -- Up-to-date symlink: /home/zhijie/autoware/install/rtc_interface/share/ament_index/resource_index/packages/rtc_interface
[0.331s] -- Up-to-date symlink: /home/zhijie/autoware/install/rtc_interface/share/rtc_interface/cmake/ament_cmake_export_dependencies-extras.cmake
[0.331s] -- Up-to-date symlink: /home/zhijie/autoware/install/rtc_interface/share/rtc_interface/cmake/ament_cmake_export_include_directories-extras.cmake
[0.332s] -- Up-to-date symlink: /home/zhijie/autoware/install/rtc_interface/share/rtc_interface/cmake/ament_cmake_export_libraries-extras.cmake
[0.332s] -- Up-to-date symlink: /home/zhijie/autoware/install/rtc_interface/share/rtc_interface/cmake/rtc_interfaceConfig.cmake
[0.332s] -- Up-to-date symlink: /home/zhijie/autoware/install/rtc_interface/share/rtc_interface/cmake/rtc_interfaceConfig-version.cmake
[0.332s] -- Up-to-date symlink: /home/zhijie/autoware/install/rtc_interface/share/rtc_interface/package.xml
[0.511s] Invoked command in '/home/zhijie/autoware/build/rtc_interface' returned '0': AMENT_PREFIX_PATH=/home/zhijie/autoware/install/tier4_rtc_msgs:/home/zhijie/autoware/install/autoware_lint_common:${AMENT_PREFIX_PATH} CMAKE_PREFIX_PATH=/home/zhijie/autoware/install/tier4_rtc_msgs:/home/zhijie/autoware/install/autoware_lint_common:/opt/ros/humble LD_LIBRARY_PATH=/home/zhijie/autoware/install/tier4_rtc_msgs/lib:${LD_LIBRARY_PATH} PYTHONPATH=/home/zhijie/autoware/install/tier4_rtc_msgs/local/lib/python3.10/dist-packages:${PYTHONPATH} /usr/bin/cmake --install /home/zhijie/autoware/build/rtc_interface
