[0.714s] Invoking command in '/home/mtl12345/autoware/build/mrm_emergency_stop_operator': AMENT_PREFIX_PATH=/home/mtl12345/autoware/install/tier4_system_msgs:/home/mtl12345/autoware/install/autoware_cmake:/home/mtl12345/autoware/install/autoware_lint_common:/home/mtl12345/autoware/install/autoware_common_msgs:/home/mtl12345/autoware/install/autoware_auto_control_msgs:/home/mtl12345/autoware/install/autoware_adapi_v1_msgs:${AMENT_PREFIX_PATH} CMAKE_PREFIX_PATH=/home/mtl12345/autoware/install/tier4_system_msgs:/home/mtl12345/autoware/install/autoware_cmake:/home/mtl12345/autoware/install/autoware_lint_common:/home/mtl12345/autoware/install/autoware_common_msgs:/home/mtl12345/autoware/install/autoware_auto_control_msgs:/home/mtl12345/autoware/install/autoware_adapi_v1_msgs:/opt/ros/humble LD_LIBRARY_PATH=/home/mtl12345/autoware/install/tier4_system_msgs/lib:/home/mtl12345/autoware/install/autoware_common_msgs/lib:/home/mtl12345/autoware/install/autoware_auto_control_msgs/lib:/home/mtl12345/autoware/install/autoware_adapi_v1_msgs/lib:${LD_LIBRARY_PATH} PYTHONPATH=/home/mtl12345/autoware/install/tier4_system_msgs/local/lib/python3.10/dist-packages:/home/mtl12345/autoware/install/autoware_common_msgs/local/lib/python3.10/dist-packages:/home/mtl12345/autoware/install/autoware_auto_control_msgs/local/lib/python3.10/dist-packages:/home/mtl12345/autoware/install/autoware_adapi_v1_msgs/local/lib/python3.10/dist-packages:${PYTHONPATH} /usr/bin/cmake /home/mtl12345/autoware/src/universe/autoware.universe/system/mrm_emergency_stop_operator -DCMAKE_BUILD_TYPE=Release -DAMENT_CMAKE_SYMLINK_INSTALL=1 -DCMAKE_INSTALL_PREFIX=/home/mtl12345/autoware/install/mrm_emergency_stop_operator
[0.887s] -- Found autoware_cmake: 0.1.0 (/home/mtl12345/autoware/install/autoware_cmake/share/autoware_cmake/cmake)
[0.887s] -- Override CMake install command with custom implementation using symlinks instead of copying resources
[0.963s] -- Found rosidl_generator_c: 3.1.5 (/opt/ros/humble/share/rosidl_generator_c/cmake)
[0.967s] -- Found rosidl_adapter: 3.1.5 (/opt/ros/humble/share/rosidl_adapter/cmake)
[0.976s] -- Found rosidl_generator_cpp: 3.1.5 (/opt/ros/humble/share/rosidl_generator_cpp/cmake)
[0.992s] -- Using all available rosidl_typesupport_c: rosidl_typesupport_fastrtps_c;rosidl_typesupport_introspection_c
[1.008s] -- Using all available rosidl_typesupport_cpp: rosidl_typesupport_fastrtps_cpp;rosidl_typesupport_introspection_cpp
[1.794s] -- Found rmw_implementation_cmake: 6.1.1 (/opt/ros/humble/share/rmw_implementation_cmake/cmake)
[1.796s] -- Found rmw_cyclonedds_cpp: 1.3.4 (/opt/ros/humble/share/rmw_cyclonedds_cpp/cmake)
[1.850s] -- Using RMW implementation 'rmw_cyclonedds_cpp' as default
[2.297s] -- Found ament_lint_auto: 0.12.8 (/opt/ros/humble/share/ament_lint_auto/cmake)
[2.321s] -- Added test 'copyright' to check source files copyright and LICENSE
[2.322s] -- Added test 'cppcheck' to perform static code analysis on C / C++ code
[2.323s] -- Configured cppcheck include dirs: /home/mtl12345/autoware/src/universe/autoware.universe/system/mrm_emergency_stop_operator/include
[2.323s] -- Configured cppcheck exclude dirs and/or files: 
[2.323s] -- Added test 'lint_cmake' to check CMake code style
[2.324s] -- Added test 'xmllint' to check XML markup files
[2.329s] -- Configuring done
[2.359s] -- Generating done
[2.361s] -- Build files have been written to: /home/mtl12345/autoware/build/mrm_emergency_stop_operator
[2.417s] Invoked command in '/home/mtl12345/autoware/build/mrm_emergency_stop_operator' returned '0': AMENT_PREFIX_PATH=/home/mtl12345/autoware/install/tier4_system_msgs:/home/mtl12345/autoware/install/autoware_cmake:/home/mtl12345/autoware/install/autoware_lint_common:/home/mtl12345/autoware/install/autoware_common_msgs:/home/mtl12345/autoware/install/autoware_auto_control_msgs:/home/mtl12345/autoware/install/autoware_adapi_v1_msgs:${AMENT_PREFIX_PATH} CMAKE_PREFIX_PATH=/home/mtl12345/autoware/install/tier4_system_msgs:/home/mtl12345/autoware/install/autoware_cmake:/home/mtl12345/autoware/install/autoware_lint_common:/home/mtl12345/autoware/install/autoware_common_msgs:/home/mtl12345/autoware/install/autoware_auto_control_msgs:/home/mtl12345/autoware/install/autoware_adapi_v1_msgs:/opt/ros/humble LD_LIBRARY_PATH=/home/mtl12345/autoware/install/tier4_system_msgs/lib:/home/mtl12345/autoware/install/autoware_common_msgs/lib:/home/mtl12345/autoware/install/autoware_auto_control_msgs/lib:/home/mtl12345/autoware/install/autoware_adapi_v1_msgs/lib:${LD_LIBRARY_PATH} PYTHONPATH=/home/mtl12345/autoware/install/tier4_system_msgs/local/lib/python3.10/dist-packages:/home/mtl12345/autoware/install/autoware_common_msgs/local/lib/python3.10/dist-packages:/home/mtl12345/autoware/install/autoware_auto_control_msgs/local/lib/python3.10/dist-packages:/home/mtl12345/autoware/install/autoware_adapi_v1_msgs/local/lib/python3.10/dist-packages:${PYTHONPATH} /usr/bin/cmake /home/mtl12345/autoware/src/universe/autoware.universe/system/mrm_emergency_stop_operator -DCMAKE_BUILD_TYPE=Release -DAMENT_CMAKE_SYMLINK_INSTALL=1 -DCMAKE_INSTALL_PREFIX=/home/mtl12345/autoware/install/mrm_emergency_stop_operator
[2.422s] Invoking command in '/home/mtl12345/autoware/build/mrm_emergency_stop_operator': AMENT_PREFIX_PATH=/home/mtl12345/autoware/install/tier4_system_msgs:/home/mtl12345/autoware/install/autoware_cmake:/home/mtl12345/autoware/install/autoware_lint_common:/home/mtl12345/autoware/install/autoware_common_msgs:/home/mtl12345/autoware/install/autoware_auto_control_msgs:/home/mtl12345/autoware/install/autoware_adapi_v1_msgs:${AMENT_PREFIX_PATH} CMAKE_PREFIX_PATH=/home/mtl12345/autoware/install/tier4_system_msgs:/home/mtl12345/autoware/install/autoware_cmake:/home/mtl12345/autoware/install/autoware_lint_common:/home/mtl12345/autoware/install/autoware_common_msgs:/home/mtl12345/autoware/install/autoware_auto_control_msgs:/home/mtl12345/autoware/install/autoware_adapi_v1_msgs:/opt/ros/humble LD_LIBRARY_PATH=/home/mtl12345/autoware/install/tier4_system_msgs/lib:/home/mtl12345/autoware/install/autoware_common_msgs/lib:/home/mtl12345/autoware/install/autoware_auto_control_msgs/lib:/home/mtl12345/autoware/install/autoware_adapi_v1_msgs/lib:${LD_LIBRARY_PATH} PYTHONPATH=/home/mtl12345/autoware/install/tier4_system_msgs/local/lib/python3.10/dist-packages:/home/mtl12345/autoware/install/autoware_common_msgs/local/lib/python3.10/dist-packages:/home/mtl12345/autoware/install/autoware_auto_control_msgs/local/lib/python3.10/dist-packages:/home/mtl12345/autoware/install/autoware_adapi_v1_msgs/local/lib/python3.10/dist-packages:${PYTHONPATH} /usr/bin/cmake --build /home/mtl12345/autoware/build/mrm_emergency_stop_operator -- -j12 -l12
[2.471s] [35m[1mConsolidate compiler generated dependencies of target mrm_emergency_stop_operator[0m
[2.476s] [35m[1mConsolidate compiler generated dependencies of target mrm_emergency_stop_operator_component[0m
[2.499s] [ 50%] Built target mrm_emergency_stop_operator_component
[2.507s] [100%] Built target mrm_emergency_stop_operator
[2.521s] Invoked command in '/home/mtl12345/autoware/build/mrm_emergency_stop_operator' returned '0': AMENT_PREFIX_PATH=/home/mtl12345/autoware/install/tier4_system_msgs:/home/mtl12345/autoware/install/autoware_cmake:/home/mtl12345/autoware/install/autoware_lint_common:/home/mtl12345/autoware/install/autoware_common_msgs:/home/mtl12345/autoware/install/autoware_auto_control_msgs:/home/mtl12345/autoware/install/autoware_adapi_v1_msgs:${AMENT_PREFIX_PATH} CMAKE_PREFIX_PATH=/home/mtl12345/autoware/install/tier4_system_msgs:/home/mtl12345/autoware/install/autoware_cmake:/home/mtl12345/autoware/install/autoware_lint_common:/home/mtl12345/autoware/install/autoware_common_msgs:/home/mtl12345/autoware/install/autoware_auto_control_msgs:/home/mtl12345/autoware/install/autoware_adapi_v1_msgs:/opt/ros/humble LD_LIBRARY_PATH=/home/mtl12345/autoware/install/tier4_system_msgs/lib:/home/mtl12345/autoware/install/autoware_common_msgs/lib:/home/mtl12345/autoware/install/autoware_auto_control_msgs/lib:/home/mtl12345/autoware/install/autoware_adapi_v1_msgs/lib:${LD_LIBRARY_PATH} PYTHONPATH=/home/mtl12345/autoware/install/tier4_system_msgs/local/lib/python3.10/dist-packages:/home/mtl12345/autoware/install/autoware_common_msgs/local/lib/python3.10/dist-packages:/home/mtl12345/autoware/install/autoware_auto_control_msgs/local/lib/python3.10/dist-packages:/home/mtl12345/autoware/install/autoware_adapi_v1_msgs/local/lib/python3.10/dist-packages:${PYTHONPATH} /usr/bin/cmake --build /home/mtl12345/autoware/build/mrm_emergency_stop_operator -- -j12 -l12
[2.876s] Invoking command in '/home/mtl12345/autoware/build/mrm_emergency_stop_operator': AMENT_PREFIX_PATH=/home/mtl12345/autoware/install/tier4_system_msgs:/home/mtl12345/autoware/install/autoware_cmake:/home/mtl12345/autoware/install/autoware_lint_common:/home/mtl12345/autoware/install/autoware_common_msgs:/home/mtl12345/autoware/install/autoware_auto_control_msgs:/home/mtl12345/autoware/install/autoware_adapi_v1_msgs:${AMENT_PREFIX_PATH} CMAKE_PREFIX_PATH=/home/mtl12345/autoware/install/tier4_system_msgs:/home/mtl12345/autoware/install/autoware_cmake:/home/mtl12345/autoware/install/autoware_lint_common:/home/mtl12345/autoware/install/autoware_common_msgs:/home/mtl12345/autoware/install/autoware_auto_control_msgs:/home/mtl12345/autoware/install/autoware_adapi_v1_msgs:/opt/ros/humble LD_LIBRARY_PATH=/home/mtl12345/autoware/install/tier4_system_msgs/lib:/home/mtl12345/autoware/install/autoware_common_msgs/lib:/home/mtl12345/autoware/install/autoware_auto_control_msgs/lib:/home/mtl12345/autoware/install/autoware_adapi_v1_msgs/lib:${LD_LIBRARY_PATH} PYTHONPATH=/home/mtl12345/autoware/install/tier4_system_msgs/local/lib/python3.10/dist-packages:/home/mtl12345/autoware/install/autoware_common_msgs/local/lib/python3.10/dist-packages:/home/mtl12345/autoware/install/autoware_auto_control_msgs/local/lib/python3.10/dist-packages:/home/mtl12345/autoware/install/autoware_adapi_v1_msgs/local/lib/python3.10/dist-packages:${PYTHONPATH} /usr/bin/cmake --install /home/mtl12345/autoware/build/mrm_emergency_stop_operator
[3.116s] -- Install configuration: "Release"
[3.116s] -- Execute custom install script
[3.116s] -- Up-to-date symlink: /home/mtl12345/autoware/install/mrm_emergency_stop_operator/lib/mrm_emergency_stop_operator/mrm_emergency_stop_operator
[3.116s] -- Up-to-date symlink: /home/mtl12345/autoware/install/mrm_emergency_stop_operator/include/mrm_emergency_stop_operator/mrm_emergency_stop_operator_core.hpp
[3.116s] -- Up-to-date symlink: /home/mtl12345/autoware/install/mrm_emergency_stop_operator/share/mrm_emergency_stop_operator/environment/library_path.sh
[3.116s] -- Up-to-date symlink: /home/mtl12345/autoware/install/mrm_emergency_stop_operator/share/mrm_emergency_stop_operator/environment/library_path.dsv
[3.116s] -- Up-to-date symlink: /home/mtl12345/autoware/install/mrm_emergency_stop_operator/lib/libmrm_emergency_stop_operator_component.so
[3.116s] -- Up-to-date symlink: /home/mtl12345/autoware/install/mrm_emergency_stop_operator/share/mrm_emergency_stop_operator/launch/mrm_emergency_stop_operator.launch.py
[3.117s] -- Up-to-date symlink: /home/mtl12345/autoware/install/mrm_emergency_stop_operator/share/mrm_emergency_stop_operator/config/mrm_emergency_stop_operator.param.yaml
[3.117s] -- Up-to-date symlink: /home/mtl12345/autoware/install/mrm_emergency_stop_operator/share/ament_index/resource_index/package_run_dependencies/mrm_emergency_stop_operator
[3.117s] -- Up-to-date symlink: /home/mtl12345/autoware/install/mrm_emergency_stop_operator/share/ament_index/resource_index/parent_prefix_path/mrm_emergency_stop_operator
[3.117s] -- Up-to-date symlink: /home/mtl12345/autoware/install/mrm_emergency_stop_operator/share/mrm_emergency_stop_operator/environment/ament_prefix_path.sh
[3.117s] -- Up-to-date symlink: /home/mtl12345/autoware/install/mrm_emergency_stop_operator/share/mrm_emergency_stop_operator/environment/ament_prefix_path.dsv
[3.117s] -- Up-to-date symlink: /home/mtl12345/autoware/install/mrm_emergency_stop_operator/share/mrm_emergency_stop_operator/environment/path.sh
[3.117s] -- Up-to-date symlink: /home/mtl12345/autoware/install/mrm_emergency_stop_operator/share/mrm_emergency_stop_operator/environment/path.dsv
[3.117s] -- Up-to-date symlink: /home/mtl12345/autoware/install/mrm_emergency_stop_operator/share/mrm_emergency_stop_operator/local_setup.bash
[3.118s] -- Up-to-date symlink: /home/mtl12345/autoware/install/mrm_emergency_stop_operator/share/mrm_emergency_stop_operator/local_setup.sh
[3.118s] -- Up-to-date symlink: /home/mtl12345/autoware/install/mrm_emergency_stop_operator/share/mrm_emergency_stop_operator/local_setup.zsh
[3.118s] -- Up-to-date symlink: /home/mtl12345/autoware/install/mrm_emergency_stop_operator/share/mrm_emergency_stop_operator/local_setup.dsv
[3.118s] -- Symlinking: /home/mtl12345/autoware/install/mrm_emergency_stop_operator/share/mrm_emergency_stop_operator/package.dsv
[3.119s] -- Up-to-date symlink: /home/mtl12345/autoware/install/mrm_emergency_stop_operator/share/ament_index/resource_index/packages/mrm_emergency_stop_operator
[3.119s] -- Up-to-date symlink: /home/mtl12345/autoware/install/mrm_emergency_stop_operator/share/ament_index/resource_index/rclcpp_components/mrm_emergency_stop_operator
[3.119s] -- Up-to-date symlink: /home/mtl12345/autoware/install/mrm_emergency_stop_operator/share/mrm_emergency_stop_operator/cmake/ament_cmake_export_dependencies-extras.cmake
[3.119s] -- Up-to-date symlink: /home/mtl12345/autoware/install/mrm_emergency_stop_operator/share/mrm_emergency_stop_operator/cmake/ament_cmake_export_include_directories-extras.cmake
[3.119s] -- Up-to-date symlink: /home/mtl12345/autoware/install/mrm_emergency_stop_operator/share/mrm_emergency_stop_operator/cmake/ament_cmake_export_libraries-extras.cmake
[3.119s] -- Up-to-date symlink: /home/mtl12345/autoware/install/mrm_emergency_stop_operator/share/mrm_emergency_stop_operator/cmake/mrm_emergency_stop_operatorConfig.cmake
[3.119s] -- Up-to-date symlink: /home/mtl12345/autoware/install/mrm_emergency_stop_operator/share/mrm_emergency_stop_operator/cmake/mrm_emergency_stop_operatorConfig-version.cmake
[3.119s] -- Up-to-date symlink: /home/mtl12345/autoware/install/mrm_emergency_stop_operator/share/mrm_emergency_stop_operator/package.xml
[3.300s] Invoked command in '/home/mtl12345/autoware/build/mrm_emergency_stop_operator' returned '0': AMENT_PREFIX_PATH=/home/mtl12345/autoware/install/tier4_system_msgs:/home/mtl12345/autoware/install/autoware_cmake:/home/mtl12345/autoware/install/autoware_lint_common:/home/mtl12345/autoware/install/autoware_common_msgs:/home/mtl12345/autoware/install/autoware_auto_control_msgs:/home/mtl12345/autoware/install/autoware_adapi_v1_msgs:${AMENT_PREFIX_PATH} CMAKE_PREFIX_PATH=/home/mtl12345/autoware/install/tier4_system_msgs:/home/mtl12345/autoware/install/autoware_cmake:/home/mtl12345/autoware/install/autoware_lint_common:/home/mtl12345/autoware/install/autoware_common_msgs:/home/mtl12345/autoware/install/autoware_auto_control_msgs:/home/mtl12345/autoware/install/autoware_adapi_v1_msgs:/opt/ros/humble LD_LIBRARY_PATH=/home/mtl12345/autoware/install/tier4_system_msgs/lib:/home/mtl12345/autoware/install/autoware_common_msgs/lib:/home/mtl12345/autoware/install/autoware_auto_control_msgs/lib:/home/mtl12345/autoware/install/autoware_adapi_v1_msgs/lib:${LD_LIBRARY_PATH} PYTHONPATH=/home/mtl12345/autoware/install/tier4_system_msgs/local/lib/python3.10/dist-packages:/home/mtl12345/autoware/install/autoware_common_msgs/local/lib/python3.10/dist-packages:/home/mtl12345/autoware/install/autoware_auto_control_msgs/local/lib/python3.10/dist-packages:/home/mtl12345/autoware/install/autoware_adapi_v1_msgs/local/lib/python3.10/dist-packages:${PYTHONPATH} /usr/bin/cmake --install /home/mtl12345/autoware/build/mrm_emergency_stop_operator
