[0.082s] Invoking command in '/home/zhijie/autoware/build/map_tf_generator': AMENT_PREFIX_PATH=/home/zhijie/autoware/install/lanelet2_extension:/home/zhijie/autoware/install/autoware_utils:/home/zhijie/autoware/install/autoware_cmake:/home/zhijie/autoware/install/autoware_auto_planning_msgs:/home/zhijie/autoware/install/autoware_planning_msgs:/home/zhijie/autoware/install/autoware_lint_common:/home/zhijie/autoware/install/autoware_auto_mapping_msgs:/home/zhijie/autoware/install/autoware_auto_geometry_msgs:${AMENT_PREFIX_PATH} CMAKE_PREFIX_PATH=/home/zhijie/autoware/install/lanelet2_extension:/home/zhijie/autoware/install/autoware_utils:/home/zhijie/autoware/install/autoware_cmake:/home/zhijie/autoware/install/autoware_auto_planning_msgs:/home/zhijie/autoware/install/autoware_planning_msgs:/home/zhijie/autoware/install/autoware_lint_common:/home/zhijie/autoware/install/autoware_auto_mapping_msgs:/home/zhijie/autoware/install/autoware_auto_geometry_msgs:/opt/ros/humble LD_LIBRARY_PATH=/home/zhijie/autoware/install/lanelet2_extension/lib:/home/zhijie/autoware/install/autoware_utils/lib:/home/zhijie/autoware/install/autoware_auto_planning_msgs/lib:/home/zhijie/autoware/install/autoware_planning_msgs/lib:/home/zhijie/autoware/install/autoware_auto_mapping_msgs/lib:/home/zhijie/autoware/install/autoware_auto_geometry_msgs/lib:${LD_LIBRARY_PATH} PYTHONPATH=/home/zhijie/autoware/install/autoware_auto_planning_msgs/local/lib/python3.10/dist-packages:/home/zhijie/autoware/install/autoware_planning_msgs/local/lib/python3.10/dist-packages:/home/zhijie/autoware/install/autoware_auto_mapping_msgs/local/lib/python3.10/dist-packages:/home/zhijie/autoware/install/autoware_auto_geometry_msgs/local/lib/python3.10/dist-packages:${PYTHONPATH} /usr/bin/cmake --build /home/zhijie/autoware/build/map_tf_generator -- -j16 -l16
[0.176s] [35m[1mConsolidate compiler generated dependencies of target pcd_map_tf_generator_node[0m
[0.218s] [ 13%] Built target pcd_map_tf_generator_node
[0.255s] [35m[1mConsolidate compiler generated dependencies of target gmock[0m
[0.278s] [ 33%] Built target gmock
[0.330s] [35m[1mConsolidate compiler generated dependencies of target vector_map_tf_generator_node[0m
[0.372s] [ 46%] Built target vector_map_tf_generator_node
[0.395s] [35m[1mConsolidate compiler generated dependencies of target gmock_main[0m
[0.420s] [ 60%] Built target gmock_main
[0.449s] [35m[1mConsolidate compiler generated dependencies of target vector_map_tf_generator[0m
[0.478s] [ 73%] Built target vector_map_tf_generator
[0.498s] [35m[1mConsolidate compiler generated dependencies of target test_uniform_random[0m
[0.535s] [ 86%] Built target test_uniform_random
[0.574s] [35m[1mConsolidate compiler generated dependencies of target pcd_map_tf_generator[0m
[0.616s] [100%] Built target pcd_map_tf_generator
[0.668s] Invoked command in '/home/zhijie/autoware/build/map_tf_generator' returned '0': AMENT_PREFIX_PATH=/home/zhijie/autoware/install/lanelet2_extension:/home/zhijie/autoware/install/autoware_utils:/home/zhijie/autoware/install/autoware_cmake:/home/zhijie/autoware/install/autoware_auto_planning_msgs:/home/zhijie/autoware/install/autoware_planning_msgs:/home/zhijie/autoware/install/autoware_lint_common:/home/zhijie/autoware/install/autoware_auto_mapping_msgs:/home/zhijie/autoware/install/autoware_auto_geometry_msgs:${AMENT_PREFIX_PATH} CMAKE_PREFIX_PATH=/home/zhijie/autoware/install/lanelet2_extension:/home/zhijie/autoware/install/autoware_utils:/home/zhijie/autoware/install/autoware_cmake:/home/zhijie/autoware/install/autoware_auto_planning_msgs:/home/zhijie/autoware/install/autoware_planning_msgs:/home/zhijie/autoware/install/autoware_lint_common:/home/zhijie/autoware/install/autoware_auto_mapping_msgs:/home/zhijie/autoware/install/autoware_auto_geometry_msgs:/opt/ros/humble LD_LIBRARY_PATH=/home/zhijie/autoware/install/lanelet2_extension/lib:/home/zhijie/autoware/install/autoware_utils/lib:/home/zhijie/autoware/install/autoware_auto_planning_msgs/lib:/home/zhijie/autoware/install/autoware_planning_msgs/lib:/home/zhijie/autoware/install/autoware_auto_mapping_msgs/lib:/home/zhijie/autoware/install/autoware_auto_geometry_msgs/lib:${LD_LIBRARY_PATH} PYTHONPATH=/home/zhijie/autoware/install/autoware_auto_planning_msgs/local/lib/python3.10/dist-packages:/home/zhijie/autoware/install/autoware_planning_msgs/local/lib/python3.10/dist-packages:/home/zhijie/autoware/install/autoware_auto_mapping_msgs/local/lib/python3.10/dist-packages:/home/zhijie/autoware/install/autoware_auto_geometry_msgs/local/lib/python3.10/dist-packages:${PYTHONPATH} /usr/bin/cmake --build /home/zhijie/autoware/build/map_tf_generator -- -j16 -l16
[0.942s] Invoking command in '/home/zhijie/autoware/build/map_tf_generator': AMENT_PREFIX_PATH=/home/zhijie/autoware/install/lanelet2_extension:/home/zhijie/autoware/install/autoware_utils:/home/zhijie/autoware/install/autoware_cmake:/home/zhijie/autoware/install/autoware_auto_planning_msgs:/home/zhijie/autoware/install/autoware_planning_msgs:/home/zhijie/autoware/install/autoware_lint_common:/home/zhijie/autoware/install/autoware_auto_mapping_msgs:/home/zhijie/autoware/install/autoware_auto_geometry_msgs:${AMENT_PREFIX_PATH} CMAKE_PREFIX_PATH=/home/zhijie/autoware/install/lanelet2_extension:/home/zhijie/autoware/install/autoware_utils:/home/zhijie/autoware/install/autoware_cmake:/home/zhijie/autoware/install/autoware_auto_planning_msgs:/home/zhijie/autoware/install/autoware_planning_msgs:/home/zhijie/autoware/install/autoware_lint_common:/home/zhijie/autoware/install/autoware_auto_mapping_msgs:/home/zhijie/autoware/install/autoware_auto_geometry_msgs:/opt/ros/humble LD_LIBRARY_PATH=/home/zhijie/autoware/install/lanelet2_extension/lib:/home/zhijie/autoware/install/autoware_utils/lib:/home/zhijie/autoware/install/autoware_auto_planning_msgs/lib:/home/zhijie/autoware/install/autoware_planning_msgs/lib:/home/zhijie/autoware/install/autoware_auto_mapping_msgs/lib:/home/zhijie/autoware/install/autoware_auto_geometry_msgs/lib:${LD_LIBRARY_PATH} PYTHONPATH=/home/zhijie/autoware/install/autoware_auto_planning_msgs/local/lib/python3.10/dist-packages:/home/zhijie/autoware/install/autoware_planning_msgs/local/lib/python3.10/dist-packages:/home/zhijie/autoware/install/autoware_auto_mapping_msgs/local/lib/python3.10/dist-packages:/home/zhijie/autoware/install/autoware_auto_geometry_msgs/local/lib/python3.10/dist-packages:${PYTHONPATH} /usr/bin/cmake --install /home/zhijie/autoware/build/map_tf_generator
[1.041s] -- Install configuration: "Release"
[1.041s] -- Execute custom install script
[1.042s] -- Up-to-date symlink: /home/zhijie/autoware/install/map_tf_generator/lib/map_tf_generator/pcd_map_tf_generator
[1.042s] -- Up-to-date symlink: /home/zhijie/autoware/install/map_tf_generator/lib/map_tf_generator/vector_map_tf_generator
[1.042s] -- Up-to-date symlink: /home/zhijie/autoware/install/map_tf_generator/include/map_tf_generator/uniform_random.hpp
[1.042s] -- Up-to-date symlink: /home/zhijie/autoware/install/map_tf_generator/share/map_tf_generator/environment/library_path.sh
[1.042s] -- Up-to-date symlink: /home/zhijie/autoware/install/map_tf_generator/share/map_tf_generator/environment/library_path.dsv
[1.042s] -- Up-to-date symlink: /home/zhijie/autoware/install/map_tf_generator/lib/libpcd_map_tf_generator_node.so
[1.042s] -- Up-to-date symlink: /home/zhijie/autoware/install/map_tf_generator/lib/libvector_map_tf_generator_node.so
[1.042s] -- Up-to-date symlink: /home/zhijie/autoware/install/map_tf_generator/share/map_tf_generator/launch/map_tf_generator.launch.xml
[1.042s] -- Up-to-date symlink: /home/zhijie/autoware/install/map_tf_generator/share/ament_index/resource_index/package_run_dependencies/map_tf_generator
[1.043s] -- Up-to-date symlink: /home/zhijie/autoware/install/map_tf_generator/share/ament_index/resource_index/parent_prefix_path/map_tf_generator
[1.043s] -- Up-to-date symlink: /home/zhijie/autoware/install/map_tf_generator/share/map_tf_generator/environment/ament_prefix_path.sh
[1.046s] -- Up-to-date symlink: /home/zhijie/autoware/install/map_tf_generator/share/map_tf_generator/environment/ament_prefix_path.dsv
[1.046s] -- Up-to-date symlink: /home/zhijie/autoware/install/map_tf_generator/share/map_tf_generator/environment/path.sh
[1.047s] -- Up-to-date symlink: /home/zhijie/autoware/install/map_tf_generator/share/map_tf_generator/environment/path.dsv
[1.047s] -- Up-to-date symlink: /home/zhijie/autoware/install/map_tf_generator/share/map_tf_generator/local_setup.bash
[1.047s] -- Up-to-date symlink: /home/zhijie/autoware/install/map_tf_generator/share/map_tf_generator/local_setup.sh
[1.047s] -- Up-to-date symlink: /home/zhijie/autoware/install/map_tf_generator/share/map_tf_generator/local_setup.zsh
[1.047s] -- Up-to-date symlink: /home/zhijie/autoware/install/map_tf_generator/share/map_tf_generator/local_setup.dsv
[1.047s] -- Symlinking: /home/zhijie/autoware/install/map_tf_generator/share/map_tf_generator/package.dsv
[1.048s] -- Up-to-date symlink: /home/zhijie/autoware/install/map_tf_generator/share/ament_index/resource_index/packages/map_tf_generator
[1.048s] -- Up-to-date symlink: /home/zhijie/autoware/install/map_tf_generator/share/ament_index/resource_index/rclcpp_components/map_tf_generator
[1.048s] -- Up-to-date symlink: /home/zhijie/autoware/install/map_tf_generator/share/map_tf_generator/cmake/ament_cmake_export_dependencies-extras.cmake
[1.048s] -- Up-to-date symlink: /home/zhijie/autoware/install/map_tf_generator/share/map_tf_generator/cmake/ament_cmake_export_include_directories-extras.cmake
[1.048s] -- Up-to-date symlink: /home/zhijie/autoware/install/map_tf_generator/share/map_tf_generator/cmake/ament_cmake_export_libraries-extras.cmake
[1.048s] -- Up-to-date symlink: /home/zhijie/autoware/install/map_tf_generator/share/map_tf_generator/cmake/map_tf_generatorConfig.cmake
[1.048s] -- Up-to-date symlink: /home/zhijie/autoware/install/map_tf_generator/share/map_tf_generator/cmake/map_tf_generatorConfig-version.cmake
[1.048s] -- Up-to-date symlink: /home/zhijie/autoware/install/map_tf_generator/share/map_tf_generator/package.xml
[1.186s] Invoked command in '/home/zhijie/autoware/build/map_tf_generator' returned '0': AMENT_PREFIX_PATH=/home/zhijie/autoware/install/lanelet2_extension:/home/zhijie/autoware/install/autoware_utils:/home/zhijie/autoware/install/autoware_cmake:/home/zhijie/autoware/install/autoware_auto_planning_msgs:/home/zhijie/autoware/install/autoware_planning_msgs:/home/zhijie/autoware/install/autoware_lint_common:/home/zhijie/autoware/install/autoware_auto_mapping_msgs:/home/zhijie/autoware/install/autoware_auto_geometry_msgs:${AMENT_PREFIX_PATH} CMAKE_PREFIX_PATH=/home/zhijie/autoware/install/lanelet2_extension:/home/zhijie/autoware/install/autoware_utils:/home/zhijie/autoware/install/autoware_cmake:/home/zhijie/autoware/install/autoware_auto_planning_msgs:/home/zhijie/autoware/install/autoware_planning_msgs:/home/zhijie/autoware/install/autoware_lint_common:/home/zhijie/autoware/install/autoware_auto_mapping_msgs:/home/zhijie/autoware/install/autoware_auto_geometry_msgs:/opt/ros/humble LD_LIBRARY_PATH=/home/zhijie/autoware/install/lanelet2_extension/lib:/home/zhijie/autoware/install/autoware_utils/lib:/home/zhijie/autoware/install/autoware_auto_planning_msgs/lib:/home/zhijie/autoware/install/autoware_planning_msgs/lib:/home/zhijie/autoware/install/autoware_auto_mapping_msgs/lib:/home/zhijie/autoware/install/autoware_auto_geometry_msgs/lib:${LD_LIBRARY_PATH} PYTHONPATH=/home/zhijie/autoware/install/autoware_auto_planning_msgs/local/lib/python3.10/dist-packages:/home/zhijie/autoware/install/autoware_planning_msgs/local/lib/python3.10/dist-packages:/home/zhijie/autoware/install/autoware_auto_mapping_msgs/local/lib/python3.10/dist-packages:/home/zhijie/autoware/install/autoware_auto_geometry_msgs/local/lib/python3.10/dist-packages:${PYTHONPATH} /usr/bin/cmake --install /home/zhijie/autoware/build/map_tf_generator
