[0.248s] Invoking command in '/home/zhijie/autoware/build/autoware_auto_geometry': AMENT_PREFIX_PATH=/home/zhijie/autoware/install/autoware_auto_tf2:/home/zhijie/autoware/install/autoware_auto_vehicle_msgs:/home/zhijie/autoware/install/autoware_auto_common:/home/zhijie/autoware/install/autoware_cmake:/home/zhijie/autoware/install/autoware_auto_planning_msgs:/home/zhijie/autoware/install/autoware_auto_perception_msgs:/home/zhijie/autoware/install/autoware_lint_common:/home/zhijie/autoware/install/autoware_auto_system_msgs:/home/zhijie/autoware/install/autoware_auto_mapping_msgs:/home/zhijie/autoware/install/autoware_auto_geometry_msgs:${AMENT_PREFIX_PATH} CMAKE_PREFIX_PATH=/home/zhijie/autoware/install/autoware_auto_tf2:/home/zhijie/autoware/install/autoware_auto_vehicle_msgs:/home/zhijie/autoware/install/autoware_auto_common:/home/zhijie/autoware/install/autoware_cmake:/home/zhijie/autoware/install/autoware_auto_planning_msgs:/home/zhijie/autoware/install/autoware_auto_perception_msgs:/home/zhijie/autoware/install/autoware_lint_common:/home/zhijie/autoware/install/autoware_auto_system_msgs:/home/zhijie/autoware/install/autoware_auto_mapping_msgs:/home/zhijie/autoware/install/autoware_auto_geometry_msgs:/opt/ros/humble LD_LIBRARY_PATH=/home/zhijie/autoware/install/autoware_auto_vehicle_msgs/lib:/home/zhijie/autoware/install/autoware_auto_planning_msgs/lib:/home/zhijie/autoware/install/autoware_auto_perception_msgs/lib:/home/zhijie/autoware/install/autoware_auto_system_msgs/lib:/home/zhijie/autoware/install/autoware_auto_mapping_msgs/lib:/home/zhijie/autoware/install/autoware_auto_geometry_msgs/lib:${LD_LIBRARY_PATH} PYTHONPATH=/home/zhijie/autoware/install/autoware_auto_vehicle_msgs/local/lib/python3.10/dist-packages:/home/zhijie/autoware/install/autoware_auto_planning_msgs/local/lib/python3.10/dist-packages:/home/zhijie/autoware/install/autoware_auto_perception_msgs/local/lib/python3.10/dist-packages:/home/zhijie/autoware/install/autoware_auto_system_msgs/local/lib/python3.10/dist-packages:/home/zhijie/autoware/install/autoware_auto_mapping_msgs/local/lib/python3.10/dist-packages:/home/zhijie/autoware/install/autoware_auto_geometry_msgs/local/lib/python3.10/dist-packages:${PYTHONPATH} /usr/bin/cmake --build /home/zhijie/autoware/build/autoware_auto_geometry -- -j16 -l16
[0.439s] [35m[1mConsolidate compiler generated dependencies of target autoware_auto_geometry[0m
[0.528s] [ 18%] Built target autoware_auto_geometry
[0.571s] [35m[1mConsolidate compiler generated dependencies of target gtest[0m
[0.616s] [ 31%] Built target gtest
[0.678s] [35m[1mConsolidate compiler generated dependencies of target gtest_main[0m
[0.725s] [ 43%] Built target gtest_main
[0.780s] [35m[1mConsolidate compiler generated dependencies of target geometry_gtest[0m
[0.844s] [100%] Built target geometry_gtest
[0.889s] Invoked command in '/home/zhijie/autoware/build/autoware_auto_geometry' returned '0': AMENT_PREFIX_PATH=/home/zhijie/autoware/install/autoware_auto_tf2:/home/zhijie/autoware/install/autoware_auto_vehicle_msgs:/home/zhijie/autoware/install/autoware_auto_common:/home/zhijie/autoware/install/autoware_cmake:/home/zhijie/autoware/install/autoware_auto_planning_msgs:/home/zhijie/autoware/install/autoware_auto_perception_msgs:/home/zhijie/autoware/install/autoware_lint_common:/home/zhijie/autoware/install/autoware_auto_system_msgs:/home/zhijie/autoware/install/autoware_auto_mapping_msgs:/home/zhijie/autoware/install/autoware_auto_geometry_msgs:${AMENT_PREFIX_PATH} CMAKE_PREFIX_PATH=/home/zhijie/autoware/install/autoware_auto_tf2:/home/zhijie/autoware/install/autoware_auto_vehicle_msgs:/home/zhijie/autoware/install/autoware_auto_common:/home/zhijie/autoware/install/autoware_cmake:/home/zhijie/autoware/install/autoware_auto_planning_msgs:/home/zhijie/autoware/install/autoware_auto_perception_msgs:/home/zhijie/autoware/install/autoware_lint_common:/home/zhijie/autoware/install/autoware_auto_system_msgs:/home/zhijie/autoware/install/autoware_auto_mapping_msgs:/home/zhijie/autoware/install/autoware_auto_geometry_msgs:/opt/ros/humble LD_LIBRARY_PATH=/home/zhijie/autoware/install/autoware_auto_vehicle_msgs/lib:/home/zhijie/autoware/install/autoware_auto_planning_msgs/lib:/home/zhijie/autoware/install/autoware_auto_perception_msgs/lib:/home/zhijie/autoware/install/autoware_auto_system_msgs/lib:/home/zhijie/autoware/install/autoware_auto_mapping_msgs/lib:/home/zhijie/autoware/install/autoware_auto_geometry_msgs/lib:${LD_LIBRARY_PATH} PYTHONPATH=/home/zhijie/autoware/install/autoware_auto_vehicle_msgs/local/lib/python3.10/dist-packages:/home/zhijie/autoware/install/autoware_auto_planning_msgs/local/lib/python3.10/dist-packages:/home/zhijie/autoware/install/autoware_auto_perception_msgs/local/lib/python3.10/dist-packages:/home/zhijie/autoware/install/autoware_auto_system_msgs/local/lib/python3.10/dist-packages:/home/zhijie/autoware/install/autoware_auto_mapping_msgs/local/lib/python3.10/dist-packages:/home/zhijie/autoware/install/autoware_auto_geometry_msgs/local/lib/python3.10/dist-packages:${PYTHONPATH} /usr/bin/cmake --build /home/zhijie/autoware/build/autoware_auto_geometry -- -j16 -l16
[1.200s] Invoking command in '/home/zhijie/autoware/build/autoware_auto_geometry': AMENT_PREFIX_PATH=/home/zhijie/autoware/install/autoware_auto_tf2:/home/zhijie/autoware/install/autoware_auto_vehicle_msgs:/home/zhijie/autoware/install/autoware_auto_common:/home/zhijie/autoware/install/autoware_cmake:/home/zhijie/autoware/install/autoware_auto_planning_msgs:/home/zhijie/autoware/install/autoware_auto_perception_msgs:/home/zhijie/autoware/install/autoware_lint_common:/home/zhijie/autoware/install/autoware_auto_system_msgs:/home/zhijie/autoware/install/autoware_auto_mapping_msgs:/home/zhijie/autoware/install/autoware_auto_geometry_msgs:${AMENT_PREFIX_PATH} CMAKE_PREFIX_PATH=/home/zhijie/autoware/install/autoware_auto_tf2:/home/zhijie/autoware/install/autoware_auto_vehicle_msgs:/home/zhijie/autoware/install/autoware_auto_common:/home/zhijie/autoware/install/autoware_cmake:/home/zhijie/autoware/install/autoware_auto_planning_msgs:/home/zhijie/autoware/install/autoware_auto_perception_msgs:/home/zhijie/autoware/install/autoware_lint_common:/home/zhijie/autoware/install/autoware_auto_system_msgs:/home/zhijie/autoware/install/autoware_auto_mapping_msgs:/home/zhijie/autoware/install/autoware_auto_geometry_msgs:/opt/ros/humble LD_LIBRARY_PATH=/home/zhijie/autoware/install/autoware_auto_vehicle_msgs/lib:/home/zhijie/autoware/install/autoware_auto_planning_msgs/lib:/home/zhijie/autoware/install/autoware_auto_perception_msgs/lib:/home/zhijie/autoware/install/autoware_auto_system_msgs/lib:/home/zhijie/autoware/install/autoware_auto_mapping_msgs/lib:/home/zhijie/autoware/install/autoware_auto_geometry_msgs/lib:${LD_LIBRARY_PATH} PYTHONPATH=/home/zhijie/autoware/install/autoware_auto_vehicle_msgs/local/lib/python3.10/dist-packages:/home/zhijie/autoware/install/autoware_auto_planning_msgs/local/lib/python3.10/dist-packages:/home/zhijie/autoware/install/autoware_auto_perception_msgs/local/lib/python3.10/dist-packages:/home/zhijie/autoware/install/autoware_auto_system_msgs/local/lib/python3.10/dist-packages:/home/zhijie/autoware/install/autoware_auto_mapping_msgs/local/lib/python3.10/dist-packages:/home/zhijie/autoware/install/autoware_auto_geometry_msgs/local/lib/python3.10/dist-packages:${PYTHONPATH} /usr/bin/cmake --install /home/zhijie/autoware/build/autoware_auto_geometry
[1.212s] -- Install configuration: "Release"
[1.213s] -- Execute custom install script
[1.214s] -- Up-to-date symlink: /home/zhijie/autoware/install/autoware_auto_geometry/include/geometry/bounding_box/bounding_box_common.hpp
[1.214s] -- Up-to-date symlink: /home/zhijie/autoware/install/autoware_auto_geometry/include/geometry/bounding_box/eigenbox_2d.hpp
[1.215s] -- Up-to-date symlink: /home/zhijie/autoware/install/autoware_auto_geometry/include/geometry/bounding_box/lfit.hpp
[1.215s] -- Up-to-date symlink: /home/zhijie/autoware/install/autoware_auto_geometry/include/geometry/bounding_box/rotating_calipers.hpp
[1.215s] -- Up-to-date symlink: /home/zhijie/autoware/install/autoware_auto_geometry/include/geometry/bounding_box_2d.hpp
[1.216s] -- Up-to-date symlink: /home/zhijie/autoware/install/autoware_auto_geometry/include/geometry/common_2d.hpp
[1.216s] -- Up-to-date symlink: /home/zhijie/autoware/install/autoware_auto_geometry/include/geometry/common_3d.hpp
[1.216s] -- Up-to-date symlink: /home/zhijie/autoware/install/autoware_auto_geometry/include/geometry/convex_hull.hpp
[1.216s] -- Up-to-date symlink: /home/zhijie/autoware/install/autoware_auto_geometry/include/geometry/hull_pockets.hpp
[1.217s] -- Up-to-date symlink: /home/zhijie/autoware/install/autoware_auto_geometry/include/geometry/intersection.hpp
[1.217s] -- Up-to-date symlink: /home/zhijie/autoware/install/autoware_auto_geometry/include/geometry/interval.hpp
[1.217s] -- Up-to-date symlink: /home/zhijie/autoware/install/autoware_auto_geometry/include/geometry/lookup_table.hpp
[1.217s] -- Up-to-date symlink: /home/zhijie/autoware/install/autoware_auto_geometry/include/geometry/spatial_hash.hpp
[1.218s] -- Up-to-date symlink: /home/zhijie/autoware/install/autoware_auto_geometry/include/geometry/spatial_hash_config.hpp
[1.218s] -- Up-to-date symlink: /home/zhijie/autoware/install/autoware_auto_geometry/include/geometry/visibility_control.hpp
[1.218s] -- Up-to-date symlink: /home/zhijie/autoware/install/autoware_auto_geometry/share/autoware_auto_geometry/environment/library_path.sh
[1.218s] -- Up-to-date symlink: /home/zhijie/autoware/install/autoware_auto_geometry/share/autoware_auto_geometry/environment/library_path.dsv
[1.219s] -- Up-to-date symlink: /home/zhijie/autoware/install/autoware_auto_geometry/lib/libautoware_auto_geometry.so
[1.220s] -- Up-to-date symlink: /home/zhijie/autoware/install/autoware_auto_geometry/share/ament_index/resource_index/package_run_dependencies/autoware_auto_geometry
[1.221s] -- Up-to-date symlink: /home/zhijie/autoware/install/autoware_auto_geometry/share/ament_index/resource_index/parent_prefix_path/autoware_auto_geometry
[1.221s] -- Up-to-date symlink: /home/zhijie/autoware/install/autoware_auto_geometry/share/autoware_auto_geometry/environment/ament_prefix_path.sh
[1.221s] -- Up-to-date symlink: /home/zhijie/autoware/install/autoware_auto_geometry/share/autoware_auto_geometry/environment/ament_prefix_path.dsv
[1.221s] -- Up-to-date symlink: /home/zhijie/autoware/install/autoware_auto_geometry/share/autoware_auto_geometry/environment/path.sh
[1.222s] -- Up-to-date symlink: /home/zhijie/autoware/install/autoware_auto_geometry/share/autoware_auto_geometry/environment/path.dsv
[1.222s] -- Up-to-date symlink: /home/zhijie/autoware/install/autoware_auto_geometry/share/autoware_auto_geometry/local_setup.bash
[1.222s] -- Up-to-date symlink: /home/zhijie/autoware/install/autoware_auto_geometry/share/autoware_auto_geometry/local_setup.sh
[1.223s] -- Up-to-date symlink: /home/zhijie/autoware/install/autoware_auto_geometry/share/autoware_auto_geometry/local_setup.zsh
[1.228s] -- Up-to-date symlink: /home/zhijie/autoware/install/autoware_auto_geometry/share/autoware_auto_geometry/local_setup.dsv
[1.229s] -- Symlinking: /home/zhijie/autoware/install/autoware_auto_geometry/share/autoware_auto_geometry/package.dsv
[1.239s] -- Up-to-date symlink: /home/zhijie/autoware/install/autoware_auto_geometry/share/ament_index/resource_index/packages/autoware_auto_geometry
[1.239s] -- Up-to-date symlink: /home/zhijie/autoware/install/autoware_auto_geometry/share/autoware_auto_geometry/cmake/ament_cmake_export_dependencies-extras.cmake
[1.239s] -- Up-to-date symlink: /home/zhijie/autoware/install/autoware_auto_geometry/share/autoware_auto_geometry/cmake/ament_cmake_export_include_directories-extras.cmake
[1.239s] -- Up-to-date symlink: /home/zhijie/autoware/install/autoware_auto_geometry/share/autoware_auto_geometry/cmake/ament_cmake_export_libraries-extras.cmake
[1.239s] -- Up-to-date symlink: /home/zhijie/autoware/install/autoware_auto_geometry/share/autoware_auto_geometry/cmake/autoware_auto_geometryConfig.cmake
[1.239s] -- Up-to-date symlink: /home/zhijie/autoware/install/autoware_auto_geometry/share/autoware_auto_geometry/cmake/autoware_auto_geometryConfig-version.cmake
[1.239s] -- Up-to-date symlink: /home/zhijie/autoware/install/autoware_auto_geometry/share/autoware_auto_geometry/package.xml
[1.308s] Invoked command in '/home/zhijie/autoware/build/autoware_auto_geometry' returned '0': AMENT_PREFIX_PATH=/home/zhijie/autoware/install/autoware_auto_tf2:/home/zhijie/autoware/install/autoware_auto_vehicle_msgs:/home/zhijie/autoware/install/autoware_auto_common:/home/zhijie/autoware/install/autoware_cmake:/home/zhijie/autoware/install/autoware_auto_planning_msgs:/home/zhijie/autoware/install/autoware_auto_perception_msgs:/home/zhijie/autoware/install/autoware_lint_common:/home/zhijie/autoware/install/autoware_auto_system_msgs:/home/zhijie/autoware/install/autoware_auto_mapping_msgs:/home/zhijie/autoware/install/autoware_auto_geometry_msgs:${AMENT_PREFIX_PATH} CMAKE_PREFIX_PATH=/home/zhijie/autoware/install/autoware_auto_tf2:/home/zhijie/autoware/install/autoware_auto_vehicle_msgs:/home/zhijie/autoware/install/autoware_auto_common:/home/zhijie/autoware/install/autoware_cmake:/home/zhijie/autoware/install/autoware_auto_planning_msgs:/home/zhijie/autoware/install/autoware_auto_perception_msgs:/home/zhijie/autoware/install/autoware_lint_common:/home/zhijie/autoware/install/autoware_auto_system_msgs:/home/zhijie/autoware/install/autoware_auto_mapping_msgs:/home/zhijie/autoware/install/autoware_auto_geometry_msgs:/opt/ros/humble LD_LIBRARY_PATH=/home/zhijie/autoware/install/autoware_auto_vehicle_msgs/lib:/home/zhijie/autoware/install/autoware_auto_planning_msgs/lib:/home/zhijie/autoware/install/autoware_auto_perception_msgs/lib:/home/zhijie/autoware/install/autoware_auto_system_msgs/lib:/home/zhijie/autoware/install/autoware_auto_mapping_msgs/lib:/home/zhijie/autoware/install/autoware_auto_geometry_msgs/lib:${LD_LIBRARY_PATH} PYTHONPATH=/home/zhijie/autoware/install/autoware_auto_vehicle_msgs/local/lib/python3.10/dist-packages:/home/zhijie/autoware/install/autoware_auto_planning_msgs/local/lib/python3.10/dist-packages:/home/zhijie/autoware/install/autoware_auto_perception_msgs/local/lib/python3.10/dist-packages:/home/zhijie/autoware/install/autoware_auto_system_msgs/local/lib/python3.10/dist-packages:/home/zhijie/autoware/install/autoware_auto_mapping_msgs/local/lib/python3.10/dist-packages:/home/zhijie/autoware/install/autoware_auto_geometry_msgs/local/lib/python3.10/dist-packages:${PYTHONPATH} /usr/bin/cmake --install /home/zhijie/autoware/build/autoware_auto_geometry
