[0.664s] Invoking command in '/home/mtl12345/autoware/build/tensorrt_yolo': AMENT_PREFIX_PATH=/home/mtl12345/autoware/install/tier4_perception_msgs:/home/mtl12345/autoware/install/autoware_cmake:/home/mtl12345/autoware/install/autoware_auto_perception_msgs:/home/mtl12345/autoware/install/autoware_lint_common:/home/mtl12345/autoware/install/autoware_auto_geometry_msgs:${AMENT_PREFIX_PATH} CMAKE_PREFIX_PATH=/home/mtl12345/autoware/install/tier4_perception_msgs:/home/mtl12345/autoware/install/autoware_cmake:/home/mtl12345/autoware/install/autoware_auto_perception_msgs:/home/mtl12345/autoware/install/autoware_lint_common:/home/mtl12345/autoware/install/autoware_auto_geometry_msgs:/opt/ros/humble LD_LIBRARY_PATH=/home/mtl12345/autoware/install/tier4_perception_msgs/lib:/home/mtl12345/autoware/install/autoware_auto_perception_msgs/lib:/home/mtl12345/autoware/install/autoware_auto_geometry_msgs/lib:${LD_LIBRARY_PATH} PYTHONPATH=/home/mtl12345/autoware/install/tier4_perception_msgs/local/lib/python3.10/dist-packages:/home/mtl12345/autoware/install/autoware_auto_perception_msgs/local/lib/python3.10/dist-packages:/home/mtl12345/autoware/install/autoware_auto_geometry_msgs/local/lib/python3.10/dist-packages:${PYTHONPATH} /usr/bin/cmake --build /home/mtl12345/autoware/build/tensorrt_yolo -- -j12 -l12
[0.804s] [ 20%] Built target mish_plugin
[0.804s] [ 40%] Built target yolo_layer_plugin
[0.804s] [ 53%] Built target tensorrt_yolo_node
[0.804s] [ 73%] Built target nms_plugin
[0.805s] [ 86%] Built target yolo
[0.805s] [100%] Built target tensorrt_yolo_nodelet
[1.126s] Invoked command in '/home/mtl12345/autoware/build/tensorrt_yolo' returned '0': AMENT_PREFIX_PATH=/home/mtl12345/autoware/install/tier4_perception_msgs:/home/mtl12345/autoware/install/autoware_cmake:/home/mtl12345/autoware/install/autoware_auto_perception_msgs:/home/mtl12345/autoware/install/autoware_lint_common:/home/mtl12345/autoware/install/autoware_auto_geometry_msgs:${AMENT_PREFIX_PATH} CMAKE_PREFIX_PATH=/home/mtl12345/autoware/install/tier4_perception_msgs:/home/mtl12345/autoware/install/autoware_cmake:/home/mtl12345/autoware/install/autoware_auto_perception_msgs:/home/mtl12345/autoware/install/autoware_lint_common:/home/mtl12345/autoware/install/autoware_auto_geometry_msgs:/opt/ros/humble LD_LIBRARY_PATH=/home/mtl12345/autoware/install/tier4_perception_msgs/lib:/home/mtl12345/autoware/install/autoware_auto_perception_msgs/lib:/home/mtl12345/autoware/install/autoware_auto_geometry_msgs/lib:${LD_LIBRARY_PATH} PYTHONPATH=/home/mtl12345/autoware/install/tier4_perception_msgs/local/lib/python3.10/dist-packages:/home/mtl12345/autoware/install/autoware_auto_perception_msgs/local/lib/python3.10/dist-packages:/home/mtl12345/autoware/install/autoware_auto_geometry_msgs/local/lib/python3.10/dist-packages:${PYTHONPATH} /usr/bin/cmake --build /home/mtl12345/autoware/build/tensorrt_yolo -- -j12 -l12
[1.497s] Invoking command in '/home/mtl12345/autoware/build/tensorrt_yolo': AMENT_PREFIX_PATH=/home/mtl12345/autoware/install/tier4_perception_msgs:/home/mtl12345/autoware/install/autoware_cmake:/home/mtl12345/autoware/install/autoware_auto_perception_msgs:/home/mtl12345/autoware/install/autoware_lint_common:/home/mtl12345/autoware/install/autoware_auto_geometry_msgs:${AMENT_PREFIX_PATH} CMAKE_PREFIX_PATH=/home/mtl12345/autoware/install/tier4_perception_msgs:/home/mtl12345/autoware/install/autoware_cmake:/home/mtl12345/autoware/install/autoware_auto_perception_msgs:/home/mtl12345/autoware/install/autoware_lint_common:/home/mtl12345/autoware/install/autoware_auto_geometry_msgs:/opt/ros/humble LD_LIBRARY_PATH=/home/mtl12345/autoware/install/tier4_perception_msgs/lib:/home/mtl12345/autoware/install/autoware_auto_perception_msgs/lib:/home/mtl12345/autoware/install/autoware_auto_geometry_msgs/lib:${LD_LIBRARY_PATH} PYTHONPATH=/home/mtl12345/autoware/install/tier4_perception_msgs/local/lib/python3.10/dist-packages:/home/mtl12345/autoware/install/autoware_auto_perception_msgs/local/lib/python3.10/dist-packages:/home/mtl12345/autoware/install/autoware_auto_geometry_msgs/local/lib/python3.10/dist-packages:${PYTHONPATH} /usr/bin/cmake --install /home/mtl12345/autoware/build/tensorrt_yolo
[1.656s] -- Install configuration: "Release"
[1.656s] -- Execute custom install script
[1.656s] -- Up-to-date symlink: /home/mtl12345/autoware/install/tensorrt_yolo/lib/tensorrt_yolo/tensorrt_yolo_node
[1.656s] -- Up-to-date symlink: /home/mtl12345/autoware/install/tensorrt_yolo/include/tensorrt_yolo/nodelet.hpp
[1.657s] -- Up-to-date symlink: /home/mtl12345/autoware/install/tensorrt_yolo/share/tensorrt_yolo/environment/library_path.sh
[1.657s] -- Up-to-date symlink: /home/mtl12345/autoware/install/tensorrt_yolo/share/tensorrt_yolo/environment/library_path.dsv
[1.657s] -- Up-to-date symlink: /home/mtl12345/autoware/install/tensorrt_yolo/lib/libyolo.so
[1.658s] -- Up-to-date symlink: /home/mtl12345/autoware/install/tensorrt_yolo/lib/libtensorrt_yolo_nodelet.so
[1.658s] -- Up-to-date symlink: /home/mtl12345/autoware/install/tensorrt_yolo/share/tensorrt_yolo/config/yolov3.param.yaml
[1.658s] -- Up-to-date symlink: /home/mtl12345/autoware/install/tensorrt_yolo/share/tensorrt_yolo/config/yolov4-tiny.param.yaml
[1.658s] -- Up-to-date symlink: /home/mtl12345/autoware/install/tensorrt_yolo/share/tensorrt_yolo/config/yolov4.param.yaml
[1.659s] -- Up-to-date symlink: /home/mtl12345/autoware/install/tensorrt_yolo/share/tensorrt_yolo/config/yolov5l.param.yaml
[1.659s] -- Up-to-date symlink: /home/mtl12345/autoware/install/tensorrt_yolo/share/tensorrt_yolo/config/yolov5m.param.yaml
[1.659s] -- Up-to-date symlink: /home/mtl12345/autoware/install/tensorrt_yolo/share/tensorrt_yolo/config/yolov5s.param.yaml
[1.659s] -- Up-to-date symlink: /home/mtl12345/autoware/install/tensorrt_yolo/share/tensorrt_yolo/config/yolov5x.param.yaml
[1.660s] -- Up-to-date symlink: /home/mtl12345/autoware/install/tensorrt_yolo/share/tensorrt_yolo/launch/tensorrt_yolo.launch.xml
[1.660s] -- Up-to-date symlink: /home/mtl12345/autoware/install/tensorrt_yolo/share/tensorrt_yolo/launch/yolo.launch.xml
[1.660s] -- Up-to-date symlink: /home/mtl12345/autoware/install/tensorrt_yolo/share/ament_index/resource_index/package_run_dependencies/tensorrt_yolo
[1.661s] -- Up-to-date symlink: /home/mtl12345/autoware/install/tensorrt_yolo/share/ament_index/resource_index/parent_prefix_path/tensorrt_yolo
[1.661s] -- Up-to-date symlink: /home/mtl12345/autoware/install/tensorrt_yolo/share/tensorrt_yolo/environment/ament_prefix_path.sh
[1.662s] -- Up-to-date symlink: /home/mtl12345/autoware/install/tensorrt_yolo/share/tensorrt_yolo/environment/ament_prefix_path.dsv
[1.662s] -- Up-to-date symlink: /home/mtl12345/autoware/install/tensorrt_yolo/share/tensorrt_yolo/environment/path.sh
[1.663s] -- Up-to-date symlink: /home/mtl12345/autoware/install/tensorrt_yolo/share/tensorrt_yolo/environment/path.dsv
[1.663s] -- Up-to-date symlink: /home/mtl12345/autoware/install/tensorrt_yolo/share/tensorrt_yolo/local_setup.bash
[1.664s] -- Up-to-date symlink: /home/mtl12345/autoware/install/tensorrt_yolo/share/tensorrt_yolo/local_setup.sh
[1.664s] -- Up-to-date symlink: /home/mtl12345/autoware/install/tensorrt_yolo/share/tensorrt_yolo/local_setup.zsh
[1.664s] -- Up-to-date symlink: /home/mtl12345/autoware/install/tensorrt_yolo/share/tensorrt_yolo/local_setup.dsv
[1.664s] -- Symlinking: /home/mtl12345/autoware/install/tensorrt_yolo/share/tensorrt_yolo/package.dsv
[1.664s] -- Up-to-date symlink: /home/mtl12345/autoware/install/tensorrt_yolo/share/ament_index/resource_index/packages/tensorrt_yolo
[1.664s] -- Up-to-date symlink: /home/mtl12345/autoware/install/tensorrt_yolo/share/ament_index/resource_index/rclcpp_components/tensorrt_yolo
[1.664s] -- Up-to-date symlink: /home/mtl12345/autoware/install/tensorrt_yolo/share/tensorrt_yolo/cmake/ament_cmake_export_dependencies-extras.cmake
[1.664s] -- Up-to-date symlink: /home/mtl12345/autoware/install/tensorrt_yolo/share/tensorrt_yolo/cmake/ament_cmake_export_include_directories-extras.cmake
[1.664s] -- Up-to-date symlink: /home/mtl12345/autoware/install/tensorrt_yolo/share/tensorrt_yolo/cmake/ament_cmake_export_libraries-extras.cmake
[1.665s] -- Up-to-date symlink: /home/mtl12345/autoware/install/tensorrt_yolo/share/tensorrt_yolo/cmake/tensorrt_yoloConfig.cmake
[1.665s] -- Up-to-date symlink: /home/mtl12345/autoware/install/tensorrt_yolo/share/tensorrt_yolo/cmake/tensorrt_yoloConfig-version.cmake
[1.665s] -- Up-to-date symlink: /home/mtl12345/autoware/install/tensorrt_yolo/share/tensorrt_yolo/package.xml
[1.665s] -- Up-to-date symlink: /home/mtl12345/autoware/install/tensorrt_yolo/lib/libmish_plugin.so
[1.665s] -- Up-to-date symlink: /home/mtl12345/autoware/install/tensorrt_yolo/lib/libyolo_layer_plugin.so
[1.665s] -- Up-to-date symlink: /home/mtl12345/autoware/install/tensorrt_yolo/lib/libnms_plugin.so
[2.056s] Invoked command in '/home/mtl12345/autoware/build/tensorrt_yolo' returned '0': AMENT_PREFIX_PATH=/home/mtl12345/autoware/install/tier4_perception_msgs:/home/mtl12345/autoware/install/autoware_cmake:/home/mtl12345/autoware/install/autoware_auto_perception_msgs:/home/mtl12345/autoware/install/autoware_lint_common:/home/mtl12345/autoware/install/autoware_auto_geometry_msgs:${AMENT_PREFIX_PATH} CMAKE_PREFIX_PATH=/home/mtl12345/autoware/install/tier4_perception_msgs:/home/mtl12345/autoware/install/autoware_cmake:/home/mtl12345/autoware/install/autoware_auto_perception_msgs:/home/mtl12345/autoware/install/autoware_lint_common:/home/mtl12345/autoware/install/autoware_auto_geometry_msgs:/opt/ros/humble LD_LIBRARY_PATH=/home/mtl12345/autoware/install/tier4_perception_msgs/lib:/home/mtl12345/autoware/install/autoware_auto_perception_msgs/lib:/home/mtl12345/autoware/install/autoware_auto_geometry_msgs/lib:${LD_LIBRARY_PATH} PYTHONPATH=/home/mtl12345/autoware/install/tier4_perception_msgs/local/lib/python3.10/dist-packages:/home/mtl12345/autoware/install/autoware_auto_perception_msgs/local/lib/python3.10/dist-packages:/home/mtl12345/autoware/install/autoware_auto_geometry_msgs/local/lib/python3.10/dist-packages:${PYTHONPATH} /usr/bin/cmake --install /home/mtl12345/autoware/build/tensorrt_yolo
