[0.455s] Invoking command in '/home/mtl12345/autoware/build/system_diagnostic_graph': AMENT_PREFIX_PATH=/home/mtl12345/autoware/install/tier4_system_msgs:/home/mtl12345/autoware/install/autoware_cmake:/home/mtl12345/autoware/install/autoware_lint_common:/home/mtl12345/autoware/install/autoware_common_msgs:${AMENT_PREFIX_PATH} CMAKE_PREFIX_PATH=/home/mtl12345/autoware/install/tier4_system_msgs:/home/mtl12345/autoware/install/autoware_cmake:/home/mtl12345/autoware/install/autoware_lint_common:/home/mtl12345/autoware/install/autoware_common_msgs:/opt/ros/humble LD_LIBRARY_PATH=/home/mtl12345/autoware/install/tier4_system_msgs/lib:/home/mtl12345/autoware/install/autoware_common_msgs/lib:${LD_LIBRARY_PATH} PYTHONPATH=/home/mtl12345/autoware/install/tier4_system_msgs/local/lib/python3.10/dist-packages:/home/mtl12345/autoware/install/autoware_common_msgs/local/lib/python3.10/dist-packages:${PYTHONPATH} /usr/bin/cmake --build /home/mtl12345/autoware/build/system_diagnostic_graph -- -j12 -l12
[0.583s] [ 20%] Built target converter
[0.583s] [100%] Built target aggregator
[0.938s] Invoked command in '/home/mtl12345/autoware/build/system_diagnostic_graph' returned '0': AMENT_PREFIX_PATH=/home/mtl12345/autoware/install/tier4_system_msgs:/home/mtl12345/autoware/install/autoware_cmake:/home/mtl12345/autoware/install/autoware_lint_common:/home/mtl12345/autoware/install/autoware_common_msgs:${AMENT_PREFIX_PATH} CMAKE_PREFIX_PATH=/home/mtl12345/autoware/install/tier4_system_msgs:/home/mtl12345/autoware/install/autoware_cmake:/home/mtl12345/autoware/install/autoware_lint_common:/home/mtl12345/autoware/install/autoware_common_msgs:/opt/ros/humble LD_LIBRARY_PATH=/home/mtl12345/autoware/install/tier4_system_msgs/lib:/home/mtl12345/autoware/install/autoware_common_msgs/lib:${LD_LIBRARY_PATH} PYTHONPATH=/home/mtl12345/autoware/install/tier4_system_msgs/local/lib/python3.10/dist-packages:/home/mtl12345/autoware/install/autoware_common_msgs/local/lib/python3.10/dist-packages:${PYTHONPATH} /usr/bin/cmake --build /home/mtl12345/autoware/build/system_diagnostic_graph -- -j12 -l12
[1.304s] Invoking command in '/home/mtl12345/autoware/build/system_diagnostic_graph': AMENT_PREFIX_PATH=/home/mtl12345/autoware/install/tier4_system_msgs:/home/mtl12345/autoware/install/autoware_cmake:/home/mtl12345/autoware/install/autoware_lint_common:/home/mtl12345/autoware/install/autoware_common_msgs:${AMENT_PREFIX_PATH} CMAKE_PREFIX_PATH=/home/mtl12345/autoware/install/tier4_system_msgs:/home/mtl12345/autoware/install/autoware_cmake:/home/mtl12345/autoware/install/autoware_lint_common:/home/mtl12345/autoware/install/autoware_common_msgs:/opt/ros/humble LD_LIBRARY_PATH=/home/mtl12345/autoware/install/tier4_system_msgs/lib:/home/mtl12345/autoware/install/autoware_common_msgs/lib:${LD_LIBRARY_PATH} PYTHONPATH=/home/mtl12345/autoware/install/tier4_system_msgs/local/lib/python3.10/dist-packages:/home/mtl12345/autoware/install/autoware_common_msgs/local/lib/python3.10/dist-packages:${PYTHONPATH} /usr/bin/cmake --install /home/mtl12345/autoware/build/system_diagnostic_graph
[1.539s] -- Install configuration: "Release"
[1.539s] -- Execute custom install script
[1.539s] -- Up-to-date symlink: /home/mtl12345/autoware/install/system_diagnostic_graph/lib/system_diagnostic_graph/debug.py
[1.539s] -- Up-to-date symlink: /home/mtl12345/autoware/install/system_diagnostic_graph/lib/system_diagnostic_graph/aggregator
[1.539s] -- Up-to-date symlink: /home/mtl12345/autoware/install/system_diagnostic_graph/lib/system_diagnostic_graph/converter
[1.539s] -- Up-to-date symlink: /home/mtl12345/autoware/install/system_diagnostic_graph/share/system_diagnostic_graph/config/default.param.yaml
[1.539s] -- Up-to-date symlink: /home/mtl12345/autoware/install/system_diagnostic_graph/share/system_diagnostic_graph/example/example.launch.xml
[1.539s] -- Up-to-date symlink: /home/mtl12345/autoware/install/system_diagnostic_graph/share/system_diagnostic_graph/example/example1.yaml
[1.540s] -- Up-to-date symlink: /home/mtl12345/autoware/install/system_diagnostic_graph/share/system_diagnostic_graph/example/example2.yaml
[1.540s] -- Up-to-date symlink: /home/mtl12345/autoware/install/system_diagnostic_graph/share/system_diagnostic_graph/example/publisher.py
[1.540s] -- Up-to-date symlink: /home/mtl12345/autoware/install/system_diagnostic_graph/share/system_diagnostic_graph/launch/system_diagnostic_graph.launch.xml
[1.540s] -- Up-to-date symlink: /home/mtl12345/autoware/install/system_diagnostic_graph/share/ament_index/resource_index/package_run_dependencies/system_diagnostic_graph
[1.540s] -- Up-to-date symlink: /home/mtl12345/autoware/install/system_diagnostic_graph/share/ament_index/resource_index/parent_prefix_path/system_diagnostic_graph
[1.540s] -- Up-to-date symlink: /home/mtl12345/autoware/install/system_diagnostic_graph/share/system_diagnostic_graph/environment/ament_prefix_path.sh
[1.540s] -- Up-to-date symlink: /home/mtl12345/autoware/install/system_diagnostic_graph/share/system_diagnostic_graph/environment/ament_prefix_path.dsv
[1.540s] -- Up-to-date symlink: /home/mtl12345/autoware/install/system_diagnostic_graph/share/system_diagnostic_graph/environment/path.sh
[1.540s] -- Up-to-date symlink: /home/mtl12345/autoware/install/system_diagnostic_graph/share/system_diagnostic_graph/environment/path.dsv
[1.540s] -- Up-to-date symlink: /home/mtl12345/autoware/install/system_diagnostic_graph/share/system_diagnostic_graph/local_setup.bash
[1.540s] -- Up-to-date symlink: /home/mtl12345/autoware/install/system_diagnostic_graph/share/system_diagnostic_graph/local_setup.sh
[1.540s] -- Up-to-date symlink: /home/mtl12345/autoware/install/system_diagnostic_graph/share/system_diagnostic_graph/local_setup.zsh
[1.540s] -- Up-to-date symlink: /home/mtl12345/autoware/install/system_diagnostic_graph/share/system_diagnostic_graph/local_setup.dsv
[1.540s] -- Symlinking: /home/mtl12345/autoware/install/system_diagnostic_graph/share/system_diagnostic_graph/package.dsv
[1.540s] -- Up-to-date symlink: /home/mtl12345/autoware/install/system_diagnostic_graph/share/ament_index/resource_index/packages/system_diagnostic_graph
[1.540s] -- Up-to-date symlink: /home/mtl12345/autoware/install/system_diagnostic_graph/share/system_diagnostic_graph/cmake/ament_cmake_export_dependencies-extras.cmake
[1.541s] -- Up-to-date symlink: /home/mtl12345/autoware/install/system_diagnostic_graph/share/system_diagnostic_graph/cmake/system_diagnostic_graphConfig.cmake
[1.541s] -- Up-to-date symlink: /home/mtl12345/autoware/install/system_diagnostic_graph/share/system_diagnostic_graph/cmake/system_diagnostic_graphConfig-version.cmake
[1.541s] -- Up-to-date symlink: /home/mtl12345/autoware/install/system_diagnostic_graph/share/system_diagnostic_graph/package.xml
[1.836s] Invoked command in '/home/mtl12345/autoware/build/system_diagnostic_graph' returned '0': AMENT_PREFIX_PATH=/home/mtl12345/autoware/install/tier4_system_msgs:/home/mtl12345/autoware/install/autoware_cmake:/home/mtl12345/autoware/install/autoware_lint_common:/home/mtl12345/autoware/install/autoware_common_msgs:${AMENT_PREFIX_PATH} CMAKE_PREFIX_PATH=/home/mtl12345/autoware/install/tier4_system_msgs:/home/mtl12345/autoware/install/autoware_cmake:/home/mtl12345/autoware/install/autoware_lint_common:/home/mtl12345/autoware/install/autoware_common_msgs:/opt/ros/humble LD_LIBRARY_PATH=/home/mtl12345/autoware/install/tier4_system_msgs/lib:/home/mtl12345/autoware/install/autoware_common_msgs/lib:${LD_LIBRARY_PATH} PYTHONPATH=/home/mtl12345/autoware/install/tier4_system_msgs/local/lib/python3.10/dist-packages:/home/mtl12345/autoware/install/autoware_common_msgs/local/lib/python3.10/dist-packages:${PYTHONPATH} /usr/bin/cmake --install /home/mtl12345/autoware/build/system_diagnostic_graph
