[0.345s] Invoking command in '/home/zhijie/autoware/build/yabloc_pose_initializer': AMENT_PREFIX_PATH=/home/zhijie/autoware/install/yabloc_common:/home/zhijie/autoware/install/lanelet2_extension:/home/zhijie/autoware/install/signal_processing:/home/zhijie/autoware/install/autoware_utils:/home/zhijie/autoware/install/autoware_cmake:/home/zhijie/autoware/install/autoware_auto_planning_msgs:/home/zhijie/autoware/install/tier4_localization_msgs:/home/zhijie/autoware/install/autoware_planning_msgs:/home/zhijie/autoware/install/autoware_lint_common:/home/zhijie/autoware/install/autoware_auto_mapping_msgs:/home/zhijie/autoware/install/autoware_auto_geometry_msgs:${AMENT_PREFIX_PATH} CMAKE_PREFIX_PATH=/home/zhijie/autoware/install/yabloc_common:/home/zhijie/autoware/install/lanelet2_extension:/home/zhijie/autoware/install/signal_processing:/home/zhijie/autoware/install/autoware_utils:/home/zhijie/autoware/install/autoware_cmake:/home/zhijie/autoware/install/autoware_auto_planning_msgs:/home/zhijie/autoware/install/tier4_localization_msgs:/home/zhijie/autoware/install/autoware_planning_msgs:/home/zhijie/autoware/install/autoware_lint_common:/home/zhijie/autoware/install/autoware_auto_mapping_msgs:/home/zhijie/autoware/install/autoware_auto_geometry_msgs:/opt/ros/humble LD_LIBRARY_PATH=/home/zhijie/autoware/install/yabloc_common/lib:/home/zhijie/autoware/install/lanelet2_extension/lib:/home/zhijie/autoware/install/signal_processing/lib:/home/zhijie/autoware/install/autoware_utils/lib:/home/zhijie/autoware/install/autoware_auto_planning_msgs/lib:/home/zhijie/autoware/install/tier4_localization_msgs/lib:/home/zhijie/autoware/install/autoware_planning_msgs/lib:/home/zhijie/autoware/install/autoware_auto_mapping_msgs/lib:/home/zhijie/autoware/install/autoware_auto_geometry_msgs/lib:${LD_LIBRARY_PATH} PYTHONPATH=/home/zhijie/autoware/install/autoware_auto_planning_msgs/local/lib/python3.10/dist-packages:/home/zhijie/autoware/install/tier4_localization_msgs/local/lib/python3.10/dist-packages:/home/zhijie/autoware/install/autoware_planning_msgs/local/lib/python3.10/dist-packages:/home/zhijie/autoware/install/autoware_auto_mapping_msgs/local/lib/python3.10/dist-packages:/home/zhijie/autoware/install/autoware_auto_geometry_msgs/local/lib/python3.10/dist-packages:${PYTHONPATH} /usr/bin/cmake /home/zhijie/autoware/src/universe/autoware.universe/localization/yabloc/yabloc_pose_initializer -DCMAKE_BUILD_TYPE=Release -DAMENT_CMAKE_SYMLINK_INSTALL=1 -DCMAKE_INSTALL_PREFIX=/home/zhijie/autoware/install/yabloc_pose_initializer
[19.067s] -- Found autoware_cmake: 0.1.0 (/home/zhijie/autoware/install/autoware_cmake/share/autoware_cmake/cmake)
[19.067s] -- Override CMake install command with custom implementation using symlinks instead of copying resources
[19.067s] -- Found rosidl_generator_c: 3.1.5 (/opt/ros/humble/share/rosidl_generator_c/cmake)
[19.067s] -- Found rosidl_adapter: 3.1.5 (/opt/ros/humble/share/rosidl_adapter/cmake)
[19.067s] -- Found rosidl_generator_cpp: 3.1.5 (/opt/ros/humble/share/rosidl_generator_cpp/cmake)
[19.067s] -- Using all available rosidl_typesupport_c: rosidl_typesupport_fastrtps_c;rosidl_typesupport_introspection_c
[19.067s] -- Using all available rosidl_typesupport_cpp: rosidl_typesupport_fastrtps_cpp;rosidl_typesupport_introspection_cpp
[19.067s] -- Found rmw_implementation_cmake: 6.1.1 (/opt/ros/humble/share/rmw_implementation_cmake/cmake)
[19.068s] -- Found rmw_cyclonedds_cpp: 1.3.4 (/opt/ros/humble/share/rmw_cyclonedds_cpp/cmake)
[19.070s] -- Using RMW implementation 'rmw_cyclonedds_cpp' as default
[19.070s] -- Found mrt_cmake_modules: 1.0.9 (/opt/ros/humble/share/mrt_cmake_modules/cmake)
[19.070s] -- Found eigen3_cmake_module: 0.1.1 (/opt/ros/humble/share/eigen3_cmake_module/cmake)
[19.070s] -- Found Eigen3: TRUE (found version "3.4.0") 
[19.070s] -- Ensuring Eigen3 include directory is part of orocos-kdl CMake target
[19.070s] -- Eigen found (include: /usr/include/eigen3, version: 3.4.0)
[19.070s] -- OpenNI found (version: 1.5.4.0, include: /usr/include/ni, lib: /usr/lib/libOpenNI.so;libusb::libusb)
[19.070s] -- OpenNI2 found (version: 2.2.0.33, include: /usr/include/openni2, lib: /usr/lib/x86_64-linux-gnu/libOpenNI2.so;libusb::libusb)
[19.071s] -- Eigen found (include: /usr/include/eigen3, version: 3.4.0)
[19.071s] -- OpenNI found (version: 1.5.4.0, include: /usr/include/ni, lib: /usr/lib/libOpenNI.so;libusb::libusb)
[19.071s] -- OpenNI2 found (version: 2.2.0.33, include: /usr/include/openni2, lib: /usr/lib/x86_64-linux-gnu/libOpenNI2.so;libusb::libusb)
[19.071s] -- Found Qhull version 8.0.2
[19.071s] -- OpenNI found (version: 1.5.4.0, include: /usr/include/ni, lib: /usr/lib/libOpenNI.so;libusb::libusb)
[19.071s] -- Found ament_lint_auto: 0.12.8 (/opt/ros/humble/share/ament_lint_auto/cmake)
[19.071s] -- Found Eigen3: TRUE (found suitable version "3.4.0", minimum required is "3.4.0") 
[19.071s] -- Added test 'copyright' to check source files copyright and LICENSE
[19.071s] -- Added test 'cppcheck' to perform static code analysis on C / C++ code
[19.071s] -- Configured cppcheck include dirs: /home/zhijie/autoware/src/universe/autoware.universe/localization/yabloc/yabloc_pose_initializer/include
[19.071s] -- Configured cppcheck exclude dirs and/or files: 
[19.071s] -- Added test 'lint_cmake' to check CMake code style
[19.072s] -- Added test 'xmllint' to check XML markup files
[19.072s] -- Configuring done
[19.072s] -- Generating done
[19.072s] -- Build files have been written to: /home/zhijie/autoware/build/yabloc_pose_initializer
[19.072s] [33mCMake Warning (dev) at CMakeLists.txt:12 (find_package):
[19.072s]   Policy CMP0074 is not set: find_package uses <PackageName>_ROOT variables.
[19.072s]   Run "cmake --help-policy CMP0074" for policy details.  Use the cmake_policy
[19.072s]   command to set the policy and suppress this warning.
[19.072s] 
[19.072s]   CMake variable PCL_ROOT is set to:
[19.072s] 
[19.072s]     /usr
[19.073s] 
[19.073s]   For compatibility, CMake is ignoring the variable.
[19.073s] This warning is for project developers.  Use -Wno-dev to suppress it.
[19.073s] [0m
[19.089s] Invoked command in '/home/zhijie/autoware/build/yabloc_pose_initializer' returned '0': AMENT_PREFIX_PATH=/home/zhijie/autoware/install/yabloc_common:/home/zhijie/autoware/install/lanelet2_extension:/home/zhijie/autoware/install/signal_processing:/home/zhijie/autoware/install/autoware_utils:/home/zhijie/autoware/install/autoware_cmake:/home/zhijie/autoware/install/autoware_auto_planning_msgs:/home/zhijie/autoware/install/tier4_localization_msgs:/home/zhijie/autoware/install/autoware_planning_msgs:/home/zhijie/autoware/install/autoware_lint_common:/home/zhijie/autoware/install/autoware_auto_mapping_msgs:/home/zhijie/autoware/install/autoware_auto_geometry_msgs:${AMENT_PREFIX_PATH} CMAKE_PREFIX_PATH=/home/zhijie/autoware/install/yabloc_common:/home/zhijie/autoware/install/lanelet2_extension:/home/zhijie/autoware/install/signal_processing:/home/zhijie/autoware/install/autoware_utils:/home/zhijie/autoware/install/autoware_cmake:/home/zhijie/autoware/install/autoware_auto_planning_msgs:/home/zhijie/autoware/install/tier4_localization_msgs:/home/zhijie/autoware/install/autoware_planning_msgs:/home/zhijie/autoware/install/autoware_lint_common:/home/zhijie/autoware/install/autoware_auto_mapping_msgs:/home/zhijie/autoware/install/autoware_auto_geometry_msgs:/opt/ros/humble LD_LIBRARY_PATH=/home/zhijie/autoware/install/yabloc_common/lib:/home/zhijie/autoware/install/lanelet2_extension/lib:/home/zhijie/autoware/install/signal_processing/lib:/home/zhijie/autoware/install/autoware_utils/lib:/home/zhijie/autoware/install/autoware_auto_planning_msgs/lib:/home/zhijie/autoware/install/tier4_localization_msgs/lib:/home/zhijie/autoware/install/autoware_planning_msgs/lib:/home/zhijie/autoware/install/autoware_auto_mapping_msgs/lib:/home/zhijie/autoware/install/autoware_auto_geometry_msgs/lib:${LD_LIBRARY_PATH} PYTHONPATH=/home/zhijie/autoware/install/autoware_auto_planning_msgs/local/lib/python3.10/dist-packages:/home/zhijie/autoware/install/tier4_localization_msgs/local/lib/python3.10/dist-packages:/home/zhijie/autoware/install/autoware_planning_msgs/local/lib/python3.10/dist-packages:/home/zhijie/autoware/install/autoware_auto_mapping_msgs/local/lib/python3.10/dist-packages:/home/zhijie/autoware/install/autoware_auto_geometry_msgs/local/lib/python3.10/dist-packages:${PYTHONPATH} /usr/bin/cmake /home/zhijie/autoware/src/universe/autoware.universe/localization/yabloc/yabloc_pose_initializer -DCMAKE_BUILD_TYPE=Release -DAMENT_CMAKE_SYMLINK_INSTALL=1 -DCMAKE_INSTALL_PREFIX=/home/zhijie/autoware/install/yabloc_pose_initializer
[19.089s] Invoking command in '/home/zhijie/autoware/build/yabloc_pose_initializer': AMENT_PREFIX_PATH=/home/zhijie/autoware/install/yabloc_common:/home/zhijie/autoware/install/lanelet2_extension:/home/zhijie/autoware/install/signal_processing:/home/zhijie/autoware/install/autoware_utils:/home/zhijie/autoware/install/autoware_cmake:/home/zhijie/autoware/install/autoware_auto_planning_msgs:/home/zhijie/autoware/install/tier4_localization_msgs:/home/zhijie/autoware/install/autoware_planning_msgs:/home/zhijie/autoware/install/autoware_lint_common:/home/zhijie/autoware/install/autoware_auto_mapping_msgs:/home/zhijie/autoware/install/autoware_auto_geometry_msgs:${AMENT_PREFIX_PATH} CMAKE_PREFIX_PATH=/home/zhijie/autoware/install/yabloc_common:/home/zhijie/autoware/install/lanelet2_extension:/home/zhijie/autoware/install/signal_processing:/home/zhijie/autoware/install/autoware_utils:/home/zhijie/autoware/install/autoware_cmake:/home/zhijie/autoware/install/autoware_auto_planning_msgs:/home/zhijie/autoware/install/tier4_localization_msgs:/home/zhijie/autoware/install/autoware_planning_msgs:/home/zhijie/autoware/install/autoware_lint_common:/home/zhijie/autoware/install/autoware_auto_mapping_msgs:/home/zhijie/autoware/install/autoware_auto_geometry_msgs:/opt/ros/humble LD_LIBRARY_PATH=/home/zhijie/autoware/install/yabloc_common/lib:/home/zhijie/autoware/install/lanelet2_extension/lib:/home/zhijie/autoware/install/signal_processing/lib:/home/zhijie/autoware/install/autoware_utils/lib:/home/zhijie/autoware/install/autoware_auto_planning_msgs/lib:/home/zhijie/autoware/install/tier4_localization_msgs/lib:/home/zhijie/autoware/install/autoware_planning_msgs/lib:/home/zhijie/autoware/install/autoware_auto_mapping_msgs/lib:/home/zhijie/autoware/install/autoware_auto_geometry_msgs/lib:${LD_LIBRARY_PATH} PYTHONPATH=/home/zhijie/autoware/install/autoware_auto_planning_msgs/local/lib/python3.10/dist-packages:/home/zhijie/autoware/install/tier4_localization_msgs/local/lib/python3.10/dist-packages:/home/zhijie/autoware/install/autoware_planning_msgs/local/lib/python3.10/dist-packages:/home/zhijie/autoware/install/autoware_auto_mapping_msgs/local/lib/python3.10/dist-packages:/home/zhijie/autoware/install/autoware_auto_geometry_msgs/local/lib/python3.10/dist-packages:${PYTHONPATH} /usr/bin/cmake --build /home/zhijie/autoware/build/yabloc_pose_initializer -- -j16 -l16
[23.636s] [35m[1mConsolidate compiler generated dependencies of target camera_pose_initializer_node[0m
[23.637s] [ 14%] [32mBuilding CXX object CMakeFiles/camera_pose_initializer_node.dir/src/camera/marker_module.cpp.o[0m
[23.637s] [ 28%] [32mBuilding CXX object CMakeFiles/camera_pose_initializer_node.dir/src/camera/lane_image.cpp.o[0m
[29.717s] [ 42%] [32mBuilding CXX object CMakeFiles/camera_pose_initializer_node.dir/src/camera/camera_pose_initializer_node.cpp.o[0m
[40.011s] [ 57%] [32mBuilding CXX object CMakeFiles/camera_pose_initializer_node.dir/src/camera/camera_pose_initializer_core.cpp.o[0m
[72.232s] [ 71%] [32mBuilding CXX object CMakeFiles/camera_pose_initializer_node.dir/src/camera/semantic_segmentation.cpp.o[0m
[75.896s] [ 85%] [32mBuilding CXX object CMakeFiles/camera_pose_initializer_node.dir/src/camera/projector_module.cpp.o[0m
[85.474s] [100%] [32m[1mLinking CXX executable camera_pose_initializer_node[0m
[87.264s] [100%] Built target camera_pose_initializer_node
[87.275s] Invoked command in '/home/zhijie/autoware/build/yabloc_pose_initializer' returned '0': AMENT_PREFIX_PATH=/home/zhijie/autoware/install/yabloc_common:/home/zhijie/autoware/install/lanelet2_extension:/home/zhijie/autoware/install/signal_processing:/home/zhijie/autoware/install/autoware_utils:/home/zhijie/autoware/install/autoware_cmake:/home/zhijie/autoware/install/autoware_auto_planning_msgs:/home/zhijie/autoware/install/tier4_localization_msgs:/home/zhijie/autoware/install/autoware_planning_msgs:/home/zhijie/autoware/install/autoware_lint_common:/home/zhijie/autoware/install/autoware_auto_mapping_msgs:/home/zhijie/autoware/install/autoware_auto_geometry_msgs:${AMENT_PREFIX_PATH} CMAKE_PREFIX_PATH=/home/zhijie/autoware/install/yabloc_common:/home/zhijie/autoware/install/lanelet2_extension:/home/zhijie/autoware/install/signal_processing:/home/zhijie/autoware/install/autoware_utils:/home/zhijie/autoware/install/autoware_cmake:/home/zhijie/autoware/install/autoware_auto_planning_msgs:/home/zhijie/autoware/install/tier4_localization_msgs:/home/zhijie/autoware/install/autoware_planning_msgs:/home/zhijie/autoware/install/autoware_lint_common:/home/zhijie/autoware/install/autoware_auto_mapping_msgs:/home/zhijie/autoware/install/autoware_auto_geometry_msgs:/opt/ros/humble LD_LIBRARY_PATH=/home/zhijie/autoware/install/yabloc_common/lib:/home/zhijie/autoware/install/lanelet2_extension/lib:/home/zhijie/autoware/install/signal_processing/lib:/home/zhijie/autoware/install/autoware_utils/lib:/home/zhijie/autoware/install/autoware_auto_planning_msgs/lib:/home/zhijie/autoware/install/tier4_localization_msgs/lib:/home/zhijie/autoware/install/autoware_planning_msgs/lib:/home/zhijie/autoware/install/autoware_auto_mapping_msgs/lib:/home/zhijie/autoware/install/autoware_auto_geometry_msgs/lib:${LD_LIBRARY_PATH} PYTHONPATH=/home/zhijie/autoware/install/autoware_auto_planning_msgs/local/lib/python3.10/dist-packages:/home/zhijie/autoware/install/tier4_localization_msgs/local/lib/python3.10/dist-packages:/home/zhijie/autoware/install/autoware_planning_msgs/local/lib/python3.10/dist-packages:/home/zhijie/autoware/install/autoware_auto_mapping_msgs/local/lib/python3.10/dist-packages:/home/zhijie/autoware/install/autoware_auto_geometry_msgs/local/lib/python3.10/dist-packages:${PYTHONPATH} /usr/bin/cmake --build /home/zhijie/autoware/build/yabloc_pose_initializer -- -j16 -l16
[87.309s] Invoking command in '/home/zhijie/autoware/build/yabloc_pose_initializer': AMENT_PREFIX_PATH=/home/zhijie/autoware/install/yabloc_common:/home/zhijie/autoware/install/lanelet2_extension:/home/zhijie/autoware/install/signal_processing:/home/zhijie/autoware/install/autoware_utils:/home/zhijie/autoware/install/autoware_cmake:/home/zhijie/autoware/install/autoware_auto_planning_msgs:/home/zhijie/autoware/install/tier4_localization_msgs:/home/zhijie/autoware/install/autoware_planning_msgs:/home/zhijie/autoware/install/autoware_lint_common:/home/zhijie/autoware/install/autoware_auto_mapping_msgs:/home/zhijie/autoware/install/autoware_auto_geometry_msgs:${AMENT_PREFIX_PATH} CMAKE_PREFIX_PATH=/home/zhijie/autoware/install/yabloc_common:/home/zhijie/autoware/install/lanelet2_extension:/home/zhijie/autoware/install/signal_processing:/home/zhijie/autoware/install/autoware_utils:/home/zhijie/autoware/install/autoware_cmake:/home/zhijie/autoware/install/autoware_auto_planning_msgs:/home/zhijie/autoware/install/tier4_localization_msgs:/home/zhijie/autoware/install/autoware_planning_msgs:/home/zhijie/autoware/install/autoware_lint_common:/home/zhijie/autoware/install/autoware_auto_mapping_msgs:/home/zhijie/autoware/install/autoware_auto_geometry_msgs:/opt/ros/humble LD_LIBRARY_PATH=/home/zhijie/autoware/install/yabloc_common/lib:/home/zhijie/autoware/install/lanelet2_extension/lib:/home/zhijie/autoware/install/signal_processing/lib:/home/zhijie/autoware/install/autoware_utils/lib:/home/zhijie/autoware/install/autoware_auto_planning_msgs/lib:/home/zhijie/autoware/install/tier4_localization_msgs/lib:/home/zhijie/autoware/install/autoware_planning_msgs/lib:/home/zhijie/autoware/install/autoware_auto_mapping_msgs/lib:/home/zhijie/autoware/install/autoware_auto_geometry_msgs/lib:${LD_LIBRARY_PATH} PYTHONPATH=/home/zhijie/autoware/install/autoware_auto_planning_msgs/local/lib/python3.10/dist-packages:/home/zhijie/autoware/install/tier4_localization_msgs/local/lib/python3.10/dist-packages:/home/zhijie/autoware/install/autoware_planning_msgs/local/lib/python3.10/dist-packages:/home/zhijie/autoware/install/autoware_auto_mapping_msgs/local/lib/python3.10/dist-packages:/home/zhijie/autoware/install/autoware_auto_geometry_msgs/local/lib/python3.10/dist-packages:${PYTHONPATH} /usr/bin/cmake --install /home/zhijie/autoware/build/yabloc_pose_initializer
[94.867s] -- Install configuration: "Release"
[94.870s] -- Execute custom install script
[94.870s] -- Up-to-date symlink: /home/zhijie/autoware/install/yabloc_pose_initializer/include/yabloc_pose_initializer/camera/camera_pose_initializer.hpp
[94.870s] -- Up-to-date symlink: /home/zhijie/autoware/install/yabloc_pose_initializer/include/yabloc_pose_initializer/camera/lane_image.hpp
[94.870s] -- Up-to-date symlink: /home/zhijie/autoware/install/yabloc_pose_initializer/include/yabloc_pose_initializer/camera/marker_module.hpp
[94.870s] -- Up-to-date symlink: /home/zhijie/autoware/install/yabloc_pose_initializer/include/yabloc_pose_initializer/camera/projector_module.hpp
[94.871s] -- Up-to-date symlink: /home/zhijie/autoware/install/yabloc_pose_initializer/include/yabloc_pose_initializer/camera/semantic_segmentation.hpp
[94.871s] -- Up-to-date symlink: /home/zhijie/autoware/install/yabloc_pose_initializer/lib/yabloc_pose_initializer/camera_pose_initializer_node
[94.871s] -- Up-to-date symlink: /home/zhijie/autoware/install/yabloc_pose_initializer/share/yabloc_pose_initializer/config/camera_pose_initializer.param.yaml
[94.871s] -- Up-to-date symlink: /home/zhijie/autoware/install/yabloc_pose_initializer/share/yabloc_pose_initializer/launch/yabloc_pose_initializer.launch.xml
[94.871s] -- Up-to-date symlink: /home/zhijie/autoware/install/yabloc_pose_initializer/share/ament_index/resource_index/package_run_dependencies/yabloc_pose_initializer
[94.872s] -- Up-to-date symlink: /home/zhijie/autoware/install/yabloc_pose_initializer/share/ament_index/resource_index/parent_prefix_path/yabloc_pose_initializer
[94.872s] -- Up-to-date symlink: /home/zhijie/autoware/install/yabloc_pose_initializer/share/yabloc_pose_initializer/environment/ament_prefix_path.sh
[94.872s] -- Up-to-date symlink: /home/zhijie/autoware/install/yabloc_pose_initializer/share/yabloc_pose_initializer/environment/ament_prefix_path.dsv
[94.873s] -- Up-to-date symlink: /home/zhijie/autoware/install/yabloc_pose_initializer/share/yabloc_pose_initializer/environment/path.sh
[94.873s] -- Up-to-date symlink: /home/zhijie/autoware/install/yabloc_pose_initializer/share/yabloc_pose_initializer/environment/path.dsv
[94.873s] -- Up-to-date symlink: /home/zhijie/autoware/install/yabloc_pose_initializer/share/yabloc_pose_initializer/local_setup.bash
[94.873s] -- Up-to-date symlink: /home/zhijie/autoware/install/yabloc_pose_initializer/share/yabloc_pose_initializer/local_setup.sh
[94.874s] -- Up-to-date symlink: /home/zhijie/autoware/install/yabloc_pose_initializer/share/yabloc_pose_initializer/local_setup.zsh
[94.874s] -- Up-to-date symlink: /home/zhijie/autoware/install/yabloc_pose_initializer/share/yabloc_pose_initializer/local_setup.dsv
[94.878s] -- Symlinking: /home/zhijie/autoware/install/yabloc_pose_initializer/share/yabloc_pose_initializer/package.dsv
[94.878s] -- Up-to-date symlink: /home/zhijie/autoware/install/yabloc_pose_initializer/share/ament_index/resource_index/packages/yabloc_pose_initializer
[94.878s] -- Up-to-date symlink: /home/zhijie/autoware/install/yabloc_pose_initializer/share/yabloc_pose_initializer/cmake/ament_cmake_export_dependencies-extras.cmake
[94.879s] -- Up-to-date symlink: /home/zhijie/autoware/install/yabloc_pose_initializer/share/yabloc_pose_initializer/cmake/ament_cmake_export_include_directories-extras.cmake
[94.879s] -- Up-to-date symlink: /home/zhijie/autoware/install/yabloc_pose_initializer/share/yabloc_pose_initializer/cmake/yabloc_pose_initializerConfig.cmake
[94.879s] -- Up-to-date symlink: /home/zhijie/autoware/install/yabloc_pose_initializer/share/yabloc_pose_initializer/cmake/yabloc_pose_initializerConfig-version.cmake
[94.879s] -- Up-to-date symlink: /home/zhijie/autoware/install/yabloc_pose_initializer/share/yabloc_pose_initializer/package.xml
[94.910s] Invoked command in '/home/zhijie/autoware/build/yabloc_pose_initializer' returned '0': AMENT_PREFIX_PATH=/home/zhijie/autoware/install/yabloc_common:/home/zhijie/autoware/install/lanelet2_extension:/home/zhijie/autoware/install/signal_processing:/home/zhijie/autoware/install/autoware_utils:/home/zhijie/autoware/install/autoware_cmake:/home/zhijie/autoware/install/autoware_auto_planning_msgs:/home/zhijie/autoware/install/tier4_localization_msgs:/home/zhijie/autoware/install/autoware_planning_msgs:/home/zhijie/autoware/install/autoware_lint_common:/home/zhijie/autoware/install/autoware_auto_mapping_msgs:/home/zhijie/autoware/install/autoware_auto_geometry_msgs:${AMENT_PREFIX_PATH} CMAKE_PREFIX_PATH=/home/zhijie/autoware/install/yabloc_common:/home/zhijie/autoware/install/lanelet2_extension:/home/zhijie/autoware/install/signal_processing:/home/zhijie/autoware/install/autoware_utils:/home/zhijie/autoware/install/autoware_cmake:/home/zhijie/autoware/install/autoware_auto_planning_msgs:/home/zhijie/autoware/install/tier4_localization_msgs:/home/zhijie/autoware/install/autoware_planning_msgs:/home/zhijie/autoware/install/autoware_lint_common:/home/zhijie/autoware/install/autoware_auto_mapping_msgs:/home/zhijie/autoware/install/autoware_auto_geometry_msgs:/opt/ros/humble LD_LIBRARY_PATH=/home/zhijie/autoware/install/yabloc_common/lib:/home/zhijie/autoware/install/lanelet2_extension/lib:/home/zhijie/autoware/install/signal_processing/lib:/home/zhijie/autoware/install/autoware_utils/lib:/home/zhijie/autoware/install/autoware_auto_planning_msgs/lib:/home/zhijie/autoware/install/tier4_localization_msgs/lib:/home/zhijie/autoware/install/autoware_planning_msgs/lib:/home/zhijie/autoware/install/autoware_auto_mapping_msgs/lib:/home/zhijie/autoware/install/autoware_auto_geometry_msgs/lib:${LD_LIBRARY_PATH} PYTHONPATH=/home/zhijie/autoware/install/autoware_auto_planning_msgs/local/lib/python3.10/dist-packages:/home/zhijie/autoware/install/tier4_localization_msgs/local/lib/python3.10/dist-packages:/home/zhijie/autoware/install/autoware_planning_msgs/local/lib/python3.10/dist-packages:/home/zhijie/autoware/install/autoware_auto_mapping_msgs/local/lib/python3.10/dist-packages:/home/zhijie/autoware/install/autoware_auto_geometry_msgs/local/lib/python3.10/dist-packages:${PYTHONPATH} /usr/bin/cmake --install /home/zhijie/autoware/build/yabloc_pose_initializer
