-- Found autoware_cmake: 0.1.0 (/home/zhijie/autoware/install/autoware_cmake/share/autoware_cmake/cmake)
-- Override CMake install command with custom implementation using symlinks instead of copying resources
-- Found rosidl_generator_c: 3.1.5 (/opt/ros/humble/share/rosidl_generator_c/cmake)
-- Found rosidl_adapter: 3.1.5 (/opt/ros/humble/share/rosidl_adapter/cmake)
-- Found rosidl_generator_cpp: 3.1.5 (/opt/ros/humble/share/rosidl_generator_cpp/cmake)
-- Using all available rosidl_typesupport_c: rosidl_typesupport_fastrtps_c;rosidl_typesupport_introspection_c
-- Using all available rosidl_typesupport_cpp: rosidl_typesupport_fastrtps_cpp;rosidl_typesupport_introspection_cpp
-- Found rmw_implementation_cmake: 6.1.1 (/opt/ros/humble/share/rmw_implementation_cmake/cmake)
-- Found rmw_cyclonedds_cpp: 1.3.4 (/opt/ros/humble/share/rmw_cyclonedds_cpp/cmake)
-- Using RMW implementation 'rmw_cyclonedds_cpp' as default
-- Found eigen3_cmake_module: 0.1.1 (/opt/ros/humble/share/eigen3_cmake_module/cmake)
-- Ensuring Eigen3 include directory is part of orocos-kdl CMake target
-- Eigen found (include: /usr/include/eigen3, version: 3.4.0)
-- FLANN found (include: /usr/include, lib: /usr/lib/x86_64-linux-gnu/libflann_cpp.so)
-- OpenNI found (version: 1.5.4.0, include: /usr/include/ni, lib: /usr/lib/libOpenNI.so;libusb::libusb)
-- OpenNI2 found (version: 2.2.0.33, include: /usr/include/openni2, lib: /usr/lib/x86_64-linux-gnu/libOpenNI2.so;libusb::libusb)
-- Eigen found (include: /usr/include/eigen3, version: 3.4.0)
-- OpenNI found (version: 1.5.4.0, include: /usr/include/ni, lib: /usr/lib/libOpenNI.so;libusb::libusb)
-- OpenNI2 found (version: 2.2.0.33, include: /usr/include/openni2, lib: /usr/lib/x86_64-linux-gnu/libOpenNI2.so;libusb::libusb)
-- Found Qhull version 8.0.2
-- OpenNI found (version: 1.5.4.0, include: /usr/include/ni, lib: /usr/lib/libOpenNI.so;libusb::libusb)
-- Found mrt_cmake_modules: 1.0.9 (/opt/ros/humble/share/mrt_cmake_modules/cmake)
-- Found ament_lint_auto: 0.12.8 (/opt/ros/humble/share/ament_lint_auto/cmake)
-- Found ros_testing: 0.4.0 (/opt/ros/humble/share/ros_testing/cmake)
-- Found launch_testing_ament_cmake: 1.0.4 (/opt/ros/humble/share/launch_testing_ament_cmake/cmake)
-- Found python_cmake_module: 0.10.0 (/opt/ros/humble/share/python_cmake_module/cmake)
-- Using PYTHON_EXECUTABLE: /usr/bin/python3.10
-- Using PYTHON_INCLUDE_DIRS: /usr/include/python3.10
-- Using PYTHON_LIBRARIES: /usr/lib/x86_64-linux-gnu/libpython3.10.so
-- Found gtest sources under '/opt/ros/humble/src/gtest_vendor': C++ tests using 'Google Test' will be built
-- Added test 'copyright' to check source files copyright and LICENSE
-- Added test 'cppcheck' to perform static code analysis on C / C++ code
-- Configured cppcheck include dirs: /home/zhijie/autoware/src/universe/autoware.universe/planning/obstacle_avoidance_planner/include
-- Configured cppcheck exclude dirs and/or files: 
-- Added test 'lint_cmake' to check CMake code style
-- Added test 'xmllint' to check XML markup files
-- Configuring done
-- Generating done
-- Build files have been written to: /home/zhijie/autoware/build/obstacle_avoidance_planner
[35m[1mConsolidate compiler generated dependencies of target obstacle_avoidance_planner[0m
[  5%] [32mBuilding CXX object CMakeFiles/obstacle_avoidance_planner.dir/src/node.cpp.o[0m
[ 11%] [32mBuilding CXX object CMakeFiles/obstacle_avoidance_planner.dir/src/utils/geometry_utils.cpp.o[0m
[ 16%] [32mBuilding CXX object CMakeFiles/obstacle_avoidance_planner.dir/src/vehicle_model/vehicle_model_bicycle_kinematics.cpp.o[0m
[ 22%] [32mBuilding CXX object CMakeFiles/obstacle_avoidance_planner.dir/src/utils/trajectory_utils.cpp.o[0m
[ 27%] [32mBuilding CXX object CMakeFiles/obstacle_avoidance_planner.dir/src/vehicle_model/vehicle_model_interface.cpp.o[0m
[ 33%] [32mBuilding CXX object CMakeFiles/obstacle_avoidance_planner.dir/src/state_equation_generator.cpp.o[0m
[ 38%] [32mBuilding CXX object CMakeFiles/obstacle_avoidance_planner.dir/src/debug_marker.cpp.o[0m
[ 44%] [32mBuilding CXX object CMakeFiles/obstacle_avoidance_planner.dir/src/mpt_optimizer.cpp.o[0m
[ 50%] [32mBuilding CXX object CMakeFiles/obstacle_avoidance_planner.dir/src/replan_checker.cpp.o[0m
[ 55%] [32m[1mLinking CXX shared library libobstacle_avoidance_planner.so[0m
[ 55%] Built target obstacle_avoidance_planner
[35m[1mConsolidate compiler generated dependencies of target gtest[0m
[ 61%] [32mBuilding CXX object gtest/CMakeFiles/gtest.dir/src/gtest-all.cc.o[0m
[ 66%] [32m[1mLinking CXX static library libgtest.a[0m
[ 66%] Built target gtest
[35m[1mConsolidate compiler generated dependencies of target gtest_main[0m
[35m[1mConsolidate compiler generated dependencies of target obstacle_avoidance_planner_node[0m
[ 72%] [32mBuilding CXX object gtest/CMakeFiles/gtest_main.dir/src/gtest_main.cc.o[0m
[ 77%] [32mBuilding CXX object CMakeFiles/obstacle_avoidance_planner_node.dir/rclcpp_components/node_main_obstacle_avoidance_planner_node.cpp.o[0m
[ 83%] [32m[1mLinking CXX static library libgtest_main.a[0m
[ 83%] Built target gtest_main
[35m[1mConsolidate compiler generated dependencies of target test_obstacle_avoidance_planner[0m
[ 88%] [32mBuilding CXX object CMakeFiles/test_obstacle_avoidance_planner.dir/test/test_obstacle_avoidance_planner_node_interface.cpp.o[0m
[ 94%] [32m[1mLinking CXX executable obstacle_avoidance_planner_node[0m
[ 94%] Built target obstacle_avoidance_planner_node
[100%] [32m[1mLinking CXX executable test_obstacle_avoidance_planner[0m
[100%] Built target test_obstacle_avoidance_planner
-- Install configuration: "Release"
-- Execute custom install script
-- Up-to-date symlink: /home/zhijie/autoware/install/obstacle_avoidance_planner/lib/obstacle_avoidance_planner/obstacle_avoidance_planner_node
-- Up-to-date symlink: /home/zhijie/autoware/install/obstacle_avoidance_planner/include/obstacle_avoidance_planner/common_structs.hpp
-- Up-to-date symlink: /home/zhijie/autoware/install/obstacle_avoidance_planner/include/obstacle_avoidance_planner/debug_marker.hpp
-- Up-to-date symlink: /home/zhijie/autoware/install/obstacle_avoidance_planner/include/obstacle_avoidance_planner/mpt_optimizer.hpp
-- Up-to-date symlink: /home/zhijie/autoware/install/obstacle_avoidance_planner/include/obstacle_avoidance_planner/node.hpp
-- Up-to-date symlink: /home/zhijie/autoware/install/obstacle_avoidance_planner/include/obstacle_avoidance_planner/replan_checker.hpp
-- Up-to-date symlink: /home/zhijie/autoware/install/obstacle_avoidance_planner/include/obstacle_avoidance_planner/state_equation_generator.hpp
-- Up-to-date symlink: /home/zhijie/autoware/install/obstacle_avoidance_planner/include/obstacle_avoidance_planner/type_alias.hpp
-- Up-to-date symlink: /home/zhijie/autoware/install/obstacle_avoidance_planner/include/obstacle_avoidance_planner/utils/geometry_utils.hpp
-- Up-to-date symlink: /home/zhijie/autoware/install/obstacle_avoidance_planner/include/obstacle_avoidance_planner/utils/trajectory_utils.hpp
-- Up-to-date symlink: /home/zhijie/autoware/install/obstacle_avoidance_planner/include/obstacle_avoidance_planner/vehicle_model/vehicle_model_bicycle_kinematics.hpp
-- Up-to-date symlink: /home/zhijie/autoware/install/obstacle_avoidance_planner/include/obstacle_avoidance_planner/vehicle_model/vehicle_model_interface.hpp
-- Up-to-date symlink: /home/zhijie/autoware/install/obstacle_avoidance_planner/share/obstacle_avoidance_planner/environment/library_path.sh
-- Up-to-date symlink: /home/zhijie/autoware/install/obstacle_avoidance_planner/share/obstacle_avoidance_planner/environment/library_path.dsv
-- Up-to-date symlink: /home/zhijie/autoware/install/obstacle_avoidance_planner/lib/libobstacle_avoidance_planner.so
-- Up-to-date symlink: /home/zhijie/autoware/install/obstacle_avoidance_planner/share/obstacle_avoidance_planner/launch/launch_visualization.launch.xml
-- Up-to-date symlink: /home/zhijie/autoware/install/obstacle_avoidance_planner/share/obstacle_avoidance_planner/launch/obstacle_avoidance_planner.launch.xml
-- Up-to-date symlink: /home/zhijie/autoware/install/obstacle_avoidance_planner/share/obstacle_avoidance_planner/config/obstacle_avoidance_planner.param.yaml
-- Up-to-date symlink: /home/zhijie/autoware/install/obstacle_avoidance_planner/share/obstacle_avoidance_planner/rviz/obstacle_avoidance_planner.rviz
-- Up-to-date symlink: /home/zhijie/autoware/install/obstacle_avoidance_planner/share/ament_index/resource_index/package_run_dependencies/obstacle_avoidance_planner
-- Up-to-date symlink: /home/zhijie/autoware/install/obstacle_avoidance_planner/share/ament_index/resource_index/parent_prefix_path/obstacle_avoidance_planner
-- Up-to-date symlink: /home/zhijie/autoware/install/obstacle_avoidance_planner/share/obstacle_avoidance_planner/environment/ament_prefix_path.sh
-- Up-to-date symlink: /home/zhijie/autoware/install/obstacle_avoidance_planner/share/obstacle_avoidance_planner/environment/ament_prefix_path.dsv
-- Up-to-date symlink: /home/zhijie/autoware/install/obstacle_avoidance_planner/share/obstacle_avoidance_planner/environment/path.sh
-- Up-to-date symlink: /home/zhijie/autoware/install/obstacle_avoidance_planner/share/obstacle_avoidance_planner/environment/path.dsv
-- Up-to-date symlink: /home/zhijie/autoware/install/obstacle_avoidance_planner/share/obstacle_avoidance_planner/local_setup.bash
-- Up-to-date symlink: /home/zhijie/autoware/install/obstacle_avoidance_planner/share/obstacle_avoidance_planner/local_setup.sh
-- Up-to-date symlink: /home/zhijie/autoware/install/obstacle_avoidance_planner/share/obstacle_avoidance_planner/local_setup.zsh
-- Up-to-date symlink: /home/zhijie/autoware/install/obstacle_avoidance_planner/share/obstacle_avoidance_planner/local_setup.dsv
-- Symlinking: /home/zhijie/autoware/install/obstacle_avoidance_planner/share/obstacle_avoidance_planner/package.dsv
-- Up-to-date symlink: /home/zhijie/autoware/install/obstacle_avoidance_planner/share/ament_index/resource_index/packages/obstacle_avoidance_planner
-- Up-to-date symlink: /home/zhijie/autoware/install/obstacle_avoidance_planner/share/ament_index/resource_index/rclcpp_components/obstacle_avoidance_planner
-- Up-to-date symlink: /home/zhijie/autoware/install/obstacle_avoidance_planner/share/obstacle_avoidance_planner/cmake/ament_cmake_export_dependencies-extras.cmake
-- Up-to-date symlink: /home/zhijie/autoware/install/obstacle_avoidance_planner/share/obstacle_avoidance_planner/cmake/ament_cmake_export_include_directories-extras.cmake
-- Up-to-date symlink: /home/zhijie/autoware/install/obstacle_avoidance_planner/share/obstacle_avoidance_planner/cmake/ament_cmake_export_libraries-extras.cmake
-- Up-to-date symlink: /home/zhijie/autoware/install/obstacle_avoidance_planner/share/obstacle_avoidance_planner/cmake/obstacle_avoidance_plannerConfig.cmake
-- Up-to-date symlink: /home/zhijie/autoware/install/obstacle_avoidance_planner/share/obstacle_avoidance_planner/cmake/obstacle_avoidance_plannerConfig-version.cmake
-- Up-to-date symlink: /home/zhijie/autoware/install/obstacle_avoidance_planner/share/obstacle_avoidance_planner/package.xml
-- Up-to-date symlink: /home/zhijie/autoware/install/obstacle_avoidance_planner/lib/obstacle_avoidance_planner/calculation_time_plotter.py
