[0.017s] Invoking command in '/home/zhijie/autoware/build/autoware_point_types': AMENT_PREFIX_PATH=/home/zhijie/autoware/install/autoware_cmake:/home/zhijie/autoware/install/autoware_lint_common:${AMENT_PREFIX_PATH} CMAKE_PREFIX_PATH=/home/zhijie/autoware/install/autoware_cmake:/home/zhijie/autoware/install/autoware_lint_common:/opt/ros/humble /usr/bin/cmake /home/zhijie/autoware/src/universe/autoware.universe/common/autoware_point_types -DCMAKE_BUILD_TYPE=Release -DAMENT_CMAKE_SYMLINK_INSTALL=1 -DCMAKE_INSTALL_PREFIX=/home/zhijie/autoware/install/autoware_point_types
[5.018s] -- Found autoware_cmake: 0.1.0 (/home/zhijie/autoware/install/autoware_cmake/share/autoware_cmake/cmake)
[5.019s] -- Override CMake install command with custom implementation using symlinks instead of copying resources
[5.019s] -- Found rosidl_generator_c: 3.1.5 (/opt/ros/humble/share/rosidl_generator_c/cmake)
[5.020s] -- Found rosidl_adapter: 3.1.5 (/opt/ros/humble/share/rosidl_adapter/cmake)
[5.020s] -- Found rosidl_generator_cpp: 3.1.5 (/opt/ros/humble/share/rosidl_generator_cpp/cmake)
[5.020s] -- Using all available rosidl_typesupport_c: rosidl_typesupport_fastrtps_c;rosidl_typesupport_introspection_c
[5.020s] -- Using all available rosidl_typesupport_cpp: rosidl_typesupport_fastrtps_cpp;rosidl_typesupport_introspection_cpp
[5.020s] -- Found rmw_implementation_cmake: 6.1.1 (/opt/ros/humble/share/rmw_implementation_cmake/cmake)
[5.020s] -- Found rmw_cyclonedds_cpp: 1.3.4 (/opt/ros/humble/share/rmw_cyclonedds_cpp/cmake)
[5.020s] -- Using RMW implementation 'rmw_cyclonedds_cpp' as default
[5.020s] -- Found eigen3_cmake_module: 0.1.1 (/opt/ros/humble/share/eigen3_cmake_module/cmake)
[5.021s] -- Ensuring Eigen3 include directory is part of orocos-kdl CMake target
[5.021s] -- Eigen found (include: /usr/include/eigen3, version: 3.4.0)
[5.021s] -- FLANN found (include: /usr/include, lib: /usr/lib/x86_64-linux-gnu/libflann_cpp.so)
[5.021s] -- OpenNI found (version: 1.5.4.0, include: /usr/include/ni, lib: /usr/lib/libOpenNI.so;libusb::libusb)
[5.021s] -- OpenNI2 found (version: 2.2.0.33, include: /usr/include/openni2, lib: /usr/lib/x86_64-linux-gnu/libOpenNI2.so;libusb::libusb)
[5.021s] -- Eigen found (include: /usr/include/eigen3, version: 3.4.0)
[5.021s] -- OpenNI found (version: 1.5.4.0, include: /usr/include/ni, lib: /usr/lib/libOpenNI.so;libusb::libusb)
[5.021s] -- OpenNI2 found (version: 2.2.0.33, include: /usr/include/openni2, lib: /usr/lib/x86_64-linux-gnu/libOpenNI2.so;libusb::libusb)
[5.022s] -- Found Qhull version 8.0.2
[5.022s] -- OpenNI found (version: 1.5.4.0, include: /usr/include/ni, lib: /usr/lib/libOpenNI.so;libusb::libusb)
[5.022s] -- Found ament_lint_auto: 0.12.8 (/opt/ros/humble/share/ament_lint_auto/cmake)
[5.022s] -- Found gtest sources under '/opt/ros/humble/src/gtest_vendor': C++ tests using 'Google Test' will be built
[5.022s] -- Added test 'copyright' to check source files copyright and LICENSE
[5.022s] -- Added test 'cppcheck' to perform static code analysis on C / C++ code
[5.022s] -- Configured cppcheck include dirs: /home/zhijie/autoware/src/universe/autoware.universe/common/autoware_point_types/include
[5.022s] -- Configured cppcheck exclude dirs and/or files: 
[5.022s] -- Added test 'lint_cmake' to check CMake code style
[5.023s] -- Added test 'xmllint' to check XML markup files
[5.023s] -- Configuring done
[5.023s] -- Generating done
[5.023s] -- Build files have been written to: /home/zhijie/autoware/build/autoware_point_types
[5.046s] Invoked command in '/home/zhijie/autoware/build/autoware_point_types' returned '0': AMENT_PREFIX_PATH=/home/zhijie/autoware/install/autoware_cmake:/home/zhijie/autoware/install/autoware_lint_common:${AMENT_PREFIX_PATH} CMAKE_PREFIX_PATH=/home/zhijie/autoware/install/autoware_cmake:/home/zhijie/autoware/install/autoware_lint_common:/opt/ros/humble /usr/bin/cmake /home/zhijie/autoware/src/universe/autoware.universe/common/autoware_point_types -DCMAKE_BUILD_TYPE=Release -DAMENT_CMAKE_SYMLINK_INSTALL=1 -DCMAKE_INSTALL_PREFIX=/home/zhijie/autoware/install/autoware_point_types
[5.047s] Invoking command in '/home/zhijie/autoware/build/autoware_point_types': AMENT_PREFIX_PATH=/home/zhijie/autoware/install/autoware_cmake:/home/zhijie/autoware/install/autoware_lint_common:${AMENT_PREFIX_PATH} CMAKE_PREFIX_PATH=/home/zhijie/autoware/install/autoware_cmake:/home/zhijie/autoware/install/autoware_lint_common:/opt/ros/humble /usr/bin/cmake --build /home/zhijie/autoware/build/autoware_point_types -- -j16 -l16
[16.923s] [35m[1mConsolidate compiler generated dependencies of target gtest_main[0m
[16.923s] [ 16%] [32mBuilding CXX object gtest/CMakeFiles/gtest_main.dir/src/gtest_main.cc.o[0m
[16.923s] [ 33%] [32m[1mLinking CXX static library libgtest_main.a[0m
[16.924s] [ 33%] Built target gtest_main
[16.924s] [35m[1mConsolidate compiler generated dependencies of target gtest[0m
[16.924s] [ 50%] [32mBuilding CXX object gtest/CMakeFiles/gtest.dir/src/gtest-all.cc.o[0m
[16.924s] [ 66%] [32m[1mLinking CXX static library libgtest.a[0m
[16.924s] [ 66%] Built target gtest
[16.924s] [35m[1mConsolidate compiler generated dependencies of target test_autoware_point_types[0m
[16.924s] [ 83%] [32mBuilding CXX object CMakeFiles/test_autoware_point_types.dir/test/test_point_types.cpp.o[0m
[20.451s] [100%] [32m[1mLinking CXX executable test_autoware_point_types[0m
[20.645s] [100%] Built target test_autoware_point_types
[20.666s] Invoked command in '/home/zhijie/autoware/build/autoware_point_types' returned '0': AMENT_PREFIX_PATH=/home/zhijie/autoware/install/autoware_cmake:/home/zhijie/autoware/install/autoware_lint_common:${AMENT_PREFIX_PATH} CMAKE_PREFIX_PATH=/home/zhijie/autoware/install/autoware_cmake:/home/zhijie/autoware/install/autoware_lint_common:/opt/ros/humble /usr/bin/cmake --build /home/zhijie/autoware/build/autoware_point_types -- -j16 -l16
[20.780s] Invoking command in '/home/zhijie/autoware/build/autoware_point_types': AMENT_PREFIX_PATH=/home/zhijie/autoware/install/autoware_cmake:/home/zhijie/autoware/install/autoware_lint_common:${AMENT_PREFIX_PATH} CMAKE_PREFIX_PATH=/home/zhijie/autoware/install/autoware_cmake:/home/zhijie/autoware/install/autoware_lint_common:/opt/ros/humble /usr/bin/cmake --install /home/zhijie/autoware/build/autoware_point_types
[29.060s] -- Install configuration: "Release"
[29.060s] -- Execute custom install script
[29.060s] -- Up-to-date symlink: /home/zhijie/autoware/install/autoware_point_types/include/autoware_point_types/types.hpp
[29.060s] -- Up-to-date symlink: /home/zhijie/autoware/install/autoware_point_types/share/ament_index/resource_index/package_run_dependencies/autoware_point_types
[29.060s] -- Up-to-date symlink: /home/zhijie/autoware/install/autoware_point_types/share/ament_index/resource_index/parent_prefix_path/autoware_point_types
[29.060s] -- Up-to-date symlink: /home/zhijie/autoware/install/autoware_point_types/share/autoware_point_types/environment/ament_prefix_path.sh
[29.060s] -- Up-to-date symlink: /home/zhijie/autoware/install/autoware_point_types/share/autoware_point_types/environment/ament_prefix_path.dsv
[29.061s] -- Up-to-date symlink: /home/zhijie/autoware/install/autoware_point_types/share/autoware_point_types/environment/path.sh
[29.061s] -- Up-to-date symlink: /home/zhijie/autoware/install/autoware_point_types/share/autoware_point_types/environment/path.dsv
[29.061s] -- Up-to-date symlink: /home/zhijie/autoware/install/autoware_point_types/share/autoware_point_types/local_setup.bash
[29.061s] -- Up-to-date symlink: /home/zhijie/autoware/install/autoware_point_types/share/autoware_point_types/local_setup.sh
[29.061s] -- Up-to-date symlink: /home/zhijie/autoware/install/autoware_point_types/share/autoware_point_types/local_setup.zsh
[29.061s] -- Up-to-date symlink: /home/zhijie/autoware/install/autoware_point_types/share/autoware_point_types/local_setup.dsv
[29.061s] -- Symlinking: /home/zhijie/autoware/install/autoware_point_types/share/autoware_point_types/package.dsv
[29.061s] -- Up-to-date symlink: /home/zhijie/autoware/install/autoware_point_types/share/ament_index/resource_index/packages/autoware_point_types
[29.061s] -- Up-to-date symlink: /home/zhijie/autoware/install/autoware_point_types/share/autoware_point_types/cmake/ament_cmake_export_dependencies-extras.cmake
[29.061s] -- Up-to-date symlink: /home/zhijie/autoware/install/autoware_point_types/share/autoware_point_types/cmake/ament_cmake_export_include_directories-extras.cmake
[29.062s] -- Up-to-date symlink: /home/zhijie/autoware/install/autoware_point_types/share/autoware_point_types/cmake/autoware_point_typesConfig.cmake
[29.062s] -- Up-to-date symlink: /home/zhijie/autoware/install/autoware_point_types/share/autoware_point_types/cmake/autoware_point_typesConfig-version.cmake
[29.062s] -- Up-to-date symlink: /home/zhijie/autoware/install/autoware_point_types/share/autoware_point_types/package.xml
[29.072s] Invoked command in '/home/zhijie/autoware/build/autoware_point_types' returned '0': AMENT_PREFIX_PATH=/home/zhijie/autoware/install/autoware_cmake:/home/zhijie/autoware/install/autoware_lint_common:${AMENT_PREFIX_PATH} CMAKE_PREFIX_PATH=/home/zhijie/autoware/install/autoware_cmake:/home/zhijie/autoware/install/autoware_lint_common:/opt/ros/humble /usr/bin/cmake --install /home/zhijie/autoware/build/autoware_point_types
