[0.359s] Invoking command in '/home/zhijie/autoware/build/eagleye_navigation': AMENT_PREFIX_PATH=/home/zhijie/autoware/install/eagleye_msgs:/home/zhijie/autoware/install/rtklib_msgs:/home/zhijie/autoware/install/eagleye_coordinate:${AMENT_PREFIX_PATH} CMAKE_PREFIX_PATH=/home/zhijie/autoware/install/eagleye_msgs:/home/zhijie/autoware/install/rtklib_msgs:/home/zhijie/autoware/install/eagleye_coordinate:/opt/ros/humble LD_LIBRARY_PATH=/home/zhijie/autoware/install/eagleye_msgs/lib:/home/zhijie/autoware/install/rtklib_msgs/lib:/home/zhijie/autoware/install/eagleye_coordinate/lib:${LD_LIBRARY_PATH} PYTHONPATH=/home/zhijie/autoware/install/eagleye_msgs/local/lib/python3.10/dist-packages:/home/zhijie/autoware/install/rtklib_msgs/local/lib/python3.10/dist-packages:${PYTHONPATH} /usr/bin/cmake --build /home/zhijie/autoware/build/eagleye_navigation -- -j16 -l16
[0.621s] [35m[1mConsolidate compiler generated dependencies of target eagleye_navigation[0m
[0.735s] [100%] Built target eagleye_navigation
[0.750s] Invoked command in '/home/zhijie/autoware/build/eagleye_navigation' returned '0': AMENT_PREFIX_PATH=/home/zhijie/autoware/install/eagleye_msgs:/home/zhijie/autoware/install/rtklib_msgs:/home/zhijie/autoware/install/eagleye_coordinate:${AMENT_PREFIX_PATH} CMAKE_PREFIX_PATH=/home/zhijie/autoware/install/eagleye_msgs:/home/zhijie/autoware/install/rtklib_msgs:/home/zhijie/autoware/install/eagleye_coordinate:/opt/ros/humble LD_LIBRARY_PATH=/home/zhijie/autoware/install/eagleye_msgs/lib:/home/zhijie/autoware/install/rtklib_msgs/lib:/home/zhijie/autoware/install/eagleye_coordinate/lib:${LD_LIBRARY_PATH} PYTHONPATH=/home/zhijie/autoware/install/eagleye_msgs/local/lib/python3.10/dist-packages:/home/zhijie/autoware/install/rtklib_msgs/local/lib/python3.10/dist-packages:${PYTHONPATH} /usr/bin/cmake --build /home/zhijie/autoware/build/eagleye_navigation -- -j16 -l16
[1.228s] Invoking command in '/home/zhijie/autoware/build/eagleye_navigation': AMENT_PREFIX_PATH=/home/zhijie/autoware/install/eagleye_msgs:/home/zhijie/autoware/install/rtklib_msgs:/home/zhijie/autoware/install/eagleye_coordinate:${AMENT_PREFIX_PATH} CMAKE_PREFIX_PATH=/home/zhijie/autoware/install/eagleye_msgs:/home/zhijie/autoware/install/rtklib_msgs:/home/zhijie/autoware/install/eagleye_coordinate:/opt/ros/humble LD_LIBRARY_PATH=/home/zhijie/autoware/install/eagleye_msgs/lib:/home/zhijie/autoware/install/rtklib_msgs/lib:/home/zhijie/autoware/install/eagleye_coordinate/lib:${LD_LIBRARY_PATH} PYTHONPATH=/home/zhijie/autoware/install/eagleye_msgs/local/lib/python3.10/dist-packages:/home/zhijie/autoware/install/rtklib_msgs/local/lib/python3.10/dist-packages:${PYTHONPATH} /usr/bin/cmake --install /home/zhijie/autoware/build/eagleye_navigation
[1.319s] -- Install configuration: "Release"
[1.319s] -- Execute custom install script
[1.319s] -- Up-to-date symlink: /home/zhijie/autoware/install/eagleye_navigation/lib/eagleye_navigation/libeagleye_navigation.so
[1.319s] -- Up-to-date symlink: /home/zhijie/autoware/install/eagleye_navigation/share/eagleye_navigation/environment/library_path.sh
[1.319s] -- Up-to-date symlink: /home/zhijie/autoware/install/eagleye_navigation/share/eagleye_navigation/environment/library_path.dsv
[1.320s] -- Up-to-date symlink: /home/zhijie/autoware/install/eagleye_navigation/include/eagleye_navigation/eagleye_navigation.hpp
[1.320s] -- Up-to-date symlink: /home/zhijie/autoware/install/eagleye_navigation/lib/libeagleye_navigation.so
[1.320s] -- Up-to-date symlink: /home/zhijie/autoware/install/eagleye_navigation/include/eagleye_navigation/eagleye_navigation.hpp
[1.320s] -- Up-to-date symlink: /home/zhijie/autoware/install/eagleye_navigation/lib/libeagleye_navigation.so
[1.320s] -- Up-to-date symlink: /home/zhijie/autoware/install/eagleye_navigation/share/ament_index/resource_index/package_run_dependencies/eagleye_navigation
[1.320s] -- Up-to-date symlink: /home/zhijie/autoware/install/eagleye_navigation/share/ament_index/resource_index/parent_prefix_path/eagleye_navigation
[1.320s] -- Up-to-date symlink: /home/zhijie/autoware/install/eagleye_navigation/share/eagleye_navigation/environment/ament_prefix_path.sh
[1.320s] -- Up-to-date symlink: /home/zhijie/autoware/install/eagleye_navigation/share/eagleye_navigation/environment/ament_prefix_path.dsv
[1.320s] -- Up-to-date symlink: /home/zhijie/autoware/install/eagleye_navigation/share/eagleye_navigation/environment/path.sh
[1.320s] -- Up-to-date symlink: /home/zhijie/autoware/install/eagleye_navigation/share/eagleye_navigation/environment/path.dsv
[1.320s] -- Up-to-date symlink: /home/zhijie/autoware/install/eagleye_navigation/share/eagleye_navigation/local_setup.bash
[1.321s] -- Up-to-date symlink: /home/zhijie/autoware/install/eagleye_navigation/share/eagleye_navigation/local_setup.sh
[1.321s] -- Up-to-date symlink: /home/zhijie/autoware/install/eagleye_navigation/share/eagleye_navigation/local_setup.zsh
[1.321s] -- Up-to-date symlink: /home/zhijie/autoware/install/eagleye_navigation/share/eagleye_navigation/local_setup.dsv
[1.321s] -- Symlinking: /home/zhijie/autoware/install/eagleye_navigation/share/eagleye_navigation/package.dsv
[1.321s] -- Up-to-date symlink: /home/zhijie/autoware/install/eagleye_navigation/share/ament_index/resource_index/packages/eagleye_navigation
[1.321s] -- Up-to-date symlink: /home/zhijie/autoware/install/eagleye_navigation/share/eagleye_navigation/cmake/ament_cmake_export_include_directories-extras.cmake
[1.321s] -- Up-to-date symlink: /home/zhijie/autoware/install/eagleye_navigation/share/eagleye_navigation/cmake/ament_cmake_export_libraries-extras.cmake
[1.321s] -- Up-to-date symlink: /home/zhijie/autoware/install/eagleye_navigation/share/eagleye_navigation/cmake/ament_cmake_export_dependencies-extras.cmake
[1.321s] -- Up-to-date symlink: /home/zhijie/autoware/install/eagleye_navigation/share/eagleye_navigation/cmake/eagleye_navigationConfig.cmake
[1.321s] -- Up-to-date symlink: /home/zhijie/autoware/install/eagleye_navigation/share/eagleye_navigation/cmake/eagleye_navigationConfig-version.cmake
[1.321s] -- Up-to-date symlink: /home/zhijie/autoware/install/eagleye_navigation/share/eagleye_navigation/package.xml
[1.372s] Invoked command in '/home/zhijie/autoware/build/eagleye_navigation' returned '0': AMENT_PREFIX_PATH=/home/zhijie/autoware/install/eagleye_msgs:/home/zhijie/autoware/install/rtklib_msgs:/home/zhijie/autoware/install/eagleye_coordinate:${AMENT_PREFIX_PATH} CMAKE_PREFIX_PATH=/home/zhijie/autoware/install/eagleye_msgs:/home/zhijie/autoware/install/rtklib_msgs:/home/zhijie/autoware/install/eagleye_coordinate:/opt/ros/humble LD_LIBRARY_PATH=/home/zhijie/autoware/install/eagleye_msgs/lib:/home/zhijie/autoware/install/rtklib_msgs/lib:/home/zhijie/autoware/install/eagleye_coordinate/lib:${LD_LIBRARY_PATH} PYTHONPATH=/home/zhijie/autoware/install/eagleye_msgs/local/lib/python3.10/dist-packages:/home/zhijie/autoware/install/rtklib_msgs/local/lib/python3.10/dist-packages:${PYTHONPATH} /usr/bin/cmake --install /home/zhijie/autoware/build/eagleye_navigation
