[0.061s] Invoking command in '/home/zhijie/autoware/build/eagleye_rt': AMENT_PREFIX_PATH=/home/zhijie/autoware/install/eagleye_navigation:/home/zhijie/autoware/install/eagleye_msgs:/home/zhijie/autoware/install/rtklib_msgs:/home/zhijie/autoware/install/eagleye_coordinate:${AMENT_PREFIX_PATH} CMAKE_PREFIX_PATH=/home/zhijie/autoware/install/eagleye_navigation:/home/zhijie/autoware/install/eagleye_msgs:/home/zhijie/autoware/install/rtklib_msgs:/home/zhijie/autoware/install/eagleye_coordinate:/opt/ros/humble LD_LIBRARY_PATH=/home/zhijie/autoware/install/eagleye_navigation/lib:/home/zhijie/autoware/install/eagleye_msgs/lib:/home/zhijie/autoware/install/rtklib_msgs/lib:/home/zhijie/autoware/install/eagleye_coordinate/lib:${LD_LIBRARY_PATH} PYTHONPATH=/home/zhijie/autoware/install/eagleye_msgs/local/lib/python3.10/dist-packages:/home/zhijie/autoware/install/rtklib_msgs/local/lib/python3.10/dist-packages:${PYTHONPATH} /usr/bin/cmake /home/zhijie/autoware/src/universe/external/eagleye/eagleye_rt -DCMAKE_BUILD_TYPE=Release -DAMENT_CMAKE_SYMLINK_INSTALL=1 -DCMAKE_INSTALL_PREFIX=/home/zhijie/autoware/install/eagleye_rt
[0.467s] -- Found ament_cmake_auto: 1.3.5 (/opt/ros/humble/share/ament_cmake_auto/cmake)
[0.467s] -- Override CMake install command with custom implementation using symlinks instead of copying resources
[0.468s] -- Found rosidl_generator_c: 3.1.5 (/opt/ros/humble/share/rosidl_generator_c/cmake)
[0.468s] -- Found rosidl_adapter: 3.1.5 (/opt/ros/humble/share/rosidl_adapter/cmake)
[0.468s] -- Found rosidl_generator_cpp: 3.1.5 (/opt/ros/humble/share/rosidl_generator_cpp/cmake)
[0.468s] -- Using all available rosidl_typesupport_c: rosidl_typesupport_fastrtps_c;rosidl_typesupport_introspection_c
[0.468s] -- Using all available rosidl_typesupport_cpp: rosidl_typesupport_fastrtps_cpp;rosidl_typesupport_introspection_cpp
[0.858s] -- Found rmw_implementation_cmake: 6.1.1 (/opt/ros/humble/share/rmw_implementation_cmake/cmake)
[0.860s] -- Found rmw_cyclonedds_cpp: 1.3.4 (/opt/ros/humble/share/rmw_cyclonedds_cpp/cmake)
[0.910s] -- Using RMW implementation 'rmw_cyclonedds_cpp' as default
[3.739s] -- Found eigen3_cmake_module: 0.1.1 (/opt/ros/humble/share/eigen3_cmake_module/cmake)
[3.742s] -- Ensuring Eigen3 include directory is part of orocos-kdl CMake target
[83.684s] -- Found ament_lint_auto: 0.12.8 (/opt/ros/humble/share/ament_lint_auto/cmake)
[83.702s] -- Added test 'copyright' to check source files copyright and LICENSE
[83.705s] -- Added test 'cppcheck' to perform static code analysis on C / C++ code
[83.715s] -- Configured cppcheck include dirs: /home/zhijie/autoware/src/universe/external/eagleye/eagleye_rt/include
[83.715s] -- Configured cppcheck exclude dirs and/or files: 
[83.717s] -- Added test 'cpplint' to check C / C++ code against the Google style
[83.718s] -- Configured cpplint exclude dirs and/or files: 
[83.719s] -- Added test 'lint_cmake' to check CMake code style
[83.722s] -- Added test 'uncrustify' to check C / C++ code style
[83.722s] -- Configured uncrustify additional arguments: 
[83.723s] -- Added test 'xmllint' to check XML markup files
[83.728s] -- Configuring done
[84.323s] -- Generating done
[84.329s] -- Build files have been written to: /home/zhijie/autoware/build/eagleye_rt
[84.347s] Invoked command in '/home/zhijie/autoware/build/eagleye_rt' returned '0': AMENT_PREFIX_PATH=/home/zhijie/autoware/install/eagleye_navigation:/home/zhijie/autoware/install/eagleye_msgs:/home/zhijie/autoware/install/rtklib_msgs:/home/zhijie/autoware/install/eagleye_coordinate:${AMENT_PREFIX_PATH} CMAKE_PREFIX_PATH=/home/zhijie/autoware/install/eagleye_navigation:/home/zhijie/autoware/install/eagleye_msgs:/home/zhijie/autoware/install/rtklib_msgs:/home/zhijie/autoware/install/eagleye_coordinate:/opt/ros/humble LD_LIBRARY_PATH=/home/zhijie/autoware/install/eagleye_navigation/lib:/home/zhijie/autoware/install/eagleye_msgs/lib:/home/zhijie/autoware/install/rtklib_msgs/lib:/home/zhijie/autoware/install/eagleye_coordinate/lib:${LD_LIBRARY_PATH} PYTHONPATH=/home/zhijie/autoware/install/eagleye_msgs/local/lib/python3.10/dist-packages:/home/zhijie/autoware/install/rtklib_msgs/local/lib/python3.10/dist-packages:${PYTHONPATH} /usr/bin/cmake /home/zhijie/autoware/src/universe/external/eagleye/eagleye_rt -DCMAKE_BUILD_TYPE=Release -DAMENT_CMAKE_SYMLINK_INSTALL=1 -DCMAKE_INSTALL_PREFIX=/home/zhijie/autoware/install/eagleye_rt
[84.363s] Invoking command in '/home/zhijie/autoware/build/eagleye_rt': AMENT_PREFIX_PATH=/home/zhijie/autoware/install/eagleye_navigation:/home/zhijie/autoware/install/eagleye_msgs:/home/zhijie/autoware/install/rtklib_msgs:/home/zhijie/autoware/install/eagleye_coordinate:${AMENT_PREFIX_PATH} CMAKE_PREFIX_PATH=/home/zhijie/autoware/install/eagleye_navigation:/home/zhijie/autoware/install/eagleye_msgs:/home/zhijie/autoware/install/rtklib_msgs:/home/zhijie/autoware/install/eagleye_coordinate:/opt/ros/humble LD_LIBRARY_PATH=/home/zhijie/autoware/install/eagleye_navigation/lib:/home/zhijie/autoware/install/eagleye_msgs/lib:/home/zhijie/autoware/install/rtklib_msgs/lib:/home/zhijie/autoware/install/eagleye_coordinate/lib:${LD_LIBRARY_PATH} PYTHONPATH=/home/zhijie/autoware/install/eagleye_msgs/local/lib/python3.10/dist-packages:/home/zhijie/autoware/install/rtklib_msgs/local/lib/python3.10/dist-packages:${PYTHONPATH} /usr/bin/cmake --build /home/zhijie/autoware/build/eagleye_rt -- -j16 -l16
[93.851s] In file included from [01m[K/home/zhijie/autoware/src/universe/external/eagleye/eagleye_rt/src/tf_converted_imu.cpp:44[m[K:
[93.851s] [01m[K/opt/ros/humble/include/tf2_sensor_msgs/tf2_sensor_msgs.h:32:2:[m[K [01;35m[Kwarning: [m[K#warning This header is obsolete, please include tf2_sensor_msgs/tf2_sensor_msgs.hpp instead [[01;35m[K]8;;https://gcc.gnu.org/onlinedocs/gcc/Warning-Options.html#index-Wcpp-Wcpp]8;;[m[K]
[93.851s]    32 | #[01;35m[Kwarning[m[K This header is obsolete, please include tf2_sensor_msgs/tf2_sensor_msgs.hpp instead
[93.851s]       |  [01;35m[K^~~~~~~[m[K
[93.852s] In file included from [01m[K/home/zhijie/autoware/src/universe/external/eagleye/eagleye_rt/src/tf_converted_imu.cpp:46[m[K:
[93.852s] [01m[K/opt/ros/humble/include/tf2_eigen/tf2_eigen/tf2_eigen.h:32:2:[m[K [01;35m[Kwarning: [m[K#warning This header is obsolete, please include tf2_eigen/tf2_eigen.hpp instead [[01;35m[K]8;;https://gcc.gnu.org/onlinedocs/gcc/Warning-Options.html#index-Wcpp-Wcpp]8;;[m[K]
[93.852s]    32 | #[01;35m[Kwarning[m[K This header is obsolete, please include tf2_eigen/tf2_eigen.hpp instead
[93.852s]       |  [01;35m[K^~~~~~~[m[K
[93.852s] [35m[1mConsolidate compiler generated dependencies of target tf_converted_imu[0m
[93.852s] [  2%] [32mBuilding CXX object CMakeFiles/tf_converted_imu.dir/src/tf_converted_imu.cpp.o[0m
[94.476s] [35m[1mConsolidate compiler generated dependencies of target trajectory[0m
[94.511s] [  4%] [32mBuilding CXX object CMakeFiles/trajectory.dir/src/trajectory_node.cpp.o[0m
[95.561s] [35m[1mConsolidate compiler generated dependencies of target smoothing[0m
[95.669s] [  6%] [32mBuilding CXX object CMakeFiles/smoothing.dir/src/smoothing_node.cpp.o[0m
[96.681s] [35m[1mConsolidate compiler generated dependencies of target rolling[0m
[96.765s] [  8%] [32mBuilding CXX object CMakeFiles/rolling.dir/src/rolling_node.cpp.o[0m
[97.781s] [35m[1mConsolidate compiler generated dependencies of target enable_additional_rolling[0m
[97.889s] [ 10%] [32mBuilding CXX object CMakeFiles/enable_additional_rolling.dir/src/enable_additional_rolling_node.cpp.o[0m
[98.889s] [35m[1mConsolidate compiler generated dependencies of target slip_coefficient[0m
[99.001s] [ 13%] [32mBuilding CXX object CMakeFiles/slip_coefficient.dir/src/slip_coefficient_node.cpp.o[0m
[107.712s] [ 15%] [32m[1mLinking CXX executable tf_converted_imu[0m
[108.334s] [ 15%] Built target tf_converted_imu
[129.100s] [ 17%] [32m[1mLinking CXX executable smoothing[0m
[129.571s] [ 17%] Built target smoothing
[135.951s] [ 19%] [32m[1mLinking CXX executable rolling[0m
[136.532s] [ 19%] Built target rolling
[145.453s] [ 21%] [32m[1mLinking CXX executable enable_additional_rolling[0m
[146.048s] [ 21%] Built target enable_additional_rolling
[146.355s] [ 23%] [32m[1mLinking CXX executable slip_coefficient[0m
[146.895s] [ 23%] Built target slip_coefficient
[149.695s] [ 26%] [32m[1mLinking CXX executable trajectory[0m
[150.251s] [ 26%] Built target trajectory
[150.268s] [35m[1mConsolidate compiler generated dependencies of target rtk_dead_reckoning[0m
[150.300s] [ 28%] [32mBuilding CXX object CMakeFiles/rtk_dead_reckoning.dir/src/rtk_dead_reckoning_node.cpp.o[0m
[155.299s] [35m[1mConsolidate compiler generated dependencies of target rtk_heading[0m
[155.325s] [35m[1mConsolidate compiler generated dependencies of target angular_velocity_offset_stop[0m
[155.332s] [ 30%] [32mBuilding CXX object CMakeFiles/rtk_heading.dir/src/rtk_heading_node.cpp.o[0m
[155.358s] [ 32%] [32mBuilding CXX object CMakeFiles/angular_velocity_offset_stop.dir/src/angular_velocity_offset_stop_node.cpp.o[0m
[156.354s] [35m[1mConsolidate compiler generated dependencies of target yaw_rate_offset_stop[0m
[156.401s] [ 34%] [32mBuilding CXX object CMakeFiles/yaw_rate_offset_stop.dir/src/yaw_rate_offset_stop_node.cpp.o[0m
[157.399s] [35m[1mConsolidate compiler generated dependencies of target yaw_rate_offset[0m
[157.435s] [ 36%] [32mBuilding CXX object CMakeFiles/yaw_rate_offset.dir/src/yaw_rate_offset_node.cpp.o[0m
[158.427s] [35m[1mConsolidate compiler generated dependencies of target velocity_scale_factor[0m
[158.461s] [ 39%] [32mBuilding CXX object CMakeFiles/velocity_scale_factor.dir/src/velocity_scale_factor_node.cpp.o[0m
[159.505s] [35m[1mConsolidate compiler generated dependencies of target slip_angle[0m
[159.599s] [ 41%] [32mBuilding CXX object CMakeFiles/slip_angle.dir/src/slip_angle_node.cpp.o[0m
[182.639s] [ 43%] [32m[1mLinking CXX executable angular_velocity_offset_stop[0m
[183.241s] [ 43%] Built target angular_velocity_offset_stop
[183.448s] [ 45%] [32m[1mLinking CXX executable yaw_rate_offset_stop[0m
[183.994s] [ 45%] Built target yaw_rate_offset_stop
[186.932s] [ 47%] [32m[1mLinking CXX executable rtk_dead_reckoning[0m
[187.498s] [ 47%] Built target rtk_dead_reckoning
[190.515s] [ 50%] [32m[1mLinking CXX executable slip_angle[0m
[190.945s] [ 50%] Built target slip_angle
[195.393s] [ 52%] [32m[1mLinking CXX executable velocity_scale_factor[0m
[195.528s] [ 54%] [32m[1mLinking CXX executable yaw_rate_offset[0m
[195.880s] [ 54%] Built target velocity_scale_factor
[195.914s] [ 54%] Built target yaw_rate_offset
[209.122s] [ 56%] [32m[1mLinking CXX executable rtk_heading[0m
[209.790s] [ 56%] Built target rtk_heading
[209.801s] [35m[1mConsolidate compiler generated dependencies of target velocity_estimator[0m
[209.830s] [ 58%] [32mBuilding CXX object CMakeFiles/velocity_estimator.dir/src/velocity_estimator_node.cpp.o[0m
[238.907s] [ 60%] [32m[1mLinking CXX executable velocity_estimator[0m
[239.354s] [ 60%] Built target velocity_estimator
[239.370s] [35m[1mConsolidate compiler generated dependencies of target position[0m
[239.407s] [ 63%] [32mBuilding CXX object CMakeFiles/position.dir/src/position_node.cpp.o[0m
[293.803s] [ 65%] [32m[1mLinking CXX executable position[0m
[295.215s] [ 65%] Built target position
[295.277s] [35m[1mConsolidate compiler generated dependencies of target position_interpolate[0m
[295.281s] [35m[1mConsolidate compiler generated dependencies of target monitor[0m
[295.381s] [ 67%] [32mBuilding CXX object CMakeFiles/position_interpolate.dir/src/position_interpolate_node.cpp.o[0m
[295.392s] [ 69%] [32mBuilding CXX object CMakeFiles/monitor.dir/src/monitor_node.cpp.o[0m
[335.918s] [ 71%] [32m[1mLinking CXX executable position_interpolate[0m
[336.487s] [ 71%] Built target position_interpolate
[390.561s] [ 73%] [32m[1mLinking CXX executable monitor[0m
[391.602s] [ 73%] Built target monitor
[391.618s] [35m[1mConsolidate compiler generated dependencies of target height[0m
[391.652s] [ 76%] [32mBuilding CXX object CMakeFiles/height.dir/src/height_node.cpp.o[0m
[437.839s] [ 78%] [32m[1mLinking CXX executable height[0m
[438.387s] [ 78%] Built target height
[438.404s] [35m[1mConsolidate compiler generated dependencies of target heading[0m
[438.436s] [ 80%] [32mBuilding CXX object CMakeFiles/heading.dir/src/heading_node.cpp.o[0m
[499.224s] [ 82%] [32m[1mLinking CXX executable heading[0m
[499.932s] [ 82%] Built target heading
[499.946s] [35m[1mConsolidate compiler generated dependencies of target twist_relay[0m
[499.947s] [35m[1mConsolidate compiler generated dependencies of target correction_imu[0m
[499.947s] [35m[1mConsolidate compiler generated dependencies of target heading_interpolate[0m
[499.959s] [35m[1mConsolidate compiler generated dependencies of target distance[0m
[499.980s] [ 84%] [32mBuilding CXX object CMakeFiles/twist_relay.dir/src/twist_relay.cpp.o[0m
[499.981s] [ 86%] [32mBuilding CXX object CMakeFiles/correction_imu.dir/src/correction_imu.cpp.o[0m
[500.003s] [ 89%] [32mBuilding CXX object CMakeFiles/heading_interpolate.dir/src/heading_interpolate_node.cpp.o[0m
[500.027s] [ 91%] [32mBuilding CXX object CMakeFiles/distance.dir/src/distance_node.cpp.o[0m
[527.285s] [ 93%] [32m[1mLinking CXX executable twist_relay[0m
[527.703s] [ 93%] Built target twist_relay
[527.908s] [ 95%] [32m[1mLinking CXX executable distance[0m
[528.168s] [ 95%] Built target distance
[542.429s] [ 97%] [32m[1mLinking CXX executable correction_imu[0m
[543.146s] [ 97%] Built target correction_imu
[546.042s] [100%] [32m[1mLinking CXX executable heading_interpolate[0m
[546.782s] [100%] Built target heading_interpolate
[546.800s] Invoked command in '/home/zhijie/autoware/build/eagleye_rt' returned '0': AMENT_PREFIX_PATH=/home/zhijie/autoware/install/eagleye_navigation:/home/zhijie/autoware/install/eagleye_msgs:/home/zhijie/autoware/install/rtklib_msgs:/home/zhijie/autoware/install/eagleye_coordinate:${AMENT_PREFIX_PATH} CMAKE_PREFIX_PATH=/home/zhijie/autoware/install/eagleye_navigation:/home/zhijie/autoware/install/eagleye_msgs:/home/zhijie/autoware/install/rtklib_msgs:/home/zhijie/autoware/install/eagleye_coordinate:/opt/ros/humble LD_LIBRARY_PATH=/home/zhijie/autoware/install/eagleye_navigation/lib:/home/zhijie/autoware/install/eagleye_msgs/lib:/home/zhijie/autoware/install/rtklib_msgs/lib:/home/zhijie/autoware/install/eagleye_coordinate/lib:${LD_LIBRARY_PATH} PYTHONPATH=/home/zhijie/autoware/install/eagleye_msgs/local/lib/python3.10/dist-packages:/home/zhijie/autoware/install/rtklib_msgs/local/lib/python3.10/dist-packages:${PYTHONPATH} /usr/bin/cmake --build /home/zhijie/autoware/build/eagleye_rt -- -j16 -l16
[546.917s] Invoking command in '/home/zhijie/autoware/build/eagleye_rt': AMENT_PREFIX_PATH=/home/zhijie/autoware/install/eagleye_navigation:/home/zhijie/autoware/install/eagleye_msgs:/home/zhijie/autoware/install/rtklib_msgs:/home/zhijie/autoware/install/eagleye_coordinate:${AMENT_PREFIX_PATH} CMAKE_PREFIX_PATH=/home/zhijie/autoware/install/eagleye_navigation:/home/zhijie/autoware/install/eagleye_msgs:/home/zhijie/autoware/install/rtklib_msgs:/home/zhijie/autoware/install/eagleye_coordinate:/opt/ros/humble LD_LIBRARY_PATH=/home/zhijie/autoware/install/eagleye_navigation/lib:/home/zhijie/autoware/install/eagleye_msgs/lib:/home/zhijie/autoware/install/rtklib_msgs/lib:/home/zhijie/autoware/install/eagleye_coordinate/lib:${LD_LIBRARY_PATH} PYTHONPATH=/home/zhijie/autoware/install/eagleye_msgs/local/lib/python3.10/dist-packages:/home/zhijie/autoware/install/rtklib_msgs/local/lib/python3.10/dist-packages:${PYTHONPATH} /usr/bin/cmake --install /home/zhijie/autoware/build/eagleye_rt
[557.517s] -- Install configuration: "Release"
[557.517s] -- Execute custom install script
[557.517s] -- Up-to-date symlink: /home/zhijie/autoware/install/eagleye_rt/lib/$(PROJECT_NAME)/tf_converted_imu
[557.517s] -- Up-to-date symlink: /home/zhijie/autoware/install/eagleye_rt/lib/$(PROJECT_NAME)/correction_imu
[557.517s] -- Up-to-date symlink: /home/zhijie/autoware/install/eagleye_rt/lib/$(PROJECT_NAME)/distance
[557.517s] -- Up-to-date symlink: /home/zhijie/autoware/install/eagleye_rt/lib/$(PROJECT_NAME)/heading_interpolate
[557.518s] -- Up-to-date symlink: /home/zhijie/autoware/install/eagleye_rt/lib/$(PROJECT_NAME)/heading
[557.518s] -- Up-to-date symlink: /home/zhijie/autoware/install/eagleye_rt/lib/$(PROJECT_NAME)/height
[557.518s] -- Up-to-date symlink: /home/zhijie/autoware/install/eagleye_rt/lib/$(PROJECT_NAME)/monitor
[557.518s] -- Up-to-date symlink: /home/zhijie/autoware/install/eagleye_rt/lib/$(PROJECT_NAME)/position_interpolate
[557.518s] -- Up-to-date symlink: /home/zhijie/autoware/install/eagleye_rt/lib/$(PROJECT_NAME)/slip_angle
[557.518s] -- Up-to-date symlink: /home/zhijie/autoware/install/eagleye_rt/lib/$(PROJECT_NAME)/slip_coefficient
[557.518s] -- Up-to-date symlink: /home/zhijie/autoware/install/eagleye_rt/lib/$(PROJECT_NAME)/smoothing
[557.518s] -- Up-to-date symlink: /home/zhijie/autoware/install/eagleye_rt/lib/$(PROJECT_NAME)/trajectory
[557.518s] -- Up-to-date symlink: /home/zhijie/autoware/install/eagleye_rt/lib/$(PROJECT_NAME)/velocity_scale_factor
[557.518s] -- Up-to-date symlink: /home/zhijie/autoware/install/eagleye_rt/lib/$(PROJECT_NAME)/yaw_rate_offset
[557.519s] -- Up-to-date symlink: /home/zhijie/autoware/install/eagleye_rt/lib/$(PROJECT_NAME)/yaw_rate_offset_stop
[557.519s] -- Up-to-date symlink: /home/zhijie/autoware/install/eagleye_rt/lib/$(PROJECT_NAME)/angular_velocity_offset_stop
[557.519s] -- Up-to-date symlink: /home/zhijie/autoware/install/eagleye_rt/lib/$(PROJECT_NAME)/enable_additional_rolling
[557.519s] -- Up-to-date symlink: /home/zhijie/autoware/install/eagleye_rt/lib/$(PROJECT_NAME)/rolling
[557.519s] -- Up-to-date symlink: /home/zhijie/autoware/install/eagleye_rt/share/eagleye_rt/config/README.md
[557.519s] -- Up-to-date symlink: /home/zhijie/autoware/install/eagleye_rt/share/eagleye_rt/config/eagleye_config.yaml
[557.519s] -- Up-to-date symlink: /home/zhijie/autoware/install/eagleye_rt/share/eagleye_rt/launch/eagleye_calibration.launch.xml
[557.519s] -- Up-to-date symlink: /home/zhijie/autoware/install/eagleye_rt/share/eagleye_rt/launch/eagleye_rt.launch.xml
[557.519s] -- Up-to-date symlink: /home/zhijie/autoware/install/eagleye_rt/share/eagleye_rt/launch/eagleye_rt_canless.launch.xml
[557.520s] -- Symlinking: /home/zhijie/autoware/install/eagleye_rt/share/eagleye_rt/log/empty.txt
[557.520s] -- Up-to-date symlink: /home/zhijie/autoware/install/eagleye_rt/lib/eagleye_rt/tf_converted_imu
[557.520s] -- Up-to-date symlink: /home/zhijie/autoware/install/eagleye_rt/lib/eagleye_rt/twist_relay
[557.520s] -- Up-to-date symlink: /home/zhijie/autoware/install/eagleye_rt/lib/eagleye_rt/correction_imu
[557.520s] -- Up-to-date symlink: /home/zhijie/autoware/install/eagleye_rt/lib/eagleye_rt/distance
[557.520s] -- Up-to-date symlink: /home/zhijie/autoware/install/eagleye_rt/lib/eagleye_rt/heading_interpolate
[557.520s] -- Up-to-date symlink: /home/zhijie/autoware/install/eagleye_rt/lib/eagleye_rt/heading
[557.520s] -- Up-to-date symlink: /home/zhijie/autoware/install/eagleye_rt/lib/eagleye_rt/height
[557.520s] -- Up-to-date symlink: /home/zhijie/autoware/install/eagleye_rt/lib/eagleye_rt/monitor
[557.520s] -- Up-to-date symlink: /home/zhijie/autoware/install/eagleye_rt/lib/eagleye_rt/position_interpolate
[557.521s] -- Up-to-date symlink: /home/zhijie/autoware/install/eagleye_rt/lib/eagleye_rt/position
[557.521s] -- Up-to-date symlink: /home/zhijie/autoware/install/eagleye_rt/lib/eagleye_rt/slip_angle
[557.521s] -- Up-to-date symlink: /home/zhijie/autoware/install/eagleye_rt/lib/eagleye_rt/slip_coefficient
[557.521s] -- Up-to-date symlink: /home/zhijie/autoware/install/eagleye_rt/lib/eagleye_rt/enable_additional_rolling
[557.535s] -- Up-to-date symlink: /home/zhijie/autoware/install/eagleye_rt/lib/eagleye_rt/rolling
[557.544s] -- Up-to-date symlink: /home/zhijie/autoware/install/eagleye_rt/lib/eagleye_rt/smoothing
[557.544s] -- Up-to-date symlink: /home/zhijie/autoware/install/eagleye_rt/lib/eagleye_rt/trajectory
[557.544s] -- Up-to-date symlink: /home/zhijie/autoware/install/eagleye_rt/lib/eagleye_rt/velocity_scale_factor
[557.544s] -- Up-to-date symlink: /home/zhijie/autoware/install/eagleye_rt/lib/eagleye_rt/yaw_rate_offset
[557.544s] -- Up-to-date symlink: /home/zhijie/autoware/install/eagleye_rt/lib/eagleye_rt/yaw_rate_offset_stop
[557.544s] -- Up-to-date symlink: /home/zhijie/autoware/install/eagleye_rt/lib/eagleye_rt/angular_velocity_offset_stop
[557.545s] -- Up-to-date symlink: /home/zhijie/autoware/install/eagleye_rt/lib/eagleye_rt/rtk_dead_reckoning
[557.545s] -- Up-to-date symlink: /home/zhijie/autoware/install/eagleye_rt/lib/eagleye_rt/rtk_heading
[557.545s] -- Up-to-date symlink: /home/zhijie/autoware/install/eagleye_rt/lib/eagleye_rt/velocity_estimator
[557.545s] -- Up-to-date symlink: /home/zhijie/autoware/install/eagleye_rt/share/ament_index/resource_index/package_run_dependencies/eagleye_rt
[557.545s] -- Up-to-date symlink: /home/zhijie/autoware/install/eagleye_rt/share/ament_index/resource_index/parent_prefix_path/eagleye_rt
[557.545s] -- Up-to-date symlink: /home/zhijie/autoware/install/eagleye_rt/share/eagleye_rt/environment/ament_prefix_path.sh
[557.545s] -- Up-to-date symlink: /home/zhijie/autoware/install/eagleye_rt/share/eagleye_rt/environment/ament_prefix_path.dsv
[557.545s] -- Up-to-date symlink: /home/zhijie/autoware/install/eagleye_rt/share/eagleye_rt/environment/path.sh
[557.545s] -- Up-to-date symlink: /home/zhijie/autoware/install/eagleye_rt/share/eagleye_rt/environment/path.dsv
[557.545s] -- Up-to-date symlink: /home/zhijie/autoware/install/eagleye_rt/share/eagleye_rt/local_setup.bash
[557.546s] -- Up-to-date symlink: /home/zhijie/autoware/install/eagleye_rt/share/eagleye_rt/local_setup.sh
[557.546s] -- Up-to-date symlink: /home/zhijie/autoware/install/eagleye_rt/share/eagleye_rt/local_setup.zsh
[557.546s] -- Up-to-date symlink: /home/zhijie/autoware/install/eagleye_rt/share/eagleye_rt/local_setup.dsv
[557.546s] -- Symlinking: /home/zhijie/autoware/install/eagleye_rt/share/eagleye_rt/package.dsv
[557.546s] -- Up-to-date symlink: /home/zhijie/autoware/install/eagleye_rt/share/ament_index/resource_index/packages/eagleye_rt
[557.546s] -- Up-to-date symlink: /home/zhijie/autoware/install/eagleye_rt/share/eagleye_rt/cmake/ament_cmake_export_dependencies-extras.cmake
[557.546s] -- Up-to-date symlink: /home/zhijie/autoware/install/eagleye_rt/share/eagleye_rt/cmake/eagleye_rtConfig.cmake
[557.546s] -- Up-to-date symlink: /home/zhijie/autoware/install/eagleye_rt/share/eagleye_rt/cmake/eagleye_rtConfig-version.cmake
[557.546s] -- Up-to-date symlink: /home/zhijie/autoware/install/eagleye_rt/share/eagleye_rt/package.xml
[557.611s] Invoked command in '/home/zhijie/autoware/build/eagleye_rt' returned '0': AMENT_PREFIX_PATH=/home/zhijie/autoware/install/eagleye_navigation:/home/zhijie/autoware/install/eagleye_msgs:/home/zhijie/autoware/install/rtklib_msgs:/home/zhijie/autoware/install/eagleye_coordinate:${AMENT_PREFIX_PATH} CMAKE_PREFIX_PATH=/home/zhijie/autoware/install/eagleye_navigation:/home/zhijie/autoware/install/eagleye_msgs:/home/zhijie/autoware/install/rtklib_msgs:/home/zhijie/autoware/install/eagleye_coordinate:/opt/ros/humble LD_LIBRARY_PATH=/home/zhijie/autoware/install/eagleye_navigation/lib:/home/zhijie/autoware/install/eagleye_msgs/lib:/home/zhijie/autoware/install/rtklib_msgs/lib:/home/zhijie/autoware/install/eagleye_coordinate/lib:${LD_LIBRARY_PATH} PYTHONPATH=/home/zhijie/autoware/install/eagleye_msgs/local/lib/python3.10/dist-packages:/home/zhijie/autoware/install/rtklib_msgs/local/lib/python3.10/dist-packages:${PYTHONPATH} /usr/bin/cmake --install /home/zhijie/autoware/build/eagleye_rt
