-- Found autoware_cmake: 0.1.0 (/home/zhijie/autoware/install/autoware_cmake/share/autoware_cmake/cmake)
-- Override CMake install command with custom implementation using symlinks instead of copying resources
-- Found rosidl_generator_c: 3.1.5 (/opt/ros/humble/share/rosidl_generator_c/cmake)
-- Found rosidl_adapter: 3.1.5 (/opt/ros/humble/share/rosidl_adapter/cmake)
-- Found rosidl_generator_cpp: 3.1.5 (/opt/ros/humble/share/rosidl_generator_cpp/cmake)
-- Using all available rosidl_typesupport_c: rosidl_typesupport_fastrtps_c;rosidl_typesupport_introspection_c
-- Using all available rosidl_typesupport_cpp: rosidl_typesupport_fastrtps_cpp;rosidl_typesupport_introspection_cpp
-- Found rmw_implementation_cmake: 6.1.1 (/opt/ros/humble/share/rmw_implementation_cmake/cmake)
-- Found rmw_cyclonedds_cpp: 1.3.4 (/opt/ros/humble/share/rmw_cyclonedds_cpp/cmake)
-- Using RMW implementation 'rmw_cyclonedds_cpp' as default
-- Found eigen3_cmake_module: 0.1.1 (/opt/ros/humble/share/eigen3_cmake_module/cmake)
-- Ensuring Eigen3 include directory is part of orocos-kdl CMake target
-- Eigen found (include: /usr/include/eigen3, version: 3.4.0)
-- FLANN found (include: /usr/include, lib: /usr/lib/x86_64-linux-gnu/libflann_cpp.so)
-- OpenNI found (version: 1.5.4.0, include: /usr/include/ni, lib: /usr/lib/libOpenNI.so;libusb::libusb)
-- OpenNI2 found (version: 2.2.0.33, include: /usr/include/openni2, lib: /usr/lib/x86_64-linux-gnu/libOpenNI2.so;libusb::libusb)
-- Eigen found (include: /usr/include/eigen3, version: 3.4.0)
-- OpenNI found (version: 1.5.4.0, include: /usr/include/ni, lib: /usr/lib/libOpenNI.so;libusb::libusb)
-- OpenNI2 found (version: 2.2.0.33, include: /usr/include/openni2, lib: /usr/lib/x86_64-linux-gnu/libOpenNI2.so;libusb::libusb)
-- Found Qhull version 8.0.2
-- OpenNI found (version: 1.5.4.0, include: /usr/include/ni, lib: /usr/lib/libOpenNI.so;libusb::libusb)
-- Found ament_lint_auto: 0.12.8 (/opt/ros/humble/share/ament_lint_auto/cmake)
-- Added test 'copyright' to check source files copyright and LICENSE
-- Added test 'cppcheck' to perform static code analysis on C / C++ code
-- Configured cppcheck include dirs: /home/zhijie/autoware/src/universe/autoware.universe/vehicle/accel_brake_map_calibrator/accel_brake_map_calibrator/include
-- Configured cppcheck exclude dirs and/or files: 
-- Added test 'lint_cmake' to check CMake code style
-- Added test 'xmllint' to check XML markup files
-- Configuring done
-- Generating done
-- Build files have been written to: /home/zhijie/autoware/build/accel_brake_map_calibrator
[35m[1mConsolidate compiler generated dependencies of target accel_brake_map_calibrator[0m
[ 33%] [32mBuilding CXX object CMakeFiles/accel_brake_map_calibrator.dir/src/accel_brake_map_calibrator_node.cpp.o[0m
[ 66%] [32mBuilding CXX object CMakeFiles/accel_brake_map_calibrator.dir/src/main.cpp.o[0m
[100%] [32m[1mLinking CXX executable accel_brake_map_calibrator[0m
[100%] Built target accel_brake_map_calibrator
-- Install configuration: "Release"
-- Execute custom install script
-- Up-to-date symlink: /home/zhijie/autoware/install/accel_brake_map_calibrator/lib/accel_brake_map_calibrator/__init__.py
-- Up-to-date symlink: /home/zhijie/autoware/install/accel_brake_map_calibrator/lib/accel_brake_map_calibrator/actuation_cmd_publisher.py
-- Up-to-date symlink: /home/zhijie/autoware/install/accel_brake_map_calibrator/lib/accel_brake_map_calibrator/accel_tester.py
-- Up-to-date symlink: /home/zhijie/autoware/install/accel_brake_map_calibrator/lib/accel_brake_map_calibrator/brake_tester.py
-- Up-to-date symlink: /home/zhijie/autoware/install/accel_brake_map_calibrator/lib/accel_brake_map_calibrator/config.py
-- Up-to-date symlink: /home/zhijie/autoware/install/accel_brake_map_calibrator/lib/accel_brake_map_calibrator/delay_estimator.py
-- Up-to-date symlink: /home/zhijie/autoware/install/accel_brake_map_calibrator/lib/accel_brake_map_calibrator/plotter.py
-- Up-to-date symlink: /home/zhijie/autoware/install/accel_brake_map_calibrator/lib/accel_brake_map_calibrator/view_statistics.py
-- Up-to-date symlink: /home/zhijie/autoware/install/accel_brake_map_calibrator/lib/accel_brake_map_calibrator/calc_utils.py
-- Up-to-date symlink: /home/zhijie/autoware/install/accel_brake_map_calibrator/lib/accel_brake_map_calibrator/csv_reader.py
-- Up-to-date symlink: /home/zhijie/autoware/install/accel_brake_map_calibrator/lib/accel_brake_map_calibrator/log_analyzer.py
-- Up-to-date symlink: /home/zhijie/autoware/install/accel_brake_map_calibrator/lib/accel_brake_map_calibrator/view_plot.py
-- Up-to-date symlink: /home/zhijie/autoware/install/accel_brake_map_calibrator/lib/accel_brake_map_calibrator/new_accel_brake_map_server.py
-- Up-to-date symlink: /home/zhijie/autoware/install/accel_brake_map_calibrator/lib/accel_brake_map_calibrator/plot_csv_client_node.py
-- Up-to-date symlink: /home/zhijie/autoware/install/accel_brake_map_calibrator/lib/accel_brake_map_calibrator/sim_actuation_status_publisher.py
-- Up-to-date symlink: /home/zhijie/autoware/install/accel_brake_map_calibrator/include/accel_brake_map_calibrator/accel_brake_map_calibrator_node.hpp
-- Up-to-date symlink: /home/zhijie/autoware/install/accel_brake_map_calibrator/lib/accel_brake_map_calibrator/accel_brake_map_calibrator
-- Up-to-date symlink: /home/zhijie/autoware/install/accel_brake_map_calibrator/share/accel_brake_map_calibrator/launch/accel_brake_map_calibrator.launch.xml
-- Up-to-date symlink: /home/zhijie/autoware/install/accel_brake_map_calibrator/share/accel_brake_map_calibrator/config/accel_brake_map_calibrator.param.yaml
-- Up-to-date symlink: /home/zhijie/autoware/install/accel_brake_map_calibrator/share/accel_brake_map_calibrator/config/accel_brake_map_calibrator.xml
-- Up-to-date symlink: /home/zhijie/autoware/install/accel_brake_map_calibrator/share/accel_brake_map_calibrator/rviz/occupancy.rviz
-- Up-to-date symlink: /home/zhijie/autoware/install/accel_brake_map_calibrator/share/ament_index/resource_index/package_run_dependencies/accel_brake_map_calibrator
-- Up-to-date symlink: /home/zhijie/autoware/install/accel_brake_map_calibrator/share/ament_index/resource_index/parent_prefix_path/accel_brake_map_calibrator
-- Up-to-date symlink: /home/zhijie/autoware/install/accel_brake_map_calibrator/share/accel_brake_map_calibrator/environment/ament_prefix_path.sh
-- Up-to-date symlink: /home/zhijie/autoware/install/accel_brake_map_calibrator/share/accel_brake_map_calibrator/environment/ament_prefix_path.dsv
-- Up-to-date symlink: /home/zhijie/autoware/install/accel_brake_map_calibrator/share/accel_brake_map_calibrator/environment/path.sh
-- Up-to-date symlink: /home/zhijie/autoware/install/accel_brake_map_calibrator/share/accel_brake_map_calibrator/environment/path.dsv
-- Up-to-date symlink: /home/zhijie/autoware/install/accel_brake_map_calibrator/share/accel_brake_map_calibrator/local_setup.bash
-- Up-to-date symlink: /home/zhijie/autoware/install/accel_brake_map_calibrator/share/accel_brake_map_calibrator/local_setup.sh
-- Up-to-date symlink: /home/zhijie/autoware/install/accel_brake_map_calibrator/share/accel_brake_map_calibrator/local_setup.zsh
-- Up-to-date symlink: /home/zhijie/autoware/install/accel_brake_map_calibrator/share/accel_brake_map_calibrator/local_setup.dsv
-- Symlinking: /home/zhijie/autoware/install/accel_brake_map_calibrator/share/accel_brake_map_calibrator/package.dsv
-- Up-to-date symlink: /home/zhijie/autoware/install/accel_brake_map_calibrator/share/ament_index/resource_index/packages/accel_brake_map_calibrator
-- Up-to-date symlink: /home/zhijie/autoware/install/accel_brake_map_calibrator/share/accel_brake_map_calibrator/cmake/ament_cmake_export_dependencies-extras.cmake
-- Up-to-date symlink: /home/zhijie/autoware/install/accel_brake_map_calibrator/share/accel_brake_map_calibrator/cmake/ament_cmake_export_include_directories-extras.cmake
-- Up-to-date symlink: /home/zhijie/autoware/install/accel_brake_map_calibrator/share/accel_brake_map_calibrator/cmake/accel_brake_map_calibratorConfig.cmake
-- Up-to-date symlink: /home/zhijie/autoware/install/accel_brake_map_calibrator/share/accel_brake_map_calibrator/cmake/accel_brake_map_calibratorConfig-version.cmake
-- Up-to-date symlink: /home/zhijie/autoware/install/accel_brake_map_calibrator/share/accel_brake_map_calibrator/package.xml
