[0.082s] Invoking command in '/home/zhijie/autoware/build/individual_params': AMENT_PREFIX_PATH=/home/zhijie/autoware/install/autoware_lint_common:${AMENT_PREFIX_PATH} CMAKE_PREFIX_PATH=/home/zhijie/autoware/install/autoware_lint_common:/opt/ros/humble /usr/bin/cmake /home/zhijie/autoware/src/param/autoware_individual_params/individual_params -DCMAKE_BUILD_TYPE=Release -DAMENT_CMAKE_SYMLINK_INSTALL=1 -DCMAKE_INSTALL_PREFIX=/home/zhijie/autoware/install/individual_params
[0.121s] -- Found ament_cmake_auto: 1.3.5 (/opt/ros/humble/share/ament_cmake_auto/cmake)
[0.583s] -- Override CMake install command with custom implementation using symlinks instead of copying resources
[0.822s] -- Found ament_lint_auto: 0.12.8 (/opt/ros/humble/share/ament_lint_auto/cmake)
[0.843s] -- Added test 'copyright' to check source files copyright and LICENSE
[0.844s] -- Added test 'lint_cmake' to check CMake code style
[0.845s] -- Added test 'xmllint' to check XML markup files
[0.848s] -- Configuring done
[0.865s] -- Generating done
[0.878s] -- Build files have been written to: /home/zhijie/autoware/build/individual_params
[0.917s] Invoked command in '/home/zhijie/autoware/build/individual_params' returned '0': AMENT_PREFIX_PATH=/home/zhijie/autoware/install/autoware_lint_common:${AMENT_PREFIX_PATH} CMAKE_PREFIX_PATH=/home/zhijie/autoware/install/autoware_lint_common:/opt/ros/humble /usr/bin/cmake /home/zhijie/autoware/src/param/autoware_individual_params/individual_params -DCMAKE_BUILD_TYPE=Release -DAMENT_CMAKE_SYMLINK_INSTALL=1 -DCMAKE_INSTALL_PREFIX=/home/zhijie/autoware/install/individual_params
[0.918s] Invoking command in '/home/zhijie/autoware/build/individual_params': AMENT_PREFIX_PATH=/home/zhijie/autoware/install/autoware_lint_common:${AMENT_PREFIX_PATH} CMAKE_PREFIX_PATH=/home/zhijie/autoware/install/autoware_lint_common:/opt/ros/humble /usr/bin/cmake --build /home/zhijie/autoware/build/individual_params -- -j16 -l16
[53.930s] Invoked command in '/home/zhijie/autoware/build/individual_params' returned '0': AMENT_PREFIX_PATH=/home/zhijie/autoware/install/autoware_lint_common:${AMENT_PREFIX_PATH} CMAKE_PREFIX_PATH=/home/zhijie/autoware/install/autoware_lint_common:/opt/ros/humble /usr/bin/cmake --build /home/zhijie/autoware/build/individual_params -- -j16 -l16
[53.954s] Invoking command in '/home/zhijie/autoware/build/individual_params': AMENT_PREFIX_PATH=/home/zhijie/autoware/install/autoware_lint_common:${AMENT_PREFIX_PATH} CMAKE_PREFIX_PATH=/home/zhijie/autoware/install/autoware_lint_common:/opt/ros/humble /usr/bin/cmake --install /home/zhijie/autoware/build/individual_params
[63.955s] -- Install configuration: "Release"
[63.955s] -- Execute custom install script
[63.955s] -- Up-to-date symlink: /home/zhijie/autoware/install/individual_params/share/individual_params/config/default/awsim_sensor_kit/sensor_kit_calibration.yaml
[63.955s] -- Up-to-date symlink: /home/zhijie/autoware/install/individual_params/share/individual_params/config/default/awsim_sensor_kit/sensors_calibration.yaml
[63.955s] -- Up-to-date symlink: /home/zhijie/autoware/install/individual_params/share/individual_params/config/default/sample_sensor_kit/imu_corrector.param.yaml
[63.955s] -- Up-to-date symlink: /home/zhijie/autoware/install/individual_params/share/individual_params/config/default/sample_sensor_kit/sensor_kit_calibration.yaml
[63.955s] -- Up-to-date symlink: /home/zhijie/autoware/install/individual_params/share/individual_params/config/default/sample_sensor_kit/sensors_calibration.yaml
[63.955s] -- Up-to-date symlink: /home/zhijie/autoware/install/individual_params/share/ament_index/resource_index/package_run_dependencies/individual_params
[63.955s] -- Up-to-date symlink: /home/zhijie/autoware/install/individual_params/share/ament_index/resource_index/parent_prefix_path/individual_params
[63.955s] -- Up-to-date symlink: /home/zhijie/autoware/install/individual_params/share/individual_params/environment/ament_prefix_path.sh
[63.955s] -- Up-to-date symlink: /home/zhijie/autoware/install/individual_params/share/individual_params/environment/ament_prefix_path.dsv
[63.956s] -- Up-to-date symlink: /home/zhijie/autoware/install/individual_params/share/individual_params/environment/path.sh
[63.970s] -- Up-to-date symlink: /home/zhijie/autoware/install/individual_params/share/individual_params/environment/path.dsv
[63.970s] -- Up-to-date symlink: /home/zhijie/autoware/install/individual_params/share/individual_params/local_setup.bash
[63.970s] -- Up-to-date symlink: /home/zhijie/autoware/install/individual_params/share/individual_params/local_setup.sh
[63.970s] -- Up-to-date symlink: /home/zhijie/autoware/install/individual_params/share/individual_params/local_setup.zsh
[63.970s] -- Up-to-date symlink: /home/zhijie/autoware/install/individual_params/share/individual_params/local_setup.dsv
[63.970s] -- Symlinking: /home/zhijie/autoware/install/individual_params/share/individual_params/package.dsv
[63.970s] -- Up-to-date symlink: /home/zhijie/autoware/install/individual_params/share/ament_index/resource_index/packages/individual_params
[63.971s] -- Up-to-date symlink: /home/zhijie/autoware/install/individual_params/share/individual_params/cmake/individual_paramsConfig.cmake
[63.971s] -- Up-to-date symlink: /home/zhijie/autoware/install/individual_params/share/individual_params/cmake/individual_paramsConfig-version.cmake
[63.971s] -- Up-to-date symlink: /home/zhijie/autoware/install/individual_params/share/individual_params/package.xml
[63.988s] Invoked command in '/home/zhijie/autoware/build/individual_params' returned '0': AMENT_PREFIX_PATH=/home/zhijie/autoware/install/autoware_lint_common:${AMENT_PREFIX_PATH} CMAKE_PREFIX_PATH=/home/zhijie/autoware/install/autoware_lint_common:/opt/ros/humble /usr/bin/cmake --install /home/zhijie/autoware/build/individual_params
