[0.051s] Invoking command in '/home/zhijie/autoware/build/system_diagnostic_monitor': AMENT_PREFIX_PATH=/home/zhijie/autoware/install/system_diagnostic_graph:/home/zhijie/autoware/install/tier4_system_msgs:/home/zhijie/autoware/install/autoware_cmake:/home/zhijie/autoware/install/autoware_lint_common:/home/zhijie/autoware/install/autoware_common_msgs:/home/zhijie/autoware/install/autoware_adapi_v1_msgs:${AMENT_PREFIX_PATH} CMAKE_PREFIX_PATH=/home/zhijie/autoware/install/system_diagnostic_graph:/home/zhijie/autoware/install/tier4_system_msgs:/home/zhijie/autoware/install/autoware_cmake:/home/zhijie/autoware/install/autoware_lint_common:/home/zhijie/autoware/install/autoware_common_msgs:/home/zhijie/autoware/install/autoware_adapi_v1_msgs:/opt/ros/humble LD_LIBRARY_PATH=/home/zhijie/autoware/install/tier4_system_msgs/lib:/home/zhijie/autoware/install/autoware_common_msgs/lib:/home/zhijie/autoware/install/autoware_adapi_v1_msgs/lib:${LD_LIBRARY_PATH} PYTHONPATH=/home/zhijie/autoware/install/tier4_system_msgs/local/lib/python3.10/dist-packages:/home/zhijie/autoware/install/autoware_common_msgs/local/lib/python3.10/dist-packages:/home/zhijie/autoware/install/autoware_adapi_v1_msgs/local/lib/python3.10/dist-packages:${PYTHONPATH} /usr/bin/cmake /home/zhijie/autoware/src/universe/autoware.universe/system/system_diagnostic_monitor -DCMAKE_BUILD_TYPE=Release -DAMENT_CMAKE_SYMLINK_INSTALL=1 -DCMAKE_INSTALL_PREFIX=/home/zhijie/autoware/install/system_diagnostic_monitor
[2.642s] -- Found autoware_cmake: 0.1.0 (/home/zhijie/autoware/install/autoware_cmake/share/autoware_cmake/cmake)
[2.642s] -- Override CMake install command with custom implementation using symlinks instead of copying resources
[2.642s] -- Found rosidl_generator_c: 3.1.5 (/opt/ros/humble/share/rosidl_generator_c/cmake)
[2.642s] -- Found rosidl_adapter: 3.1.5 (/opt/ros/humble/share/rosidl_adapter/cmake)
[2.642s] -- Found rosidl_generator_cpp: 3.1.5 (/opt/ros/humble/share/rosidl_generator_cpp/cmake)
[2.643s] -- Using all available rosidl_typesupport_c: rosidl_typesupport_fastrtps_c;rosidl_typesupport_introspection_c
[2.643s] -- Using all available rosidl_typesupport_cpp: rosidl_typesupport_fastrtps_cpp;rosidl_typesupport_introspection_cpp
[2.643s] -- Found rmw_implementation_cmake: 6.1.1 (/opt/ros/humble/share/rmw_implementation_cmake/cmake)
[2.643s] -- Found rmw_cyclonedds_cpp: 1.3.4 (/opt/ros/humble/share/rmw_cyclonedds_cpp/cmake)
[2.643s] -- Using RMW implementation 'rmw_cyclonedds_cpp' as default
[2.643s] -- Found ament_lint_auto: 0.12.8 (/opt/ros/humble/share/ament_lint_auto/cmake)
[2.643s] -- Added test 'copyright' to check source files copyright and LICENSE
[2.643s] -- Added test 'lint_cmake' to check CMake code style
[2.643s] -- Added test 'xmllint' to check XML markup files
[2.644s] -- Configuring done
[2.644s] -- Generating done
[2.644s] -- Build files have been written to: /home/zhijie/autoware/build/system_diagnostic_monitor
[2.773s] Invoked command in '/home/zhijie/autoware/build/system_diagnostic_monitor' returned '0': AMENT_PREFIX_PATH=/home/zhijie/autoware/install/system_diagnostic_graph:/home/zhijie/autoware/install/tier4_system_msgs:/home/zhijie/autoware/install/autoware_cmake:/home/zhijie/autoware/install/autoware_lint_common:/home/zhijie/autoware/install/autoware_common_msgs:/home/zhijie/autoware/install/autoware_adapi_v1_msgs:${AMENT_PREFIX_PATH} CMAKE_PREFIX_PATH=/home/zhijie/autoware/install/system_diagnostic_graph:/home/zhijie/autoware/install/tier4_system_msgs:/home/zhijie/autoware/install/autoware_cmake:/home/zhijie/autoware/install/autoware_lint_common:/home/zhijie/autoware/install/autoware_common_msgs:/home/zhijie/autoware/install/autoware_adapi_v1_msgs:/opt/ros/humble LD_LIBRARY_PATH=/home/zhijie/autoware/install/tier4_system_msgs/lib:/home/zhijie/autoware/install/autoware_common_msgs/lib:/home/zhijie/autoware/install/autoware_adapi_v1_msgs/lib:${LD_LIBRARY_PATH} PYTHONPATH=/home/zhijie/autoware/install/tier4_system_msgs/local/lib/python3.10/dist-packages:/home/zhijie/autoware/install/autoware_common_msgs/local/lib/python3.10/dist-packages:/home/zhijie/autoware/install/autoware_adapi_v1_msgs/local/lib/python3.10/dist-packages:${PYTHONPATH} /usr/bin/cmake /home/zhijie/autoware/src/universe/autoware.universe/system/system_diagnostic_monitor -DCMAKE_BUILD_TYPE=Release -DAMENT_CMAKE_SYMLINK_INSTALL=1 -DCMAKE_INSTALL_PREFIX=/home/zhijie/autoware/install/system_diagnostic_monitor
[2.788s] Invoking command in '/home/zhijie/autoware/build/system_diagnostic_monitor': AMENT_PREFIX_PATH=/home/zhijie/autoware/install/system_diagnostic_graph:/home/zhijie/autoware/install/tier4_system_msgs:/home/zhijie/autoware/install/autoware_cmake:/home/zhijie/autoware/install/autoware_lint_common:/home/zhijie/autoware/install/autoware_common_msgs:/home/zhijie/autoware/install/autoware_adapi_v1_msgs:${AMENT_PREFIX_PATH} CMAKE_PREFIX_PATH=/home/zhijie/autoware/install/system_diagnostic_graph:/home/zhijie/autoware/install/tier4_system_msgs:/home/zhijie/autoware/install/autoware_cmake:/home/zhijie/autoware/install/autoware_lint_common:/home/zhijie/autoware/install/autoware_common_msgs:/home/zhijie/autoware/install/autoware_adapi_v1_msgs:/opt/ros/humble LD_LIBRARY_PATH=/home/zhijie/autoware/install/tier4_system_msgs/lib:/home/zhijie/autoware/install/autoware_common_msgs/lib:/home/zhijie/autoware/install/autoware_adapi_v1_msgs/lib:${LD_LIBRARY_PATH} PYTHONPATH=/home/zhijie/autoware/install/tier4_system_msgs/local/lib/python3.10/dist-packages:/home/zhijie/autoware/install/autoware_common_msgs/local/lib/python3.10/dist-packages:/home/zhijie/autoware/install/autoware_adapi_v1_msgs/local/lib/python3.10/dist-packages:${PYTHONPATH} /usr/bin/cmake --build /home/zhijie/autoware/build/system_diagnostic_monitor -- -j16 -l16
[13.585s] Invoked command in '/home/zhijie/autoware/build/system_diagnostic_monitor' returned '0': AMENT_PREFIX_PATH=/home/zhijie/autoware/install/system_diagnostic_graph:/home/zhijie/autoware/install/tier4_system_msgs:/home/zhijie/autoware/install/autoware_cmake:/home/zhijie/autoware/install/autoware_lint_common:/home/zhijie/autoware/install/autoware_common_msgs:/home/zhijie/autoware/install/autoware_adapi_v1_msgs:${AMENT_PREFIX_PATH} CMAKE_PREFIX_PATH=/home/zhijie/autoware/install/system_diagnostic_graph:/home/zhijie/autoware/install/tier4_system_msgs:/home/zhijie/autoware/install/autoware_cmake:/home/zhijie/autoware/install/autoware_lint_common:/home/zhijie/autoware/install/autoware_common_msgs:/home/zhijie/autoware/install/autoware_adapi_v1_msgs:/opt/ros/humble LD_LIBRARY_PATH=/home/zhijie/autoware/install/tier4_system_msgs/lib:/home/zhijie/autoware/install/autoware_common_msgs/lib:/home/zhijie/autoware/install/autoware_adapi_v1_msgs/lib:${LD_LIBRARY_PATH} PYTHONPATH=/home/zhijie/autoware/install/tier4_system_msgs/local/lib/python3.10/dist-packages:/home/zhijie/autoware/install/autoware_common_msgs/local/lib/python3.10/dist-packages:/home/zhijie/autoware/install/autoware_adapi_v1_msgs/local/lib/python3.10/dist-packages:${PYTHONPATH} /usr/bin/cmake --build /home/zhijie/autoware/build/system_diagnostic_monitor -- -j16 -l16
[13.629s] Invoking command in '/home/zhijie/autoware/build/system_diagnostic_monitor': AMENT_PREFIX_PATH=/home/zhijie/autoware/install/system_diagnostic_graph:/home/zhijie/autoware/install/tier4_system_msgs:/home/zhijie/autoware/install/autoware_cmake:/home/zhijie/autoware/install/autoware_lint_common:/home/zhijie/autoware/install/autoware_common_msgs:/home/zhijie/autoware/install/autoware_adapi_v1_msgs:${AMENT_PREFIX_PATH} CMAKE_PREFIX_PATH=/home/zhijie/autoware/install/system_diagnostic_graph:/home/zhijie/autoware/install/tier4_system_msgs:/home/zhijie/autoware/install/autoware_cmake:/home/zhijie/autoware/install/autoware_lint_common:/home/zhijie/autoware/install/autoware_common_msgs:/home/zhijie/autoware/install/autoware_adapi_v1_msgs:/opt/ros/humble LD_LIBRARY_PATH=/home/zhijie/autoware/install/tier4_system_msgs/lib:/home/zhijie/autoware/install/autoware_common_msgs/lib:/home/zhijie/autoware/install/autoware_adapi_v1_msgs/lib:${LD_LIBRARY_PATH} PYTHONPATH=/home/zhijie/autoware/install/tier4_system_msgs/local/lib/python3.10/dist-packages:/home/zhijie/autoware/install/autoware_common_msgs/local/lib/python3.10/dist-packages:/home/zhijie/autoware/install/autoware_adapi_v1_msgs/local/lib/python3.10/dist-packages:${PYTHONPATH} /usr/bin/cmake --install /home/zhijie/autoware/build/system_diagnostic_monitor
[20.356s] -- Install configuration: "Release"
[20.356s] -- Execute custom install script
[20.356s] -- Up-to-date symlink: /home/zhijie/autoware/install/system_diagnostic_monitor/share/system_diagnostic_monitor/config/autoware.yaml
[20.357s] -- Up-to-date symlink: /home/zhijie/autoware/install/system_diagnostic_monitor/share/system_diagnostic_monitor/config/control.yaml
[20.357s] -- Up-to-date symlink: /home/zhijie/autoware/install/system_diagnostic_monitor/share/system_diagnostic_monitor/config/localization.yaml
[20.357s] -- Up-to-date symlink: /home/zhijie/autoware/install/system_diagnostic_monitor/share/system_diagnostic_monitor/config/map.yaml
[20.357s] -- Up-to-date symlink: /home/zhijie/autoware/install/system_diagnostic_monitor/share/system_diagnostic_monitor/config/perception.yaml
[20.357s] -- Up-to-date symlink: /home/zhijie/autoware/install/system_diagnostic_monitor/share/system_diagnostic_monitor/config/planning.yaml
[20.357s] -- Up-to-date symlink: /home/zhijie/autoware/install/system_diagnostic_monitor/share/system_diagnostic_monitor/config/system.yaml
[20.357s] -- Up-to-date symlink: /home/zhijie/autoware/install/system_diagnostic_monitor/share/system_diagnostic_monitor/config/vehicle.yaml
[20.357s] -- Up-to-date symlink: /home/zhijie/autoware/install/system_diagnostic_monitor/share/system_diagnostic_monitor/launch/system_diagnostic_monitor.launch.xml
[20.357s] -- Up-to-date symlink: /home/zhijie/autoware/install/system_diagnostic_monitor/share/system_diagnostic_monitor/script/component_state_diagnostics.py
[20.357s] -- Up-to-date symlink: /home/zhijie/autoware/install/system_diagnostic_monitor/share/ament_index/resource_index/package_run_dependencies/system_diagnostic_monitor
[20.357s] -- Up-to-date symlink: /home/zhijie/autoware/install/system_diagnostic_monitor/share/ament_index/resource_index/parent_prefix_path/system_diagnostic_monitor
[20.358s] -- Up-to-date symlink: /home/zhijie/autoware/install/system_diagnostic_monitor/share/system_diagnostic_monitor/environment/ament_prefix_path.sh
[20.358s] -- Up-to-date symlink: /home/zhijie/autoware/install/system_diagnostic_monitor/share/system_diagnostic_monitor/environment/ament_prefix_path.dsv
[20.358s] -- Up-to-date symlink: /home/zhijie/autoware/install/system_diagnostic_monitor/share/system_diagnostic_monitor/environment/path.sh
[20.358s] -- Up-to-date symlink: /home/zhijie/autoware/install/system_diagnostic_monitor/share/system_diagnostic_monitor/environment/path.dsv
[20.358s] -- Up-to-date symlink: /home/zhijie/autoware/install/system_diagnostic_monitor/share/system_diagnostic_monitor/local_setup.bash
[20.358s] -- Up-to-date symlink: /home/zhijie/autoware/install/system_diagnostic_monitor/share/system_diagnostic_monitor/local_setup.sh
[20.358s] -- Up-to-date symlink: /home/zhijie/autoware/install/system_diagnostic_monitor/share/system_diagnostic_monitor/local_setup.zsh
[20.358s] -- Up-to-date symlink: /home/zhijie/autoware/install/system_diagnostic_monitor/share/system_diagnostic_monitor/local_setup.dsv
[20.358s] -- Symlinking: /home/zhijie/autoware/install/system_diagnostic_monitor/share/system_diagnostic_monitor/package.dsv
[20.358s] -- Up-to-date symlink: /home/zhijie/autoware/install/system_diagnostic_monitor/share/ament_index/resource_index/packages/system_diagnostic_monitor
[20.359s] -- Up-to-date symlink: /home/zhijie/autoware/install/system_diagnostic_monitor/share/system_diagnostic_monitor/cmake/ament_cmake_export_dependencies-extras.cmake
[20.359s] -- Up-to-date symlink: /home/zhijie/autoware/install/system_diagnostic_monitor/share/system_diagnostic_monitor/cmake/system_diagnostic_monitorConfig.cmake
[20.359s] -- Up-to-date symlink: /home/zhijie/autoware/install/system_diagnostic_monitor/share/system_diagnostic_monitor/cmake/system_diagnostic_monitorConfig-version.cmake
[20.359s] -- Up-to-date symlink: /home/zhijie/autoware/install/system_diagnostic_monitor/share/system_diagnostic_monitor/package.xml
[20.393s] Invoked command in '/home/zhijie/autoware/build/system_diagnostic_monitor' returned '0': AMENT_PREFIX_PATH=/home/zhijie/autoware/install/system_diagnostic_graph:/home/zhijie/autoware/install/tier4_system_msgs:/home/zhijie/autoware/install/autoware_cmake:/home/zhijie/autoware/install/autoware_lint_common:/home/zhijie/autoware/install/autoware_common_msgs:/home/zhijie/autoware/install/autoware_adapi_v1_msgs:${AMENT_PREFIX_PATH} CMAKE_PREFIX_PATH=/home/zhijie/autoware/install/system_diagnostic_graph:/home/zhijie/autoware/install/tier4_system_msgs:/home/zhijie/autoware/install/autoware_cmake:/home/zhijie/autoware/install/autoware_lint_common:/home/zhijie/autoware/install/autoware_common_msgs:/home/zhijie/autoware/install/autoware_adapi_v1_msgs:/opt/ros/humble LD_LIBRARY_PATH=/home/zhijie/autoware/install/tier4_system_msgs/lib:/home/zhijie/autoware/install/autoware_common_msgs/lib:/home/zhijie/autoware/install/autoware_adapi_v1_msgs/lib:${LD_LIBRARY_PATH} PYTHONPATH=/home/zhijie/autoware/install/tier4_system_msgs/local/lib/python3.10/dist-packages:/home/zhijie/autoware/install/autoware_common_msgs/local/lib/python3.10/dist-packages:/home/zhijie/autoware/install/autoware_adapi_v1_msgs/local/lib/python3.10/dist-packages:${PYTHONPATH} /usr/bin/cmake --install /home/zhijie/autoware/build/system_diagnostic_monitor
