[0.279s] Invoking command in '/home/mtl12345/autoware/build/map_height_fitter': AMENT_PREFIX_PATH=/home/mtl12345/autoware/install/autoware_cmake:/home/mtl12345/autoware/install/tier4_localization_msgs:/home/mtl12345/autoware/install/autoware_map_msgs:/home/mtl12345/autoware/install/autoware_lint_common:${AMENT_PREFIX_PATH} CMAKE_PREFIX_PATH=/home/mtl12345/autoware/install/autoware_cmake:/home/mtl12345/autoware/install/tier4_localization_msgs:/home/mtl12345/autoware/install/autoware_map_msgs:/home/mtl12345/autoware/install/autoware_lint_common:/opt/ros/humble LD_LIBRARY_PATH=/home/mtl12345/autoware/install/tier4_localization_msgs/lib:/home/mtl12345/autoware/install/autoware_map_msgs/lib:${LD_LIBRARY_PATH} PYTHONPATH=/home/mtl12345/autoware/install/tier4_localization_msgs/local/lib/python3.10/dist-packages:/home/mtl12345/autoware/install/autoware_map_msgs/local/lib/python3.10/dist-packages:${PYTHONPATH} /usr/bin/cmake --build /home/mtl12345/autoware/build/map_height_fitter -- -j12 -l12
[0.439s] [ 50%] Built target map_height_fitter
[0.439s] [100%] Built target node
[0.617s] Invoked command in '/home/mtl12345/autoware/build/map_height_fitter' returned '0': AMENT_PREFIX_PATH=/home/mtl12345/autoware/install/autoware_cmake:/home/mtl12345/autoware/install/tier4_localization_msgs:/home/mtl12345/autoware/install/autoware_map_msgs:/home/mtl12345/autoware/install/autoware_lint_common:${AMENT_PREFIX_PATH} CMAKE_PREFIX_PATH=/home/mtl12345/autoware/install/autoware_cmake:/home/mtl12345/autoware/install/tier4_localization_msgs:/home/mtl12345/autoware/install/autoware_map_msgs:/home/mtl12345/autoware/install/autoware_lint_common:/opt/ros/humble LD_LIBRARY_PATH=/home/mtl12345/autoware/install/tier4_localization_msgs/lib:/home/mtl12345/autoware/install/autoware_map_msgs/lib:${LD_LIBRARY_PATH} PYTHONPATH=/home/mtl12345/autoware/install/tier4_localization_msgs/local/lib/python3.10/dist-packages:/home/mtl12345/autoware/install/autoware_map_msgs/local/lib/python3.10/dist-packages:${PYTHONPATH} /usr/bin/cmake --build /home/mtl12345/autoware/build/map_height_fitter -- -j12 -l12
[1.254s] Invoking command in '/home/mtl12345/autoware/build/map_height_fitter': AMENT_PREFIX_PATH=/home/mtl12345/autoware/install/autoware_cmake:/home/mtl12345/autoware/install/tier4_localization_msgs:/home/mtl12345/autoware/install/autoware_map_msgs:/home/mtl12345/autoware/install/autoware_lint_common:${AMENT_PREFIX_PATH} CMAKE_PREFIX_PATH=/home/mtl12345/autoware/install/autoware_cmake:/home/mtl12345/autoware/install/tier4_localization_msgs:/home/mtl12345/autoware/install/autoware_map_msgs:/home/mtl12345/autoware/install/autoware_lint_common:/opt/ros/humble LD_LIBRARY_PATH=/home/mtl12345/autoware/install/tier4_localization_msgs/lib:/home/mtl12345/autoware/install/autoware_map_msgs/lib:${LD_LIBRARY_PATH} PYTHONPATH=/home/mtl12345/autoware/install/tier4_localization_msgs/local/lib/python3.10/dist-packages:/home/mtl12345/autoware/install/autoware_map_msgs/local/lib/python3.10/dist-packages:${PYTHONPATH} /usr/bin/cmake --install /home/mtl12345/autoware/build/map_height_fitter
[1.464s] -- Install configuration: "Release"
[1.464s] -- Execute custom install script
[1.464s] -- Up-to-date symlink: /home/mtl12345/autoware/install/map_height_fitter/include/map_height_fitter/map_height_fitter.hpp
[1.465s] -- Up-to-date symlink: /home/mtl12345/autoware/install/map_height_fitter/share/map_height_fitter/environment/library_path.sh
[1.465s] -- Up-to-date symlink: /home/mtl12345/autoware/install/map_height_fitter/share/map_height_fitter/environment/library_path.dsv
[1.465s] -- Up-to-date symlink: /home/mtl12345/autoware/install/map_height_fitter/lib/libmap_height_fitter.so
[1.466s] -- Up-to-date symlink: /home/mtl12345/autoware/install/map_height_fitter/lib/map_height_fitter/node
[1.466s] -- Up-to-date symlink: /home/mtl12345/autoware/install/map_height_fitter/share/map_height_fitter/launch/map_height_fitter.launch.xml
[1.466s] -- Up-to-date symlink: /home/mtl12345/autoware/install/map_height_fitter/share/ament_index/resource_index/package_run_dependencies/map_height_fitter
[1.467s] -- Up-to-date symlink: /home/mtl12345/autoware/install/map_height_fitter/share/ament_index/resource_index/parent_prefix_path/map_height_fitter
[1.467s] -- Up-to-date symlink: /home/mtl12345/autoware/install/map_height_fitter/share/map_height_fitter/environment/ament_prefix_path.sh
[1.467s] -- Up-to-date symlink: /home/mtl12345/autoware/install/map_height_fitter/share/map_height_fitter/environment/ament_prefix_path.dsv
[1.468s] -- Up-to-date symlink: /home/mtl12345/autoware/install/map_height_fitter/share/map_height_fitter/environment/path.sh
[1.468s] -- Up-to-date symlink: /home/mtl12345/autoware/install/map_height_fitter/share/map_height_fitter/environment/path.dsv
[1.468s] -- Up-to-date symlink: /home/mtl12345/autoware/install/map_height_fitter/share/map_height_fitter/local_setup.bash
[1.469s] -- Up-to-date symlink: /home/mtl12345/autoware/install/map_height_fitter/share/map_height_fitter/local_setup.sh
[1.469s] -- Up-to-date symlink: /home/mtl12345/autoware/install/map_height_fitter/share/map_height_fitter/local_setup.zsh
[1.469s] -- Up-to-date symlink: /home/mtl12345/autoware/install/map_height_fitter/share/map_height_fitter/local_setup.dsv
[1.469s] -- Symlinking: /home/mtl12345/autoware/install/map_height_fitter/share/map_height_fitter/package.dsv
[1.470s] -- Up-to-date symlink: /home/mtl12345/autoware/install/map_height_fitter/share/ament_index/resource_index/packages/map_height_fitter
[1.470s] -- Up-to-date symlink: /home/mtl12345/autoware/install/map_height_fitter/share/map_height_fitter/cmake/ament_cmake_export_dependencies-extras.cmake
[1.470s] -- Up-to-date symlink: /home/mtl12345/autoware/install/map_height_fitter/share/map_height_fitter/cmake/ament_cmake_export_include_directories-extras.cmake
[1.471s] -- Up-to-date symlink: /home/mtl12345/autoware/install/map_height_fitter/share/map_height_fitter/cmake/ament_cmake_export_libraries-extras.cmake
[1.472s] -- Up-to-date symlink: /home/mtl12345/autoware/install/map_height_fitter/share/map_height_fitter/cmake/map_height_fitterConfig.cmake
[1.472s] -- Up-to-date symlink: /home/mtl12345/autoware/install/map_height_fitter/share/map_height_fitter/cmake/map_height_fitterConfig-version.cmake
[1.472s] -- Up-to-date symlink: /home/mtl12345/autoware/install/map_height_fitter/share/map_height_fitter/package.xml
[1.984s] Invoked command in '/home/mtl12345/autoware/build/map_height_fitter' returned '0': AMENT_PREFIX_PATH=/home/mtl12345/autoware/install/autoware_cmake:/home/mtl12345/autoware/install/tier4_localization_msgs:/home/mtl12345/autoware/install/autoware_map_msgs:/home/mtl12345/autoware/install/autoware_lint_common:${AMENT_PREFIX_PATH} CMAKE_PREFIX_PATH=/home/mtl12345/autoware/install/autoware_cmake:/home/mtl12345/autoware/install/tier4_localization_msgs:/home/mtl12345/autoware/install/autoware_map_msgs:/home/mtl12345/autoware/install/autoware_lint_common:/opt/ros/humble LD_LIBRARY_PATH=/home/mtl12345/autoware/install/tier4_localization_msgs/lib:/home/mtl12345/autoware/install/autoware_map_msgs/lib:${LD_LIBRARY_PATH} PYTHONPATH=/home/mtl12345/autoware/install/tier4_localization_msgs/local/lib/python3.10/dist-packages:/home/mtl12345/autoware/install/autoware_map_msgs/local/lib/python3.10/dist-packages:${PYTHONPATH} /usr/bin/cmake --install /home/mtl12345/autoware/build/map_height_fitter
