[0.131s] Invoking command in '/home/zhijie/autoware/build/vls_description': CMAKE_PREFIX_PATH=/opt/ros/humble /usr/bin/cmake --build /home/zhijie/autoware/build/vls_description -- -j16 -l16
[0.513s] Invoked command in '/home/zhijie/autoware/build/vls_description' returned '0': CMAKE_PREFIX_PATH=/opt/ros/humble /usr/bin/cmake --build /home/zhijie/autoware/build/vls_description -- -j16 -l16
[0.640s] Invoking command in '/home/zhijie/autoware/build/vls_description': CMAKE_PREFIX_PATH=/opt/ros/humble /usr/bin/cmake --install /home/zhijie/autoware/build/vls_description
[0.674s] -- Install configuration: "Release"
[0.675s] -- Execute custom install script
[0.675s] -- Up-to-date symlink: /home/zhijie/autoware/install/vls_description/share/vls_description/urdf/VLS-128.urdf.xacro
[0.675s] -- Up-to-date symlink: /home/zhijie/autoware/install/vls_description/share/vls_description/meshes/VLS128_base_1.dae
[0.675s] -- Up-to-date symlink: /home/zhijie/autoware/install/vls_description/share/vls_description/meshes/VLS128_base_1.stl
[0.675s] -- Up-to-date symlink: /home/zhijie/autoware/install/vls_description/share/vls_description/meshes/VLS128_base_2.dae
[0.675s] -- Up-to-date symlink: /home/zhijie/autoware/install/vls_description/share/vls_description/meshes/VLS128_base_2.stl
[0.675s] -- Up-to-date symlink: /home/zhijie/autoware/install/vls_description/share/vls_description/meshes/VLS128_scan.dae
[0.675s] -- Up-to-date symlink: /home/zhijie/autoware/install/vls_description/share/vls_description/meshes/VLS128_scan.stl
[0.679s] -- Up-to-date symlink: /home/zhijie/autoware/install/vls_description/share/ament_index/resource_index/package_run_dependencies/vls_description
[0.679s] -- Up-to-date symlink: /home/zhijie/autoware/install/vls_description/share/ament_index/resource_index/parent_prefix_path/vls_description
[0.679s] -- Up-to-date symlink: /home/zhijie/autoware/install/vls_description/share/vls_description/environment/ament_prefix_path.sh
[0.680s] -- Up-to-date symlink: /home/zhijie/autoware/install/vls_description/share/vls_description/environment/ament_prefix_path.dsv
[0.680s] -- Up-to-date symlink: /home/zhijie/autoware/install/vls_description/share/vls_description/environment/path.sh
[0.682s] -- Up-to-date symlink: /home/zhijie/autoware/install/vls_description/share/vls_description/environment/path.dsv
[0.691s] -- Up-to-date symlink: /home/zhijie/autoware/install/vls_description/share/vls_description/local_setup.bash
[0.691s] -- Up-to-date symlink: /home/zhijie/autoware/install/vls_description/share/vls_description/local_setup.sh
[0.691s] -- Up-to-date symlink: /home/zhijie/autoware/install/vls_description/share/vls_description/local_setup.zsh
[0.694s] -- Up-to-date symlink: /home/zhijie/autoware/install/vls_description/share/vls_description/local_setup.dsv
[0.694s] -- Symlinking: /home/zhijie/autoware/install/vls_description/share/vls_description/package.dsv
[0.706s] -- Up-to-date symlink: /home/zhijie/autoware/install/vls_description/share/ament_index/resource_index/packages/vls_description
[0.707s] -- Up-to-date symlink: /home/zhijie/autoware/install/vls_description/share/vls_description/cmake/vls_descriptionConfig.cmake
[0.707s] -- Up-to-date symlink: /home/zhijie/autoware/install/vls_description/share/vls_description/cmake/vls_descriptionConfig-version.cmake
[0.707s] -- Up-to-date symlink: /home/zhijie/autoware/install/vls_description/share/vls_description/package.xml
[0.784s] Invoked command in '/home/zhijie/autoware/build/vls_description' returned '0': CMAKE_PREFIX_PATH=/opt/ros/humble /usr/bin/cmake --install /home/zhijie/autoware/build/vls_description
