[0.554s] Invoking command in '/home/mtl12345/autoware/build/tamagawa_imu_driver': CMAKE_PREFIX_PATH=/opt/ros/humble /usr/bin/cmake --build /home/mtl12345/autoware/build/tamagawa_imu_driver -- -j12 -l12
[0.698s] [ 50%] Built target tag_can_driver
[0.698s] [100%] Built target tag_serial_driver
[1.033s] Invoked command in '/home/mtl12345/autoware/build/tamagawa_imu_driver' returned '0': CMAKE_PREFIX_PATH=/opt/ros/humble /usr/bin/cmake --build /home/mtl12345/autoware/build/tamagawa_imu_driver -- -j12 -l12
[1.318s] Invoking command in '/home/mtl12345/autoware/build/tamagawa_imu_driver': CMAKE_PREFIX_PATH=/opt/ros/humble /usr/bin/cmake --install /home/mtl12345/autoware/build/tamagawa_imu_driver
[1.671s] -- Install configuration: "Release"
[1.672s] -- Execute custom install script
[1.672s] -- Up-to-date symlink: /home/mtl12345/autoware/install/tamagawa_imu_driver/lib/tamagawa_imu_driver/tag_serial_driver
[1.672s] -- Up-to-date symlink: /home/mtl12345/autoware/install/tamagawa_imu_driver/lib/tamagawa_imu_driver/tag_can_driver
[1.672s] -- Up-to-date symlink: /home/mtl12345/autoware/install/tamagawa_imu_driver/share/tamagawa_imu_driver/launch/can.launch.xml
[1.672s] -- Up-to-date symlink: /home/mtl12345/autoware/install/tamagawa_imu_driver/share/tamagawa_imu_driver/launch/serial_AU7554N.launch.xml
[1.672s] -- Up-to-date symlink: /home/mtl12345/autoware/install/tamagawa_imu_driver/share/tamagawa_imu_driver/launch/serial_TAG250_Nxx00.launch.xml
[1.672s] -- Up-to-date symlink: /home/mtl12345/autoware/install/tamagawa_imu_driver/share/tamagawa_imu_driver/launch/serial_TAG250_Nxx40.launch.xml
[1.672s] -- Up-to-date symlink: /home/mtl12345/autoware/install/tamagawa_imu_driver/share/tamagawa_imu_driver/launch/serial_TAG264.launch.xml
[1.672s] -- Up-to-date symlink: /home/mtl12345/autoware/install/tamagawa_imu_driver/share/ament_index/resource_index/package_run_dependencies/tamagawa_imu_driver
[1.672s] -- Up-to-date symlink: /home/mtl12345/autoware/install/tamagawa_imu_driver/share/ament_index/resource_index/parent_prefix_path/tamagawa_imu_driver
[1.672s] -- Up-to-date symlink: /home/mtl12345/autoware/install/tamagawa_imu_driver/share/tamagawa_imu_driver/environment/ament_prefix_path.sh
[1.672s] -- Up-to-date symlink: /home/mtl12345/autoware/install/tamagawa_imu_driver/share/tamagawa_imu_driver/environment/ament_prefix_path.dsv
[1.672s] -- Up-to-date symlink: /home/mtl12345/autoware/install/tamagawa_imu_driver/share/tamagawa_imu_driver/environment/path.sh
[1.672s] -- Up-to-date symlink: /home/mtl12345/autoware/install/tamagawa_imu_driver/share/tamagawa_imu_driver/environment/path.dsv
[1.673s] -- Up-to-date symlink: /home/mtl12345/autoware/install/tamagawa_imu_driver/share/tamagawa_imu_driver/local_setup.bash
[1.673s] -- Up-to-date symlink: /home/mtl12345/autoware/install/tamagawa_imu_driver/share/tamagawa_imu_driver/local_setup.sh
[1.673s] -- Up-to-date symlink: /home/mtl12345/autoware/install/tamagawa_imu_driver/share/tamagawa_imu_driver/local_setup.zsh
[1.673s] -- Up-to-date symlink: /home/mtl12345/autoware/install/tamagawa_imu_driver/share/tamagawa_imu_driver/local_setup.dsv
[1.673s] -- Symlinking: /home/mtl12345/autoware/install/tamagawa_imu_driver/share/tamagawa_imu_driver/package.dsv
[1.673s] -- Up-to-date symlink: /home/mtl12345/autoware/install/tamagawa_imu_driver/share/ament_index/resource_index/packages/tamagawa_imu_driver
[1.673s] -- Up-to-date symlink: /home/mtl12345/autoware/install/tamagawa_imu_driver/share/tamagawa_imu_driver/cmake/ament_cmake_export_dependencies-extras.cmake
[1.673s] -- Up-to-date symlink: /home/mtl12345/autoware/install/tamagawa_imu_driver/share/tamagawa_imu_driver/cmake/tamagawa_imu_driverConfig.cmake
[1.673s] -- Up-to-date symlink: /home/mtl12345/autoware/install/tamagawa_imu_driver/share/tamagawa_imu_driver/cmake/tamagawa_imu_driverConfig-version.cmake
[1.673s] -- Up-to-date symlink: /home/mtl12345/autoware/install/tamagawa_imu_driver/share/tamagawa_imu_driver/package.xml
[1.849s] Invoked command in '/home/mtl12345/autoware/build/tamagawa_imu_driver' returned '0': CMAKE_PREFIX_PATH=/opt/ros/humble /usr/bin/cmake --install /home/mtl12345/autoware/build/tamagawa_imu_driver
