-- Found autoware_cmake: 0.1.0 (/home/zhijie/autoware/install/autoware_cmake/share/autoware_cmake/cmake)
-- Override CMake install command with custom implementation using symlinks instead of copying resources
-- Found rosidl_generator_c: 3.1.5 (/opt/ros/humble/share/rosidl_generator_c/cmake)
-- Found rosidl_adapter: 3.1.5 (/opt/ros/humble/share/rosidl_adapter/cmake)
-- Found rosidl_generator_cpp: 3.1.5 (/opt/ros/humble/share/rosidl_generator_cpp/cmake)
-- Using all available rosidl_typesupport_c: rosidl_typesupport_fastrtps_c;rosidl_typesupport_introspection_c
-- Using all available rosidl_typesupport_cpp: rosidl_typesupport_fastrtps_cpp;rosidl_typesupport_introspection_cpp
-- Found rmw_implementation_cmake: 6.1.1 (/opt/ros/humble/share/rmw_implementation_cmake/cmake)
-- Found rmw_cyclonedds_cpp: 1.3.4 (/opt/ros/humble/share/rmw_cyclonedds_cpp/cmake)
-- Using RMW implementation 'rmw_cyclonedds_cpp' as default
-- Found eigen3_cmake_module: 0.1.1 (/opt/ros/humble/share/eigen3_cmake_module/cmake)
-- Ensuring Eigen3 include directory is part of orocos-kdl CMake target
-- Eigen found (include: /usr/include/eigen3, version: 3.4.0)
-- FLANN found (include: /usr/include, lib: /usr/lib/x86_64-linux-gnu/libflann_cpp.so)
-- OpenNI found (version: 1.5.4.0, include: /usr/include/ni, lib: /usr/lib/libOpenNI.so;libusb::libusb)
-- OpenNI2 found (version: 2.2.0.33, include: /usr/include/openni2, lib: /usr/lib/x86_64-linux-gnu/libOpenNI2.so;libusb::libusb)
-- Eigen found (include: /usr/include/eigen3, version: 3.4.0)
-- OpenNI found (version: 1.5.4.0, include: /usr/include/ni, lib: /usr/lib/libOpenNI.so;libusb::libusb)
-- OpenNI2 found (version: 2.2.0.33, include: /usr/include/openni2, lib: /usr/lib/x86_64-linux-gnu/libOpenNI2.so;libusb::libusb)
-- Found Qhull version 8.0.2
-- OpenNI found (version: 1.5.4.0, include: /usr/include/ni, lib: /usr/lib/libOpenNI.so;libusb::libusb)
-- Found ament_lint_auto: 0.12.8 (/opt/ros/humble/share/ament_lint_auto/cmake)
-- Found gmock sources under '/opt/ros/humble/src/gmock_vendor': C++ tests using 'Google Mock' will be built
-- Found gtest sources under '/opt/ros/humble/src/gtest_vendor': C++ tests using 'Google Test' will be built
-- Added test 'copyright' to check source files copyright and LICENSE
-- Added test 'cppcheck' to perform static code analysis on C / C++ code
-- Configured cppcheck include dirs: 
-- Configured cppcheck exclude dirs and/or files: 
-- Added test 'lint_cmake' to check CMake code style
-- Added test 'xmllint' to check XML markup files
-- Configuring done
-- Generating done
-- Build files have been written to: /home/zhijie/autoware/build/imu_corrector
[35m[1mConsolidate compiler generated dependencies of target gyro_bias_estimation_module[0m
[  6%] [32mBuilding CXX object CMakeFiles/gyro_bias_estimation_module.dir/src/gyro_bias_estimation_module.cpp.o[0m
[ 13%] [32m[1mLinking CXX shared library libgyro_bias_estimation_module.so[0m
[ 13%] Built target gyro_bias_estimation_module
[35m[1mConsolidate compiler generated dependencies of target gmock_main[0m
[35m[1mConsolidate compiler generated dependencies of target gmock[0m
[ 20%] [32mBuilding CXX object gmock/CMakeFiles/gmock_main.dir/src/gmock_main.cc.o[0m
[ 26%] [32mBuilding CXX object gmock/CMakeFiles/gmock.dir/opt/ros/humble/src/gtest_vendor/src/gtest-all.cc.o[0m
[ 33%] [32mBuilding CXX object gmock/CMakeFiles/gmock.dir/src/gmock-all.cc.o[0m
[ 40%] [32m[1mLinking CXX static library libgmock_main.a[0m
[ 40%] Built target gmock_main
[ 46%] [32m[1mLinking CXX static library libgmock.a[0m
[ 46%] Built target gmock
[35m[1mConsolidate compiler generated dependencies of target gyro_bias_estimator[0m
[ 53%] [32mBuilding CXX object CMakeFiles/gyro_bias_estimator.dir/src/gyro_bias_estimator.cpp.o[0m
[ 60%] [32mBuilding CXX object CMakeFiles/gyro_bias_estimator.dir/src/gyro_bias_estimator_node.cpp.o[0m
[ 66%] [32m[1mLinking CXX executable gyro_bias_estimator[0m
[ 66%] Built target gyro_bias_estimator
[35m[1mConsolidate compiler generated dependencies of target test_gyro_bias_estimation_module[0m
[ 73%] [32mBuilding CXX object CMakeFiles/test_gyro_bias_estimation_module.dir/test/test_gyro_bias_estimation_module.cpp.o[0m
[ 80%] [32m[1mLinking CXX executable test_gyro_bias_estimation_module[0m
[ 80%] Built target test_gyro_bias_estimation_module
[35m[1mConsolidate compiler generated dependencies of target imu_corrector[0m
[ 86%] [32mBuilding CXX object CMakeFiles/imu_corrector.dir/src/imu_corrector_core.cpp.o[0m
[ 93%] [32mBuilding CXX object CMakeFiles/imu_corrector.dir/src/imu_corrector_node.cpp.o[0m
[100%] [32m[1mLinking CXX executable imu_corrector[0m
[100%] Built target imu_corrector
-- Install configuration: "Release"
-- Execute custom install script
-- Up-to-date symlink: /home/zhijie/autoware/install/imu_corrector/share/imu_corrector/environment/library_path.sh
-- Up-to-date symlink: /home/zhijie/autoware/install/imu_corrector/share/imu_corrector/environment/library_path.dsv
-- Up-to-date symlink: /home/zhijie/autoware/install/imu_corrector/lib/libgyro_bias_estimation_module.so
-- Up-to-date symlink: /home/zhijie/autoware/install/imu_corrector/lib/imu_corrector/imu_corrector
-- Up-to-date symlink: /home/zhijie/autoware/install/imu_corrector/lib/imu_corrector/gyro_bias_estimator
-- Up-to-date symlink: /home/zhijie/autoware/install/imu_corrector/share/imu_corrector/launch/gyro_bias_estimator.launch.xml
-- Up-to-date symlink: /home/zhijie/autoware/install/imu_corrector/share/imu_corrector/launch/imu_corrector.launch.xml
-- Up-to-date symlink: /home/zhijie/autoware/install/imu_corrector/share/imu_corrector/config/gyro_bias_estimator.param.yaml
-- Up-to-date symlink: /home/zhijie/autoware/install/imu_corrector/share/imu_corrector/config/imu_corrector.param.yaml
-- Up-to-date symlink: /home/zhijie/autoware/install/imu_corrector/share/ament_index/resource_index/package_run_dependencies/imu_corrector
-- Up-to-date symlink: /home/zhijie/autoware/install/imu_corrector/share/ament_index/resource_index/parent_prefix_path/imu_corrector
-- Up-to-date symlink: /home/zhijie/autoware/install/imu_corrector/share/imu_corrector/environment/ament_prefix_path.sh
-- Up-to-date symlink: /home/zhijie/autoware/install/imu_corrector/share/imu_corrector/environment/ament_prefix_path.dsv
-- Up-to-date symlink: /home/zhijie/autoware/install/imu_corrector/share/imu_corrector/environment/path.sh
-- Up-to-date symlink: /home/zhijie/autoware/install/imu_corrector/share/imu_corrector/environment/path.dsv
-- Up-to-date symlink: /home/zhijie/autoware/install/imu_corrector/share/imu_corrector/local_setup.bash
-- Up-to-date symlink: /home/zhijie/autoware/install/imu_corrector/share/imu_corrector/local_setup.sh
-- Up-to-date symlink: /home/zhijie/autoware/install/imu_corrector/share/imu_corrector/local_setup.zsh
-- Up-to-date symlink: /home/zhijie/autoware/install/imu_corrector/share/imu_corrector/local_setup.dsv
-- Symlinking: /home/zhijie/autoware/install/imu_corrector/share/imu_corrector/package.dsv
-- Up-to-date symlink: /home/zhijie/autoware/install/imu_corrector/share/ament_index/resource_index/packages/imu_corrector
-- Up-to-date symlink: /home/zhijie/autoware/install/imu_corrector/share/imu_corrector/cmake/ament_cmake_export_dependencies-extras.cmake
-- Up-to-date symlink: /home/zhijie/autoware/install/imu_corrector/share/imu_corrector/cmake/ament_cmake_export_libraries-extras.cmake
-- Up-to-date symlink: /home/zhijie/autoware/install/imu_corrector/share/imu_corrector/cmake/imu_correctorConfig.cmake
-- Up-to-date symlink: /home/zhijie/autoware/install/imu_corrector/share/imu_corrector/cmake/imu_correctorConfig-version.cmake
-- Up-to-date symlink: /home/zhijie/autoware/install/imu_corrector/share/imu_corrector/package.xml
