[0.310s] Invoking command in '/home/zhijie/autoware/build/tier4_perception_rviz_plugin': AMENT_PREFIX_PATH=/home/zhijie/autoware/install/dummy_perception_publisher:/home/zhijie/autoware/install/tier4_autoware_utils:/home/zhijie/autoware/install/tier4_perception_msgs:/home/zhijie/autoware/install/autoware_auto_vehicle_msgs:/home/zhijie/autoware/install/autoware_cmake:/home/zhijie/autoware/install/autoware_auto_planning_msgs:/home/zhijie/autoware/install/autoware_auto_perception_msgs:/home/zhijie/autoware/install/tier4_debug_msgs:/home/zhijie/autoware/install/autoware_lint_common:/home/zhijie/autoware/install/autoware_auto_mapping_msgs:/home/zhijie/autoware/install/autoware_auto_geometry_msgs:${AMENT_PREFIX_PATH} CMAKE_PREFIX_PATH=/home/zhijie/autoware/install/dummy_perception_publisher:/home/zhijie/autoware/install/tier4_autoware_utils:/home/zhijie/autoware/install/tier4_perception_msgs:/home/zhijie/autoware/install/autoware_auto_vehicle_msgs:/home/zhijie/autoware/install/autoware_cmake:/home/zhijie/autoware/install/autoware_auto_planning_msgs:/home/zhijie/autoware/install/autoware_auto_perception_msgs:/home/zhijie/autoware/install/tier4_debug_msgs:/home/zhijie/autoware/install/autoware_lint_common:/home/zhijie/autoware/install/autoware_auto_mapping_msgs:/home/zhijie/autoware/install/autoware_auto_geometry_msgs:/opt/ros/humble LD_LIBRARY_PATH=/home/zhijie/autoware/install/dummy_perception_publisher/lib:/home/zhijie/autoware/install/tier4_autoware_utils/lib:/home/zhijie/autoware/install/tier4_perception_msgs/lib:/home/zhijie/autoware/install/autoware_auto_vehicle_msgs/lib:/home/zhijie/autoware/install/autoware_auto_planning_msgs/lib:/home/zhijie/autoware/install/autoware_auto_perception_msgs/lib:/home/zhijie/autoware/install/tier4_debug_msgs/lib:/home/zhijie/autoware/install/autoware_auto_mapping_msgs/lib:/home/zhijie/autoware/install/autoware_auto_geometry_msgs/lib:${LD_LIBRARY_PATH} PYTHONPATH=/home/zhijie/autoware/install/dummy_perception_publisher/local/lib/python3.10/dist-packages:/home/zhijie/autoware/install/tier4_perception_msgs/local/lib/python3.10/dist-packages:/home/zhijie/autoware/install/autoware_auto_vehicle_msgs/local/lib/python3.10/dist-packages:/home/zhijie/autoware/install/autoware_auto_planning_msgs/local/lib/python3.10/dist-packages:/home/zhijie/autoware/install/autoware_auto_perception_msgs/local/lib/python3.10/dist-packages:/home/zhijie/autoware/install/tier4_debug_msgs/local/lib/python3.10/dist-packages:/home/zhijie/autoware/install/autoware_auto_mapping_msgs/local/lib/python3.10/dist-packages:/home/zhijie/autoware/install/autoware_auto_geometry_msgs/local/lib/python3.10/dist-packages:${PYTHONPATH} /usr/bin/cmake /home/zhijie/autoware/src/universe/autoware.universe/common/tier4_perception_rviz_plugin -DCMAKE_BUILD_TYPE=Release -DAMENT_CMAKE_SYMLINK_INSTALL=1 -DCMAKE_INSTALL_PREFIX=/home/zhijie/autoware/install/tier4_perception_rviz_plugin
[3.787s] -- Found autoware_cmake: 0.1.0 (/home/zhijie/autoware/install/autoware_cmake/share/autoware_cmake/cmake)
[3.787s] -- Override CMake install command with custom implementation using symlinks instead of copying resources
[3.787s] -- Found rosidl_generator_c: 3.1.5 (/opt/ros/humble/share/rosidl_generator_c/cmake)
[3.787s] -- Found rosidl_adapter: 3.1.5 (/opt/ros/humble/share/rosidl_adapter/cmake)
[3.787s] -- Found rosidl_generator_cpp: 3.1.5 (/opt/ros/humble/share/rosidl_generator_cpp/cmake)
[3.787s] -- Using all available rosidl_typesupport_c: rosidl_typesupport_fastrtps_c;rosidl_typesupport_introspection_c
[3.788s] -- Using all available rosidl_typesupport_cpp: rosidl_typesupport_fastrtps_cpp;rosidl_typesupport_introspection_cpp
[3.788s] -- Found rmw_implementation_cmake: 6.1.1 (/opt/ros/humble/share/rmw_implementation_cmake/cmake)
[3.788s] -- Found rmw_cyclonedds_cpp: 1.3.4 (/opt/ros/humble/share/rmw_cyclonedds_cpp/cmake)
[3.788s] -- Using RMW implementation 'rmw_cyclonedds_cpp' as default
[3.789s] -- Found eigen3_cmake_module: 0.1.1 (/opt/ros/humble/share/eigen3_cmake_module/cmake)
[3.791s] -- Ensuring Eigen3 include directory is part of orocos-kdl CMake target
[6.216s] -- Eigen found (include: /usr/include/eigen3, version: 3.4.0)
[6.268s] -- FLANN found (include: /usr/include, lib: /usr/lib/x86_64-linux-gnu/libflann_cpp.so)
[6.929s] -- OpenNI found (version: 1.5.4.0, include: /usr/include/ni, lib: /usr/lib/libOpenNI.so;libusb::libusb)
[6.939s] -- OpenNI2 found (version: 2.2.0.33, include: /usr/include/openni2, lib: /usr/lib/x86_64-linux-gnu/libOpenNI2.so;libusb::libusb)
[7.223s] -- Eigen found (include: /usr/include/eigen3, version: 3.4.0)
[7.231s] -- OpenNI found (version: 1.5.4.0, include: /usr/include/ni, lib: /usr/lib/libOpenNI.so;libusb::libusb)
[7.241s] -- OpenNI2 found (version: 2.2.0.33, include: /usr/include/openni2, lib: /usr/lib/x86_64-linux-gnu/libOpenNI2.so;libusb::libusb)
[7.506s] -- Found Qhull version 8.0.2
[7.773s] -- OpenNI found (version: 1.5.4.0, include: /usr/include/ni, lib: /usr/lib/libOpenNI.so;libusb::libusb)
[10.466s] -- Setting OGRE_DIR to: '/opt/ros/humble/share/rviz_ogre_vendor/cmake/../../../opt/rviz_ogre_vendor/lib/OGRE/cmake'
[10.468s] -- Found OGRE
[10.468s] --   static     : OFF
[10.469s] --   components : HLMS;MeshLodGenerator;Overlay;Paging;Property;RTShaderSystem;Terrain;Volume
[10.469s] --   plugins    : Plugin_BSPSceneManager;Plugin_OctreeSceneManager;Plugin_PCZSceneManager;Plugin_ParticleFX;RenderSystem_GL;RenderSystem_GL3Plus;Codec_STBI
[10.469s] --   media      : /opt/ros/humble/opt/rviz_ogre_vendor/share/OGRE/Media
[10.469s] -- OGRE_LIBRARIES: OgreHLMS;OgreMeshLodGenerator;OgreOverlay;OgrePaging;OgreProperty;OgreRTShaderSystem;OgreTerrain;OgreVolume;OgreMain
[10.469s] -- OGRE_LIBRARY_DIRS: /opt/ros/humble/opt/rviz_ogre_vendor/lib
[10.470s] -- OGRE_PLUGINS: Plugin_BSPSceneManager;Plugin_OctreeSceneManager;Plugin_PCZSceneManager;Plugin_ParticleFX;RenderSystem_GL;RenderSystem_GL3Plus;Codec_STBI
[10.470s] -- OGRE_PLUGIN_DIR: /opt/ros/humble/opt/rviz_ogre_vendor/lib/OGRE
[10.470s] -- rviz_ogre_vendor::OgreOverlay for IMPORTED_LOCATION_RELEASE: /opt/ros/humble/opt/rviz_ogre_vendor/lib/libOgreOverlay.so
[10.471s] -- rviz_ogre_vendor::OgreOverlay for IMPORTED_LOCATION_DEBUG: /opt/ros/humble/opt/rviz_ogre_vendor/lib/libOgreOverlay.so
[10.471s] -- rviz_ogre_vendor::OgreMain for IMPORTED_LOCATION_RELEASE: /opt/ros/humble/opt/rviz_ogre_vendor/lib/libOgreMain.so
[10.472s] -- rviz_ogre_vendor::OgreMain for IMPORTED_LOCATION_DEBUG: /opt/ros/humble/opt/rviz_ogre_vendor/lib/libOgreMain.so
[10.475s] -- Could not find freeimage library
[10.552s] -- rviz_ogre_vendor::RenderSystem_GL for IMPORTED_LOCATION_RELEASE: _render_system_gl_static_library_abs-NOTFOUND
[10.553s] -- rviz_ogre_vendor::RenderSystem_GL for IMPORTED_LOCATION_DEBUG: _render_system_gl_static_library_abs-NOTFOUND
[10.606s] -- library: /usr/lib/x86_64-linux-gnu/libcurl.so
[11.290s] -- Found ament_lint_auto: 0.12.8 (/opt/ros/humble/share/ament_lint_auto/cmake)
[11.341s] -- Added test 'copyright' to check source files copyright and LICENSE
[11.345s] -- Added test 'cppcheck' to perform static code analysis on C / C++ code
[11.346s] -- Configured cppcheck include dirs: 
[11.346s] -- Configured cppcheck exclude dirs and/or files: 
[11.348s] -- Added test 'lint_cmake' to check CMake code style
[11.349s] -- Added test 'xmllint' to check XML markup files
[11.361s] -- Configuring done
[11.464s] -- Generating done
[11.481s] -- Build files have been written to: /home/zhijie/autoware/build/tier4_perception_rviz_plugin
[11.542s] Invoked command in '/home/zhijie/autoware/build/tier4_perception_rviz_plugin' returned '0': AMENT_PREFIX_PATH=/home/zhijie/autoware/install/dummy_perception_publisher:/home/zhijie/autoware/install/tier4_autoware_utils:/home/zhijie/autoware/install/tier4_perception_msgs:/home/zhijie/autoware/install/autoware_auto_vehicle_msgs:/home/zhijie/autoware/install/autoware_cmake:/home/zhijie/autoware/install/autoware_auto_planning_msgs:/home/zhijie/autoware/install/autoware_auto_perception_msgs:/home/zhijie/autoware/install/tier4_debug_msgs:/home/zhijie/autoware/install/autoware_lint_common:/home/zhijie/autoware/install/autoware_auto_mapping_msgs:/home/zhijie/autoware/install/autoware_auto_geometry_msgs:${AMENT_PREFIX_PATH} CMAKE_PREFIX_PATH=/home/zhijie/autoware/install/dummy_perception_publisher:/home/zhijie/autoware/install/tier4_autoware_utils:/home/zhijie/autoware/install/tier4_perception_msgs:/home/zhijie/autoware/install/autoware_auto_vehicle_msgs:/home/zhijie/autoware/install/autoware_cmake:/home/zhijie/autoware/install/autoware_auto_planning_msgs:/home/zhijie/autoware/install/autoware_auto_perception_msgs:/home/zhijie/autoware/install/tier4_debug_msgs:/home/zhijie/autoware/install/autoware_lint_common:/home/zhijie/autoware/install/autoware_auto_mapping_msgs:/home/zhijie/autoware/install/autoware_auto_geometry_msgs:/opt/ros/humble LD_LIBRARY_PATH=/home/zhijie/autoware/install/dummy_perception_publisher/lib:/home/zhijie/autoware/install/tier4_autoware_utils/lib:/home/zhijie/autoware/install/tier4_perception_msgs/lib:/home/zhijie/autoware/install/autoware_auto_vehicle_msgs/lib:/home/zhijie/autoware/install/autoware_auto_planning_msgs/lib:/home/zhijie/autoware/install/autoware_auto_perception_msgs/lib:/home/zhijie/autoware/install/tier4_debug_msgs/lib:/home/zhijie/autoware/install/autoware_auto_mapping_msgs/lib:/home/zhijie/autoware/install/autoware_auto_geometry_msgs/lib:${LD_LIBRARY_PATH} PYTHONPATH=/home/zhijie/autoware/install/dummy_perception_publisher/local/lib/python3.10/dist-packages:/home/zhijie/autoware/install/tier4_perception_msgs/local/lib/python3.10/dist-packages:/home/zhijie/autoware/install/autoware_auto_vehicle_msgs/local/lib/python3.10/dist-packages:/home/zhijie/autoware/install/autoware_auto_planning_msgs/local/lib/python3.10/dist-packages:/home/zhijie/autoware/install/autoware_auto_perception_msgs/local/lib/python3.10/dist-packages:/home/zhijie/autoware/install/tier4_debug_msgs/local/lib/python3.10/dist-packages:/home/zhijie/autoware/install/autoware_auto_mapping_msgs/local/lib/python3.10/dist-packages:/home/zhijie/autoware/install/autoware_auto_geometry_msgs/local/lib/python3.10/dist-packages:${PYTHONPATH} /usr/bin/cmake /home/zhijie/autoware/src/universe/autoware.universe/common/tier4_perception_rviz_plugin -DCMAKE_BUILD_TYPE=Release -DAMENT_CMAKE_SYMLINK_INSTALL=1 -DCMAKE_INSTALL_PREFIX=/home/zhijie/autoware/install/tier4_perception_rviz_plugin
[11.544s] Invoking command in '/home/zhijie/autoware/build/tier4_perception_rviz_plugin': AMENT_PREFIX_PATH=/home/zhijie/autoware/install/dummy_perception_publisher:/home/zhijie/autoware/install/tier4_autoware_utils:/home/zhijie/autoware/install/tier4_perception_msgs:/home/zhijie/autoware/install/autoware_auto_vehicle_msgs:/home/zhijie/autoware/install/autoware_cmake:/home/zhijie/autoware/install/autoware_auto_planning_msgs:/home/zhijie/autoware/install/autoware_auto_perception_msgs:/home/zhijie/autoware/install/tier4_debug_msgs:/home/zhijie/autoware/install/autoware_lint_common:/home/zhijie/autoware/install/autoware_auto_mapping_msgs:/home/zhijie/autoware/install/autoware_auto_geometry_msgs:${AMENT_PREFIX_PATH} CMAKE_PREFIX_PATH=/home/zhijie/autoware/install/dummy_perception_publisher:/home/zhijie/autoware/install/tier4_autoware_utils:/home/zhijie/autoware/install/tier4_perception_msgs:/home/zhijie/autoware/install/autoware_auto_vehicle_msgs:/home/zhijie/autoware/install/autoware_cmake:/home/zhijie/autoware/install/autoware_auto_planning_msgs:/home/zhijie/autoware/install/autoware_auto_perception_msgs:/home/zhijie/autoware/install/tier4_debug_msgs:/home/zhijie/autoware/install/autoware_lint_common:/home/zhijie/autoware/install/autoware_auto_mapping_msgs:/home/zhijie/autoware/install/autoware_auto_geometry_msgs:/opt/ros/humble LD_LIBRARY_PATH=/home/zhijie/autoware/install/dummy_perception_publisher/lib:/home/zhijie/autoware/install/tier4_autoware_utils/lib:/home/zhijie/autoware/install/tier4_perception_msgs/lib:/home/zhijie/autoware/install/autoware_auto_vehicle_msgs/lib:/home/zhijie/autoware/install/autoware_auto_planning_msgs/lib:/home/zhijie/autoware/install/autoware_auto_perception_msgs/lib:/home/zhijie/autoware/install/tier4_debug_msgs/lib:/home/zhijie/autoware/install/autoware_auto_mapping_msgs/lib:/home/zhijie/autoware/install/autoware_auto_geometry_msgs/lib:${LD_LIBRARY_PATH} PYTHONPATH=/home/zhijie/autoware/install/dummy_perception_publisher/local/lib/python3.10/dist-packages:/home/zhijie/autoware/install/tier4_perception_msgs/local/lib/python3.10/dist-packages:/home/zhijie/autoware/install/autoware_auto_vehicle_msgs/local/lib/python3.10/dist-packages:/home/zhijie/autoware/install/autoware_auto_planning_msgs/local/lib/python3.10/dist-packages:/home/zhijie/autoware/install/autoware_auto_perception_msgs/local/lib/python3.10/dist-packages:/home/zhijie/autoware/install/tier4_debug_msgs/local/lib/python3.10/dist-packages:/home/zhijie/autoware/install/autoware_auto_mapping_msgs/local/lib/python3.10/dist-packages:/home/zhijie/autoware/install/autoware_auto_geometry_msgs/local/lib/python3.10/dist-packages:${PYTHONPATH} /usr/bin/cmake --build /home/zhijie/autoware/build/tier4_perception_rviz_plugin -- -j16 -l16
[72.762s] [ 11%] [34m[1mAutomatic MOC for target tier4_perception_rviz_plugin[0m
[72.762s] [ 11%] Built target tier4_perception_rviz_plugin_autogen
[72.762s] [35m[1mConsolidate compiler generated dependencies of target tier4_perception_rviz_plugin[0m
[72.763s] [ 22%] [32mBuilding CXX object CMakeFiles/tier4_perception_rviz_plugin.dir/tier4_perception_rviz_plugin_autogen/mocs_compilation.cpp.o[0m
[72.763s] [ 33%] [32mBuilding CXX object CMakeFiles/tier4_perception_rviz_plugin.dir/src/tools/delete_all_objects.cpp.o[0m
[72.763s] [ 44%] [32mBuilding CXX object CMakeFiles/tier4_perception_rviz_plugin.dir/src/tools/unknown_pose.cpp.o[0m
[72.763s] [ 55%] [32mBuilding CXX object CMakeFiles/tier4_perception_rviz_plugin.dir/src/tools/car_pose.cpp.o[0m
[72.763s] [ 66%] [32mBuilding CXX object CMakeFiles/tier4_perception_rviz_plugin.dir/src/tools/pedestrian_pose.cpp.o[0m
[72.763s] [ 77%] [32mBuilding CXX object CMakeFiles/tier4_perception_rviz_plugin.dir/src/tools/interactive_object.cpp.o[0m
[72.763s] [ 88%] [32mBuilding CXX object CMakeFiles/tier4_perception_rviz_plugin.dir/src/tools/util.cpp.o[0m
[72.763s] [100%] [32m[1mLinking CXX shared library libtier4_perception_rviz_plugin.so[0m
[72.763s] [100%] Built target tier4_perception_rviz_plugin
[72.775s] Invoked command in '/home/zhijie/autoware/build/tier4_perception_rviz_plugin' returned '0': AMENT_PREFIX_PATH=/home/zhijie/autoware/install/dummy_perception_publisher:/home/zhijie/autoware/install/tier4_autoware_utils:/home/zhijie/autoware/install/tier4_perception_msgs:/home/zhijie/autoware/install/autoware_auto_vehicle_msgs:/home/zhijie/autoware/install/autoware_cmake:/home/zhijie/autoware/install/autoware_auto_planning_msgs:/home/zhijie/autoware/install/autoware_auto_perception_msgs:/home/zhijie/autoware/install/tier4_debug_msgs:/home/zhijie/autoware/install/autoware_lint_common:/home/zhijie/autoware/install/autoware_auto_mapping_msgs:/home/zhijie/autoware/install/autoware_auto_geometry_msgs:${AMENT_PREFIX_PATH} CMAKE_PREFIX_PATH=/home/zhijie/autoware/install/dummy_perception_publisher:/home/zhijie/autoware/install/tier4_autoware_utils:/home/zhijie/autoware/install/tier4_perception_msgs:/home/zhijie/autoware/install/autoware_auto_vehicle_msgs:/home/zhijie/autoware/install/autoware_cmake:/home/zhijie/autoware/install/autoware_auto_planning_msgs:/home/zhijie/autoware/install/autoware_auto_perception_msgs:/home/zhijie/autoware/install/tier4_debug_msgs:/home/zhijie/autoware/install/autoware_lint_common:/home/zhijie/autoware/install/autoware_auto_mapping_msgs:/home/zhijie/autoware/install/autoware_auto_geometry_msgs:/opt/ros/humble LD_LIBRARY_PATH=/home/zhijie/autoware/install/dummy_perception_publisher/lib:/home/zhijie/autoware/install/tier4_autoware_utils/lib:/home/zhijie/autoware/install/tier4_perception_msgs/lib:/home/zhijie/autoware/install/autoware_auto_vehicle_msgs/lib:/home/zhijie/autoware/install/autoware_auto_planning_msgs/lib:/home/zhijie/autoware/install/autoware_auto_perception_msgs/lib:/home/zhijie/autoware/install/tier4_debug_msgs/lib:/home/zhijie/autoware/install/autoware_auto_mapping_msgs/lib:/home/zhijie/autoware/install/autoware_auto_geometry_msgs/lib:${LD_LIBRARY_PATH} PYTHONPATH=/home/zhijie/autoware/install/dummy_perception_publisher/local/lib/python3.10/dist-packages:/home/zhijie/autoware/install/tier4_perception_msgs/local/lib/python3.10/dist-packages:/home/zhijie/autoware/install/autoware_auto_vehicle_msgs/local/lib/python3.10/dist-packages:/home/zhijie/autoware/install/autoware_auto_planning_msgs/local/lib/python3.10/dist-packages:/home/zhijie/autoware/install/autoware_auto_perception_msgs/local/lib/python3.10/dist-packages:/home/zhijie/autoware/install/tier4_debug_msgs/local/lib/python3.10/dist-packages:/home/zhijie/autoware/install/autoware_auto_mapping_msgs/local/lib/python3.10/dist-packages:/home/zhijie/autoware/install/autoware_auto_geometry_msgs/local/lib/python3.10/dist-packages:${PYTHONPATH} /usr/bin/cmake --build /home/zhijie/autoware/build/tier4_perception_rviz_plugin -- -j16 -l16
[72.825s] Invoking command in '/home/zhijie/autoware/build/tier4_perception_rviz_plugin': AMENT_PREFIX_PATH=/home/zhijie/autoware/install/dummy_perception_publisher:/home/zhijie/autoware/install/tier4_autoware_utils:/home/zhijie/autoware/install/tier4_perception_msgs:/home/zhijie/autoware/install/autoware_auto_vehicle_msgs:/home/zhijie/autoware/install/autoware_cmake:/home/zhijie/autoware/install/autoware_auto_planning_msgs:/home/zhijie/autoware/install/autoware_auto_perception_msgs:/home/zhijie/autoware/install/tier4_debug_msgs:/home/zhijie/autoware/install/autoware_lint_common:/home/zhijie/autoware/install/autoware_auto_mapping_msgs:/home/zhijie/autoware/install/autoware_auto_geometry_msgs:${AMENT_PREFIX_PATH} CMAKE_PREFIX_PATH=/home/zhijie/autoware/install/dummy_perception_publisher:/home/zhijie/autoware/install/tier4_autoware_utils:/home/zhijie/autoware/install/tier4_perception_msgs:/home/zhijie/autoware/install/autoware_auto_vehicle_msgs:/home/zhijie/autoware/install/autoware_cmake:/home/zhijie/autoware/install/autoware_auto_planning_msgs:/home/zhijie/autoware/install/autoware_auto_perception_msgs:/home/zhijie/autoware/install/tier4_debug_msgs:/home/zhijie/autoware/install/autoware_lint_common:/home/zhijie/autoware/install/autoware_auto_mapping_msgs:/home/zhijie/autoware/install/autoware_auto_geometry_msgs:/opt/ros/humble LD_LIBRARY_PATH=/home/zhijie/autoware/install/dummy_perception_publisher/lib:/home/zhijie/autoware/install/tier4_autoware_utils/lib:/home/zhijie/autoware/install/tier4_perception_msgs/lib:/home/zhijie/autoware/install/autoware_auto_vehicle_msgs/lib:/home/zhijie/autoware/install/autoware_auto_planning_msgs/lib:/home/zhijie/autoware/install/autoware_auto_perception_msgs/lib:/home/zhijie/autoware/install/tier4_debug_msgs/lib:/home/zhijie/autoware/install/autoware_auto_mapping_msgs/lib:/home/zhijie/autoware/install/autoware_auto_geometry_msgs/lib:${LD_LIBRARY_PATH} PYTHONPATH=/home/zhijie/autoware/install/dummy_perception_publisher/local/lib/python3.10/dist-packages:/home/zhijie/autoware/install/tier4_perception_msgs/local/lib/python3.10/dist-packages:/home/zhijie/autoware/install/autoware_auto_vehicle_msgs/local/lib/python3.10/dist-packages:/home/zhijie/autoware/install/autoware_auto_planning_msgs/local/lib/python3.10/dist-packages:/home/zhijie/autoware/install/autoware_auto_perception_msgs/local/lib/python3.10/dist-packages:/home/zhijie/autoware/install/tier4_debug_msgs/local/lib/python3.10/dist-packages:/home/zhijie/autoware/install/autoware_auto_mapping_msgs/local/lib/python3.10/dist-packages:/home/zhijie/autoware/install/autoware_auto_geometry_msgs/local/lib/python3.10/dist-packages:${PYTHONPATH} /usr/bin/cmake --install /home/zhijie/autoware/build/tier4_perception_rviz_plugin
[103.130s] -- Install configuration: "Release"
[103.130s] -- Execute custom install script
[103.130s] -- Up-to-date symlink: /home/zhijie/autoware/install/tier4_perception_rviz_plugin/share/tier4_perception_rviz_plugin/plugins/plugin_description.xml
[103.130s] -- Up-to-date symlink: /home/zhijie/autoware/install/tier4_perception_rviz_plugin/share/tier4_perception_rviz_plugin/environment/library_path.sh
[103.130s] -- Up-to-date symlink: /home/zhijie/autoware/install/tier4_perception_rviz_plugin/share/tier4_perception_rviz_plugin/environment/library_path.dsv
[103.130s] -- Up-to-date symlink: /home/zhijie/autoware/install/tier4_perception_rviz_plugin/lib/libtier4_perception_rviz_plugin.so
[103.131s] -- Up-to-date symlink: /home/zhijie/autoware/install/tier4_perception_rviz_plugin/share/tier4_perception_rviz_plugin/icons/classes/BikeInitialPoseTool.png
[103.131s] -- Up-to-date symlink: /home/zhijie/autoware/install/tier4_perception_rviz_plugin/share/tier4_perception_rviz_plugin/icons/classes/BusInitialPoseTool.png
[103.131s] -- Up-to-date symlink: /home/zhijie/autoware/install/tier4_perception_rviz_plugin/share/tier4_perception_rviz_plugin/icons/classes/CarInitialPoseTool.png
[103.131s] -- Up-to-date symlink: /home/zhijie/autoware/install/tier4_perception_rviz_plugin/share/tier4_perception_rviz_plugin/icons/classes/DeleteAllObjectsTool.png
[103.131s] -- Up-to-date symlink: /home/zhijie/autoware/install/tier4_perception_rviz_plugin/share/tier4_perception_rviz_plugin/icons/classes/PedestrianInitialPoseTool.png
[103.131s] -- Up-to-date symlink: /home/zhijie/autoware/install/tier4_perception_rviz_plugin/share/tier4_perception_rviz_plugin/icons/classes/UnknownInitialPoseTool.png
[103.131s] -- Up-to-date symlink: /home/zhijie/autoware/install/tier4_perception_rviz_plugin/share/tier4_perception_rviz_plugin/plugins/plugin_description.xml
[103.132s] -- Up-to-date symlink: /home/zhijie/autoware/install/tier4_perception_rviz_plugin/share/ament_index/resource_index/package_run_dependencies/tier4_perception_rviz_plugin
[103.132s] -- Up-to-date symlink: /home/zhijie/autoware/install/tier4_perception_rviz_plugin/share/ament_index/resource_index/parent_prefix_path/tier4_perception_rviz_plugin
[103.134s] -- Up-to-date symlink: /home/zhijie/autoware/install/tier4_perception_rviz_plugin/share/tier4_perception_rviz_plugin/environment/ament_prefix_path.sh
[103.134s] -- Up-to-date symlink: /home/zhijie/autoware/install/tier4_perception_rviz_plugin/share/tier4_perception_rviz_plugin/environment/ament_prefix_path.dsv
[103.135s] -- Up-to-date symlink: /home/zhijie/autoware/install/tier4_perception_rviz_plugin/share/tier4_perception_rviz_plugin/environment/path.sh
[103.135s] -- Up-to-date symlink: /home/zhijie/autoware/install/tier4_perception_rviz_plugin/share/tier4_perception_rviz_plugin/environment/path.dsv
[103.135s] -- Up-to-date symlink: /home/zhijie/autoware/install/tier4_perception_rviz_plugin/share/tier4_perception_rviz_plugin/local_setup.bash
[103.135s] -- Up-to-date symlink: /home/zhijie/autoware/install/tier4_perception_rviz_plugin/share/tier4_perception_rviz_plugin/local_setup.sh
[103.135s] -- Up-to-date symlink: /home/zhijie/autoware/install/tier4_perception_rviz_plugin/share/tier4_perception_rviz_plugin/local_setup.zsh
[103.135s] -- Up-to-date symlink: /home/zhijie/autoware/install/tier4_perception_rviz_plugin/share/tier4_perception_rviz_plugin/local_setup.dsv
[103.135s] -- Symlinking: /home/zhijie/autoware/install/tier4_perception_rviz_plugin/share/tier4_perception_rviz_plugin/package.dsv
[103.135s] -- Up-to-date symlink: /home/zhijie/autoware/install/tier4_perception_rviz_plugin/share/ament_index/resource_index/packages/tier4_perception_rviz_plugin
[103.136s] -- Up-to-date symlink: /home/zhijie/autoware/install/tier4_perception_rviz_plugin/share/ament_index/resource_index/rviz_common__pluginlib__plugin/tier4_perception_rviz_plugin
[103.136s] -- Up-to-date symlink: /home/zhijie/autoware/install/tier4_perception_rviz_plugin/share/tier4_perception_rviz_plugin/cmake/ament_cmake_export_dependencies-extras.cmake
[103.136s] -- Up-to-date symlink: /home/zhijie/autoware/install/tier4_perception_rviz_plugin/share/tier4_perception_rviz_plugin/cmake/ament_cmake_export_libraries-extras.cmake
[103.136s] -- Up-to-date symlink: /home/zhijie/autoware/install/tier4_perception_rviz_plugin/share/tier4_perception_rviz_plugin/cmake/tier4_perception_rviz_pluginConfig.cmake
[103.136s] -- Up-to-date symlink: /home/zhijie/autoware/install/tier4_perception_rviz_plugin/share/tier4_perception_rviz_plugin/cmake/tier4_perception_rviz_pluginConfig-version.cmake
[103.136s] -- Up-to-date symlink: /home/zhijie/autoware/install/tier4_perception_rviz_plugin/share/tier4_perception_rviz_plugin/package.xml
[103.167s] Invoked command in '/home/zhijie/autoware/build/tier4_perception_rviz_plugin' returned '0': AMENT_PREFIX_PATH=/home/zhijie/autoware/install/dummy_perception_publisher:/home/zhijie/autoware/install/tier4_autoware_utils:/home/zhijie/autoware/install/tier4_perception_msgs:/home/zhijie/autoware/install/autoware_auto_vehicle_msgs:/home/zhijie/autoware/install/autoware_cmake:/home/zhijie/autoware/install/autoware_auto_planning_msgs:/home/zhijie/autoware/install/autoware_auto_perception_msgs:/home/zhijie/autoware/install/tier4_debug_msgs:/home/zhijie/autoware/install/autoware_lint_common:/home/zhijie/autoware/install/autoware_auto_mapping_msgs:/home/zhijie/autoware/install/autoware_auto_geometry_msgs:${AMENT_PREFIX_PATH} CMAKE_PREFIX_PATH=/home/zhijie/autoware/install/dummy_perception_publisher:/home/zhijie/autoware/install/tier4_autoware_utils:/home/zhijie/autoware/install/tier4_perception_msgs:/home/zhijie/autoware/install/autoware_auto_vehicle_msgs:/home/zhijie/autoware/install/autoware_cmake:/home/zhijie/autoware/install/autoware_auto_planning_msgs:/home/zhijie/autoware/install/autoware_auto_perception_msgs:/home/zhijie/autoware/install/tier4_debug_msgs:/home/zhijie/autoware/install/autoware_lint_common:/home/zhijie/autoware/install/autoware_auto_mapping_msgs:/home/zhijie/autoware/install/autoware_auto_geometry_msgs:/opt/ros/humble LD_LIBRARY_PATH=/home/zhijie/autoware/install/dummy_perception_publisher/lib:/home/zhijie/autoware/install/tier4_autoware_utils/lib:/home/zhijie/autoware/install/tier4_perception_msgs/lib:/home/zhijie/autoware/install/autoware_auto_vehicle_msgs/lib:/home/zhijie/autoware/install/autoware_auto_planning_msgs/lib:/home/zhijie/autoware/install/autoware_auto_perception_msgs/lib:/home/zhijie/autoware/install/tier4_debug_msgs/lib:/home/zhijie/autoware/install/autoware_auto_mapping_msgs/lib:/home/zhijie/autoware/install/autoware_auto_geometry_msgs/lib:${LD_LIBRARY_PATH} PYTHONPATH=/home/zhijie/autoware/install/dummy_perception_publisher/local/lib/python3.10/dist-packages:/home/zhijie/autoware/install/tier4_perception_msgs/local/lib/python3.10/dist-packages:/home/zhijie/autoware/install/autoware_auto_vehicle_msgs/local/lib/python3.10/dist-packages:/home/zhijie/autoware/install/autoware_auto_planning_msgs/local/lib/python3.10/dist-packages:/home/zhijie/autoware/install/autoware_auto_perception_msgs/local/lib/python3.10/dist-packages:/home/zhijie/autoware/install/tier4_debug_msgs/local/lib/python3.10/dist-packages:/home/zhijie/autoware/install/autoware_auto_mapping_msgs/local/lib/python3.10/dist-packages:/home/zhijie/autoware/install/autoware_auto_geometry_msgs/local/lib/python3.10/dist-packages:${PYTHONPATH} /usr/bin/cmake --install /home/zhijie/autoware/build/tier4_perception_rviz_plugin
