[100%] Built target fix2pose
-- Install configuration: "Release"
-- Execute custom install script
-- Up-to-date symlink: /home/mtl12345/autoware/install/eagleye_fix2pose/share/eagleye_fix2pose/launch/fix2pose.xml
-- Up-to-date symlink: /home/mtl12345/autoware/install/eagleye_fix2pose/lib/eagleye_fix2pose/fix2pose
-- Up-to-date symlink: /home/mtl12345/autoware/install/eagleye_fix2pose/share/ament_index/resource_index/package_run_dependencies/eagleye_fix2pose
-- Up-to-date symlink: /home/mtl12345/autoware/install/eagleye_fix2pose/share/ament_index/resource_index/parent_prefix_path/eagleye_fix2pose
-- Up-to-date symlink: /home/mtl12345/autoware/install/eagleye_fix2pose/share/eagleye_fix2pose/environment/ament_prefix_path.sh
-- Up-to-date symlink: /home/mtl12345/autoware/install/eagleye_fix2pose/share/eagleye_fix2pose/environment/ament_prefix_path.dsv
-- Up-to-date symlink: /home/mtl12345/autoware/install/eagleye_fix2pose/share/eagleye_fix2pose/environment/path.sh
-- Up-to-date symlink: /home/mtl12345/autoware/install/eagleye_fix2pose/share/eagleye_fix2pose/environment/path.dsv
-- Up-to-date symlink: /home/mtl12345/autoware/install/eagleye_fix2pose/share/eagleye_fix2pose/local_setup.bash
-- Up-to-date symlink: /home/mtl12345/autoware/install/eagleye_fix2pose/share/eagleye_fix2pose/local_setup.sh
-- Up-to-date symlink: /home/mtl12345/autoware/install/eagleye_fix2pose/share/eagleye_fix2pose/local_setup.zsh
-- Up-to-date symlink: /home/mtl12345/autoware/install/eagleye_fix2pose/share/eagleye_fix2pose/local_setup.dsv
-- Symlinking: /home/mtl12345/autoware/install/eagleye_fix2pose/share/eagleye_fix2pose/package.dsv
-- Up-to-date symlink: /home/mtl12345/autoware/install/eagleye_fix2pose/share/ament_index/resource_index/packages/eagleye_fix2pose
-- Up-to-date symlink: /home/mtl12345/autoware/install/eagleye_fix2pose/share/eagleye_fix2pose/cmake/ament_cmake_export_dependencies-extras.cmake
-- Up-to-date symlink: /home/mtl12345/autoware/install/eagleye_fix2pose/share/eagleye_fix2pose/cmake/eagleye_fix2poseConfig.cmake
-- Up-to-date symlink: /home/mtl12345/autoware/install/eagleye_fix2pose/share/eagleye_fix2pose/cmake/eagleye_fix2poseConfig-version.cmake
-- Up-to-date symlink: /home/mtl12345/autoware/install/eagleye_fix2pose/share/eagleye_fix2pose/package.xml
