[0.757s] Invoking command in '/home/mtl12345/autoware/build/dataspeed_dbw_msgs': CMAKE_PREFIX_PATH=/opt/ros/humble /usr/bin/cmake --build /home/mtl12345/autoware/build/dataspeed_dbw_msgs -- -j12 -l12
[0.810s] [ 12%] Built target dataspeed_dbw_msgs__rosidl_generator_c
[0.815s] [ 12%] Built target dataspeed_dbw_msgs__cpp
[0.815s] [ 12%] Built target ament_cmake_python_symlink_dataspeed_dbw_msgs
[0.850s] [ 24%] Built target dataspeed_dbw_msgs__rosidl_typesupport_c
[0.850s] [ 36%] Built target dataspeed_dbw_msgs__rosidl_typesupport_fastrtps_c
[0.863s] [ 48%] Built target dataspeed_dbw_msgs__rosidl_typesupport_introspection_c
[0.871s] [ 60%] Built target dataspeed_dbw_msgs__rosidl_typesupport_introspection_cpp
[0.871s] [ 72%] Built target dataspeed_dbw_msgs__rosidl_typesupport_fastrtps_cpp
[0.896s] [ 84%] Built target dataspeed_dbw_msgs__rosidl_typesupport_cpp
[0.919s] [ 84%] Built target dataspeed_dbw_msgs
[0.939s] [ 85%] Built target dataspeed_dbw_msgs__py
[0.966s] [ 96%] Built target dataspeed_dbw_msgs__rosidl_generator_py
[0.992s] [100%] Built target dataspeed_dbw_msgs__rosidl_typesupport_c__pyext
[0.992s] [100%] Built target dataspeed_dbw_msgs__rosidl_typesupport_fastrtps_c__pyext
[0.992s] [100%] Built target dataspeed_dbw_msgs__rosidl_typesupport_introspection_c__pyext
[1.163s] running egg_info
[1.168s] writing dataspeed_dbw_msgs.egg-info/PKG-INFO
[1.168s] writing dependency_links to dataspeed_dbw_msgs.egg-info/dependency_links.txt
[1.169s] writing top-level names to dataspeed_dbw_msgs.egg-info/top_level.txt
[1.170s] reading manifest file 'dataspeed_dbw_msgs.egg-info/SOURCES.txt'
[1.170s] writing manifest file 'dataspeed_dbw_msgs.egg-info/SOURCES.txt'
[1.194s] [100%] Built target ament_cmake_python_build_dataspeed_dbw_msgs_egg
[1.510s] Invoked command in '/home/mtl12345/autoware/build/dataspeed_dbw_msgs' returned '0': CMAKE_PREFIX_PATH=/opt/ros/humble /usr/bin/cmake --build /home/mtl12345/autoware/build/dataspeed_dbw_msgs -- -j12 -l12
[2.065s] Invoking command in '/home/mtl12345/autoware/build/dataspeed_dbw_msgs': CMAKE_PREFIX_PATH=/opt/ros/humble /usr/bin/cmake --install /home/mtl12345/autoware/build/dataspeed_dbw_msgs
[2.090s] -- Install configuration: "Release"
[2.092s] -- Execute custom install script
[2.093s] -- Up-to-date symlink: /home/mtl12345/autoware/install/dataspeed_dbw_msgs/share/ament_index/resource_index/rosidl_interfaces/dataspeed_dbw_msgs
[2.095s] -- Up-to-date symlink: /home/mtl12345/autoware/install/dataspeed_dbw_msgs/include/dataspeed_dbw_msgs/dataspeed_dbw_msgs/msg/brake_cmd.h
[2.096s] -- Up-to-date symlink: /home/mtl12345/autoware/install/dataspeed_dbw_msgs/include/dataspeed_dbw_msgs/dataspeed_dbw_msgs/msg/brake_report.h
[2.097s] -- Up-to-date symlink: /home/mtl12345/autoware/install/dataspeed_dbw_msgs/include/dataspeed_dbw_msgs/dataspeed_dbw_msgs/msg/detail/brake_cmd__functions.h
[2.097s] -- Up-to-date symlink: /home/mtl12345/autoware/install/dataspeed_dbw_msgs/include/dataspeed_dbw_msgs/dataspeed_dbw_msgs/msg/detail/brake_cmd__struct.h
[2.097s] -- Up-to-date symlink: /home/mtl12345/autoware/install/dataspeed_dbw_msgs/include/dataspeed_dbw_msgs/dataspeed_dbw_msgs/msg/detail/brake_cmd__type_support.h
[2.097s] -- Up-to-date symlink: /home/mtl12345/autoware/install/dataspeed_dbw_msgs/include/dataspeed_dbw_msgs/dataspeed_dbw_msgs/msg/detail/brake_report__functions.h
[2.097s] -- Up-to-date symlink: /home/mtl12345/autoware/install/dataspeed_dbw_msgs/include/dataspeed_dbw_msgs/dataspeed_dbw_msgs/msg/detail/brake_report__struct.h
[2.097s] -- Up-to-date symlink: /home/mtl12345/autoware/install/dataspeed_dbw_msgs/include/dataspeed_dbw_msgs/dataspeed_dbw_msgs/msg/detail/brake_report__type_support.h
[2.098s] -- Up-to-date symlink: /home/mtl12345/autoware/install/dataspeed_dbw_msgs/include/dataspeed_dbw_msgs/dataspeed_dbw_msgs/msg/detail/gear__functions.h
[2.098s] -- Up-to-date symlink: /home/mtl12345/autoware/install/dataspeed_dbw_msgs/include/dataspeed_dbw_msgs/dataspeed_dbw_msgs/msg/detail/gear__struct.h
[2.098s] -- Up-to-date symlink: /home/mtl12345/autoware/install/dataspeed_dbw_msgs/include/dataspeed_dbw_msgs/dataspeed_dbw_msgs/msg/detail/gear__type_support.h
[2.098s] -- Up-to-date symlink: /home/mtl12345/autoware/install/dataspeed_dbw_msgs/include/dataspeed_dbw_msgs/dataspeed_dbw_msgs/msg/detail/gear_cmd__functions.h
[2.098s] -- Up-to-date symlink: /home/mtl12345/autoware/install/dataspeed_dbw_msgs/include/dataspeed_dbw_msgs/dataspeed_dbw_msgs/msg/detail/gear_cmd__struct.h
[2.099s] -- Up-to-date symlink: /home/mtl12345/autoware/install/dataspeed_dbw_msgs/include/dataspeed_dbw_msgs/dataspeed_dbw_msgs/msg/detail/gear_cmd__type_support.h
[2.099s] -- Up-to-date symlink: /home/mtl12345/autoware/install/dataspeed_dbw_msgs/include/dataspeed_dbw_msgs/dataspeed_dbw_msgs/msg/detail/gear_reject__functions.h
[2.100s] -- Up-to-date symlink: /home/mtl12345/autoware/install/dataspeed_dbw_msgs/include/dataspeed_dbw_msgs/dataspeed_dbw_msgs/msg/detail/gear_reject__struct.h
[2.100s] -- Up-to-date symlink: /home/mtl12345/autoware/install/dataspeed_dbw_msgs/include/dataspeed_dbw_msgs/dataspeed_dbw_msgs/msg/detail/gear_reject__type_support.h
[2.101s] -- Up-to-date symlink: /home/mtl12345/autoware/install/dataspeed_dbw_msgs/include/dataspeed_dbw_msgs/dataspeed_dbw_msgs/msg/detail/gear_report__functions.h
[2.101s] -- Up-to-date symlink: /home/mtl12345/autoware/install/dataspeed_dbw_msgs/include/dataspeed_dbw_msgs/dataspeed_dbw_msgs/msg/detail/gear_report__struct.h
[2.102s] -- Up-to-date symlink: /home/mtl12345/autoware/install/dataspeed_dbw_msgs/include/dataspeed_dbw_msgs/dataspeed_dbw_msgs/msg/detail/gear_report__type_support.h
[2.102s] -- Up-to-date symlink: /home/mtl12345/autoware/install/dataspeed_dbw_msgs/include/dataspeed_dbw_msgs/dataspeed_dbw_msgs/msg/detail/misc_cmd__functions.h
[2.102s] -- Up-to-date symlink: /home/mtl12345/autoware/install/dataspeed_dbw_msgs/include/dataspeed_dbw_msgs/dataspeed_dbw_msgs/msg/detail/misc_cmd__struct.h
[2.103s] -- Up-to-date symlink: /home/mtl12345/autoware/install/dataspeed_dbw_msgs/include/dataspeed_dbw_msgs/dataspeed_dbw_msgs/msg/detail/misc_cmd__type_support.h
[2.103s] -- Up-to-date symlink: /home/mtl12345/autoware/install/dataspeed_dbw_msgs/include/dataspeed_dbw_msgs/dataspeed_dbw_msgs/msg/detail/misc_report__functions.h
[2.103s] -- Up-to-date symlink: /home/mtl12345/autoware/install/dataspeed_dbw_msgs/include/dataspeed_dbw_msgs/dataspeed_dbw_msgs/msg/detail/misc_report__struct.h
[2.104s] -- Up-to-date symlink: /home/mtl12345/autoware/install/dataspeed_dbw_msgs/include/dataspeed_dbw_msgs/dataspeed_dbw_msgs/msg/detail/misc_report__type_support.h
[2.106s] -- Up-to-date symlink: /home/mtl12345/autoware/install/dataspeed_dbw_msgs/include/dataspeed_dbw_msgs/dataspeed_dbw_msgs/msg/detail/steering_cmd__functions.h
[2.106s] -- Up-to-date symlink: /home/mtl12345/autoware/install/dataspeed_dbw_msgs/include/dataspeed_dbw_msgs/dataspeed_dbw_msgs/msg/detail/steering_cmd__struct.h
[2.106s] -- Up-to-date symlink: /home/mtl12345/autoware/install/dataspeed_dbw_msgs/include/dataspeed_dbw_msgs/dataspeed_dbw_msgs/msg/detail/steering_cmd__type_support.h
[2.106s] -- Up-to-date symlink: /home/mtl12345/autoware/install/dataspeed_dbw_msgs/include/dataspeed_dbw_msgs/dataspeed_dbw_msgs/msg/detail/steering_report__functions.h
[2.107s] -- Up-to-date symlink: /home/mtl12345/autoware/install/dataspeed_dbw_msgs/include/dataspeed_dbw_msgs/dataspeed_dbw_msgs/msg/detail/steering_report__struct.h
[2.107s] -- Up-to-date symlink: /home/mtl12345/autoware/install/dataspeed_dbw_msgs/include/dataspeed_dbw_msgs/dataspeed_dbw_msgs/msg/detail/steering_report__type_support.h
[2.107s] -- Up-to-date symlink: /home/mtl12345/autoware/install/dataspeed_dbw_msgs/include/dataspeed_dbw_msgs/dataspeed_dbw_msgs/msg/detail/throttle_cmd__functions.h
[2.108s] -- Up-to-date symlink: /home/mtl12345/autoware/install/dataspeed_dbw_msgs/include/dataspeed_dbw_msgs/dataspeed_dbw_msgs/msg/detail/throttle_cmd__struct.h
[2.108s] -- Up-to-date symlink: /home/mtl12345/autoware/install/dataspeed_dbw_msgs/include/dataspeed_dbw_msgs/dataspeed_dbw_msgs/msg/detail/throttle_cmd__type_support.h
[2.109s] -- Up-to-date symlink: /home/mtl12345/autoware/install/dataspeed_dbw_msgs/include/dataspeed_dbw_msgs/dataspeed_dbw_msgs/msg/detail/throttle_report__functions.h
[2.110s] -- Up-to-date symlink: /home/mtl12345/autoware/install/dataspeed_dbw_msgs/include/dataspeed_dbw_msgs/dataspeed_dbw_msgs/msg/detail/throttle_report__struct.h
[2.110s] -- Up-to-date symlink: /home/mtl12345/autoware/install/dataspeed_dbw_msgs/include/dataspeed_dbw_msgs/dataspeed_dbw_msgs/msg/detail/throttle_report__type_support.h
[2.110s] -- Up-to-date symlink: /home/mtl12345/autoware/install/dataspeed_dbw_msgs/include/dataspeed_dbw_msgs/dataspeed_dbw_msgs/msg/detail/turn_signal__functions.h
[2.110s] -- Up-to-date symlink: /home/mtl12345/autoware/install/dataspeed_dbw_msgs/include/dataspeed_dbw_msgs/dataspeed_dbw_msgs/msg/detail/turn_signal__struct.h
[2.110s] -- Up-to-date symlink: /home/mtl12345/autoware/install/dataspeed_dbw_msgs/include/dataspeed_dbw_msgs/dataspeed_dbw_msgs/msg/detail/turn_signal__type_support.h
[2.111s] -- Up-to-date symlink: /home/mtl12345/autoware/install/dataspeed_dbw_msgs/include/dataspeed_dbw_msgs/dataspeed_dbw_msgs/msg/detail/watchdog_counter__functions.h
[2.111s] -- Up-to-date symlink: /home/mtl12345/autoware/install/dataspeed_dbw_msgs/include/dataspeed_dbw_msgs/dataspeed_dbw_msgs/msg/detail/watchdog_counter__struct.h
[2.112s] -- Up-to-date symlink: /home/mtl12345/autoware/install/dataspeed_dbw_msgs/include/dataspeed_dbw_msgs/dataspeed_dbw_msgs/msg/detail/watchdog_counter__type_support.h
[2.112s] -- Up-to-date symlink: /home/mtl12345/autoware/install/dataspeed_dbw_msgs/include/dataspeed_dbw_msgs/dataspeed_dbw_msgs/msg/gear.h
[2.112s] -- Up-to-date symlink: /home/mtl12345/autoware/install/dataspeed_dbw_msgs/include/dataspeed_dbw_msgs/dataspeed_dbw_msgs/msg/gear_cmd.h
[2.112s] -- Up-to-date symlink: /home/mtl12345/autoware/install/dataspeed_dbw_msgs/include/dataspeed_dbw_msgs/dataspeed_dbw_msgs/msg/gear_reject.h
[2.112s] -- Up-to-date symlink: /home/mtl12345/autoware/install/dataspeed_dbw_msgs/include/dataspeed_dbw_msgs/dataspeed_dbw_msgs/msg/gear_report.h
[2.112s] -- Up-to-date symlink: /home/mtl12345/autoware/install/dataspeed_dbw_msgs/include/dataspeed_dbw_msgs/dataspeed_dbw_msgs/msg/misc_cmd.h
[2.113s] -- Up-to-date symlink: /home/mtl12345/autoware/install/dataspeed_dbw_msgs/include/dataspeed_dbw_msgs/dataspeed_dbw_msgs/msg/misc_report.h
[2.113s] -- Up-to-date symlink: /home/mtl12345/autoware/install/dataspeed_dbw_msgs/include/dataspeed_dbw_msgs/dataspeed_dbw_msgs/msg/rosidl_generator_c__visibility_control.h
[2.113s] -- Up-to-date symlink: /home/mtl12345/autoware/install/dataspeed_dbw_msgs/include/dataspeed_dbw_msgs/dataspeed_dbw_msgs/msg/steering_cmd.h
[2.113s] -- Up-to-date symlink: /home/mtl12345/autoware/install/dataspeed_dbw_msgs/include/dataspeed_dbw_msgs/dataspeed_dbw_msgs/msg/steering_report.h
[2.113s] -- Up-to-date symlink: /home/mtl12345/autoware/install/dataspeed_dbw_msgs/include/dataspeed_dbw_msgs/dataspeed_dbw_msgs/msg/throttle_cmd.h
[2.113s] -- Up-to-date symlink: /home/mtl12345/autoware/install/dataspeed_dbw_msgs/include/dataspeed_dbw_msgs/dataspeed_dbw_msgs/msg/throttle_report.h
[2.115s] -- Up-to-date symlink: /home/mtl12345/autoware/install/dataspeed_dbw_msgs/include/dataspeed_dbw_msgs/dataspeed_dbw_msgs/msg/turn_signal.h
[2.115s] -- Up-to-date symlink: /home/mtl12345/autoware/install/dataspeed_dbw_msgs/include/dataspeed_dbw_msgs/dataspeed_dbw_msgs/msg/watchdog_counter.h
[2.116s] -- Up-to-date symlink: /home/mtl12345/autoware/install/dataspeed_dbw_msgs/share/dataspeed_dbw_msgs/environment/library_path.sh
[2.116s] -- Up-to-date symlink: /home/mtl12345/autoware/install/dataspeed_dbw_msgs/share/dataspeed_dbw_msgs/environment/library_path.dsv
[2.119s] -- Up-to-date symlink: /home/mtl12345/autoware/install/dataspeed_dbw_msgs/include/dataspeed_dbw_msgs/dataspeed_dbw_msgs/msg/detail/brake_cmd__rosidl_typesupport_fastrtps_c.h
[2.119s] -- Up-to-date symlink: /home/mtl12345/autoware/install/dataspeed_dbw_msgs/include/dataspeed_dbw_msgs/dataspeed_dbw_msgs/msg/detail/brake_report__rosidl_typesupport_fastrtps_c.h
[2.119s] -- Up-to-date symlink: /home/mtl12345/autoware/install/dataspeed_dbw_msgs/include/dataspeed_dbw_msgs/dataspeed_dbw_msgs/msg/detail/gear__rosidl_typesupport_fastrtps_c.h
[2.120s] -- Up-to-date symlink: /home/mtl12345/autoware/install/dataspeed_dbw_msgs/include/dataspeed_dbw_msgs/dataspeed_dbw_msgs/msg/detail/gear_cmd__rosidl_typesupport_fastrtps_c.h
[2.120s] -- Up-to-date symlink: /home/mtl12345/autoware/install/dataspeed_dbw_msgs/include/dataspeed_dbw_msgs/dataspeed_dbw_msgs/msg/detail/gear_reject__rosidl_typesupport_fastrtps_c.h
[2.121s] -- Up-to-date symlink: /home/mtl12345/autoware/install/dataspeed_dbw_msgs/include/dataspeed_dbw_msgs/dataspeed_dbw_msgs/msg/detail/gear_report__rosidl_typesupport_fastrtps_c.h
[2.121s] -- Up-to-date symlink: /home/mtl12345/autoware/install/dataspeed_dbw_msgs/include/dataspeed_dbw_msgs/dataspeed_dbw_msgs/msg/detail/misc_cmd__rosidl_typesupport_fastrtps_c.h
[2.121s] -- Up-to-date symlink: /home/mtl12345/autoware/install/dataspeed_dbw_msgs/include/dataspeed_dbw_msgs/dataspeed_dbw_msgs/msg/detail/misc_report__rosidl_typesupport_fastrtps_c.h
[2.121s] -- Up-to-date symlink: /home/mtl12345/autoware/install/dataspeed_dbw_msgs/include/dataspeed_dbw_msgs/dataspeed_dbw_msgs/msg/detail/steering_cmd__rosidl_typesupport_fastrtps_c.h
[2.121s] -- Up-to-date symlink: /home/mtl12345/autoware/install/dataspeed_dbw_msgs/include/dataspeed_dbw_msgs/dataspeed_dbw_msgs/msg/detail/steering_report__rosidl_typesupport_fastrtps_c.h
[2.121s] -- Up-to-date symlink: /home/mtl12345/autoware/install/dataspeed_dbw_msgs/include/dataspeed_dbw_msgs/dataspeed_dbw_msgs/msg/detail/throttle_cmd__rosidl_typesupport_fastrtps_c.h
[2.121s] -- Up-to-date symlink: /home/mtl12345/autoware/install/dataspeed_dbw_msgs/include/dataspeed_dbw_msgs/dataspeed_dbw_msgs/msg/detail/throttle_report__rosidl_typesupport_fastrtps_c.h
[2.124s] -- Up-to-date symlink: /home/mtl12345/autoware/install/dataspeed_dbw_msgs/include/dataspeed_dbw_msgs/dataspeed_dbw_msgs/msg/detail/turn_signal__rosidl_typesupport_fastrtps_c.h
[2.124s] -- Up-to-date symlink: /home/mtl12345/autoware/install/dataspeed_dbw_msgs/include/dataspeed_dbw_msgs/dataspeed_dbw_msgs/msg/detail/watchdog_counter__rosidl_typesupport_fastrtps_c.h
[2.124s] -- Up-to-date symlink: /home/mtl12345/autoware/install/dataspeed_dbw_msgs/include/dataspeed_dbw_msgs/dataspeed_dbw_msgs/msg/rosidl_typesupport_fastrtps_c__visibility_control.h
[2.124s] -- Up-to-date symlink: /home/mtl12345/autoware/install/dataspeed_dbw_msgs/include/dataspeed_dbw_msgs/dataspeed_dbw_msgs/msg/detail/brake_cmd__rosidl_typesupport_introspection_c.h
[2.125s] -- Up-to-date symlink: /home/mtl12345/autoware/install/dataspeed_dbw_msgs/include/dataspeed_dbw_msgs/dataspeed_dbw_msgs/msg/detail/brake_report__rosidl_typesupport_introspection_c.h
[2.125s] -- Up-to-date symlink: /home/mtl12345/autoware/install/dataspeed_dbw_msgs/include/dataspeed_dbw_msgs/dataspeed_dbw_msgs/msg/detail/gear__rosidl_typesupport_introspection_c.h
[2.125s] -- Up-to-date symlink: /home/mtl12345/autoware/install/dataspeed_dbw_msgs/include/dataspeed_dbw_msgs/dataspeed_dbw_msgs/msg/detail/gear_cmd__rosidl_typesupport_introspection_c.h
[2.125s] -- Up-to-date symlink: /home/mtl12345/autoware/install/dataspeed_dbw_msgs/include/dataspeed_dbw_msgs/dataspeed_dbw_msgs/msg/detail/gear_reject__rosidl_typesupport_introspection_c.h
[2.125s] -- Up-to-date symlink: /home/mtl12345/autoware/install/dataspeed_dbw_msgs/include/dataspeed_dbw_msgs/dataspeed_dbw_msgs/msg/detail/gear_report__rosidl_typesupport_introspection_c.h
[2.126s] -- Up-to-date symlink: /home/mtl12345/autoware/install/dataspeed_dbw_msgs/include/dataspeed_dbw_msgs/dataspeed_dbw_msgs/msg/detail/misc_cmd__rosidl_typesupport_introspection_c.h
[2.129s] -- Up-to-date symlink: /home/mtl12345/autoware/install/dataspeed_dbw_msgs/include/dataspeed_dbw_msgs/dataspeed_dbw_msgs/msg/detail/misc_report__rosidl_typesupport_introspection_c.h
[2.129s] -- Up-to-date symlink: /home/mtl12345/autoware/install/dataspeed_dbw_msgs/include/dataspeed_dbw_msgs/dataspeed_dbw_msgs/msg/detail/steering_cmd__rosidl_typesupport_introspection_c.h
[2.130s] -- Up-to-date symlink: /home/mtl12345/autoware/install/dataspeed_dbw_msgs/include/dataspeed_dbw_msgs/dataspeed_dbw_msgs/msg/detail/steering_report__rosidl_typesupport_introspection_c.h
[2.130s] -- Up-to-date symlink: /home/mtl12345/autoware/install/dataspeed_dbw_msgs/include/dataspeed_dbw_msgs/dataspeed_dbw_msgs/msg/detail/throttle_cmd__rosidl_typesupport_introspection_c.h
[2.130s] -- Up-to-date symlink: /home/mtl12345/autoware/install/dataspeed_dbw_msgs/include/dataspeed_dbw_msgs/dataspeed_dbw_msgs/msg/detail/throttle_report__rosidl_typesupport_introspection_c.h
[2.130s] -- Up-to-date symlink: /home/mtl12345/autoware/install/dataspeed_dbw_msgs/include/dataspeed_dbw_msgs/dataspeed_dbw_msgs/msg/detail/turn_signal__rosidl_typesupport_introspection_c.h
[2.132s] -- Up-to-date symlink: /home/mtl12345/autoware/install/dataspeed_dbw_msgs/include/dataspeed_dbw_msgs/dataspeed_dbw_msgs/msg/detail/watchdog_counter__rosidl_typesupport_introspection_c.h
[2.132s] -- Up-to-date symlink: /home/mtl12345/autoware/install/dataspeed_dbw_msgs/include/dataspeed_dbw_msgs/dataspeed_dbw_msgs/msg/rosidl_typesupport_introspection_c__visibility_control.h
[2.133s] -- Up-to-date symlink: /home/mtl12345/autoware/install/dataspeed_dbw_msgs/include/dataspeed_dbw_msgs/dataspeed_dbw_msgs/msg/brake_cmd.hpp
[2.133s] -- Up-to-date symlink: /home/mtl12345/autoware/install/dataspeed_dbw_msgs/include/dataspeed_dbw_msgs/dataspeed_dbw_msgs/msg/brake_report.hpp
[2.133s] -- Up-to-date symlink: /home/mtl12345/autoware/install/dataspeed_dbw_msgs/include/dataspeed_dbw_msgs/dataspeed_dbw_msgs/msg/detail/brake_cmd__builder.hpp
[2.133s] -- Up-to-date symlink: /home/mtl12345/autoware/install/dataspeed_dbw_msgs/include/dataspeed_dbw_msgs/dataspeed_dbw_msgs/msg/detail/brake_cmd__struct.hpp
[2.134s] -- Up-to-date symlink: /home/mtl12345/autoware/install/dataspeed_dbw_msgs/include/dataspeed_dbw_msgs/dataspeed_dbw_msgs/msg/detail/brake_cmd__traits.hpp
[2.134s] -- Up-to-date symlink: /home/mtl12345/autoware/install/dataspeed_dbw_msgs/include/dataspeed_dbw_msgs/dataspeed_dbw_msgs/msg/detail/brake_report__builder.hpp
[2.134s] -- Up-to-date symlink: /home/mtl12345/autoware/install/dataspeed_dbw_msgs/include/dataspeed_dbw_msgs/dataspeed_dbw_msgs/msg/detail/brake_report__struct.hpp
[2.134s] -- Up-to-date symlink: /home/mtl12345/autoware/install/dataspeed_dbw_msgs/include/dataspeed_dbw_msgs/dataspeed_dbw_msgs/msg/detail/brake_report__traits.hpp
[2.135s] -- Up-to-date symlink: /home/mtl12345/autoware/install/dataspeed_dbw_msgs/include/dataspeed_dbw_msgs/dataspeed_dbw_msgs/msg/detail/gear__builder.hpp
[2.135s] -- Up-to-date symlink: /home/mtl12345/autoware/install/dataspeed_dbw_msgs/include/dataspeed_dbw_msgs/dataspeed_dbw_msgs/msg/detail/gear__struct.hpp
[2.135s] -- Up-to-date symlink: /home/mtl12345/autoware/install/dataspeed_dbw_msgs/include/dataspeed_dbw_msgs/dataspeed_dbw_msgs/msg/detail/gear__traits.hpp
[2.135s] -- Up-to-date symlink: /home/mtl12345/autoware/install/dataspeed_dbw_msgs/include/dataspeed_dbw_msgs/dataspeed_dbw_msgs/msg/detail/gear_cmd__builder.hpp
[2.136s] -- Up-to-date symlink: /home/mtl12345/autoware/install/dataspeed_dbw_msgs/include/dataspeed_dbw_msgs/dataspeed_dbw_msgs/msg/detail/gear_cmd__struct.hpp
[2.137s] -- Up-to-date symlink: /home/mtl12345/autoware/install/dataspeed_dbw_msgs/include/dataspeed_dbw_msgs/dataspeed_dbw_msgs/msg/detail/gear_cmd__traits.hpp
[2.137s] -- Up-to-date symlink: /home/mtl12345/autoware/install/dataspeed_dbw_msgs/include/dataspeed_dbw_msgs/dataspeed_dbw_msgs/msg/detail/gear_reject__builder.hpp
[2.137s] -- Up-to-date symlink: /home/mtl12345/autoware/install/dataspeed_dbw_msgs/include/dataspeed_dbw_msgs/dataspeed_dbw_msgs/msg/detail/gear_reject__struct.hpp
[2.139s] -- Up-to-date symlink: /home/mtl12345/autoware/install/dataspeed_dbw_msgs/include/dataspeed_dbw_msgs/dataspeed_dbw_msgs/msg/detail/gear_reject__traits.hpp
[2.142s] -- Up-to-date symlink: /home/mtl12345/autoware/install/dataspeed_dbw_msgs/include/dataspeed_dbw_msgs/dataspeed_dbw_msgs/msg/detail/gear_report__builder.hpp
[2.142s] -- Up-to-date symlink: /home/mtl12345/autoware/install/dataspeed_dbw_msgs/include/dataspeed_dbw_msgs/dataspeed_dbw_msgs/msg/detail/gear_report__struct.hpp
[2.142s] -- Up-to-date symlink: /home/mtl12345/autoware/install/dataspeed_dbw_msgs/include/dataspeed_dbw_msgs/dataspeed_dbw_msgs/msg/detail/gear_report__traits.hpp
[2.144s] -- Up-to-date symlink: /home/mtl12345/autoware/install/dataspeed_dbw_msgs/include/dataspeed_dbw_msgs/dataspeed_dbw_msgs/msg/detail/misc_cmd__builder.hpp
[2.144s] -- Up-to-date symlink: /home/mtl12345/autoware/install/dataspeed_dbw_msgs/include/dataspeed_dbw_msgs/dataspeed_dbw_msgs/msg/detail/misc_cmd__struct.hpp
[2.145s] -- Up-to-date symlink: /home/mtl12345/autoware/install/dataspeed_dbw_msgs/include/dataspeed_dbw_msgs/dataspeed_dbw_msgs/msg/detail/misc_cmd__traits.hpp
[2.145s] -- Up-to-date symlink: /home/mtl12345/autoware/install/dataspeed_dbw_msgs/include/dataspeed_dbw_msgs/dataspeed_dbw_msgs/msg/detail/misc_report__builder.hpp
[2.145s] -- Up-to-date symlink: /home/mtl12345/autoware/install/dataspeed_dbw_msgs/include/dataspeed_dbw_msgs/dataspeed_dbw_msgs/msg/detail/misc_report__struct.hpp
[2.145s] -- Up-to-date symlink: /home/mtl12345/autoware/install/dataspeed_dbw_msgs/include/dataspeed_dbw_msgs/dataspeed_dbw_msgs/msg/detail/misc_report__traits.hpp
[2.146s] -- Up-to-date symlink: /home/mtl12345/autoware/install/dataspeed_dbw_msgs/include/dataspeed_dbw_msgs/dataspeed_dbw_msgs/msg/detail/steering_cmd__builder.hpp
[2.146s] -- Up-to-date symlink: /home/mtl12345/autoware/install/dataspeed_dbw_msgs/include/dataspeed_dbw_msgs/dataspeed_dbw_msgs/msg/detail/steering_cmd__struct.hpp
[2.147s] -- Up-to-date symlink: /home/mtl12345/autoware/install/dataspeed_dbw_msgs/include/dataspeed_dbw_msgs/dataspeed_dbw_msgs/msg/detail/steering_cmd__traits.hpp
[2.147s] -- Up-to-date symlink: /home/mtl12345/autoware/install/dataspeed_dbw_msgs/include/dataspeed_dbw_msgs/dataspeed_dbw_msgs/msg/detail/steering_report__builder.hpp
[2.147s] -- Up-to-date symlink: /home/mtl12345/autoware/install/dataspeed_dbw_msgs/include/dataspeed_dbw_msgs/dataspeed_dbw_msgs/msg/detail/steering_report__struct.hpp
[2.148s] -- Up-to-date symlink: /home/mtl12345/autoware/install/dataspeed_dbw_msgs/include/dataspeed_dbw_msgs/dataspeed_dbw_msgs/msg/detail/steering_report__traits.hpp
[2.148s] -- Up-to-date symlink: /home/mtl12345/autoware/install/dataspeed_dbw_msgs/include/dataspeed_dbw_msgs/dataspeed_dbw_msgs/msg/detail/throttle_cmd__builder.hpp
[2.148s] -- Up-to-date symlink: /home/mtl12345/autoware/install/dataspeed_dbw_msgs/include/dataspeed_dbw_msgs/dataspeed_dbw_msgs/msg/detail/throttle_cmd__struct.hpp
[2.148s] -- Up-to-date symlink: /home/mtl12345/autoware/install/dataspeed_dbw_msgs/include/dataspeed_dbw_msgs/dataspeed_dbw_msgs/msg/detail/throttle_cmd__traits.hpp
[2.150s] -- Up-to-date symlink: /home/mtl12345/autoware/install/dataspeed_dbw_msgs/include/dataspeed_dbw_msgs/dataspeed_dbw_msgs/msg/detail/throttle_report__builder.hpp
[2.151s] -- Up-to-date symlink: /home/mtl12345/autoware/install/dataspeed_dbw_msgs/include/dataspeed_dbw_msgs/dataspeed_dbw_msgs/msg/detail/throttle_report__struct.hpp
[2.151s] -- Up-to-date symlink: /home/mtl12345/autoware/install/dataspeed_dbw_msgs/include/dataspeed_dbw_msgs/dataspeed_dbw_msgs/msg/detail/throttle_report__traits.hpp
[2.151s] -- Up-to-date symlink: /home/mtl12345/autoware/install/dataspeed_dbw_msgs/include/dataspeed_dbw_msgs/dataspeed_dbw_msgs/msg/detail/turn_signal__builder.hpp
[2.152s] -- Up-to-date symlink: /home/mtl12345/autoware/install/dataspeed_dbw_msgs/include/dataspeed_dbw_msgs/dataspeed_dbw_msgs/msg/detail/turn_signal__struct.hpp
[2.152s] -- Up-to-date symlink: /home/mtl12345/autoware/install/dataspeed_dbw_msgs/include/dataspeed_dbw_msgs/dataspeed_dbw_msgs/msg/detail/turn_signal__traits.hpp
[2.152s] -- Up-to-date symlink: /home/mtl12345/autoware/install/dataspeed_dbw_msgs/include/dataspeed_dbw_msgs/dataspeed_dbw_msgs/msg/detail/watchdog_counter__builder.hpp
[2.152s] -- Up-to-date symlink: /home/mtl12345/autoware/install/dataspeed_dbw_msgs/include/dataspeed_dbw_msgs/dataspeed_dbw_msgs/msg/detail/watchdog_counter__struct.hpp
[2.152s] -- Up-to-date symlink: /home/mtl12345/autoware/install/dataspeed_dbw_msgs/include/dataspeed_dbw_msgs/dataspeed_dbw_msgs/msg/detail/watchdog_counter__traits.hpp
[2.152s] -- Up-to-date symlink: /home/mtl12345/autoware/install/dataspeed_dbw_msgs/include/dataspeed_dbw_msgs/dataspeed_dbw_msgs/msg/gear.hpp
[2.153s] -- Up-to-date symlink: /home/mtl12345/autoware/install/dataspeed_dbw_msgs/include/dataspeed_dbw_msgs/dataspeed_dbw_msgs/msg/gear_cmd.hpp
[2.153s] -- Up-to-date symlink: /home/mtl12345/autoware/install/dataspeed_dbw_msgs/include/dataspeed_dbw_msgs/dataspeed_dbw_msgs/msg/gear_reject.hpp
[2.153s] -- Up-to-date symlink: /home/mtl12345/autoware/install/dataspeed_dbw_msgs/include/dataspeed_dbw_msgs/dataspeed_dbw_msgs/msg/gear_report.hpp
[2.153s] -- Up-to-date symlink: /home/mtl12345/autoware/install/dataspeed_dbw_msgs/include/dataspeed_dbw_msgs/dataspeed_dbw_msgs/msg/misc_cmd.hpp
[2.154s] -- Up-to-date symlink: /home/mtl12345/autoware/install/dataspeed_dbw_msgs/include/dataspeed_dbw_msgs/dataspeed_dbw_msgs/msg/misc_report.hpp
[2.154s] -- Up-to-date symlink: /home/mtl12345/autoware/install/dataspeed_dbw_msgs/include/dataspeed_dbw_msgs/dataspeed_dbw_msgs/msg/steering_cmd.hpp
[2.154s] -- Up-to-date symlink: /home/mtl12345/autoware/install/dataspeed_dbw_msgs/include/dataspeed_dbw_msgs/dataspeed_dbw_msgs/msg/steering_report.hpp
[2.154s] -- Up-to-date symlink: /home/mtl12345/autoware/install/dataspeed_dbw_msgs/include/dataspeed_dbw_msgs/dataspeed_dbw_msgs/msg/throttle_cmd.hpp
[2.154s] -- Up-to-date symlink: /home/mtl12345/autoware/install/dataspeed_dbw_msgs/include/dataspeed_dbw_msgs/dataspeed_dbw_msgs/msg/throttle_report.hpp
[2.154s] -- Up-to-date symlink: /home/mtl12345/autoware/install/dataspeed_dbw_msgs/include/dataspeed_dbw_msgs/dataspeed_dbw_msgs/msg/turn_signal.hpp
[2.155s] -- Up-to-date symlink: /home/mtl12345/autoware/install/dataspeed_dbw_msgs/include/dataspeed_dbw_msgs/dataspeed_dbw_msgs/msg/watchdog_counter.hpp
[2.155s] -- Up-to-date symlink: /home/mtl12345/autoware/install/dataspeed_dbw_msgs/include/dataspeed_dbw_msgs/dataspeed_dbw_msgs/msg/detail/brake_cmd__rosidl_typesupport_fastrtps_cpp.hpp
[2.155s] -- Up-to-date symlink: /home/mtl12345/autoware/install/dataspeed_dbw_msgs/include/dataspeed_dbw_msgs/dataspeed_dbw_msgs/msg/detail/brake_report__rosidl_typesupport_fastrtps_cpp.hpp
[2.156s] -- Up-to-date symlink: /home/mtl12345/autoware/install/dataspeed_dbw_msgs/include/dataspeed_dbw_msgs/dataspeed_dbw_msgs/msg/detail/gear__rosidl_typesupport_fastrtps_cpp.hpp
[2.156s] -- Up-to-date symlink: /home/mtl12345/autoware/install/dataspeed_dbw_msgs/include/dataspeed_dbw_msgs/dataspeed_dbw_msgs/msg/detail/gear_cmd__rosidl_typesupport_fastrtps_cpp.hpp
[2.156s] -- Up-to-date symlink: /home/mtl12345/autoware/install/dataspeed_dbw_msgs/include/dataspeed_dbw_msgs/dataspeed_dbw_msgs/msg/detail/gear_reject__rosidl_typesupport_fastrtps_cpp.hpp
[2.156s] -- Up-to-date symlink: /home/mtl12345/autoware/install/dataspeed_dbw_msgs/include/dataspeed_dbw_msgs/dataspeed_dbw_msgs/msg/detail/gear_report__rosidl_typesupport_fastrtps_cpp.hpp
[2.156s] -- Up-to-date symlink: /home/mtl12345/autoware/install/dataspeed_dbw_msgs/include/dataspeed_dbw_msgs/dataspeed_dbw_msgs/msg/detail/misc_cmd__rosidl_typesupport_fastrtps_cpp.hpp
[2.156s] -- Up-to-date symlink: /home/mtl12345/autoware/install/dataspeed_dbw_msgs/include/dataspeed_dbw_msgs/dataspeed_dbw_msgs/msg/detail/misc_report__rosidl_typesupport_fastrtps_cpp.hpp
[2.156s] -- Up-to-date symlink: /home/mtl12345/autoware/install/dataspeed_dbw_msgs/include/dataspeed_dbw_msgs/dataspeed_dbw_msgs/msg/detail/steering_cmd__rosidl_typesupport_fastrtps_cpp.hpp
[2.157s] -- Up-to-date symlink: /home/mtl12345/autoware/install/dataspeed_dbw_msgs/include/dataspeed_dbw_msgs/dataspeed_dbw_msgs/msg/detail/steering_report__rosidl_typesupport_fastrtps_cpp.hpp
[2.157s] -- Up-to-date symlink: /home/mtl12345/autoware/install/dataspeed_dbw_msgs/include/dataspeed_dbw_msgs/dataspeed_dbw_msgs/msg/detail/throttle_cmd__rosidl_typesupport_fastrtps_cpp.hpp
[2.157s] -- Up-to-date symlink: /home/mtl12345/autoware/install/dataspeed_dbw_msgs/include/dataspeed_dbw_msgs/dataspeed_dbw_msgs/msg/detail/throttle_report__rosidl_typesupport_fastrtps_cpp.hpp
[2.157s] -- Up-to-date symlink: /home/mtl12345/autoware/install/dataspeed_dbw_msgs/include/dataspeed_dbw_msgs/dataspeed_dbw_msgs/msg/detail/turn_signal__rosidl_typesupport_fastrtps_cpp.hpp
[2.158s] -- Up-to-date symlink: /home/mtl12345/autoware/install/dataspeed_dbw_msgs/include/dataspeed_dbw_msgs/dataspeed_dbw_msgs/msg/detail/watchdog_counter__rosidl_typesupport_fastrtps_cpp.hpp
[2.158s] -- Up-to-date symlink: /home/mtl12345/autoware/install/dataspeed_dbw_msgs/include/dataspeed_dbw_msgs/dataspeed_dbw_msgs/msg/rosidl_typesupport_fastrtps_cpp__visibility_control.h
[2.158s] -- Up-to-date symlink: /home/mtl12345/autoware/install/dataspeed_dbw_msgs/include/dataspeed_dbw_msgs/dataspeed_dbw_msgs/msg/detail/brake_cmd__rosidl_typesupport_introspection_cpp.hpp
[2.158s] -- Up-to-date symlink: /home/mtl12345/autoware/install/dataspeed_dbw_msgs/include/dataspeed_dbw_msgs/dataspeed_dbw_msgs/msg/detail/brake_report__rosidl_typesupport_introspection_cpp.hpp
[2.158s] -- Up-to-date symlink: /home/mtl12345/autoware/install/dataspeed_dbw_msgs/include/dataspeed_dbw_msgs/dataspeed_dbw_msgs/msg/detail/gear__rosidl_typesupport_introspection_cpp.hpp
[2.158s] -- Up-to-date symlink: /home/mtl12345/autoware/install/dataspeed_dbw_msgs/include/dataspeed_dbw_msgs/dataspeed_dbw_msgs/msg/detail/gear_cmd__rosidl_typesupport_introspection_cpp.hpp
[2.158s] -- Up-to-date symlink: /home/mtl12345/autoware/install/dataspeed_dbw_msgs/include/dataspeed_dbw_msgs/dataspeed_dbw_msgs/msg/detail/gear_reject__rosidl_typesupport_introspection_cpp.hpp
[2.158s] -- Up-to-date symlink: /home/mtl12345/autoware/install/dataspeed_dbw_msgs/include/dataspeed_dbw_msgs/dataspeed_dbw_msgs/msg/detail/gear_report__rosidl_typesupport_introspection_cpp.hpp
[2.158s] -- Up-to-date symlink: /home/mtl12345/autoware/install/dataspeed_dbw_msgs/include/dataspeed_dbw_msgs/dataspeed_dbw_msgs/msg/detail/misc_cmd__rosidl_typesupport_introspection_cpp.hpp
[2.158s] -- Up-to-date symlink: /home/mtl12345/autoware/install/dataspeed_dbw_msgs/include/dataspeed_dbw_msgs/dataspeed_dbw_msgs/msg/detail/misc_report__rosidl_typesupport_introspection_cpp.hpp
[2.159s] -- Up-to-date symlink: /home/mtl12345/autoware/install/dataspeed_dbw_msgs/include/dataspeed_dbw_msgs/dataspeed_dbw_msgs/msg/detail/steering_cmd__rosidl_typesupport_introspection_cpp.hpp
[2.159s] -- Up-to-date symlink: /home/mtl12345/autoware/install/dataspeed_dbw_msgs/include/dataspeed_dbw_msgs/dataspeed_dbw_msgs/msg/detail/steering_report__rosidl_typesupport_introspection_cpp.hpp
[2.159s] -- Up-to-date symlink: /home/mtl12345/autoware/install/dataspeed_dbw_msgs/include/dataspeed_dbw_msgs/dataspeed_dbw_msgs/msg/detail/throttle_cmd__rosidl_typesupport_introspection_cpp.hpp
[2.159s] -- Up-to-date symlink: /home/mtl12345/autoware/install/dataspeed_dbw_msgs/include/dataspeed_dbw_msgs/dataspeed_dbw_msgs/msg/detail/throttle_report__rosidl_typesupport_introspection_cpp.hpp
[2.159s] -- Up-to-date symlink: /home/mtl12345/autoware/install/dataspeed_dbw_msgs/include/dataspeed_dbw_msgs/dataspeed_dbw_msgs/msg/detail/turn_signal__rosidl_typesupport_introspection_cpp.hpp
[2.159s] -- Up-to-date symlink: /home/mtl12345/autoware/install/dataspeed_dbw_msgs/include/dataspeed_dbw_msgs/dataspeed_dbw_msgs/msg/detail/watchdog_counter__rosidl_typesupport_introspection_cpp.hpp
[2.159s] -- Up-to-date symlink: /home/mtl12345/autoware/install/dataspeed_dbw_msgs/share/dataspeed_dbw_msgs/environment/pythonpath.sh
[2.160s] -- Up-to-date symlink: /home/mtl12345/autoware/install/dataspeed_dbw_msgs/share/dataspeed_dbw_msgs/environment/pythonpath.dsv
[2.160s] -- Up-to-date symlink: /home/mtl12345/autoware/install/dataspeed_dbw_msgs/local/lib/python3.10/dist-packages/dataspeed_dbw_msgs-2.1.3-py3.10.egg-info/PKG-INFO
[2.160s] -- Up-to-date symlink: /home/mtl12345/autoware/install/dataspeed_dbw_msgs/local/lib/python3.10/dist-packages/dataspeed_dbw_msgs-2.1.3-py3.10.egg-info/SOURCES.txt
[2.160s] -- Up-to-date symlink: /home/mtl12345/autoware/install/dataspeed_dbw_msgs/local/lib/python3.10/dist-packages/dataspeed_dbw_msgs-2.1.3-py3.10.egg-info/dependency_links.txt
[2.160s] -- Up-to-date symlink: /home/mtl12345/autoware/install/dataspeed_dbw_msgs/local/lib/python3.10/dist-packages/dataspeed_dbw_msgs-2.1.3-py3.10.egg-info/top_level.txt
[2.160s] -- Up-to-date symlink: /home/mtl12345/autoware/install/dataspeed_dbw_msgs/local/lib/python3.10/dist-packages/dataspeed_dbw_msgs/__init__.py
[2.160s] -- Up-to-date symlink: /home/mtl12345/autoware/install/dataspeed_dbw_msgs/local/lib/python3.10/dist-packages/dataspeed_dbw_msgs/_dataspeed_dbw_msgs_s.ep.rosidl_typesupport_c.c
[2.160s] -- Up-to-date symlink: /home/mtl12345/autoware/install/dataspeed_dbw_msgs/local/lib/python3.10/dist-packages/dataspeed_dbw_msgs/_dataspeed_dbw_msgs_s.ep.rosidl_typesupport_fastrtps_c.c
[2.160s] -- Up-to-date symlink: /home/mtl12345/autoware/install/dataspeed_dbw_msgs/local/lib/python3.10/dist-packages/dataspeed_dbw_msgs/_dataspeed_dbw_msgs_s.ep.rosidl_typesupport_introspection_c.c
[2.160s] -- Up-to-date symlink: /home/mtl12345/autoware/install/dataspeed_dbw_msgs/local/lib/python3.10/dist-packages/dataspeed_dbw_msgs/dataspeed_dbw_msgs_s__rosidl_typesupport_c.cpython-310-x86_64-linux-gnu.so
[2.161s] -- Up-to-date symlink: /home/mtl12345/autoware/install/dataspeed_dbw_msgs/local/lib/python3.10/dist-packages/dataspeed_dbw_msgs/dataspeed_dbw_msgs_s__rosidl_typesupport_fastrtps_c.cpython-310-x86_64-linux-gnu.so
[2.161s] -- Up-to-date symlink: /home/mtl12345/autoware/install/dataspeed_dbw_msgs/local/lib/python3.10/dist-packages/dataspeed_dbw_msgs/dataspeed_dbw_msgs_s__rosidl_typesupport_introspection_c.cpython-310-x86_64-linux-gnu.so
[2.161s] -- Up-to-date symlink: /home/mtl12345/autoware/install/dataspeed_dbw_msgs/local/lib/python3.10/dist-packages/dataspeed_dbw_msgs/libdataspeed_dbw_msgs__rosidl_generator_py.so
[2.161s] -- Up-to-date symlink: /home/mtl12345/autoware/install/dataspeed_dbw_msgs/local/lib/python3.10/dist-packages/dataspeed_dbw_msgs/msg/__init__.py
[2.161s] -- Up-to-date symlink: /home/mtl12345/autoware/install/dataspeed_dbw_msgs/local/lib/python3.10/dist-packages/dataspeed_dbw_msgs/msg/_brake_cmd.py
[2.161s] -- Up-to-date symlink: /home/mtl12345/autoware/install/dataspeed_dbw_msgs/local/lib/python3.10/dist-packages/dataspeed_dbw_msgs/msg/_brake_cmd_s.c
[2.161s] -- Up-to-date symlink: /home/mtl12345/autoware/install/dataspeed_dbw_msgs/local/lib/python3.10/dist-packages/dataspeed_dbw_msgs/msg/_brake_report.py
[2.162s] -- Up-to-date symlink: /home/mtl12345/autoware/install/dataspeed_dbw_msgs/local/lib/python3.10/dist-packages/dataspeed_dbw_msgs/msg/_brake_report_s.c
[2.163s] -- Up-to-date symlink: /home/mtl12345/autoware/install/dataspeed_dbw_msgs/local/lib/python3.10/dist-packages/dataspeed_dbw_msgs/msg/_gear.py
[2.163s] -- Up-to-date symlink: /home/mtl12345/autoware/install/dataspeed_dbw_msgs/local/lib/python3.10/dist-packages/dataspeed_dbw_msgs/msg/_gear_cmd.py
[2.164s] -- Up-to-date symlink: /home/mtl12345/autoware/install/dataspeed_dbw_msgs/local/lib/python3.10/dist-packages/dataspeed_dbw_msgs/msg/_gear_cmd_s.c
[2.164s] -- Up-to-date symlink: /home/mtl12345/autoware/install/dataspeed_dbw_msgs/local/lib/python3.10/dist-packages/dataspeed_dbw_msgs/msg/_gear_reject.py
[2.164s] -- Up-to-date symlink: /home/mtl12345/autoware/install/dataspeed_dbw_msgs/local/lib/python3.10/dist-packages/dataspeed_dbw_msgs/msg/_gear_reject_s.c
[2.164s] -- Up-to-date symlink: /home/mtl12345/autoware/install/dataspeed_dbw_msgs/local/lib/python3.10/dist-packages/dataspeed_dbw_msgs/msg/_gear_report.py
[2.164s] -- Up-to-date symlink: /home/mtl12345/autoware/install/dataspeed_dbw_msgs/local/lib/python3.10/dist-packages/dataspeed_dbw_msgs/msg/_gear_report_s.c
[2.164s] -- Up-to-date symlink: /home/mtl12345/autoware/install/dataspeed_dbw_msgs/local/lib/python3.10/dist-packages/dataspeed_dbw_msgs/msg/_gear_s.c
[2.165s] -- Up-to-date symlink: /home/mtl12345/autoware/install/dataspeed_dbw_msgs/local/lib/python3.10/dist-packages/dataspeed_dbw_msgs/msg/_misc_cmd.py
[2.165s] -- Up-to-date symlink: /home/mtl12345/autoware/install/dataspeed_dbw_msgs/local/lib/python3.10/dist-packages/dataspeed_dbw_msgs/msg/_misc_cmd_s.c
[2.165s] -- Up-to-date symlink: /home/mtl12345/autoware/install/dataspeed_dbw_msgs/local/lib/python3.10/dist-packages/dataspeed_dbw_msgs/msg/_misc_report.py
[2.165s] -- Up-to-date symlink: /home/mtl12345/autoware/install/dataspeed_dbw_msgs/local/lib/python3.10/dist-packages/dataspeed_dbw_msgs/msg/_misc_report_s.c
[2.165s] -- Up-to-date symlink: /home/mtl12345/autoware/install/dataspeed_dbw_msgs/local/lib/python3.10/dist-packages/dataspeed_dbw_msgs/msg/_steering_cmd.py
[2.165s] -- Up-to-date symlink: /home/mtl12345/autoware/install/dataspeed_dbw_msgs/local/lib/python3.10/dist-packages/dataspeed_dbw_msgs/msg/_steering_cmd_s.c
[2.165s] -- Up-to-date symlink: /home/mtl12345/autoware/install/dataspeed_dbw_msgs/local/lib/python3.10/dist-packages/dataspeed_dbw_msgs/msg/_steering_report.py
[2.165s] -- Up-to-date symlink: /home/mtl12345/autoware/install/dataspeed_dbw_msgs/local/lib/python3.10/dist-packages/dataspeed_dbw_msgs/msg/_steering_report_s.c
[2.165s] -- Up-to-date symlink: /home/mtl12345/autoware/install/dataspeed_dbw_msgs/local/lib/python3.10/dist-packages/dataspeed_dbw_msgs/msg/_throttle_cmd.py
[2.165s] -- Up-to-date symlink: /home/mtl12345/autoware/install/dataspeed_dbw_msgs/local/lib/python3.10/dist-packages/dataspeed_dbw_msgs/msg/_throttle_cmd_s.c
[2.165s] -- Up-to-date symlink: /home/mtl12345/autoware/install/dataspeed_dbw_msgs/local/lib/python3.10/dist-packages/dataspeed_dbw_msgs/msg/_throttle_report.py
[2.166s] -- Up-to-date symlink: /home/mtl12345/autoware/install/dataspeed_dbw_msgs/local/lib/python3.10/dist-packages/dataspeed_dbw_msgs/msg/_throttle_report_s.c
[2.166s] -- Up-to-date symlink: /home/mtl12345/autoware/install/dataspeed_dbw_msgs/local/lib/python3.10/dist-packages/dataspeed_dbw_msgs/msg/_turn_signal.py
[2.166s] -- Up-to-date symlink: /home/mtl12345/autoware/install/dataspeed_dbw_msgs/local/lib/python3.10/dist-packages/dataspeed_dbw_msgs/msg/_turn_signal_s.c
[2.166s] -- Up-to-date symlink: /home/mtl12345/autoware/install/dataspeed_dbw_msgs/local/lib/python3.10/dist-packages/dataspeed_dbw_msgs/msg/_watchdog_counter.py
[2.166s] -- Up-to-date symlink: /home/mtl12345/autoware/install/dataspeed_dbw_msgs/local/lib/python3.10/dist-packages/dataspeed_dbw_msgs/msg/_watchdog_counter_s.c
[2.166s] -- Up-to-date symlink: /home/mtl12345/autoware/install/dataspeed_dbw_msgs/local/lib/python3.10/dist-packages/dataspeed_dbw_msgs/dataspeed_dbw_msgs_s__rosidl_typesupport_fastrtps_c.cpython-310-x86_64-linux-gnu.so
[2.167s] -- Up-to-date symlink: /home/mtl12345/autoware/install/dataspeed_dbw_msgs/local/lib/python3.10/dist-packages/dataspeed_dbw_msgs/dataspeed_dbw_msgs_s__rosidl_typesupport_introspection_c.cpython-310-x86_64-linux-gnu.so
[2.167s] -- Up-to-date symlink: /home/mtl12345/autoware/install/dataspeed_dbw_msgs/local/lib/python3.10/dist-packages/dataspeed_dbw_msgs/dataspeed_dbw_msgs_s__rosidl_typesupport_c.cpython-310-x86_64-linux-gnu.so
[2.167s] -- Up-to-date symlink: /home/mtl12345/autoware/install/dataspeed_dbw_msgs/share/dataspeed_dbw_msgs/msg/BrakeCmd.idl
[2.167s] -- Up-to-date symlink: /home/mtl12345/autoware/install/dataspeed_dbw_msgs/share/dataspeed_dbw_msgs/msg/BrakeReport.idl
[2.167s] -- Up-to-date symlink: /home/mtl12345/autoware/install/dataspeed_dbw_msgs/share/dataspeed_dbw_msgs/msg/GearCmd.idl
[2.167s] -- Up-to-date symlink: /home/mtl12345/autoware/install/dataspeed_dbw_msgs/share/dataspeed_dbw_msgs/msg/Gear.idl
[2.167s] -- Up-to-date symlink: /home/mtl12345/autoware/install/dataspeed_dbw_msgs/share/dataspeed_dbw_msgs/msg/GearReject.idl
[2.167s] -- Up-to-date symlink: /home/mtl12345/autoware/install/dataspeed_dbw_msgs/share/dataspeed_dbw_msgs/msg/GearReport.idl
[2.168s] -- Up-to-date symlink: /home/mtl12345/autoware/install/dataspeed_dbw_msgs/share/dataspeed_dbw_msgs/msg/MiscCmd.idl
[2.168s] -- Up-to-date symlink: /home/mtl12345/autoware/install/dataspeed_dbw_msgs/share/dataspeed_dbw_msgs/msg/MiscReport.idl
[2.169s] -- Up-to-date symlink: /home/mtl12345/autoware/install/dataspeed_dbw_msgs/share/dataspeed_dbw_msgs/msg/SteeringCmd.idl
[2.169s] -- Up-to-date symlink: /home/mtl12345/autoware/install/dataspeed_dbw_msgs/share/dataspeed_dbw_msgs/msg/SteeringReport.idl
[2.169s] -- Up-to-date symlink: /home/mtl12345/autoware/install/dataspeed_dbw_msgs/share/dataspeed_dbw_msgs/msg/ThrottleCmd.idl
[2.169s] -- Up-to-date symlink: /home/mtl12345/autoware/install/dataspeed_dbw_msgs/share/dataspeed_dbw_msgs/msg/ThrottleReport.idl
[2.169s] -- Up-to-date symlink: /home/mtl12345/autoware/install/dataspeed_dbw_msgs/share/dataspeed_dbw_msgs/msg/TurnSignal.idl
[2.169s] -- Up-to-date symlink: /home/mtl12345/autoware/install/dataspeed_dbw_msgs/share/dataspeed_dbw_msgs/msg/WatchdogCounter.idl
[2.169s] -- Up-to-date symlink: /home/mtl12345/autoware/install/dataspeed_dbw_msgs/share/dataspeed_dbw_msgs/msg/BrakeCmd.msg
[2.169s] -- Up-to-date symlink: /home/mtl12345/autoware/install/dataspeed_dbw_msgs/share/dataspeed_dbw_msgs/msg/BrakeReport.msg
[2.169s] -- Up-to-date symlink: /home/mtl12345/autoware/install/dataspeed_dbw_msgs/share/dataspeed_dbw_msgs/msg/GearCmd.msg
[2.170s] -- Up-to-date symlink: /home/mtl12345/autoware/install/dataspeed_dbw_msgs/share/dataspeed_dbw_msgs/msg/Gear.msg
[2.170s] -- Up-to-date symlink: /home/mtl12345/autoware/install/dataspeed_dbw_msgs/share/dataspeed_dbw_msgs/msg/GearReject.msg
[2.170s] -- Up-to-date symlink: /home/mtl12345/autoware/install/dataspeed_dbw_msgs/share/dataspeed_dbw_msgs/msg/GearReport.msg
[2.170s] -- Up-to-date symlink: /home/mtl12345/autoware/install/dataspeed_dbw_msgs/share/dataspeed_dbw_msgs/msg/MiscCmd.msg
[2.170s] -- Up-to-date symlink: /home/mtl12345/autoware/install/dataspeed_dbw_msgs/share/dataspeed_dbw_msgs/msg/MiscReport.msg
[2.170s] -- Up-to-date symlink: /home/mtl12345/autoware/install/dataspeed_dbw_msgs/share/dataspeed_dbw_msgs/msg/SteeringCmd.msg
[2.170s] -- Up-to-date symlink: /home/mtl12345/autoware/install/dataspeed_dbw_msgs/share/dataspeed_dbw_msgs/msg/SteeringReport.msg
[2.170s] -- Up-to-date symlink: /home/mtl12345/autoware/install/dataspeed_dbw_msgs/share/dataspeed_dbw_msgs/msg/ThrottleCmd.msg
[2.170s] -- Up-to-date symlink: /home/mtl12345/autoware/install/dataspeed_dbw_msgs/share/dataspeed_dbw_msgs/msg/ThrottleReport.msg
[2.170s] -- Up-to-date symlink: /home/mtl12345/autoware/install/dataspeed_dbw_msgs/share/dataspeed_dbw_msgs/msg/TurnSignal.msg
[2.170s] -- Up-to-date symlink: /home/mtl12345/autoware/install/dataspeed_dbw_msgs/share/dataspeed_dbw_msgs/msg/WatchdogCounter.msg
[2.170s] -- Up-to-date symlink: /home/mtl12345/autoware/install/dataspeed_dbw_msgs/share/ament_index/resource_index/package_run_dependencies/dataspeed_dbw_msgs
[2.170s] -- Up-to-date symlink: /home/mtl12345/autoware/install/dataspeed_dbw_msgs/share/ament_index/resource_index/parent_prefix_path/dataspeed_dbw_msgs
[2.170s] -- Up-to-date symlink: /home/mtl12345/autoware/install/dataspeed_dbw_msgs/share/dataspeed_dbw_msgs/environment/ament_prefix_path.sh
[2.170s] -- Up-to-date symlink: /home/mtl12345/autoware/install/dataspeed_dbw_msgs/share/dataspeed_dbw_msgs/environment/ament_prefix_path.dsv
[2.171s] -- Up-to-date symlink: /home/mtl12345/autoware/install/dataspeed_dbw_msgs/share/dataspeed_dbw_msgs/environment/path.sh
[2.171s] -- Up-to-date symlink: /home/mtl12345/autoware/install/dataspeed_dbw_msgs/share/dataspeed_dbw_msgs/environment/path.dsv
[2.171s] -- Up-to-date symlink: /home/mtl12345/autoware/install/dataspeed_dbw_msgs/share/dataspeed_dbw_msgs/local_setup.bash
[2.171s] -- Up-to-date symlink: /home/mtl12345/autoware/install/dataspeed_dbw_msgs/share/dataspeed_dbw_msgs/local_setup.sh
[2.171s] -- Up-to-date symlink: /home/mtl12345/autoware/install/dataspeed_dbw_msgs/share/dataspeed_dbw_msgs/local_setup.zsh
[2.171s] -- Up-to-date symlink: /home/mtl12345/autoware/install/dataspeed_dbw_msgs/share/dataspeed_dbw_msgs/local_setup.dsv
[2.171s] -- Symlinking: /home/mtl12345/autoware/install/dataspeed_dbw_msgs/share/dataspeed_dbw_msgs/package.dsv
[2.172s] -- Up-to-date symlink: /home/mtl12345/autoware/install/dataspeed_dbw_msgs/share/ament_index/resource_index/packages/dataspeed_dbw_msgs
[2.173s] -- Up-to-date symlink: /home/mtl12345/autoware/install/dataspeed_dbw_msgs/share/dataspeed_dbw_msgs/cmake/rosidl_cmake-extras.cmake
[2.173s] -- Up-to-date symlink: /home/mtl12345/autoware/install/dataspeed_dbw_msgs/share/dataspeed_dbw_msgs/cmake/ament_cmake_export_dependencies-extras.cmake
[2.173s] -- Up-to-date symlink: /home/mtl12345/autoware/install/dataspeed_dbw_msgs/share/dataspeed_dbw_msgs/cmake/ament_cmake_export_include_directories-extras.cmake
[2.173s] -- Up-to-date symlink: /home/mtl12345/autoware/install/dataspeed_dbw_msgs/share/dataspeed_dbw_msgs/cmake/ament_cmake_export_libraries-extras.cmake
[2.173s] -- Up-to-date symlink: /home/mtl12345/autoware/install/dataspeed_dbw_msgs/share/dataspeed_dbw_msgs/cmake/ament_cmake_export_targets-extras.cmake
[2.173s] -- Up-to-date symlink: /home/mtl12345/autoware/install/dataspeed_dbw_msgs/share/dataspeed_dbw_msgs/cmake/rosidl_cmake_export_typesupport_targets-extras.cmake
[2.173s] -- Up-to-date symlink: /home/mtl12345/autoware/install/dataspeed_dbw_msgs/share/dataspeed_dbw_msgs/cmake/rosidl_cmake_export_typesupport_libraries-extras.cmake
[2.174s] -- Up-to-date symlink: /home/mtl12345/autoware/install/dataspeed_dbw_msgs/share/dataspeed_dbw_msgs/cmake/dataspeed_dbw_msgsConfig.cmake
[2.174s] -- Up-to-date symlink: /home/mtl12345/autoware/install/dataspeed_dbw_msgs/share/dataspeed_dbw_msgs/cmake/dataspeed_dbw_msgsConfig-version.cmake
[2.174s] -- Up-to-date symlink: /home/mtl12345/autoware/install/dataspeed_dbw_msgs/share/dataspeed_dbw_msgs/package.xml
[2.174s] -- Up-to-date: /home/mtl12345/autoware/install/dataspeed_dbw_msgs/lib/libdataspeed_dbw_msgs__rosidl_generator_c.so
[2.174s] -- Up-to-date: /home/mtl12345/autoware/install/dataspeed_dbw_msgs/lib/libdataspeed_dbw_msgs__rosidl_typesupport_fastrtps_c.so
[2.174s] -- Up-to-date: /home/mtl12345/autoware/install/dataspeed_dbw_msgs/lib/libdataspeed_dbw_msgs__rosidl_typesupport_introspection_c.so
[2.174s] -- Up-to-date: /home/mtl12345/autoware/install/dataspeed_dbw_msgs/lib/libdataspeed_dbw_msgs__rosidl_typesupport_c.so
[2.174s] -- Up-to-date: /home/mtl12345/autoware/install/dataspeed_dbw_msgs/lib/libdataspeed_dbw_msgs__rosidl_typesupport_fastrtps_cpp.so
[2.174s] -- Up-to-date: /home/mtl12345/autoware/install/dataspeed_dbw_msgs/lib/libdataspeed_dbw_msgs__rosidl_typesupport_introspection_cpp.so
[2.174s] -- Up-to-date: /home/mtl12345/autoware/install/dataspeed_dbw_msgs/lib/libdataspeed_dbw_msgs__rosidl_typesupport_cpp.so
[2.178s] Listing '/home/mtl12345/autoware/install/dataspeed_dbw_msgs/local/lib/python3.10/dist-packages/dataspeed_dbw_msgs'...
[2.178s] Listing '/home/mtl12345/autoware/install/dataspeed_dbw_msgs/local/lib/python3.10/dist-packages/dataspeed_dbw_msgs/msg'...
[2.178s] -- Up-to-date: /home/mtl12345/autoware/install/dataspeed_dbw_msgs/lib/libdataspeed_dbw_msgs__rosidl_generator_py.so
[2.178s] -- Up-to-date: /home/mtl12345/autoware/install/dataspeed_dbw_msgs/share/dataspeed_dbw_msgs/cmake/export_dataspeed_dbw_msgs__rosidl_generator_cExport.cmake
[2.178s] -- Up-to-date: /home/mtl12345/autoware/install/dataspeed_dbw_msgs/share/dataspeed_dbw_msgs/cmake/export_dataspeed_dbw_msgs__rosidl_generator_cExport-release.cmake
[2.178s] -- Up-to-date: /home/mtl12345/autoware/install/dataspeed_dbw_msgs/share/dataspeed_dbw_msgs/cmake/export_dataspeed_dbw_msgs__rosidl_typesupport_fastrtps_cExport.cmake
[2.179s] -- Up-to-date: /home/mtl12345/autoware/install/dataspeed_dbw_msgs/share/dataspeed_dbw_msgs/cmake/export_dataspeed_dbw_msgs__rosidl_typesupport_fastrtps_cExport-release.cmake
[2.179s] -- Up-to-date: /home/mtl12345/autoware/install/dataspeed_dbw_msgs/share/dataspeed_dbw_msgs/cmake/dataspeed_dbw_msgs__rosidl_typesupport_introspection_cExport.cmake
[2.179s] -- Up-to-date: /home/mtl12345/autoware/install/dataspeed_dbw_msgs/share/dataspeed_dbw_msgs/cmake/dataspeed_dbw_msgs__rosidl_typesupport_introspection_cExport-release.cmake
[2.179s] -- Up-to-date: /home/mtl12345/autoware/install/dataspeed_dbw_msgs/share/dataspeed_dbw_msgs/cmake/dataspeed_dbw_msgs__rosidl_typesupport_cExport.cmake
[2.179s] -- Up-to-date: /home/mtl12345/autoware/install/dataspeed_dbw_msgs/share/dataspeed_dbw_msgs/cmake/dataspeed_dbw_msgs__rosidl_typesupport_cExport-release.cmake
[2.179s] -- Up-to-date: /home/mtl12345/autoware/install/dataspeed_dbw_msgs/share/dataspeed_dbw_msgs/cmake/export_dataspeed_dbw_msgs__rosidl_generator_cppExport.cmake
[2.179s] -- Up-to-date: /home/mtl12345/autoware/install/dataspeed_dbw_msgs/share/dataspeed_dbw_msgs/cmake/export_dataspeed_dbw_msgs__rosidl_typesupport_fastrtps_cppExport.cmake
[2.179s] -- Up-to-date: /home/mtl12345/autoware/install/dataspeed_dbw_msgs/share/dataspeed_dbw_msgs/cmake/export_dataspeed_dbw_msgs__rosidl_typesupport_fastrtps_cppExport-release.cmake
[2.179s] -- Up-to-date: /home/mtl12345/autoware/install/dataspeed_dbw_msgs/share/dataspeed_dbw_msgs/cmake/dataspeed_dbw_msgs__rosidl_typesupport_introspection_cppExport.cmake
[2.179s] -- Up-to-date: /home/mtl12345/autoware/install/dataspeed_dbw_msgs/share/dataspeed_dbw_msgs/cmake/dataspeed_dbw_msgs__rosidl_typesupport_introspection_cppExport-release.cmake
[2.179s] -- Up-to-date: /home/mtl12345/autoware/install/dataspeed_dbw_msgs/share/dataspeed_dbw_msgs/cmake/dataspeed_dbw_msgs__rosidl_typesupport_cppExport.cmake
[2.179s] -- Up-to-date: /home/mtl12345/autoware/install/dataspeed_dbw_msgs/share/dataspeed_dbw_msgs/cmake/dataspeed_dbw_msgs__rosidl_typesupport_cppExport-release.cmake
[2.179s] -- Up-to-date: /home/mtl12345/autoware/install/dataspeed_dbw_msgs/share/dataspeed_dbw_msgs/cmake/export_dataspeed_dbw_msgs__rosidl_generator_pyExport.cmake
[2.179s] -- Up-to-date: /home/mtl12345/autoware/install/dataspeed_dbw_msgs/share/dataspeed_dbw_msgs/cmake/export_dataspeed_dbw_msgs__rosidl_generator_pyExport-release.cmake
[3.058s] Invoked command in '/home/mtl12345/autoware/build/dataspeed_dbw_msgs' returned '0': CMAKE_PREFIX_PATH=/opt/ros/humble /usr/bin/cmake --install /home/mtl12345/autoware/build/dataspeed_dbw_msgs
