[0.043s] Invoking command in '/home/zhijie/autoware/build/ar_tag_based_localizer': AMENT_PREFIX_PATH=/home/zhijie/autoware/install/autoware_cmake:${AMENT_PREFIX_PATH} CMAKE_PREFIX_PATH=/home/zhijie/autoware/install/autoware_cmake:/opt/ros/humble /usr/bin/cmake /home/zhijie/autoware/src/universe/autoware.universe/localization/landmark_based_localizer/ar_tag_based_localizer -DCMAKE_BUILD_TYPE=Release -DAMENT_CMAKE_SYMLINK_INSTALL=1 -DCMAKE_INSTALL_PREFIX=/home/zhijie/autoware/install/ar_tag_based_localizer
[4.192s] -- Found autoware_cmake: 0.1.0 (/home/zhijie/autoware/install/autoware_cmake/share/autoware_cmake/cmake)
[4.193s] -- Override CMake install command with custom implementation using symlinks instead of copying resources
[4.194s] -- Found rosidl_generator_c: 3.1.5 (/opt/ros/humble/share/rosidl_generator_c/cmake)
[4.195s] -- Found rosidl_adapter: 3.1.5 (/opt/ros/humble/share/rosidl_adapter/cmake)
[4.195s] -- Found rosidl_generator_cpp: 3.1.5 (/opt/ros/humble/share/rosidl_generator_cpp/cmake)
[4.195s] -- Using all available rosidl_typesupport_c: rosidl_typesupport_fastrtps_c;rosidl_typesupport_introspection_c
[4.195s] -- Using all available rosidl_typesupport_cpp: rosidl_typesupport_fastrtps_cpp;rosidl_typesupport_introspection_cpp
[4.195s] -- Found rmw_implementation_cmake: 6.1.1 (/opt/ros/humble/share/rmw_implementation_cmake/cmake)
[4.196s] -- Found rmw_cyclonedds_cpp: 1.3.4 (/opt/ros/humble/share/rmw_cyclonedds_cpp/cmake)
[4.197s] -- Using RMW implementation 'rmw_cyclonedds_cpp' as default
[4.197s] -- Found eigen3_cmake_module: 0.1.1 (/opt/ros/humble/share/eigen3_cmake_module/cmake)
[4.197s] -- Ensuring Eigen3 include directory is part of orocos-kdl CMake target
[4.198s] -- Found ament_lint_auto: 0.12.8 (/opt/ros/humble/share/ament_lint_auto/cmake)
[4.200s] -- Configuring done
[4.200s] -- Generating done
[4.200s] -- Build files have been written to: /home/zhijie/autoware/build/ar_tag_based_localizer
[4.227s] Invoked command in '/home/zhijie/autoware/build/ar_tag_based_localizer' returned '0': AMENT_PREFIX_PATH=/home/zhijie/autoware/install/autoware_cmake:${AMENT_PREFIX_PATH} CMAKE_PREFIX_PATH=/home/zhijie/autoware/install/autoware_cmake:/opt/ros/humble /usr/bin/cmake /home/zhijie/autoware/src/universe/autoware.universe/localization/landmark_based_localizer/ar_tag_based_localizer -DCMAKE_BUILD_TYPE=Release -DAMENT_CMAKE_SYMLINK_INSTALL=1 -DCMAKE_INSTALL_PREFIX=/home/zhijie/autoware/install/ar_tag_based_localizer
[4.228s] Invoking command in '/home/zhijie/autoware/build/ar_tag_based_localizer': AMENT_PREFIX_PATH=/home/zhijie/autoware/install/autoware_cmake:${AMENT_PREFIX_PATH} CMAKE_PREFIX_PATH=/home/zhijie/autoware/install/autoware_cmake:/opt/ros/humble /usr/bin/cmake --build /home/zhijie/autoware/build/ar_tag_based_localizer -- -j16 -l16
[4.380s] [35m[1mConsolidate compiler generated dependencies of target ar_tag_based_localizer[0m
[4.380s] [ 33%] [32mBuilding CXX object CMakeFiles/ar_tag_based_localizer.dir/src/ar_tag_based_localizer_node.cpp.o[0m
[8.874s] [ 66%] [32mBuilding CXX object CMakeFiles/ar_tag_based_localizer.dir/src/ar_tag_based_localizer_core.cpp.o[0m
[40.316s] [100%] [32m[1mLinking CXX executable ar_tag_based_localizer[0m
[41.306s] [100%] Built target ar_tag_based_localizer
[41.361s] Invoked command in '/home/zhijie/autoware/build/ar_tag_based_localizer' returned '0': AMENT_PREFIX_PATH=/home/zhijie/autoware/install/autoware_cmake:${AMENT_PREFIX_PATH} CMAKE_PREFIX_PATH=/home/zhijie/autoware/install/autoware_cmake:/opt/ros/humble /usr/bin/cmake --build /home/zhijie/autoware/build/ar_tag_based_localizer -- -j16 -l16
[41.674s] Invoking command in '/home/zhijie/autoware/build/ar_tag_based_localizer': AMENT_PREFIX_PATH=/home/zhijie/autoware/install/autoware_cmake:${AMENT_PREFIX_PATH} CMAKE_PREFIX_PATH=/home/zhijie/autoware/install/autoware_cmake:/opt/ros/humble /usr/bin/cmake --install /home/zhijie/autoware/build/ar_tag_based_localizer
[47.592s] -- Install configuration: "Release"
[47.593s] -- Execute custom install script
[47.593s] -- Up-to-date symlink: /home/zhijie/autoware/install/ar_tag_based_localizer/include/ar_tag_based_localizer/ar_tag_based_localizer_core.hpp
[47.593s] -- Up-to-date symlink: /home/zhijie/autoware/install/ar_tag_based_localizer/lib/ar_tag_based_localizer/ar_tag_based_localizer
[47.593s] -- Up-to-date symlink: /home/zhijie/autoware/install/ar_tag_based_localizer/share/ar_tag_based_localizer/launch/ar_tag_based_localizer.launch.xml
[47.593s] -- Up-to-date symlink: /home/zhijie/autoware/install/ar_tag_based_localizer/share/ar_tag_based_localizer/config/ar_tag_based_localizer.param.yaml
[47.593s] -- Up-to-date symlink: /home/zhijie/autoware/install/ar_tag_based_localizer/share/ament_index/resource_index/package_run_dependencies/ar_tag_based_localizer
[47.593s] -- Up-to-date symlink: /home/zhijie/autoware/install/ar_tag_based_localizer/share/ament_index/resource_index/parent_prefix_path/ar_tag_based_localizer
[47.594s] -- Up-to-date symlink: /home/zhijie/autoware/install/ar_tag_based_localizer/share/ar_tag_based_localizer/environment/ament_prefix_path.sh
[47.594s] -- Up-to-date symlink: /home/zhijie/autoware/install/ar_tag_based_localizer/share/ar_tag_based_localizer/environment/ament_prefix_path.dsv
[47.594s] -- Up-to-date symlink: /home/zhijie/autoware/install/ar_tag_based_localizer/share/ar_tag_based_localizer/environment/path.sh
[47.594s] -- Up-to-date symlink: /home/zhijie/autoware/install/ar_tag_based_localizer/share/ar_tag_based_localizer/environment/path.dsv
[47.594s] -- Up-to-date symlink: /home/zhijie/autoware/install/ar_tag_based_localizer/share/ar_tag_based_localizer/local_setup.bash
[47.594s] -- Up-to-date symlink: /home/zhijie/autoware/install/ar_tag_based_localizer/share/ar_tag_based_localizer/local_setup.sh
[47.594s] -- Up-to-date symlink: /home/zhijie/autoware/install/ar_tag_based_localizer/share/ar_tag_based_localizer/local_setup.zsh
[47.595s] -- Up-to-date symlink: /home/zhijie/autoware/install/ar_tag_based_localizer/share/ar_tag_based_localizer/local_setup.dsv
[47.595s] -- Symlinking: /home/zhijie/autoware/install/ar_tag_based_localizer/share/ar_tag_based_localizer/package.dsv
[47.595s] -- Up-to-date symlink: /home/zhijie/autoware/install/ar_tag_based_localizer/share/ament_index/resource_index/packages/ar_tag_based_localizer
[47.595s] -- Up-to-date symlink: /home/zhijie/autoware/install/ar_tag_based_localizer/share/ar_tag_based_localizer/cmake/ament_cmake_export_dependencies-extras.cmake
[47.595s] -- Up-to-date symlink: /home/zhijie/autoware/install/ar_tag_based_localizer/share/ar_tag_based_localizer/cmake/ament_cmake_export_include_directories-extras.cmake
[47.595s] -- Up-to-date symlink: /home/zhijie/autoware/install/ar_tag_based_localizer/share/ar_tag_based_localizer/cmake/ar_tag_based_localizerConfig.cmake
[47.595s] -- Up-to-date symlink: /home/zhijie/autoware/install/ar_tag_based_localizer/share/ar_tag_based_localizer/cmake/ar_tag_based_localizerConfig-version.cmake
[47.595s] -- Up-to-date symlink: /home/zhijie/autoware/install/ar_tag_based_localizer/share/ar_tag_based_localizer/package.xml
[47.611s] Invoked command in '/home/zhijie/autoware/build/ar_tag_based_localizer' returned '0': AMENT_PREFIX_PATH=/home/zhijie/autoware/install/autoware_cmake:${AMENT_PREFIX_PATH} CMAKE_PREFIX_PATH=/home/zhijie/autoware/install/autoware_cmake:/opt/ros/humble /usr/bin/cmake --install /home/zhijie/autoware/build/ar_tag_based_localizer
