[0.115s] Invoking command in '/home/zhijie/autoware/build/polar_grid': AMENT_PREFIX_PATH=/home/zhijie/autoware/install/autoware_cmake:/home/zhijie/autoware/install/autoware_lint_common:${AMENT_PREFIX_PATH} CMAKE_PREFIX_PATH=/home/zhijie/autoware/install/autoware_cmake:/home/zhijie/autoware/install/autoware_lint_common:/opt/ros/humble /usr/bin/cmake /home/zhijie/autoware/src/universe/autoware.universe/common/polar_grid -DCMAKE_BUILD_TYPE=Release -DAMENT_CMAKE_SYMLINK_INSTALL=1 -DCMAKE_INSTALL_PREFIX=/home/zhijie/autoware/install/polar_grid
[1.223s] -- Found autoware_cmake: 0.1.0 (/home/zhijie/autoware/install/autoware_cmake/share/autoware_cmake/cmake)
[1.223s] -- Override CMake install command with custom implementation using symlinks instead of copying resources
[1.223s] -- Setting OGRE_DIR to: '/opt/ros/humble/share/rviz_ogre_vendor/cmake/../../../opt/rviz_ogre_vendor/lib/OGRE/cmake'
[1.223s] -- Found OGRE
[1.224s] --   static     : OFF
[1.224s] --   components : HLMS;MeshLodGenerator;Overlay;Paging;Property;RTShaderSystem;Terrain;Volume
[1.224s] --   plugins    : Plugin_BSPSceneManager;Plugin_OctreeSceneManager;Plugin_PCZSceneManager;Plugin_ParticleFX;RenderSystem_GL;RenderSystem_GL3Plus;Codec_STBI
[1.224s] --   media      : /opt/ros/humble/opt/rviz_ogre_vendor/share/OGRE/Media
[1.224s] -- OGRE_LIBRARIES: OgreHLMS;OgreMeshLodGenerator;OgreOverlay;OgrePaging;OgreProperty;OgreRTShaderSystem;OgreTerrain;OgreVolume;OgreMain
[1.224s] -- OGRE_LIBRARY_DIRS: /opt/ros/humble/opt/rviz_ogre_vendor/lib
[1.224s] -- OGRE_PLUGINS: Plugin_BSPSceneManager;Plugin_OctreeSceneManager;Plugin_PCZSceneManager;Plugin_ParticleFX;RenderSystem_GL;RenderSystem_GL3Plus;Codec_STBI
[1.224s] -- OGRE_PLUGIN_DIR: /opt/ros/humble/opt/rviz_ogre_vendor/lib/OGRE
[1.224s] -- rviz_ogre_vendor::OgreOverlay for IMPORTED_LOCATION_RELEASE: /opt/ros/humble/opt/rviz_ogre_vendor/lib/libOgreOverlay.so
[1.225s] -- rviz_ogre_vendor::OgreOverlay for IMPORTED_LOCATION_DEBUG: /opt/ros/humble/opt/rviz_ogre_vendor/lib/libOgreOverlay.so
[1.225s] -- rviz_ogre_vendor::OgreMain for IMPORTED_LOCATION_RELEASE: /opt/ros/humble/opt/rviz_ogre_vendor/lib/libOgreMain.so
[1.225s] -- rviz_ogre_vendor::OgreMain for IMPORTED_LOCATION_DEBUG: /opt/ros/humble/opt/rviz_ogre_vendor/lib/libOgreMain.so
[1.225s] -- Could not find freeimage library
[1.225s] -- rviz_ogre_vendor::RenderSystem_GL for IMPORTED_LOCATION_RELEASE: _render_system_gl_static_library_abs-NOTFOUND
[1.225s] -- rviz_ogre_vendor::RenderSystem_GL for IMPORTED_LOCATION_DEBUG: _render_system_gl_static_library_abs-NOTFOUND
[1.225s] -- library: /usr/lib/x86_64-linux-gnu/libcurl.so
[1.225s] -- Found rosidl_generator_c: 3.1.5 (/opt/ros/humble/share/rosidl_generator_c/cmake)
[1.225s] -- Found rosidl_adapter: 3.1.5 (/opt/ros/humble/share/rosidl_adapter/cmake)
[1.228s] -- Found rosidl_generator_cpp: 3.1.5 (/opt/ros/humble/share/rosidl_generator_cpp/cmake)
[1.228s] -- Using all available rosidl_typesupport_c: rosidl_typesupport_fastrtps_c;rosidl_typesupport_introspection_c
[1.228s] -- Using all available rosidl_typesupport_cpp: rosidl_typesupport_fastrtps_cpp;rosidl_typesupport_introspection_cpp
[1.228s] -- Found rmw_implementation_cmake: 6.1.1 (/opt/ros/humble/share/rmw_implementation_cmake/cmake)
[1.228s] -- Found rmw_cyclonedds_cpp: 1.3.4 (/opt/ros/humble/share/rmw_cyclonedds_cpp/cmake)
[1.228s] -- Using RMW implementation 'rmw_cyclonedds_cpp' as default
[1.588s] -- Ensuring Eigen3 include directory is part of orocos-kdl CMake target
[3.212s] -- Found ament_lint_auto: 0.12.8 (/opt/ros/humble/share/ament_lint_auto/cmake)
[3.232s] -- Added test 'copyright' to check source files copyright and LICENSE
[3.234s] -- Added test 'cppcheck' to perform static code analysis on C / C++ code
[3.234s] -- Configured cppcheck include dirs: 
[3.234s] -- Configured cppcheck exclude dirs and/or files: 
[3.234s] -- Added test 'lint_cmake' to check CMake code style
[3.235s] -- Added test 'xmllint' to check XML markup files
[3.240s] -- Configuring done
[3.289s] -- Generating done
[3.293s] -- Build files have been written to: /home/zhijie/autoware/build/polar_grid
[3.310s] Invoked command in '/home/zhijie/autoware/build/polar_grid' returned '0': AMENT_PREFIX_PATH=/home/zhijie/autoware/install/autoware_cmake:/home/zhijie/autoware/install/autoware_lint_common:${AMENT_PREFIX_PATH} CMAKE_PREFIX_PATH=/home/zhijie/autoware/install/autoware_cmake:/home/zhijie/autoware/install/autoware_lint_common:/opt/ros/humble /usr/bin/cmake /home/zhijie/autoware/src/universe/autoware.universe/common/polar_grid -DCMAKE_BUILD_TYPE=Release -DAMENT_CMAKE_SYMLINK_INSTALL=1 -DCMAKE_INSTALL_PREFIX=/home/zhijie/autoware/install/polar_grid
[3.321s] Invoking command in '/home/zhijie/autoware/build/polar_grid': AMENT_PREFIX_PATH=/home/zhijie/autoware/install/autoware_cmake:/home/zhijie/autoware/install/autoware_lint_common:${AMENT_PREFIX_PATH} CMAKE_PREFIX_PATH=/home/zhijie/autoware/install/autoware_cmake:/home/zhijie/autoware/install/autoware_lint_common:/opt/ros/humble /usr/bin/cmake --build /home/zhijie/autoware/build/polar_grid -- -j16 -l16
[17.301s] [ 25%] [34m[1mAutomatic MOC for target polar_grid[0m
[17.301s] [ 25%] Built target polar_grid_autogen
[17.301s] [35m[1mConsolidate compiler generated dependencies of target polar_grid[0m
[17.301s] [ 50%] [32mBuilding CXX object CMakeFiles/polar_grid.dir/polar_grid_autogen/mocs_compilation.cpp.o[0m
[17.301s] [ 75%] [32mBuilding CXX object CMakeFiles/polar_grid.dir/src/polar_grid_display.cpp.o[0m
[19.510s] [100%] [32m[1mLinking CXX shared library libpolar_grid.so[0m
[21.295s] [100%] Built target polar_grid
[21.309s] Invoked command in '/home/zhijie/autoware/build/polar_grid' returned '0': AMENT_PREFIX_PATH=/home/zhijie/autoware/install/autoware_cmake:/home/zhijie/autoware/install/autoware_lint_common:${AMENT_PREFIX_PATH} CMAKE_PREFIX_PATH=/home/zhijie/autoware/install/autoware_cmake:/home/zhijie/autoware/install/autoware_lint_common:/opt/ros/humble /usr/bin/cmake --build /home/zhijie/autoware/build/polar_grid -- -j16 -l16
[21.346s] Invoking command in '/home/zhijie/autoware/build/polar_grid': AMENT_PREFIX_PATH=/home/zhijie/autoware/install/autoware_cmake:/home/zhijie/autoware/install/autoware_lint_common:${AMENT_PREFIX_PATH} CMAKE_PREFIX_PATH=/home/zhijie/autoware/install/autoware_cmake:/home/zhijie/autoware/install/autoware_lint_common:/opt/ros/humble /usr/bin/cmake --install /home/zhijie/autoware/build/polar_grid
[22.818s] -- Install configuration: "Release"
[22.818s] -- Execute custom install script
[22.818s] -- Up-to-date symlink: /home/zhijie/autoware/install/polar_grid//libpolar_grid.so
[22.819s] -- Up-to-date symlink: /home/zhijie/autoware/install/polar_grid/share/polar_grid/plugins/plugin_description.xml
[22.819s] -- Up-to-date symlink: /home/zhijie/autoware/install/polar_grid/share/polar_grid/environment/library_path.sh
[22.819s] -- Up-to-date symlink: /home/zhijie/autoware/install/polar_grid/share/polar_grid/environment/library_path.dsv
[22.819s] -- Up-to-date symlink: /home/zhijie/autoware/install/polar_grid/lib/libpolar_grid.so
[22.820s] -- Up-to-date symlink: /home/zhijie/autoware/install/polar_grid/share/polar_grid/icons/classes/PolarGridDisplay.png
[22.820s] -- Up-to-date symlink: /home/zhijie/autoware/install/polar_grid/share/polar_grid/plugins/plugin_description.xml
[22.820s] -- Up-to-date symlink: /home/zhijie/autoware/install/polar_grid/share/ament_index/resource_index/package_run_dependencies/polar_grid
[22.821s] -- Up-to-date symlink: /home/zhijie/autoware/install/polar_grid/share/ament_index/resource_index/parent_prefix_path/polar_grid
[22.821s] -- Up-to-date symlink: /home/zhijie/autoware/install/polar_grid/share/polar_grid/environment/ament_prefix_path.sh
[22.825s] -- Up-to-date symlink: /home/zhijie/autoware/install/polar_grid/share/polar_grid/environment/ament_prefix_path.dsv
[22.826s] -- Up-to-date symlink: /home/zhijie/autoware/install/polar_grid/share/polar_grid/environment/path.sh
[22.826s] -- Up-to-date symlink: /home/zhijie/autoware/install/polar_grid/share/polar_grid/environment/path.dsv
[22.827s] -- Up-to-date symlink: /home/zhijie/autoware/install/polar_grid/share/polar_grid/local_setup.bash
[22.827s] -- Up-to-date symlink: /home/zhijie/autoware/install/polar_grid/share/polar_grid/local_setup.sh
[22.827s] -- Up-to-date symlink: /home/zhijie/autoware/install/polar_grid/share/polar_grid/local_setup.zsh
[22.827s] -- Up-to-date symlink: /home/zhijie/autoware/install/polar_grid/share/polar_grid/local_setup.dsv
[22.827s] -- Symlinking: /home/zhijie/autoware/install/polar_grid/share/polar_grid/package.dsv
[22.827s] -- Up-to-date symlink: /home/zhijie/autoware/install/polar_grid/share/ament_index/resource_index/packages/polar_grid
[22.828s] -- Up-to-date symlink: /home/zhijie/autoware/install/polar_grid/share/ament_index/resource_index/rviz_common__pluginlib__plugin/polar_grid
[22.828s] -- Up-to-date symlink: /home/zhijie/autoware/install/polar_grid/share/polar_grid/cmake/ament_cmake_export_dependencies-extras.cmake
[22.828s] -- Up-to-date symlink: /home/zhijie/autoware/install/polar_grid/share/polar_grid/cmake/ament_cmake_export_libraries-extras.cmake
[22.828s] -- Up-to-date symlink: /home/zhijie/autoware/install/polar_grid/share/polar_grid/cmake/polar_gridConfig.cmake
[22.828s] -- Up-to-date symlink: /home/zhijie/autoware/install/polar_grid/share/polar_grid/cmake/polar_gridConfig-version.cmake
[22.829s] -- Up-to-date symlink: /home/zhijie/autoware/install/polar_grid/share/polar_grid/package.xml
[22.874s] Invoked command in '/home/zhijie/autoware/build/polar_grid' returned '0': AMENT_PREFIX_PATH=/home/zhijie/autoware/install/autoware_cmake:/home/zhijie/autoware/install/autoware_lint_common:${AMENT_PREFIX_PATH} CMAKE_PREFIX_PATH=/home/zhijie/autoware/install/autoware_cmake:/home/zhijie/autoware/install/autoware_lint_common:/opt/ros/humble /usr/bin/cmake --install /home/zhijie/autoware/build/polar_grid
