[35m[1mConsolidate compiler generated dependencies of target gtest_main[0m
[35m[1mConsolidate compiler generated dependencies of target gtest[0m
[  5%] Built target gtest_main
[ 10%] Built target gtest
[35m[1mConsolidate compiler generated dependencies of target lanelet2_extension_lib[0m
[ 53%] Built target lanelet2_extension_lib
[35m[1mConsolidate compiler generated dependencies of target autoware_lanelet2_validation[0m
[35m[1mConsolidate compiler generated dependencies of target check_right_of_way[0m
[35m[1mConsolidate compiler generated dependencies of target projector-test[0m
[35m[1mConsolidate compiler generated dependencies of target lanelet2_extension_sample[0m
[35m[1mConsolidate compiler generated dependencies of target query-test[0m
[35m[1mConsolidate compiler generated dependencies of target regulatory_elements-test[0m
[35m[1mConsolidate compiler generated dependencies of target message_conversion-test[0m
[35m[1mConsolidate compiler generated dependencies of target utilities-test[0m
[35m[1mConsolidate compiler generated dependencies of target route-test[0m
[ 58%] Built target autoware_lanelet2_validation
[ 64%] Built target check_right_of_way
[ 74%] Built target message_conversion-test
[ 74%] Built target lanelet2_extension_sample
[ 79%] Built target route-test
[ 84%] Built target query-test
[ 89%] Built target projector-test
[ 94%] Built target utilities-test
[100%] Built target regulatory_elements-test
