[0.046s] Invoking command in '/home/zhijie/autoware/build/autoware_auto_control_msgs': CMAKE_PREFIX_PATH=/opt/ros/humble /usr/bin/cmake --build /home/zhijie/autoware/build/autoware_auto_control_msgs -- -j16 -l16
[0.139s] [  1%] Built target autoware_auto_control_msgs__cpp
[0.139s] [ 12%] Built target autoware_auto_control_msgs__rosidl_generator_c
[0.155s] [ 12%] Built target ament_cmake_python_symlink_autoware_auto_control_msgs
[0.165s] [ 23%] Built target autoware_auto_control_msgs__rosidl_typesupport_cpp
[0.165s] [ 34%] Built target autoware_auto_control_msgs__rosidl_typesupport_introspection_cpp
[0.211s] [ 45%] Built target autoware_auto_control_msgs__rosidl_typesupport_introspection_c
[0.221s] [ 56%] Built target autoware_auto_control_msgs__rosidl_typesupport_fastrtps_c
[0.226s] [ 67%] Built target autoware_auto_control_msgs__rosidl_typesupport_fastrtps_cpp
[0.235s] [ 78%] Built target autoware_auto_control_msgs__rosidl_typesupport_c
[0.326s] [ 78%] Built target autoware_auto_control_msgs
[0.406s] [ 80%] Built target autoware_auto_control_msgs__py
[0.465s] [ 89%] Built target autoware_auto_control_msgs__rosidl_generator_py
[0.565s] [ 92%] Built target autoware_auto_control_msgs__rosidl_typesupport_c__pyext
[0.589s] [ 96%] Built target autoware_auto_control_msgs__rosidl_typesupport_fastrtps_c__pyext
[0.601s] [100%] Built target autoware_auto_control_msgs__rosidl_typesupport_introspection_c__pyext
[0.740s] running egg_info
[0.751s] writing autoware_auto_control_msgs.egg-info/PKG-INFO
[0.752s] writing dependency_links to autoware_auto_control_msgs.egg-info/dependency_links.txt
[0.752s] writing top-level names to autoware_auto_control_msgs.egg-info/top_level.txt
[0.752s] reading manifest file 'autoware_auto_control_msgs.egg-info/SOURCES.txt'
[0.752s] writing manifest file 'autoware_auto_control_msgs.egg-info/SOURCES.txt'
[0.796s] [100%] Built target ament_cmake_python_build_autoware_auto_control_msgs_egg
[0.813s] Invoked command in '/home/zhijie/autoware/build/autoware_auto_control_msgs' returned '0': CMAKE_PREFIX_PATH=/opt/ros/humble /usr/bin/cmake --build /home/zhijie/autoware/build/autoware_auto_control_msgs -- -j16 -l16
[0.919s] Invoking command in '/home/zhijie/autoware/build/autoware_auto_control_msgs': CMAKE_PREFIX_PATH=/opt/ros/humble /usr/bin/cmake --install /home/zhijie/autoware/build/autoware_auto_control_msgs
[0.938s] -- Install configuration: "Release"
[0.944s] -- Execute custom install script
[0.944s] -- Up-to-date symlink: /home/zhijie/autoware/install/autoware_auto_control_msgs/share/ament_index/resource_index/rosidl_interfaces/autoware_auto_control_msgs
[0.954s] -- Up-to-date symlink: /home/zhijie/autoware/install/autoware_auto_control_msgs/include/autoware_auto_control_msgs/autoware_auto_control_msgs/msg/ackermann_control_command.h
[0.954s] -- Up-to-date symlink: /home/zhijie/autoware/install/autoware_auto_control_msgs/include/autoware_auto_control_msgs/autoware_auto_control_msgs/msg/ackermann_lateral_command.h
[0.954s] -- Up-to-date symlink: /home/zhijie/autoware/install/autoware_auto_control_msgs/include/autoware_auto_control_msgs/autoware_auto_control_msgs/msg/detail/ackermann_control_command__functions.h
[0.954s] -- Up-to-date symlink: /home/zhijie/autoware/install/autoware_auto_control_msgs/include/autoware_auto_control_msgs/autoware_auto_control_msgs/msg/detail/ackermann_control_command__struct.h
[0.954s] -- Up-to-date symlink: /home/zhijie/autoware/install/autoware_auto_control_msgs/include/autoware_auto_control_msgs/autoware_auto_control_msgs/msg/detail/ackermann_control_command__type_support.h
[0.954s] -- Up-to-date symlink: /home/zhijie/autoware/install/autoware_auto_control_msgs/include/autoware_auto_control_msgs/autoware_auto_control_msgs/msg/detail/ackermann_lateral_command__functions.h
[0.954s] -- Up-to-date symlink: /home/zhijie/autoware/install/autoware_auto_control_msgs/include/autoware_auto_control_msgs/autoware_auto_control_msgs/msg/detail/ackermann_lateral_command__struct.h
[0.954s] -- Up-to-date symlink: /home/zhijie/autoware/install/autoware_auto_control_msgs/include/autoware_auto_control_msgs/autoware_auto_control_msgs/msg/detail/ackermann_lateral_command__type_support.h
[0.954s] -- Up-to-date symlink: /home/zhijie/autoware/install/autoware_auto_control_msgs/include/autoware_auto_control_msgs/autoware_auto_control_msgs/msg/detail/high_level_control_command__functions.h
[0.954s] -- Up-to-date symlink: /home/zhijie/autoware/install/autoware_auto_control_msgs/include/autoware_auto_control_msgs/autoware_auto_control_msgs/msg/detail/high_level_control_command__struct.h
[0.954s] -- Up-to-date symlink: /home/zhijie/autoware/install/autoware_auto_control_msgs/include/autoware_auto_control_msgs/autoware_auto_control_msgs/msg/detail/high_level_control_command__type_support.h
[0.955s] -- Up-to-date symlink: /home/zhijie/autoware/install/autoware_auto_control_msgs/include/autoware_auto_control_msgs/autoware_auto_control_msgs/msg/detail/longitudinal_command__functions.h
[0.955s] -- Up-to-date symlink: /home/zhijie/autoware/install/autoware_auto_control_msgs/include/autoware_auto_control_msgs/autoware_auto_control_msgs/msg/detail/longitudinal_command__struct.h
[0.955s] -- Up-to-date symlink: /home/zhijie/autoware/install/autoware_auto_control_msgs/include/autoware_auto_control_msgs/autoware_auto_control_msgs/msg/detail/longitudinal_command__type_support.h
[0.955s] -- Up-to-date symlink: /home/zhijie/autoware/install/autoware_auto_control_msgs/include/autoware_auto_control_msgs/autoware_auto_control_msgs/msg/high_level_control_command.h
[0.955s] -- Up-to-date symlink: /home/zhijie/autoware/install/autoware_auto_control_msgs/include/autoware_auto_control_msgs/autoware_auto_control_msgs/msg/longitudinal_command.h
[0.955s] -- Up-to-date symlink: /home/zhijie/autoware/install/autoware_auto_control_msgs/include/autoware_auto_control_msgs/autoware_auto_control_msgs/msg/rosidl_generator_c__visibility_control.h
[0.955s] -- Up-to-date symlink: /home/zhijie/autoware/install/autoware_auto_control_msgs/share/autoware_auto_control_msgs/environment/library_path.sh
[0.955s] -- Up-to-date symlink: /home/zhijie/autoware/install/autoware_auto_control_msgs/share/autoware_auto_control_msgs/environment/library_path.dsv
[0.955s] -- Up-to-date symlink: /home/zhijie/autoware/install/autoware_auto_control_msgs/include/autoware_auto_control_msgs/autoware_auto_control_msgs/msg/detail/ackermann_control_command__rosidl_typesupport_fastrtps_c.h
[0.955s] -- Up-to-date symlink: /home/zhijie/autoware/install/autoware_auto_control_msgs/include/autoware_auto_control_msgs/autoware_auto_control_msgs/msg/detail/ackermann_lateral_command__rosidl_typesupport_fastrtps_c.h
[0.955s] -- Up-to-date symlink: /home/zhijie/autoware/install/autoware_auto_control_msgs/include/autoware_auto_control_msgs/autoware_auto_control_msgs/msg/detail/high_level_control_command__rosidl_typesupport_fastrtps_c.h
[0.955s] -- Up-to-date symlink: /home/zhijie/autoware/install/autoware_auto_control_msgs/include/autoware_auto_control_msgs/autoware_auto_control_msgs/msg/detail/longitudinal_command__rosidl_typesupport_fastrtps_c.h
[0.955s] -- Up-to-date symlink: /home/zhijie/autoware/install/autoware_auto_control_msgs/include/autoware_auto_control_msgs/autoware_auto_control_msgs/msg/rosidl_typesupport_fastrtps_c__visibility_control.h
[0.955s] -- Up-to-date symlink: /home/zhijie/autoware/install/autoware_auto_control_msgs/include/autoware_auto_control_msgs/autoware_auto_control_msgs/msg/detail/ackermann_control_command__rosidl_typesupport_introspection_c.h
[0.955s] -- Up-to-date symlink: /home/zhijie/autoware/install/autoware_auto_control_msgs/include/autoware_auto_control_msgs/autoware_auto_control_msgs/msg/detail/ackermann_lateral_command__rosidl_typesupport_introspection_c.h
[0.956s] -- Up-to-date symlink: /home/zhijie/autoware/install/autoware_auto_control_msgs/include/autoware_auto_control_msgs/autoware_auto_control_msgs/msg/detail/high_level_control_command__rosidl_typesupport_introspection_c.h
[0.956s] -- Up-to-date symlink: /home/zhijie/autoware/install/autoware_auto_control_msgs/include/autoware_auto_control_msgs/autoware_auto_control_msgs/msg/detail/longitudinal_command__rosidl_typesupport_introspection_c.h
[0.956s] -- Up-to-date symlink: /home/zhijie/autoware/install/autoware_auto_control_msgs/include/autoware_auto_control_msgs/autoware_auto_control_msgs/msg/rosidl_typesupport_introspection_c__visibility_control.h
[0.956s] -- Up-to-date symlink: /home/zhijie/autoware/install/autoware_auto_control_msgs/include/autoware_auto_control_msgs/autoware_auto_control_msgs/msg/ackermann_control_command.hpp
[0.957s] -- Up-to-date symlink: /home/zhijie/autoware/install/autoware_auto_control_msgs/include/autoware_auto_control_msgs/autoware_auto_control_msgs/msg/ackermann_lateral_command.hpp
[0.957s] -- Up-to-date symlink: /home/zhijie/autoware/install/autoware_auto_control_msgs/include/autoware_auto_control_msgs/autoware_auto_control_msgs/msg/detail/ackermann_control_command__builder.hpp
[0.957s] -- Up-to-date symlink: /home/zhijie/autoware/install/autoware_auto_control_msgs/include/autoware_auto_control_msgs/autoware_auto_control_msgs/msg/detail/ackermann_control_command__struct.hpp
[0.958s] -- Up-to-date symlink: /home/zhijie/autoware/install/autoware_auto_control_msgs/include/autoware_auto_control_msgs/autoware_auto_control_msgs/msg/detail/ackermann_control_command__traits.hpp
[0.958s] -- Up-to-date symlink: /home/zhijie/autoware/install/autoware_auto_control_msgs/include/autoware_auto_control_msgs/autoware_auto_control_msgs/msg/detail/ackermann_lateral_command__builder.hpp
[0.958s] -- Up-to-date symlink: /home/zhijie/autoware/install/autoware_auto_control_msgs/include/autoware_auto_control_msgs/autoware_auto_control_msgs/msg/detail/ackermann_lateral_command__struct.hpp
[0.958s] -- Up-to-date symlink: /home/zhijie/autoware/install/autoware_auto_control_msgs/include/autoware_auto_control_msgs/autoware_auto_control_msgs/msg/detail/ackermann_lateral_command__traits.hpp
[0.958s] -- Up-to-date symlink: /home/zhijie/autoware/install/autoware_auto_control_msgs/include/autoware_auto_control_msgs/autoware_auto_control_msgs/msg/detail/high_level_control_command__builder.hpp
[0.958s] -- Up-to-date symlink: /home/zhijie/autoware/install/autoware_auto_control_msgs/include/autoware_auto_control_msgs/autoware_auto_control_msgs/msg/detail/high_level_control_command__struct.hpp
[0.959s] -- Up-to-date symlink: /home/zhijie/autoware/install/autoware_auto_control_msgs/include/autoware_auto_control_msgs/autoware_auto_control_msgs/msg/detail/high_level_control_command__traits.hpp
[0.959s] -- Up-to-date symlink: /home/zhijie/autoware/install/autoware_auto_control_msgs/include/autoware_auto_control_msgs/autoware_auto_control_msgs/msg/detail/longitudinal_command__builder.hpp
[0.959s] -- Up-to-date symlink: /home/zhijie/autoware/install/autoware_auto_control_msgs/include/autoware_auto_control_msgs/autoware_auto_control_msgs/msg/detail/longitudinal_command__struct.hpp
[0.959s] -- Up-to-date symlink: /home/zhijie/autoware/install/autoware_auto_control_msgs/include/autoware_auto_control_msgs/autoware_auto_control_msgs/msg/detail/longitudinal_command__traits.hpp
[0.959s] -- Up-to-date symlink: /home/zhijie/autoware/install/autoware_auto_control_msgs/include/autoware_auto_control_msgs/autoware_auto_control_msgs/msg/high_level_control_command.hpp
[0.960s] -- Up-to-date symlink: /home/zhijie/autoware/install/autoware_auto_control_msgs/include/autoware_auto_control_msgs/autoware_auto_control_msgs/msg/longitudinal_command.hpp
[0.964s] -- Up-to-date symlink: /home/zhijie/autoware/install/autoware_auto_control_msgs/include/autoware_auto_control_msgs/autoware_auto_control_msgs/msg/detail/ackermann_control_command__rosidl_typesupport_fastrtps_cpp.hpp
[0.964s] -- Up-to-date symlink: /home/zhijie/autoware/install/autoware_auto_control_msgs/include/autoware_auto_control_msgs/autoware_auto_control_msgs/msg/detail/ackermann_lateral_command__rosidl_typesupport_fastrtps_cpp.hpp
[0.965s] -- Up-to-date symlink: /home/zhijie/autoware/install/autoware_auto_control_msgs/include/autoware_auto_control_msgs/autoware_auto_control_msgs/msg/detail/high_level_control_command__rosidl_typesupport_fastrtps_cpp.hpp
[0.965s] -- Up-to-date symlink: /home/zhijie/autoware/install/autoware_auto_control_msgs/include/autoware_auto_control_msgs/autoware_auto_control_msgs/msg/detail/longitudinal_command__rosidl_typesupport_fastrtps_cpp.hpp
[0.965s] -- Up-to-date symlink: /home/zhijie/autoware/install/autoware_auto_control_msgs/include/autoware_auto_control_msgs/autoware_auto_control_msgs/msg/rosidl_typesupport_fastrtps_cpp__visibility_control.h
[0.967s] -- Up-to-date symlink: /home/zhijie/autoware/install/autoware_auto_control_msgs/include/autoware_auto_control_msgs/autoware_auto_control_msgs/msg/detail/ackermann_control_command__rosidl_typesupport_introspection_cpp.hpp
[0.967s] -- Up-to-date symlink: /home/zhijie/autoware/install/autoware_auto_control_msgs/include/autoware_auto_control_msgs/autoware_auto_control_msgs/msg/detail/ackermann_lateral_command__rosidl_typesupport_introspection_cpp.hpp
[0.967s] -- Up-to-date symlink: /home/zhijie/autoware/install/autoware_auto_control_msgs/include/autoware_auto_control_msgs/autoware_auto_control_msgs/msg/detail/high_level_control_command__rosidl_typesupport_introspection_cpp.hpp
[0.967s] -- Up-to-date symlink: /home/zhijie/autoware/install/autoware_auto_control_msgs/include/autoware_auto_control_msgs/autoware_auto_control_msgs/msg/detail/longitudinal_command__rosidl_typesupport_introspection_cpp.hpp
[0.967s] -- Up-to-date symlink: /home/zhijie/autoware/install/autoware_auto_control_msgs/share/autoware_auto_control_msgs/environment/pythonpath.sh
[0.967s] -- Up-to-date symlink: /home/zhijie/autoware/install/autoware_auto_control_msgs/share/autoware_auto_control_msgs/environment/pythonpath.dsv
[0.968s] -- Up-to-date symlink: /home/zhijie/autoware/install/autoware_auto_control_msgs/local/lib/python3.10/dist-packages/autoware_auto_control_msgs-1.0.0-py3.10.egg-info/PKG-INFO
[0.968s] -- Up-to-date symlink: /home/zhijie/autoware/install/autoware_auto_control_msgs/local/lib/python3.10/dist-packages/autoware_auto_control_msgs-1.0.0-py3.10.egg-info/SOURCES.txt
[0.969s] -- Up-to-date symlink: /home/zhijie/autoware/install/autoware_auto_control_msgs/local/lib/python3.10/dist-packages/autoware_auto_control_msgs-1.0.0-py3.10.egg-info/dependency_links.txt
[0.969s] -- Up-to-date symlink: /home/zhijie/autoware/install/autoware_auto_control_msgs/local/lib/python3.10/dist-packages/autoware_auto_control_msgs-1.0.0-py3.10.egg-info/top_level.txt
[0.970s] -- Up-to-date symlink: /home/zhijie/autoware/install/autoware_auto_control_msgs/local/lib/python3.10/dist-packages/autoware_auto_control_msgs/__init__.py
[0.970s] -- Up-to-date symlink: /home/zhijie/autoware/install/autoware_auto_control_msgs/local/lib/python3.10/dist-packages/autoware_auto_control_msgs/_autoware_auto_control_msgs_s.ep.rosidl_typesupport_c.c
[0.970s] -- Up-to-date symlink: /home/zhijie/autoware/install/autoware_auto_control_msgs/local/lib/python3.10/dist-packages/autoware_auto_control_msgs/_autoware_auto_control_msgs_s.ep.rosidl_typesupport_fastrtps_c.c
[0.971s] -- Up-to-date symlink: /home/zhijie/autoware/install/autoware_auto_control_msgs/local/lib/python3.10/dist-packages/autoware_auto_control_msgs/_autoware_auto_control_msgs_s.ep.rosidl_typesupport_introspection_c.c
[0.975s] -- Up-to-date symlink: /home/zhijie/autoware/install/autoware_auto_control_msgs/local/lib/python3.10/dist-packages/autoware_auto_control_msgs/autoware_auto_control_msgs_s__rosidl_typesupport_c.cpython-310-x86_64-linux-gnu.so
[0.975s] -- Up-to-date symlink: /home/zhijie/autoware/install/autoware_auto_control_msgs/local/lib/python3.10/dist-packages/autoware_auto_control_msgs/autoware_auto_control_msgs_s__rosidl_typesupport_fastrtps_c.cpython-310-x86_64-linux-gnu.so
[0.975s] -- Up-to-date symlink: /home/zhijie/autoware/install/autoware_auto_control_msgs/local/lib/python3.10/dist-packages/autoware_auto_control_msgs/autoware_auto_control_msgs_s__rosidl_typesupport_introspection_c.cpython-310-x86_64-linux-gnu.so
[0.976s] -- Up-to-date symlink: /home/zhijie/autoware/install/autoware_auto_control_msgs/local/lib/python3.10/dist-packages/autoware_auto_control_msgs/libautoware_auto_control_msgs__rosidl_generator_py.so
[0.976s] -- Up-to-date symlink: /home/zhijie/autoware/install/autoware_auto_control_msgs/local/lib/python3.10/dist-packages/autoware_auto_control_msgs/msg/__init__.py
[0.976s] -- Up-to-date symlink: /home/zhijie/autoware/install/autoware_auto_control_msgs/local/lib/python3.10/dist-packages/autoware_auto_control_msgs/msg/_ackermann_control_command.py
[0.976s] -- Up-to-date symlink: /home/zhijie/autoware/install/autoware_auto_control_msgs/local/lib/python3.10/dist-packages/autoware_auto_control_msgs/msg/_ackermann_control_command_s.c
[0.976s] -- Up-to-date symlink: /home/zhijie/autoware/install/autoware_auto_control_msgs/local/lib/python3.10/dist-packages/autoware_auto_control_msgs/msg/_ackermann_lateral_command.py
[0.976s] -- Up-to-date symlink: /home/zhijie/autoware/install/autoware_auto_control_msgs/local/lib/python3.10/dist-packages/autoware_auto_control_msgs/msg/_ackermann_lateral_command_s.c
[0.977s] -- Up-to-date symlink: /home/zhijie/autoware/install/autoware_auto_control_msgs/local/lib/python3.10/dist-packages/autoware_auto_control_msgs/msg/_high_level_control_command.py
[0.977s] -- Up-to-date symlink: /home/zhijie/autoware/install/autoware_auto_control_msgs/local/lib/python3.10/dist-packages/autoware_auto_control_msgs/msg/_high_level_control_command_s.c
[0.977s] -- Up-to-date symlink: /home/zhijie/autoware/install/autoware_auto_control_msgs/local/lib/python3.10/dist-packages/autoware_auto_control_msgs/msg/_longitudinal_command.py
[0.977s] -- Up-to-date symlink: /home/zhijie/autoware/install/autoware_auto_control_msgs/local/lib/python3.10/dist-packages/autoware_auto_control_msgs/msg/_longitudinal_command_s.c
[0.977s] -- Up-to-date symlink: /home/zhijie/autoware/install/autoware_auto_control_msgs/local/lib/python3.10/dist-packages/autoware_auto_control_msgs/autoware_auto_control_msgs_s__rosidl_typesupport_fastrtps_c.cpython-310-x86_64-linux-gnu.so
[0.977s] -- Up-to-date symlink: /home/zhijie/autoware/install/autoware_auto_control_msgs/local/lib/python3.10/dist-packages/autoware_auto_control_msgs/autoware_auto_control_msgs_s__rosidl_typesupport_introspection_c.cpython-310-x86_64-linux-gnu.so
[0.977s] -- Up-to-date symlink: /home/zhijie/autoware/install/autoware_auto_control_msgs/local/lib/python3.10/dist-packages/autoware_auto_control_msgs/autoware_auto_control_msgs_s__rosidl_typesupport_c.cpython-310-x86_64-linux-gnu.so
[0.977s] -- Up-to-date symlink: /home/zhijie/autoware/install/autoware_auto_control_msgs/share/autoware_auto_control_msgs/msg/AckermannControlCommand.idl
[0.977s] -- Up-to-date symlink: /home/zhijie/autoware/install/autoware_auto_control_msgs/share/autoware_auto_control_msgs/msg/AckermannLateralCommand.idl
[0.978s] -- Up-to-date symlink: /home/zhijie/autoware/install/autoware_auto_control_msgs/share/autoware_auto_control_msgs/msg/HighLevelControlCommand.idl
[0.978s] -- Up-to-date symlink: /home/zhijie/autoware/install/autoware_auto_control_msgs/share/autoware_auto_control_msgs/msg/LongitudinalCommand.idl
[0.978s] -- Up-to-date symlink: /home/zhijie/autoware/install/autoware_auto_control_msgs/share/ament_index/resource_index/package_run_dependencies/autoware_auto_control_msgs
[0.978s] -- Up-to-date symlink: /home/zhijie/autoware/install/autoware_auto_control_msgs/share/ament_index/resource_index/parent_prefix_path/autoware_auto_control_msgs
[0.978s] -- Up-to-date symlink: /home/zhijie/autoware/install/autoware_auto_control_msgs/share/autoware_auto_control_msgs/environment/ament_prefix_path.sh
[0.978s] -- Up-to-date symlink: /home/zhijie/autoware/install/autoware_auto_control_msgs/share/autoware_auto_control_msgs/environment/ament_prefix_path.dsv
[0.978s] -- Up-to-date symlink: /home/zhijie/autoware/install/autoware_auto_control_msgs/share/autoware_auto_control_msgs/environment/path.sh
[0.978s] -- Up-to-date symlink: /home/zhijie/autoware/install/autoware_auto_control_msgs/share/autoware_auto_control_msgs/environment/path.dsv
[0.978s] -- Up-to-date symlink: /home/zhijie/autoware/install/autoware_auto_control_msgs/share/autoware_auto_control_msgs/local_setup.bash
[0.978s] -- Up-to-date symlink: /home/zhijie/autoware/install/autoware_auto_control_msgs/share/autoware_auto_control_msgs/local_setup.sh
[0.979s] -- Up-to-date symlink: /home/zhijie/autoware/install/autoware_auto_control_msgs/share/autoware_auto_control_msgs/local_setup.zsh
[0.979s] -- Up-to-date symlink: /home/zhijie/autoware/install/autoware_auto_control_msgs/share/autoware_auto_control_msgs/local_setup.dsv
[0.979s] -- Symlinking: /home/zhijie/autoware/install/autoware_auto_control_msgs/share/autoware_auto_control_msgs/package.dsv
[0.983s] -- Up-to-date symlink: /home/zhijie/autoware/install/autoware_auto_control_msgs/share/ament_index/resource_index/packages/autoware_auto_control_msgs
[0.983s] -- Up-to-date symlink: /home/zhijie/autoware/install/autoware_auto_control_msgs/share/autoware_auto_control_msgs/cmake/rosidl_cmake-extras.cmake
[0.983s] -- Up-to-date symlink: /home/zhijie/autoware/install/autoware_auto_control_msgs/share/autoware_auto_control_msgs/cmake/ament_cmake_export_dependencies-extras.cmake
[0.983s] -- Up-to-date symlink: /home/zhijie/autoware/install/autoware_auto_control_msgs/share/autoware_auto_control_msgs/cmake/ament_cmake_export_include_directories-extras.cmake
[0.983s] -- Up-to-date symlink: /home/zhijie/autoware/install/autoware_auto_control_msgs/share/autoware_auto_control_msgs/cmake/ament_cmake_export_libraries-extras.cmake
[0.983s] -- Up-to-date symlink: /home/zhijie/autoware/install/autoware_auto_control_msgs/share/autoware_auto_control_msgs/cmake/ament_cmake_export_targets-extras.cmake
[0.984s] -- Up-to-date symlink: /home/zhijie/autoware/install/autoware_auto_control_msgs/share/autoware_auto_control_msgs/cmake/rosidl_cmake_export_typesupport_targets-extras.cmake
[0.984s] -- Up-to-date symlink: /home/zhijie/autoware/install/autoware_auto_control_msgs/share/autoware_auto_control_msgs/cmake/rosidl_cmake_export_typesupport_libraries-extras.cmake
[0.984s] -- Up-to-date symlink: /home/zhijie/autoware/install/autoware_auto_control_msgs/share/autoware_auto_control_msgs/cmake/autoware_auto_control_msgsConfig.cmake
[0.984s] -- Up-to-date symlink: /home/zhijie/autoware/install/autoware_auto_control_msgs/share/autoware_auto_control_msgs/cmake/autoware_auto_control_msgsConfig-version.cmake
[0.984s] -- Up-to-date symlink: /home/zhijie/autoware/install/autoware_auto_control_msgs/share/autoware_auto_control_msgs/package.xml
[0.984s] -- Up-to-date: /home/zhijie/autoware/install/autoware_auto_control_msgs/lib/libautoware_auto_control_msgs__rosidl_generator_c.so
[0.984s] -- Up-to-date: /home/zhijie/autoware/install/autoware_auto_control_msgs/lib/libautoware_auto_control_msgs__rosidl_typesupport_fastrtps_c.so
[0.984s] -- Up-to-date: /home/zhijie/autoware/install/autoware_auto_control_msgs/lib/libautoware_auto_control_msgs__rosidl_typesupport_introspection_c.so
[0.984s] -- Up-to-date: /home/zhijie/autoware/install/autoware_auto_control_msgs/lib/libautoware_auto_control_msgs__rosidl_typesupport_c.so
[0.984s] -- Up-to-date: /home/zhijie/autoware/install/autoware_auto_control_msgs/lib/libautoware_auto_control_msgs__rosidl_typesupport_fastrtps_cpp.so
[0.984s] -- Up-to-date: /home/zhijie/autoware/install/autoware_auto_control_msgs/lib/libautoware_auto_control_msgs__rosidl_typesupport_introspection_cpp.so
[0.984s] -- Up-to-date: /home/zhijie/autoware/install/autoware_auto_control_msgs/lib/libautoware_auto_control_msgs__rosidl_typesupport_cpp.so
[0.986s] Listing '/home/zhijie/autoware/install/autoware_auto_control_msgs/local/lib/python3.10/dist-packages/autoware_auto_control_msgs'...
[0.987s] Listing '/home/zhijie/autoware/install/autoware_auto_control_msgs/local/lib/python3.10/dist-packages/autoware_auto_control_msgs/msg'...
[0.989s] -- Up-to-date: /home/zhijie/autoware/install/autoware_auto_control_msgs/lib/libautoware_auto_control_msgs__rosidl_generator_py.so
[0.989s] -- Up-to-date: /home/zhijie/autoware/install/autoware_auto_control_msgs/share/autoware_auto_control_msgs/cmake/export_autoware_auto_control_msgs__rosidl_generator_cExport.cmake
[0.989s] -- Up-to-date: /home/zhijie/autoware/install/autoware_auto_control_msgs/share/autoware_auto_control_msgs/cmake/export_autoware_auto_control_msgs__rosidl_generator_cExport-release.cmake
[0.990s] -- Up-to-date: /home/zhijie/autoware/install/autoware_auto_control_msgs/share/autoware_auto_control_msgs/cmake/export_autoware_auto_control_msgs__rosidl_typesupport_fastrtps_cExport.cmake
[0.990s] -- Up-to-date: /home/zhijie/autoware/install/autoware_auto_control_msgs/share/autoware_auto_control_msgs/cmake/export_autoware_auto_control_msgs__rosidl_typesupport_fastrtps_cExport-release.cmake
[0.990s] -- Up-to-date: /home/zhijie/autoware/install/autoware_auto_control_msgs/share/autoware_auto_control_msgs/cmake/autoware_auto_control_msgs__rosidl_typesupport_introspection_cExport.cmake
[0.990s] -- Up-to-date: /home/zhijie/autoware/install/autoware_auto_control_msgs/share/autoware_auto_control_msgs/cmake/autoware_auto_control_msgs__rosidl_typesupport_introspection_cExport-release.cmake
[0.990s] -- Up-to-date: /home/zhijie/autoware/install/autoware_auto_control_msgs/share/autoware_auto_control_msgs/cmake/autoware_auto_control_msgs__rosidl_typesupport_cExport.cmake
[0.990s] -- Up-to-date: /home/zhijie/autoware/install/autoware_auto_control_msgs/share/autoware_auto_control_msgs/cmake/autoware_auto_control_msgs__rosidl_typesupport_cExport-release.cmake
[0.990s] -- Up-to-date: /home/zhijie/autoware/install/autoware_auto_control_msgs/share/autoware_auto_control_msgs/cmake/export_autoware_auto_control_msgs__rosidl_generator_cppExport.cmake
[0.990s] -- Up-to-date: /home/zhijie/autoware/install/autoware_auto_control_msgs/share/autoware_auto_control_msgs/cmake/export_autoware_auto_control_msgs__rosidl_typesupport_fastrtps_cppExport.cmake
[0.990s] -- Up-to-date: /home/zhijie/autoware/install/autoware_auto_control_msgs/share/autoware_auto_control_msgs/cmake/export_autoware_auto_control_msgs__rosidl_typesupport_fastrtps_cppExport-release.cmake
[0.990s] -- Up-to-date: /home/zhijie/autoware/install/autoware_auto_control_msgs/share/autoware_auto_control_msgs/cmake/autoware_auto_control_msgs__rosidl_typesupport_introspection_cppExport.cmake
[0.990s] -- Up-to-date: /home/zhijie/autoware/install/autoware_auto_control_msgs/share/autoware_auto_control_msgs/cmake/autoware_auto_control_msgs__rosidl_typesupport_introspection_cppExport-release.cmake
[0.991s] -- Up-to-date: /home/zhijie/autoware/install/autoware_auto_control_msgs/share/autoware_auto_control_msgs/cmake/autoware_auto_control_msgs__rosidl_typesupport_cppExport.cmake
[0.991s] -- Up-to-date: /home/zhijie/autoware/install/autoware_auto_control_msgs/share/autoware_auto_control_msgs/cmake/autoware_auto_control_msgs__rosidl_typesupport_cppExport-release.cmake
[0.991s] -- Up-to-date: /home/zhijie/autoware/install/autoware_auto_control_msgs/share/autoware_auto_control_msgs/cmake/export_autoware_auto_control_msgs__rosidl_generator_pyExport.cmake
[0.991s] -- Up-to-date: /home/zhijie/autoware/install/autoware_auto_control_msgs/share/autoware_auto_control_msgs/cmake/export_autoware_auto_control_msgs__rosidl_generator_pyExport-release.cmake
[1.067s] Invoked command in '/home/zhijie/autoware/build/autoware_auto_control_msgs' returned '0': CMAKE_PREFIX_PATH=/opt/ros/humble /usr/bin/cmake --install /home/zhijie/autoware/build/autoware_auto_control_msgs
