[0.029s] Invoking command in '/home/zhijie/autoware/build/mcity_msg': CMAKE_PREFIX_PATH=${CMAKE_PREFIX_PATH}:/home/zhijie/autoware/install/simulator_compatibility_test:/home/zhijie/autoware/install/dbw_ford_input_test:/home/zhijie/autoware/install/ad_api_visualizers:/opt/ros/humble /usr/bin/cmake /home/zhijie/autoware/src/terasim/preview_control/mcity_msg -DCMAKE_INSTALL_PREFIX=/home/zhijie/autoware/install/mcity_msg
[0.051s] -- Found ament_cmake_auto: 1.3.5 (/opt/ros/humble/share/ament_cmake_auto/cmake)
[0.319s] -- Found rosidl_generator_c: 3.1.5 (/opt/ros/humble/share/rosidl_generator_c/cmake)
[0.321s] -- Found rosidl_adapter: 3.1.5 (/opt/ros/humble/share/rosidl_adapter/cmake)
[0.325s] -- Found rosidl_generator_cpp: 3.1.5 (/opt/ros/humble/share/rosidl_generator_cpp/cmake)
[0.357s] -- Using all available rosidl_typesupport_c: rosidl_typesupport_fastrtps_c;rosidl_typesupport_introspection_c
[0.393s] -- Using all available rosidl_typesupport_cpp: rosidl_typesupport_fastrtps_cpp;rosidl_typesupport_introspection_cpp
[0.551s] -- Found ament_lint_auto: 0.12.8 (/opt/ros/humble/share/ament_lint_auto/cmake)
[0.743s] -- Added test 'copyright' to check source files copyright and LICENSE
[0.749s] -- Added test 'lint_cmake' to check CMake code style
[0.754s] -- Added test 'xmllint' to check XML markup files
[0.764s] -- Configuring done
[0.766s] -- Generating done
[0.767s] -- Build files have been written to: /home/zhijie/autoware/build/mcity_msg
[0.770s] Invoked command in '/home/zhijie/autoware/build/mcity_msg' returned '0': CMAKE_PREFIX_PATH=${CMAKE_PREFIX_PATH}:/home/zhijie/autoware/install/simulator_compatibility_test:/home/zhijie/autoware/install/dbw_ford_input_test:/home/zhijie/autoware/install/ad_api_visualizers:/opt/ros/humble /usr/bin/cmake /home/zhijie/autoware/src/terasim/preview_control/mcity_msg -DCMAKE_INSTALL_PREFIX=/home/zhijie/autoware/install/mcity_msg
[0.772s] Invoking command in '/home/zhijie/autoware/build/mcity_msg': CMAKE_PREFIX_PATH=${CMAKE_PREFIX_PATH}:/home/zhijie/autoware/install/simulator_compatibility_test:/home/zhijie/autoware/install/dbw_ford_input_test:/home/zhijie/autoware/install/ad_api_visualizers:/opt/ros/humble /usr/bin/cmake --build /home/zhijie/autoware/build/mcity_msg -- -j16 -l16
[0.857s] Invoked command in '/home/zhijie/autoware/build/mcity_msg' returned '0': CMAKE_PREFIX_PATH=${CMAKE_PREFIX_PATH}:/home/zhijie/autoware/install/simulator_compatibility_test:/home/zhijie/autoware/install/dbw_ford_input_test:/home/zhijie/autoware/install/ad_api_visualizers:/opt/ros/humble /usr/bin/cmake --build /home/zhijie/autoware/build/mcity_msg -- -j16 -l16
[0.947s] Invoking command in '/home/zhijie/autoware/build/mcity_msg': CMAKE_PREFIX_PATH=${CMAKE_PREFIX_PATH}:/home/zhijie/autoware/install/simulator_compatibility_test:/home/zhijie/autoware/install/dbw_ford_input_test:/home/zhijie/autoware/install/ad_api_visualizers:/opt/ros/humble /usr/bin/cmake --install /home/zhijie/autoware/build/mcity_msg
[0.964s] -- Install configuration: ""
[0.965s] -- Installing: /home/zhijie/autoware/install/mcity_msg/share/ament_index/resource_index/package_run_dependencies/mcity_msg
[0.965s] -- Installing: /home/zhijie/autoware/install/mcity_msg/share/ament_index/resource_index/parent_prefix_path/mcity_msg
[0.965s] -- Installing: /home/zhijie/autoware/install/mcity_msg/share/mcity_msg/environment/ament_prefix_path.sh
[0.965s] -- Installing: /home/zhijie/autoware/install/mcity_msg/share/mcity_msg/environment/ament_prefix_path.dsv
[0.965s] -- Installing: /home/zhijie/autoware/install/mcity_msg/share/mcity_msg/environment/path.sh
[0.965s] -- Installing: /home/zhijie/autoware/install/mcity_msg/share/mcity_msg/environment/path.dsv
[0.965s] -- Installing: /home/zhijie/autoware/install/mcity_msg/share/mcity_msg/local_setup.bash
[0.965s] -- Installing: /home/zhijie/autoware/install/mcity_msg/share/mcity_msg/local_setup.sh
[0.965s] -- Installing: /home/zhijie/autoware/install/mcity_msg/share/mcity_msg/local_setup.zsh
[0.965s] -- Installing: /home/zhijie/autoware/install/mcity_msg/share/mcity_msg/local_setup.dsv
[0.965s] -- Installing: /home/zhijie/autoware/install/mcity_msg/share/mcity_msg/package.dsv
[0.965s] -- Installing: /home/zhijie/autoware/install/mcity_msg/share/ament_index/resource_index/packages/mcity_msg
[0.965s] -- Installing: /home/zhijie/autoware/install/mcity_msg/share/mcity_msg/cmake/ament_cmake_export_dependencies-extras.cmake
[0.965s] -- Installing: /home/zhijie/autoware/install/mcity_msg/share/mcity_msg/cmake/mcity_msgConfig.cmake
[0.966s] -- Installing: /home/zhijie/autoware/install/mcity_msg/share/mcity_msg/cmake/mcity_msgConfig-version.cmake
[0.966s] -- Installing: /home/zhijie/autoware/install/mcity_msg/share/mcity_msg/package.xml
[0.968s] Invoked command in '/home/zhijie/autoware/build/mcity_msg' returned '0': CMAKE_PREFIX_PATH=${CMAKE_PREFIX_PATH}:/home/zhijie/autoware/install/simulator_compatibility_test:/home/zhijie/autoware/install/dbw_ford_input_test:/home/zhijie/autoware/install/ad_api_visualizers:/opt/ros/humble /usr/bin/cmake --install /home/zhijie/autoware/build/mcity_msg
