[35m[1mConsolidate compiler generated dependencies of target autoware_auto_vehicle_msgs__rosidl_generator_c[0m
[  0%] Built target autoware_auto_vehicle_msgs__cpp
[ 12%] Built target autoware_auto_vehicle_msgs__rosidl_generator_c
[ 12%] Built target ament_cmake_python_symlink_autoware_auto_vehicle_msgs
[35m[1mConsolidate compiler generated dependencies of target autoware_auto_vehicle_msgs__rosidl_typesupport_cpp[0m
[35m[1mConsolidate compiler generated dependencies of target autoware_auto_vehicle_msgs__rosidl_typesupport_introspection_c[0m
[35m[1mConsolidate compiler generated dependencies of target autoware_auto_vehicle_msgs__rosidl_typesupport_introspection_cpp[0m
[35m[1mConsolidate compiler generated dependencies of target autoware_auto_vehicle_msgs__rosidl_typesupport_fastrtps_cpp[0m
[35m[1mConsolidate compiler generated dependencies of target autoware_auto_vehicle_msgs__rosidl_typesupport_fastrtps_c[0m
[ 24%] Built target autoware_auto_vehicle_msgs__rosidl_typesupport_cpp
[35m[1mConsolidate compiler generated dependencies of target autoware_auto_vehicle_msgs__rosidl_typesupport_c[0m
[ 37%] Built target autoware_auto_vehicle_msgs__rosidl_typesupport_introspection_c
[ 56%] Built target autoware_auto_vehicle_msgs__rosidl_typesupport_fastrtps_cpp
[ 62%] Built target autoware_auto_vehicle_msgs__rosidl_typesupport_introspection_cpp
[ 74%] Built target autoware_auto_vehicle_msgs__rosidl_typesupport_fastrtps_c
[ 86%] Built target autoware_auto_vehicle_msgs__rosidl_typesupport_c
[ 86%] Built target autoware_auto_vehicle_msgs
[ 86%] Built target autoware_auto_vehicle_msgs__py
[35m[1mConsolidate compiler generated dependencies of target autoware_auto_vehicle_msgs__rosidl_generator_py[0m
[ 98%] Built target autoware_auto_vehicle_msgs__rosidl_generator_py
[35m[1mConsolidate compiler generated dependencies of target autoware_auto_vehicle_msgs__rosidl_typesupport_introspection_c__pyext[0m
[35m[1mConsolidate compiler generated dependencies of target autoware_auto_vehicle_msgs__rosidl_typesupport_fastrtps_c__pyext[0m
[35m[1mConsolidate compiler generated dependencies of target autoware_auto_vehicle_msgs__rosidl_typesupport_c__pyext[0m
[ 98%] Built target autoware_auto_vehicle_msgs__rosidl_typesupport_introspection_c__pyext
[ 99%] Built target autoware_auto_vehicle_msgs__rosidl_typesupport_fastrtps_c__pyext
[100%] Built target autoware_auto_vehicle_msgs__rosidl_typesupport_c__pyext
running egg_info
writing autoware_auto_vehicle_msgs.egg-info/PKG-INFO
writing dependency_links to autoware_auto_vehicle_msgs.egg-info/dependency_links.txt
writing top-level names to autoware_auto_vehicle_msgs.egg-info/top_level.txt
reading manifest file 'autoware_auto_vehicle_msgs.egg-info/SOURCES.txt'
writing manifest file 'autoware_auto_vehicle_msgs.egg-info/SOURCES.txt'
[100%] Built target ament_cmake_python_build_autoware_auto_vehicle_msgs_egg
