[ 18%] Built target gnss_to_pose_twist
[ 18%] Built target cav_context_converter
[ 18%] Built target cav_info_converter
[ 25%] Built target cav_context_replay
[ 31%] Built target sumo_autoware_cosim
[ 37%] Built target traffic_signal_control_component
[ 43%] Built target gnss_to_dummy_pose_twist
[ 50%] Built target dbw_ulc_converter
[ 56%] Built target traffic_signal_control
[ 62%] Built target cav_info_converter_component
[ 68%] Built target cav_context_converter_component
[ 75%] Built target cav_context_replay_component
[ 81%] Built target sumo_autoware_cosim_component
[ 87%] Built target gnss_to_pose_twist_component
[ 90%] [32mBuilding CXX object CMakeFiles/gnss_to_dummy_pose_twist_component.dir/src/gnss_to_dummy_pose_twist.cpp.o[0m
[01m[Kcc1plus:[m[K [01;31m[Kfatal error: [m[K/home/zhijie/autoware/src/terasim/mcity_terasim/src/gnss_to_dummy_pose_twist.cpp: No such file or directory
compilation terminated.
gmake[2]: *** [CMakeFiles/gnss_to_dummy_pose_twist_component.dir/build.make:76: CMakeFiles/gnss_to_dummy_pose_twist_component.dir/src/gnss_to_dummy_pose_twist.cpp.o] Error 1
gmake[1]: *** [CMakeFiles/Makefile2:494: CMakeFiles/gnss_to_dummy_pose_twist_component.dir/all] Error 2
gmake: *** [Makefile:146: all] Error 2
