[0.007s] Invoking command in '/home/zhijie/autoware/build/mkz_bywire': AMENT_PREFIX_PATH=/home/zhijie/autoware/install/autoware_cmake:/home/zhijie/autoware/install/mcity_msgs:/home/zhijie/autoware/install/dbw_fca_msgs:/home/zhijie/autoware/install/dataspeed_dbw_msgs:/home/zhijie/autoware/install/autoware_lint_common:${AMENT_PREFIX_PATH} CMAKE_PREFIX_PATH=/home/zhijie/autoware/install/autoware_cmake:/home/zhijie/autoware/install/mcity_msgs:/home/zhijie/autoware/install/dbw_fca_msgs:/home/zhijie/autoware/install/dataspeed_dbw_msgs:/home/zhijie/autoware/install/autoware_lint_common:/opt/ros/humble LD_LIBRARY_PATH=/home/zhijie/autoware/install/mcity_msgs/lib:/home/zhijie/autoware/install/dbw_fca_msgs/lib:/home/zhijie/autoware/install/dataspeed_dbw_msgs/lib:${LD_LIBRARY_PATH} PYTHONPATH=/home/zhijie/autoware/install/mcity_msgs/local/lib/python3.10/dist-packages:/home/zhijie/autoware/install/dbw_fca_msgs/local/lib/python3.10/dist-packages:/home/zhijie/autoware/install/dataspeed_dbw_msgs/local/lib/python3.10/dist-packages:${PYTHONPATH} /usr/bin/cmake --build /home/zhijie/autoware/build/mkz_bywire -- -j16 -l16
[0.035s] [35m[1mConsolidate compiler generated dependencies of target mkz_bywire_component[0m
[0.043s] [ 50%] Built target mkz_bywire
[0.047s] [ 75%] [32mBuilding CXX object CMakeFiles/mkz_bywire_component.dir/src/mkz_bywire.cpp.o[0m
[2.374s] [01m[K/home/zhijie/autoware/src/terasim/preview_control/mkz_bywire/src/mkz_bywire.cpp:[m[K In member function ‘[01m[Kvoid mkz_bywire::MkzBywire::publishVehState()[m[K’:
[2.374s] [01m[K/home/zhijie/autoware/src/terasim/preview_control/mkz_bywire/src/mkz_bywire.cpp:214:50:[m[K [01;31m[Kerror: [m[Kcannot convert ‘[01m[Krclcpp::Time[m[K’ to ‘[01m[Kmcity_msgs::msg::VehicleState_<std::allocator<void> >::_timestamp_type[m[K’ {aka ‘[01m[Kdouble[m[K’} in assignment
[2.374s]   214 |         vs_msg.timestamp = [01;31m[Kthis->get_clock()->now()[m[K;
[2.374s]       |                            [01;31m[K~~~~~~~~~~~~~~~~~~~~~~^~[m[K
[2.374s]       |                                                  [01;31m[K|[m[K
[2.374s]       |                                                  [01;31m[Krclcpp::Time[m[K
[2.374s] [01m[K/home/zhijie/autoware/src/terasim/preview_control/mkz_bywire/src/mkz_bywire.cpp:[m[K In member function ‘[01m[Kvoid mkz_bywire::MkzBywire::publishSensorcheck()[m[K’:
[2.374s] [01m[K/home/zhijie/autoware/src/terasim/preview_control/mkz_bywire/src/mkz_bywire.cpp:220:54:[m[K [01;31m[Kerror: [m[Kcannot convert ‘[01m[Krclcpp::Time[m[K’ to ‘[01m[Kmcity_msgs::msg::SensorCheck_<std::allocator<void> >::_timestamp_type[m[K’ {aka ‘[01m[Kdouble[m[K’} in assignment
[2.374s]   220 |         sensor_msg.timestamp = [01;31m[Kthis->get_clock()->now()[m[K;
[2.374s]       |                                [01;31m[K~~~~~~~~~~~~~~~~~~~~~~^~[m[K
[2.374s]       |                                                      [01;31m[K|[m[K
[2.374s]       |                                                      [01;31m[Krclcpp::Time[m[K
[12.806s] gmake[2]: *** [CMakeFiles/mkz_bywire_component.dir/build.make:76: CMakeFiles/mkz_bywire_component.dir/src/mkz_bywire.cpp.o] Error 1
[12.806s] gmake[1]: *** [CMakeFiles/Makefile2:139: CMakeFiles/mkz_bywire_component.dir/all] Error 2
[12.806s] gmake: *** [Makefile:146: all] Error 2
[12.807s] Invoked command in '/home/zhijie/autoware/build/mkz_bywire' returned '2': AMENT_PREFIX_PATH=/home/zhijie/autoware/install/autoware_cmake:/home/zhijie/autoware/install/mcity_msgs:/home/zhijie/autoware/install/dbw_fca_msgs:/home/zhijie/autoware/install/dataspeed_dbw_msgs:/home/zhijie/autoware/install/autoware_lint_common:${AMENT_PREFIX_PATH} CMAKE_PREFIX_PATH=/home/zhijie/autoware/install/autoware_cmake:/home/zhijie/autoware/install/mcity_msgs:/home/zhijie/autoware/install/dbw_fca_msgs:/home/zhijie/autoware/install/dataspeed_dbw_msgs:/home/zhijie/autoware/install/autoware_lint_common:/opt/ros/humble LD_LIBRARY_PATH=/home/zhijie/autoware/install/mcity_msgs/lib:/home/zhijie/autoware/install/dbw_fca_msgs/lib:/home/zhijie/autoware/install/dataspeed_dbw_msgs/lib:${LD_LIBRARY_PATH} PYTHONPATH=/home/zhijie/autoware/install/mcity_msgs/local/lib/python3.10/dist-packages:/home/zhijie/autoware/install/dbw_fca_msgs/local/lib/python3.10/dist-packages:/home/zhijie/autoware/install/dataspeed_dbw_msgs/local/lib/python3.10/dist-packages:${PYTHONPATH} /usr/bin/cmake --build /home/zhijie/autoware/build/mkz_bywire -- -j16 -l16
