[0.354s] Invoking command in '/home/mtl12345/autoware/build/tier4_simulated_clock_rviz_plugin': AMENT_PREFIX_PATH=/home/mtl12345/autoware/install/autoware_cmake:/home/mtl12345/autoware/install/autoware_lint_common:${AMENT_PREFIX_PATH} CMAKE_PREFIX_PATH=/home/mtl12345/autoware/install/autoware_cmake:/home/mtl12345/autoware/install/autoware_lint_common:/opt/ros/humble /usr/bin/cmake /home/mtl12345/autoware/src/universe/autoware.universe/common/tier4_simulated_clock_rviz_plugin -DCMAKE_BUILD_TYPE=Release -DAMENT_CMAKE_SYMLINK_INSTALL=1 -DCMAKE_INSTALL_PREFIX=/home/mtl12345/autoware/install/tier4_simulated_clock_rviz_plugin
[0.434s] -- Found autoware_cmake: 0.1.0 (/home/mtl12345/autoware/install/autoware_cmake/share/autoware_cmake/cmake)
[0.511s] -- Override CMake install command with custom implementation using symlinks instead of copying resources
[0.639s] -- Found rosidl_generator_c: 3.1.5 (/opt/ros/humble/share/rosidl_generator_c/cmake)
[0.641s] -- Found rosidl_adapter: 3.1.5 (/opt/ros/humble/share/rosidl_adapter/cmake)
[0.647s] -- Found rosidl_generator_cpp: 3.1.5 (/opt/ros/humble/share/rosidl_generator_cpp/cmake)
[0.658s] -- Using all available rosidl_typesupport_c: rosidl_typesupport_fastrtps_c;rosidl_typesupport_introspection_c
[0.674s] -- Using all available rosidl_typesupport_cpp: rosidl_typesupport_fastrtps_cpp;rosidl_typesupport_introspection_cpp
[0.733s] -- Found rmw_implementation_cmake: 6.1.1 (/opt/ros/humble/share/rmw_implementation_cmake/cmake)
[0.735s] -- Found rmw_cyclonedds_cpp: 1.3.4 (/opt/ros/humble/share/rmw_cyclonedds_cpp/cmake)
[0.780s] -- Using RMW implementation 'rmw_cyclonedds_cpp' as default
[1.059s] -- Setting OGRE_DIR to: '/opt/ros/humble/share/rviz_ogre_vendor/cmake/../../../opt/rviz_ogre_vendor/lib/OGRE/cmake'
[1.060s] -- Found OGRE
[1.060s] --   static     : OFF
[1.060s] --   components : HLMS;MeshLodGenerator;Overlay;Paging;Property;RTShaderSystem;Terrain;Volume
[1.060s] --   plugins    : Plugin_BSPSceneManager;Plugin_OctreeSceneManager;Plugin_PCZSceneManager;Plugin_ParticleFX;RenderSystem_GL;RenderSystem_GL3Plus;Codec_STBI
[1.061s] --   media      : /opt/ros/humble/opt/rviz_ogre_vendor/share/OGRE/Media
[1.061s] -- OGRE_LIBRARIES: OgreHLMS;OgreMeshLodGenerator;OgreOverlay;OgrePaging;OgreProperty;OgreRTShaderSystem;OgreTerrain;OgreVolume;OgreMain
[1.061s] -- OGRE_LIBRARY_DIRS: /opt/ros/humble/opt/rviz_ogre_vendor/lib
[1.061s] -- OGRE_PLUGINS: Plugin_BSPSceneManager;Plugin_OctreeSceneManager;Plugin_PCZSceneManager;Plugin_ParticleFX;RenderSystem_GL;RenderSystem_GL3Plus;Codec_STBI
[1.061s] -- OGRE_PLUGIN_DIR: /opt/ros/humble/opt/rviz_ogre_vendor/lib/OGRE
[1.061s] -- rviz_ogre_vendor::OgreOverlay for IMPORTED_LOCATION_RELEASE: /opt/ros/humble/opt/rviz_ogre_vendor/lib/libOgreOverlay.so
[1.062s] -- rviz_ogre_vendor::OgreOverlay for IMPORTED_LOCATION_DEBUG: /opt/ros/humble/opt/rviz_ogre_vendor/lib/libOgreOverlay.so
[1.062s] -- rviz_ogre_vendor::OgreMain for IMPORTED_LOCATION_RELEASE: /opt/ros/humble/opt/rviz_ogre_vendor/lib/libOgreMain.so
[1.062s] -- rviz_ogre_vendor::OgreMain for IMPORTED_LOCATION_DEBUG: /opt/ros/humble/opt/rviz_ogre_vendor/lib/libOgreMain.so
[1.066s] -- Could not find freeimage library
[1.127s] -- rviz_ogre_vendor::RenderSystem_GL for IMPORTED_LOCATION_RELEASE: _render_system_gl_static_library_abs-NOTFOUND
[1.127s] -- rviz_ogre_vendor::RenderSystem_GL for IMPORTED_LOCATION_DEBUG: _render_system_gl_static_library_abs-NOTFOUND
[1.150s] -- library: /usr/lib/x86_64-linux-gnu/libcurl.so
[1.421s] -- Ensuring Eigen3 include directory is part of orocos-kdl CMake target
[1.817s] -- Found ament_lint_auto: 0.12.8 (/opt/ros/humble/share/ament_lint_auto/cmake)
[1.829s] -- Added test 'copyright' to check source files copyright and LICENSE
[1.830s] -- Added test 'cppcheck' to perform static code analysis on C / C++ code
[1.830s] -- Configured cppcheck include dirs: 
[1.830s] -- Configured cppcheck exclude dirs and/or files: 
[1.832s] -- Added test 'lint_cmake' to check CMake code style
[1.833s] -- Added test 'xmllint' to check XML markup files
[1.834s] -- Configuring done
[1.875s] -- Generating done
[1.880s] -- Build files have been written to: /home/mtl12345/autoware/build/tier4_simulated_clock_rviz_plugin
[1.923s] Invoked command in '/home/mtl12345/autoware/build/tier4_simulated_clock_rviz_plugin' returned '0': AMENT_PREFIX_PATH=/home/mtl12345/autoware/install/autoware_cmake:/home/mtl12345/autoware/install/autoware_lint_common:${AMENT_PREFIX_PATH} CMAKE_PREFIX_PATH=/home/mtl12345/autoware/install/autoware_cmake:/home/mtl12345/autoware/install/autoware_lint_common:/opt/ros/humble /usr/bin/cmake /home/mtl12345/autoware/src/universe/autoware.universe/common/tier4_simulated_clock_rviz_plugin -DCMAKE_BUILD_TYPE=Release -DAMENT_CMAKE_SYMLINK_INSTALL=1 -DCMAKE_INSTALL_PREFIX=/home/mtl12345/autoware/install/tier4_simulated_clock_rviz_plugin
[1.924s] Invoking command in '/home/mtl12345/autoware/build/tier4_simulated_clock_rviz_plugin': AMENT_PREFIX_PATH=/home/mtl12345/autoware/install/autoware_cmake:/home/mtl12345/autoware/install/autoware_lint_common:${AMENT_PREFIX_PATH} CMAKE_PREFIX_PATH=/home/mtl12345/autoware/install/autoware_cmake:/home/mtl12345/autoware/install/autoware_lint_common:/opt/ros/humble /usr/bin/cmake --build /home/mtl12345/autoware/build/tier4_simulated_clock_rviz_plugin -- -j12 -l12
[2.035s] [ 25%] [34m[1mAutomatic MOC for target tier4_simulated_clock_rviz_plugin[0m
[2.035s] [ 25%] Built target tier4_simulated_clock_rviz_plugin_autogen
[2.035s] [35m[1mConsolidate compiler generated dependencies of target tier4_simulated_clock_rviz_plugin[0m
[2.035s] [100%] Built target tier4_simulated_clock_rviz_plugin
[2.040s] Invoked command in '/home/mtl12345/autoware/build/tier4_simulated_clock_rviz_plugin' returned '0': AMENT_PREFIX_PATH=/home/mtl12345/autoware/install/autoware_cmake:/home/mtl12345/autoware/install/autoware_lint_common:${AMENT_PREFIX_PATH} CMAKE_PREFIX_PATH=/home/mtl12345/autoware/install/autoware_cmake:/home/mtl12345/autoware/install/autoware_lint_common:/opt/ros/humble /usr/bin/cmake --build /home/mtl12345/autoware/build/tier4_simulated_clock_rviz_plugin -- -j12 -l12
[2.236s] Invoking command in '/home/mtl12345/autoware/build/tier4_simulated_clock_rviz_plugin': AMENT_PREFIX_PATH=/home/mtl12345/autoware/install/autoware_cmake:/home/mtl12345/autoware/install/autoware_lint_common:${AMENT_PREFIX_PATH} CMAKE_PREFIX_PATH=/home/mtl12345/autoware/install/autoware_cmake:/home/mtl12345/autoware/install/autoware_lint_common:/opt/ros/humble /usr/bin/cmake --install /home/mtl12345/autoware/build/tier4_simulated_clock_rviz_plugin
[2.242s] -- Install configuration: "Release"
[2.242s] -- Execute custom install script
[2.243s] -- Up-to-date symlink: /home/mtl12345/autoware/install/tier4_simulated_clock_rviz_plugin/share/tier4_simulated_clock_rviz_plugin/plugins/plugin_description.xml
[2.243s] -- Up-to-date symlink: /home/mtl12345/autoware/install/tier4_simulated_clock_rviz_plugin/share/tier4_simulated_clock_rviz_plugin/environment/library_path.sh
[2.244s] -- Up-to-date symlink: /home/mtl12345/autoware/install/tier4_simulated_clock_rviz_plugin/share/tier4_simulated_clock_rviz_plugin/environment/library_path.dsv
[2.244s] -- Up-to-date symlink: /home/mtl12345/autoware/install/tier4_simulated_clock_rviz_plugin/lib/libtier4_simulated_clock_rviz_plugin.so
[2.245s] -- Up-to-date symlink: /home/mtl12345/autoware/install/tier4_simulated_clock_rviz_plugin/share/tier4_simulated_clock_rviz_plugin/icons/classes/SimulatedClockPanel.png
[2.245s] -- Up-to-date symlink: /home/mtl12345/autoware/install/tier4_simulated_clock_rviz_plugin/share/tier4_simulated_clock_rviz_plugin/plugins/plugin_description.xml
[2.245s] -- Up-to-date symlink: /home/mtl12345/autoware/install/tier4_simulated_clock_rviz_plugin/share/ament_index/resource_index/package_run_dependencies/tier4_simulated_clock_rviz_plugin
[2.246s] -- Up-to-date symlink: /home/mtl12345/autoware/install/tier4_simulated_clock_rviz_plugin/share/ament_index/resource_index/parent_prefix_path/tier4_simulated_clock_rviz_plugin
[2.246s] -- Up-to-date symlink: /home/mtl12345/autoware/install/tier4_simulated_clock_rviz_plugin/share/tier4_simulated_clock_rviz_plugin/environment/ament_prefix_path.sh
[2.247s] -- Up-to-date symlink: /home/mtl12345/autoware/install/tier4_simulated_clock_rviz_plugin/share/tier4_simulated_clock_rviz_plugin/environment/ament_prefix_path.dsv
[2.247s] -- Up-to-date symlink: /home/mtl12345/autoware/install/tier4_simulated_clock_rviz_plugin/share/tier4_simulated_clock_rviz_plugin/environment/path.sh
[2.248s] -- Up-to-date symlink: /home/mtl12345/autoware/install/tier4_simulated_clock_rviz_plugin/share/tier4_simulated_clock_rviz_plugin/environment/path.dsv
[2.248s] -- Up-to-date symlink: /home/mtl12345/autoware/install/tier4_simulated_clock_rviz_plugin/share/tier4_simulated_clock_rviz_plugin/local_setup.bash
[2.249s] -- Up-to-date symlink: /home/mtl12345/autoware/install/tier4_simulated_clock_rviz_plugin/share/tier4_simulated_clock_rviz_plugin/local_setup.sh
[2.249s] -- Up-to-date symlink: /home/mtl12345/autoware/install/tier4_simulated_clock_rviz_plugin/share/tier4_simulated_clock_rviz_plugin/local_setup.zsh
[2.249s] -- Up-to-date symlink: /home/mtl12345/autoware/install/tier4_simulated_clock_rviz_plugin/share/tier4_simulated_clock_rviz_plugin/local_setup.dsv
[2.249s] -- Symlinking: /home/mtl12345/autoware/install/tier4_simulated_clock_rviz_plugin/share/tier4_simulated_clock_rviz_plugin/package.dsv
[2.257s] -- Up-to-date symlink: /home/mtl12345/autoware/install/tier4_simulated_clock_rviz_plugin/share/ament_index/resource_index/packages/tier4_simulated_clock_rviz_plugin
[2.258s] -- Up-to-date symlink: /home/mtl12345/autoware/install/tier4_simulated_clock_rviz_plugin/share/ament_index/resource_index/rviz_common__pluginlib__plugin/tier4_simulated_clock_rviz_plugin
[2.258s] -- Up-to-date symlink: /home/mtl12345/autoware/install/tier4_simulated_clock_rviz_plugin/share/tier4_simulated_clock_rviz_plugin/cmake/ament_cmake_export_dependencies-extras.cmake
[2.259s] -- Up-to-date symlink: /home/mtl12345/autoware/install/tier4_simulated_clock_rviz_plugin/share/tier4_simulated_clock_rviz_plugin/cmake/ament_cmake_export_libraries-extras.cmake
[2.259s] -- Up-to-date symlink: /home/mtl12345/autoware/install/tier4_simulated_clock_rviz_plugin/share/tier4_simulated_clock_rviz_plugin/cmake/tier4_simulated_clock_rviz_pluginConfig.cmake
[2.259s] -- Up-to-date symlink: /home/mtl12345/autoware/install/tier4_simulated_clock_rviz_plugin/share/tier4_simulated_clock_rviz_plugin/cmake/tier4_simulated_clock_rviz_pluginConfig-version.cmake
[2.259s] -- Up-to-date symlink: /home/mtl12345/autoware/install/tier4_simulated_clock_rviz_plugin/share/tier4_simulated_clock_rviz_plugin/package.xml
[2.519s] Invoked command in '/home/mtl12345/autoware/build/tier4_simulated_clock_rviz_plugin' returned '0': AMENT_PREFIX_PATH=/home/mtl12345/autoware/install/autoware_cmake:/home/mtl12345/autoware/install/autoware_lint_common:${AMENT_PREFIX_PATH} CMAKE_PREFIX_PATH=/home/mtl12345/autoware/install/autoware_cmake:/home/mtl12345/autoware/install/autoware_lint_common:/opt/ros/humble /usr/bin/cmake --install /home/mtl12345/autoware/build/tier4_simulated_clock_rviz_plugin
