[0.096s] Invoking command in '/home/zhijie/autoware/build/tier4_system_msgs': AMENT_PREFIX_PATH=/home/zhijie/autoware/install/autoware_common_msgs:${AMENT_PREFIX_PATH} CMAKE_PREFIX_PATH=/home/zhijie/autoware/install/autoware_common_msgs:/opt/ros/humble LD_LIBRARY_PATH=/home/zhijie/autoware/install/autoware_common_msgs/lib:${LD_LIBRARY_PATH} PYTHONPATH=/home/zhijie/autoware/install/autoware_common_msgs/local/lib/python3.10/dist-packages:${PYTHONPATH} /usr/bin/cmake /home/zhijie/autoware/src/universe/external/tier4_autoware_msgs/tier4_system_msgs -DCMAKE_BUILD_TYPE=Release -DAMENT_CMAKE_SYMLINK_INSTALL=1 -DCMAKE_INSTALL_PREFIX=/home/zhijie/autoware/install/tier4_system_msgs
[0.142s] -- Found ament_cmake_auto: 1.3.5 (/opt/ros/humble/share/ament_cmake_auto/cmake)
[0.464s] -- Override CMake install command with custom implementation using symlinks instead of copying resources
[0.657s] -- Using all available rosidl_typesupport_c: rosidl_typesupport_fastrtps_c;rosidl_typesupport_introspection_c
[0.663s] -- Found rosidl_adapter: 3.1.5 (/opt/ros/humble/share/rosidl_adapter/cmake)
[0.733s] -- Using all available rosidl_typesupport_cpp: rosidl_typesupport_fastrtps_cpp;rosidl_typesupport_introspection_cpp
[1.542s] -- Found ament_cmake_ros: 0.10.0 (/opt/ros/humble/share/ament_cmake_ros/cmake)
[1.865s] -- Using all available rosidl_typesupport_c: rosidl_typesupport_fastrtps_c;rosidl_typesupport_introspection_c
[2.271s] -- Using all available rosidl_typesupport_cpp: rosidl_typesupport_fastrtps_cpp;rosidl_typesupport_introspection_cpp
[2.299s] -- Found python_cmake_module: 0.10.0 (/opt/ros/humble/share/python_cmake_module/cmake)
[2.327s] -- Using PYTHON_EXECUTABLE: /usr/bin/python3
[2.327s] -- Using PYTHON_INCLUDE_DIRS: /usr/include/python3.10
[2.327s] -- Using PYTHON_LIBRARIES: /usr/lib/x86_64-linux-gnu/libpython3.10.so
[2.413s] -- Found ament_lint_auto: 0.12.8 (/opt/ros/humble/share/ament_lint_auto/cmake)
[2.434s] -- Added test 'copyright' to check source files copyright and LICENSE
[2.434s] -- Added test 'lint_cmake' to check CMake code style
[2.439s] -- Added test 'xmllint' to check XML markup files
[2.443s] -- Configuring done
[2.563s] -- Generating done
[2.567s] -- Build files have been written to: /home/zhijie/autoware/build/tier4_system_msgs
[2.585s] Invoked command in '/home/zhijie/autoware/build/tier4_system_msgs' returned '0': AMENT_PREFIX_PATH=/home/zhijie/autoware/install/autoware_common_msgs:${AMENT_PREFIX_PATH} CMAKE_PREFIX_PATH=/home/zhijie/autoware/install/autoware_common_msgs:/opt/ros/humble LD_LIBRARY_PATH=/home/zhijie/autoware/install/autoware_common_msgs/lib:${LD_LIBRARY_PATH} PYTHONPATH=/home/zhijie/autoware/install/autoware_common_msgs/local/lib/python3.10/dist-packages:${PYTHONPATH} /usr/bin/cmake /home/zhijie/autoware/src/universe/external/tier4_autoware_msgs/tier4_system_msgs -DCMAKE_BUILD_TYPE=Release -DAMENT_CMAKE_SYMLINK_INSTALL=1 -DCMAKE_INSTALL_PREFIX=/home/zhijie/autoware/install/tier4_system_msgs
[2.586s] Invoking command in '/home/zhijie/autoware/build/tier4_system_msgs': AMENT_PREFIX_PATH=/home/zhijie/autoware/install/autoware_common_msgs:${AMENT_PREFIX_PATH} CMAKE_PREFIX_PATH=/home/zhijie/autoware/install/autoware_common_msgs:/opt/ros/humble LD_LIBRARY_PATH=/home/zhijie/autoware/install/autoware_common_msgs/lib:${LD_LIBRARY_PATH} PYTHONPATH=/home/zhijie/autoware/install/autoware_common_msgs/local/lib/python3.10/dist-packages:${PYTHONPATH} /usr/bin/cmake --build /home/zhijie/autoware/build/tier4_system_msgs -- -j16 -l16
[5.039s] [  0%] Built target tier4_system_msgs__cpp
[5.040s] [  0%] Built target ament_cmake_python_symlink_tier4_system_msgs
[5.041s] [35m[1mConsolidate compiler generated dependencies of target tier4_system_msgs__rosidl_typesupport_introspection_cpp[0m
[5.041s] [  1%] [32mBuilding CXX object CMakeFiles/tier4_system_msgs__rosidl_typesupport_introspection_cpp.dir/rosidl_typesupport_introspection_cpp/tier4_system_msgs/msg/detail/autoware_state__type_support.cpp.o[0m
[5.041s] [  2%] [32mBuilding CXX object CMakeFiles/tier4_system_msgs__rosidl_typesupport_introspection_cpp.dir/rosidl_typesupport_introspection_cpp/tier4_system_msgs/msg/detail/mrm_behavior_status__type_support.cpp.o[0m
[5.041s] [  2%] [32mBuilding CXX object CMakeFiles/tier4_system_msgs__rosidl_typesupport_introspection_cpp.dir/rosidl_typesupport_introspection_cpp/tier4_system_msgs/srv/detail/operate_mrm__type_support.cpp.o[0m
[5.041s] [  3%] [32mBuilding CXX object CMakeFiles/tier4_system_msgs__rosidl_typesupport_introspection_cpp.dir/rosidl_typesupport_introspection_cpp/tier4_system_msgs/srv/detail/change_operation_mode__type_support.cpp.o[0m
[5.153s] [  4%] [32mBuilding CXX object CMakeFiles/tier4_system_msgs__rosidl_typesupport_introspection_cpp.dir/rosidl_typesupport_introspection_cpp/tier4_system_msgs/srv/detail/change_autoware_control__type_support.cpp.o[0m
[5.690s] [  5%] [32mBuilding CXX object CMakeFiles/tier4_system_msgs__rosidl_typesupport_introspection_cpp.dir/rosidl_typesupport_introspection_cpp/tier4_system_msgs/msg/detail/mode_change_available__type_support.cpp.o[0m
[6.194s] [  5%] [32mBuilding CXX object CMakeFiles/tier4_system_msgs__rosidl_typesupport_introspection_cpp.dir/rosidl_typesupport_introspection_cpp/tier4_system_msgs/msg/detail/service_log__type_support.cpp.o[0m
[6.680s] [  6%] [32mBuilding CXX object CMakeFiles/tier4_system_msgs__rosidl_typesupport_introspection_cpp.dir/rosidl_typesupport_introspection_cpp/tier4_system_msgs/msg/detail/hazard_status_stamped__type_support.cpp.o[0m
[7.182s] [  7%] [32mBuilding CXX object CMakeFiles/tier4_system_msgs__rosidl_typesupport_introspection_cpp.dir/rosidl_typesupport_introspection_cpp/tier4_system_msgs/msg/detail/hazard_status__type_support.cpp.o[0m
[8.027s] [  7%] [32mBuilding CXX object CMakeFiles/tier4_system_msgs__rosidl_typesupport_introspection_cpp.dir/rosidl_typesupport_introspection_cpp/tier4_system_msgs/msg/detail/emergency_state_stamped__type_support.cpp.o[0m
[8.476s] [  8%] [32mBuilding CXX object CMakeFiles/tier4_system_msgs__rosidl_typesupport_introspection_cpp.dir/rosidl_typesupport_introspection_cpp/tier4_system_msgs/msg/detail/emergency_state__type_support.cpp.o[0m
[9.057s] [  9%] [32mBuilding CXX object CMakeFiles/tier4_system_msgs__rosidl_typesupport_introspection_cpp.dir/rosidl_typesupport_introspection_cpp/tier4_system_msgs/msg/detail/operation_mode_availability__type_support.cpp.o[0m
[9.643s] [ 10%] [32mBuilding CXX object CMakeFiles/tier4_system_msgs__rosidl_typesupport_introspection_cpp.dir/rosidl_typesupport_introspection_cpp/tier4_system_msgs/msg/detail/diagnostic_node__type_support.cpp.o[0m
[10.156s] [ 10%] [32mBuilding CXX object CMakeFiles/tier4_system_msgs__rosidl_typesupport_introspection_cpp.dir/rosidl_typesupport_introspection_cpp/tier4_system_msgs/msg/detail/diagnostic_link__type_support.cpp.o[0m
[10.564s] [ 11%] [32mBuilding CXX object CMakeFiles/tier4_system_msgs__rosidl_typesupport_introspection_cpp.dir/rosidl_typesupport_introspection_cpp/tier4_system_msgs/msg/detail/diagnostic_graph__type_support.cpp.o[0m
[11.489s] [ 12%] [32m[1mLinking CXX shared library libtier4_system_msgs__rosidl_typesupport_introspection_cpp.so[0m
[11.561s] [ 12%] Built target tier4_system_msgs__rosidl_typesupport_introspection_cpp
[11.870s] running egg_info
[11.872s] writing tier4_system_msgs.egg-info/PKG-INFO
[11.872s] writing dependency_links to tier4_system_msgs.egg-info/dependency_links.txt
[11.872s] writing top-level names to tier4_system_msgs.egg-info/top_level.txt
[11.878s] reading manifest file 'tier4_system_msgs.egg-info/SOURCES.txt'
[11.879s] writing manifest file 'tier4_system_msgs.egg-info/SOURCES.txt'
[11.922s] [ 12%] Built target ament_cmake_python_build_tier4_system_msgs_egg
[11.944s] [35m[1mConsolidate compiler generated dependencies of target tier4_system_msgs__rosidl_typesupport_fastrtps_cpp[0m
[11.981s] [ 13%] [32mBuilding CXX object CMakeFiles/tier4_system_msgs__rosidl_typesupport_fastrtps_cpp.dir/rosidl_typesupport_fastrtps_cpp/tier4_system_msgs/msg/detail/dds_fastrtps/autoware_state__type_support.cpp.o[0m
[12.620s] [ 14%] [32mBuilding CXX object CMakeFiles/tier4_system_msgs__rosidl_typesupport_fastrtps_cpp.dir/rosidl_typesupport_fastrtps_cpp/tier4_system_msgs/srv/detail/dds_fastrtps/change_operation_mode__type_support.cpp.o[0m
[13.273s] [ 15%] [32mBuilding CXX object CMakeFiles/tier4_system_msgs__rosidl_typesupport_fastrtps_cpp.dir/rosidl_typesupport_fastrtps_cpp/tier4_system_msgs/srv/detail/dds_fastrtps/change_autoware_control__type_support.cpp.o[0m
[13.677s] [ 15%] [32mBuilding CXX object CMakeFiles/tier4_system_msgs__rosidl_typesupport_fastrtps_cpp.dir/rosidl_typesupport_fastrtps_cpp/tier4_system_msgs/srv/detail/dds_fastrtps/operate_mrm__type_support.cpp.o[0m
[14.134s] [ 16%] [32mBuilding CXX object CMakeFiles/tier4_system_msgs__rosidl_typesupport_fastrtps_cpp.dir/rosidl_typesupport_fastrtps_cpp/tier4_system_msgs/msg/detail/dds_fastrtps/mrm_behavior_status__type_support.cpp.o[0m
[14.616s] [ 17%] [32mBuilding CXX object CMakeFiles/tier4_system_msgs__rosidl_typesupport_fastrtps_cpp.dir/rosidl_typesupport_fastrtps_cpp/tier4_system_msgs/msg/detail/dds_fastrtps/mode_change_available__type_support.cpp.o[0m
[15.120s] [ 18%] [32mBuilding CXX object CMakeFiles/tier4_system_msgs__rosidl_typesupport_fastrtps_cpp.dir/rosidl_typesupport_fastrtps_cpp/tier4_system_msgs/msg/detail/dds_fastrtps/service_log__type_support.cpp.o[0m
[15.695s] [ 18%] [32mBuilding CXX object CMakeFiles/tier4_system_msgs__rosidl_typesupport_fastrtps_cpp.dir/rosidl_typesupport_fastrtps_cpp/tier4_system_msgs/msg/detail/dds_fastrtps/hazard_status_stamped__type_support.cpp.o[0m
[16.145s] [ 19%] [32mBuilding CXX object CMakeFiles/tier4_system_msgs__rosidl_typesupport_fastrtps_cpp.dir/rosidl_typesupport_fastrtps_cpp/tier4_system_msgs/msg/detail/dds_fastrtps/hazard_status__type_support.cpp.o[0m
[16.669s] [ 20%] [32mBuilding CXX object CMakeFiles/tier4_system_msgs__rosidl_typesupport_fastrtps_cpp.dir/rosidl_typesupport_fastrtps_cpp/tier4_system_msgs/msg/detail/dds_fastrtps/emergency_state_stamped__type_support.cpp.o[0m
[17.238s] [ 20%] [32mBuilding CXX object CMakeFiles/tier4_system_msgs__rosidl_typesupport_fastrtps_cpp.dir/rosidl_typesupport_fastrtps_cpp/tier4_system_msgs/msg/detail/dds_fastrtps/emergency_state__type_support.cpp.o[0m
[17.647s] [ 21%] [32mBuilding CXX object CMakeFiles/tier4_system_msgs__rosidl_typesupport_fastrtps_cpp.dir/rosidl_typesupport_fastrtps_cpp/tier4_system_msgs/msg/detail/dds_fastrtps/operation_mode_availability__type_support.cpp.o[0m
[18.246s] [ 22%] [32mBuilding CXX object CMakeFiles/tier4_system_msgs__rosidl_typesupport_fastrtps_cpp.dir/rosidl_typesupport_fastrtps_cpp/tier4_system_msgs/msg/detail/dds_fastrtps/diagnostic_node__type_support.cpp.o[0m
[18.756s] [ 22%] [32mBuilding CXX object CMakeFiles/tier4_system_msgs__rosidl_typesupport_fastrtps_cpp.dir/rosidl_typesupport_fastrtps_cpp/tier4_system_msgs/msg/detail/dds_fastrtps/diagnostic_link__type_support.cpp.o[0m
[19.278s] [ 23%] [32mBuilding CXX object CMakeFiles/tier4_system_msgs__rosidl_typesupport_fastrtps_cpp.dir/rosidl_typesupport_fastrtps_cpp/tier4_system_msgs/msg/detail/dds_fastrtps/diagnostic_graph__type_support.cpp.o[0m
[19.986s] [ 23%] [32m[1mLinking CXX shared library libtier4_system_msgs__rosidl_typesupport_fastrtps_cpp.so[0m
[20.066s] [ 24%] Built target tier4_system_msgs__rosidl_typesupport_fastrtps_cpp
[20.082s] [35m[1mConsolidate compiler generated dependencies of target tier4_system_msgs__rosidl_typesupport_cpp[0m
[20.114s] [ 25%] [32mBuilding CXX object CMakeFiles/tier4_system_msgs__rosidl_typesupport_cpp.dir/rosidl_typesupport_cpp/tier4_system_msgs/msg/autoware_state__type_support.cpp.o[0m
[20.524s] [ 25%] [32mBuilding CXX object CMakeFiles/tier4_system_msgs__rosidl_typesupport_cpp.dir/rosidl_typesupport_cpp/tier4_system_msgs/srv/change_autoware_control__type_support.cpp.o[0m
[20.787s] [ 26%] [32mBuilding CXX object CMakeFiles/tier4_system_msgs__rosidl_typesupport_cpp.dir/rosidl_typesupport_cpp/tier4_system_msgs/srv/change_operation_mode__type_support.cpp.o[0m
[21.112s] [ 27%] [32mBuilding CXX object CMakeFiles/tier4_system_msgs__rosidl_typesupport_cpp.dir/rosidl_typesupport_cpp/tier4_system_msgs/srv/operate_mrm__type_support.cpp.o[0m
[21.472s] [ 27%] [32mBuilding CXX object CMakeFiles/tier4_system_msgs__rosidl_typesupport_cpp.dir/rosidl_typesupport_cpp/tier4_system_msgs/msg/mrm_behavior_status__type_support.cpp.o[0m
[21.794s] [ 28%] [32mBuilding CXX object CMakeFiles/tier4_system_msgs__rosidl_typesupport_cpp.dir/rosidl_typesupport_cpp/tier4_system_msgs/msg/mode_change_available__type_support.cpp.o[0m
[22.194s] [ 29%] [32mBuilding CXX object CMakeFiles/tier4_system_msgs__rosidl_typesupport_cpp.dir/rosidl_typesupport_cpp/tier4_system_msgs/msg/service_log__type_support.cpp.o[0m
[22.512s] [ 29%] [32mBuilding CXX object CMakeFiles/tier4_system_msgs__rosidl_typesupport_cpp.dir/rosidl_typesupport_cpp/tier4_system_msgs/msg/hazard_status_stamped__type_support.cpp.o[0m
[22.929s] [ 30%] [32mBuilding CXX object CMakeFiles/tier4_system_msgs__rosidl_typesupport_cpp.dir/rosidl_typesupport_cpp/tier4_system_msgs/msg/hazard_status__type_support.cpp.o[0m
[23.334s] [ 31%] [32mBuilding CXX object CMakeFiles/tier4_system_msgs__rosidl_typesupport_cpp.dir/rosidl_typesupport_cpp/tier4_system_msgs/msg/emergency_state_stamped__type_support.cpp.o[0m
[23.731s] [ 32%] [32mBuilding CXX object CMakeFiles/tier4_system_msgs__rosidl_typesupport_cpp.dir/rosidl_typesupport_cpp/tier4_system_msgs/msg/emergency_state__type_support.cpp.o[0m
[24.023s] [ 32%] [32mBuilding CXX object CMakeFiles/tier4_system_msgs__rosidl_typesupport_cpp.dir/rosidl_typesupport_cpp/tier4_system_msgs/msg/operation_mode_availability__type_support.cpp.o[0m
[24.365s] [ 33%] [32mBuilding CXX object CMakeFiles/tier4_system_msgs__rosidl_typesupport_cpp.dir/rosidl_typesupport_cpp/tier4_system_msgs/msg/diagnostic_node__type_support.cpp.o[0m
[24.742s] [ 34%] [32mBuilding CXX object CMakeFiles/tier4_system_msgs__rosidl_typesupport_cpp.dir/rosidl_typesupport_cpp/tier4_system_msgs/msg/diagnostic_link__type_support.cpp.o[0m
[25.165s] [ 34%] [32mBuilding CXX object CMakeFiles/tier4_system_msgs__rosidl_typesupport_cpp.dir/rosidl_typesupport_cpp/tier4_system_msgs/msg/diagnostic_graph__type_support.cpp.o[0m
[25.581s] [ 35%] [32m[1mLinking CXX shared library libtier4_system_msgs__rosidl_typesupport_cpp.so[0m
[25.643s] [ 36%] Built target tier4_system_msgs__rosidl_typesupport_cpp
[25.676s] [35m[1mConsolidate compiler generated dependencies of target tier4_system_msgs__rosidl_generator_c[0m
[25.700s] [ 48%] Built target tier4_system_msgs__rosidl_generator_c
[25.755s] [35m[1mConsolidate compiler generated dependencies of target tier4_system_msgs__rosidl_typesupport_fastrtps_c[0m
[25.834s] [ 49%] [32mBuilding CXX object CMakeFiles/tier4_system_msgs__rosidl_typesupport_fastrtps_c.dir/rosidl_typesupport_fastrtps_c/tier4_system_msgs/msg/detail/autoware_state__type_support_c.cpp.o[0m
[26.294s] [ 50%] [32mBuilding CXX object CMakeFiles/tier4_system_msgs__rosidl_typesupport_fastrtps_c.dir/rosidl_typesupport_fastrtps_c/tier4_system_msgs/srv/detail/change_operation_mode__type_support_c.cpp.o[0m
[26.816s] [ 50%] [32mBuilding CXX object CMakeFiles/tier4_system_msgs__rosidl_typesupport_fastrtps_c.dir/rosidl_typesupport_fastrtps_c/tier4_system_msgs/srv/detail/change_autoware_control__type_support_c.cpp.o[0m
[27.380s] [ 51%] [32mBuilding CXX object CMakeFiles/tier4_system_msgs__rosidl_typesupport_fastrtps_c.dir/rosidl_typesupport_fastrtps_c/tier4_system_msgs/srv/detail/operate_mrm__type_support_c.cpp.o[0m
[27.936s] [ 51%] [32mBuilding CXX object CMakeFiles/tier4_system_msgs__rosidl_typesupport_fastrtps_c.dir/rosidl_typesupport_fastrtps_c/tier4_system_msgs/msg/detail/mrm_behavior_status__type_support_c.cpp.o[0m
[28.448s] [ 52%] [32mBuilding CXX object CMakeFiles/tier4_system_msgs__rosidl_typesupport_fastrtps_c.dir/rosidl_typesupport_fastrtps_c/tier4_system_msgs/msg/detail/mode_change_available__type_support_c.cpp.o[0m
[28.961s] [ 53%] [32mBuilding CXX object CMakeFiles/tier4_system_msgs__rosidl_typesupport_fastrtps_c.dir/rosidl_typesupport_fastrtps_c/tier4_system_msgs/msg/detail/service_log__type_support_c.cpp.o[0m
[29.553s] [ 54%] [32mBuilding CXX object CMakeFiles/tier4_system_msgs__rosidl_typesupport_fastrtps_c.dir/rosidl_typesupport_fastrtps_c/tier4_system_msgs/msg/detail/hazard_status_stamped__type_support_c.cpp.o[0m
[29.888s] [ 54%] [32mBuilding CXX object CMakeFiles/tier4_system_msgs__rosidl_typesupport_fastrtps_c.dir/rosidl_typesupport_fastrtps_c/tier4_system_msgs/msg/detail/hazard_status__type_support_c.cpp.o[0m
[30.258s] [ 55%] [32mBuilding CXX object CMakeFiles/tier4_system_msgs__rosidl_typesupport_fastrtps_c.dir/rosidl_typesupport_fastrtps_c/tier4_system_msgs/msg/detail/emergency_state_stamped__type_support_c.cpp.o[0m
[30.591s] [ 56%] [32mBuilding CXX object CMakeFiles/tier4_system_msgs__rosidl_typesupport_fastrtps_c.dir/rosidl_typesupport_fastrtps_c/tier4_system_msgs/msg/detail/emergency_state__type_support_c.cpp.o[0m
[31.039s] [ 56%] [32mBuilding CXX object CMakeFiles/tier4_system_msgs__rosidl_typesupport_fastrtps_c.dir/rosidl_typesupport_fastrtps_c/tier4_system_msgs/msg/detail/operation_mode_availability__type_support_c.cpp.o[0m
[31.408s] [ 57%] [32mBuilding CXX object CMakeFiles/tier4_system_msgs__rosidl_typesupport_fastrtps_c.dir/rosidl_typesupport_fastrtps_c/tier4_system_msgs/msg/detail/diagnostic_node__type_support_c.cpp.o[0m
[31.823s] [ 58%] [32mBuilding CXX object CMakeFiles/tier4_system_msgs__rosidl_typesupport_fastrtps_c.dir/rosidl_typesupport_fastrtps_c/tier4_system_msgs/msg/detail/diagnostic_link__type_support_c.cpp.o[0m
[32.147s] [ 58%] [32mBuilding CXX object CMakeFiles/tier4_system_msgs__rosidl_typesupport_fastrtps_c.dir/rosidl_typesupport_fastrtps_c/tier4_system_msgs/msg/detail/diagnostic_graph__type_support_c.cpp.o[0m
[32.497s] [ 59%] [32m[1mLinking CXX shared library libtier4_system_msgs__rosidl_typesupport_fastrtps_c.so[0m
[32.576s] [ 60%] Built target tier4_system_msgs__rosidl_typesupport_fastrtps_c
[32.593s] [35m[1mConsolidate compiler generated dependencies of target tier4_system_msgs__rosidl_typesupport_c[0m
[32.609s] [ 72%] Built target tier4_system_msgs__rosidl_typesupport_c
[32.628s] [35m[1mConsolidate compiler generated dependencies of target tier4_system_msgs__rosidl_typesupport_introspection_c[0m
[32.646s] [ 84%] Built target tier4_system_msgs__rosidl_typesupport_introspection_c
[32.664s] [ 84%] Built target tier4_system_msgs
[32.683s] [ 85%] Built target tier4_system_msgs__py
[32.698s] [35m[1mConsolidate compiler generated dependencies of target tier4_system_msgs__rosidl_generator_py[0m
[32.721s] [ 85%] [32mBuilding C object CMakeFiles/tier4_system_msgs__rosidl_generator_py.dir/rosidl_generator_py/tier4_system_msgs/msg/_autoware_state_s.c.o[0m
[32.831s] [ 85%] [32mBuilding C object CMakeFiles/tier4_system_msgs__rosidl_generator_py.dir/rosidl_generator_py/tier4_system_msgs/srv/_change_autoware_control_s.c.o[0m
[32.952s] [ 86%] [32mBuilding C object CMakeFiles/tier4_system_msgs__rosidl_generator_py.dir/rosidl_generator_py/tier4_system_msgs/srv/_change_operation_mode_s.c.o[0m
[33.095s] [ 87%] [32mBuilding C object CMakeFiles/tier4_system_msgs__rosidl_generator_py.dir/rosidl_generator_py/tier4_system_msgs/srv/_operate_mrm_s.c.o[0m
[33.302s] [ 88%] [32mBuilding C object CMakeFiles/tier4_system_msgs__rosidl_generator_py.dir/rosidl_generator_py/tier4_system_msgs/msg/_mrm_behavior_status_s.c.o[0m
[33.486s] [ 88%] [32mBuilding C object CMakeFiles/tier4_system_msgs__rosidl_generator_py.dir/rosidl_generator_py/tier4_system_msgs/msg/_mode_change_available_s.c.o[0m
[33.703s] [ 89%] [32mBuilding C object CMakeFiles/tier4_system_msgs__rosidl_generator_py.dir/rosidl_generator_py/tier4_system_msgs/msg/_service_log_s.c.o[0m
[33.920s] [ 90%] [32mBuilding C object CMakeFiles/tier4_system_msgs__rosidl_generator_py.dir/rosidl_generator_py/tier4_system_msgs/msg/_hazard_status_stamped_s.c.o[0m
[34.125s] [ 90%] [32mBuilding C object CMakeFiles/tier4_system_msgs__rosidl_generator_py.dir/rosidl_generator_py/tier4_system_msgs/msg/_hazard_status_s.c.o[0m
[34.414s] [ 91%] [32mBuilding C object CMakeFiles/tier4_system_msgs__rosidl_generator_py.dir/rosidl_generator_py/tier4_system_msgs/msg/_emergency_state_stamped_s.c.o[0m
[34.620s] [ 92%] [32mBuilding C object CMakeFiles/tier4_system_msgs__rosidl_generator_py.dir/rosidl_generator_py/tier4_system_msgs/msg/_emergency_state_s.c.o[0m
[34.795s] [ 92%] [32mBuilding C object CMakeFiles/tier4_system_msgs__rosidl_generator_py.dir/rosidl_generator_py/tier4_system_msgs/msg/_operation_mode_availability_s.c.o[0m
[34.992s] [ 93%] [32mBuilding C object CMakeFiles/tier4_system_msgs__rosidl_generator_py.dir/rosidl_generator_py/tier4_system_msgs/msg/_diagnostic_node_s.c.o[0m
[35.207s] [ 94%] [32mBuilding C object CMakeFiles/tier4_system_msgs__rosidl_generator_py.dir/rosidl_generator_py/tier4_system_msgs/msg/_diagnostic_link_s.c.o[0m
[35.390s] [ 95%] [32mBuilding C object CMakeFiles/tier4_system_msgs__rosidl_generator_py.dir/rosidl_generator_py/tier4_system_msgs/msg/_diagnostic_graph_s.c.o[0m
[35.576s] [ 96%] [32m[1mLinking C shared library rosidl_generator_py/tier4_system_msgs/libtier4_system_msgs__rosidl_generator_py.so[0m
[35.639s] [ 96%] Built target tier4_system_msgs__rosidl_generator_py
[35.653s] [35m[1mConsolidate compiler generated dependencies of target tier4_system_msgs__rosidl_typesupport_fastrtps_c__pyext[0m
[35.663s] [ 97%] [32mBuilding C object CMakeFiles/tier4_system_msgs__rosidl_typesupport_fastrtps_c__pyext.dir/rosidl_generator_py/tier4_system_msgs/_tier4_system_msgs_s.ep.rosidl_typesupport_fastrtps_c.c.o[0m
[36.030s] [ 97%] [32m[1mLinking C shared library rosidl_generator_py/tier4_system_msgs/tier4_system_msgs_s__rosidl_typesupport_fastrtps_c.cpython-310-x86_64-linux-gnu.so[0m
[36.069s] [ 97%] Built target tier4_system_msgs__rosidl_typesupport_fastrtps_c__pyext
[36.079s] [35m[1mConsolidate compiler generated dependencies of target tier4_system_msgs__rosidl_typesupport_c__pyext[0m
[36.091s] [ 98%] [32mBuilding C object CMakeFiles/tier4_system_msgs__rosidl_typesupport_c__pyext.dir/rosidl_generator_py/tier4_system_msgs/_tier4_system_msgs_s.ep.rosidl_typesupport_c.c.o[0m
[36.388s] [ 98%] [32m[1mLinking C shared library rosidl_generator_py/tier4_system_msgs/tier4_system_msgs_s__rosidl_typesupport_c.cpython-310-x86_64-linux-gnu.so[0m
[36.426s] [ 98%] Built target tier4_system_msgs__rosidl_typesupport_c__pyext
[36.435s] [35m[1mConsolidate compiler generated dependencies of target tier4_system_msgs__rosidl_typesupport_introspection_c__pyext[0m
[36.447s] [ 99%] [32mBuilding C object CMakeFiles/tier4_system_msgs__rosidl_typesupport_introspection_c__pyext.dir/rosidl_generator_py/tier4_system_msgs/_tier4_system_msgs_s.ep.rosidl_typesupport_introspection_c.c.o[0m
[36.747s] [100%] [32m[1mLinking C shared library rosidl_generator_py/tier4_system_msgs/tier4_system_msgs_s__rosidl_typesupport_introspection_c.cpython-310-x86_64-linux-gnu.so[0m
[36.785s] [100%] Built target tier4_system_msgs__rosidl_typesupport_introspection_c__pyext
[36.796s] Invoked command in '/home/zhijie/autoware/build/tier4_system_msgs' returned '0': AMENT_PREFIX_PATH=/home/zhijie/autoware/install/autoware_common_msgs:${AMENT_PREFIX_PATH} CMAKE_PREFIX_PATH=/home/zhijie/autoware/install/autoware_common_msgs:/opt/ros/humble LD_LIBRARY_PATH=/home/zhijie/autoware/install/autoware_common_msgs/lib:${LD_LIBRARY_PATH} PYTHONPATH=/home/zhijie/autoware/install/autoware_common_msgs/local/lib/python3.10/dist-packages:${PYTHONPATH} /usr/bin/cmake --build /home/zhijie/autoware/build/tier4_system_msgs -- -j16 -l16
[37.050s] Invoking command in '/home/zhijie/autoware/build/tier4_system_msgs': AMENT_PREFIX_PATH=/home/zhijie/autoware/install/autoware_common_msgs:${AMENT_PREFIX_PATH} CMAKE_PREFIX_PATH=/home/zhijie/autoware/install/autoware_common_msgs:/opt/ros/humble LD_LIBRARY_PATH=/home/zhijie/autoware/install/autoware_common_msgs/lib:${LD_LIBRARY_PATH} PYTHONPATH=/home/zhijie/autoware/install/autoware_common_msgs/local/lib/python3.10/dist-packages:${PYTHONPATH} /usr/bin/cmake --install /home/zhijie/autoware/build/tier4_system_msgs
[39.874s] -- Install configuration: "Release"
[39.874s] -- Execute custom install script
[39.874s] -- Up-to-date symlink: /home/zhijie/autoware/install/tier4_system_msgs/share/ament_index/resource_index/rosidl_interfaces/tier4_system_msgs
[39.875s] -- Up-to-date symlink: /home/zhijie/autoware/install/tier4_system_msgs/include/tier4_system_msgs/tier4_system_msgs/msg/autoware_state.h
[39.875s] -- Up-to-date symlink: /home/zhijie/autoware/install/tier4_system_msgs/include/tier4_system_msgs/tier4_system_msgs/msg/detail/autoware_state__functions.h
[39.875s] -- Up-to-date symlink: /home/zhijie/autoware/install/tier4_system_msgs/include/tier4_system_msgs/tier4_system_msgs/msg/detail/autoware_state__struct.h
[39.875s] -- Up-to-date symlink: /home/zhijie/autoware/install/tier4_system_msgs/include/tier4_system_msgs/tier4_system_msgs/msg/detail/autoware_state__type_support.h
[39.875s] -- Up-to-date symlink: /home/zhijie/autoware/install/tier4_system_msgs/include/tier4_system_msgs/tier4_system_msgs/msg/detail/diagnostic_graph__functions.h
[39.875s] -- Up-to-date symlink: /home/zhijie/autoware/install/tier4_system_msgs/include/tier4_system_msgs/tier4_system_msgs/msg/detail/diagnostic_graph__struct.h
[39.875s] -- Up-to-date symlink: /home/zhijie/autoware/install/tier4_system_msgs/include/tier4_system_msgs/tier4_system_msgs/msg/detail/diagnostic_graph__type_support.h
[39.875s] -- Up-to-date symlink: /home/zhijie/autoware/install/tier4_system_msgs/include/tier4_system_msgs/tier4_system_msgs/msg/detail/diagnostic_link__functions.h
[39.875s] -- Up-to-date symlink: /home/zhijie/autoware/install/tier4_system_msgs/include/tier4_system_msgs/tier4_system_msgs/msg/detail/diagnostic_link__struct.h
[39.875s] -- Up-to-date symlink: /home/zhijie/autoware/install/tier4_system_msgs/include/tier4_system_msgs/tier4_system_msgs/msg/detail/diagnostic_link__type_support.h
[39.876s] -- Up-to-date symlink: /home/zhijie/autoware/install/tier4_system_msgs/include/tier4_system_msgs/tier4_system_msgs/msg/detail/diagnostic_node__functions.h
[39.876s] -- Up-to-date symlink: /home/zhijie/autoware/install/tier4_system_msgs/include/tier4_system_msgs/tier4_system_msgs/msg/detail/diagnostic_node__struct.h
[39.876s] -- Up-to-date symlink: /home/zhijie/autoware/install/tier4_system_msgs/include/tier4_system_msgs/tier4_system_msgs/msg/detail/diagnostic_node__type_support.h
[39.876s] -- Up-to-date symlink: /home/zhijie/autoware/install/tier4_system_msgs/include/tier4_system_msgs/tier4_system_msgs/msg/detail/emergency_state__functions.h
[39.876s] -- Up-to-date symlink: /home/zhijie/autoware/install/tier4_system_msgs/include/tier4_system_msgs/tier4_system_msgs/msg/detail/emergency_state__struct.h
[39.876s] -- Up-to-date symlink: /home/zhijie/autoware/install/tier4_system_msgs/include/tier4_system_msgs/tier4_system_msgs/msg/detail/emergency_state__type_support.h
[39.877s] -- Up-to-date symlink: /home/zhijie/autoware/install/tier4_system_msgs/include/tier4_system_msgs/tier4_system_msgs/msg/detail/emergency_state_stamped__functions.h
[39.878s] -- Up-to-date symlink: /home/zhijie/autoware/install/tier4_system_msgs/include/tier4_system_msgs/tier4_system_msgs/msg/detail/emergency_state_stamped__struct.h
[39.878s] -- Up-to-date symlink: /home/zhijie/autoware/install/tier4_system_msgs/include/tier4_system_msgs/tier4_system_msgs/msg/detail/emergency_state_stamped__type_support.h
[39.878s] -- Up-to-date symlink: /home/zhijie/autoware/install/tier4_system_msgs/include/tier4_system_msgs/tier4_system_msgs/msg/detail/hazard_status__functions.h
[39.879s] -- Up-to-date symlink: /home/zhijie/autoware/install/tier4_system_msgs/include/tier4_system_msgs/tier4_system_msgs/msg/detail/hazard_status__struct.h
[39.879s] -- Up-to-date symlink: /home/zhijie/autoware/install/tier4_system_msgs/include/tier4_system_msgs/tier4_system_msgs/msg/detail/hazard_status__type_support.h
[39.879s] -- Up-to-date symlink: /home/zhijie/autoware/install/tier4_system_msgs/include/tier4_system_msgs/tier4_system_msgs/msg/detail/hazard_status_stamped__functions.h
[39.879s] -- Up-to-date symlink: /home/zhijie/autoware/install/tier4_system_msgs/include/tier4_system_msgs/tier4_system_msgs/msg/detail/hazard_status_stamped__struct.h
[39.879s] -- Up-to-date symlink: /home/zhijie/autoware/install/tier4_system_msgs/include/tier4_system_msgs/tier4_system_msgs/msg/detail/hazard_status_stamped__type_support.h
[39.879s] -- Up-to-date symlink: /home/zhijie/autoware/install/tier4_system_msgs/include/tier4_system_msgs/tier4_system_msgs/msg/detail/mode_change_available__functions.h
[39.879s] -- Up-to-date symlink: /home/zhijie/autoware/install/tier4_system_msgs/include/tier4_system_msgs/tier4_system_msgs/msg/detail/mode_change_available__struct.h
[39.879s] -- Up-to-date symlink: /home/zhijie/autoware/install/tier4_system_msgs/include/tier4_system_msgs/tier4_system_msgs/msg/detail/mode_change_available__type_support.h
[39.880s] -- Up-to-date symlink: /home/zhijie/autoware/install/tier4_system_msgs/include/tier4_system_msgs/tier4_system_msgs/msg/detail/mrm_behavior_status__functions.h
[39.880s] -- Up-to-date symlink: /home/zhijie/autoware/install/tier4_system_msgs/include/tier4_system_msgs/tier4_system_msgs/msg/detail/mrm_behavior_status__struct.h
[39.880s] -- Up-to-date symlink: /home/zhijie/autoware/install/tier4_system_msgs/include/tier4_system_msgs/tier4_system_msgs/msg/detail/mrm_behavior_status__type_support.h
[39.880s] -- Up-to-date symlink: /home/zhijie/autoware/install/tier4_system_msgs/include/tier4_system_msgs/tier4_system_msgs/msg/detail/operation_mode_availability__functions.h
[39.880s] -- Up-to-date symlink: /home/zhijie/autoware/install/tier4_system_msgs/include/tier4_system_msgs/tier4_system_msgs/msg/detail/operation_mode_availability__struct.h
[39.880s] -- Up-to-date symlink: /home/zhijie/autoware/install/tier4_system_msgs/include/tier4_system_msgs/tier4_system_msgs/msg/detail/operation_mode_availability__type_support.h
[39.880s] -- Up-to-date symlink: /home/zhijie/autoware/install/tier4_system_msgs/include/tier4_system_msgs/tier4_system_msgs/msg/detail/service_log__functions.h
[39.881s] -- Up-to-date symlink: /home/zhijie/autoware/install/tier4_system_msgs/include/tier4_system_msgs/tier4_system_msgs/msg/detail/service_log__struct.h
[39.881s] -- Up-to-date symlink: /home/zhijie/autoware/install/tier4_system_msgs/include/tier4_system_msgs/tier4_system_msgs/msg/detail/service_log__type_support.h
[39.881s] -- Up-to-date symlink: /home/zhijie/autoware/install/tier4_system_msgs/include/tier4_system_msgs/tier4_system_msgs/msg/diagnostic_graph.h
[39.881s] -- Up-to-date symlink: /home/zhijie/autoware/install/tier4_system_msgs/include/tier4_system_msgs/tier4_system_msgs/msg/diagnostic_link.h
[39.881s] -- Up-to-date symlink: /home/zhijie/autoware/install/tier4_system_msgs/include/tier4_system_msgs/tier4_system_msgs/msg/diagnostic_node.h
[39.881s] -- Up-to-date symlink: /home/zhijie/autoware/install/tier4_system_msgs/include/tier4_system_msgs/tier4_system_msgs/msg/emergency_state.h
[39.881s] -- Up-to-date symlink: /home/zhijie/autoware/install/tier4_system_msgs/include/tier4_system_msgs/tier4_system_msgs/msg/emergency_state_stamped.h
[39.881s] -- Up-to-date symlink: /home/zhijie/autoware/install/tier4_system_msgs/include/tier4_system_msgs/tier4_system_msgs/msg/hazard_status.h
[39.881s] -- Up-to-date symlink: /home/zhijie/autoware/install/tier4_system_msgs/include/tier4_system_msgs/tier4_system_msgs/msg/hazard_status_stamped.h
[39.882s] -- Up-to-date symlink: /home/zhijie/autoware/install/tier4_system_msgs/include/tier4_system_msgs/tier4_system_msgs/msg/mode_change_available.h
[39.882s] -- Up-to-date symlink: /home/zhijie/autoware/install/tier4_system_msgs/include/tier4_system_msgs/tier4_system_msgs/msg/mrm_behavior_status.h
[39.882s] -- Up-to-date symlink: /home/zhijie/autoware/install/tier4_system_msgs/include/tier4_system_msgs/tier4_system_msgs/msg/operation_mode_availability.h
[39.882s] -- Up-to-date symlink: /home/zhijie/autoware/install/tier4_system_msgs/include/tier4_system_msgs/tier4_system_msgs/msg/rosidl_generator_c__visibility_control.h
[39.882s] -- Up-to-date symlink: /home/zhijie/autoware/install/tier4_system_msgs/include/tier4_system_msgs/tier4_system_msgs/msg/service_log.h
[39.882s] -- Up-to-date symlink: /home/zhijie/autoware/install/tier4_system_msgs/include/tier4_system_msgs/tier4_system_msgs/srv/change_autoware_control.h
[39.882s] -- Up-to-date symlink: /home/zhijie/autoware/install/tier4_system_msgs/include/tier4_system_msgs/tier4_system_msgs/srv/change_operation_mode.h
[39.882s] -- Up-to-date symlink: /home/zhijie/autoware/install/tier4_system_msgs/include/tier4_system_msgs/tier4_system_msgs/srv/detail/change_autoware_control__functions.h
[39.882s] -- Up-to-date symlink: /home/zhijie/autoware/install/tier4_system_msgs/include/tier4_system_msgs/tier4_system_msgs/srv/detail/change_autoware_control__struct.h
[39.883s] -- Up-to-date symlink: /home/zhijie/autoware/install/tier4_system_msgs/include/tier4_system_msgs/tier4_system_msgs/srv/detail/change_autoware_control__type_support.h
[39.883s] -- Up-to-date symlink: /home/zhijie/autoware/install/tier4_system_msgs/include/tier4_system_msgs/tier4_system_msgs/srv/detail/change_operation_mode__functions.h
[39.883s] -- Up-to-date symlink: /home/zhijie/autoware/install/tier4_system_msgs/include/tier4_system_msgs/tier4_system_msgs/srv/detail/change_operation_mode__struct.h
[39.883s] -- Up-to-date symlink: /home/zhijie/autoware/install/tier4_system_msgs/include/tier4_system_msgs/tier4_system_msgs/srv/detail/change_operation_mode__type_support.h
[39.883s] -- Up-to-date symlink: /home/zhijie/autoware/install/tier4_system_msgs/include/tier4_system_msgs/tier4_system_msgs/srv/detail/operate_mrm__functions.h
[39.887s] -- Up-to-date symlink: /home/zhijie/autoware/install/tier4_system_msgs/include/tier4_system_msgs/tier4_system_msgs/srv/detail/operate_mrm__struct.h
[39.887s] -- Up-to-date symlink: /home/zhijie/autoware/install/tier4_system_msgs/include/tier4_system_msgs/tier4_system_msgs/srv/detail/operate_mrm__type_support.h
[39.887s] -- Up-to-date symlink: /home/zhijie/autoware/install/tier4_system_msgs/include/tier4_system_msgs/tier4_system_msgs/srv/operate_mrm.h
[39.887s] -- Up-to-date symlink: /home/zhijie/autoware/install/tier4_system_msgs/share/tier4_system_msgs/environment/library_path.sh
[39.888s] -- Up-to-date symlink: /home/zhijie/autoware/install/tier4_system_msgs/share/tier4_system_msgs/environment/library_path.dsv
[39.888s] -- Up-to-date symlink: /home/zhijie/autoware/install/tier4_system_msgs/include/tier4_system_msgs/tier4_system_msgs/msg/detail/autoware_state__rosidl_typesupport_fastrtps_c.h
[39.888s] -- Up-to-date symlink: /home/zhijie/autoware/install/tier4_system_msgs/include/tier4_system_msgs/tier4_system_msgs/msg/detail/diagnostic_graph__rosidl_typesupport_fastrtps_c.h
[39.888s] -- Up-to-date symlink: /home/zhijie/autoware/install/tier4_system_msgs/include/tier4_system_msgs/tier4_system_msgs/msg/detail/diagnostic_link__rosidl_typesupport_fastrtps_c.h
[39.888s] -- Up-to-date symlink: /home/zhijie/autoware/install/tier4_system_msgs/include/tier4_system_msgs/tier4_system_msgs/msg/detail/diagnostic_node__rosidl_typesupport_fastrtps_c.h
[39.888s] -- Up-to-date symlink: /home/zhijie/autoware/install/tier4_system_msgs/include/tier4_system_msgs/tier4_system_msgs/msg/detail/emergency_state__rosidl_typesupport_fastrtps_c.h
[39.888s] -- Up-to-date symlink: /home/zhijie/autoware/install/tier4_system_msgs/include/tier4_system_msgs/tier4_system_msgs/msg/detail/emergency_state_stamped__rosidl_typesupport_fastrtps_c.h
[39.888s] -- Up-to-date symlink: /home/zhijie/autoware/install/tier4_system_msgs/include/tier4_system_msgs/tier4_system_msgs/msg/detail/hazard_status__rosidl_typesupport_fastrtps_c.h
[39.888s] -- Up-to-date symlink: /home/zhijie/autoware/install/tier4_system_msgs/include/tier4_system_msgs/tier4_system_msgs/msg/detail/hazard_status_stamped__rosidl_typesupport_fastrtps_c.h
[39.889s] -- Up-to-date symlink: /home/zhijie/autoware/install/tier4_system_msgs/include/tier4_system_msgs/tier4_system_msgs/msg/detail/mode_change_available__rosidl_typesupport_fastrtps_c.h
[39.889s] -- Up-to-date symlink: /home/zhijie/autoware/install/tier4_system_msgs/include/tier4_system_msgs/tier4_system_msgs/msg/detail/mrm_behavior_status__rosidl_typesupport_fastrtps_c.h
[39.889s] -- Up-to-date symlink: /home/zhijie/autoware/install/tier4_system_msgs/include/tier4_system_msgs/tier4_system_msgs/msg/detail/operation_mode_availability__rosidl_typesupport_fastrtps_c.h
[39.889s] -- Up-to-date symlink: /home/zhijie/autoware/install/tier4_system_msgs/include/tier4_system_msgs/tier4_system_msgs/msg/detail/service_log__rosidl_typesupport_fastrtps_c.h
[39.889s] -- Up-to-date symlink: /home/zhijie/autoware/install/tier4_system_msgs/include/tier4_system_msgs/tier4_system_msgs/msg/rosidl_typesupport_fastrtps_c__visibility_control.h
[39.889s] -- Up-to-date symlink: /home/zhijie/autoware/install/tier4_system_msgs/include/tier4_system_msgs/tier4_system_msgs/srv/detail/change_autoware_control__rosidl_typesupport_fastrtps_c.h
[39.889s] -- Up-to-date symlink: /home/zhijie/autoware/install/tier4_system_msgs/include/tier4_system_msgs/tier4_system_msgs/srv/detail/change_operation_mode__rosidl_typesupport_fastrtps_c.h
[39.889s] -- Up-to-date symlink: /home/zhijie/autoware/install/tier4_system_msgs/include/tier4_system_msgs/tier4_system_msgs/srv/detail/operate_mrm__rosidl_typesupport_fastrtps_c.h
[39.889s] -- Up-to-date symlink: /home/zhijie/autoware/install/tier4_system_msgs/include/tier4_system_msgs/tier4_system_msgs/msg/detail/autoware_state__rosidl_typesupport_introspection_c.h
[39.889s] -- Up-to-date symlink: /home/zhijie/autoware/install/tier4_system_msgs/include/tier4_system_msgs/tier4_system_msgs/msg/detail/diagnostic_graph__rosidl_typesupport_introspection_c.h
[39.889s] -- Up-to-date symlink: /home/zhijie/autoware/install/tier4_system_msgs/include/tier4_system_msgs/tier4_system_msgs/msg/detail/diagnostic_link__rosidl_typesupport_introspection_c.h
[39.890s] -- Up-to-date symlink: /home/zhijie/autoware/install/tier4_system_msgs/include/tier4_system_msgs/tier4_system_msgs/msg/detail/diagnostic_node__rosidl_typesupport_introspection_c.h
[39.890s] -- Up-to-date symlink: /home/zhijie/autoware/install/tier4_system_msgs/include/tier4_system_msgs/tier4_system_msgs/msg/detail/emergency_state__rosidl_typesupport_introspection_c.h
[39.890s] -- Up-to-date symlink: /home/zhijie/autoware/install/tier4_system_msgs/include/tier4_system_msgs/tier4_system_msgs/msg/detail/emergency_state_stamped__rosidl_typesupport_introspection_c.h
[39.890s] -- Up-to-date symlink: /home/zhijie/autoware/install/tier4_system_msgs/include/tier4_system_msgs/tier4_system_msgs/msg/detail/hazard_status__rosidl_typesupport_introspection_c.h
[39.890s] -- Up-to-date symlink: /home/zhijie/autoware/install/tier4_system_msgs/include/tier4_system_msgs/tier4_system_msgs/msg/detail/hazard_status_stamped__rosidl_typesupport_introspection_c.h
[39.890s] -- Up-to-date symlink: /home/zhijie/autoware/install/tier4_system_msgs/include/tier4_system_msgs/tier4_system_msgs/msg/detail/mode_change_available__rosidl_typesupport_introspection_c.h
[39.890s] -- Up-to-date symlink: /home/zhijie/autoware/install/tier4_system_msgs/include/tier4_system_msgs/tier4_system_msgs/msg/detail/mrm_behavior_status__rosidl_typesupport_introspection_c.h
[39.890s] -- Up-to-date symlink: /home/zhijie/autoware/install/tier4_system_msgs/include/tier4_system_msgs/tier4_system_msgs/msg/detail/operation_mode_availability__rosidl_typesupport_introspection_c.h
[39.890s] -- Up-to-date symlink: /home/zhijie/autoware/install/tier4_system_msgs/include/tier4_system_msgs/tier4_system_msgs/msg/detail/service_log__rosidl_typesupport_introspection_c.h
[39.890s] -- Up-to-date symlink: /home/zhijie/autoware/install/tier4_system_msgs/include/tier4_system_msgs/tier4_system_msgs/msg/rosidl_typesupport_introspection_c__visibility_control.h
[39.890s] -- Up-to-date symlink: /home/zhijie/autoware/install/tier4_system_msgs/include/tier4_system_msgs/tier4_system_msgs/srv/detail/change_autoware_control__rosidl_typesupport_introspection_c.h
[39.891s] -- Up-to-date symlink: /home/zhijie/autoware/install/tier4_system_msgs/include/tier4_system_msgs/tier4_system_msgs/srv/detail/change_operation_mode__rosidl_typesupport_introspection_c.h
[39.891s] -- Up-to-date symlink: /home/zhijie/autoware/install/tier4_system_msgs/include/tier4_system_msgs/tier4_system_msgs/srv/detail/operate_mrm__rosidl_typesupport_introspection_c.h
[39.891s] -- Up-to-date symlink: /home/zhijie/autoware/install/tier4_system_msgs/include/tier4_system_msgs/tier4_system_msgs/msg/autoware_state.hpp
[39.891s] -- Up-to-date symlink: /home/zhijie/autoware/install/tier4_system_msgs/include/tier4_system_msgs/tier4_system_msgs/msg/detail/autoware_state__builder.hpp
[39.891s] -- Up-to-date symlink: /home/zhijie/autoware/install/tier4_system_msgs/include/tier4_system_msgs/tier4_system_msgs/msg/detail/autoware_state__struct.hpp
[39.891s] -- Up-to-date symlink: /home/zhijie/autoware/install/tier4_system_msgs/include/tier4_system_msgs/tier4_system_msgs/msg/detail/autoware_state__traits.hpp
[39.891s] -- Up-to-date symlink: /home/zhijie/autoware/install/tier4_system_msgs/include/tier4_system_msgs/tier4_system_msgs/msg/detail/diagnostic_graph__builder.hpp
[39.891s] -- Up-to-date symlink: /home/zhijie/autoware/install/tier4_system_msgs/include/tier4_system_msgs/tier4_system_msgs/msg/detail/diagnostic_graph__struct.hpp
[39.891s] -- Up-to-date symlink: /home/zhijie/autoware/install/tier4_system_msgs/include/tier4_system_msgs/tier4_system_msgs/msg/detail/diagnostic_graph__traits.hpp
[39.891s] -- Up-to-date symlink: /home/zhijie/autoware/install/tier4_system_msgs/include/tier4_system_msgs/tier4_system_msgs/msg/detail/diagnostic_link__builder.hpp
[39.891s] -- Up-to-date symlink: /home/zhijie/autoware/install/tier4_system_msgs/include/tier4_system_msgs/tier4_system_msgs/msg/detail/diagnostic_link__struct.hpp
[39.892s] -- Up-to-date symlink: /home/zhijie/autoware/install/tier4_system_msgs/include/tier4_system_msgs/tier4_system_msgs/msg/detail/diagnostic_link__traits.hpp
[39.892s] -- Up-to-date symlink: /home/zhijie/autoware/install/tier4_system_msgs/include/tier4_system_msgs/tier4_system_msgs/msg/detail/diagnostic_node__builder.hpp
[39.892s] -- Up-to-date symlink: /home/zhijie/autoware/install/tier4_system_msgs/include/tier4_system_msgs/tier4_system_msgs/msg/detail/diagnostic_node__struct.hpp
[39.892s] -- Up-to-date symlink: /home/zhijie/autoware/install/tier4_system_msgs/include/tier4_system_msgs/tier4_system_msgs/msg/detail/diagnostic_node__traits.hpp
[39.892s] -- Up-to-date symlink: /home/zhijie/autoware/install/tier4_system_msgs/include/tier4_system_msgs/tier4_system_msgs/msg/detail/emergency_state__builder.hpp
[39.892s] -- Up-to-date symlink: /home/zhijie/autoware/install/tier4_system_msgs/include/tier4_system_msgs/tier4_system_msgs/msg/detail/emergency_state__struct.hpp
[39.892s] -- Up-to-date symlink: /home/zhijie/autoware/install/tier4_system_msgs/include/tier4_system_msgs/tier4_system_msgs/msg/detail/emergency_state__traits.hpp
[39.892s] -- Up-to-date symlink: /home/zhijie/autoware/install/tier4_system_msgs/include/tier4_system_msgs/tier4_system_msgs/msg/detail/emergency_state_stamped__builder.hpp
[39.892s] -- Up-to-date symlink: /home/zhijie/autoware/install/tier4_system_msgs/include/tier4_system_msgs/tier4_system_msgs/msg/detail/emergency_state_stamped__struct.hpp
[39.892s] -- Up-to-date symlink: /home/zhijie/autoware/install/tier4_system_msgs/include/tier4_system_msgs/tier4_system_msgs/msg/detail/emergency_state_stamped__traits.hpp
[39.893s] -- Up-to-date symlink: /home/zhijie/autoware/install/tier4_system_msgs/include/tier4_system_msgs/tier4_system_msgs/msg/detail/hazard_status__builder.hpp
[39.893s] -- Up-to-date symlink: /home/zhijie/autoware/install/tier4_system_msgs/include/tier4_system_msgs/tier4_system_msgs/msg/detail/hazard_status__struct.hpp
[39.893s] -- Up-to-date symlink: /home/zhijie/autoware/install/tier4_system_msgs/include/tier4_system_msgs/tier4_system_msgs/msg/detail/hazard_status__traits.hpp
[39.893s] -- Up-to-date symlink: /home/zhijie/autoware/install/tier4_system_msgs/include/tier4_system_msgs/tier4_system_msgs/msg/detail/hazard_status_stamped__builder.hpp
[39.893s] -- Up-to-date symlink: /home/zhijie/autoware/install/tier4_system_msgs/include/tier4_system_msgs/tier4_system_msgs/msg/detail/hazard_status_stamped__struct.hpp
[39.893s] -- Up-to-date symlink: /home/zhijie/autoware/install/tier4_system_msgs/include/tier4_system_msgs/tier4_system_msgs/msg/detail/hazard_status_stamped__traits.hpp
[39.893s] -- Up-to-date symlink: /home/zhijie/autoware/install/tier4_system_msgs/include/tier4_system_msgs/tier4_system_msgs/msg/detail/mode_change_available__builder.hpp
[39.893s] -- Up-to-date symlink: /home/zhijie/autoware/install/tier4_system_msgs/include/tier4_system_msgs/tier4_system_msgs/msg/detail/mode_change_available__struct.hpp
[39.893s] -- Up-to-date symlink: /home/zhijie/autoware/install/tier4_system_msgs/include/tier4_system_msgs/tier4_system_msgs/msg/detail/mode_change_available__traits.hpp
[39.894s] -- Up-to-date symlink: /home/zhijie/autoware/install/tier4_system_msgs/include/tier4_system_msgs/tier4_system_msgs/msg/detail/mrm_behavior_status__builder.hpp
[39.894s] -- Up-to-date symlink: /home/zhijie/autoware/install/tier4_system_msgs/include/tier4_system_msgs/tier4_system_msgs/msg/detail/mrm_behavior_status__struct.hpp
[39.894s] -- Up-to-date symlink: /home/zhijie/autoware/install/tier4_system_msgs/include/tier4_system_msgs/tier4_system_msgs/msg/detail/mrm_behavior_status__traits.hpp
[39.894s] -- Up-to-date symlink: /home/zhijie/autoware/install/tier4_system_msgs/include/tier4_system_msgs/tier4_system_msgs/msg/detail/operation_mode_availability__builder.hpp
[39.894s] -- Up-to-date symlink: /home/zhijie/autoware/install/tier4_system_msgs/include/tier4_system_msgs/tier4_system_msgs/msg/detail/operation_mode_availability__struct.hpp
[39.894s] -- Up-to-date symlink: /home/zhijie/autoware/install/tier4_system_msgs/include/tier4_system_msgs/tier4_system_msgs/msg/detail/operation_mode_availability__traits.hpp
[39.894s] -- Up-to-date symlink: /home/zhijie/autoware/install/tier4_system_msgs/include/tier4_system_msgs/tier4_system_msgs/msg/detail/service_log__builder.hpp
[39.894s] -- Up-to-date symlink: /home/zhijie/autoware/install/tier4_system_msgs/include/tier4_system_msgs/tier4_system_msgs/msg/detail/service_log__struct.hpp
[39.894s] -- Up-to-date symlink: /home/zhijie/autoware/install/tier4_system_msgs/include/tier4_system_msgs/tier4_system_msgs/msg/detail/service_log__traits.hpp
[39.894s] -- Up-to-date symlink: /home/zhijie/autoware/install/tier4_system_msgs/include/tier4_system_msgs/tier4_system_msgs/msg/diagnostic_graph.hpp
[39.895s] -- Up-to-date symlink: /home/zhijie/autoware/install/tier4_system_msgs/include/tier4_system_msgs/tier4_system_msgs/msg/diagnostic_link.hpp
[39.895s] -- Up-to-date symlink: /home/zhijie/autoware/install/tier4_system_msgs/include/tier4_system_msgs/tier4_system_msgs/msg/diagnostic_node.hpp
[39.895s] -- Up-to-date symlink: /home/zhijie/autoware/install/tier4_system_msgs/include/tier4_system_msgs/tier4_system_msgs/msg/emergency_state.hpp
[39.895s] -- Up-to-date symlink: /home/zhijie/autoware/install/tier4_system_msgs/include/tier4_system_msgs/tier4_system_msgs/msg/emergency_state_stamped.hpp
[39.895s] -- Up-to-date symlink: /home/zhijie/autoware/install/tier4_system_msgs/include/tier4_system_msgs/tier4_system_msgs/msg/hazard_status.hpp
[39.904s] -- Up-to-date symlink: /home/zhijie/autoware/install/tier4_system_msgs/include/tier4_system_msgs/tier4_system_msgs/msg/hazard_status_stamped.hpp
[39.904s] -- Up-to-date symlink: /home/zhijie/autoware/install/tier4_system_msgs/include/tier4_system_msgs/tier4_system_msgs/msg/mode_change_available.hpp
[39.904s] -- Up-to-date symlink: /home/zhijie/autoware/install/tier4_system_msgs/include/tier4_system_msgs/tier4_system_msgs/msg/mrm_behavior_status.hpp
[39.905s] -- Up-to-date symlink: /home/zhijie/autoware/install/tier4_system_msgs/include/tier4_system_msgs/tier4_system_msgs/msg/operation_mode_availability.hpp
[39.905s] -- Up-to-date symlink: /home/zhijie/autoware/install/tier4_system_msgs/include/tier4_system_msgs/tier4_system_msgs/msg/service_log.hpp
[39.905s] -- Up-to-date symlink: /home/zhijie/autoware/install/tier4_system_msgs/include/tier4_system_msgs/tier4_system_msgs/srv/change_autoware_control.hpp
[39.905s] -- Up-to-date symlink: /home/zhijie/autoware/install/tier4_system_msgs/include/tier4_system_msgs/tier4_system_msgs/srv/change_operation_mode.hpp
[39.905s] -- Up-to-date symlink: /home/zhijie/autoware/install/tier4_system_msgs/include/tier4_system_msgs/tier4_system_msgs/srv/detail/change_autoware_control__builder.hpp
[39.906s] -- Up-to-date symlink: /home/zhijie/autoware/install/tier4_system_msgs/include/tier4_system_msgs/tier4_system_msgs/srv/detail/change_autoware_control__struct.hpp
[39.906s] -- Up-to-date symlink: /home/zhijie/autoware/install/tier4_system_msgs/include/tier4_system_msgs/tier4_system_msgs/srv/detail/change_autoware_control__traits.hpp
[39.906s] -- Up-to-date symlink: /home/zhijie/autoware/install/tier4_system_msgs/include/tier4_system_msgs/tier4_system_msgs/srv/detail/change_operation_mode__builder.hpp
[39.910s] -- Up-to-date symlink: /home/zhijie/autoware/install/tier4_system_msgs/include/tier4_system_msgs/tier4_system_msgs/srv/detail/change_operation_mode__struct.hpp
[39.910s] -- Up-to-date symlink: /home/zhijie/autoware/install/tier4_system_msgs/include/tier4_system_msgs/tier4_system_msgs/srv/detail/change_operation_mode__traits.hpp
[39.910s] -- Up-to-date symlink: /home/zhijie/autoware/install/tier4_system_msgs/include/tier4_system_msgs/tier4_system_msgs/srv/detail/operate_mrm__builder.hpp
[39.910s] -- Up-to-date symlink: /home/zhijie/autoware/install/tier4_system_msgs/include/tier4_system_msgs/tier4_system_msgs/srv/detail/operate_mrm__struct.hpp
[39.910s] -- Up-to-date symlink: /home/zhijie/autoware/install/tier4_system_msgs/include/tier4_system_msgs/tier4_system_msgs/srv/detail/operate_mrm__traits.hpp
[39.910s] -- Up-to-date symlink: /home/zhijie/autoware/install/tier4_system_msgs/include/tier4_system_msgs/tier4_system_msgs/srv/operate_mrm.hpp
[39.910s] -- Up-to-date symlink: /home/zhijie/autoware/install/tier4_system_msgs/include/tier4_system_msgs/tier4_system_msgs/msg/detail/autoware_state__rosidl_typesupport_fastrtps_cpp.hpp
[39.910s] -- Up-to-date symlink: /home/zhijie/autoware/install/tier4_system_msgs/include/tier4_system_msgs/tier4_system_msgs/msg/detail/diagnostic_graph__rosidl_typesupport_fastrtps_cpp.hpp
[39.911s] -- Up-to-date symlink: /home/zhijie/autoware/install/tier4_system_msgs/include/tier4_system_msgs/tier4_system_msgs/msg/detail/diagnostic_link__rosidl_typesupport_fastrtps_cpp.hpp
[39.911s] -- Up-to-date symlink: /home/zhijie/autoware/install/tier4_system_msgs/include/tier4_system_msgs/tier4_system_msgs/msg/detail/diagnostic_node__rosidl_typesupport_fastrtps_cpp.hpp
[39.911s] -- Up-to-date symlink: /home/zhijie/autoware/install/tier4_system_msgs/include/tier4_system_msgs/tier4_system_msgs/msg/detail/emergency_state__rosidl_typesupport_fastrtps_cpp.hpp
[39.911s] -- Up-to-date symlink: /home/zhijie/autoware/install/tier4_system_msgs/include/tier4_system_msgs/tier4_system_msgs/msg/detail/emergency_state_stamped__rosidl_typesupport_fastrtps_cpp.hpp
[39.911s] -- Up-to-date symlink: /home/zhijie/autoware/install/tier4_system_msgs/include/tier4_system_msgs/tier4_system_msgs/msg/detail/hazard_status__rosidl_typesupport_fastrtps_cpp.hpp
[39.911s] -- Up-to-date symlink: /home/zhijie/autoware/install/tier4_system_msgs/include/tier4_system_msgs/tier4_system_msgs/msg/detail/hazard_status_stamped__rosidl_typesupport_fastrtps_cpp.hpp
[39.911s] -- Up-to-date symlink: /home/zhijie/autoware/install/tier4_system_msgs/include/tier4_system_msgs/tier4_system_msgs/msg/detail/mode_change_available__rosidl_typesupport_fastrtps_cpp.hpp
[39.911s] -- Up-to-date symlink: /home/zhijie/autoware/install/tier4_system_msgs/include/tier4_system_msgs/tier4_system_msgs/msg/detail/mrm_behavior_status__rosidl_typesupport_fastrtps_cpp.hpp
[39.911s] -- Up-to-date symlink: /home/zhijie/autoware/install/tier4_system_msgs/include/tier4_system_msgs/tier4_system_msgs/msg/detail/operation_mode_availability__rosidl_typesupport_fastrtps_cpp.hpp
[39.912s] -- Up-to-date symlink: /home/zhijie/autoware/install/tier4_system_msgs/include/tier4_system_msgs/tier4_system_msgs/msg/detail/service_log__rosidl_typesupport_fastrtps_cpp.hpp
[39.912s] -- Up-to-date symlink: /home/zhijie/autoware/install/tier4_system_msgs/include/tier4_system_msgs/tier4_system_msgs/msg/rosidl_typesupport_fastrtps_cpp__visibility_control.h
[39.912s] -- Up-to-date symlink: /home/zhijie/autoware/install/tier4_system_msgs/include/tier4_system_msgs/tier4_system_msgs/srv/detail/change_autoware_control__rosidl_typesupport_fastrtps_cpp.hpp
[39.912s] -- Up-to-date symlink: /home/zhijie/autoware/install/tier4_system_msgs/include/tier4_system_msgs/tier4_system_msgs/srv/detail/change_operation_mode__rosidl_typesupport_fastrtps_cpp.hpp
[39.912s] -- Up-to-date symlink: /home/zhijie/autoware/install/tier4_system_msgs/include/tier4_system_msgs/tier4_system_msgs/srv/detail/operate_mrm__rosidl_typesupport_fastrtps_cpp.hpp
[39.912s] -- Up-to-date symlink: /home/zhijie/autoware/install/tier4_system_msgs/include/tier4_system_msgs/tier4_system_msgs/msg/detail/autoware_state__rosidl_typesupport_introspection_cpp.hpp
[39.912s] -- Up-to-date symlink: /home/zhijie/autoware/install/tier4_system_msgs/include/tier4_system_msgs/tier4_system_msgs/msg/detail/diagnostic_graph__rosidl_typesupport_introspection_cpp.hpp
[39.912s] -- Up-to-date symlink: /home/zhijie/autoware/install/tier4_system_msgs/include/tier4_system_msgs/tier4_system_msgs/msg/detail/diagnostic_link__rosidl_typesupport_introspection_cpp.hpp
[39.912s] -- Up-to-date symlink: /home/zhijie/autoware/install/tier4_system_msgs/include/tier4_system_msgs/tier4_system_msgs/msg/detail/diagnostic_node__rosidl_typesupport_introspection_cpp.hpp
[39.913s] -- Up-to-date symlink: /home/zhijie/autoware/install/tier4_system_msgs/include/tier4_system_msgs/tier4_system_msgs/msg/detail/emergency_state__rosidl_typesupport_introspection_cpp.hpp
[39.913s] -- Up-to-date symlink: /home/zhijie/autoware/install/tier4_system_msgs/include/tier4_system_msgs/tier4_system_msgs/msg/detail/emergency_state_stamped__rosidl_typesupport_introspection_cpp.hpp
[39.913s] -- Up-to-date symlink: /home/zhijie/autoware/install/tier4_system_msgs/include/tier4_system_msgs/tier4_system_msgs/msg/detail/hazard_status__rosidl_typesupport_introspection_cpp.hpp
[39.913s] -- Up-to-date symlink: /home/zhijie/autoware/install/tier4_system_msgs/include/tier4_system_msgs/tier4_system_msgs/msg/detail/hazard_status_stamped__rosidl_typesupport_introspection_cpp.hpp
[39.914s] -- Up-to-date symlink: /home/zhijie/autoware/install/tier4_system_msgs/include/tier4_system_msgs/tier4_system_msgs/msg/detail/mode_change_available__rosidl_typesupport_introspection_cpp.hpp
[39.914s] -- Up-to-date symlink: /home/zhijie/autoware/install/tier4_system_msgs/include/tier4_system_msgs/tier4_system_msgs/msg/detail/mrm_behavior_status__rosidl_typesupport_introspection_cpp.hpp
[39.914s] -- Up-to-date symlink: /home/zhijie/autoware/install/tier4_system_msgs/include/tier4_system_msgs/tier4_system_msgs/msg/detail/operation_mode_availability__rosidl_typesupport_introspection_cpp.hpp
[39.914s] -- Up-to-date symlink: /home/zhijie/autoware/install/tier4_system_msgs/include/tier4_system_msgs/tier4_system_msgs/msg/detail/service_log__rosidl_typesupport_introspection_cpp.hpp
[39.914s] -- Up-to-date symlink: /home/zhijie/autoware/install/tier4_system_msgs/include/tier4_system_msgs/tier4_system_msgs/srv/detail/change_autoware_control__rosidl_typesupport_introspection_cpp.hpp
[39.915s] -- Up-to-date symlink: /home/zhijie/autoware/install/tier4_system_msgs/include/tier4_system_msgs/tier4_system_msgs/srv/detail/change_operation_mode__rosidl_typesupport_introspection_cpp.hpp
[39.915s] -- Up-to-date symlink: /home/zhijie/autoware/install/tier4_system_msgs/include/tier4_system_msgs/tier4_system_msgs/srv/detail/operate_mrm__rosidl_typesupport_introspection_cpp.hpp
[39.915s] -- Up-to-date symlink: /home/zhijie/autoware/install/tier4_system_msgs/share/tier4_system_msgs/environment/pythonpath.sh
[39.916s] -- Up-to-date symlink: /home/zhijie/autoware/install/tier4_system_msgs/share/tier4_system_msgs/environment/pythonpath.dsv
[39.916s] -- Up-to-date symlink: /home/zhijie/autoware/install/tier4_system_msgs/local/lib/python3.10/dist-packages/tier4_system_msgs-0.1.0-py3.10.egg-info/PKG-INFO
[39.916s] -- Up-to-date symlink: /home/zhijie/autoware/install/tier4_system_msgs/local/lib/python3.10/dist-packages/tier4_system_msgs-0.1.0-py3.10.egg-info/SOURCES.txt
[39.917s] -- Up-to-date symlink: /home/zhijie/autoware/install/tier4_system_msgs/local/lib/python3.10/dist-packages/tier4_system_msgs-0.1.0-py3.10.egg-info/dependency_links.txt
[39.917s] -- Up-to-date symlink: /home/zhijie/autoware/install/tier4_system_msgs/local/lib/python3.10/dist-packages/tier4_system_msgs-0.1.0-py3.10.egg-info/top_level.txt
[39.917s] -- Up-to-date symlink: /home/zhijie/autoware/install/tier4_system_msgs/local/lib/python3.10/dist-packages/tier4_system_msgs/__init__.py
[39.919s] -- Up-to-date symlink: /home/zhijie/autoware/install/tier4_system_msgs/local/lib/python3.10/dist-packages/tier4_system_msgs/_tier4_system_msgs_s.ep.rosidl_typesupport_c.c
[39.919s] -- Up-to-date symlink: /home/zhijie/autoware/install/tier4_system_msgs/local/lib/python3.10/dist-packages/tier4_system_msgs/_tier4_system_msgs_s.ep.rosidl_typesupport_fastrtps_c.c
[39.919s] -- Up-to-date symlink: /home/zhijie/autoware/install/tier4_system_msgs/local/lib/python3.10/dist-packages/tier4_system_msgs/_tier4_system_msgs_s.ep.rosidl_typesupport_introspection_c.c
[39.920s] -- Up-to-date symlink: /home/zhijie/autoware/install/tier4_system_msgs/local/lib/python3.10/dist-packages/tier4_system_msgs/libtier4_system_msgs__rosidl_generator_py.so
[39.920s] -- Up-to-date symlink: /home/zhijie/autoware/install/tier4_system_msgs/local/lib/python3.10/dist-packages/tier4_system_msgs/msg/__init__.py
[39.921s] -- Up-to-date symlink: /home/zhijie/autoware/install/tier4_system_msgs/local/lib/python3.10/dist-packages/tier4_system_msgs/msg/_autoware_state.py
[39.921s] -- Up-to-date symlink: /home/zhijie/autoware/install/tier4_system_msgs/local/lib/python3.10/dist-packages/tier4_system_msgs/msg/_autoware_state_s.c
[39.921s] -- Up-to-date symlink: /home/zhijie/autoware/install/tier4_system_msgs/local/lib/python3.10/dist-packages/tier4_system_msgs/msg/_diagnostic_graph.py
[39.921s] -- Up-to-date symlink: /home/zhijie/autoware/install/tier4_system_msgs/local/lib/python3.10/dist-packages/tier4_system_msgs/msg/_diagnostic_graph_s.c
[39.921s] -- Up-to-date symlink: /home/zhijie/autoware/install/tier4_system_msgs/local/lib/python3.10/dist-packages/tier4_system_msgs/msg/_diagnostic_link.py
[39.921s] -- Up-to-date symlink: /home/zhijie/autoware/install/tier4_system_msgs/local/lib/python3.10/dist-packages/tier4_system_msgs/msg/_diagnostic_link_s.c
[39.921s] -- Up-to-date symlink: /home/zhijie/autoware/install/tier4_system_msgs/local/lib/python3.10/dist-packages/tier4_system_msgs/msg/_diagnostic_node.py
[39.922s] -- Up-to-date symlink: /home/zhijie/autoware/install/tier4_system_msgs/local/lib/python3.10/dist-packages/tier4_system_msgs/msg/_diagnostic_node_s.c
[39.922s] -- Up-to-date symlink: /home/zhijie/autoware/install/tier4_system_msgs/local/lib/python3.10/dist-packages/tier4_system_msgs/msg/_emergency_state.py
[39.922s] -- Up-to-date symlink: /home/zhijie/autoware/install/tier4_system_msgs/local/lib/python3.10/dist-packages/tier4_system_msgs/msg/_emergency_state_s.c
[39.922s] -- Up-to-date symlink: /home/zhijie/autoware/install/tier4_system_msgs/local/lib/python3.10/dist-packages/tier4_system_msgs/msg/_emergency_state_stamped.py
[39.926s] -- Up-to-date symlink: /home/zhijie/autoware/install/tier4_system_msgs/local/lib/python3.10/dist-packages/tier4_system_msgs/msg/_emergency_state_stamped_s.c
[39.927s] -- Up-to-date symlink: /home/zhijie/autoware/install/tier4_system_msgs/local/lib/python3.10/dist-packages/tier4_system_msgs/msg/_hazard_status.py
[39.928s] -- Up-to-date symlink: /home/zhijie/autoware/install/tier4_system_msgs/local/lib/python3.10/dist-packages/tier4_system_msgs/msg/_hazard_status_s.c
[39.928s] -- Up-to-date symlink: /home/zhijie/autoware/install/tier4_system_msgs/local/lib/python3.10/dist-packages/tier4_system_msgs/msg/_hazard_status_stamped.py
[39.928s] -- Up-to-date symlink: /home/zhijie/autoware/install/tier4_system_msgs/local/lib/python3.10/dist-packages/tier4_system_msgs/msg/_hazard_status_stamped_s.c
[39.931s] -- Up-to-date symlink: /home/zhijie/autoware/install/tier4_system_msgs/local/lib/python3.10/dist-packages/tier4_system_msgs/msg/_mode_change_available.py
[39.931s] -- Up-to-date symlink: /home/zhijie/autoware/install/tier4_system_msgs/local/lib/python3.10/dist-packages/tier4_system_msgs/msg/_mode_change_available_s.c
[39.932s] -- Up-to-date symlink: /home/zhijie/autoware/install/tier4_system_msgs/local/lib/python3.10/dist-packages/tier4_system_msgs/msg/_mrm_behavior_status.py
[39.932s] -- Up-to-date symlink: /home/zhijie/autoware/install/tier4_system_msgs/local/lib/python3.10/dist-packages/tier4_system_msgs/msg/_mrm_behavior_status_s.c
[39.933s] -- Up-to-date symlink: /home/zhijie/autoware/install/tier4_system_msgs/local/lib/python3.10/dist-packages/tier4_system_msgs/msg/_operation_mode_availability.py
[39.933s] -- Up-to-date symlink: /home/zhijie/autoware/install/tier4_system_msgs/local/lib/python3.10/dist-packages/tier4_system_msgs/msg/_operation_mode_availability_s.c
[39.933s] -- Up-to-date symlink: /home/zhijie/autoware/install/tier4_system_msgs/local/lib/python3.10/dist-packages/tier4_system_msgs/msg/_service_log.py
[39.933s] -- Up-to-date symlink: /home/zhijie/autoware/install/tier4_system_msgs/local/lib/python3.10/dist-packages/tier4_system_msgs/msg/_service_log_s.c
[39.934s] -- Up-to-date symlink: /home/zhijie/autoware/install/tier4_system_msgs/local/lib/python3.10/dist-packages/tier4_system_msgs/srv/__init__.py
[39.934s] -- Up-to-date symlink: /home/zhijie/autoware/install/tier4_system_msgs/local/lib/python3.10/dist-packages/tier4_system_msgs/srv/_change_autoware_control.py
[39.934s] -- Up-to-date symlink: /home/zhijie/autoware/install/tier4_system_msgs/local/lib/python3.10/dist-packages/tier4_system_msgs/srv/_change_autoware_control_s.c
[39.934s] -- Up-to-date symlink: /home/zhijie/autoware/install/tier4_system_msgs/local/lib/python3.10/dist-packages/tier4_system_msgs/srv/_change_operation_mode.py
[39.934s] -- Up-to-date symlink: /home/zhijie/autoware/install/tier4_system_msgs/local/lib/python3.10/dist-packages/tier4_system_msgs/srv/_change_operation_mode_s.c
[39.934s] -- Up-to-date symlink: /home/zhijie/autoware/install/tier4_system_msgs/local/lib/python3.10/dist-packages/tier4_system_msgs/srv/_operate_mrm.py
[39.935s] -- Up-to-date symlink: /home/zhijie/autoware/install/tier4_system_msgs/local/lib/python3.10/dist-packages/tier4_system_msgs/srv/_operate_mrm_s.c
[39.935s] -- Up-to-date symlink: /home/zhijie/autoware/install/tier4_system_msgs/local/lib/python3.10/dist-packages/tier4_system_msgs/tier4_system_msgs_s__rosidl_typesupport_c.cpython-310-x86_64-linux-gnu.so
[39.938s] -- Up-to-date symlink: /home/zhijie/autoware/install/tier4_system_msgs/local/lib/python3.10/dist-packages/tier4_system_msgs/tier4_system_msgs_s__rosidl_typesupport_fastrtps_c.cpython-310-x86_64-linux-gnu.so
[39.938s] -- Up-to-date symlink: /home/zhijie/autoware/install/tier4_system_msgs/local/lib/python3.10/dist-packages/tier4_system_msgs/tier4_system_msgs_s__rosidl_typesupport_introspection_c.cpython-310-x86_64-linux-gnu.so
[39.938s] -- Up-to-date symlink: /home/zhijie/autoware/install/tier4_system_msgs/local/lib/python3.10/dist-packages/tier4_system_msgs/tier4_system_msgs_s__rosidl_typesupport_fastrtps_c.cpython-310-x86_64-linux-gnu.so
[39.940s] -- Up-to-date symlink: /home/zhijie/autoware/install/tier4_system_msgs/local/lib/python3.10/dist-packages/tier4_system_msgs/tier4_system_msgs_s__rosidl_typesupport_introspection_c.cpython-310-x86_64-linux-gnu.so
[39.940s] -- Up-to-date symlink: /home/zhijie/autoware/install/tier4_system_msgs/local/lib/python3.10/dist-packages/tier4_system_msgs/tier4_system_msgs_s__rosidl_typesupport_c.cpython-310-x86_64-linux-gnu.so
[39.940s] -- Up-to-date symlink: /home/zhijie/autoware/install/tier4_system_msgs/share/tier4_system_msgs/msg/AutowareState.idl
[39.941s] -- Up-to-date symlink: /home/zhijie/autoware/install/tier4_system_msgs/share/tier4_system_msgs/msg/DiagnosticGraph.idl
[39.941s] -- Up-to-date symlink: /home/zhijie/autoware/install/tier4_system_msgs/share/tier4_system_msgs/msg/DiagnosticLink.idl
[39.941s] -- Up-to-date symlink: /home/zhijie/autoware/install/tier4_system_msgs/share/tier4_system_msgs/msg/DiagnosticNode.idl
[39.942s] -- Up-to-date symlink: /home/zhijie/autoware/install/tier4_system_msgs/share/tier4_system_msgs/msg/OperationModeAvailability.idl
[39.942s] -- Up-to-date symlink: /home/zhijie/autoware/install/tier4_system_msgs/share/tier4_system_msgs/msg/EmergencyState.idl
[39.945s] -- Up-to-date symlink: /home/zhijie/autoware/install/tier4_system_msgs/share/tier4_system_msgs/msg/EmergencyStateStamped.idl
[39.946s] -- Up-to-date symlink: /home/zhijie/autoware/install/tier4_system_msgs/share/tier4_system_msgs/msg/HazardStatus.idl
[39.946s] -- Up-to-date symlink: /home/zhijie/autoware/install/tier4_system_msgs/share/tier4_system_msgs/msg/HazardStatusStamped.idl
[39.946s] -- Up-to-date symlink: /home/zhijie/autoware/install/tier4_system_msgs/share/tier4_system_msgs/msg/ServiceLog.idl
[39.947s] -- Up-to-date symlink: /home/zhijie/autoware/install/tier4_system_msgs/share/tier4_system_msgs/msg/ModeChangeAvailable.idl
[39.947s] -- Up-to-date symlink: /home/zhijie/autoware/install/tier4_system_msgs/share/tier4_system_msgs/msg/MrmBehaviorStatus.idl
[39.947s] -- Up-to-date symlink: /home/zhijie/autoware/install/tier4_system_msgs/share/tier4_system_msgs/srv/OperateMrm.idl
[39.947s] -- Up-to-date symlink: /home/zhijie/autoware/install/tier4_system_msgs/share/tier4_system_msgs/srv/ChangeOperationMode.idl
[39.947s] -- Up-to-date symlink: /home/zhijie/autoware/install/tier4_system_msgs/share/tier4_system_msgs/srv/ChangeAutowareControl.idl
[39.947s] -- Up-to-date symlink: /home/zhijie/autoware/install/tier4_system_msgs/share/tier4_system_msgs/msg/AutowareState.msg
[39.947s] -- Up-to-date symlink: /home/zhijie/autoware/install/tier4_system_msgs/share/tier4_system_msgs/msg/DiagnosticGraph.msg
[39.947s] -- Up-to-date symlink: /home/zhijie/autoware/install/tier4_system_msgs/share/tier4_system_msgs/msg/DiagnosticLink.msg
[39.948s] -- Up-to-date symlink: /home/zhijie/autoware/install/tier4_system_msgs/share/tier4_system_msgs/msg/DiagnosticNode.msg
[39.948s] -- Up-to-date symlink: /home/zhijie/autoware/install/tier4_system_msgs/share/tier4_system_msgs/msg/OperationModeAvailability.msg
[39.948s] -- Up-to-date symlink: /home/zhijie/autoware/install/tier4_system_msgs/share/tier4_system_msgs/msg/EmergencyState.msg
[39.948s] -- Up-to-date symlink: /home/zhijie/autoware/install/tier4_system_msgs/share/tier4_system_msgs/msg/EmergencyStateStamped.msg
[39.948s] -- Up-to-date symlink: /home/zhijie/autoware/install/tier4_system_msgs/share/tier4_system_msgs/msg/HazardStatus.msg
[39.948s] -- Up-to-date symlink: /home/zhijie/autoware/install/tier4_system_msgs/share/tier4_system_msgs/msg/HazardStatusStamped.msg
[39.948s] -- Up-to-date symlink: /home/zhijie/autoware/install/tier4_system_msgs/share/tier4_system_msgs/msg/ServiceLog.msg
[39.948s] -- Up-to-date symlink: /home/zhijie/autoware/install/tier4_system_msgs/share/tier4_system_msgs/msg/ModeChangeAvailable.msg
[39.948s] -- Up-to-date symlink: /home/zhijie/autoware/install/tier4_system_msgs/share/tier4_system_msgs/msg/MrmBehaviorStatus.msg
[39.949s] -- Up-to-date symlink: /home/zhijie/autoware/install/tier4_system_msgs/share/tier4_system_msgs/srv/OperateMrm.srv
[39.949s] -- Up-to-date symlink: /home/zhijie/autoware/install/tier4_system_msgs/share/tier4_system_msgs/srv/OperateMrm_Request.msg
[39.949s] -- Up-to-date symlink: /home/zhijie/autoware/install/tier4_system_msgs/share/tier4_system_msgs/srv/OperateMrm_Response.msg
[39.949s] -- Up-to-date symlink: /home/zhijie/autoware/install/tier4_system_msgs/share/tier4_system_msgs/srv/ChangeOperationMode.srv
[39.949s] -- Up-to-date symlink: /home/zhijie/autoware/install/tier4_system_msgs/share/tier4_system_msgs/srv/ChangeOperationMode_Request.msg
[39.949s] -- Up-to-date symlink: /home/zhijie/autoware/install/tier4_system_msgs/share/tier4_system_msgs/srv/ChangeOperationMode_Response.msg
[39.950s] -- Up-to-date symlink: /home/zhijie/autoware/install/tier4_system_msgs/share/tier4_system_msgs/srv/ChangeAutowareControl.srv
[39.950s] -- Up-to-date symlink: /home/zhijie/autoware/install/tier4_system_msgs/share/tier4_system_msgs/srv/ChangeAutowareControl_Request.msg
[39.950s] -- Up-to-date symlink: /home/zhijie/autoware/install/tier4_system_msgs/share/tier4_system_msgs/srv/ChangeAutowareControl_Response.msg
[39.950s] -- Up-to-date symlink: /home/zhijie/autoware/install/tier4_system_msgs/share/ament_index/resource_index/package_run_dependencies/tier4_system_msgs
[39.950s] -- Up-to-date symlink: /home/zhijie/autoware/install/tier4_system_msgs/share/ament_index/resource_index/parent_prefix_path/tier4_system_msgs
[39.950s] -- Up-to-date symlink: /home/zhijie/autoware/install/tier4_system_msgs/share/tier4_system_msgs/environment/ament_prefix_path.sh
[39.950s] -- Up-to-date symlink: /home/zhijie/autoware/install/tier4_system_msgs/share/tier4_system_msgs/environment/ament_prefix_path.dsv
[39.950s] -- Up-to-date symlink: /home/zhijie/autoware/install/tier4_system_msgs/share/tier4_system_msgs/environment/path.sh
[39.950s] -- Up-to-date symlink: /home/zhijie/autoware/install/tier4_system_msgs/share/tier4_system_msgs/environment/path.dsv
[39.951s] -- Up-to-date symlink: /home/zhijie/autoware/install/tier4_system_msgs/share/tier4_system_msgs/local_setup.bash
[39.951s] -- Up-to-date symlink: /home/zhijie/autoware/install/tier4_system_msgs/share/tier4_system_msgs/local_setup.sh
[39.951s] -- Up-to-date symlink: /home/zhijie/autoware/install/tier4_system_msgs/share/tier4_system_msgs/local_setup.zsh
[39.951s] -- Up-to-date symlink: /home/zhijie/autoware/install/tier4_system_msgs/share/tier4_system_msgs/local_setup.dsv
[39.951s] -- Symlinking: /home/zhijie/autoware/install/tier4_system_msgs/share/tier4_system_msgs/package.dsv
[39.958s] -- Up-to-date symlink: /home/zhijie/autoware/install/tier4_system_msgs/share/ament_index/resource_index/packages/tier4_system_msgs
[39.961s] -- Up-to-date symlink: /home/zhijie/autoware/install/tier4_system_msgs/share/tier4_system_msgs/cmake/rosidl_cmake-extras.cmake
[39.961s] -- Up-to-date symlink: /home/zhijie/autoware/install/tier4_system_msgs/share/tier4_system_msgs/cmake/ament_cmake_export_dependencies-extras.cmake
[39.961s] -- Up-to-date symlink: /home/zhijie/autoware/install/tier4_system_msgs/share/tier4_system_msgs/cmake/ament_cmake_export_include_directories-extras.cmake
[39.961s] -- Up-to-date symlink: /home/zhijie/autoware/install/tier4_system_msgs/share/tier4_system_msgs/cmake/ament_cmake_export_libraries-extras.cmake
[39.962s] -- Up-to-date symlink: /home/zhijie/autoware/install/tier4_system_msgs/share/tier4_system_msgs/cmake/ament_cmake_export_targets-extras.cmake
[39.962s] -- Up-to-date symlink: /home/zhijie/autoware/install/tier4_system_msgs/share/tier4_system_msgs/cmake/rosidl_cmake_export_typesupport_targets-extras.cmake
[39.962s] -- Up-to-date symlink: /home/zhijie/autoware/install/tier4_system_msgs/share/tier4_system_msgs/cmake/rosidl_cmake_export_typesupport_libraries-extras.cmake
[39.962s] -- Up-to-date symlink: /home/zhijie/autoware/install/tier4_system_msgs/share/tier4_system_msgs/cmake/tier4_system_msgsConfig.cmake
[39.962s] -- Up-to-date symlink: /home/zhijie/autoware/install/tier4_system_msgs/share/tier4_system_msgs/cmake/tier4_system_msgsConfig-version.cmake
[39.962s] -- Up-to-date symlink: /home/zhijie/autoware/install/tier4_system_msgs/share/tier4_system_msgs/package.xml
[39.962s] -- Up-to-date: /home/zhijie/autoware/install/tier4_system_msgs/lib/libtier4_system_msgs__rosidl_generator_c.so
[39.963s] -- Installing: /home/zhijie/autoware/install/tier4_system_msgs/lib/libtier4_system_msgs__rosidl_typesupport_fastrtps_c.so
[39.964s] -- Set runtime path of "/home/zhijie/autoware/install/tier4_system_msgs/lib/libtier4_system_msgs__rosidl_typesupport_fastrtps_c.so" to ""
[39.965s] -- Up-to-date: /home/zhijie/autoware/install/tier4_system_msgs/lib/libtier4_system_msgs__rosidl_typesupport_introspection_c.so
[39.966s] -- Up-to-date: /home/zhijie/autoware/install/tier4_system_msgs/lib/libtier4_system_msgs__rosidl_typesupport_c.so
[39.969s] -- Installing: /home/zhijie/autoware/install/tier4_system_msgs/lib/libtier4_system_msgs__rosidl_typesupport_fastrtps_cpp.so
[39.969s] -- Set runtime path of "/home/zhijie/autoware/install/tier4_system_msgs/lib/libtier4_system_msgs__rosidl_typesupport_fastrtps_cpp.so" to ""
[39.970s] -- Installing: /home/zhijie/autoware/install/tier4_system_msgs/lib/libtier4_system_msgs__rosidl_typesupport_introspection_cpp.so
[39.970s] -- Set runtime path of "/home/zhijie/autoware/install/tier4_system_msgs/lib/libtier4_system_msgs__rosidl_typesupport_introspection_cpp.so" to ""
[39.970s] -- Installing: /home/zhijie/autoware/install/tier4_system_msgs/lib/libtier4_system_msgs__rosidl_typesupport_cpp.so
[39.971s] -- Set runtime path of "/home/zhijie/autoware/install/tier4_system_msgs/lib/libtier4_system_msgs__rosidl_typesupport_cpp.so" to ""
[40.041s] Listing '/home/zhijie/autoware/install/tier4_system_msgs/local/lib/python3.10/dist-packages/tier4_system_msgs'...
[40.041s] Compiling '/home/zhijie/autoware/install/tier4_system_msgs/local/lib/python3.10/dist-packages/tier4_system_msgs/__init__.py'...
[40.041s] Listing '/home/zhijie/autoware/install/tier4_system_msgs/local/lib/python3.10/dist-packages/tier4_system_msgs/msg'...
[40.041s] Listing '/home/zhijie/autoware/install/tier4_system_msgs/local/lib/python3.10/dist-packages/tier4_system_msgs/srv'...
[40.042s] -- Installing: /home/zhijie/autoware/install/tier4_system_msgs/lib/libtier4_system_msgs__rosidl_generator_py.so
[40.042s] -- Set runtime path of "/home/zhijie/autoware/install/tier4_system_msgs/lib/libtier4_system_msgs__rosidl_generator_py.so" to ""
[40.042s] -- Up-to-date: /home/zhijie/autoware/install/tier4_system_msgs/share/tier4_system_msgs/cmake/export_tier4_system_msgs__rosidl_generator_cExport.cmake
[40.042s] -- Up-to-date: /home/zhijie/autoware/install/tier4_system_msgs/share/tier4_system_msgs/cmake/export_tier4_system_msgs__rosidl_generator_cExport-release.cmake
[40.042s] -- Up-to-date: /home/zhijie/autoware/install/tier4_system_msgs/share/tier4_system_msgs/cmake/export_tier4_system_msgs__rosidl_typesupport_fastrtps_cExport.cmake
[40.042s] -- Up-to-date: /home/zhijie/autoware/install/tier4_system_msgs/share/tier4_system_msgs/cmake/export_tier4_system_msgs__rosidl_typesupport_fastrtps_cExport-release.cmake
[40.042s] -- Up-to-date: /home/zhijie/autoware/install/tier4_system_msgs/share/tier4_system_msgs/cmake/tier4_system_msgs__rosidl_typesupport_introspection_cExport.cmake
[40.042s] -- Up-to-date: /home/zhijie/autoware/install/tier4_system_msgs/share/tier4_system_msgs/cmake/tier4_system_msgs__rosidl_typesupport_introspection_cExport-release.cmake
[40.042s] -- Up-to-date: /home/zhijie/autoware/install/tier4_system_msgs/share/tier4_system_msgs/cmake/tier4_system_msgs__rosidl_typesupport_cExport.cmake
[40.043s] -- Up-to-date: /home/zhijie/autoware/install/tier4_system_msgs/share/tier4_system_msgs/cmake/tier4_system_msgs__rosidl_typesupport_cExport-release.cmake
[40.043s] -- Up-to-date: /home/zhijie/autoware/install/tier4_system_msgs/share/tier4_system_msgs/cmake/export_tier4_system_msgs__rosidl_generator_cppExport.cmake
[40.043s] -- Up-to-date: /home/zhijie/autoware/install/tier4_system_msgs/share/tier4_system_msgs/cmake/export_tier4_system_msgs__rosidl_typesupport_fastrtps_cppExport.cmake
[40.043s] -- Up-to-date: /home/zhijie/autoware/install/tier4_system_msgs/share/tier4_system_msgs/cmake/export_tier4_system_msgs__rosidl_typesupport_fastrtps_cppExport-release.cmake
[40.043s] -- Up-to-date: /home/zhijie/autoware/install/tier4_system_msgs/share/tier4_system_msgs/cmake/tier4_system_msgs__rosidl_typesupport_introspection_cppExport.cmake
[40.043s] -- Up-to-date: /home/zhijie/autoware/install/tier4_system_msgs/share/tier4_system_msgs/cmake/tier4_system_msgs__rosidl_typesupport_introspection_cppExport-release.cmake
[40.043s] -- Up-to-date: /home/zhijie/autoware/install/tier4_system_msgs/share/tier4_system_msgs/cmake/tier4_system_msgs__rosidl_typesupport_cppExport.cmake
[40.043s] -- Up-to-date: /home/zhijie/autoware/install/tier4_system_msgs/share/tier4_system_msgs/cmake/tier4_system_msgs__rosidl_typesupport_cppExport-release.cmake
[40.043s] -- Up-to-date: /home/zhijie/autoware/install/tier4_system_msgs/share/tier4_system_msgs/cmake/export_tier4_system_msgs__rosidl_generator_pyExport.cmake
[40.044s] -- Up-to-date: /home/zhijie/autoware/install/tier4_system_msgs/share/tier4_system_msgs/cmake/export_tier4_system_msgs__rosidl_generator_pyExport-release.cmake
[40.068s] Invoked command in '/home/zhijie/autoware/build/tier4_system_msgs' returned '0': AMENT_PREFIX_PATH=/home/zhijie/autoware/install/autoware_common_msgs:${AMENT_PREFIX_PATH} CMAKE_PREFIX_PATH=/home/zhijie/autoware/install/autoware_common_msgs:/opt/ros/humble LD_LIBRARY_PATH=/home/zhijie/autoware/install/autoware_common_msgs/lib:${LD_LIBRARY_PATH} PYTHONPATH=/home/zhijie/autoware/install/autoware_common_msgs/local/lib/python3.10/dist-packages:${PYTHONPATH} /usr/bin/cmake --install /home/zhijie/autoware/build/tier4_system_msgs
