[0.639s] Invoking command in '/home/mtl12345/autoware/build/nebula_decoders': AMENT_PREFIX_PATH=/home/mtl12345/autoware/install/velodyne_msgs:/home/mtl12345/autoware/install/pandar_msgs:/home/mtl12345/autoware/install/nebula_common:${AMENT_PREFIX_PATH} CMAKE_PREFIX_PATH=/home/mtl12345/autoware/install/velodyne_msgs:/home/mtl12345/autoware/install/pandar_msgs:/home/mtl12345/autoware/install/nebula_common:/opt/ros/humble LD_LIBRARY_PATH=/home/mtl12345/autoware/install/velodyne_msgs/lib:/home/mtl12345/autoware/install/pandar_msgs/lib:/home/mtl12345/autoware/install/nebula_common/lib:${LD_LIBRARY_PATH} PYTHONPATH=/home/mtl12345/autoware/install/velodyne_msgs/local/lib/python3.10/dist-packages:/home/mtl12345/autoware/install/pandar_msgs/local/lib/python3.10/dist-packages:${PYTHONPATH} /usr/bin/cmake --build /home/mtl12345/autoware/build/nebula_decoders -- -j12 -l12
[0.691s] [ 28%] Built target nebula_decoders_hesai
[0.726s] [100%] Built target nebula_decoders_velodyne
[1.007s] Invoked command in '/home/mtl12345/autoware/build/nebula_decoders' returned '0': AMENT_PREFIX_PATH=/home/mtl12345/autoware/install/velodyne_msgs:/home/mtl12345/autoware/install/pandar_msgs:/home/mtl12345/autoware/install/nebula_common:${AMENT_PREFIX_PATH} CMAKE_PREFIX_PATH=/home/mtl12345/autoware/install/velodyne_msgs:/home/mtl12345/autoware/install/pandar_msgs:/home/mtl12345/autoware/install/nebula_common:/opt/ros/humble LD_LIBRARY_PATH=/home/mtl12345/autoware/install/velodyne_msgs/lib:/home/mtl12345/autoware/install/pandar_msgs/lib:/home/mtl12345/autoware/install/nebula_common/lib:${LD_LIBRARY_PATH} PYTHONPATH=/home/mtl12345/autoware/install/velodyne_msgs/local/lib/python3.10/dist-packages:/home/mtl12345/autoware/install/pandar_msgs/local/lib/python3.10/dist-packages:${PYTHONPATH} /usr/bin/cmake --build /home/mtl12345/autoware/build/nebula_decoders -- -j12 -l12
[1.602s] Invoking command in '/home/mtl12345/autoware/build/nebula_decoders': AMENT_PREFIX_PATH=/home/mtl12345/autoware/install/velodyne_msgs:/home/mtl12345/autoware/install/pandar_msgs:/home/mtl12345/autoware/install/nebula_common:${AMENT_PREFIX_PATH} CMAKE_PREFIX_PATH=/home/mtl12345/autoware/install/velodyne_msgs:/home/mtl12345/autoware/install/pandar_msgs:/home/mtl12345/autoware/install/nebula_common:/opt/ros/humble LD_LIBRARY_PATH=/home/mtl12345/autoware/install/velodyne_msgs/lib:/home/mtl12345/autoware/install/pandar_msgs/lib:/home/mtl12345/autoware/install/nebula_common/lib:${LD_LIBRARY_PATH} PYTHONPATH=/home/mtl12345/autoware/install/velodyne_msgs/local/lib/python3.10/dist-packages:/home/mtl12345/autoware/install/pandar_msgs/local/lib/python3.10/dist-packages:${PYTHONPATH} /usr/bin/cmake --install /home/mtl12345/autoware/build/nebula_decoders
[1.811s] -- Install configuration: "Release"
[1.811s] -- Execute custom install script
[1.811s] -- Up-to-date symlink: /home/mtl12345/autoware/install/nebula_decoders/include/nebula_decoders/nebula_decoders_common/nebula_driver_base.hpp
[1.811s] -- Up-to-date symlink: /home/mtl12345/autoware/install/nebula_decoders/include/nebula_decoders/nebula_decoders_hesai/decoders/angle_corrector.hpp
[1.811s] -- Up-to-date symlink: /home/mtl12345/autoware/install/nebula_decoders/include/nebula_decoders/nebula_decoders_hesai/decoders/angle_corrector_calibration_based.hpp
[1.811s] -- Up-to-date symlink: /home/mtl12345/autoware/install/nebula_decoders/include/nebula_decoders/nebula_decoders_hesai/decoders/angle_corrector_correction_based.hpp
[1.811s] -- Up-to-date symlink: /home/mtl12345/autoware/install/nebula_decoders/include/nebula_decoders/nebula_decoders_hesai/decoders/hesai_decoder.hpp
[1.811s] -- Up-to-date symlink: /home/mtl12345/autoware/install/nebula_decoders/include/nebula_decoders/nebula_decoders_hesai/decoders/hesai_packet.hpp
[1.811s] -- Up-to-date symlink: /home/mtl12345/autoware/install/nebula_decoders/include/nebula_decoders/nebula_decoders_hesai/decoders/hesai_scan_decoder.hpp
[1.811s] -- Up-to-date symlink: /home/mtl12345/autoware/install/nebula_decoders/include/nebula_decoders/nebula_decoders_hesai/decoders/hesai_sensor.hpp
[1.811s] -- Up-to-date symlink: /home/mtl12345/autoware/install/nebula_decoders/include/nebula_decoders/nebula_decoders_hesai/decoders/pandar_128e3x.hpp
[1.812s] -- Up-to-date symlink: /home/mtl12345/autoware/install/nebula_decoders/include/nebula_decoders/nebula_decoders_hesai/decoders/pandar_128e4x.hpp
[1.812s] -- Up-to-date symlink: /home/mtl12345/autoware/install/nebula_decoders/include/nebula_decoders/nebula_decoders_hesai/decoders/pandar_40.hpp
[1.812s] -- Up-to-date symlink: /home/mtl12345/autoware/install/nebula_decoders/include/nebula_decoders/nebula_decoders_hesai/decoders/pandar_64.hpp
[1.812s] -- Up-to-date symlink: /home/mtl12345/autoware/install/nebula_decoders/include/nebula_decoders/nebula_decoders_hesai/decoders/pandar_at128.hpp
[1.812s] -- Up-to-date symlink: /home/mtl12345/autoware/install/nebula_decoders/include/nebula_decoders/nebula_decoders_hesai/decoders/pandar_qt128.hpp
[1.812s] -- Up-to-date symlink: /home/mtl12345/autoware/install/nebula_decoders/include/nebula_decoders/nebula_decoders_hesai/decoders/pandar_qt64.hpp
[1.812s] -- Up-to-date symlink: /home/mtl12345/autoware/install/nebula_decoders/include/nebula_decoders/nebula_decoders_hesai/decoders/pandar_xt32.hpp
[1.812s] -- Up-to-date symlink: /home/mtl12345/autoware/install/nebula_decoders/include/nebula_decoders/nebula_decoders_hesai/decoders/pandar_xt32m.hpp
[1.812s] -- Up-to-date symlink: /home/mtl12345/autoware/install/nebula_decoders/include/nebula_decoders/nebula_decoders_hesai/hesai_driver.hpp
[1.812s] -- Up-to-date symlink: /home/mtl12345/autoware/install/nebula_decoders/include/nebula_decoders/nebula_decoders_velodyne/decoders/velodyne_scan_decoder.hpp
[1.812s] -- Up-to-date symlink: /home/mtl12345/autoware/install/nebula_decoders/include/nebula_decoders/nebula_decoders_velodyne/decoders/vlp16_decoder.hpp
[1.812s] -- Up-to-date symlink: /home/mtl12345/autoware/install/nebula_decoders/include/nebula_decoders/nebula_decoders_velodyne/decoders/vlp32_decoder.hpp
[1.812s] -- Up-to-date symlink: /home/mtl12345/autoware/install/nebula_decoders/include/nebula_decoders/nebula_decoders_velodyne/decoders/vls128_decoder.hpp
[1.812s] -- Up-to-date symlink: /home/mtl12345/autoware/install/nebula_decoders/include/nebula_decoders/nebula_decoders_velodyne/velodyne_driver.hpp
[1.812s] -- Up-to-date symlink: /home/mtl12345/autoware/install/nebula_decoders/share/nebula_decoders/environment/library_path.sh
[1.812s] -- Up-to-date symlink: /home/mtl12345/autoware/install/nebula_decoders/share/nebula_decoders/environment/library_path.dsv
[1.812s] -- Up-to-date symlink: /home/mtl12345/autoware/install/nebula_decoders/lib/libnebula_decoders_hesai.so
[1.813s] -- Up-to-date symlink: /home/mtl12345/autoware/install/nebula_decoders/lib/libnebula_decoders_velodyne.so
[1.813s] -- Up-to-date symlink: /home/mtl12345/autoware/install/nebula_decoders/share/nebula_decoders/calibration/hesai/Pandar128E4X.csv
[1.813s] -- Up-to-date symlink: /home/mtl12345/autoware/install/nebula_decoders/share/nebula_decoders/calibration/hesai/Pandar40P.csv
[1.814s] -- Up-to-date symlink: /home/mtl12345/autoware/install/nebula_decoders/share/nebula_decoders/calibration/hesai/Pandar64.csv
[1.815s] -- Up-to-date symlink: /home/mtl12345/autoware/install/nebula_decoders/share/nebula_decoders/calibration/hesai/PandarAT128.csv
[1.815s] -- Up-to-date symlink: /home/mtl12345/autoware/install/nebula_decoders/share/nebula_decoders/calibration/hesai/PandarAT128.dat
[1.815s] -- Up-to-date symlink: /home/mtl12345/autoware/install/nebula_decoders/share/nebula_decoders/calibration/hesai/PandarAT128.dat.2209
[1.815s] -- Up-to-date symlink: /home/mtl12345/autoware/install/nebula_decoders/share/nebula_decoders/calibration/hesai/PandarAT128.dat.2303
[1.815s] -- Up-to-date symlink: /home/mtl12345/autoware/install/nebula_decoders/share/nebula_decoders/calibration/hesai/PandarAT128.dat_or
[1.815s] -- Up-to-date symlink: /home/mtl12345/autoware/install/nebula_decoders/share/nebula_decoders/calibration/hesai/PandarQT128.csv
[1.815s] -- Up-to-date symlink: /home/mtl12345/autoware/install/nebula_decoders/share/nebula_decoders/calibration/hesai/PandarQT64.csv
[1.815s] -- Up-to-date symlink: /home/mtl12345/autoware/install/nebula_decoders/share/nebula_decoders/calibration/hesai/PandarXT32.csv
[1.815s] -- Up-to-date symlink: /home/mtl12345/autoware/install/nebula_decoders/share/nebula_decoders/calibration/hesai/PandarXT32M.csv
[1.815s] -- Up-to-date symlink: /home/mtl12345/autoware/install/nebula_decoders/share/nebula_decoders/calibration/velodyne/HDL32.yaml
[1.815s] -- Up-to-date symlink: /home/mtl12345/autoware/install/nebula_decoders/share/nebula_decoders/calibration/velodyne/HDL64e_s2.yaml
[1.815s] -- Up-to-date symlink: /home/mtl12345/autoware/install/nebula_decoders/share/nebula_decoders/calibration/velodyne/HDL64e_s3.yaml
[1.816s] -- Up-to-date symlink: /home/mtl12345/autoware/install/nebula_decoders/share/nebula_decoders/calibration/velodyne/HDL64e_utexas.yaml
[1.816s] -- Up-to-date symlink: /home/mtl12345/autoware/install/nebula_decoders/share/nebula_decoders/calibration/velodyne/VLP16.yaml
[1.816s] -- Up-to-date symlink: /home/mtl12345/autoware/install/nebula_decoders/share/nebula_decoders/calibration/velodyne/VLP16_hires.yaml
[1.816s] -- Up-to-date symlink: /home/mtl12345/autoware/install/nebula_decoders/share/nebula_decoders/calibration/velodyne/VLP32.yaml
[1.816s] -- Up-to-date symlink: /home/mtl12345/autoware/install/nebula_decoders/share/nebula_decoders/calibration/velodyne/VLP32MR.yaml
[1.816s] -- Up-to-date symlink: /home/mtl12345/autoware/install/nebula_decoders/share/nebula_decoders/calibration/velodyne/VLS128.yaml
[1.816s] -- Up-to-date symlink: /home/mtl12345/autoware/install/nebula_decoders/share/ament_index/resource_index/package_run_dependencies/nebula_decoders
[1.816s] -- Up-to-date symlink: /home/mtl12345/autoware/install/nebula_decoders/share/ament_index/resource_index/parent_prefix_path/nebula_decoders
[1.816s] -- Up-to-date symlink: /home/mtl12345/autoware/install/nebula_decoders/share/nebula_decoders/environment/ament_prefix_path.sh
[1.816s] -- Up-to-date symlink: /home/mtl12345/autoware/install/nebula_decoders/share/nebula_decoders/environment/ament_prefix_path.dsv
[1.816s] -- Up-to-date symlink: /home/mtl12345/autoware/install/nebula_decoders/share/nebula_decoders/environment/path.sh
[1.816s] -- Up-to-date symlink: /home/mtl12345/autoware/install/nebula_decoders/share/nebula_decoders/environment/path.dsv
[1.816s] -- Up-to-date symlink: /home/mtl12345/autoware/install/nebula_decoders/share/nebula_decoders/local_setup.bash
[1.816s] -- Up-to-date symlink: /home/mtl12345/autoware/install/nebula_decoders/share/nebula_decoders/local_setup.sh
[1.817s] -- Up-to-date symlink: /home/mtl12345/autoware/install/nebula_decoders/share/nebula_decoders/local_setup.zsh
[1.817s] -- Up-to-date symlink: /home/mtl12345/autoware/install/nebula_decoders/share/nebula_decoders/local_setup.dsv
[1.817s] -- Symlinking: /home/mtl12345/autoware/install/nebula_decoders/share/nebula_decoders/package.dsv
[1.817s] -- Up-to-date symlink: /home/mtl12345/autoware/install/nebula_decoders/share/ament_index/resource_index/packages/nebula_decoders
[1.818s] -- Up-to-date symlink: /home/mtl12345/autoware/install/nebula_decoders/share/nebula_decoders/cmake/ament_cmake_export_dependencies-extras.cmake
[1.818s] -- Up-to-date symlink: /home/mtl12345/autoware/install/nebula_decoders/share/nebula_decoders/cmake/ament_cmake_export_include_directories-extras.cmake
[1.818s] -- Up-to-date symlink: /home/mtl12345/autoware/install/nebula_decoders/share/nebula_decoders/cmake/ament_cmake_export_libraries-extras.cmake
[1.818s] -- Up-to-date symlink: /home/mtl12345/autoware/install/nebula_decoders/share/nebula_decoders/cmake/nebula_decodersConfig.cmake
[1.818s] -- Up-to-date symlink: /home/mtl12345/autoware/install/nebula_decoders/share/nebula_decoders/cmake/nebula_decodersConfig-version.cmake
[1.818s] -- Up-to-date symlink: /home/mtl12345/autoware/install/nebula_decoders/share/nebula_decoders/package.xml
[1.825s] Invoked command in '/home/mtl12345/autoware/build/nebula_decoders' returned '0': AMENT_PREFIX_PATH=/home/mtl12345/autoware/install/velodyne_msgs:/home/mtl12345/autoware/install/pandar_msgs:/home/mtl12345/autoware/install/nebula_common:${AMENT_PREFIX_PATH} CMAKE_PREFIX_PATH=/home/mtl12345/autoware/install/velodyne_msgs:/home/mtl12345/autoware/install/pandar_msgs:/home/mtl12345/autoware/install/nebula_common:/opt/ros/humble LD_LIBRARY_PATH=/home/mtl12345/autoware/install/velodyne_msgs/lib:/home/mtl12345/autoware/install/pandar_msgs/lib:/home/mtl12345/autoware/install/nebula_common/lib:${LD_LIBRARY_PATH} PYTHONPATH=/home/mtl12345/autoware/install/velodyne_msgs/local/lib/python3.10/dist-packages:/home/mtl12345/autoware/install/pandar_msgs/local/lib/python3.10/dist-packages:${PYTHONPATH} /usr/bin/cmake --install /home/mtl12345/autoware/build/nebula_decoders
