[0.029s] Invoking command in '/home/zhijie/autoware/build/mcity_msg': CMAKE_PREFIX_PATH=${CMAKE_PREFIX_PATH}:/home/zhijie/autoware/install/simulator_compatibility_test:/home/zhijie/autoware/install/dbw_ford_input_test:/home/zhijie/autoware/install/ad_api_visualizers:/opt/ros/humble /usr/bin/cmake /home/zhijie/autoware/src/terasim/preview_control/mcity_msg -DCMAKE_INSTALL_PREFIX=/home/zhijie/autoware/install/mcity_msg
[0.052s] -- Found ament_cmake_auto: 1.3.5 (/opt/ros/humble/share/ament_cmake_auto/cmake)
[0.524s] -- Found rosidl_generator_c: 3.1.5 (/opt/ros/humble/share/rosidl_generator_c/cmake)
[0.567s] -- Found rosidl_adapter: 3.1.5 (/opt/ros/humble/share/rosidl_adapter/cmake)
[0.615s] -- Found rosidl_generator_cpp: 3.1.5 (/opt/ros/humble/share/rosidl_generator_cpp/cmake)
[0.697s] -- Using all available rosidl_typesupport_c: rosidl_typesupport_fastrtps_c;rosidl_typesupport_introspection_c
[0.799s] -- Using all available rosidl_typesupport_cpp: rosidl_typesupport_fastrtps_cpp;rosidl_typesupport_introspection_cpp
[1.259s] [31mCMake Error at /opt/ros/humble/share/rosidl_adapter/cmake/rosidl_adapt_interfaces.cmake:59 (message):
[1.259s]   execute_process(/usr/bin/python3.10 -m rosidl_adapter --package-name
[1.259s]   mcity_msg --arguments-file
[1.259s]   /home/zhijie/autoware/build/mcity_msg/rosidl_adapter__arguments__mcity_msg.json
[1.259s]   --output-dir /home/zhijie/autoware/build/mcity_msg/rosidl_adapter/mcity_msg
[1.259s]   --output-file
[1.259s]   /home/zhijie/autoware/build/mcity_msg/rosidl_adapter/mcity_msg.idls)
[1.259s]   returned error code 1:
[1.259s] 
[1.259s]   Error processing 'string RTK_state_string' of 'mcity_msg/VehicleState':
[1.259s]   ''RTK_state_string' is an invalid field name.  It should have the pattern
[1.260s]   '^(?!.*__)(?!.*_$)[a-z][a-z0-9_]*$''
[1.260s] 
[1.260s]   Traceback (most recent call last):
[1.260s] 
[1.260s]     File "/usr/lib/python3.10/runpy.py", line 196, in _run_module_as_main
[1.260s]       return _run_code(code, main_globals, None,
[1.260s]     File "/usr/lib/python3.10/runpy.py", line 86, in _run_code
[1.260s]       exec(code, run_globals)
[1.260s]     File "/opt/ros/humble/local/lib/python3.10/dist-packages/rosidl_adapter/__main__.py", line 19, in <module>
[1.260s]       sys.exit(main())
[1.260s]     File "/opt/ros/humble/local/lib/python3.10/dist-packages/rosidl_adapter/main.py", line 53, in main
[1.260s]       abs_idl_file = convert_to_idl(
[1.260s]     File "/opt/ros/humble/local/lib/python3.10/dist-packages/rosidl_adapter/__init__.py", line 19, in convert_to_idl
[1.260s]       return convert_msg_to_idl(
[1.260s]     File "/opt/ros/humble/local/lib/python3.10/dist-packages/rosidl_adapter/msg/__init__.py", line 28, in convert_msg_to_idl
[1.260s]       msg = parse_message_string(package_name, input_file.stem, content)
[1.260s]     File "/opt/ros/humble/local/lib/python3.10/dist-packages/rosidl_adapter/parser.py", line 519, in parse_message_string
[1.260s]       fields.append(Field(
[1.260s]     File "/opt/ros/humble/local/lib/python3.10/dist-packages/rosidl_adapter/parser.py", line 354, in __init__
[1.260s]       raise NameError(
[1.260s] 
[1.260s]   NameError: 'RTK_state_string' is an invalid field name.  It should have the
[1.260s]   pattern '^(?!.*__)(?!.*_$)[a-z][a-z0-9_]*$'
[1.261s] 
[1.261s] Call Stack (most recent call first):
[1.261s]   /opt/ros/humble/share/rosidl_cmake/cmake/rosidl_generate_interfaces.cmake:130 (rosidl_adapt_interfaces)
[1.261s]   CMakeLists.txt:77 (rosidl_generate_interfaces)
[1.261s] 
[1.261s] [0m
[1.261s] -- Configuring incomplete, errors occurred!
[1.261s] See also "/home/zhijie/autoware/build/mcity_msg/CMakeFiles/CMakeOutput.log".
[1.263s] Invoked command in '/home/zhijie/autoware/build/mcity_msg' returned '1': CMAKE_PREFIX_PATH=${CMAKE_PREFIX_PATH}:/home/zhijie/autoware/install/simulator_compatibility_test:/home/zhijie/autoware/install/dbw_ford_input_test:/home/zhijie/autoware/install/ad_api_visualizers:/opt/ros/humble /usr/bin/cmake /home/zhijie/autoware/src/terasim/preview_control/mcity_msg -DCMAKE_INSTALL_PREFIX=/home/zhijie/autoware/install/mcity_msg
