[0.019s] Invoking command in '/home/zhijie/autoware/build/dbw_fca_joystick_demo': AMENT_PREFIX_PATH=/home/zhijie/autoware/install/dbw_fca_can:/home/zhijie/autoware/install/dataspeed_ulc_can:/home/zhijie/autoware/install/dataspeed_dbw_gateway:/home/zhijie/autoware/install/dbw_polaris_msgs:/home/zhijie/autoware/install/dbw_ford_msgs:/home/zhijie/autoware/install/dbw_fca_msgs:/home/zhijie/autoware/install/dbw_fca_description:/home/zhijie/autoware/install/dataspeed_ulc_msgs:/home/zhijie/autoware/install/dataspeed_dbw_msgs:/home/zhijie/autoware/install/dataspeed_dbw_common:/home/zhijie/autoware/install/dataspeed_can_usb:${AMENT_PREFIX_PATH} CMAKE_PREFIX_PATH=/home/zhijie/autoware/install/dbw_fca_can:/home/zhijie/autoware/install/dataspeed_ulc_can:/home/zhijie/autoware/install/dataspeed_dbw_gateway:/home/zhijie/autoware/install/dbw_polaris_msgs:/home/zhijie/autoware/install/dbw_ford_msgs:/home/zhijie/autoware/install/dbw_fca_msgs:/home/zhijie/autoware/install/dbw_fca_description:/home/zhijie/autoware/install/dataspeed_ulc_msgs:/home/zhijie/autoware/install/dataspeed_dbw_msgs:/home/zhijie/autoware/install/dataspeed_dbw_common:/home/zhijie/autoware/install/dataspeed_can_usb:/opt/ros/humble LD_LIBRARY_PATH=/home/zhijie/autoware/install/dbw_fca_can/lib:/home/zhijie/autoware/install/dataspeed_ulc_can/lib:/home/zhijie/autoware/install/dataspeed_dbw_gateway/lib:/home/zhijie/autoware/install/dbw_polaris_msgs/lib:/home/zhijie/autoware/install/dbw_ford_msgs/lib:/home/zhijie/autoware/install/dbw_fca_msgs/lib:/home/zhijie/autoware/install/dataspeed_ulc_msgs/lib:/home/zhijie/autoware/install/dataspeed_dbw_msgs/lib:/home/zhijie/autoware/install/dataspeed_can_usb/lib:${LD_LIBRARY_PATH} PYTHONPATH=/home/zhijie/autoware/install/dataspeed_ulc_can/local/lib/python3.10/dist-packages:/home/zhijie/autoware/install/dataspeed_dbw_gateway/local/lib/python3.10/dist-packages:/home/zhijie/autoware/install/dbw_polaris_msgs/local/lib/python3.10/dist-packages:/home/zhijie/autoware/install/dbw_ford_msgs/local/lib/python3.10/dist-packages:/home/zhijie/autoware/install/dbw_fca_msgs/local/lib/python3.10/dist-packages:/home/zhijie/autoware/install/dataspeed_ulc_msgs/local/lib/python3.10/dist-packages:/home/zhijie/autoware/install/dataspeed_dbw_msgs/local/lib/python3.10/dist-packages:${PYTHONPATH} /usr/bin/cmake /home/zhijie/autoware/src/terasim/data_speed_driver/dbw_fca_joystick_demo -DCMAKE_BUILD_TYPE=Release -DAMENT_CMAKE_SYMLINK_INSTALL=1 -DCMAKE_INSTALL_PREFIX=/home/zhijie/autoware/install/dbw_fca_joystick_demo
[0.055s] -- The C compiler identification is GNU 11.4.0
[0.092s] -- The CXX compiler identification is GNU 11.4.0
[0.097s] -- Detecting C compiler ABI info
[0.144s] -- Detecting C compiler ABI info - done
[0.155s] -- Check for working C compiler: /usr/bin/cc - skipped
[0.155s] -- Detecting C compile features
[0.155s] -- Detecting C compile features - done
[0.159s] -- Detecting CXX compiler ABI info
[0.215s] -- Detecting CXX compiler ABI info - done
[0.225s] -- Check for working CXX compiler: /usr/bin/c++ - skipped
[0.226s] -- Detecting CXX compile features
[0.226s] -- Detecting CXX compile features - done
[0.229s] -- Found ament_cmake: 1.3.5 (/opt/ros/humble/share/ament_cmake/cmake)
[0.372s] -- Found Python3: /usr/bin/python3.10 (found version "3.10.12") found components: Interpreter 
[0.422s] -- Override CMake install command with custom implementation using symlinks instead of copying resources
[0.462s] -- Found rclcpp: 16.0.6 (/opt/ros/humble/share/rclcpp/cmake)
[0.499s] -- Found rosidl_generator_c: 3.1.5 (/opt/ros/humble/share/rosidl_generator_c/cmake)
[0.504s] -- Found rosidl_adapter: 3.1.5 (/opt/ros/humble/share/rosidl_adapter/cmake)
[0.511s] -- Found rosidl_generator_cpp: 3.1.5 (/opt/ros/humble/share/rosidl_generator_cpp/cmake)
[0.522s] -- Using all available rosidl_typesupport_c: rosidl_typesupport_fastrtps_c;rosidl_typesupport_introspection_c
[0.539s] -- Using all available rosidl_typesupport_cpp: rosidl_typesupport_fastrtps_cpp;rosidl_typesupport_introspection_cpp
[0.597s] -- Found rmw_implementation_cmake: 6.1.1 (/opt/ros/humble/share/rmw_implementation_cmake/cmake)
[0.600s] -- Found rmw_cyclonedds_cpp: 1.3.4 (/opt/ros/humble/share/rmw_cyclonedds_cpp/cmake)
[0.628s] -- Using RMW implementation 'rmw_cyclonedds_cpp' as default
[0.636s] -- Looking for pthread.h
[0.684s] -- Looking for pthread.h - found
[0.684s] -- Performing Test CMAKE_HAVE_LIBC_PTHREAD
[0.733s] -- Performing Test CMAKE_HAVE_LIBC_PTHREAD - Success
[0.734s] -- Found Threads: TRUE  
[0.866s] -- Found rclcpp_components: 16.0.6 (/opt/ros/humble/share/rclcpp_components/cmake)
[0.921s] -- Found dataspeed_dbw_common: 2.1.3 (/home/zhijie/autoware/install/dataspeed_dbw_common/share/dataspeed_dbw_common/cmake)
[0.923s] -- Found sensor_msgs: 4.2.3 (/opt/ros/humble/share/sensor_msgs/cmake)
[1.031s] -- Found dbw_fca_msgs: 2.1.3 (/home/zhijie/autoware/install/dbw_fca_msgs/share/dbw_fca_msgs/cmake)
[1.136s] -- Configuring done
[1.146s] -- Generating done
[1.147s] -- Build files have been written to: /home/zhijie/autoware/build/dbw_fca_joystick_demo
[1.153s] Invoked command in '/home/zhijie/autoware/build/dbw_fca_joystick_demo' returned '0': AMENT_PREFIX_PATH=/home/zhijie/autoware/install/dbw_fca_can:/home/zhijie/autoware/install/dataspeed_ulc_can:/home/zhijie/autoware/install/dataspeed_dbw_gateway:/home/zhijie/autoware/install/dbw_polaris_msgs:/home/zhijie/autoware/install/dbw_ford_msgs:/home/zhijie/autoware/install/dbw_fca_msgs:/home/zhijie/autoware/install/dbw_fca_description:/home/zhijie/autoware/install/dataspeed_ulc_msgs:/home/zhijie/autoware/install/dataspeed_dbw_msgs:/home/zhijie/autoware/install/dataspeed_dbw_common:/home/zhijie/autoware/install/dataspeed_can_usb:${AMENT_PREFIX_PATH} CMAKE_PREFIX_PATH=/home/zhijie/autoware/install/dbw_fca_can:/home/zhijie/autoware/install/dataspeed_ulc_can:/home/zhijie/autoware/install/dataspeed_dbw_gateway:/home/zhijie/autoware/install/dbw_polaris_msgs:/home/zhijie/autoware/install/dbw_ford_msgs:/home/zhijie/autoware/install/dbw_fca_msgs:/home/zhijie/autoware/install/dbw_fca_description:/home/zhijie/autoware/install/dataspeed_ulc_msgs:/home/zhijie/autoware/install/dataspeed_dbw_msgs:/home/zhijie/autoware/install/dataspeed_dbw_common:/home/zhijie/autoware/install/dataspeed_can_usb:/opt/ros/humble LD_LIBRARY_PATH=/home/zhijie/autoware/install/dbw_fca_can/lib:/home/zhijie/autoware/install/dataspeed_ulc_can/lib:/home/zhijie/autoware/install/dataspeed_dbw_gateway/lib:/home/zhijie/autoware/install/dbw_polaris_msgs/lib:/home/zhijie/autoware/install/dbw_ford_msgs/lib:/home/zhijie/autoware/install/dbw_fca_msgs/lib:/home/zhijie/autoware/install/dataspeed_ulc_msgs/lib:/home/zhijie/autoware/install/dataspeed_dbw_msgs/lib:/home/zhijie/autoware/install/dataspeed_can_usb/lib:${LD_LIBRARY_PATH} PYTHONPATH=/home/zhijie/autoware/install/dataspeed_ulc_can/local/lib/python3.10/dist-packages:/home/zhijie/autoware/install/dataspeed_dbw_gateway/local/lib/python3.10/dist-packages:/home/zhijie/autoware/install/dbw_polaris_msgs/local/lib/python3.10/dist-packages:/home/zhijie/autoware/install/dbw_ford_msgs/local/lib/python3.10/dist-packages:/home/zhijie/autoware/install/dbw_fca_msgs/local/lib/python3.10/dist-packages:/home/zhijie/autoware/install/dataspeed_ulc_msgs/local/lib/python3.10/dist-packages:/home/zhijie/autoware/install/dataspeed_dbw_msgs/local/lib/python3.10/dist-packages:${PYTHONPATH} /usr/bin/cmake /home/zhijie/autoware/src/terasim/data_speed_driver/dbw_fca_joystick_demo -DCMAKE_BUILD_TYPE=Release -DAMENT_CMAKE_SYMLINK_INSTALL=1 -DCMAKE_INSTALL_PREFIX=/home/zhijie/autoware/install/dbw_fca_joystick_demo
[1.154s] Invoking command in '/home/zhijie/autoware/build/dbw_fca_joystick_demo': AMENT_PREFIX_PATH=/home/zhijie/autoware/install/dbw_fca_can:/home/zhijie/autoware/install/dataspeed_ulc_can:/home/zhijie/autoware/install/dataspeed_dbw_gateway:/home/zhijie/autoware/install/dbw_polaris_msgs:/home/zhijie/autoware/install/dbw_ford_msgs:/home/zhijie/autoware/install/dbw_fca_msgs:/home/zhijie/autoware/install/dbw_fca_description:/home/zhijie/autoware/install/dataspeed_ulc_msgs:/home/zhijie/autoware/install/dataspeed_dbw_msgs:/home/zhijie/autoware/install/dataspeed_dbw_common:/home/zhijie/autoware/install/dataspeed_can_usb:${AMENT_PREFIX_PATH} CMAKE_PREFIX_PATH=/home/zhijie/autoware/install/dbw_fca_can:/home/zhijie/autoware/install/dataspeed_ulc_can:/home/zhijie/autoware/install/dataspeed_dbw_gateway:/home/zhijie/autoware/install/dbw_polaris_msgs:/home/zhijie/autoware/install/dbw_ford_msgs:/home/zhijie/autoware/install/dbw_fca_msgs:/home/zhijie/autoware/install/dbw_fca_description:/home/zhijie/autoware/install/dataspeed_ulc_msgs:/home/zhijie/autoware/install/dataspeed_dbw_msgs:/home/zhijie/autoware/install/dataspeed_dbw_common:/home/zhijie/autoware/install/dataspeed_can_usb:/opt/ros/humble LD_LIBRARY_PATH=/home/zhijie/autoware/install/dbw_fca_can/lib:/home/zhijie/autoware/install/dataspeed_ulc_can/lib:/home/zhijie/autoware/install/dataspeed_dbw_gateway/lib:/home/zhijie/autoware/install/dbw_polaris_msgs/lib:/home/zhijie/autoware/install/dbw_ford_msgs/lib:/home/zhijie/autoware/install/dbw_fca_msgs/lib:/home/zhijie/autoware/install/dataspeed_ulc_msgs/lib:/home/zhijie/autoware/install/dataspeed_dbw_msgs/lib:/home/zhijie/autoware/install/dataspeed_can_usb/lib:${LD_LIBRARY_PATH} PYTHONPATH=/home/zhijie/autoware/install/dataspeed_ulc_can/local/lib/python3.10/dist-packages:/home/zhijie/autoware/install/dataspeed_dbw_gateway/local/lib/python3.10/dist-packages:/home/zhijie/autoware/install/dbw_polaris_msgs/local/lib/python3.10/dist-packages:/home/zhijie/autoware/install/dbw_ford_msgs/local/lib/python3.10/dist-packages:/home/zhijie/autoware/install/dbw_fca_msgs/local/lib/python3.10/dist-packages:/home/zhijie/autoware/install/dataspeed_ulc_msgs/local/lib/python3.10/dist-packages:/home/zhijie/autoware/install/dataspeed_dbw_msgs/local/lib/python3.10/dist-packages:${PYTHONPATH} /usr/bin/cmake --build /home/zhijie/autoware/build/dbw_fca_joystick_demo -- -j16 -l16
[1.189s] [ 50%] [32mBuilding CXX object CMakeFiles/joy_demo.dir/rclcpp_components/node_main_joy_demo.cpp.o[0m
[1.189s] [ 50%] [32mBuilding CXX object CMakeFiles/dbw_fca_joystick_demo.dir/src/JoystickDemo.cpp.o[0m
[3.802s] [ 75%] [32m[1mLinking CXX executable joy_demo[0m
[3.892s] [ 75%] Built target joy_demo
[12.374s] [100%] [32m[1mLinking CXX shared library libdbw_fca_joystick_demo.so[0m
[12.487s] [100%] Built target dbw_fca_joystick_demo
[12.496s] Invoked command in '/home/zhijie/autoware/build/dbw_fca_joystick_demo' returned '0': AMENT_PREFIX_PATH=/home/zhijie/autoware/install/dbw_fca_can:/home/zhijie/autoware/install/dataspeed_ulc_can:/home/zhijie/autoware/install/dataspeed_dbw_gateway:/home/zhijie/autoware/install/dbw_polaris_msgs:/home/zhijie/autoware/install/dbw_ford_msgs:/home/zhijie/autoware/install/dbw_fca_msgs:/home/zhijie/autoware/install/dbw_fca_description:/home/zhijie/autoware/install/dataspeed_ulc_msgs:/home/zhijie/autoware/install/dataspeed_dbw_msgs:/home/zhijie/autoware/install/dataspeed_dbw_common:/home/zhijie/autoware/install/dataspeed_can_usb:${AMENT_PREFIX_PATH} CMAKE_PREFIX_PATH=/home/zhijie/autoware/install/dbw_fca_can:/home/zhijie/autoware/install/dataspeed_ulc_can:/home/zhijie/autoware/install/dataspeed_dbw_gateway:/home/zhijie/autoware/install/dbw_polaris_msgs:/home/zhijie/autoware/install/dbw_ford_msgs:/home/zhijie/autoware/install/dbw_fca_msgs:/home/zhijie/autoware/install/dbw_fca_description:/home/zhijie/autoware/install/dataspeed_ulc_msgs:/home/zhijie/autoware/install/dataspeed_dbw_msgs:/home/zhijie/autoware/install/dataspeed_dbw_common:/home/zhijie/autoware/install/dataspeed_can_usb:/opt/ros/humble LD_LIBRARY_PATH=/home/zhijie/autoware/install/dbw_fca_can/lib:/home/zhijie/autoware/install/dataspeed_ulc_can/lib:/home/zhijie/autoware/install/dataspeed_dbw_gateway/lib:/home/zhijie/autoware/install/dbw_polaris_msgs/lib:/home/zhijie/autoware/install/dbw_ford_msgs/lib:/home/zhijie/autoware/install/dbw_fca_msgs/lib:/home/zhijie/autoware/install/dataspeed_ulc_msgs/lib:/home/zhijie/autoware/install/dataspeed_dbw_msgs/lib:/home/zhijie/autoware/install/dataspeed_can_usb/lib:${LD_LIBRARY_PATH} PYTHONPATH=/home/zhijie/autoware/install/dataspeed_ulc_can/local/lib/python3.10/dist-packages:/home/zhijie/autoware/install/dataspeed_dbw_gateway/local/lib/python3.10/dist-packages:/home/zhijie/autoware/install/dbw_polaris_msgs/local/lib/python3.10/dist-packages:/home/zhijie/autoware/install/dbw_ford_msgs/local/lib/python3.10/dist-packages:/home/zhijie/autoware/install/dbw_fca_msgs/local/lib/python3.10/dist-packages:/home/zhijie/autoware/install/dataspeed_ulc_msgs/local/lib/python3.10/dist-packages:/home/zhijie/autoware/install/dataspeed_dbw_msgs/local/lib/python3.10/dist-packages:${PYTHONPATH} /usr/bin/cmake --build /home/zhijie/autoware/build/dbw_fca_joystick_demo -- -j16 -l16
[12.511s] Invoking command in '/home/zhijie/autoware/build/dbw_fca_joystick_demo': AMENT_PREFIX_PATH=/home/zhijie/autoware/install/dbw_fca_can:/home/zhijie/autoware/install/dataspeed_ulc_can:/home/zhijie/autoware/install/dataspeed_dbw_gateway:/home/zhijie/autoware/install/dbw_polaris_msgs:/home/zhijie/autoware/install/dbw_ford_msgs:/home/zhijie/autoware/install/dbw_fca_msgs:/home/zhijie/autoware/install/dbw_fca_description:/home/zhijie/autoware/install/dataspeed_ulc_msgs:/home/zhijie/autoware/install/dataspeed_dbw_msgs:/home/zhijie/autoware/install/dataspeed_dbw_common:/home/zhijie/autoware/install/dataspeed_can_usb:${AMENT_PREFIX_PATH} CMAKE_PREFIX_PATH=/home/zhijie/autoware/install/dbw_fca_can:/home/zhijie/autoware/install/dataspeed_ulc_can:/home/zhijie/autoware/install/dataspeed_dbw_gateway:/home/zhijie/autoware/install/dbw_polaris_msgs:/home/zhijie/autoware/install/dbw_ford_msgs:/home/zhijie/autoware/install/dbw_fca_msgs:/home/zhijie/autoware/install/dbw_fca_description:/home/zhijie/autoware/install/dataspeed_ulc_msgs:/home/zhijie/autoware/install/dataspeed_dbw_msgs:/home/zhijie/autoware/install/dataspeed_dbw_common:/home/zhijie/autoware/install/dataspeed_can_usb:/opt/ros/humble LD_LIBRARY_PATH=/home/zhijie/autoware/install/dbw_fca_can/lib:/home/zhijie/autoware/install/dataspeed_ulc_can/lib:/home/zhijie/autoware/install/dataspeed_dbw_gateway/lib:/home/zhijie/autoware/install/dbw_polaris_msgs/lib:/home/zhijie/autoware/install/dbw_ford_msgs/lib:/home/zhijie/autoware/install/dbw_fca_msgs/lib:/home/zhijie/autoware/install/dataspeed_ulc_msgs/lib:/home/zhijie/autoware/install/dataspeed_dbw_msgs/lib:/home/zhijie/autoware/install/dataspeed_can_usb/lib:${LD_LIBRARY_PATH} PYTHONPATH=/home/zhijie/autoware/install/dataspeed_ulc_can/local/lib/python3.10/dist-packages:/home/zhijie/autoware/install/dataspeed_dbw_gateway/local/lib/python3.10/dist-packages:/home/zhijie/autoware/install/dbw_polaris_msgs/local/lib/python3.10/dist-packages:/home/zhijie/autoware/install/dbw_ford_msgs/local/lib/python3.10/dist-packages:/home/zhijie/autoware/install/dbw_fca_msgs/local/lib/python3.10/dist-packages:/home/zhijie/autoware/install/dataspeed_ulc_msgs/local/lib/python3.10/dist-packages:/home/zhijie/autoware/install/dataspeed_dbw_msgs/local/lib/python3.10/dist-packages:${PYTHONPATH} /usr/bin/cmake --install /home/zhijie/autoware/build/dbw_fca_joystick_demo
[12.517s] -- Install configuration: "Release"
[12.517s] -- Execute custom install script
[12.517s] -- Symlinking: /home/zhijie/autoware/install/dbw_fca_joystick_demo/lib/libdbw_fca_joystick_demo.so
[12.523s] -- Symlinking: /home/zhijie/autoware/install/dbw_fca_joystick_demo/share/dbw_fca_joystick_demo/launch/joystick_demo.launch.xml
[12.529s] -- Symlinking: /home/zhijie/autoware/install/dbw_fca_joystick_demo/lib/dbw_fca_joystick_demo/joy_demo
[12.535s] -- Symlinking: /home/zhijie/autoware/install/dbw_fca_joystick_demo/share/ament_index/resource_index/package_run_dependencies/dbw_fca_joystick_demo
[12.540s] -- Symlinking: /home/zhijie/autoware/install/dbw_fca_joystick_demo/share/ament_index/resource_index/parent_prefix_path/dbw_fca_joystick_demo
[12.546s] -- Symlinking: /home/zhijie/autoware/install/dbw_fca_joystick_demo/share/dbw_fca_joystick_demo/environment/ament_prefix_path.sh
[12.551s] -- Symlinking: /home/zhijie/autoware/install/dbw_fca_joystick_demo/share/dbw_fca_joystick_demo/environment/ament_prefix_path.dsv
[12.557s] -- Symlinking: /home/zhijie/autoware/install/dbw_fca_joystick_demo/share/dbw_fca_joystick_demo/environment/path.sh
[12.563s] -- Symlinking: /home/zhijie/autoware/install/dbw_fca_joystick_demo/share/dbw_fca_joystick_demo/environment/path.dsv
[12.568s] -- Symlinking: /home/zhijie/autoware/install/dbw_fca_joystick_demo/share/dbw_fca_joystick_demo/local_setup.bash
[12.574s] -- Symlinking: /home/zhijie/autoware/install/dbw_fca_joystick_demo/share/dbw_fca_joystick_demo/local_setup.sh
[12.579s] -- Symlinking: /home/zhijie/autoware/install/dbw_fca_joystick_demo/share/dbw_fca_joystick_demo/local_setup.zsh
[12.585s] -- Symlinking: /home/zhijie/autoware/install/dbw_fca_joystick_demo/share/dbw_fca_joystick_demo/local_setup.dsv
[12.591s] -- Symlinking: /home/zhijie/autoware/install/dbw_fca_joystick_demo/share/dbw_fca_joystick_demo/package.dsv
[12.597s] -- Symlinking: /home/zhijie/autoware/install/dbw_fca_joystick_demo/share/ament_index/resource_index/packages/dbw_fca_joystick_demo
[12.602s] -- Symlinking: /home/zhijie/autoware/install/dbw_fca_joystick_demo/share/ament_index/resource_index/rclcpp_components/dbw_fca_joystick_demo
[12.608s] -- Symlinking: /home/zhijie/autoware/install/dbw_fca_joystick_demo/share/dbw_fca_joystick_demo/cmake/dbw_fca_joystick_demoConfig.cmake
[12.614s] -- Symlinking: /home/zhijie/autoware/install/dbw_fca_joystick_demo/share/dbw_fca_joystick_demo/cmake/dbw_fca_joystick_demoConfig-version.cmake
[12.619s] -- Symlinking: /home/zhijie/autoware/install/dbw_fca_joystick_demo/share/dbw_fca_joystick_demo/package.xml
[12.628s] Invoked command in '/home/zhijie/autoware/build/dbw_fca_joystick_demo' returned '0': AMENT_PREFIX_PATH=/home/zhijie/autoware/install/dbw_fca_can:/home/zhijie/autoware/install/dataspeed_ulc_can:/home/zhijie/autoware/install/dataspeed_dbw_gateway:/home/zhijie/autoware/install/dbw_polaris_msgs:/home/zhijie/autoware/install/dbw_ford_msgs:/home/zhijie/autoware/install/dbw_fca_msgs:/home/zhijie/autoware/install/dbw_fca_description:/home/zhijie/autoware/install/dataspeed_ulc_msgs:/home/zhijie/autoware/install/dataspeed_dbw_msgs:/home/zhijie/autoware/install/dataspeed_dbw_common:/home/zhijie/autoware/install/dataspeed_can_usb:${AMENT_PREFIX_PATH} CMAKE_PREFIX_PATH=/home/zhijie/autoware/install/dbw_fca_can:/home/zhijie/autoware/install/dataspeed_ulc_can:/home/zhijie/autoware/install/dataspeed_dbw_gateway:/home/zhijie/autoware/install/dbw_polaris_msgs:/home/zhijie/autoware/install/dbw_ford_msgs:/home/zhijie/autoware/install/dbw_fca_msgs:/home/zhijie/autoware/install/dbw_fca_description:/home/zhijie/autoware/install/dataspeed_ulc_msgs:/home/zhijie/autoware/install/dataspeed_dbw_msgs:/home/zhijie/autoware/install/dataspeed_dbw_common:/home/zhijie/autoware/install/dataspeed_can_usb:/opt/ros/humble LD_LIBRARY_PATH=/home/zhijie/autoware/install/dbw_fca_can/lib:/home/zhijie/autoware/install/dataspeed_ulc_can/lib:/home/zhijie/autoware/install/dataspeed_dbw_gateway/lib:/home/zhijie/autoware/install/dbw_polaris_msgs/lib:/home/zhijie/autoware/install/dbw_ford_msgs/lib:/home/zhijie/autoware/install/dbw_fca_msgs/lib:/home/zhijie/autoware/install/dataspeed_ulc_msgs/lib:/home/zhijie/autoware/install/dataspeed_dbw_msgs/lib:/home/zhijie/autoware/install/dataspeed_can_usb/lib:${LD_LIBRARY_PATH} PYTHONPATH=/home/zhijie/autoware/install/dataspeed_ulc_can/local/lib/python3.10/dist-packages:/home/zhijie/autoware/install/dataspeed_dbw_gateway/local/lib/python3.10/dist-packages:/home/zhijie/autoware/install/dbw_polaris_msgs/local/lib/python3.10/dist-packages:/home/zhijie/autoware/install/dbw_ford_msgs/local/lib/python3.10/dist-packages:/home/zhijie/autoware/install/dbw_fca_msgs/local/lib/python3.10/dist-packages:/home/zhijie/autoware/install/dataspeed_ulc_msgs/local/lib/python3.10/dist-packages:/home/zhijie/autoware/install/dataspeed_dbw_msgs/local/lib/python3.10/dist-packages:${PYTHONPATH} /usr/bin/cmake --install /home/zhijie/autoware/build/dbw_fca_joystick_demo
