[  6%] Built target cav_context_replay
[ 12%] Built target sumo_autoware_cosim
[ 18%] Built target cav_info_converter
[ 25%] Built target gnss_to_pose_twist
[ 31%] Built target traffic_signal_control
[ 43%] Built target cav_context_converter
[ 43%] Built target traffic_signal_control_component
[ 50%] Built target gnss_to_dummy_pose_twist
[ 56%] Built target dbw_ulc_converter
[ 62%] Built target cav_info_converter_component
[ 68%] Built target cav_context_converter_component
[ 75%] Built target cav_context_replay_component
[ 81%] Built target sumo_autoware_cosim_component
[ 87%] Built target gnss_to_pose_twist_component
[ 93%] Built target gnss_to_dummy_pose_twist_component
[35m[1mConsolidate compiler generated dependencies of target dbw_ulc_converter_component[0m
[ 96%] [32mBuilding CXX object CMakeFiles/dbw_ulc_converter_component.dir/src/dbw_ulc_converter.cpp.o[0m
[01m[K/home/zhijie/autoware/src/terasim/mcity_terasim/src/dbw_ulc_converter.cpp:[m[K In member function ‘[01m[Kvoid dbw_ulc_converter::DbwUlcConverter::on_timer()[m[K’:
[01m[K/home/zhijie/autoware/src/terasim/mcity_terasim/src/dbw_ulc_converter.cpp:80:42:[m[K [01;31m[Kerror: [m[K‘[01m[Kusing AckermannControlCommand = struct autoware_auto_control_msgs::msg::AckermannControlCommand_<std::allocator<void> >[m[K’ {aka ‘[01m[Kstruct autoware_auto_control_msgs::msg::AckermannControlCommand_<std::allocator<void> >[m[K’} has no member named ‘[01m[KLongitudinalCommand[m[K’
   80 |     double speed = saved_control_cmd_msg.[01;31m[KLongitudinalCommand[m[K.speed;
      |                                          [01;31m[K^~~~~~~~~~~~~~~~~~~[m[K
[01m[K/home/zhijie/autoware/src/terasim/mcity_terasim/src/dbw_ulc_converter.cpp:84:36:[m[K [01;31m[Kerror: [m[K‘[01m[Ksspeed[m[K’ was not declared in this scope; did you mean ‘[01m[Kspeed[m[K’?
   84 |     auto ulc_cmd_msg = get_ulc_cmd([01;31m[Ksspeed[m[K, steering_tire_angle);
      |                                    [01;31m[K^~~~~~[m[K
      |                                    [32m[Kspeed[m[K
[01m[K/home/zhijie/autoware/src/terasim/mcity_terasim/src/dbw_ulc_converter.cpp:80:12:[m[K [01;31m[Kerror: [m[Kunused variable ‘[01m[Kspeed[m[K’ [[01;31m[K]8;;https://gcc.gnu.org/onlinedocs/gcc/Warning-Options.html#index-Wunused-variable-Werror=unused-variable]8;;[m[K]
   80 |     double [01;31m[Kspeed[m[K = saved_control_cmd_msg.LongitudinalCommand.speed;
      |            [01;31m[K^~~~~[m[K
cc1plus: all warnings being treated as errors
gmake[2]: *** [CMakeFiles/dbw_ulc_converter_component.dir/build.make:76: CMakeFiles/dbw_ulc_converter_component.dir/src/dbw_ulc_converter.cpp.o] Error 1
gmake[1]: *** [CMakeFiles/Makefile2:552: CMakeFiles/dbw_ulc_converter_component.dir/all] Error 2
gmake: *** [Makefile:146: all] Error 2
