[0.174s] Invoking command in '/home/zhijie/autoware/build/nebula_common': CMAKE_PREFIX_PATH=/opt/ros/humble /usr/bin/cmake --build /home/zhijie/autoware/build/nebula_common -- -j16 -l16
[0.225s] [100%] Built target nebula_common
[0.284s] Invoked command in '/home/zhijie/autoware/build/nebula_common' returned '0': CMAKE_PREFIX_PATH=/opt/ros/humble /usr/bin/cmake --build /home/zhijie/autoware/build/nebula_common -- -j16 -l16
[0.428s] Invoking command in '/home/zhijie/autoware/build/nebula_common': CMAKE_PREFIX_PATH=/opt/ros/humble /usr/bin/cmake --install /home/zhijie/autoware/build/nebula_common
[0.466s] -- Install configuration: "Release"
[0.472s] -- Execute custom install script
[0.472s] -- Up-to-date symlink: /home/zhijie/autoware/install/nebula_common/include/nebula_common/hesai/hesai_common.hpp
[0.472s] -- Up-to-date symlink: /home/zhijie/autoware/install/nebula_common/include/nebula_common/hesai/hesai_status.hpp
[0.472s] -- Up-to-date symlink: /home/zhijie/autoware/install/nebula_common/include/nebula_common/nebula_common.hpp
[0.472s] -- Up-to-date symlink: /home/zhijie/autoware/install/nebula_common/include/nebula_common/nebula_status.hpp
[0.472s] -- Up-to-date symlink: /home/zhijie/autoware/install/nebula_common/include/nebula_common/point_types.hpp
[0.472s] -- Up-to-date symlink: /home/zhijie/autoware/install/nebula_common/include/nebula_common/velodyne/velodyne_calibration_decoder.hpp
[0.473s] -- Up-to-date symlink: /home/zhijie/autoware/install/nebula_common/include/nebula_common/velodyne/velodyne_common.hpp
[0.473s] -- Up-to-date symlink: /home/zhijie/autoware/install/nebula_common/include/nebula_common/velodyne/velodyne_status.hpp
[0.473s] -- Up-to-date symlink: /home/zhijie/autoware/install/nebula_common/share/nebula_common/environment/library_path.sh
[0.473s] -- Up-to-date symlink: /home/zhijie/autoware/install/nebula_common/share/nebula_common/environment/library_path.dsv
[0.473s] -- Up-to-date symlink: /home/zhijie/autoware/install/nebula_common/lib/libnebula_common.so
[0.473s] -- Up-to-date symlink: /home/zhijie/autoware/install/nebula_common/share/ament_index/resource_index/package_run_dependencies/nebula_common
[0.473s] -- Up-to-date symlink: /home/zhijie/autoware/install/nebula_common/share/ament_index/resource_index/parent_prefix_path/nebula_common
[0.473s] -- Up-to-date symlink: /home/zhijie/autoware/install/nebula_common/share/nebula_common/environment/ament_prefix_path.sh
[0.473s] -- Up-to-date symlink: /home/zhijie/autoware/install/nebula_common/share/nebula_common/environment/ament_prefix_path.dsv
[0.473s] -- Up-to-date symlink: /home/zhijie/autoware/install/nebula_common/share/nebula_common/environment/path.sh
[0.473s] -- Up-to-date symlink: /home/zhijie/autoware/install/nebula_common/share/nebula_common/environment/path.dsv
[0.473s] -- Up-to-date symlink: /home/zhijie/autoware/install/nebula_common/share/nebula_common/local_setup.bash
[0.473s] -- Up-to-date symlink: /home/zhijie/autoware/install/nebula_common/share/nebula_common/local_setup.sh
[0.473s] -- Up-to-date symlink: /home/zhijie/autoware/install/nebula_common/share/nebula_common/local_setup.zsh
[0.474s] -- Up-to-date symlink: /home/zhijie/autoware/install/nebula_common/share/nebula_common/local_setup.dsv
[0.474s] -- Symlinking: /home/zhijie/autoware/install/nebula_common/share/nebula_common/package.dsv
[0.474s] -- Up-to-date symlink: /home/zhijie/autoware/install/nebula_common/share/ament_index/resource_index/packages/nebula_common
[0.474s] -- Up-to-date symlink: /home/zhijie/autoware/install/nebula_common/share/nebula_common/cmake/ament_cmake_export_dependencies-extras.cmake
[0.474s] -- Up-to-date symlink: /home/zhijie/autoware/install/nebula_common/share/nebula_common/cmake/ament_cmake_export_include_directories-extras.cmake
[0.474s] -- Up-to-date symlink: /home/zhijie/autoware/install/nebula_common/share/nebula_common/cmake/ament_cmake_export_libraries-extras.cmake
[0.474s] -- Up-to-date symlink: /home/zhijie/autoware/install/nebula_common/share/nebula_common/cmake/nebula_commonConfig.cmake
[0.474s] -- Up-to-date symlink: /home/zhijie/autoware/install/nebula_common/share/nebula_common/cmake/nebula_commonConfig-version.cmake
[0.474s] -- Up-to-date symlink: /home/zhijie/autoware/install/nebula_common/share/nebula_common/package.xml
[0.493s] Invoked command in '/home/zhijie/autoware/build/nebula_common' returned '0': CMAKE_PREFIX_PATH=/opt/ros/humble /usr/bin/cmake --install /home/zhijie/autoware/build/nebula_common
