[0.124s] Invoking command in '/home/zhijie/autoware/build/radar_tracks_msgs_converter': AMENT_PREFIX_PATH=/home/zhijie/autoware/install/tier4_autoware_utils:/home/zhijie/autoware/install/autoware_auto_vehicle_msgs:/home/zhijie/autoware/install/autoware_cmake:/home/zhijie/autoware/install/autoware_auto_planning_msgs:/home/zhijie/autoware/install/autoware_auto_perception_msgs:/home/zhijie/autoware/install/tier4_debug_msgs:/home/zhijie/autoware/install/autoware_lint_common:/home/zhijie/autoware/install/autoware_auto_mapping_msgs:/home/zhijie/autoware/install/autoware_auto_geometry_msgs:${AMENT_PREFIX_PATH} CMAKE_PREFIX_PATH=/home/zhijie/autoware/install/tier4_autoware_utils:/home/zhijie/autoware/install/autoware_auto_vehicle_msgs:/home/zhijie/autoware/install/autoware_cmake:/home/zhijie/autoware/install/autoware_auto_planning_msgs:/home/zhijie/autoware/install/autoware_auto_perception_msgs:/home/zhijie/autoware/install/tier4_debug_msgs:/home/zhijie/autoware/install/autoware_lint_common:/home/zhijie/autoware/install/autoware_auto_mapping_msgs:/home/zhijie/autoware/install/autoware_auto_geometry_msgs:/opt/ros/humble LD_LIBRARY_PATH=/home/zhijie/autoware/install/tier4_autoware_utils/lib:/home/zhijie/autoware/install/autoware_auto_vehicle_msgs/lib:/home/zhijie/autoware/install/autoware_auto_planning_msgs/lib:/home/zhijie/autoware/install/autoware_auto_perception_msgs/lib:/home/zhijie/autoware/install/tier4_debug_msgs/lib:/home/zhijie/autoware/install/autoware_auto_mapping_msgs/lib:/home/zhijie/autoware/install/autoware_auto_geometry_msgs/lib:${LD_LIBRARY_PATH} PYTHONPATH=/home/zhijie/autoware/install/autoware_auto_vehicle_msgs/local/lib/python3.10/dist-packages:/home/zhijie/autoware/install/autoware_auto_planning_msgs/local/lib/python3.10/dist-packages:/home/zhijie/autoware/install/autoware_auto_perception_msgs/local/lib/python3.10/dist-packages:/home/zhijie/autoware/install/tier4_debug_msgs/local/lib/python3.10/dist-packages:/home/zhijie/autoware/install/autoware_auto_mapping_msgs/local/lib/python3.10/dist-packages:/home/zhijie/autoware/install/autoware_auto_geometry_msgs/local/lib/python3.10/dist-packages:${PYTHONPATH} /usr/bin/cmake /home/zhijie/autoware/src/universe/autoware.universe/perception/radar_tracks_msgs_converter -DCMAKE_BUILD_TYPE=Release -DAMENT_CMAKE_SYMLINK_INSTALL=1 -DCMAKE_INSTALL_PREFIX=/home/zhijie/autoware/install/radar_tracks_msgs_converter
[11.742s] -- Found autoware_cmake: 0.1.0 (/home/zhijie/autoware/install/autoware_cmake/share/autoware_cmake/cmake)
[11.743s] -- Override CMake install command with custom implementation using symlinks instead of copying resources
[11.743s] -- Found rosidl_generator_c: 3.1.5 (/opt/ros/humble/share/rosidl_generator_c/cmake)
[11.743s] -- Found rosidl_adapter: 3.1.5 (/opt/ros/humble/share/rosidl_adapter/cmake)
[11.743s] -- Found rosidl_generator_cpp: 3.1.5 (/opt/ros/humble/share/rosidl_generator_cpp/cmake)
[11.743s] -- Using all available rosidl_typesupport_c: rosidl_typesupport_fastrtps_c;rosidl_typesupport_introspection_c
[11.743s] -- Using all available rosidl_typesupport_cpp: rosidl_typesupport_fastrtps_cpp;rosidl_typesupport_introspection_cpp
[11.743s] -- Found rmw_implementation_cmake: 6.1.1 (/opt/ros/humble/share/rmw_implementation_cmake/cmake)
[11.743s] -- Found rmw_cyclonedds_cpp: 1.3.4 (/opt/ros/humble/share/rmw_cyclonedds_cpp/cmake)
[11.743s] -- Using RMW implementation 'rmw_cyclonedds_cpp' as default
[11.743s] -- Found eigen3_cmake_module: 0.1.1 (/opt/ros/humble/share/eigen3_cmake_module/cmake)
[11.743s] -- Ensuring Eigen3 include directory is part of orocos-kdl CMake target
[11.743s] -- Eigen found (include: /usr/include/eigen3, version: 3.4.0)
[11.744s] -- FLANN found (include: /usr/include, lib: /usr/lib/x86_64-linux-gnu/libflann_cpp.so)
[11.744s] -- OpenNI found (version: 1.5.4.0, include: /usr/include/ni, lib: /usr/lib/libOpenNI.so;libusb::libusb)
[11.744s] -- OpenNI2 found (version: 2.2.0.33, include: /usr/include/openni2, lib: /usr/lib/x86_64-linux-gnu/libOpenNI2.so;libusb::libusb)
[11.744s] -- Eigen found (include: /usr/include/eigen3, version: 3.4.0)
[11.744s] -- OpenNI found (version: 1.5.4.0, include: /usr/include/ni, lib: /usr/lib/libOpenNI.so;libusb::libusb)
[11.744s] -- OpenNI2 found (version: 2.2.0.33, include: /usr/include/openni2, lib: /usr/lib/x86_64-linux-gnu/libOpenNI2.so;libusb::libusb)
[11.744s] -- Found Qhull version 8.0.2
[11.744s] -- OpenNI found (version: 1.5.4.0, include: /usr/include/ni, lib: /usr/lib/libOpenNI.so;libusb::libusb)
[11.744s] -- Found ament_lint_auto: 0.12.8 (/opt/ros/humble/share/ament_lint_auto/cmake)
[11.744s] -- Added test 'copyright' to check source files copyright and LICENSE
[11.745s] -- Added test 'cppcheck' to perform static code analysis on C / C++ code
[11.745s] -- Configured cppcheck include dirs: /home/zhijie/autoware/src/universe/autoware.universe/perception/radar_tracks_msgs_converter/include
[11.745s] -- Configured cppcheck exclude dirs and/or files: 
[11.745s] -- Added test 'lint_cmake' to check CMake code style
[11.745s] -- Added test 'xmllint' to check XML markup files
[11.745s] -- Configuring done
[11.745s] -- Generating done
[11.745s] -- Build files have been written to: /home/zhijie/autoware/build/radar_tracks_msgs_converter
[11.779s] Invoked command in '/home/zhijie/autoware/build/radar_tracks_msgs_converter' returned '0': AMENT_PREFIX_PATH=/home/zhijie/autoware/install/tier4_autoware_utils:/home/zhijie/autoware/install/autoware_auto_vehicle_msgs:/home/zhijie/autoware/install/autoware_cmake:/home/zhijie/autoware/install/autoware_auto_planning_msgs:/home/zhijie/autoware/install/autoware_auto_perception_msgs:/home/zhijie/autoware/install/tier4_debug_msgs:/home/zhijie/autoware/install/autoware_lint_common:/home/zhijie/autoware/install/autoware_auto_mapping_msgs:/home/zhijie/autoware/install/autoware_auto_geometry_msgs:${AMENT_PREFIX_PATH} CMAKE_PREFIX_PATH=/home/zhijie/autoware/install/tier4_autoware_utils:/home/zhijie/autoware/install/autoware_auto_vehicle_msgs:/home/zhijie/autoware/install/autoware_cmake:/home/zhijie/autoware/install/autoware_auto_planning_msgs:/home/zhijie/autoware/install/autoware_auto_perception_msgs:/home/zhijie/autoware/install/tier4_debug_msgs:/home/zhijie/autoware/install/autoware_lint_common:/home/zhijie/autoware/install/autoware_auto_mapping_msgs:/home/zhijie/autoware/install/autoware_auto_geometry_msgs:/opt/ros/humble LD_LIBRARY_PATH=/home/zhijie/autoware/install/tier4_autoware_utils/lib:/home/zhijie/autoware/install/autoware_auto_vehicle_msgs/lib:/home/zhijie/autoware/install/autoware_auto_planning_msgs/lib:/home/zhijie/autoware/install/autoware_auto_perception_msgs/lib:/home/zhijie/autoware/install/tier4_debug_msgs/lib:/home/zhijie/autoware/install/autoware_auto_mapping_msgs/lib:/home/zhijie/autoware/install/autoware_auto_geometry_msgs/lib:${LD_LIBRARY_PATH} PYTHONPATH=/home/zhijie/autoware/install/autoware_auto_vehicle_msgs/local/lib/python3.10/dist-packages:/home/zhijie/autoware/install/autoware_auto_planning_msgs/local/lib/python3.10/dist-packages:/home/zhijie/autoware/install/autoware_auto_perception_msgs/local/lib/python3.10/dist-packages:/home/zhijie/autoware/install/tier4_debug_msgs/local/lib/python3.10/dist-packages:/home/zhijie/autoware/install/autoware_auto_mapping_msgs/local/lib/python3.10/dist-packages:/home/zhijie/autoware/install/autoware_auto_geometry_msgs/local/lib/python3.10/dist-packages:${PYTHONPATH} /usr/bin/cmake /home/zhijie/autoware/src/universe/autoware.universe/perception/radar_tracks_msgs_converter -DCMAKE_BUILD_TYPE=Release -DAMENT_CMAKE_SYMLINK_INSTALL=1 -DCMAKE_INSTALL_PREFIX=/home/zhijie/autoware/install/radar_tracks_msgs_converter
[11.780s] Invoking command in '/home/zhijie/autoware/build/radar_tracks_msgs_converter': AMENT_PREFIX_PATH=/home/zhijie/autoware/install/tier4_autoware_utils:/home/zhijie/autoware/install/autoware_auto_vehicle_msgs:/home/zhijie/autoware/install/autoware_cmake:/home/zhijie/autoware/install/autoware_auto_planning_msgs:/home/zhijie/autoware/install/autoware_auto_perception_msgs:/home/zhijie/autoware/install/tier4_debug_msgs:/home/zhijie/autoware/install/autoware_lint_common:/home/zhijie/autoware/install/autoware_auto_mapping_msgs:/home/zhijie/autoware/install/autoware_auto_geometry_msgs:${AMENT_PREFIX_PATH} CMAKE_PREFIX_PATH=/home/zhijie/autoware/install/tier4_autoware_utils:/home/zhijie/autoware/install/autoware_auto_vehicle_msgs:/home/zhijie/autoware/install/autoware_cmake:/home/zhijie/autoware/install/autoware_auto_planning_msgs:/home/zhijie/autoware/install/autoware_auto_perception_msgs:/home/zhijie/autoware/install/tier4_debug_msgs:/home/zhijie/autoware/install/autoware_lint_common:/home/zhijie/autoware/install/autoware_auto_mapping_msgs:/home/zhijie/autoware/install/autoware_auto_geometry_msgs:/opt/ros/humble LD_LIBRARY_PATH=/home/zhijie/autoware/install/tier4_autoware_utils/lib:/home/zhijie/autoware/install/autoware_auto_vehicle_msgs/lib:/home/zhijie/autoware/install/autoware_auto_planning_msgs/lib:/home/zhijie/autoware/install/autoware_auto_perception_msgs/lib:/home/zhijie/autoware/install/tier4_debug_msgs/lib:/home/zhijie/autoware/install/autoware_auto_mapping_msgs/lib:/home/zhijie/autoware/install/autoware_auto_geometry_msgs/lib:${LD_LIBRARY_PATH} PYTHONPATH=/home/zhijie/autoware/install/autoware_auto_vehicle_msgs/local/lib/python3.10/dist-packages:/home/zhijie/autoware/install/autoware_auto_planning_msgs/local/lib/python3.10/dist-packages:/home/zhijie/autoware/install/autoware_auto_perception_msgs/local/lib/python3.10/dist-packages:/home/zhijie/autoware/install/tier4_debug_msgs/local/lib/python3.10/dist-packages:/home/zhijie/autoware/install/autoware_auto_mapping_msgs/local/lib/python3.10/dist-packages:/home/zhijie/autoware/install/autoware_auto_geometry_msgs/local/lib/python3.10/dist-packages:${PYTHONPATH} /usr/bin/cmake --build /home/zhijie/autoware/build/radar_tracks_msgs_converter -- -j16 -l16
[15.412s] [35m[1mConsolidate compiler generated dependencies of target radar_tracks_msgs_converter_node_component[0m
[15.421s] [35m[1mConsolidate compiler generated dependencies of target radar_tracks_msgs_converter_node[0m
[15.422s] [ 25%] [32mBuilding CXX object CMakeFiles/radar_tracks_msgs_converter_node_component.dir/src/radar_tracks_msgs_converter_node/radar_tracks_msgs_converter_node.cpp.o[0m
[15.422s] [ 50%] [32mBuilding CXX object CMakeFiles/radar_tracks_msgs_converter_node.dir/rclcpp_components/node_main_radar_tracks_msgs_converter_node.cpp.o[0m
[17.577s] [ 75%] [32m[1mLinking CXX executable radar_tracks_msgs_converter_node[0m
[17.749s] [ 75%] Built target radar_tracks_msgs_converter_node
[36.626s] [100%] [32m[1mLinking CXX shared library libradar_tracks_msgs_converter_node_component.so[0m
[37.452s] [100%] Built target radar_tracks_msgs_converter_node_component
[37.471s] Invoked command in '/home/zhijie/autoware/build/radar_tracks_msgs_converter' returned '0': AMENT_PREFIX_PATH=/home/zhijie/autoware/install/tier4_autoware_utils:/home/zhijie/autoware/install/autoware_auto_vehicle_msgs:/home/zhijie/autoware/install/autoware_cmake:/home/zhijie/autoware/install/autoware_auto_planning_msgs:/home/zhijie/autoware/install/autoware_auto_perception_msgs:/home/zhijie/autoware/install/tier4_debug_msgs:/home/zhijie/autoware/install/autoware_lint_common:/home/zhijie/autoware/install/autoware_auto_mapping_msgs:/home/zhijie/autoware/install/autoware_auto_geometry_msgs:${AMENT_PREFIX_PATH} CMAKE_PREFIX_PATH=/home/zhijie/autoware/install/tier4_autoware_utils:/home/zhijie/autoware/install/autoware_auto_vehicle_msgs:/home/zhijie/autoware/install/autoware_cmake:/home/zhijie/autoware/install/autoware_auto_planning_msgs:/home/zhijie/autoware/install/autoware_auto_perception_msgs:/home/zhijie/autoware/install/tier4_debug_msgs:/home/zhijie/autoware/install/autoware_lint_common:/home/zhijie/autoware/install/autoware_auto_mapping_msgs:/home/zhijie/autoware/install/autoware_auto_geometry_msgs:/opt/ros/humble LD_LIBRARY_PATH=/home/zhijie/autoware/install/tier4_autoware_utils/lib:/home/zhijie/autoware/install/autoware_auto_vehicle_msgs/lib:/home/zhijie/autoware/install/autoware_auto_planning_msgs/lib:/home/zhijie/autoware/install/autoware_auto_perception_msgs/lib:/home/zhijie/autoware/install/tier4_debug_msgs/lib:/home/zhijie/autoware/install/autoware_auto_mapping_msgs/lib:/home/zhijie/autoware/install/autoware_auto_geometry_msgs/lib:${LD_LIBRARY_PATH} PYTHONPATH=/home/zhijie/autoware/install/autoware_auto_vehicle_msgs/local/lib/python3.10/dist-packages:/home/zhijie/autoware/install/autoware_auto_planning_msgs/local/lib/python3.10/dist-packages:/home/zhijie/autoware/install/autoware_auto_perception_msgs/local/lib/python3.10/dist-packages:/home/zhijie/autoware/install/tier4_debug_msgs/local/lib/python3.10/dist-packages:/home/zhijie/autoware/install/autoware_auto_mapping_msgs/local/lib/python3.10/dist-packages:/home/zhijie/autoware/install/autoware_auto_geometry_msgs/local/lib/python3.10/dist-packages:${PYTHONPATH} /usr/bin/cmake --build /home/zhijie/autoware/build/radar_tracks_msgs_converter -- -j16 -l16
[37.504s] Invoking command in '/home/zhijie/autoware/build/radar_tracks_msgs_converter': AMENT_PREFIX_PATH=/home/zhijie/autoware/install/tier4_autoware_utils:/home/zhijie/autoware/install/autoware_auto_vehicle_msgs:/home/zhijie/autoware/install/autoware_cmake:/home/zhijie/autoware/install/autoware_auto_planning_msgs:/home/zhijie/autoware/install/autoware_auto_perception_msgs:/home/zhijie/autoware/install/tier4_debug_msgs:/home/zhijie/autoware/install/autoware_lint_common:/home/zhijie/autoware/install/autoware_auto_mapping_msgs:/home/zhijie/autoware/install/autoware_auto_geometry_msgs:${AMENT_PREFIX_PATH} CMAKE_PREFIX_PATH=/home/zhijie/autoware/install/tier4_autoware_utils:/home/zhijie/autoware/install/autoware_auto_vehicle_msgs:/home/zhijie/autoware/install/autoware_cmake:/home/zhijie/autoware/install/autoware_auto_planning_msgs:/home/zhijie/autoware/install/autoware_auto_perception_msgs:/home/zhijie/autoware/install/tier4_debug_msgs:/home/zhijie/autoware/install/autoware_lint_common:/home/zhijie/autoware/install/autoware_auto_mapping_msgs:/home/zhijie/autoware/install/autoware_auto_geometry_msgs:/opt/ros/humble LD_LIBRARY_PATH=/home/zhijie/autoware/install/tier4_autoware_utils/lib:/home/zhijie/autoware/install/autoware_auto_vehicle_msgs/lib:/home/zhijie/autoware/install/autoware_auto_planning_msgs/lib:/home/zhijie/autoware/install/autoware_auto_perception_msgs/lib:/home/zhijie/autoware/install/tier4_debug_msgs/lib:/home/zhijie/autoware/install/autoware_auto_mapping_msgs/lib:/home/zhijie/autoware/install/autoware_auto_geometry_msgs/lib:${LD_LIBRARY_PATH} PYTHONPATH=/home/zhijie/autoware/install/autoware_auto_vehicle_msgs/local/lib/python3.10/dist-packages:/home/zhijie/autoware/install/autoware_auto_planning_msgs/local/lib/python3.10/dist-packages:/home/zhijie/autoware/install/autoware_auto_perception_msgs/local/lib/python3.10/dist-packages:/home/zhijie/autoware/install/tier4_debug_msgs/local/lib/python3.10/dist-packages:/home/zhijie/autoware/install/autoware_auto_mapping_msgs/local/lib/python3.10/dist-packages:/home/zhijie/autoware/install/autoware_auto_geometry_msgs/local/lib/python3.10/dist-packages:${PYTHONPATH} /usr/bin/cmake --install /home/zhijie/autoware/build/radar_tracks_msgs_converter
[42.737s] -- Install configuration: "Release"
[42.737s] -- Execute custom install script
[42.738s] -- Up-to-date symlink: /home/zhijie/autoware/install/radar_tracks_msgs_converter/lib/radar_tracks_msgs_converter/radar_tracks_msgs_converter_node
[42.738s] -- Up-to-date symlink: /home/zhijie/autoware/install/radar_tracks_msgs_converter/include/radar_tracks_msgs_converter/radar_tracks_msgs_converter_node.hpp
[42.738s] -- Up-to-date symlink: /home/zhijie/autoware/install/radar_tracks_msgs_converter/share/radar_tracks_msgs_converter/environment/library_path.sh
[42.738s] -- Up-to-date symlink: /home/zhijie/autoware/install/radar_tracks_msgs_converter/share/radar_tracks_msgs_converter/environment/library_path.dsv
[42.738s] -- Up-to-date symlink: /home/zhijie/autoware/install/radar_tracks_msgs_converter/lib/libradar_tracks_msgs_converter_node_component.so
[42.738s] -- Up-to-date symlink: /home/zhijie/autoware/install/radar_tracks_msgs_converter/share/radar_tracks_msgs_converter/launch/radar_tracks_msgs_converter.launch.xml
[42.738s] -- Up-to-date symlink: /home/zhijie/autoware/install/radar_tracks_msgs_converter/share/ament_index/resource_index/package_run_dependencies/radar_tracks_msgs_converter
[42.738s] -- Up-to-date symlink: /home/zhijie/autoware/install/radar_tracks_msgs_converter/share/ament_index/resource_index/parent_prefix_path/radar_tracks_msgs_converter
[42.738s] -- Up-to-date symlink: /home/zhijie/autoware/install/radar_tracks_msgs_converter/share/radar_tracks_msgs_converter/environment/ament_prefix_path.sh
[42.739s] -- Up-to-date symlink: /home/zhijie/autoware/install/radar_tracks_msgs_converter/share/radar_tracks_msgs_converter/environment/ament_prefix_path.dsv
[42.739s] -- Up-to-date symlink: /home/zhijie/autoware/install/radar_tracks_msgs_converter/share/radar_tracks_msgs_converter/environment/path.sh
[42.739s] -- Up-to-date symlink: /home/zhijie/autoware/install/radar_tracks_msgs_converter/share/radar_tracks_msgs_converter/environment/path.dsv
[42.739s] -- Up-to-date symlink: /home/zhijie/autoware/install/radar_tracks_msgs_converter/share/radar_tracks_msgs_converter/local_setup.bash
[42.739s] -- Up-to-date symlink: /home/zhijie/autoware/install/radar_tracks_msgs_converter/share/radar_tracks_msgs_converter/local_setup.sh
[42.739s] -- Up-to-date symlink: /home/zhijie/autoware/install/radar_tracks_msgs_converter/share/radar_tracks_msgs_converter/local_setup.zsh
[42.739s] -- Up-to-date symlink: /home/zhijie/autoware/install/radar_tracks_msgs_converter/share/radar_tracks_msgs_converter/local_setup.dsv
[42.739s] -- Symlinking: /home/zhijie/autoware/install/radar_tracks_msgs_converter/share/radar_tracks_msgs_converter/package.dsv
[42.739s] -- Up-to-date symlink: /home/zhijie/autoware/install/radar_tracks_msgs_converter/share/ament_index/resource_index/packages/radar_tracks_msgs_converter
[42.740s] -- Up-to-date symlink: /home/zhijie/autoware/install/radar_tracks_msgs_converter/share/ament_index/resource_index/rclcpp_components/radar_tracks_msgs_converter
[42.740s] -- Up-to-date symlink: /home/zhijie/autoware/install/radar_tracks_msgs_converter/share/radar_tracks_msgs_converter/cmake/ament_cmake_export_dependencies-extras.cmake
[42.740s] -- Up-to-date symlink: /home/zhijie/autoware/install/radar_tracks_msgs_converter/share/radar_tracks_msgs_converter/cmake/ament_cmake_export_include_directories-extras.cmake
[42.740s] -- Up-to-date symlink: /home/zhijie/autoware/install/radar_tracks_msgs_converter/share/radar_tracks_msgs_converter/cmake/ament_cmake_export_libraries-extras.cmake
[42.740s] -- Up-to-date symlink: /home/zhijie/autoware/install/radar_tracks_msgs_converter/share/radar_tracks_msgs_converter/cmake/radar_tracks_msgs_converterConfig.cmake
[42.740s] -- Up-to-date symlink: /home/zhijie/autoware/install/radar_tracks_msgs_converter/share/radar_tracks_msgs_converter/cmake/radar_tracks_msgs_converterConfig-version.cmake
[42.740s] -- Up-to-date symlink: /home/zhijie/autoware/install/radar_tracks_msgs_converter/share/radar_tracks_msgs_converter/package.xml
[42.789s] Invoked command in '/home/zhijie/autoware/build/radar_tracks_msgs_converter' returned '0': AMENT_PREFIX_PATH=/home/zhijie/autoware/install/tier4_autoware_utils:/home/zhijie/autoware/install/autoware_auto_vehicle_msgs:/home/zhijie/autoware/install/autoware_cmake:/home/zhijie/autoware/install/autoware_auto_planning_msgs:/home/zhijie/autoware/install/autoware_auto_perception_msgs:/home/zhijie/autoware/install/tier4_debug_msgs:/home/zhijie/autoware/install/autoware_lint_common:/home/zhijie/autoware/install/autoware_auto_mapping_msgs:/home/zhijie/autoware/install/autoware_auto_geometry_msgs:${AMENT_PREFIX_PATH} CMAKE_PREFIX_PATH=/home/zhijie/autoware/install/tier4_autoware_utils:/home/zhijie/autoware/install/autoware_auto_vehicle_msgs:/home/zhijie/autoware/install/autoware_cmake:/home/zhijie/autoware/install/autoware_auto_planning_msgs:/home/zhijie/autoware/install/autoware_auto_perception_msgs:/home/zhijie/autoware/install/tier4_debug_msgs:/home/zhijie/autoware/install/autoware_lint_common:/home/zhijie/autoware/install/autoware_auto_mapping_msgs:/home/zhijie/autoware/install/autoware_auto_geometry_msgs:/opt/ros/humble LD_LIBRARY_PATH=/home/zhijie/autoware/install/tier4_autoware_utils/lib:/home/zhijie/autoware/install/autoware_auto_vehicle_msgs/lib:/home/zhijie/autoware/install/autoware_auto_planning_msgs/lib:/home/zhijie/autoware/install/autoware_auto_perception_msgs/lib:/home/zhijie/autoware/install/tier4_debug_msgs/lib:/home/zhijie/autoware/install/autoware_auto_mapping_msgs/lib:/home/zhijie/autoware/install/autoware_auto_geometry_msgs/lib:${LD_LIBRARY_PATH} PYTHONPATH=/home/zhijie/autoware/install/autoware_auto_vehicle_msgs/local/lib/python3.10/dist-packages:/home/zhijie/autoware/install/autoware_auto_planning_msgs/local/lib/python3.10/dist-packages:/home/zhijie/autoware/install/autoware_auto_perception_msgs/local/lib/python3.10/dist-packages:/home/zhijie/autoware/install/tier4_debug_msgs/local/lib/python3.10/dist-packages:/home/zhijie/autoware/install/autoware_auto_mapping_msgs/local/lib/python3.10/dist-packages:/home/zhijie/autoware/install/autoware_auto_geometry_msgs/local/lib/python3.10/dist-packages:${PYTHONPATH} /usr/bin/cmake --install /home/zhijie/autoware/build/radar_tracks_msgs_converter
