[0.618s] Invoking command in '/home/mtl12345/autoware/build/llh_converter': CMAKE_PREFIX_PATH=/opt/ros/humble /usr/bin/cmake --build /home/mtl12345/autoware/build/llh_converter -- -j12 -l12
[0.659s] [ 55%] Built target llh_converter
[0.696s] [100%] Built target mcac_test
[0.696s] [100%] Built target llh_test
[1.246s] Invoked command in '/home/mtl12345/autoware/build/llh_converter' returned '0': CMAKE_PREFIX_PATH=/opt/ros/humble /usr/bin/cmake --build /home/mtl12345/autoware/build/llh_converter -- -j12 -l12
[1.715s] Invoking command in '/home/mtl12345/autoware/build/llh_converter': CMAKE_PREFIX_PATH=/opt/ros/humble /usr/bin/cmake --install /home/mtl12345/autoware/build/llh_converter
[1.775s] -- Install configuration: "Release"
[1.775s] -- Execute custom install script
[1.776s] -- Up-to-date symlink: /home/mtl12345/autoware/install/llh_converter/lib/llh_converter/libllh_converter.so
[1.776s] -- Up-to-date symlink: /home/mtl12345/autoware/install/llh_converter/share/llh_converter/environment/library_path.sh
[1.776s] -- Up-to-date symlink: /home/mtl12345/autoware/install/llh_converter/share/llh_converter/environment/library_path.dsv
[1.777s] -- Up-to-date symlink: /home/mtl12345/autoware/install/llh_converter/include/llh_converter/gsigeo.hpp
[1.777s] -- Up-to-date symlink: /home/mtl12345/autoware/install/llh_converter/include/llh_converter/height_converter.hpp
[1.778s] -- Up-to-date symlink: /home/mtl12345/autoware/install/llh_converter/include/llh_converter/llh_converter.hpp
[1.778s] -- Up-to-date symlink: /home/mtl12345/autoware/install/llh_converter/include/llh_converter/meridian_convergence_angle_correction.hpp
[1.778s] -- Up-to-date symlink: /home/mtl12345/autoware/install/llh_converter/share/llh_converter/data/gsigeo2011_ver2_1.asc
[1.779s] -- Up-to-date symlink: /home/mtl12345/autoware/install/llh_converter/lib/libllh_converter.so
[1.779s] -- Up-to-date symlink: /home/mtl12345/autoware/install/llh_converter/lib/llh_converter/llh_test
[1.779s] -- Up-to-date symlink: /home/mtl12345/autoware/install/llh_converter/lib/llh_converter/mcac_test
[1.779s] -- Up-to-date symlink: /home/mtl12345/autoware/install/llh_converter/include/llh_converter/gsigeo.hpp
[1.780s] -- Up-to-date symlink: /home/mtl12345/autoware/install/llh_converter/include/llh_converter/height_converter.hpp
[1.780s] -- Up-to-date symlink: /home/mtl12345/autoware/install/llh_converter/include/llh_converter/llh_converter.hpp
[1.780s] -- Up-to-date symlink: /home/mtl12345/autoware/install/llh_converter/include/llh_converter/meridian_convergence_angle_correction.hpp
[1.781s] -- Up-to-date symlink: /home/mtl12345/autoware/install/llh_converter/lib/libllh_converter.so
[1.781s] -- Up-to-date symlink: /home/mtl12345/autoware/install/llh_converter/lib/llh_converter/llh_test
[1.781s] -- Up-to-date symlink: /home/mtl12345/autoware/install/llh_converter/lib/llh_converter/mcac_test
[1.782s] -- Up-to-date symlink: /home/mtl12345/autoware/install/llh_converter/share/ament_index/resource_index/package_run_dependencies/llh_converter
[1.782s] -- Up-to-date symlink: /home/mtl12345/autoware/install/llh_converter/share/ament_index/resource_index/parent_prefix_path/llh_converter
[1.782s] -- Up-to-date symlink: /home/mtl12345/autoware/install/llh_converter/share/llh_converter/environment/ament_prefix_path.sh
[1.782s] -- Up-to-date symlink: /home/mtl12345/autoware/install/llh_converter/share/llh_converter/environment/ament_prefix_path.dsv
[1.783s] -- Up-to-date symlink: /home/mtl12345/autoware/install/llh_converter/share/llh_converter/environment/path.sh
[1.783s] -- Up-to-date symlink: /home/mtl12345/autoware/install/llh_converter/share/llh_converter/environment/path.dsv
[1.783s] -- Up-to-date symlink: /home/mtl12345/autoware/install/llh_converter/share/llh_converter/local_setup.bash
[1.783s] -- Up-to-date symlink: /home/mtl12345/autoware/install/llh_converter/share/llh_converter/local_setup.sh
[1.783s] -- Up-to-date symlink: /home/mtl12345/autoware/install/llh_converter/share/llh_converter/local_setup.zsh
[1.783s] -- Up-to-date symlink: /home/mtl12345/autoware/install/llh_converter/share/llh_converter/local_setup.dsv
[1.783s] -- Symlinking: /home/mtl12345/autoware/install/llh_converter/share/llh_converter/package.dsv
[1.783s] -- Up-to-date symlink: /home/mtl12345/autoware/install/llh_converter/share/ament_index/resource_index/packages/llh_converter
[1.784s] -- Up-to-date symlink: /home/mtl12345/autoware/install/llh_converter/share/llh_converter/cmake/ament_cmake_export_include_directories-extras.cmake
[1.784s] -- Up-to-date symlink: /home/mtl12345/autoware/install/llh_converter/share/llh_converter/cmake/ament_cmake_export_libraries-extras.cmake
[1.784s] -- Up-to-date symlink: /home/mtl12345/autoware/install/llh_converter/share/llh_converter/cmake/llh_converterConfig.cmake
[1.784s] -- Up-to-date symlink: /home/mtl12345/autoware/install/llh_converter/share/llh_converter/cmake/llh_converterConfig-version.cmake
[1.784s] -- Up-to-date symlink: /home/mtl12345/autoware/install/llh_converter/share/llh_converter/package.xml
[2.535s] Invoked command in '/home/mtl12345/autoware/build/llh_converter' returned '0': CMAKE_PREFIX_PATH=/opt/ros/humble /usr/bin/cmake --install /home/mtl12345/autoware/build/llh_converter
