[0.297s] Invoking command in '/home/zhijie/autoware/build/tier4_autoware_utils': AMENT_PREFIX_PATH=/home/zhijie/autoware/install/autoware_auto_vehicle_msgs:/home/zhijie/autoware/install/autoware_cmake:/home/zhijie/autoware/install/autoware_auto_planning_msgs:/home/zhijie/autoware/install/autoware_auto_perception_msgs:/home/zhijie/autoware/install/tier4_debug_msgs:/home/zhijie/autoware/install/autoware_lint_common:/home/zhijie/autoware/install/autoware_auto_mapping_msgs:/home/zhijie/autoware/install/autoware_auto_geometry_msgs:${AMENT_PREFIX_PATH} CMAKE_PREFIX_PATH=/home/zhijie/autoware/install/autoware_auto_vehicle_msgs:/home/zhijie/autoware/install/autoware_cmake:/home/zhijie/autoware/install/autoware_auto_planning_msgs:/home/zhijie/autoware/install/autoware_auto_perception_msgs:/home/zhijie/autoware/install/tier4_debug_msgs:/home/zhijie/autoware/install/autoware_lint_common:/home/zhijie/autoware/install/autoware_auto_mapping_msgs:/home/zhijie/autoware/install/autoware_auto_geometry_msgs:/opt/ros/humble LD_LIBRARY_PATH=/home/zhijie/autoware/install/autoware_auto_vehicle_msgs/lib:/home/zhijie/autoware/install/autoware_auto_planning_msgs/lib:/home/zhijie/autoware/install/autoware_auto_perception_msgs/lib:/home/zhijie/autoware/install/tier4_debug_msgs/lib:/home/zhijie/autoware/install/autoware_auto_mapping_msgs/lib:/home/zhijie/autoware/install/autoware_auto_geometry_msgs/lib:${LD_LIBRARY_PATH} PYTHONPATH=/home/zhijie/autoware/install/autoware_auto_vehicle_msgs/local/lib/python3.10/dist-packages:/home/zhijie/autoware/install/autoware_auto_planning_msgs/local/lib/python3.10/dist-packages:/home/zhijie/autoware/install/autoware_auto_perception_msgs/local/lib/python3.10/dist-packages:/home/zhijie/autoware/install/tier4_debug_msgs/local/lib/python3.10/dist-packages:/home/zhijie/autoware/install/autoware_auto_mapping_msgs/local/lib/python3.10/dist-packages:/home/zhijie/autoware/install/autoware_auto_geometry_msgs/local/lib/python3.10/dist-packages:${PYTHONPATH} /usr/bin/cmake /home/zhijie/autoware/src/universe/autoware.universe/common/tier4_autoware_utils -DCMAKE_BUILD_TYPE=Release -DAMENT_CMAKE_SYMLINK_INSTALL=1 -DCMAKE_INSTALL_PREFIX=/home/zhijie/autoware/install/tier4_autoware_utils
[7.305s] -- Found autoware_cmake: 0.1.0 (/home/zhijie/autoware/install/autoware_cmake/share/autoware_cmake/cmake)
[7.305s] -- Override CMake install command with custom implementation using symlinks instead of copying resources
[7.306s] -- Found rosidl_generator_c: 3.1.5 (/opt/ros/humble/share/rosidl_generator_c/cmake)
[7.306s] -- Found rosidl_adapter: 3.1.5 (/opt/ros/humble/share/rosidl_adapter/cmake)
[7.306s] -- Found rosidl_generator_cpp: 3.1.5 (/opt/ros/humble/share/rosidl_generator_cpp/cmake)
[7.306s] -- Using all available rosidl_typesupport_c: rosidl_typesupport_fastrtps_c;rosidl_typesupport_introspection_c
[7.306s] -- Using all available rosidl_typesupport_cpp: rosidl_typesupport_fastrtps_cpp;rosidl_typesupport_introspection_cpp
[7.306s] -- Found rmw_implementation_cmake: 6.1.1 (/opt/ros/humble/share/rmw_implementation_cmake/cmake)
[7.306s] -- Found rmw_cyclonedds_cpp: 1.3.4 (/opt/ros/humble/share/rmw_cyclonedds_cpp/cmake)
[7.307s] -- Using RMW implementation 'rmw_cyclonedds_cpp' as default
[7.307s] -- Found eigen3_cmake_module: 0.1.1 (/opt/ros/humble/share/eigen3_cmake_module/cmake)
[7.307s] -- Ensuring Eigen3 include directory is part of orocos-kdl CMake target
[7.308s] -- Eigen found (include: /usr/include/eigen3, version: 3.4.0)
[7.311s] -- FLANN found (include: /usr/include, lib: /usr/lib/x86_64-linux-gnu/libflann_cpp.so)
[7.311s] -- OpenNI found (version: 1.5.4.0, include: /usr/include/ni, lib: /usr/lib/libOpenNI.so;libusb::libusb)
[7.311s] -- OpenNI2 found (version: 2.2.0.33, include: /usr/include/openni2, lib: /usr/lib/x86_64-linux-gnu/libOpenNI2.so;libusb::libusb)
[7.311s] -- Eigen found (include: /usr/include/eigen3, version: 3.4.0)
[7.312s] -- OpenNI found (version: 1.5.4.0, include: /usr/include/ni, lib: /usr/lib/libOpenNI.so;libusb::libusb)
[7.312s] -- OpenNI2 found (version: 2.2.0.33, include: /usr/include/openni2, lib: /usr/lib/x86_64-linux-gnu/libOpenNI2.so;libusb::libusb)
[7.312s] -- Found Qhull version 8.0.2
[7.313s] -- OpenNI found (version: 1.5.4.0, include: /usr/include/ni, lib: /usr/lib/libOpenNI.so;libusb::libusb)
[7.313s] -- Found ament_lint_auto: 0.12.8 (/opt/ros/humble/share/ament_lint_auto/cmake)
[7.313s] -- Found gtest sources under '/opt/ros/humble/src/gtest_vendor': C++ tests using 'Google Test' will be built
[7.313s] -- Added test 'copyright' to check source files copyright and LICENSE
[7.314s] -- Added test 'cppcheck' to perform static code analysis on C / C++ code
[7.314s] -- Configured cppcheck include dirs: /home/zhijie/autoware/src/universe/autoware.universe/common/tier4_autoware_utils/include
[7.314s] -- Configured cppcheck exclude dirs and/or files: 
[7.314s] -- Added test 'lint_cmake' to check CMake code style
[7.314s] -- Added test 'xmllint' to check XML markup files
[7.314s] -- Configuring done
[7.314s] -- Generating done
[7.315s] -- Build files have been written to: /home/zhijie/autoware/build/tier4_autoware_utils
[7.333s] Invoked command in '/home/zhijie/autoware/build/tier4_autoware_utils' returned '0': AMENT_PREFIX_PATH=/home/zhijie/autoware/install/autoware_auto_vehicle_msgs:/home/zhijie/autoware/install/autoware_cmake:/home/zhijie/autoware/install/autoware_auto_planning_msgs:/home/zhijie/autoware/install/autoware_auto_perception_msgs:/home/zhijie/autoware/install/tier4_debug_msgs:/home/zhijie/autoware/install/autoware_lint_common:/home/zhijie/autoware/install/autoware_auto_mapping_msgs:/home/zhijie/autoware/install/autoware_auto_geometry_msgs:${AMENT_PREFIX_PATH} CMAKE_PREFIX_PATH=/home/zhijie/autoware/install/autoware_auto_vehicle_msgs:/home/zhijie/autoware/install/autoware_cmake:/home/zhijie/autoware/install/autoware_auto_planning_msgs:/home/zhijie/autoware/install/autoware_auto_perception_msgs:/home/zhijie/autoware/install/tier4_debug_msgs:/home/zhijie/autoware/install/autoware_lint_common:/home/zhijie/autoware/install/autoware_auto_mapping_msgs:/home/zhijie/autoware/install/autoware_auto_geometry_msgs:/opt/ros/humble LD_LIBRARY_PATH=/home/zhijie/autoware/install/autoware_auto_vehicle_msgs/lib:/home/zhijie/autoware/install/autoware_auto_planning_msgs/lib:/home/zhijie/autoware/install/autoware_auto_perception_msgs/lib:/home/zhijie/autoware/install/tier4_debug_msgs/lib:/home/zhijie/autoware/install/autoware_auto_mapping_msgs/lib:/home/zhijie/autoware/install/autoware_auto_geometry_msgs/lib:${LD_LIBRARY_PATH} PYTHONPATH=/home/zhijie/autoware/install/autoware_auto_vehicle_msgs/local/lib/python3.10/dist-packages:/home/zhijie/autoware/install/autoware_auto_planning_msgs/local/lib/python3.10/dist-packages:/home/zhijie/autoware/install/autoware_auto_perception_msgs/local/lib/python3.10/dist-packages:/home/zhijie/autoware/install/tier4_debug_msgs/local/lib/python3.10/dist-packages:/home/zhijie/autoware/install/autoware_auto_mapping_msgs/local/lib/python3.10/dist-packages:/home/zhijie/autoware/install/autoware_auto_geometry_msgs/local/lib/python3.10/dist-packages:${PYTHONPATH} /usr/bin/cmake /home/zhijie/autoware/src/universe/autoware.universe/common/tier4_autoware_utils -DCMAKE_BUILD_TYPE=Release -DAMENT_CMAKE_SYMLINK_INSTALL=1 -DCMAKE_INSTALL_PREFIX=/home/zhijie/autoware/install/tier4_autoware_utils
[7.333s] Invoking command in '/home/zhijie/autoware/build/tier4_autoware_utils': AMENT_PREFIX_PATH=/home/zhijie/autoware/install/autoware_auto_vehicle_msgs:/home/zhijie/autoware/install/autoware_cmake:/home/zhijie/autoware/install/autoware_auto_planning_msgs:/home/zhijie/autoware/install/autoware_auto_perception_msgs:/home/zhijie/autoware/install/tier4_debug_msgs:/home/zhijie/autoware/install/autoware_lint_common:/home/zhijie/autoware/install/autoware_auto_mapping_msgs:/home/zhijie/autoware/install/autoware_auto_geometry_msgs:${AMENT_PREFIX_PATH} CMAKE_PREFIX_PATH=/home/zhijie/autoware/install/autoware_auto_vehicle_msgs:/home/zhijie/autoware/install/autoware_cmake:/home/zhijie/autoware/install/autoware_auto_planning_msgs:/home/zhijie/autoware/install/autoware_auto_perception_msgs:/home/zhijie/autoware/install/tier4_debug_msgs:/home/zhijie/autoware/install/autoware_lint_common:/home/zhijie/autoware/install/autoware_auto_mapping_msgs:/home/zhijie/autoware/install/autoware_auto_geometry_msgs:/opt/ros/humble LD_LIBRARY_PATH=/home/zhijie/autoware/install/autoware_auto_vehicle_msgs/lib:/home/zhijie/autoware/install/autoware_auto_planning_msgs/lib:/home/zhijie/autoware/install/autoware_auto_perception_msgs/lib:/home/zhijie/autoware/install/tier4_debug_msgs/lib:/home/zhijie/autoware/install/autoware_auto_mapping_msgs/lib:/home/zhijie/autoware/install/autoware_auto_geometry_msgs/lib:${LD_LIBRARY_PATH} PYTHONPATH=/home/zhijie/autoware/install/autoware_auto_vehicle_msgs/local/lib/python3.10/dist-packages:/home/zhijie/autoware/install/autoware_auto_planning_msgs/local/lib/python3.10/dist-packages:/home/zhijie/autoware/install/autoware_auto_perception_msgs/local/lib/python3.10/dist-packages:/home/zhijie/autoware/install/tier4_debug_msgs/local/lib/python3.10/dist-packages:/home/zhijie/autoware/install/autoware_auto_mapping_msgs/local/lib/python3.10/dist-packages:/home/zhijie/autoware/install/autoware_auto_geometry_msgs/local/lib/python3.10/dist-packages:${PYTHONPATH} /usr/bin/cmake --build /home/zhijie/autoware/build/tier4_autoware_utils -- -j16 -l16
[11.489s] [35m[1mConsolidate compiler generated dependencies of target tier4_autoware_utils[0m
[11.490s] [  3%] [32mBuilding CXX object CMakeFiles/tier4_autoware_utils.dir/src/geometry/geometry.cpp.o[0m
[15.411s] [  7%] [32mBuilding CXX object CMakeFiles/tier4_autoware_utils.dir/src/system/backtrace.cpp.o[0m
[19.786s] [ 10%] [32mBuilding CXX object CMakeFiles/tier4_autoware_utils.dir/src/ros/logger_level_configure.cpp.o[0m
[25.791s] [ 14%] [32mBuilding CXX object CMakeFiles/tier4_autoware_utils.dir/src/ros/marker_helper.cpp.o[0m
[27.615s] [ 17%] [32mBuilding CXX object CMakeFiles/tier4_autoware_utils.dir/src/ros/msg_operation.cpp.o[0m
[32.142s] [ 21%] [32mBuilding CXX object CMakeFiles/tier4_autoware_utils.dir/src/geometry/boost_polygon_utils.cpp.o[0m
[42.700s] [ 25%] [32mBuilding CXX object CMakeFiles/tier4_autoware_utils.dir/src/geometry/pose_deviation.cpp.o[0m
[49.439s] [ 28%] [32m[1mLinking CXX shared library libtier4_autoware_utils.so[0m
[50.168s] [ 35%] Built target tier4_autoware_utils
[50.184s] [35m[1mConsolidate compiler generated dependencies of target gtest[0m
[50.205s] [ 39%] [32mBuilding CXX object gtest/CMakeFiles/gtest.dir/src/gtest-all.cc.o[0m
[61.948s] [ 42%] [32m[1mLinking CXX static library libgtest.a[0m
[61.998s] [ 42%] Built target gtest
[62.014s] [35m[1mConsolidate compiler generated dependencies of target gtest_main[0m
[62.038s] [ 46%] [32mBuilding CXX object gtest/CMakeFiles/gtest_main.dir/src/gtest_main.cc.o[0m
[63.522s] [ 50%] [32m[1mLinking CXX static library libgtest_main.a[0m
[63.569s] [ 50%] Built target gtest_main
[63.608s] [35m[1mConsolidate compiler generated dependencies of target test_tier4_autoware_utils[0m
[63.744s] [ 53%] [32mBuilding CXX object CMakeFiles/test_tier4_autoware_utils.dir/test/src/geometry/test_boost_geometry.cpp.o[0m
[63.752s] [ 57%] [32mBuilding CXX object CMakeFiles/test_tier4_autoware_utils.dir/test/src/geometry/test_boost_polygon_utils.cpp.o[0m
[76.051s] [ 60%] [32mBuilding CXX object CMakeFiles/test_tier4_autoware_utils.dir/test/src/transform/test_transform.cpp.o[0m
[86.829s] [ 64%] [32mBuilding CXX object CMakeFiles/test_tier4_autoware_utils.dir/test/src/test_autoware_utils.cpp.o[0m
[91.417s] [ 67%] [32mBuilding CXX object CMakeFiles/test_tier4_autoware_utils.dir/test/src/system/test_stop_watch.cpp.o[0m
[93.543s] [ 71%] [32mBuilding CXX object CMakeFiles/test_tier4_autoware_utils.dir/test/src/math/test_unit_conversion.cpp.o[0m
[95.487s] [ 75%] [32mBuilding CXX object CMakeFiles/test_tier4_autoware_utils.dir/test/src/math/test_trigonometry.cpp.o[0m
[97.301s] [ 78%] [32mBuilding CXX object CMakeFiles/test_tier4_autoware_utils.dir/test/src/math/test_range.cpp.o[0m
[101.219s] [ 82%] [32mBuilding CXX object CMakeFiles/test_tier4_autoware_utils.dir/test/src/math/test_normalization.cpp.o[0m
[103.510s] [ 85%] [32mBuilding CXX object CMakeFiles/test_tier4_autoware_utils.dir/test/src/math/test_constants.cpp.o[0m
[105.402s] [ 89%] [32mBuilding CXX object CMakeFiles/test_tier4_autoware_utils.dir/test/src/geometry/test_pose_deviation.cpp.o[0m
[114.324s] [ 92%] [32mBuilding CXX object CMakeFiles/test_tier4_autoware_utils.dir/test/src/geometry/test_path_with_lane_id_geometry.cpp.o[0m
[123.617s] [ 96%] [32mBuilding CXX object CMakeFiles/test_tier4_autoware_utils.dir/test/src/geometry/test_geometry.cpp.o[0m
[138.674s] [100%] [32m[1mLinking CXX executable test_tier4_autoware_utils[0m
[142.667s] [100%] Built target test_tier4_autoware_utils
[142.686s] Invoked command in '/home/zhijie/autoware/build/tier4_autoware_utils' returned '0': AMENT_PREFIX_PATH=/home/zhijie/autoware/install/autoware_auto_vehicle_msgs:/home/zhijie/autoware/install/autoware_cmake:/home/zhijie/autoware/install/autoware_auto_planning_msgs:/home/zhijie/autoware/install/autoware_auto_perception_msgs:/home/zhijie/autoware/install/tier4_debug_msgs:/home/zhijie/autoware/install/autoware_lint_common:/home/zhijie/autoware/install/autoware_auto_mapping_msgs:/home/zhijie/autoware/install/autoware_auto_geometry_msgs:${AMENT_PREFIX_PATH} CMAKE_PREFIX_PATH=/home/zhijie/autoware/install/autoware_auto_vehicle_msgs:/home/zhijie/autoware/install/autoware_cmake:/home/zhijie/autoware/install/autoware_auto_planning_msgs:/home/zhijie/autoware/install/autoware_auto_perception_msgs:/home/zhijie/autoware/install/tier4_debug_msgs:/home/zhijie/autoware/install/autoware_lint_common:/home/zhijie/autoware/install/autoware_auto_mapping_msgs:/home/zhijie/autoware/install/autoware_auto_geometry_msgs:/opt/ros/humble LD_LIBRARY_PATH=/home/zhijie/autoware/install/autoware_auto_vehicle_msgs/lib:/home/zhijie/autoware/install/autoware_auto_planning_msgs/lib:/home/zhijie/autoware/install/autoware_auto_perception_msgs/lib:/home/zhijie/autoware/install/tier4_debug_msgs/lib:/home/zhijie/autoware/install/autoware_auto_mapping_msgs/lib:/home/zhijie/autoware/install/autoware_auto_geometry_msgs/lib:${LD_LIBRARY_PATH} PYTHONPATH=/home/zhijie/autoware/install/autoware_auto_vehicle_msgs/local/lib/python3.10/dist-packages:/home/zhijie/autoware/install/autoware_auto_planning_msgs/local/lib/python3.10/dist-packages:/home/zhijie/autoware/install/autoware_auto_perception_msgs/local/lib/python3.10/dist-packages:/home/zhijie/autoware/install/tier4_debug_msgs/local/lib/python3.10/dist-packages:/home/zhijie/autoware/install/autoware_auto_mapping_msgs/local/lib/python3.10/dist-packages:/home/zhijie/autoware/install/autoware_auto_geometry_msgs/local/lib/python3.10/dist-packages:${PYTHONPATH} /usr/bin/cmake --build /home/zhijie/autoware/build/tier4_autoware_utils -- -j16 -l16
[142.893s] Invoking command in '/home/zhijie/autoware/build/tier4_autoware_utils': AMENT_PREFIX_PATH=/home/zhijie/autoware/install/autoware_auto_vehicle_msgs:/home/zhijie/autoware/install/autoware_cmake:/home/zhijie/autoware/install/autoware_auto_planning_msgs:/home/zhijie/autoware/install/autoware_auto_perception_msgs:/home/zhijie/autoware/install/tier4_debug_msgs:/home/zhijie/autoware/install/autoware_lint_common:/home/zhijie/autoware/install/autoware_auto_mapping_msgs:/home/zhijie/autoware/install/autoware_auto_geometry_msgs:${AMENT_PREFIX_PATH} CMAKE_PREFIX_PATH=/home/zhijie/autoware/install/autoware_auto_vehicle_msgs:/home/zhijie/autoware/install/autoware_cmake:/home/zhijie/autoware/install/autoware_auto_planning_msgs:/home/zhijie/autoware/install/autoware_auto_perception_msgs:/home/zhijie/autoware/install/tier4_debug_msgs:/home/zhijie/autoware/install/autoware_lint_common:/home/zhijie/autoware/install/autoware_auto_mapping_msgs:/home/zhijie/autoware/install/autoware_auto_geometry_msgs:/opt/ros/humble LD_LIBRARY_PATH=/home/zhijie/autoware/install/autoware_auto_vehicle_msgs/lib:/home/zhijie/autoware/install/autoware_auto_planning_msgs/lib:/home/zhijie/autoware/install/autoware_auto_perception_msgs/lib:/home/zhijie/autoware/install/tier4_debug_msgs/lib:/home/zhijie/autoware/install/autoware_auto_mapping_msgs/lib:/home/zhijie/autoware/install/autoware_auto_geometry_msgs/lib:${LD_LIBRARY_PATH} PYTHONPATH=/home/zhijie/autoware/install/autoware_auto_vehicle_msgs/local/lib/python3.10/dist-packages:/home/zhijie/autoware/install/autoware_auto_planning_msgs/local/lib/python3.10/dist-packages:/home/zhijie/autoware/install/autoware_auto_perception_msgs/local/lib/python3.10/dist-packages:/home/zhijie/autoware/install/tier4_debug_msgs/local/lib/python3.10/dist-packages:/home/zhijie/autoware/install/autoware_auto_mapping_msgs/local/lib/python3.10/dist-packages:/home/zhijie/autoware/install/autoware_auto_geometry_msgs/local/lib/python3.10/dist-packages:${PYTHONPATH} /usr/bin/cmake --install /home/zhijie/autoware/build/tier4_autoware_utils
[177.834s] -- Install configuration: "Release"
[177.840s] -- Execute custom install script
[177.841s] -- Up-to-date symlink: /home/zhijie/autoware/install/tier4_autoware_utils/include/tier4_autoware_utils/geometry/boost_geometry.hpp
[177.841s] -- Up-to-date symlink: /home/zhijie/autoware/install/tier4_autoware_utils/include/tier4_autoware_utils/geometry/boost_polygon_utils.hpp
[177.842s] -- Up-to-date symlink: /home/zhijie/autoware/install/tier4_autoware_utils/include/tier4_autoware_utils/geometry/geometry.hpp
[177.842s] -- Up-to-date symlink: /home/zhijie/autoware/install/tier4_autoware_utils/include/tier4_autoware_utils/geometry/pose_deviation.hpp
[177.842s] -- Up-to-date symlink: /home/zhijie/autoware/install/tier4_autoware_utils/include/tier4_autoware_utils/math/constants.hpp
[177.842s] -- Up-to-date symlink: /home/zhijie/autoware/install/tier4_autoware_utils/include/tier4_autoware_utils/math/normalization.hpp
[177.842s] -- Up-to-date symlink: /home/zhijie/autoware/install/tier4_autoware_utils/include/tier4_autoware_utils/math/range.hpp
[177.842s] -- Up-to-date symlink: /home/zhijie/autoware/install/tier4_autoware_utils/include/tier4_autoware_utils/math/sin_table.hpp
[177.842s] -- Up-to-date symlink: /home/zhijie/autoware/install/tier4_autoware_utils/include/tier4_autoware_utils/math/trigonometry.hpp
[177.842s] -- Up-to-date symlink: /home/zhijie/autoware/install/tier4_autoware_utils/include/tier4_autoware_utils/math/unit_conversion.hpp
[177.843s] -- Up-to-date symlink: /home/zhijie/autoware/install/tier4_autoware_utils/include/tier4_autoware_utils/ros/debug_publisher.hpp
[177.843s] -- Up-to-date symlink: /home/zhijie/autoware/install/tier4_autoware_utils/include/tier4_autoware_utils/ros/debug_traits.hpp
[177.843s] -- Up-to-date symlink: /home/zhijie/autoware/install/tier4_autoware_utils/include/tier4_autoware_utils/ros/logger_level_configure.hpp
[177.843s] -- Up-to-date symlink: /home/zhijie/autoware/install/tier4_autoware_utils/include/tier4_autoware_utils/ros/marker_helper.hpp
[177.843s] -- Up-to-date symlink: /home/zhijie/autoware/install/tier4_autoware_utils/include/tier4_autoware_utils/ros/msg_covariance.hpp
[177.843s] -- Up-to-date symlink: /home/zhijie/autoware/install/tier4_autoware_utils/include/tier4_autoware_utils/ros/msg_operation.hpp
[177.843s] -- Up-to-date symlink: /home/zhijie/autoware/install/tier4_autoware_utils/include/tier4_autoware_utils/ros/parameter.hpp
[177.843s] -- Up-to-date symlink: /home/zhijie/autoware/install/tier4_autoware_utils/include/tier4_autoware_utils/ros/pcl_conversion.hpp
[177.843s] -- Up-to-date symlink: /home/zhijie/autoware/install/tier4_autoware_utils/include/tier4_autoware_utils/ros/processing_time_publisher.hpp
[177.844s] -- Up-to-date symlink: /home/zhijie/autoware/install/tier4_autoware_utils/include/tier4_autoware_utils/ros/self_pose_listener.hpp
[177.844s] -- Up-to-date symlink: /home/zhijie/autoware/install/tier4_autoware_utils/include/tier4_autoware_utils/ros/transform_listener.hpp
[177.844s] -- Up-to-date symlink: /home/zhijie/autoware/install/tier4_autoware_utils/include/tier4_autoware_utils/ros/update_param.hpp
[177.844s] -- Up-to-date symlink: /home/zhijie/autoware/install/tier4_autoware_utils/include/tier4_autoware_utils/ros/uuid_helper.hpp
[177.844s] -- Up-to-date symlink: /home/zhijie/autoware/install/tier4_autoware_utils/include/tier4_autoware_utils/ros/wait_for_param.hpp
[177.844s] -- Up-to-date symlink: /home/zhijie/autoware/install/tier4_autoware_utils/include/tier4_autoware_utils/system/backtrace.hpp
[177.844s] -- Up-to-date symlink: /home/zhijie/autoware/install/tier4_autoware_utils/include/tier4_autoware_utils/system/stop_watch.hpp
[177.844s] -- Up-to-date symlink: /home/zhijie/autoware/install/tier4_autoware_utils/include/tier4_autoware_utils/transform/transforms.hpp
[177.844s] -- Up-to-date symlink: /home/zhijie/autoware/install/tier4_autoware_utils/share/tier4_autoware_utils/environment/library_path.sh
[177.844s] -- Up-to-date symlink: /home/zhijie/autoware/install/tier4_autoware_utils/share/tier4_autoware_utils/environment/library_path.dsv
[177.845s] -- Up-to-date symlink: /home/zhijie/autoware/install/tier4_autoware_utils/lib/libtier4_autoware_utils.so
[177.845s] -- Up-to-date symlink: /home/zhijie/autoware/install/tier4_autoware_utils/share/ament_index/resource_index/package_run_dependencies/tier4_autoware_utils
[177.845s] -- Up-to-date symlink: /home/zhijie/autoware/install/tier4_autoware_utils/share/ament_index/resource_index/parent_prefix_path/tier4_autoware_utils
[177.845s] -- Up-to-date symlink: /home/zhijie/autoware/install/tier4_autoware_utils/share/tier4_autoware_utils/environment/ament_prefix_path.sh
[177.845s] -- Up-to-date symlink: /home/zhijie/autoware/install/tier4_autoware_utils/share/tier4_autoware_utils/environment/ament_prefix_path.dsv
[177.845s] -- Up-to-date symlink: /home/zhijie/autoware/install/tier4_autoware_utils/share/tier4_autoware_utils/environment/path.sh
[177.845s] -- Up-to-date symlink: /home/zhijie/autoware/install/tier4_autoware_utils/share/tier4_autoware_utils/environment/path.dsv
[177.845s] -- Up-to-date symlink: /home/zhijie/autoware/install/tier4_autoware_utils/share/tier4_autoware_utils/local_setup.bash
[177.845s] -- Up-to-date symlink: /home/zhijie/autoware/install/tier4_autoware_utils/share/tier4_autoware_utils/local_setup.sh
[177.846s] -- Up-to-date symlink: /home/zhijie/autoware/install/tier4_autoware_utils/share/tier4_autoware_utils/local_setup.zsh
[177.846s] -- Up-to-date symlink: /home/zhijie/autoware/install/tier4_autoware_utils/share/tier4_autoware_utils/local_setup.dsv
[177.846s] -- Symlinking: /home/zhijie/autoware/install/tier4_autoware_utils/share/tier4_autoware_utils/package.dsv
[177.846s] -- Up-to-date symlink: /home/zhijie/autoware/install/tier4_autoware_utils/share/ament_index/resource_index/packages/tier4_autoware_utils
[177.846s] -- Up-to-date symlink: /home/zhijie/autoware/install/tier4_autoware_utils/share/tier4_autoware_utils/cmake/ament_cmake_export_dependencies-extras.cmake
[177.846s] -- Up-to-date symlink: /home/zhijie/autoware/install/tier4_autoware_utils/share/tier4_autoware_utils/cmake/ament_cmake_export_include_directories-extras.cmake
[177.846s] -- Up-to-date symlink: /home/zhijie/autoware/install/tier4_autoware_utils/share/tier4_autoware_utils/cmake/ament_cmake_export_libraries-extras.cmake
[177.846s] -- Up-to-date symlink: /home/zhijie/autoware/install/tier4_autoware_utils/share/tier4_autoware_utils/cmake/tier4_autoware_utilsConfig.cmake
[177.846s] -- Up-to-date symlink: /home/zhijie/autoware/install/tier4_autoware_utils/share/tier4_autoware_utils/cmake/tier4_autoware_utilsConfig-version.cmake
[177.847s] -- Up-to-date symlink: /home/zhijie/autoware/install/tier4_autoware_utils/share/tier4_autoware_utils/package.xml
[177.889s] Invoked command in '/home/zhijie/autoware/build/tier4_autoware_utils' returned '0': AMENT_PREFIX_PATH=/home/zhijie/autoware/install/autoware_auto_vehicle_msgs:/home/zhijie/autoware/install/autoware_cmake:/home/zhijie/autoware/install/autoware_auto_planning_msgs:/home/zhijie/autoware/install/autoware_auto_perception_msgs:/home/zhijie/autoware/install/tier4_debug_msgs:/home/zhijie/autoware/install/autoware_lint_common:/home/zhijie/autoware/install/autoware_auto_mapping_msgs:/home/zhijie/autoware/install/autoware_auto_geometry_msgs:${AMENT_PREFIX_PATH} CMAKE_PREFIX_PATH=/home/zhijie/autoware/install/autoware_auto_vehicle_msgs:/home/zhijie/autoware/install/autoware_cmake:/home/zhijie/autoware/install/autoware_auto_planning_msgs:/home/zhijie/autoware/install/autoware_auto_perception_msgs:/home/zhijie/autoware/install/tier4_debug_msgs:/home/zhijie/autoware/install/autoware_lint_common:/home/zhijie/autoware/install/autoware_auto_mapping_msgs:/home/zhijie/autoware/install/autoware_auto_geometry_msgs:/opt/ros/humble LD_LIBRARY_PATH=/home/zhijie/autoware/install/autoware_auto_vehicle_msgs/lib:/home/zhijie/autoware/install/autoware_auto_planning_msgs/lib:/home/zhijie/autoware/install/autoware_auto_perception_msgs/lib:/home/zhijie/autoware/install/tier4_debug_msgs/lib:/home/zhijie/autoware/install/autoware_auto_mapping_msgs/lib:/home/zhijie/autoware/install/autoware_auto_geometry_msgs/lib:${LD_LIBRARY_PATH} PYTHONPATH=/home/zhijie/autoware/install/autoware_auto_vehicle_msgs/local/lib/python3.10/dist-packages:/home/zhijie/autoware/install/autoware_auto_planning_msgs/local/lib/python3.10/dist-packages:/home/zhijie/autoware/install/autoware_auto_perception_msgs/local/lib/python3.10/dist-packages:/home/zhijie/autoware/install/tier4_debug_msgs/local/lib/python3.10/dist-packages:/home/zhijie/autoware/install/autoware_auto_mapping_msgs/local/lib/python3.10/dist-packages:/home/zhijie/autoware/install/autoware_auto_geometry_msgs/local/lib/python3.10/dist-packages:${PYTHONPATH} /usr/bin/cmake --install /home/zhijie/autoware/build/tier4_autoware_utils
