-- Install configuration: "Release"
-- Execute custom install script
-- Up-to-date symlink: /home/mtl12345/autoware/install/tier4_localization_launch/share/tier4_localization_launch/launch/localization.launch.xml
-- Up-to-date symlink: /home/mtl12345/autoware/install/tier4_localization_launch/share/tier4_localization_launch/launch/localization_error_monitor/localization_error_monitor.launch.xml
-- Up-to-date symlink: /home/mtl12345/autoware/install/tier4_localization_launch/share/tier4_localization_launch/launch/pose_twist_estimator/ar_tag_based_localizer.launch.xml
-- Up-to-date symlink: /home/mtl12345/autoware/install/tier4_localization_launch/share/tier4_localization_launch/launch/pose_twist_estimator/eagleye/eagleye_rt.launch.xml
-- Up-to-date symlink: /home/mtl12345/autoware/install/tier4_localization_launch/share/tier4_localization_launch/launch/pose_twist_estimator/eagleye/fix2pose.launch.xml
-- Up-to-date symlink: /home/mtl12345/autoware/install/tier4_localization_launch/share/tier4_localization_launch/launch/pose_twist_estimator/eagleye/gnss_converter.launch.xml
-- Up-to-date symlink: /home/mtl12345/autoware/install/tier4_localization_launch/share/tier4_localization_launch/launch/pose_twist_estimator/gyro_odometer.launch.xml
-- Up-to-date symlink: /home/mtl12345/autoware/install/tier4_localization_launch/share/tier4_localization_launch/launch/pose_twist_estimator/ndt_scan_matcher.launch.xml
-- Up-to-date symlink: /home/mtl12345/autoware/install/tier4_localization_launch/share/tier4_localization_launch/launch/pose_twist_estimator/pose_twist_estimator.launch.xml
-- Up-to-date symlink: /home/mtl12345/autoware/install/tier4_localization_launch/share/tier4_localization_launch/launch/pose_twist_estimator/yabloc.launch.xml
-- Up-to-date symlink: /home/mtl12345/autoware/install/tier4_localization_launch/share/tier4_localization_launch/launch/pose_twist_fusion_filter/pose_twist_fusion_filter.launch.xml
-- Up-to-date symlink: /home/mtl12345/autoware/install/tier4_localization_launch/share/tier4_localization_launch/launch/util/util.launch.py
-- Up-to-date symlink: /home/mtl12345/autoware/install/tier4_localization_launch/share/ament_index/resource_index/package_run_dependencies/tier4_localization_launch
-- Up-to-date symlink: /home/mtl12345/autoware/install/tier4_localization_launch/share/ament_index/resource_index/parent_prefix_path/tier4_localization_launch
-- Up-to-date symlink: /home/mtl12345/autoware/install/tier4_localization_launch/share/tier4_localization_launch/environment/ament_prefix_path.sh
-- Up-to-date symlink: /home/mtl12345/autoware/install/tier4_localization_launch/share/tier4_localization_launch/environment/ament_prefix_path.dsv
-- Up-to-date symlink: /home/mtl12345/autoware/install/tier4_localization_launch/share/tier4_localization_launch/environment/path.sh
-- Up-to-date symlink: /home/mtl12345/autoware/install/tier4_localization_launch/share/tier4_localization_launch/environment/path.dsv
-- Up-to-date symlink: /home/mtl12345/autoware/install/tier4_localization_launch/share/tier4_localization_launch/local_setup.bash
-- Up-to-date symlink: /home/mtl12345/autoware/install/tier4_localization_launch/share/tier4_localization_launch/local_setup.sh
-- Up-to-date symlink: /home/mtl12345/autoware/install/tier4_localization_launch/share/tier4_localization_launch/local_setup.zsh
-- Up-to-date symlink: /home/mtl12345/autoware/install/tier4_localization_launch/share/tier4_localization_launch/local_setup.dsv
-- Symlinking: /home/mtl12345/autoware/install/tier4_localization_launch/share/tier4_localization_launch/package.dsv
-- Up-to-date symlink: /home/mtl12345/autoware/install/tier4_localization_launch/share/ament_index/resource_index/packages/tier4_localization_launch
-- Up-to-date symlink: /home/mtl12345/autoware/install/tier4_localization_launch/share/tier4_localization_launch/cmake/tier4_localization_launchConfig.cmake
-- Up-to-date symlink: /home/mtl12345/autoware/install/tier4_localization_launch/share/tier4_localization_launch/cmake/tier4_localization_launchConfig-version.cmake
-- Up-to-date symlink: /home/mtl12345/autoware/install/tier4_localization_launch/share/tier4_localization_launch/package.xml
