-- The C compiler identification is GNU 11.4.0
-- The CXX compiler identification is GNU 11.4.0
-- Detecting C compiler ABI info
-- Detecting C compiler ABI info - done
-- Check for working C compiler: /usr/bin/cc - skipped
-- Detecting C compile features
-- Detecting C compile features - done
-- Detecting CXX compiler ABI info
-- Detecting CXX compiler ABI info - done
-- Check for working CXX compiler: /usr/bin/c++ - skipped
-- Detecting CXX compile features
-- Detecting CXX compile features - done
-- Found ament_cmake: 1.3.5 (/opt/ros/humble/share/ament_cmake/cmake)
-- Found Python3: /usr/bin/python3.10 (found version "3.10.12") found components: Interpreter 
-- Override CMake install command with custom implementation using symlinks instead of copying resources
-- Configuring done
-- Generating done
-- Build files have been written to: /home/mtl12345/autoware/build/dbw_polaris
-- Install configuration: "Release"
-- Execute custom install script
-- Symlinking: /home/mtl12345/autoware/install/dbw_polaris/share/ament_index/resource_index/package_run_dependencies/dbw_polaris
-- Symlinking: /home/mtl12345/autoware/install/dbw_polaris/share/ament_index/resource_index/parent_prefix_path/dbw_polaris
-- Symlinking: /home/mtl12345/autoware/install/dbw_polaris/share/dbw_polaris/environment/ament_prefix_path.sh
-- Symlinking: /home/mtl12345/autoware/install/dbw_polaris/share/dbw_polaris/environment/ament_prefix_path.dsv
-- Symlinking: /home/mtl12345/autoware/install/dbw_polaris/share/dbw_polaris/environment/path.sh
-- Symlinking: /home/mtl12345/autoware/install/dbw_polaris/share/dbw_polaris/environment/path.dsv
-- Symlinking: /home/mtl12345/autoware/install/dbw_polaris/share/dbw_polaris/local_setup.bash
-- Symlinking: /home/mtl12345/autoware/install/dbw_polaris/share/dbw_polaris/local_setup.sh
-- Symlinking: /home/mtl12345/autoware/install/dbw_polaris/share/dbw_polaris/local_setup.zsh
-- Symlinking: /home/mtl12345/autoware/install/dbw_polaris/share/dbw_polaris/local_setup.dsv
-- Symlinking: /home/mtl12345/autoware/install/dbw_polaris/share/dbw_polaris/package.dsv
-- Symlinking: /home/mtl12345/autoware/install/dbw_polaris/share/ament_index/resource_index/packages/dbw_polaris
-- Symlinking: /home/mtl12345/autoware/install/dbw_polaris/share/dbw_polaris/cmake/dbw_polarisConfig.cmake
-- Symlinking: /home/mtl12345/autoware/install/dbw_polaris/share/dbw_polaris/cmake/dbw_polarisConfig-version.cmake
-- Symlinking: /home/mtl12345/autoware/install/dbw_polaris/share/dbw_polaris/package.xml
