[0.400s] Invoking command in '/home/mtl12345/autoware/build/rtklib_bridge': AMENT_PREFIX_PATH=/home/mtl12345/autoware/install/rtklib_msgs:${AMENT_PREFIX_PATH} CMAKE_PREFIX_PATH=/home/mtl12345/autoware/install/rtklib_msgs:/opt/ros/humble LD_LIBRARY_PATH=/home/mtl12345/autoware/install/rtklib_msgs/lib:${LD_LIBRARY_PATH} PYTHONPATH=/home/mtl12345/autoware/install/rtklib_msgs/local/lib/python3.10/dist-packages:${PYTHONPATH} /usr/bin/cmake --build /home/mtl12345/autoware/build/rtklib_bridge -- -j12 -l12
[0.492s] [100%] Built target rtklib_bridge
[0.755s] Invoked command in '/home/mtl12345/autoware/build/rtklib_bridge' returned '0': AMENT_PREFIX_PATH=/home/mtl12345/autoware/install/rtklib_msgs:${AMENT_PREFIX_PATH} CMAKE_PREFIX_PATH=/home/mtl12345/autoware/install/rtklib_msgs:/opt/ros/humble LD_LIBRARY_PATH=/home/mtl12345/autoware/install/rtklib_msgs/lib:${LD_LIBRARY_PATH} PYTHONPATH=/home/mtl12345/autoware/install/rtklib_msgs/local/lib/python3.10/dist-packages:${PYTHONPATH} /usr/bin/cmake --build /home/mtl12345/autoware/build/rtklib_bridge -- -j12 -l12
[1.278s] Invoking command in '/home/mtl12345/autoware/build/rtklib_bridge': AMENT_PREFIX_PATH=/home/mtl12345/autoware/install/rtklib_msgs:${AMENT_PREFIX_PATH} CMAKE_PREFIX_PATH=/home/mtl12345/autoware/install/rtklib_msgs:/opt/ros/humble LD_LIBRARY_PATH=/home/mtl12345/autoware/install/rtklib_msgs/lib:${LD_LIBRARY_PATH} PYTHONPATH=/home/mtl12345/autoware/install/rtklib_msgs/local/lib/python3.10/dist-packages:${PYTHONPATH} /usr/bin/cmake --install /home/mtl12345/autoware/build/rtklib_bridge
[1.593s] -- Install configuration: "Release"
[1.593s] -- Execute custom install script
[1.594s] -- Up-to-date symlink: /home/mtl12345/autoware/install/rtklib_bridge/lib/rtklib_bridge/rtklib_bridge
[1.594s] -- Up-to-date symlink: /home/mtl12345/autoware/install/rtklib_bridge/share/rtklib_bridge/param/param.yaml
[1.594s] -- Up-to-date symlink: /home/mtl12345/autoware/install/rtklib_bridge/share/rtklib_bridge/launch/rtklib_bridge.launch.xml
[1.594s] -- Up-to-date symlink: /home/mtl12345/autoware/install/rtklib_bridge/include/hgeoid.hpp
[1.594s] -- Up-to-date symlink: /home/mtl12345/autoware/install/rtklib_bridge/lib/rtklib_bridge/rtklib_bridge
[1.594s] -- Up-to-date symlink: /home/mtl12345/autoware/install/rtklib_bridge/share/ament_index/resource_index/package_run_dependencies/rtklib_bridge
[1.594s] -- Up-to-date symlink: /home/mtl12345/autoware/install/rtklib_bridge/share/ament_index/resource_index/parent_prefix_path/rtklib_bridge
[1.594s] -- Up-to-date symlink: /home/mtl12345/autoware/install/rtklib_bridge/share/rtklib_bridge/environment/ament_prefix_path.sh
[1.594s] -- Up-to-date symlink: /home/mtl12345/autoware/install/rtklib_bridge/share/rtklib_bridge/environment/ament_prefix_path.dsv
[1.594s] -- Up-to-date symlink: /home/mtl12345/autoware/install/rtklib_bridge/share/rtklib_bridge/environment/path.sh
[1.594s] -- Up-to-date symlink: /home/mtl12345/autoware/install/rtklib_bridge/share/rtklib_bridge/environment/path.dsv
[1.594s] -- Up-to-date symlink: /home/mtl12345/autoware/install/rtklib_bridge/share/rtklib_bridge/local_setup.bash
[1.594s] -- Up-to-date symlink: /home/mtl12345/autoware/install/rtklib_bridge/share/rtklib_bridge/local_setup.sh
[1.594s] -- Up-to-date symlink: /home/mtl12345/autoware/install/rtklib_bridge/share/rtklib_bridge/local_setup.zsh
[1.594s] -- Up-to-date symlink: /home/mtl12345/autoware/install/rtklib_bridge/share/rtklib_bridge/local_setup.dsv
[1.595s] -- Symlinking: /home/mtl12345/autoware/install/rtklib_bridge/share/rtklib_bridge/package.dsv
[1.595s] -- Up-to-date symlink: /home/mtl12345/autoware/install/rtklib_bridge/share/ament_index/resource_index/packages/rtklib_bridge
[1.595s] -- Up-to-date symlink: /home/mtl12345/autoware/install/rtklib_bridge/share/rtklib_bridge/cmake/ament_cmake_export_dependencies-extras.cmake
[1.595s] -- Up-to-date symlink: /home/mtl12345/autoware/install/rtklib_bridge/share/rtklib_bridge/cmake/ament_cmake_export_include_directories-extras.cmake
[1.595s] -- Up-to-date symlink: /home/mtl12345/autoware/install/rtklib_bridge/share/rtklib_bridge/cmake/rtklib_bridgeConfig.cmake
[1.595s] -- Up-to-date symlink: /home/mtl12345/autoware/install/rtklib_bridge/share/rtklib_bridge/cmake/rtklib_bridgeConfig-version.cmake
[1.595s] -- Up-to-date symlink: /home/mtl12345/autoware/install/rtklib_bridge/share/rtklib_bridge/package.xml
[1.806s] Invoked command in '/home/mtl12345/autoware/build/rtklib_bridge' returned '0': AMENT_PREFIX_PATH=/home/mtl12345/autoware/install/rtklib_msgs:${AMENT_PREFIX_PATH} CMAKE_PREFIX_PATH=/home/mtl12345/autoware/install/rtklib_msgs:/opt/ros/humble LD_LIBRARY_PATH=/home/mtl12345/autoware/install/rtklib_msgs/lib:${LD_LIBRARY_PATH} PYTHONPATH=/home/mtl12345/autoware/install/rtklib_msgs/local/lib/python3.10/dist-packages:${PYTHONPATH} /usr/bin/cmake --install /home/mtl12345/autoware/build/rtklib_bridge
