[0.133s] Invoking command in '/home/zhijie/autoware/build/livox_description': CMAKE_PREFIX_PATH=/opt/ros/humble /usr/bin/cmake --build /home/zhijie/autoware/build/livox_description -- -j16 -l16
[0.217s] Invoked command in '/home/zhijie/autoware/build/livox_description' returned '0': CMAKE_PREFIX_PATH=/opt/ros/humble /usr/bin/cmake --build /home/zhijie/autoware/build/livox_description -- -j16 -l16
[0.333s] Invoking command in '/home/zhijie/autoware/build/livox_description': CMAKE_PREFIX_PATH=/opt/ros/humble /usr/bin/cmake --install /home/zhijie/autoware/build/livox_description
[0.352s] -- Install configuration: "Release"
[0.352s] -- Execute custom install script
[0.352s] -- Up-to-date symlink: /home/zhijie/autoware/install/livox_description/share/livox_description/urdf/livox_horizon.xacro
[0.352s] -- Up-to-date symlink: /home/zhijie/autoware/install/livox_description/share/ament_index/resource_index/package_run_dependencies/livox_description
[0.352s] -- Up-to-date symlink: /home/zhijie/autoware/install/livox_description/share/ament_index/resource_index/parent_prefix_path/livox_description
[0.353s] -- Up-to-date symlink: /home/zhijie/autoware/install/livox_description/share/livox_description/environment/ament_prefix_path.sh
[0.353s] -- Up-to-date symlink: /home/zhijie/autoware/install/livox_description/share/livox_description/environment/ament_prefix_path.dsv
[0.353s] -- Up-to-date symlink: /home/zhijie/autoware/install/livox_description/share/livox_description/environment/path.sh
[0.353s] -- Up-to-date symlink: /home/zhijie/autoware/install/livox_description/share/livox_description/environment/path.dsv
[0.353s] -- Up-to-date symlink: /home/zhijie/autoware/install/livox_description/share/livox_description/local_setup.bash
[0.353s] -- Up-to-date symlink: /home/zhijie/autoware/install/livox_description/share/livox_description/local_setup.sh
[0.353s] -- Up-to-date symlink: /home/zhijie/autoware/install/livox_description/share/livox_description/local_setup.zsh
[0.353s] -- Up-to-date symlink: /home/zhijie/autoware/install/livox_description/share/livox_description/local_setup.dsv
[0.353s] -- Symlinking: /home/zhijie/autoware/install/livox_description/share/livox_description/package.dsv
[0.353s] -- Up-to-date symlink: /home/zhijie/autoware/install/livox_description/share/ament_index/resource_index/packages/livox_description
[0.353s] -- Up-to-date symlink: /home/zhijie/autoware/install/livox_description/share/livox_description/cmake/livox_descriptionConfig.cmake
[0.354s] -- Up-to-date symlink: /home/zhijie/autoware/install/livox_description/share/livox_description/cmake/livox_descriptionConfig-version.cmake
[0.354s] -- Up-to-date symlink: /home/zhijie/autoware/install/livox_description/share/livox_description/package.xml
[0.706s] Invoked command in '/home/zhijie/autoware/build/livox_description' returned '0': CMAKE_PREFIX_PATH=/opt/ros/humble /usr/bin/cmake --install /home/zhijie/autoware/build/livox_description
