[0.175s] Invoking command in '/home/zhijie/autoware/build/autoware_point_types': AMENT_PREFIX_PATH=/home/zhijie/autoware/install/autoware_cmake:/home/zhijie/autoware/install/autoware_lint_common:${AMENT_PREFIX_PATH} CMAKE_PREFIX_PATH=/home/zhijie/autoware/install/autoware_cmake:/home/zhijie/autoware/install/autoware_lint_common:/opt/ros/humble /usr/bin/cmake --build /home/zhijie/autoware/build/autoware_point_types -- -j16 -l16
[0.213s] [ 33%] Built target gtest
[0.217s] [ 66%] Built target gtest_main
[0.248s] [100%] Built target test_autoware_point_types
[0.263s] Invoked command in '/home/zhijie/autoware/build/autoware_point_types' returned '0': AMENT_PREFIX_PATH=/home/zhijie/autoware/install/autoware_cmake:/home/zhijie/autoware/install/autoware_lint_common:${AMENT_PREFIX_PATH} CMAKE_PREFIX_PATH=/home/zhijie/autoware/install/autoware_cmake:/home/zhijie/autoware/install/autoware_lint_common:/opt/ros/humble /usr/bin/cmake --build /home/zhijie/autoware/build/autoware_point_types -- -j16 -l16
[0.343s] Invoking command in '/home/zhijie/autoware/build/autoware_point_types': AMENT_PREFIX_PATH=/home/zhijie/autoware/install/autoware_cmake:/home/zhijie/autoware/install/autoware_lint_common:${AMENT_PREFIX_PATH} CMAKE_PREFIX_PATH=/home/zhijie/autoware/install/autoware_cmake:/home/zhijie/autoware/install/autoware_lint_common:/opt/ros/humble /usr/bin/cmake --install /home/zhijie/autoware/build/autoware_point_types
[0.361s] -- Install configuration: "Release"
[0.369s] -- Execute custom install script
[0.369s] -- Up-to-date symlink: /home/zhijie/autoware/install/autoware_point_types/include/autoware_point_types/types.hpp
[0.369s] -- Up-to-date symlink: /home/zhijie/autoware/install/autoware_point_types/share/ament_index/resource_index/package_run_dependencies/autoware_point_types
[0.369s] -- Up-to-date symlink: /home/zhijie/autoware/install/autoware_point_types/share/ament_index/resource_index/parent_prefix_path/autoware_point_types
[0.369s] -- Up-to-date symlink: /home/zhijie/autoware/install/autoware_point_types/share/autoware_point_types/environment/ament_prefix_path.sh
[0.369s] -- Up-to-date symlink: /home/zhijie/autoware/install/autoware_point_types/share/autoware_point_types/environment/ament_prefix_path.dsv
[0.369s] -- Up-to-date symlink: /home/zhijie/autoware/install/autoware_point_types/share/autoware_point_types/environment/path.sh
[0.370s] -- Up-to-date symlink: /home/zhijie/autoware/install/autoware_point_types/share/autoware_point_types/environment/path.dsv
[0.370s] -- Up-to-date symlink: /home/zhijie/autoware/install/autoware_point_types/share/autoware_point_types/local_setup.bash
[0.370s] -- Up-to-date symlink: /home/zhijie/autoware/install/autoware_point_types/share/autoware_point_types/local_setup.sh
[0.370s] -- Up-to-date symlink: /home/zhijie/autoware/install/autoware_point_types/share/autoware_point_types/local_setup.zsh
[0.370s] -- Up-to-date symlink: /home/zhijie/autoware/install/autoware_point_types/share/autoware_point_types/local_setup.dsv
[0.372s] -- Symlinking: /home/zhijie/autoware/install/autoware_point_types/share/autoware_point_types/package.dsv
[0.392s] -- Up-to-date symlink: /home/zhijie/autoware/install/autoware_point_types/share/ament_index/resource_index/packages/autoware_point_types
[0.392s] -- Up-to-date symlink: /home/zhijie/autoware/install/autoware_point_types/share/autoware_point_types/cmake/ament_cmake_export_dependencies-extras.cmake
[0.393s] -- Up-to-date symlink: /home/zhijie/autoware/install/autoware_point_types/share/autoware_point_types/cmake/ament_cmake_export_include_directories-extras.cmake
[0.393s] -- Up-to-date symlink: /home/zhijie/autoware/install/autoware_point_types/share/autoware_point_types/cmake/autoware_point_typesConfig.cmake
[0.395s] -- Up-to-date symlink: /home/zhijie/autoware/install/autoware_point_types/share/autoware_point_types/cmake/autoware_point_typesConfig-version.cmake
[0.395s] -- Up-to-date symlink: /home/zhijie/autoware/install/autoware_point_types/share/autoware_point_types/package.xml
[0.458s] Invoked command in '/home/zhijie/autoware/build/autoware_point_types' returned '0': AMENT_PREFIX_PATH=/home/zhijie/autoware/install/autoware_cmake:/home/zhijie/autoware/install/autoware_lint_common:${AMENT_PREFIX_PATH} CMAKE_PREFIX_PATH=/home/zhijie/autoware/install/autoware_cmake:/home/zhijie/autoware/install/autoware_lint_common:/opt/ros/humble /usr/bin/cmake --install /home/zhijie/autoware/build/autoware_point_types
