[35m[1mConsolidate compiler generated dependencies of target dataspeed_ulc_msgs__rosidl_generator_c[0m
[  2%] Built target dataspeed_ulc_msgs__cpp
[ 12%] Built target dataspeed_ulc_msgs__rosidl_generator_c
[ 12%] Built target ament_cmake_python_symlink_dataspeed_ulc_msgs
[35m[1mConsolidate compiler generated dependencies of target dataspeed_ulc_msgs__rosidl_typesupport_cpp[0m
[35m[1mConsolidate compiler generated dependencies of target dataspeed_ulc_msgs__rosidl_typesupport_introspection_cpp[0m
[35m[1mConsolidate compiler generated dependencies of target dataspeed_ulc_msgs__rosidl_typesupport_fastrtps_cpp[0m
[35m[1mConsolidate compiler generated dependencies of target dataspeed_ulc_msgs__rosidl_typesupport_c[0m
[35m[1mConsolidate compiler generated dependencies of target dataspeed_ulc_msgs__rosidl_typesupport_introspection_c[0m
[35m[1mConsolidate compiler generated dependencies of target dataspeed_ulc_msgs__rosidl_typesupport_fastrtps_c[0m
[ 23%] Built target dataspeed_ulc_msgs__rosidl_typesupport_cpp
[ 33%] Built target dataspeed_ulc_msgs__rosidl_typesupport_fastrtps_cpp
[ 43%] Built target dataspeed_ulc_msgs__rosidl_typesupport_introspection_cpp
[ 53%] Built target dataspeed_ulc_msgs__rosidl_typesupport_c
[ 64%] Built target dataspeed_ulc_msgs__rosidl_typesupport_introspection_c
[ 74%] Built target dataspeed_ulc_msgs__rosidl_typesupport_fastrtps_c
[ 74%] Built target dataspeed_ulc_msgs
[ 76%] Built target dataspeed_ulc_msgs__py
[35m[1mConsolidate compiler generated dependencies of target dataspeed_ulc_msgs__rosidl_generator_py[0m
[ 84%] Built target dataspeed_ulc_msgs__rosidl_generator_py
[35m[1mConsolidate compiler generated dependencies of target dataspeed_ulc_msgs__rosidl_typesupport_introspection_c__pyext[0m
[35m[1mConsolidate compiler generated dependencies of target dataspeed_ulc_msgs__rosidl_typesupport_fastrtps_c__pyext[0m
[35m[1mConsolidate compiler generated dependencies of target dataspeed_ulc_msgs__rosidl_typesupport_c__pyext[0m
[ 89%] Built target dataspeed_ulc_msgs__rosidl_typesupport_introspection_c__pyext
[ 94%] Built target dataspeed_ulc_msgs__rosidl_typesupport_fastrtps_c__pyext
[100%] Built target dataspeed_ulc_msgs__rosidl_typesupport_c__pyext
running egg_info
writing dataspeed_ulc_msgs.egg-info/PKG-INFO
writing dependency_links to dataspeed_ulc_msgs.egg-info/dependency_links.txt
writing top-level names to dataspeed_ulc_msgs.egg-info/top_level.txt
reading manifest file 'dataspeed_ulc_msgs.egg-info/SOURCES.txt'
writing manifest file 'dataspeed_ulc_msgs.egg-info/SOURCES.txt'
[100%] Built target ament_cmake_python_build_dataspeed_ulc_msgs_egg
-- Install configuration: "Release"
-- Execute custom install script
-- Symlinking: /home/zhijie/autoware/install/dataspeed_ulc_msgs/share/ament_index/resource_index/rosidl_interfaces/dataspeed_ulc_msgs
-- Symlinking: /home/zhijie/autoware/install/dataspeed_ulc_msgs/include/dataspeed_ulc_msgs/dataspeed_ulc_msgs/msg/detail/ulc_cmd__functions.h
-- Symlinking: /home/zhijie/autoware/install/dataspeed_ulc_msgs/include/dataspeed_ulc_msgs/dataspeed_ulc_msgs/msg/detail/ulc_cmd__struct.h
-- Symlinking: /home/zhijie/autoware/install/dataspeed_ulc_msgs/include/dataspeed_ulc_msgs/dataspeed_ulc_msgs/msg/detail/ulc_cmd__type_support.h
-- Symlinking: /home/zhijie/autoware/install/dataspeed_ulc_msgs/include/dataspeed_ulc_msgs/dataspeed_ulc_msgs/msg/detail/ulc_report__functions.h
-- Symlinking: /home/zhijie/autoware/install/dataspeed_ulc_msgs/include/dataspeed_ulc_msgs/dataspeed_ulc_msgs/msg/detail/ulc_report__struct.h
-- Symlinking: /home/zhijie/autoware/install/dataspeed_ulc_msgs/include/dataspeed_ulc_msgs/dataspeed_ulc_msgs/msg/detail/ulc_report__type_support.h
-- Symlinking: /home/zhijie/autoware/install/dataspeed_ulc_msgs/include/dataspeed_ulc_msgs/dataspeed_ulc_msgs/msg/rosidl_generator_c__visibility_control.h
-- Symlinking: /home/zhijie/autoware/install/dataspeed_ulc_msgs/include/dataspeed_ulc_msgs/dataspeed_ulc_msgs/msg/ulc_cmd.h
-- Symlinking: /home/zhijie/autoware/install/dataspeed_ulc_msgs/include/dataspeed_ulc_msgs/dataspeed_ulc_msgs/msg/ulc_report.h
-- Symlinking: /home/zhijie/autoware/install/dataspeed_ulc_msgs/share/dataspeed_ulc_msgs/environment/library_path.sh
-- Symlinking: /home/zhijie/autoware/install/dataspeed_ulc_msgs/share/dataspeed_ulc_msgs/environment/library_path.dsv
-- Symlinking: /home/zhijie/autoware/install/dataspeed_ulc_msgs/include/dataspeed_ulc_msgs/dataspeed_ulc_msgs/msg/detail/ulc_cmd__rosidl_typesupport_fastrtps_c.h
-- Symlinking: /home/zhijie/autoware/install/dataspeed_ulc_msgs/include/dataspeed_ulc_msgs/dataspeed_ulc_msgs/msg/detail/ulc_report__rosidl_typesupport_fastrtps_c.h
-- Symlinking: /home/zhijie/autoware/install/dataspeed_ulc_msgs/include/dataspeed_ulc_msgs/dataspeed_ulc_msgs/msg/rosidl_typesupport_fastrtps_c__visibility_control.h
-- Symlinking: /home/zhijie/autoware/install/dataspeed_ulc_msgs/include/dataspeed_ulc_msgs/dataspeed_ulc_msgs/msg/detail/ulc_cmd__rosidl_typesupport_introspection_c.h
-- Symlinking: /home/zhijie/autoware/install/dataspeed_ulc_msgs/include/dataspeed_ulc_msgs/dataspeed_ulc_msgs/msg/detail/ulc_report__rosidl_typesupport_introspection_c.h
-- Symlinking: /home/zhijie/autoware/install/dataspeed_ulc_msgs/include/dataspeed_ulc_msgs/dataspeed_ulc_msgs/msg/rosidl_typesupport_introspection_c__visibility_control.h
-- Symlinking: /home/zhijie/autoware/install/dataspeed_ulc_msgs/include/dataspeed_ulc_msgs/dataspeed_ulc_msgs/msg/detail/ulc_cmd__builder.hpp
-- Symlinking: /home/zhijie/autoware/install/dataspeed_ulc_msgs/include/dataspeed_ulc_msgs/dataspeed_ulc_msgs/msg/detail/ulc_cmd__struct.hpp
-- Symlinking: /home/zhijie/autoware/install/dataspeed_ulc_msgs/include/dataspeed_ulc_msgs/dataspeed_ulc_msgs/msg/detail/ulc_cmd__traits.hpp
-- Symlinking: /home/zhijie/autoware/install/dataspeed_ulc_msgs/include/dataspeed_ulc_msgs/dataspeed_ulc_msgs/msg/detail/ulc_report__builder.hpp
-- Symlinking: /home/zhijie/autoware/install/dataspeed_ulc_msgs/include/dataspeed_ulc_msgs/dataspeed_ulc_msgs/msg/detail/ulc_report__struct.hpp
-- Symlinking: /home/zhijie/autoware/install/dataspeed_ulc_msgs/include/dataspeed_ulc_msgs/dataspeed_ulc_msgs/msg/detail/ulc_report__traits.hpp
-- Symlinking: /home/zhijie/autoware/install/dataspeed_ulc_msgs/include/dataspeed_ulc_msgs/dataspeed_ulc_msgs/msg/ulc_cmd.hpp
-- Symlinking: /home/zhijie/autoware/install/dataspeed_ulc_msgs/include/dataspeed_ulc_msgs/dataspeed_ulc_msgs/msg/ulc_report.hpp
-- Symlinking: /home/zhijie/autoware/install/dataspeed_ulc_msgs/include/dataspeed_ulc_msgs/dataspeed_ulc_msgs/msg/detail/ulc_cmd__rosidl_typesupport_fastrtps_cpp.hpp
-- Symlinking: /home/zhijie/autoware/install/dataspeed_ulc_msgs/include/dataspeed_ulc_msgs/dataspeed_ulc_msgs/msg/detail/ulc_report__rosidl_typesupport_fastrtps_cpp.hpp
-- Symlinking: /home/zhijie/autoware/install/dataspeed_ulc_msgs/include/dataspeed_ulc_msgs/dataspeed_ulc_msgs/msg/rosidl_typesupport_fastrtps_cpp__visibility_control.h
-- Symlinking: /home/zhijie/autoware/install/dataspeed_ulc_msgs/include/dataspeed_ulc_msgs/dataspeed_ulc_msgs/msg/detail/ulc_cmd__rosidl_typesupport_introspection_cpp.hpp
-- Symlinking: /home/zhijie/autoware/install/dataspeed_ulc_msgs/include/dataspeed_ulc_msgs/dataspeed_ulc_msgs/msg/detail/ulc_report__rosidl_typesupport_introspection_cpp.hpp
-- Symlinking: /home/zhijie/autoware/install/dataspeed_ulc_msgs/share/dataspeed_ulc_msgs/environment/pythonpath.sh
-- Symlinking: /home/zhijie/autoware/install/dataspeed_ulc_msgs/share/dataspeed_ulc_msgs/environment/pythonpath.dsv
-- Symlinking: /home/zhijie/autoware/install/dataspeed_ulc_msgs/local/lib/python3.10/dist-packages/dataspeed_ulc_msgs-2.1.3-py3.10.egg-info/PKG-INFO
-- Symlinking: /home/zhijie/autoware/install/dataspeed_ulc_msgs/local/lib/python3.10/dist-packages/dataspeed_ulc_msgs-2.1.3-py3.10.egg-info/SOURCES.txt
-- Symlinking: /home/zhijie/autoware/install/dataspeed_ulc_msgs/local/lib/python3.10/dist-packages/dataspeed_ulc_msgs-2.1.3-py3.10.egg-info/dependency_links.txt
-- Symlinking: /home/zhijie/autoware/install/dataspeed_ulc_msgs/local/lib/python3.10/dist-packages/dataspeed_ulc_msgs-2.1.3-py3.10.egg-info/top_level.txt
-- Symlinking: /home/zhijie/autoware/install/dataspeed_ulc_msgs/local/lib/python3.10/dist-packages/dataspeed_ulc_msgs/__init__.py
-- Symlinking: /home/zhijie/autoware/install/dataspeed_ulc_msgs/local/lib/python3.10/dist-packages/dataspeed_ulc_msgs/_dataspeed_ulc_msgs_s.ep.rosidl_typesupport_c.c
-- Symlinking: /home/zhijie/autoware/install/dataspeed_ulc_msgs/local/lib/python3.10/dist-packages/dataspeed_ulc_msgs/_dataspeed_ulc_msgs_s.ep.rosidl_typesupport_fastrtps_c.c
-- Symlinking: /home/zhijie/autoware/install/dataspeed_ulc_msgs/local/lib/python3.10/dist-packages/dataspeed_ulc_msgs/_dataspeed_ulc_msgs_s.ep.rosidl_typesupport_introspection_c.c
-- Symlinking: /home/zhijie/autoware/install/dataspeed_ulc_msgs/local/lib/python3.10/dist-packages/dataspeed_ulc_msgs/dataspeed_ulc_msgs_s__rosidl_typesupport_c.cpython-310-x86_64-linux-gnu.so
-- Symlinking: /home/zhijie/autoware/install/dataspeed_ulc_msgs/local/lib/python3.10/dist-packages/dataspeed_ulc_msgs/dataspeed_ulc_msgs_s__rosidl_typesupport_fastrtps_c.cpython-310-x86_64-linux-gnu.so
-- Symlinking: /home/zhijie/autoware/install/dataspeed_ulc_msgs/local/lib/python3.10/dist-packages/dataspeed_ulc_msgs/dataspeed_ulc_msgs_s__rosidl_typesupport_introspection_c.cpython-310-x86_64-linux-gnu.so
-- Symlinking: /home/zhijie/autoware/install/dataspeed_ulc_msgs/local/lib/python3.10/dist-packages/dataspeed_ulc_msgs/libdataspeed_ulc_msgs__rosidl_generator_py.so
-- Symlinking: /home/zhijie/autoware/install/dataspeed_ulc_msgs/local/lib/python3.10/dist-packages/dataspeed_ulc_msgs/msg/__init__.py
-- Symlinking: /home/zhijie/autoware/install/dataspeed_ulc_msgs/local/lib/python3.10/dist-packages/dataspeed_ulc_msgs/msg/_ulc_cmd.py
-- Symlinking: /home/zhijie/autoware/install/dataspeed_ulc_msgs/local/lib/python3.10/dist-packages/dataspeed_ulc_msgs/msg/_ulc_cmd_s.c
-- Symlinking: /home/zhijie/autoware/install/dataspeed_ulc_msgs/local/lib/python3.10/dist-packages/dataspeed_ulc_msgs/msg/_ulc_report.py
-- Symlinking: /home/zhijie/autoware/install/dataspeed_ulc_msgs/local/lib/python3.10/dist-packages/dataspeed_ulc_msgs/msg/_ulc_report_s.c
-- Up-to-date symlink: /home/zhijie/autoware/install/dataspeed_ulc_msgs/local/lib/python3.10/dist-packages/dataspeed_ulc_msgs/dataspeed_ulc_msgs_s__rosidl_typesupport_fastrtps_c.cpython-310-x86_64-linux-gnu.so
-- Up-to-date symlink: /home/zhijie/autoware/install/dataspeed_ulc_msgs/local/lib/python3.10/dist-packages/dataspeed_ulc_msgs/dataspeed_ulc_msgs_s__rosidl_typesupport_introspection_c.cpython-310-x86_64-linux-gnu.so
-- Up-to-date symlink: /home/zhijie/autoware/install/dataspeed_ulc_msgs/local/lib/python3.10/dist-packages/dataspeed_ulc_msgs/dataspeed_ulc_msgs_s__rosidl_typesupport_c.cpython-310-x86_64-linux-gnu.so
-- Symlinking: /home/zhijie/autoware/install/dataspeed_ulc_msgs/share/dataspeed_ulc_msgs/msg/UlcCmd.idl
-- Symlinking: /home/zhijie/autoware/install/dataspeed_ulc_msgs/share/dataspeed_ulc_msgs/msg/UlcReport.idl
-- Symlinking: /home/zhijie/autoware/install/dataspeed_ulc_msgs/share/dataspeed_ulc_msgs/msg/UlcCmd.msg
-- Symlinking: /home/zhijie/autoware/install/dataspeed_ulc_msgs/share/dataspeed_ulc_msgs/msg/UlcReport.msg
-- Symlinking: /home/zhijie/autoware/install/dataspeed_ulc_msgs/share/ament_index/resource_index/package_run_dependencies/dataspeed_ulc_msgs
-- Symlinking: /home/zhijie/autoware/install/dataspeed_ulc_msgs/share/ament_index/resource_index/parent_prefix_path/dataspeed_ulc_msgs
-- Symlinking: /home/zhijie/autoware/install/dataspeed_ulc_msgs/share/dataspeed_ulc_msgs/environment/ament_prefix_path.sh
-- Symlinking: /home/zhijie/autoware/install/dataspeed_ulc_msgs/share/dataspeed_ulc_msgs/environment/ament_prefix_path.dsv
-- Symlinking: /home/zhijie/autoware/install/dataspeed_ulc_msgs/share/dataspeed_ulc_msgs/environment/path.sh
-- Symlinking: /home/zhijie/autoware/install/dataspeed_ulc_msgs/share/dataspeed_ulc_msgs/environment/path.dsv
-- Symlinking: /home/zhijie/autoware/install/dataspeed_ulc_msgs/share/dataspeed_ulc_msgs/local_setup.bash
-- Symlinking: /home/zhijie/autoware/install/dataspeed_ulc_msgs/share/dataspeed_ulc_msgs/local_setup.sh
-- Symlinking: /home/zhijie/autoware/install/dataspeed_ulc_msgs/share/dataspeed_ulc_msgs/local_setup.zsh
-- Symlinking: /home/zhijie/autoware/install/dataspeed_ulc_msgs/share/dataspeed_ulc_msgs/local_setup.dsv
-- Symlinking: /home/zhijie/autoware/install/dataspeed_ulc_msgs/share/dataspeed_ulc_msgs/package.dsv
-- Symlinking: /home/zhijie/autoware/install/dataspeed_ulc_msgs/share/ament_index/resource_index/packages/dataspeed_ulc_msgs
-- Symlinking: /home/zhijie/autoware/install/dataspeed_ulc_msgs/share/dataspeed_ulc_msgs/cmake/rosidl_cmake-extras.cmake
-- Symlinking: /home/zhijie/autoware/install/dataspeed_ulc_msgs/share/dataspeed_ulc_msgs/cmake/ament_cmake_export_dependencies-extras.cmake
-- Symlinking: /home/zhijie/autoware/install/dataspeed_ulc_msgs/share/dataspeed_ulc_msgs/cmake/ament_cmake_export_include_directories-extras.cmake
-- Symlinking: /home/zhijie/autoware/install/dataspeed_ulc_msgs/share/dataspeed_ulc_msgs/cmake/ament_cmake_export_libraries-extras.cmake
-- Symlinking: /home/zhijie/autoware/install/dataspeed_ulc_msgs/share/dataspeed_ulc_msgs/cmake/ament_cmake_export_targets-extras.cmake
-- Symlinking: /home/zhijie/autoware/install/dataspeed_ulc_msgs/share/dataspeed_ulc_msgs/cmake/rosidl_cmake_export_typesupport_targets-extras.cmake
-- Symlinking: /home/zhijie/autoware/install/dataspeed_ulc_msgs/share/dataspeed_ulc_msgs/cmake/rosidl_cmake_export_typesupport_libraries-extras.cmake
-- Symlinking: /home/zhijie/autoware/install/dataspeed_ulc_msgs/share/dataspeed_ulc_msgs/cmake/dataspeed_ulc_msgsConfig.cmake
-- Symlinking: /home/zhijie/autoware/install/dataspeed_ulc_msgs/share/dataspeed_ulc_msgs/cmake/dataspeed_ulc_msgsConfig-version.cmake
-- Symlinking: /home/zhijie/autoware/install/dataspeed_ulc_msgs/share/dataspeed_ulc_msgs/package.xml
-- Installing: /home/zhijie/autoware/install/dataspeed_ulc_msgs/lib/libdataspeed_ulc_msgs__rosidl_generator_c.so
-- Set runtime path of "/home/zhijie/autoware/install/dataspeed_ulc_msgs/lib/libdataspeed_ulc_msgs__rosidl_generator_c.so" to ""
-- Installing: /home/zhijie/autoware/install/dataspeed_ulc_msgs/lib/libdataspeed_ulc_msgs__rosidl_typesupport_fastrtps_c.so
-- Set runtime path of "/home/zhijie/autoware/install/dataspeed_ulc_msgs/lib/libdataspeed_ulc_msgs__rosidl_typesupport_fastrtps_c.so" to ""
-- Installing: /home/zhijie/autoware/install/dataspeed_ulc_msgs/lib/libdataspeed_ulc_msgs__rosidl_typesupport_introspection_c.so
-- Set runtime path of "/home/zhijie/autoware/install/dataspeed_ulc_msgs/lib/libdataspeed_ulc_msgs__rosidl_typesupport_introspection_c.so" to ""
-- Installing: /home/zhijie/autoware/install/dataspeed_ulc_msgs/lib/libdataspeed_ulc_msgs__rosidl_typesupport_c.so
-- Set runtime path of "/home/zhijie/autoware/install/dataspeed_ulc_msgs/lib/libdataspeed_ulc_msgs__rosidl_typesupport_c.so" to ""
-- Installing: /home/zhijie/autoware/install/dataspeed_ulc_msgs/lib/libdataspeed_ulc_msgs__rosidl_typesupport_fastrtps_cpp.so
-- Set runtime path of "/home/zhijie/autoware/install/dataspeed_ulc_msgs/lib/libdataspeed_ulc_msgs__rosidl_typesupport_fastrtps_cpp.so" to ""
-- Installing: /home/zhijie/autoware/install/dataspeed_ulc_msgs/lib/libdataspeed_ulc_msgs__rosidl_typesupport_introspection_cpp.so
-- Set runtime path of "/home/zhijie/autoware/install/dataspeed_ulc_msgs/lib/libdataspeed_ulc_msgs__rosidl_typesupport_introspection_cpp.so" to ""
-- Installing: /home/zhijie/autoware/install/dataspeed_ulc_msgs/lib/libdataspeed_ulc_msgs__rosidl_typesupport_cpp.so
-- Set runtime path of "/home/zhijie/autoware/install/dataspeed_ulc_msgs/lib/libdataspeed_ulc_msgs__rosidl_typesupport_cpp.so" to ""
Listing '/home/zhijie/autoware/install/dataspeed_ulc_msgs/local/lib/python3.10/dist-packages/dataspeed_ulc_msgs'...
Compiling '/home/zhijie/autoware/install/dataspeed_ulc_msgs/local/lib/python3.10/dist-packages/dataspeed_ulc_msgs/__init__.py'...
Listing '/home/zhijie/autoware/install/dataspeed_ulc_msgs/local/lib/python3.10/dist-packages/dataspeed_ulc_msgs/msg'...
Compiling '/home/zhijie/autoware/install/dataspeed_ulc_msgs/local/lib/python3.10/dist-packages/dataspeed_ulc_msgs/msg/__init__.py'...
Compiling '/home/zhijie/autoware/install/dataspeed_ulc_msgs/local/lib/python3.10/dist-packages/dataspeed_ulc_msgs/msg/_ulc_cmd.py'...
Compiling '/home/zhijie/autoware/install/dataspeed_ulc_msgs/local/lib/python3.10/dist-packages/dataspeed_ulc_msgs/msg/_ulc_report.py'...
-- Installing: /home/zhijie/autoware/install/dataspeed_ulc_msgs/lib/libdataspeed_ulc_msgs__rosidl_generator_py.so
-- Set runtime path of "/home/zhijie/autoware/install/dataspeed_ulc_msgs/lib/libdataspeed_ulc_msgs__rosidl_generator_py.so" to ""
-- Installing: /home/zhijie/autoware/install/dataspeed_ulc_msgs/share/dataspeed_ulc_msgs/cmake/export_dataspeed_ulc_msgs__rosidl_generator_cExport.cmake
-- Installing: /home/zhijie/autoware/install/dataspeed_ulc_msgs/share/dataspeed_ulc_msgs/cmake/export_dataspeed_ulc_msgs__rosidl_generator_cExport-release.cmake
-- Installing: /home/zhijie/autoware/install/dataspeed_ulc_msgs/share/dataspeed_ulc_msgs/cmake/export_dataspeed_ulc_msgs__rosidl_typesupport_fastrtps_cExport.cmake
-- Installing: /home/zhijie/autoware/install/dataspeed_ulc_msgs/share/dataspeed_ulc_msgs/cmake/export_dataspeed_ulc_msgs__rosidl_typesupport_fastrtps_cExport-release.cmake
-- Installing: /home/zhijie/autoware/install/dataspeed_ulc_msgs/share/dataspeed_ulc_msgs/cmake/dataspeed_ulc_msgs__rosidl_typesupport_introspection_cExport.cmake
-- Installing: /home/zhijie/autoware/install/dataspeed_ulc_msgs/share/dataspeed_ulc_msgs/cmake/dataspeed_ulc_msgs__rosidl_typesupport_introspection_cExport-release.cmake
-- Installing: /home/zhijie/autoware/install/dataspeed_ulc_msgs/share/dataspeed_ulc_msgs/cmake/dataspeed_ulc_msgs__rosidl_typesupport_cExport.cmake
-- Installing: /home/zhijie/autoware/install/dataspeed_ulc_msgs/share/dataspeed_ulc_msgs/cmake/dataspeed_ulc_msgs__rosidl_typesupport_cExport-release.cmake
-- Installing: /home/zhijie/autoware/install/dataspeed_ulc_msgs/share/dataspeed_ulc_msgs/cmake/export_dataspeed_ulc_msgs__rosidl_generator_cppExport.cmake
-- Installing: /home/zhijie/autoware/install/dataspeed_ulc_msgs/share/dataspeed_ulc_msgs/cmake/export_dataspeed_ulc_msgs__rosidl_typesupport_fastrtps_cppExport.cmake
-- Installing: /home/zhijie/autoware/install/dataspeed_ulc_msgs/share/dataspeed_ulc_msgs/cmake/export_dataspeed_ulc_msgs__rosidl_typesupport_fastrtps_cppExport-release.cmake
-- Installing: /home/zhijie/autoware/install/dataspeed_ulc_msgs/share/dataspeed_ulc_msgs/cmake/dataspeed_ulc_msgs__rosidl_typesupport_introspection_cppExport.cmake
-- Installing: /home/zhijie/autoware/install/dataspeed_ulc_msgs/share/dataspeed_ulc_msgs/cmake/dataspeed_ulc_msgs__rosidl_typesupport_introspection_cppExport-release.cmake
-- Installing: /home/zhijie/autoware/install/dataspeed_ulc_msgs/share/dataspeed_ulc_msgs/cmake/dataspeed_ulc_msgs__rosidl_typesupport_cppExport.cmake
-- Installing: /home/zhijie/autoware/install/dataspeed_ulc_msgs/share/dataspeed_ulc_msgs/cmake/dataspeed_ulc_msgs__rosidl_typesupport_cppExport-release.cmake
-- Installing: /home/zhijie/autoware/install/dataspeed_ulc_msgs/share/dataspeed_ulc_msgs/cmake/export_dataspeed_ulc_msgs__rosidl_generator_pyExport.cmake
-- Installing: /home/zhijie/autoware/install/dataspeed_ulc_msgs/share/dataspeed_ulc_msgs/cmake/export_dataspeed_ulc_msgs__rosidl_generator_pyExport-release.cmake
