[0.089s] Invoking command in '/home/zhijie/autoware/build/system_diagnostic_graph': AMENT_PREFIX_PATH=/home/zhijie/autoware/install/tier4_system_msgs:/home/zhijie/autoware/install/autoware_cmake:/home/zhijie/autoware/install/autoware_lint_common:/home/zhijie/autoware/install/autoware_common_msgs:${AMENT_PREFIX_PATH} CMAKE_PREFIX_PATH=/home/zhijie/autoware/install/tier4_system_msgs:/home/zhijie/autoware/install/autoware_cmake:/home/zhijie/autoware/install/autoware_lint_common:/home/zhijie/autoware/install/autoware_common_msgs:/opt/ros/humble LD_LIBRARY_PATH=/home/zhijie/autoware/install/tier4_system_msgs/lib:/home/zhijie/autoware/install/autoware_common_msgs/lib:${LD_LIBRARY_PATH} PYTHONPATH=/home/zhijie/autoware/install/tier4_system_msgs/local/lib/python3.10/dist-packages:/home/zhijie/autoware/install/autoware_common_msgs/local/lib/python3.10/dist-packages:${PYTHONPATH} /usr/bin/cmake --build /home/zhijie/autoware/build/system_diagnostic_graph -- -j16 -l16
[0.208s] [35m[1mConsolidate compiler generated dependencies of target aggregator[0m
[0.241s] [ 80%] Built target aggregator
[0.265s] [35m[1mConsolidate compiler generated dependencies of target converter[0m
[0.296s] [100%] Built target converter
[0.353s] Invoked command in '/home/zhijie/autoware/build/system_diagnostic_graph' returned '0': AMENT_PREFIX_PATH=/home/zhijie/autoware/install/tier4_system_msgs:/home/zhijie/autoware/install/autoware_cmake:/home/zhijie/autoware/install/autoware_lint_common:/home/zhijie/autoware/install/autoware_common_msgs:${AMENT_PREFIX_PATH} CMAKE_PREFIX_PATH=/home/zhijie/autoware/install/tier4_system_msgs:/home/zhijie/autoware/install/autoware_cmake:/home/zhijie/autoware/install/autoware_lint_common:/home/zhijie/autoware/install/autoware_common_msgs:/opt/ros/humble LD_LIBRARY_PATH=/home/zhijie/autoware/install/tier4_system_msgs/lib:/home/zhijie/autoware/install/autoware_common_msgs/lib:${LD_LIBRARY_PATH} PYTHONPATH=/home/zhijie/autoware/install/tier4_system_msgs/local/lib/python3.10/dist-packages:/home/zhijie/autoware/install/autoware_common_msgs/local/lib/python3.10/dist-packages:${PYTHONPATH} /usr/bin/cmake --build /home/zhijie/autoware/build/system_diagnostic_graph -- -j16 -l16
[0.506s] Invoking command in '/home/zhijie/autoware/build/system_diagnostic_graph': AMENT_PREFIX_PATH=/home/zhijie/autoware/install/tier4_system_msgs:/home/zhijie/autoware/install/autoware_cmake:/home/zhijie/autoware/install/autoware_lint_common:/home/zhijie/autoware/install/autoware_common_msgs:${AMENT_PREFIX_PATH} CMAKE_PREFIX_PATH=/home/zhijie/autoware/install/tier4_system_msgs:/home/zhijie/autoware/install/autoware_cmake:/home/zhijie/autoware/install/autoware_lint_common:/home/zhijie/autoware/install/autoware_common_msgs:/opt/ros/humble LD_LIBRARY_PATH=/home/zhijie/autoware/install/tier4_system_msgs/lib:/home/zhijie/autoware/install/autoware_common_msgs/lib:${LD_LIBRARY_PATH} PYTHONPATH=/home/zhijie/autoware/install/tier4_system_msgs/local/lib/python3.10/dist-packages:/home/zhijie/autoware/install/autoware_common_msgs/local/lib/python3.10/dist-packages:${PYTHONPATH} /usr/bin/cmake --install /home/zhijie/autoware/build/system_diagnostic_graph
[0.520s] -- Install configuration: "Release"
[0.520s] -- Execute custom install script
[0.525s] -- Up-to-date symlink: /home/zhijie/autoware/install/system_diagnostic_graph/lib/system_diagnostic_graph/debug.py
[0.526s] -- Up-to-date symlink: /home/zhijie/autoware/install/system_diagnostic_graph/lib/system_diagnostic_graph/aggregator
[0.526s] -- Up-to-date symlink: /home/zhijie/autoware/install/system_diagnostic_graph/lib/system_diagnostic_graph/converter
[0.526s] -- Up-to-date symlink: /home/zhijie/autoware/install/system_diagnostic_graph/share/system_diagnostic_graph/config/default.param.yaml
[0.526s] -- Up-to-date symlink: /home/zhijie/autoware/install/system_diagnostic_graph/share/system_diagnostic_graph/example/example.launch.xml
[0.526s] -- Up-to-date symlink: /home/zhijie/autoware/install/system_diagnostic_graph/share/system_diagnostic_graph/example/example1.yaml
[0.526s] -- Up-to-date symlink: /home/zhijie/autoware/install/system_diagnostic_graph/share/system_diagnostic_graph/example/example2.yaml
[0.526s] -- Up-to-date symlink: /home/zhijie/autoware/install/system_diagnostic_graph/share/system_diagnostic_graph/example/publisher.py
[0.526s] -- Up-to-date symlink: /home/zhijie/autoware/install/system_diagnostic_graph/share/system_diagnostic_graph/launch/system_diagnostic_graph.launch.xml
[0.531s] -- Up-to-date symlink: /home/zhijie/autoware/install/system_diagnostic_graph/share/ament_index/resource_index/package_run_dependencies/system_diagnostic_graph
[0.531s] -- Up-to-date symlink: /home/zhijie/autoware/install/system_diagnostic_graph/share/ament_index/resource_index/parent_prefix_path/system_diagnostic_graph
[0.531s] -- Up-to-date symlink: /home/zhijie/autoware/install/system_diagnostic_graph/share/system_diagnostic_graph/environment/ament_prefix_path.sh
[0.531s] -- Up-to-date symlink: /home/zhijie/autoware/install/system_diagnostic_graph/share/system_diagnostic_graph/environment/ament_prefix_path.dsv
[0.531s] -- Up-to-date symlink: /home/zhijie/autoware/install/system_diagnostic_graph/share/system_diagnostic_graph/environment/path.sh
[0.531s] -- Up-to-date symlink: /home/zhijie/autoware/install/system_diagnostic_graph/share/system_diagnostic_graph/environment/path.dsv
[0.531s] -- Up-to-date symlink: /home/zhijie/autoware/install/system_diagnostic_graph/share/system_diagnostic_graph/local_setup.bash
[0.531s] -- Up-to-date symlink: /home/zhijie/autoware/install/system_diagnostic_graph/share/system_diagnostic_graph/local_setup.sh
[0.531s] -- Up-to-date symlink: /home/zhijie/autoware/install/system_diagnostic_graph/share/system_diagnostic_graph/local_setup.zsh
[0.531s] -- Up-to-date symlink: /home/zhijie/autoware/install/system_diagnostic_graph/share/system_diagnostic_graph/local_setup.dsv
[0.531s] -- Symlinking: /home/zhijie/autoware/install/system_diagnostic_graph/share/system_diagnostic_graph/package.dsv
[0.552s] -- Up-to-date symlink: /home/zhijie/autoware/install/system_diagnostic_graph/share/ament_index/resource_index/packages/system_diagnostic_graph
[0.553s] -- Up-to-date symlink: /home/zhijie/autoware/install/system_diagnostic_graph/share/system_diagnostic_graph/cmake/ament_cmake_export_dependencies-extras.cmake
[0.564s] -- Up-to-date symlink: /home/zhijie/autoware/install/system_diagnostic_graph/share/system_diagnostic_graph/cmake/system_diagnostic_graphConfig.cmake
[0.565s] -- Up-to-date symlink: /home/zhijie/autoware/install/system_diagnostic_graph/share/system_diagnostic_graph/cmake/system_diagnostic_graphConfig-version.cmake
[0.565s] -- Up-to-date symlink: /home/zhijie/autoware/install/system_diagnostic_graph/share/system_diagnostic_graph/package.xml
[0.622s] Invoked command in '/home/zhijie/autoware/build/system_diagnostic_graph' returned '0': AMENT_PREFIX_PATH=/home/zhijie/autoware/install/tier4_system_msgs:/home/zhijie/autoware/install/autoware_cmake:/home/zhijie/autoware/install/autoware_lint_common:/home/zhijie/autoware/install/autoware_common_msgs:${AMENT_PREFIX_PATH} CMAKE_PREFIX_PATH=/home/zhijie/autoware/install/tier4_system_msgs:/home/zhijie/autoware/install/autoware_cmake:/home/zhijie/autoware/install/autoware_lint_common:/home/zhijie/autoware/install/autoware_common_msgs:/opt/ros/humble LD_LIBRARY_PATH=/home/zhijie/autoware/install/tier4_system_msgs/lib:/home/zhijie/autoware/install/autoware_common_msgs/lib:${LD_LIBRARY_PATH} PYTHONPATH=/home/zhijie/autoware/install/tier4_system_msgs/local/lib/python3.10/dist-packages:/home/zhijie/autoware/install/autoware_common_msgs/local/lib/python3.10/dist-packages:${PYTHONPATH} /usr/bin/cmake --install /home/zhijie/autoware/build/system_diagnostic_graph
