[100%] Built target nebula_common
-- Install configuration: "Release"
-- Execute custom install script
-- Up-to-date symlink: /home/mtl12345/autoware/install/nebula_common/include/nebula_common/hesai/hesai_common.hpp
-- Up-to-date symlink: /home/mtl12345/autoware/install/nebula_common/include/nebula_common/hesai/hesai_status.hpp
-- Up-to-date symlink: /home/mtl12345/autoware/install/nebula_common/include/nebula_common/nebula_common.hpp
-- Up-to-date symlink: /home/mtl12345/autoware/install/nebula_common/include/nebula_common/nebula_status.hpp
-- Up-to-date symlink: /home/mtl12345/autoware/install/nebula_common/include/nebula_common/point_types.hpp
-- Up-to-date symlink: /home/mtl12345/autoware/install/nebula_common/include/nebula_common/velodyne/velodyne_calibration_decoder.hpp
-- Up-to-date symlink: /home/mtl12345/autoware/install/nebula_common/include/nebula_common/velodyne/velodyne_common.hpp
-- Up-to-date symlink: /home/mtl12345/autoware/install/nebula_common/include/nebula_common/velodyne/velodyne_status.hpp
-- Up-to-date symlink: /home/mtl12345/autoware/install/nebula_common/share/nebula_common/environment/library_path.sh
-- Up-to-date symlink: /home/mtl12345/autoware/install/nebula_common/share/nebula_common/environment/library_path.dsv
-- Up-to-date symlink: /home/mtl12345/autoware/install/nebula_common/lib/libnebula_common.so
-- Up-to-date symlink: /home/mtl12345/autoware/install/nebula_common/share/ament_index/resource_index/package_run_dependencies/nebula_common
-- Up-to-date symlink: /home/mtl12345/autoware/install/nebula_common/share/ament_index/resource_index/parent_prefix_path/nebula_common
-- Up-to-date symlink: /home/mtl12345/autoware/install/nebula_common/share/nebula_common/environment/ament_prefix_path.sh
-- Up-to-date symlink: /home/mtl12345/autoware/install/nebula_common/share/nebula_common/environment/ament_prefix_path.dsv
-- Up-to-date symlink: /home/mtl12345/autoware/install/nebula_common/share/nebula_common/environment/path.sh
-- Up-to-date symlink: /home/mtl12345/autoware/install/nebula_common/share/nebula_common/environment/path.dsv
-- Up-to-date symlink: /home/mtl12345/autoware/install/nebula_common/share/nebula_common/local_setup.bash
-- Up-to-date symlink: /home/mtl12345/autoware/install/nebula_common/share/nebula_common/local_setup.sh
-- Up-to-date symlink: /home/mtl12345/autoware/install/nebula_common/share/nebula_common/local_setup.zsh
-- Up-to-date symlink: /home/mtl12345/autoware/install/nebula_common/share/nebula_common/local_setup.dsv
-- Symlinking: /home/mtl12345/autoware/install/nebula_common/share/nebula_common/package.dsv
-- Up-to-date symlink: /home/mtl12345/autoware/install/nebula_common/share/ament_index/resource_index/packages/nebula_common
-- Up-to-date symlink: /home/mtl12345/autoware/install/nebula_common/share/nebula_common/cmake/ament_cmake_export_dependencies-extras.cmake
-- Up-to-date symlink: /home/mtl12345/autoware/install/nebula_common/share/nebula_common/cmake/ament_cmake_export_include_directories-extras.cmake
-- Up-to-date symlink: /home/mtl12345/autoware/install/nebula_common/share/nebula_common/cmake/ament_cmake_export_libraries-extras.cmake
-- Up-to-date symlink: /home/mtl12345/autoware/install/nebula_common/share/nebula_common/cmake/nebula_commonConfig.cmake
-- Up-to-date symlink: /home/mtl12345/autoware/install/nebula_common/share/nebula_common/cmake/nebula_commonConfig-version.cmake
-- Up-to-date symlink: /home/mtl12345/autoware/install/nebula_common/share/nebula_common/package.xml
