[0.353s] Invoking command in '/home/mtl12345/autoware/build/nebula_common': CMAKE_PREFIX_PATH=/opt/ros/humble /usr/bin/cmake --build /home/mtl12345/autoware/build/nebula_common -- -j12 -l12
[0.415s] [100%] Built target nebula_common
[0.624s] Invoked command in '/home/mtl12345/autoware/build/nebula_common' returned '0': CMAKE_PREFIX_PATH=/opt/ros/humble /usr/bin/cmake --build /home/mtl12345/autoware/build/nebula_common -- -j12 -l12
[0.978s] Invoking command in '/home/mtl12345/autoware/build/nebula_common': CMAKE_PREFIX_PATH=/opt/ros/humble /usr/bin/cmake --install /home/mtl12345/autoware/build/nebula_common
[1.006s] -- Install configuration: "Release"
[1.009s] -- Execute custom install script
[1.012s] -- Up-to-date symlink: /home/mtl12345/autoware/install/nebula_common/include/nebula_common/hesai/hesai_common.hpp
[1.013s] -- Up-to-date symlink: /home/mtl12345/autoware/install/nebula_common/include/nebula_common/hesai/hesai_status.hpp
[1.013s] -- Up-to-date symlink: /home/mtl12345/autoware/install/nebula_common/include/nebula_common/nebula_common.hpp
[1.013s] -- Up-to-date symlink: /home/mtl12345/autoware/install/nebula_common/include/nebula_common/nebula_status.hpp
[1.013s] -- Up-to-date symlink: /home/mtl12345/autoware/install/nebula_common/include/nebula_common/point_types.hpp
[1.014s] -- Up-to-date symlink: /home/mtl12345/autoware/install/nebula_common/include/nebula_common/velodyne/velodyne_calibration_decoder.hpp
[1.014s] -- Up-to-date symlink: /home/mtl12345/autoware/install/nebula_common/include/nebula_common/velodyne/velodyne_common.hpp
[1.014s] -- Up-to-date symlink: /home/mtl12345/autoware/install/nebula_common/include/nebula_common/velodyne/velodyne_status.hpp
[1.014s] -- Up-to-date symlink: /home/mtl12345/autoware/install/nebula_common/share/nebula_common/environment/library_path.sh
[1.015s] -- Up-to-date symlink: /home/mtl12345/autoware/install/nebula_common/share/nebula_common/environment/library_path.dsv
[1.016s] -- Up-to-date symlink: /home/mtl12345/autoware/install/nebula_common/lib/libnebula_common.so
[1.016s] -- Up-to-date symlink: /home/mtl12345/autoware/install/nebula_common/share/ament_index/resource_index/package_run_dependencies/nebula_common
[1.016s] -- Up-to-date symlink: /home/mtl12345/autoware/install/nebula_common/share/ament_index/resource_index/parent_prefix_path/nebula_common
[1.017s] -- Up-to-date symlink: /home/mtl12345/autoware/install/nebula_common/share/nebula_common/environment/ament_prefix_path.sh
[1.021s] -- Up-to-date symlink: /home/mtl12345/autoware/install/nebula_common/share/nebula_common/environment/ament_prefix_path.dsv
[1.021s] -- Up-to-date symlink: /home/mtl12345/autoware/install/nebula_common/share/nebula_common/environment/path.sh
[1.021s] -- Up-to-date symlink: /home/mtl12345/autoware/install/nebula_common/share/nebula_common/environment/path.dsv
[1.021s] -- Up-to-date symlink: /home/mtl12345/autoware/install/nebula_common/share/nebula_common/local_setup.bash
[1.021s] -- Up-to-date symlink: /home/mtl12345/autoware/install/nebula_common/share/nebula_common/local_setup.sh
[1.021s] -- Up-to-date symlink: /home/mtl12345/autoware/install/nebula_common/share/nebula_common/local_setup.zsh
[1.021s] -- Up-to-date symlink: /home/mtl12345/autoware/install/nebula_common/share/nebula_common/local_setup.dsv
[1.022s] -- Symlinking: /home/mtl12345/autoware/install/nebula_common/share/nebula_common/package.dsv
[1.040s] -- Up-to-date symlink: /home/mtl12345/autoware/install/nebula_common/share/ament_index/resource_index/packages/nebula_common
[1.041s] -- Up-to-date symlink: /home/mtl12345/autoware/install/nebula_common/share/nebula_common/cmake/ament_cmake_export_dependencies-extras.cmake
[1.041s] -- Up-to-date symlink: /home/mtl12345/autoware/install/nebula_common/share/nebula_common/cmake/ament_cmake_export_include_directories-extras.cmake
[1.041s] -- Up-to-date symlink: /home/mtl12345/autoware/install/nebula_common/share/nebula_common/cmake/ament_cmake_export_libraries-extras.cmake
[1.042s] -- Up-to-date symlink: /home/mtl12345/autoware/install/nebula_common/share/nebula_common/cmake/nebula_commonConfig.cmake
[1.042s] -- Up-to-date symlink: /home/mtl12345/autoware/install/nebula_common/share/nebula_common/cmake/nebula_commonConfig-version.cmake
[1.043s] -- Up-to-date symlink: /home/mtl12345/autoware/install/nebula_common/share/nebula_common/package.xml
[1.883s] Invoked command in '/home/mtl12345/autoware/build/nebula_common' returned '0': CMAKE_PREFIX_PATH=/opt/ros/humble /usr/bin/cmake --install /home/mtl12345/autoware/build/nebula_common
