[0.599s] Invoking command in '/home/mtl12345/autoware/build/bag_time_manager_rviz_plugin': AMENT_PREFIX_PATH=/home/mtl12345/autoware/install/autoware_cmake:/home/mtl12345/autoware/install/autoware_lint_common:${AMENT_PREFIX_PATH} CMAKE_PREFIX_PATH=/home/mtl12345/autoware/install/autoware_cmake:/home/mtl12345/autoware/install/autoware_lint_common:/opt/ros/humble /usr/bin/cmake --build /home/mtl12345/autoware/build/bag_time_manager_rviz_plugin -- -j12 -l12
[0.813s] [ 25%] [34m[1mAutomatic MOC for target bag_time_manager_rviz_plugin[0m
[0.813s] [ 25%] Built target bag_time_manager_rviz_plugin_autogen
[0.813s] [100%] Built target bag_time_manager_rviz_plugin
[1.038s] Invoked command in '/home/mtl12345/autoware/build/bag_time_manager_rviz_plugin' returned '0': AMENT_PREFIX_PATH=/home/mtl12345/autoware/install/autoware_cmake:/home/mtl12345/autoware/install/autoware_lint_common:${AMENT_PREFIX_PATH} CMAKE_PREFIX_PATH=/home/mtl12345/autoware/install/autoware_cmake:/home/mtl12345/autoware/install/autoware_lint_common:/opt/ros/humble /usr/bin/cmake --build /home/mtl12345/autoware/build/bag_time_manager_rviz_plugin -- -j12 -l12
[1.497s] Invoking command in '/home/mtl12345/autoware/build/bag_time_manager_rviz_plugin': AMENT_PREFIX_PATH=/home/mtl12345/autoware/install/autoware_cmake:/home/mtl12345/autoware/install/autoware_lint_common:${AMENT_PREFIX_PATH} CMAKE_PREFIX_PATH=/home/mtl12345/autoware/install/autoware_cmake:/home/mtl12345/autoware/install/autoware_lint_common:/opt/ros/humble /usr/bin/cmake --install /home/mtl12345/autoware/build/bag_time_manager_rviz_plugin
[1.504s] -- Install configuration: "Release"
[1.504s] -- Execute custom install script
[1.505s] -- Up-to-date symlink: /home/mtl12345/autoware/install/bag_time_manager_rviz_plugin/share/bag_time_manager_rviz_plugin/plugins/plugin_description.xml
[1.505s] -- Up-to-date symlink: /home/mtl12345/autoware/install/bag_time_manager_rviz_plugin/share/bag_time_manager_rviz_plugin/environment/library_path.sh
[1.505s] -- Up-to-date symlink: /home/mtl12345/autoware/install/bag_time_manager_rviz_plugin/share/bag_time_manager_rviz_plugin/environment/library_path.dsv
[1.505s] -- Up-to-date symlink: /home/mtl12345/autoware/install/bag_time_manager_rviz_plugin/lib/libbag_time_manager_rviz_plugin.so
[1.506s] -- Up-to-date symlink: /home/mtl12345/autoware/install/bag_time_manager_rviz_plugin/share/bag_time_manager_rviz_plugin/icons/classes/BagTimeManagerPanel.png
[1.506s] -- Up-to-date symlink: /home/mtl12345/autoware/install/bag_time_manager_rviz_plugin/share/bag_time_manager_rviz_plugin/plugins/plugin_description.xml
[1.506s] -- Up-to-date symlink: /home/mtl12345/autoware/install/bag_time_manager_rviz_plugin/share/ament_index/resource_index/package_run_dependencies/bag_time_manager_rviz_plugin
[1.506s] -- Up-to-date symlink: /home/mtl12345/autoware/install/bag_time_manager_rviz_plugin/share/ament_index/resource_index/parent_prefix_path/bag_time_manager_rviz_plugin
[1.507s] -- Up-to-date symlink: /home/mtl12345/autoware/install/bag_time_manager_rviz_plugin/share/bag_time_manager_rviz_plugin/environment/ament_prefix_path.sh
[1.507s] -- Up-to-date symlink: /home/mtl12345/autoware/install/bag_time_manager_rviz_plugin/share/bag_time_manager_rviz_plugin/environment/ament_prefix_path.dsv
[1.507s] -- Up-to-date symlink: /home/mtl12345/autoware/install/bag_time_manager_rviz_plugin/share/bag_time_manager_rviz_plugin/environment/path.sh
[1.507s] -- Up-to-date symlink: /home/mtl12345/autoware/install/bag_time_manager_rviz_plugin/share/bag_time_manager_rviz_plugin/environment/path.dsv
[1.507s] -- Up-to-date symlink: /home/mtl12345/autoware/install/bag_time_manager_rviz_plugin/share/bag_time_manager_rviz_plugin/local_setup.bash
[1.507s] -- Up-to-date symlink: /home/mtl12345/autoware/install/bag_time_manager_rviz_plugin/share/bag_time_manager_rviz_plugin/local_setup.sh
[1.507s] -- Up-to-date symlink: /home/mtl12345/autoware/install/bag_time_manager_rviz_plugin/share/bag_time_manager_rviz_plugin/local_setup.zsh
[1.508s] -- Up-to-date symlink: /home/mtl12345/autoware/install/bag_time_manager_rviz_plugin/share/bag_time_manager_rviz_plugin/local_setup.dsv
[1.508s] -- Up-to-date symlink: /home/mtl12345/autoware/install/bag_time_manager_rviz_plugin/share/bag_time_manager_rviz_plugin/package.dsv
[1.508s] -- Up-to-date symlink: /home/mtl12345/autoware/install/bag_time_manager_rviz_plugin/share/ament_index/resource_index/packages/bag_time_manager_rviz_plugin
[1.508s] -- Up-to-date symlink: /home/mtl12345/autoware/install/bag_time_manager_rviz_plugin/share/ament_index/resource_index/rviz_common__pluginlib__plugin/bag_time_manager_rviz_plugin
[1.508s] -- Up-to-date symlink: /home/mtl12345/autoware/install/bag_time_manager_rviz_plugin/share/bag_time_manager_rviz_plugin/cmake/ament_cmake_export_dependencies-extras.cmake
[1.509s] -- Up-to-date symlink: /home/mtl12345/autoware/install/bag_time_manager_rviz_plugin/share/bag_time_manager_rviz_plugin/cmake/ament_cmake_export_libraries-extras.cmake
[1.509s] -- Up-to-date symlink: /home/mtl12345/autoware/install/bag_time_manager_rviz_plugin/share/bag_time_manager_rviz_plugin/cmake/bag_time_manager_rviz_pluginConfig.cmake
[1.509s] -- Up-to-date symlink: /home/mtl12345/autoware/install/bag_time_manager_rviz_plugin/share/bag_time_manager_rviz_plugin/cmake/bag_time_manager_rviz_pluginConfig-version.cmake
[1.509s] -- Up-to-date symlink: /home/mtl12345/autoware/install/bag_time_manager_rviz_plugin/share/bag_time_manager_rviz_plugin/package.xml
[1.708s] Invoked command in '/home/mtl12345/autoware/build/bag_time_manager_rviz_plugin' returned '0': AMENT_PREFIX_PATH=/home/mtl12345/autoware/install/autoware_cmake:/home/mtl12345/autoware/install/autoware_lint_common:${AMENT_PREFIX_PATH} CMAKE_PREFIX_PATH=/home/mtl12345/autoware/install/autoware_cmake:/home/mtl12345/autoware/install/autoware_lint_common:/opt/ros/humble /usr/bin/cmake --install /home/mtl12345/autoware/build/bag_time_manager_rviz_plugin
