[0.059s] Invoking command in '/home/zhijie/autoware/build/image_transport_decompressor': AMENT_PREFIX_PATH=/home/zhijie/autoware/install/autoware_cmake:/home/zhijie/autoware/install/autoware_lint_common:${AMENT_PREFIX_PATH} CMAKE_PREFIX_PATH=/home/zhijie/autoware/install/autoware_cmake:/home/zhijie/autoware/install/autoware_lint_common:/opt/ros/humble /usr/bin/cmake /home/zhijie/autoware/src/universe/autoware.universe/sensing/image_transport_decompressor -DCMAKE_BUILD_TYPE=Release -DAMENT_CMAKE_SYMLINK_INSTALL=1 -DCMAKE_INSTALL_PREFIX=/home/zhijie/autoware/install/image_transport_decompressor
[0.227s] -- Found autoware_cmake: 0.1.0 (/home/zhijie/autoware/install/autoware_cmake/share/autoware_cmake/cmake)
[0.346s] -- Override CMake install command with custom implementation using symlinks instead of copying resources
[0.516s] -- Found rosidl_generator_c: 3.1.5 (/opt/ros/humble/share/rosidl_generator_c/cmake)
[0.520s] -- Found rosidl_adapter: 3.1.5 (/opt/ros/humble/share/rosidl_adapter/cmake)
[0.530s] -- Found rosidl_generator_cpp: 3.1.5 (/opt/ros/humble/share/rosidl_generator_cpp/cmake)
[0.547s] -- Using all available rosidl_typesupport_c: rosidl_typesupport_fastrtps_c;rosidl_typesupport_introspection_c
[0.571s] -- Using all available rosidl_typesupport_cpp: rosidl_typesupport_fastrtps_cpp;rosidl_typesupport_introspection_cpp
[1.025s] -- Found rmw_implementation_cmake: 6.1.1 (/opt/ros/humble/share/rmw_implementation_cmake/cmake)
[1.028s] -- Found rmw_cyclonedds_cpp: 1.3.4 (/opt/ros/humble/share/rmw_cyclonedds_cpp/cmake)
[1.077s] -- Using RMW implementation 'rmw_cyclonedds_cpp' as default
[1.455s] -- Found ament_lint_auto: 0.12.8 (/opt/ros/humble/share/ament_lint_auto/cmake)
[1.485s] -- Added test 'copyright' to check source files copyright and LICENSE
[1.487s] -- Added test 'cppcheck' to perform static code analysis on C / C++ code
[1.487s] -- Configured cppcheck include dirs: /home/zhijie/autoware/src/universe/autoware.universe/sensing/image_transport_decompressor/include
[1.488s] -- Configured cppcheck exclude dirs and/or files: 
[1.488s] -- Added test 'lint_cmake' to check CMake code style
[1.488s] -- Added test 'xmllint' to check XML markup files
[1.515s] -- Configuring done
[1.548s] -- Generating done
[1.551s] -- Build files have been written to: /home/zhijie/autoware/build/image_transport_decompressor
[1.579s] Invoked command in '/home/zhijie/autoware/build/image_transport_decompressor' returned '0': AMENT_PREFIX_PATH=/home/zhijie/autoware/install/autoware_cmake:/home/zhijie/autoware/install/autoware_lint_common:${AMENT_PREFIX_PATH} CMAKE_PREFIX_PATH=/home/zhijie/autoware/install/autoware_cmake:/home/zhijie/autoware/install/autoware_lint_common:/opt/ros/humble /usr/bin/cmake /home/zhijie/autoware/src/universe/autoware.universe/sensing/image_transport_decompressor -DCMAKE_BUILD_TYPE=Release -DAMENT_CMAKE_SYMLINK_INSTALL=1 -DCMAKE_INSTALL_PREFIX=/home/zhijie/autoware/install/image_transport_decompressor
[1.580s] Invoking command in '/home/zhijie/autoware/build/image_transport_decompressor': AMENT_PREFIX_PATH=/home/zhijie/autoware/install/autoware_cmake:/home/zhijie/autoware/install/autoware_lint_common:${AMENT_PREFIX_PATH} CMAKE_PREFIX_PATH=/home/zhijie/autoware/install/autoware_cmake:/home/zhijie/autoware/install/autoware_lint_common:/opt/ros/humble /usr/bin/cmake --build /home/zhijie/autoware/build/image_transport_decompressor -- -j16 -l16
[4.421s] [35m[1mConsolidate compiler generated dependencies of target image_transport_decompressor[0m
[4.421s] [ 25%] [32mBuilding CXX object CMakeFiles/image_transport_decompressor.dir/src/image_transport_decompressor.cpp.o[0m
[16.066s] [ 50%] [32m[1mLinking CXX shared library libimage_transport_decompressor.so[0m
[16.271s] [ 50%] Built target image_transport_decompressor
[16.281s] [35m[1mConsolidate compiler generated dependencies of target image_transport_decompressor_node[0m
[16.297s] [ 75%] [32mBuilding CXX object CMakeFiles/image_transport_decompressor_node.dir/rclcpp_components/node_main_image_transport_decompressor_node.cpp.o[0m
[20.144s] [100%] [32m[1mLinking CXX executable image_transport_decompressor_node[0m
[20.299s] [100%] Built target image_transport_decompressor_node
[20.309s] Invoked command in '/home/zhijie/autoware/build/image_transport_decompressor' returned '0': AMENT_PREFIX_PATH=/home/zhijie/autoware/install/autoware_cmake:/home/zhijie/autoware/install/autoware_lint_common:${AMENT_PREFIX_PATH} CMAKE_PREFIX_PATH=/home/zhijie/autoware/install/autoware_cmake:/home/zhijie/autoware/install/autoware_lint_common:/opt/ros/humble /usr/bin/cmake --build /home/zhijie/autoware/build/image_transport_decompressor -- -j16 -l16
[20.395s] Invoking command in '/home/zhijie/autoware/build/image_transport_decompressor': AMENT_PREFIX_PATH=/home/zhijie/autoware/install/autoware_cmake:/home/zhijie/autoware/install/autoware_lint_common:${AMENT_PREFIX_PATH} CMAKE_PREFIX_PATH=/home/zhijie/autoware/install/autoware_cmake:/home/zhijie/autoware/install/autoware_lint_common:/opt/ros/humble /usr/bin/cmake --install /home/zhijie/autoware/build/image_transport_decompressor
[20.431s] -- Install configuration: "Release"
[20.432s] -- Execute custom install script
[20.434s] -- Up-to-date symlink: /home/zhijie/autoware/install/image_transport_decompressor/lib/image_transport_decompressor/image_transport_decompressor_node
[20.434s] -- Up-to-date symlink: /home/zhijie/autoware/install/image_transport_decompressor/include/image_transport_decompressor/image_transport_decompressor.hpp
[20.434s] -- Up-to-date symlink: /home/zhijie/autoware/install/image_transport_decompressor/share/image_transport_decompressor/environment/library_path.sh
[20.434s] -- Up-to-date symlink: /home/zhijie/autoware/install/image_transport_decompressor/share/image_transport_decompressor/environment/library_path.dsv
[20.435s] -- Up-to-date symlink: /home/zhijie/autoware/install/image_transport_decompressor/lib/libimage_transport_decompressor.so
[20.435s] -- Up-to-date symlink: /home/zhijie/autoware/install/image_transport_decompressor/share/image_transport_decompressor/launch/image_transport_decompressor.launch.xml
[20.435s] -- Up-to-date symlink: /home/zhijie/autoware/install/image_transport_decompressor/share/ament_index/resource_index/package_run_dependencies/image_transport_decompressor
[20.435s] -- Up-to-date symlink: /home/zhijie/autoware/install/image_transport_decompressor/share/ament_index/resource_index/parent_prefix_path/image_transport_decompressor
[20.435s] -- Up-to-date symlink: /home/zhijie/autoware/install/image_transport_decompressor/share/image_transport_decompressor/environment/ament_prefix_path.sh
[20.435s] -- Up-to-date symlink: /home/zhijie/autoware/install/image_transport_decompressor/share/image_transport_decompressor/environment/ament_prefix_path.dsv
[20.435s] -- Up-to-date symlink: /home/zhijie/autoware/install/image_transport_decompressor/share/image_transport_decompressor/environment/path.sh
[20.436s] -- Up-to-date symlink: /home/zhijie/autoware/install/image_transport_decompressor/share/image_transport_decompressor/environment/path.dsv
[20.436s] -- Up-to-date symlink: /home/zhijie/autoware/install/image_transport_decompressor/share/image_transport_decompressor/local_setup.bash
[20.437s] -- Up-to-date symlink: /home/zhijie/autoware/install/image_transport_decompressor/share/image_transport_decompressor/local_setup.sh
[20.437s] -- Up-to-date symlink: /home/zhijie/autoware/install/image_transport_decompressor/share/image_transport_decompressor/local_setup.zsh
[20.437s] -- Up-to-date symlink: /home/zhijie/autoware/install/image_transport_decompressor/share/image_transport_decompressor/local_setup.dsv
[20.437s] -- Symlinking: /home/zhijie/autoware/install/image_transport_decompressor/share/image_transport_decompressor/package.dsv
[20.437s] -- Up-to-date symlink: /home/zhijie/autoware/install/image_transport_decompressor/share/ament_index/resource_index/packages/image_transport_decompressor
[20.437s] -- Up-to-date symlink: /home/zhijie/autoware/install/image_transport_decompressor/share/ament_index/resource_index/rclcpp_components/image_transport_decompressor
[20.437s] -- Up-to-date symlink: /home/zhijie/autoware/install/image_transport_decompressor/share/image_transport_decompressor/cmake/ament_cmake_export_dependencies-extras.cmake
[20.438s] -- Up-to-date symlink: /home/zhijie/autoware/install/image_transport_decompressor/share/image_transport_decompressor/cmake/ament_cmake_export_include_directories-extras.cmake
[20.438s] -- Up-to-date symlink: /home/zhijie/autoware/install/image_transport_decompressor/share/image_transport_decompressor/cmake/ament_cmake_export_libraries-extras.cmake
[20.438s] -- Up-to-date symlink: /home/zhijie/autoware/install/image_transport_decompressor/share/image_transport_decompressor/cmake/image_transport_decompressorConfig.cmake
[20.438s] -- Up-to-date symlink: /home/zhijie/autoware/install/image_transport_decompressor/share/image_transport_decompressor/cmake/image_transport_decompressorConfig-version.cmake
[20.438s] -- Up-to-date symlink: /home/zhijie/autoware/install/image_transport_decompressor/share/image_transport_decompressor/package.xml
[20.490s] Invoked command in '/home/zhijie/autoware/build/image_transport_decompressor' returned '0': AMENT_PREFIX_PATH=/home/zhijie/autoware/install/autoware_cmake:/home/zhijie/autoware/install/autoware_lint_common:${AMENT_PREFIX_PATH} CMAKE_PREFIX_PATH=/home/zhijie/autoware/install/autoware_cmake:/home/zhijie/autoware/install/autoware_lint_common:/opt/ros/humble /usr/bin/cmake --install /home/zhijie/autoware/build/image_transport_decompressor
