[0.361s] Invoking command in '/home/mtl12345/autoware/build/autoware_external_api_msgs': AMENT_PREFIX_PATH=/home/mtl12345/autoware/install/tier4_external_api_msgs:/home/mtl12345/autoware/install/autoware_lint_common:${AMENT_PREFIX_PATH} CMAKE_PREFIX_PATH=/home/mtl12345/autoware/install/tier4_external_api_msgs:/home/mtl12345/autoware/install/autoware_lint_common:/opt/ros/humble LD_LIBRARY_PATH=/home/mtl12345/autoware/install/tier4_external_api_msgs/lib:${LD_LIBRARY_PATH} PYTHONPATH=/home/mtl12345/autoware/install/tier4_external_api_msgs/local/lib/python3.10/dist-packages:${PYTHONPATH} /usr/bin/cmake --build /home/mtl12345/autoware/build/autoware_external_api_msgs -- -j12 -l12
[0.400s] [  2%] Built target autoware_external_api_msgs__cpp
[0.401s] [ 12%] Built target autoware_external_api_msgs__rosidl_generator_c
[0.407s] [ 12%] Built target ament_cmake_python_symlink_autoware_external_api_msgs
[0.425s] [ 23%] Built target autoware_external_api_msgs__rosidl_typesupport_cpp
[0.426s] [ 43%] Built target autoware_external_api_msgs__rosidl_typesupport_c
[0.426s] [ 43%] Built target autoware_external_api_msgs__rosidl_typesupport_introspection_c
[0.427s] [ 53%] Built target autoware_external_api_msgs__rosidl_typesupport_introspection_cpp
[0.427s] [ 64%] Built target autoware_external_api_msgs__rosidl_typesupport_fastrtps_cpp
[0.427s] [ 74%] Built target autoware_external_api_msgs__rosidl_typesupport_fastrtps_c
[0.443s] [ 74%] Built target autoware_external_api_msgs
[0.460s] [ 76%] Built target autoware_external_api_msgs__py
[0.477s] [ 84%] Built target autoware_external_api_msgs__rosidl_generator_py
[0.495s] [100%] Built target autoware_external_api_msgs__rosidl_typesupport_fastrtps_c__pyext
[0.496s] [100%] Built target autoware_external_api_msgs__rosidl_typesupport_c__pyext
[0.496s] [100%] Built target autoware_external_api_msgs__rosidl_typesupport_introspection_c__pyext
[0.679s] running egg_info
[0.680s] writing autoware_external_api_msgs.egg-info/PKG-INFO
[0.681s] writing dependency_links to autoware_external_api_msgs.egg-info/dependency_links.txt
[0.681s] writing top-level names to autoware_external_api_msgs.egg-info/top_level.txt
[0.683s] reading manifest file 'autoware_external_api_msgs.egg-info/SOURCES.txt'
[0.683s] writing manifest file 'autoware_external_api_msgs.egg-info/SOURCES.txt'
[0.704s] [100%] Built target ament_cmake_python_build_autoware_external_api_msgs_egg
[1.055s] Invoked command in '/home/mtl12345/autoware/build/autoware_external_api_msgs' returned '0': AMENT_PREFIX_PATH=/home/mtl12345/autoware/install/tier4_external_api_msgs:/home/mtl12345/autoware/install/autoware_lint_common:${AMENT_PREFIX_PATH} CMAKE_PREFIX_PATH=/home/mtl12345/autoware/install/tier4_external_api_msgs:/home/mtl12345/autoware/install/autoware_lint_common:/opt/ros/humble LD_LIBRARY_PATH=/home/mtl12345/autoware/install/tier4_external_api_msgs/lib:${LD_LIBRARY_PATH} PYTHONPATH=/home/mtl12345/autoware/install/tier4_external_api_msgs/local/lib/python3.10/dist-packages:${PYTHONPATH} /usr/bin/cmake --build /home/mtl12345/autoware/build/autoware_external_api_msgs -- -j12 -l12
[1.819s] Invoking command in '/home/mtl12345/autoware/build/autoware_external_api_msgs': AMENT_PREFIX_PATH=/home/mtl12345/autoware/install/tier4_external_api_msgs:/home/mtl12345/autoware/install/autoware_lint_common:${AMENT_PREFIX_PATH} CMAKE_PREFIX_PATH=/home/mtl12345/autoware/install/tier4_external_api_msgs:/home/mtl12345/autoware/install/autoware_lint_common:/opt/ros/humble LD_LIBRARY_PATH=/home/mtl12345/autoware/install/tier4_external_api_msgs/lib:${LD_LIBRARY_PATH} PYTHONPATH=/home/mtl12345/autoware/install/tier4_external_api_msgs/local/lib/python3.10/dist-packages:${PYTHONPATH} /usr/bin/cmake --install /home/mtl12345/autoware/build/autoware_external_api_msgs
[1.832s] -- Install configuration: "Release"
[1.833s] -- Execute custom install script
[1.833s] -- Up-to-date symlink: /home/mtl12345/autoware/install/autoware_external_api_msgs/share/ament_index/resource_index/rosidl_interfaces/autoware_external_api_msgs
[1.833s] -- Up-to-date symlink: /home/mtl12345/autoware/install/autoware_external_api_msgs/include/autoware_external_api_msgs/autoware_external_api_msgs/msg/detail/response_status__functions.h
[1.833s] -- Up-to-date symlink: /home/mtl12345/autoware/install/autoware_external_api_msgs/include/autoware_external_api_msgs/autoware_external_api_msgs/msg/detail/response_status__struct.h
[1.833s] -- Up-to-date symlink: /home/mtl12345/autoware/install/autoware_external_api_msgs/include/autoware_external_api_msgs/autoware_external_api_msgs/msg/detail/response_status__type_support.h
[1.834s] -- Up-to-date symlink: /home/mtl12345/autoware/install/autoware_external_api_msgs/include/autoware_external_api_msgs/autoware_external_api_msgs/msg/response_status.h
[1.834s] -- Up-to-date symlink: /home/mtl12345/autoware/install/autoware_external_api_msgs/include/autoware_external_api_msgs/autoware_external_api_msgs/msg/rosidl_generator_c__visibility_control.h
[1.835s] -- Up-to-date symlink: /home/mtl12345/autoware/install/autoware_external_api_msgs/include/autoware_external_api_msgs/autoware_external_api_msgs/srv/detail/get_version__functions.h
[1.835s] -- Up-to-date symlink: /home/mtl12345/autoware/install/autoware_external_api_msgs/include/autoware_external_api_msgs/autoware_external_api_msgs/srv/detail/get_version__struct.h
[1.836s] -- Up-to-date symlink: /home/mtl12345/autoware/install/autoware_external_api_msgs/include/autoware_external_api_msgs/autoware_external_api_msgs/srv/detail/get_version__type_support.h
[1.836s] -- Up-to-date symlink: /home/mtl12345/autoware/install/autoware_external_api_msgs/include/autoware_external_api_msgs/autoware_external_api_msgs/srv/get_version.h
[1.836s] -- Up-to-date symlink: /home/mtl12345/autoware/install/autoware_external_api_msgs/share/autoware_external_api_msgs/environment/library_path.sh
[1.836s] -- Up-to-date symlink: /home/mtl12345/autoware/install/autoware_external_api_msgs/share/autoware_external_api_msgs/environment/library_path.dsv
[1.837s] -- Up-to-date symlink: /home/mtl12345/autoware/install/autoware_external_api_msgs/include/autoware_external_api_msgs/autoware_external_api_msgs/msg/detail/response_status__rosidl_typesupport_fastrtps_c.h
[1.837s] -- Up-to-date symlink: /home/mtl12345/autoware/install/autoware_external_api_msgs/include/autoware_external_api_msgs/autoware_external_api_msgs/msg/rosidl_typesupport_fastrtps_c__visibility_control.h
[1.837s] -- Up-to-date symlink: /home/mtl12345/autoware/install/autoware_external_api_msgs/include/autoware_external_api_msgs/autoware_external_api_msgs/srv/detail/get_version__rosidl_typesupport_fastrtps_c.h
[1.837s] -- Up-to-date symlink: /home/mtl12345/autoware/install/autoware_external_api_msgs/include/autoware_external_api_msgs/autoware_external_api_msgs/msg/detail/response_status__builder.hpp
[1.837s] -- Up-to-date symlink: /home/mtl12345/autoware/install/autoware_external_api_msgs/include/autoware_external_api_msgs/autoware_external_api_msgs/msg/detail/response_status__struct.hpp
[1.837s] -- Up-to-date symlink: /home/mtl12345/autoware/install/autoware_external_api_msgs/include/autoware_external_api_msgs/autoware_external_api_msgs/msg/detail/response_status__traits.hpp
[1.837s] -- Up-to-date symlink: /home/mtl12345/autoware/install/autoware_external_api_msgs/include/autoware_external_api_msgs/autoware_external_api_msgs/msg/response_status.hpp
[1.837s] -- Up-to-date symlink: /home/mtl12345/autoware/install/autoware_external_api_msgs/include/autoware_external_api_msgs/autoware_external_api_msgs/srv/detail/get_version__builder.hpp
[1.838s] -- Up-to-date symlink: /home/mtl12345/autoware/install/autoware_external_api_msgs/include/autoware_external_api_msgs/autoware_external_api_msgs/srv/detail/get_version__struct.hpp
[1.838s] -- Up-to-date symlink: /home/mtl12345/autoware/install/autoware_external_api_msgs/include/autoware_external_api_msgs/autoware_external_api_msgs/srv/detail/get_version__traits.hpp
[1.838s] -- Up-to-date symlink: /home/mtl12345/autoware/install/autoware_external_api_msgs/include/autoware_external_api_msgs/autoware_external_api_msgs/srv/get_version.hpp
[1.838s] -- Up-to-date symlink: /home/mtl12345/autoware/install/autoware_external_api_msgs/include/autoware_external_api_msgs/autoware_external_api_msgs/msg/detail/response_status__rosidl_typesupport_fastrtps_cpp.hpp
[1.838s] -- Up-to-date symlink: /home/mtl12345/autoware/install/autoware_external_api_msgs/include/autoware_external_api_msgs/autoware_external_api_msgs/msg/rosidl_typesupport_fastrtps_cpp__visibility_control.h
[1.838s] -- Up-to-date symlink: /home/mtl12345/autoware/install/autoware_external_api_msgs/include/autoware_external_api_msgs/autoware_external_api_msgs/srv/detail/get_version__rosidl_typesupport_fastrtps_cpp.hpp
[1.838s] -- Up-to-date symlink: /home/mtl12345/autoware/install/autoware_external_api_msgs/include/autoware_external_api_msgs/autoware_external_api_msgs/msg/detail/response_status__rosidl_typesupport_introspection_c.h
[1.838s] -- Up-to-date symlink: /home/mtl12345/autoware/install/autoware_external_api_msgs/include/autoware_external_api_msgs/autoware_external_api_msgs/msg/rosidl_typesupport_introspection_c__visibility_control.h
[1.839s] -- Up-to-date symlink: /home/mtl12345/autoware/install/autoware_external_api_msgs/include/autoware_external_api_msgs/autoware_external_api_msgs/srv/detail/get_version__rosidl_typesupport_introspection_c.h
[1.839s] -- Up-to-date symlink: /home/mtl12345/autoware/install/autoware_external_api_msgs/include/autoware_external_api_msgs/autoware_external_api_msgs/msg/detail/response_status__rosidl_typesupport_introspection_cpp.hpp
[1.839s] -- Up-to-date symlink: /home/mtl12345/autoware/install/autoware_external_api_msgs/include/autoware_external_api_msgs/autoware_external_api_msgs/srv/detail/get_version__rosidl_typesupport_introspection_cpp.hpp
[1.839s] -- Up-to-date symlink: /home/mtl12345/autoware/install/autoware_external_api_msgs/share/autoware_external_api_msgs/environment/pythonpath.sh
[1.839s] -- Up-to-date symlink: /home/mtl12345/autoware/install/autoware_external_api_msgs/share/autoware_external_api_msgs/environment/pythonpath.dsv
[1.839s] -- Up-to-date symlink: /home/mtl12345/autoware/install/autoware_external_api_msgs/local/lib/python3.10/dist-packages/autoware_external_api_msgs-0.0.0-py3.10.egg-info/PKG-INFO
[1.839s] -- Up-to-date symlink: /home/mtl12345/autoware/install/autoware_external_api_msgs/local/lib/python3.10/dist-packages/autoware_external_api_msgs-0.0.0-py3.10.egg-info/SOURCES.txt
[1.839s] -- Up-to-date symlink: /home/mtl12345/autoware/install/autoware_external_api_msgs/local/lib/python3.10/dist-packages/autoware_external_api_msgs-0.0.0-py3.10.egg-info/dependency_links.txt
[1.839s] -- Up-to-date symlink: /home/mtl12345/autoware/install/autoware_external_api_msgs/local/lib/python3.10/dist-packages/autoware_external_api_msgs-0.0.0-py3.10.egg-info/top_level.txt
[1.840s] -- Up-to-date symlink: /home/mtl12345/autoware/install/autoware_external_api_msgs/local/lib/python3.10/dist-packages/autoware_external_api_msgs/__init__.py
[1.840s] -- Up-to-date symlink: /home/mtl12345/autoware/install/autoware_external_api_msgs/local/lib/python3.10/dist-packages/autoware_external_api_msgs/_autoware_external_api_msgs_s.ep.rosidl_typesupport_c.c
[1.840s] -- Up-to-date symlink: /home/mtl12345/autoware/install/autoware_external_api_msgs/local/lib/python3.10/dist-packages/autoware_external_api_msgs/_autoware_external_api_msgs_s.ep.rosidl_typesupport_fastrtps_c.c
[1.840s] -- Up-to-date symlink: /home/mtl12345/autoware/install/autoware_external_api_msgs/local/lib/python3.10/dist-packages/autoware_external_api_msgs/_autoware_external_api_msgs_s.ep.rosidl_typesupport_introspection_c.c
[1.840s] -- Up-to-date symlink: /home/mtl12345/autoware/install/autoware_external_api_msgs/local/lib/python3.10/dist-packages/autoware_external_api_msgs/autoware_external_api_msgs_s__rosidl_typesupport_c.cpython-310-x86_64-linux-gnu.so
[1.840s] -- Up-to-date symlink: /home/mtl12345/autoware/install/autoware_external_api_msgs/local/lib/python3.10/dist-packages/autoware_external_api_msgs/autoware_external_api_msgs_s__rosidl_typesupport_fastrtps_c.cpython-310-x86_64-linux-gnu.so
[1.840s] -- Up-to-date symlink: /home/mtl12345/autoware/install/autoware_external_api_msgs/local/lib/python3.10/dist-packages/autoware_external_api_msgs/autoware_external_api_msgs_s__rosidl_typesupport_introspection_c.cpython-310-x86_64-linux-gnu.so
[1.840s] -- Up-to-date symlink: /home/mtl12345/autoware/install/autoware_external_api_msgs/local/lib/python3.10/dist-packages/autoware_external_api_msgs/libautoware_external_api_msgs__rosidl_generator_py.so
[1.840s] -- Up-to-date symlink: /home/mtl12345/autoware/install/autoware_external_api_msgs/local/lib/python3.10/dist-packages/autoware_external_api_msgs/msg/__init__.py
[1.841s] -- Up-to-date symlink: /home/mtl12345/autoware/install/autoware_external_api_msgs/local/lib/python3.10/dist-packages/autoware_external_api_msgs/msg/_response_status.py
[1.841s] -- Up-to-date symlink: /home/mtl12345/autoware/install/autoware_external_api_msgs/local/lib/python3.10/dist-packages/autoware_external_api_msgs/msg/_response_status_s.c
[1.841s] -- Up-to-date symlink: /home/mtl12345/autoware/install/autoware_external_api_msgs/local/lib/python3.10/dist-packages/autoware_external_api_msgs/srv/__init__.py
[1.841s] -- Up-to-date symlink: /home/mtl12345/autoware/install/autoware_external_api_msgs/local/lib/python3.10/dist-packages/autoware_external_api_msgs/srv/_get_version.py
[1.841s] -- Up-to-date symlink: /home/mtl12345/autoware/install/autoware_external_api_msgs/local/lib/python3.10/dist-packages/autoware_external_api_msgs/srv/_get_version_s.c
[1.841s] -- Up-to-date symlink: /home/mtl12345/autoware/install/autoware_external_api_msgs/local/lib/python3.10/dist-packages/autoware_external_api_msgs/autoware_external_api_msgs_s__rosidl_typesupport_fastrtps_c.cpython-310-x86_64-linux-gnu.so
[1.841s] -- Up-to-date symlink: /home/mtl12345/autoware/install/autoware_external_api_msgs/local/lib/python3.10/dist-packages/autoware_external_api_msgs/autoware_external_api_msgs_s__rosidl_typesupport_introspection_c.cpython-310-x86_64-linux-gnu.so
[1.841s] -- Up-to-date symlink: /home/mtl12345/autoware/install/autoware_external_api_msgs/local/lib/python3.10/dist-packages/autoware_external_api_msgs/autoware_external_api_msgs_s__rosidl_typesupport_c.cpython-310-x86_64-linux-gnu.so
[1.841s] -- Up-to-date symlink: /home/mtl12345/autoware/install/autoware_external_api_msgs/share/autoware_external_api_msgs/msg/ResponseStatus.idl
[1.841s] -- Up-to-date symlink: /home/mtl12345/autoware/install/autoware_external_api_msgs/share/autoware_external_api_msgs/srv/GetVersion.idl
[1.842s] -- Up-to-date symlink: /home/mtl12345/autoware/install/autoware_external_api_msgs/share/autoware_external_api_msgs/msg/ResponseStatus.msg
[1.842s] -- Up-to-date symlink: /home/mtl12345/autoware/install/autoware_external_api_msgs/share/autoware_external_api_msgs/srv/GetVersion.srv
[1.842s] -- Up-to-date symlink: /home/mtl12345/autoware/install/autoware_external_api_msgs/share/autoware_external_api_msgs/srv/GetVersion_Request.msg
[1.842s] -- Up-to-date symlink: /home/mtl12345/autoware/install/autoware_external_api_msgs/share/autoware_external_api_msgs/srv/GetVersion_Response.msg
[1.842s] -- Up-to-date symlink: /home/mtl12345/autoware/install/autoware_external_api_msgs/share/ament_index/resource_index/package_run_dependencies/autoware_external_api_msgs
[1.842s] -- Up-to-date symlink: /home/mtl12345/autoware/install/autoware_external_api_msgs/share/ament_index/resource_index/parent_prefix_path/autoware_external_api_msgs
[1.842s] -- Up-to-date symlink: /home/mtl12345/autoware/install/autoware_external_api_msgs/share/autoware_external_api_msgs/environment/ament_prefix_path.sh
[1.842s] -- Up-to-date symlink: /home/mtl12345/autoware/install/autoware_external_api_msgs/share/autoware_external_api_msgs/environment/ament_prefix_path.dsv
[1.842s] -- Up-to-date symlink: /home/mtl12345/autoware/install/autoware_external_api_msgs/share/autoware_external_api_msgs/environment/path.sh
[1.842s] -- Up-to-date symlink: /home/mtl12345/autoware/install/autoware_external_api_msgs/share/autoware_external_api_msgs/environment/path.dsv
[1.843s] -- Up-to-date symlink: /home/mtl12345/autoware/install/autoware_external_api_msgs/share/autoware_external_api_msgs/local_setup.bash
[1.843s] -- Up-to-date symlink: /home/mtl12345/autoware/install/autoware_external_api_msgs/share/autoware_external_api_msgs/local_setup.sh
[1.843s] -- Up-to-date symlink: /home/mtl12345/autoware/install/autoware_external_api_msgs/share/autoware_external_api_msgs/local_setup.zsh
[1.843s] -- Up-to-date symlink: /home/mtl12345/autoware/install/autoware_external_api_msgs/share/autoware_external_api_msgs/local_setup.dsv
[1.843s] -- Symlinking: /home/mtl12345/autoware/install/autoware_external_api_msgs/share/autoware_external_api_msgs/package.dsv
[1.846s] -- Up-to-date symlink: /home/mtl12345/autoware/install/autoware_external_api_msgs/share/ament_index/resource_index/packages/autoware_external_api_msgs
[1.846s] -- Up-to-date symlink: /home/mtl12345/autoware/install/autoware_external_api_msgs/share/autoware_external_api_msgs/cmake/rosidl_cmake-extras.cmake
[1.847s] -- Up-to-date symlink: /home/mtl12345/autoware/install/autoware_external_api_msgs/share/autoware_external_api_msgs/cmake/ament_cmake_export_dependencies-extras.cmake
[1.847s] -- Up-to-date symlink: /home/mtl12345/autoware/install/autoware_external_api_msgs/share/autoware_external_api_msgs/cmake/ament_cmake_export_include_directories-extras.cmake
[1.847s] -- Up-to-date symlink: /home/mtl12345/autoware/install/autoware_external_api_msgs/share/autoware_external_api_msgs/cmake/ament_cmake_export_libraries-extras.cmake
[1.847s] -- Up-to-date symlink: /home/mtl12345/autoware/install/autoware_external_api_msgs/share/autoware_external_api_msgs/cmake/ament_cmake_export_targets-extras.cmake
[1.847s] -- Up-to-date symlink: /home/mtl12345/autoware/install/autoware_external_api_msgs/share/autoware_external_api_msgs/cmake/rosidl_cmake_export_typesupport_targets-extras.cmake
[1.848s] -- Up-to-date symlink: /home/mtl12345/autoware/install/autoware_external_api_msgs/share/autoware_external_api_msgs/cmake/rosidl_cmake_export_typesupport_libraries-extras.cmake
[1.848s] -- Up-to-date symlink: /home/mtl12345/autoware/install/autoware_external_api_msgs/share/autoware_external_api_msgs/cmake/autoware_external_api_msgsConfig.cmake
[1.848s] -- Up-to-date symlink: /home/mtl12345/autoware/install/autoware_external_api_msgs/share/autoware_external_api_msgs/cmake/autoware_external_api_msgsConfig-version.cmake
[1.849s] -- Up-to-date symlink: /home/mtl12345/autoware/install/autoware_external_api_msgs/share/autoware_external_api_msgs/package.xml
[1.849s] -- Up-to-date: /home/mtl12345/autoware/install/autoware_external_api_msgs/lib/libautoware_external_api_msgs__rosidl_generator_c.so
[1.849s] -- Up-to-date: /home/mtl12345/autoware/install/autoware_external_api_msgs/lib/libautoware_external_api_msgs__rosidl_typesupport_fastrtps_c.so
[1.849s] -- Up-to-date: /home/mtl12345/autoware/install/autoware_external_api_msgs/lib/libautoware_external_api_msgs__rosidl_typesupport_fastrtps_cpp.so
[1.850s] -- Up-to-date: /home/mtl12345/autoware/install/autoware_external_api_msgs/lib/libautoware_external_api_msgs__rosidl_typesupport_introspection_c.so
[1.850s] -- Up-to-date: /home/mtl12345/autoware/install/autoware_external_api_msgs/lib/libautoware_external_api_msgs__rosidl_typesupport_c.so
[1.850s] -- Up-to-date: /home/mtl12345/autoware/install/autoware_external_api_msgs/lib/libautoware_external_api_msgs__rosidl_typesupport_introspection_cpp.so
[1.850s] -- Up-to-date: /home/mtl12345/autoware/install/autoware_external_api_msgs/lib/libautoware_external_api_msgs__rosidl_typesupport_cpp.so
[1.893s] Listing '/home/mtl12345/autoware/install/autoware_external_api_msgs/local/lib/python3.10/dist-packages/autoware_external_api_msgs'...
[1.893s] Listing '/home/mtl12345/autoware/install/autoware_external_api_msgs/local/lib/python3.10/dist-packages/autoware_external_api_msgs/msg'...
[1.893s] Listing '/home/mtl12345/autoware/install/autoware_external_api_msgs/local/lib/python3.10/dist-packages/autoware_external_api_msgs/srv'...
[1.897s] -- Up-to-date: /home/mtl12345/autoware/install/autoware_external_api_msgs/lib/libautoware_external_api_msgs__rosidl_generator_py.so
[1.898s] -- Up-to-date: /home/mtl12345/autoware/install/autoware_external_api_msgs/share/autoware_external_api_msgs/cmake/export_autoware_external_api_msgs__rosidl_generator_cExport.cmake
[1.898s] -- Up-to-date: /home/mtl12345/autoware/install/autoware_external_api_msgs/share/autoware_external_api_msgs/cmake/export_autoware_external_api_msgs__rosidl_generator_cExport-release.cmake
[1.898s] -- Up-to-date: /home/mtl12345/autoware/install/autoware_external_api_msgs/share/autoware_external_api_msgs/cmake/export_autoware_external_api_msgs__rosidl_typesupport_fastrtps_cExport.cmake
[1.898s] -- Up-to-date: /home/mtl12345/autoware/install/autoware_external_api_msgs/share/autoware_external_api_msgs/cmake/export_autoware_external_api_msgs__rosidl_typesupport_fastrtps_cExport-release.cmake
[1.898s] -- Up-to-date: /home/mtl12345/autoware/install/autoware_external_api_msgs/share/autoware_external_api_msgs/cmake/export_autoware_external_api_msgs__rosidl_generator_cppExport.cmake
[1.898s] -- Up-to-date: /home/mtl12345/autoware/install/autoware_external_api_msgs/share/autoware_external_api_msgs/cmake/export_autoware_external_api_msgs__rosidl_typesupport_fastrtps_cppExport.cmake
[1.898s] -- Up-to-date: /home/mtl12345/autoware/install/autoware_external_api_msgs/share/autoware_external_api_msgs/cmake/export_autoware_external_api_msgs__rosidl_typesupport_fastrtps_cppExport-release.cmake
[1.898s] -- Up-to-date: /home/mtl12345/autoware/install/autoware_external_api_msgs/share/autoware_external_api_msgs/cmake/autoware_external_api_msgs__rosidl_typesupport_introspection_cExport.cmake
[1.898s] -- Up-to-date: /home/mtl12345/autoware/install/autoware_external_api_msgs/share/autoware_external_api_msgs/cmake/autoware_external_api_msgs__rosidl_typesupport_introspection_cExport-release.cmake
[1.899s] -- Up-to-date: /home/mtl12345/autoware/install/autoware_external_api_msgs/share/autoware_external_api_msgs/cmake/autoware_external_api_msgs__rosidl_typesupport_cExport.cmake
[1.899s] -- Up-to-date: /home/mtl12345/autoware/install/autoware_external_api_msgs/share/autoware_external_api_msgs/cmake/autoware_external_api_msgs__rosidl_typesupport_cExport-release.cmake
[1.899s] -- Up-to-date: /home/mtl12345/autoware/install/autoware_external_api_msgs/share/autoware_external_api_msgs/cmake/autoware_external_api_msgs__rosidl_typesupport_introspection_cppExport.cmake
[1.899s] -- Up-to-date: /home/mtl12345/autoware/install/autoware_external_api_msgs/share/autoware_external_api_msgs/cmake/autoware_external_api_msgs__rosidl_typesupport_introspection_cppExport-release.cmake
[1.899s] -- Up-to-date: /home/mtl12345/autoware/install/autoware_external_api_msgs/share/autoware_external_api_msgs/cmake/autoware_external_api_msgs__rosidl_typesupport_cppExport.cmake
[1.899s] -- Up-to-date: /home/mtl12345/autoware/install/autoware_external_api_msgs/share/autoware_external_api_msgs/cmake/autoware_external_api_msgs__rosidl_typesupport_cppExport-release.cmake
[1.899s] -- Up-to-date: /home/mtl12345/autoware/install/autoware_external_api_msgs/share/autoware_external_api_msgs/cmake/export_autoware_external_api_msgs__rosidl_generator_pyExport.cmake
[1.899s] -- Up-to-date: /home/mtl12345/autoware/install/autoware_external_api_msgs/share/autoware_external_api_msgs/cmake/export_autoware_external_api_msgs__rosidl_generator_pyExport-release.cmake
[2.536s] Invoked command in '/home/mtl12345/autoware/build/autoware_external_api_msgs' returned '0': AMENT_PREFIX_PATH=/home/mtl12345/autoware/install/tier4_external_api_msgs:/home/mtl12345/autoware/install/autoware_lint_common:${AMENT_PREFIX_PATH} CMAKE_PREFIX_PATH=/home/mtl12345/autoware/install/tier4_external_api_msgs:/home/mtl12345/autoware/install/autoware_lint_common:/opt/ros/humble LD_LIBRARY_PATH=/home/mtl12345/autoware/install/tier4_external_api_msgs/lib:${LD_LIBRARY_PATH} PYTHONPATH=/home/mtl12345/autoware/install/tier4_external_api_msgs/local/lib/python3.10/dist-packages:${PYTHONPATH} /usr/bin/cmake --install /home/mtl12345/autoware/build/autoware_external_api_msgs
