[0.061s] Invoking command in '/home/zhijie/autoware/build/pandar_msgs': CMAKE_PREFIX_PATH=/opt/ros/humble /usr/bin/cmake /home/zhijie/autoware/src/sensor_component/external/nebula/nebula_messages/pandar_msgs -DCMAKE_BUILD_TYPE=Release -DAMENT_CMAKE_SYMLINK_INSTALL=1 -DCMAKE_INSTALL_PREFIX=/home/zhijie/autoware/install/pandar_msgs
[6.085s] -- Found ament_cmake_auto: 1.3.5 (/opt/ros/humble/share/ament_cmake_auto/cmake)
[6.087s] -- Override CMake install command with custom implementation using symlinks instead of copying resources
[6.087s] -- Found rosidl_generator_c: 3.1.5 (/opt/ros/humble/share/rosidl_generator_c/cmake)
[6.087s] -- Found rosidl_adapter: 3.1.5 (/opt/ros/humble/share/rosidl_adapter/cmake)
[6.088s] -- Found rosidl_generator_cpp: 3.1.5 (/opt/ros/humble/share/rosidl_generator_cpp/cmake)
[6.088s] -- Using all available rosidl_typesupport_c: rosidl_typesupport_fastrtps_c;rosidl_typesupport_introspection_c
[6.088s] -- Using all available rosidl_typesupport_cpp: rosidl_typesupport_fastrtps_cpp;rosidl_typesupport_introspection_cpp
[6.089s] -- Found ament_cmake_ros: 0.10.0 (/opt/ros/humble/share/ament_cmake_ros/cmake)
[6.090s] -- Using all available rosidl_typesupport_c: rosidl_typesupport_fastrtps_c;rosidl_typesupport_introspection_c
[6.090s] -- Using all available rosidl_typesupport_cpp: rosidl_typesupport_fastrtps_cpp;rosidl_typesupport_introspection_cpp
[6.090s] -- Found python_cmake_module: 0.10.0 (/opt/ros/humble/share/python_cmake_module/cmake)
[6.090s] -- Using PYTHON_EXECUTABLE: /usr/bin/python3
[6.091s] -- Using PYTHON_INCLUDE_DIRS: /usr/include/python3.10
[6.091s] -- Using PYTHON_LIBRARIES: /usr/lib/x86_64-linux-gnu/libpython3.10.so
[6.091s] -- Configuring done
[6.091s] -- Generating done
[6.092s] -- Build files have been written to: /home/zhijie/autoware/build/pandar_msgs
[6.124s] Invoked command in '/home/zhijie/autoware/build/pandar_msgs' returned '0': CMAKE_PREFIX_PATH=/opt/ros/humble /usr/bin/cmake /home/zhijie/autoware/src/sensor_component/external/nebula/nebula_messages/pandar_msgs -DCMAKE_BUILD_TYPE=Release -DAMENT_CMAKE_SYMLINK_INSTALL=1 -DCMAKE_INSTALL_PREFIX=/home/zhijie/autoware/install/pandar_msgs
[6.125s] Invoking command in '/home/zhijie/autoware/build/pandar_msgs': CMAKE_PREFIX_PATH=/opt/ros/humble /usr/bin/cmake --build /home/zhijie/autoware/build/pandar_msgs -- -j16 -l16
[6.509s] [  2%] Built target pandar_msgs__cpp
[6.509s] [  2%] Built target ament_cmake_python_symlink_pandar_msgs
[6.509s] [35m[1mConsolidate compiler generated dependencies of target pandar_msgs__rosidl_typesupport_introspection_cpp[0m
[6.509s] [  4%] [32mBuilding CXX object CMakeFiles/pandar_msgs__rosidl_typesupport_introspection_cpp.dir/rosidl_typesupport_introspection_cpp/pandar_msgs/msg/detail/pandar_packet__type_support.cpp.o[0m
[6.809s] [  6%] [32mBuilding CXX object CMakeFiles/pandar_msgs__rosidl_typesupport_introspection_cpp.dir/rosidl_typesupport_introspection_cpp/pandar_msgs/msg/detail/pandar_jumbo_packet__type_support.cpp.o[0m
[7.457s] [  8%] [32mBuilding CXX object CMakeFiles/pandar_msgs__rosidl_typesupport_introspection_cpp.dir/rosidl_typesupport_introspection_cpp/pandar_msgs/msg/detail/pandar_scan__type_support.cpp.o[0m
[8.150s] [ 10%] [32m[1mLinking CXX shared library libpandar_msgs__rosidl_typesupport_introspection_cpp.so[0m
[8.269s] [ 12%] Built target pandar_msgs__rosidl_typesupport_introspection_cpp
[8.780s] running egg_info
[8.782s] writing pandar_msgs.egg-info/PKG-INFO
[8.782s] writing dependency_links to pandar_msgs.egg-info/dependency_links.txt
[8.782s] writing top-level names to pandar_msgs.egg-info/top_level.txt
[8.787s] reading manifest file 'pandar_msgs.egg-info/SOURCES.txt'
[8.788s] writing manifest file 'pandar_msgs.egg-info/SOURCES.txt'
[8.829s] [ 12%] Built target ament_cmake_python_build_pandar_msgs_egg
[8.839s] [35m[1mConsolidate compiler generated dependencies of target pandar_msgs__rosidl_typesupport_fastrtps_cpp[0m
[8.854s] [ 14%] [32mBuilding CXX object CMakeFiles/pandar_msgs__rosidl_typesupport_fastrtps_cpp.dir/rosidl_typesupport_fastrtps_cpp/pandar_msgs/msg/detail/dds_fastrtps/pandar_packet__type_support.cpp.o[0m
[9.289s] [ 17%] [32mBuilding CXX object CMakeFiles/pandar_msgs__rosidl_typesupport_fastrtps_cpp.dir/rosidl_typesupport_fastrtps_cpp/pandar_msgs/msg/detail/dds_fastrtps/pandar_jumbo_packet__type_support.cpp.o[0m
[9.790s] [ 19%] [32mBuilding CXX object CMakeFiles/pandar_msgs__rosidl_typesupport_fastrtps_cpp.dir/rosidl_typesupport_fastrtps_cpp/pandar_msgs/msg/detail/dds_fastrtps/pandar_scan__type_support.cpp.o[0m
[10.370s] [ 21%] [32m[1mLinking CXX shared library libpandar_msgs__rosidl_typesupport_fastrtps_cpp.so[0m
[10.466s] [ 23%] Built target pandar_msgs__rosidl_typesupport_fastrtps_cpp
[10.476s] [35m[1mConsolidate compiler generated dependencies of target pandar_msgs__rosidl_typesupport_cpp[0m
[10.522s] [ 25%] [32mBuilding CXX object CMakeFiles/pandar_msgs__rosidl_typesupport_cpp.dir/rosidl_typesupport_cpp/pandar_msgs/msg/pandar_packet__type_support.cpp.o[0m
[10.916s] [ 27%] [32mBuilding CXX object CMakeFiles/pandar_msgs__rosidl_typesupport_cpp.dir/rosidl_typesupport_cpp/pandar_msgs/msg/pandar_jumbo_packet__type_support.cpp.o[0m
[11.324s] [ 29%] [32mBuilding CXX object CMakeFiles/pandar_msgs__rosidl_typesupport_cpp.dir/rosidl_typesupport_cpp/pandar_msgs/msg/pandar_scan__type_support.cpp.o[0m
[11.695s] [ 31%] [32m[1mLinking CXX shared library libpandar_msgs__rosidl_typesupport_cpp.so[0m
[11.749s] [ 34%] Built target pandar_msgs__rosidl_typesupport_cpp
[11.764s] [35m[1mConsolidate compiler generated dependencies of target pandar_msgs__rosidl_generator_c[0m
[11.781s] [ 44%] Built target pandar_msgs__rosidl_generator_c
[11.796s] [35m[1mConsolidate compiler generated dependencies of target pandar_msgs__rosidl_typesupport_fastrtps_c[0m
[11.815s] [ 46%] [32mBuilding CXX object CMakeFiles/pandar_msgs__rosidl_typesupport_fastrtps_c.dir/rosidl_typesupport_fastrtps_c/pandar_msgs/msg/detail/pandar_packet__type_support_c.cpp.o[0m
[12.341s] [ 48%] [32mBuilding CXX object CMakeFiles/pandar_msgs__rosidl_typesupport_fastrtps_c.dir/rosidl_typesupport_fastrtps_c/pandar_msgs/msg/detail/pandar_jumbo_packet__type_support_c.cpp.o[0m
[12.875s] [ 51%] [32mBuilding CXX object CMakeFiles/pandar_msgs__rosidl_typesupport_fastrtps_c.dir/rosidl_typesupport_fastrtps_c/pandar_msgs/msg/detail/pandar_scan__type_support_c.cpp.o[0m
[13.326s] [ 53%] [32m[1mLinking CXX shared library libpandar_msgs__rosidl_typesupport_fastrtps_c.so[0m
[13.400s] [ 55%] Built target pandar_msgs__rosidl_typesupport_fastrtps_c
[13.409s] [35m[1mConsolidate compiler generated dependencies of target pandar_msgs__rosidl_typesupport_c[0m
[13.418s] [ 65%] Built target pandar_msgs__rosidl_typesupport_c
[13.428s] [35m[1mConsolidate compiler generated dependencies of target pandar_msgs__rosidl_typesupport_introspection_c[0m
[13.444s] [ 76%] Built target pandar_msgs__rosidl_typesupport_introspection_c
[13.463s] [ 76%] Built target pandar_msgs
[13.482s] [ 78%] Built target pandar_msgs__py
[13.492s] [35m[1mConsolidate compiler generated dependencies of target pandar_msgs__rosidl_generator_py[0m
[13.505s] [ 80%] [32mBuilding C object CMakeFiles/pandar_msgs__rosidl_generator_py.dir/rosidl_generator_py/pandar_msgs/msg/_pandar_packet_s.c.o[0m
[13.622s] [ 82%] [32mBuilding C object CMakeFiles/pandar_msgs__rosidl_generator_py.dir/rosidl_generator_py/pandar_msgs/msg/_pandar_jumbo_packet_s.c.o[0m
[13.843s] [ 85%] [32mBuilding C object CMakeFiles/pandar_msgs__rosidl_generator_py.dir/rosidl_generator_py/pandar_msgs/msg/_pandar_scan_s.c.o[0m
[14.045s] [ 87%] [32m[1mLinking C shared library rosidl_generator_py/pandar_msgs/libpandar_msgs__rosidl_generator_py.so[0m
[14.087s] [ 87%] Built target pandar_msgs__rosidl_generator_py
[14.096s] [35m[1mConsolidate compiler generated dependencies of target pandar_msgs__rosidl_typesupport_fastrtps_c__pyext[0m
[14.108s] [ 89%] [32mBuilding C object CMakeFiles/pandar_msgs__rosidl_typesupport_fastrtps_c__pyext.dir/rosidl_generator_py/pandar_msgs/_pandar_msgs_s.ep.rosidl_typesupport_fastrtps_c.c.o[0m
[14.238s] [ 91%] [32m[1mLinking C shared library rosidl_generator_py/pandar_msgs/pandar_msgs_s__rosidl_typesupport_fastrtps_c.cpython-310-x86_64-linux-gnu.so[0m
[14.271s] [ 91%] Built target pandar_msgs__rosidl_typesupport_fastrtps_c__pyext
[14.280s] [35m[1mConsolidate compiler generated dependencies of target pandar_msgs__rosidl_typesupport_c__pyext[0m
[14.293s] [ 93%] [32mBuilding C object CMakeFiles/pandar_msgs__rosidl_typesupport_c__pyext.dir/rosidl_generator_py/pandar_msgs/_pandar_msgs_s.ep.rosidl_typesupport_c.c.o[0m
[14.445s] [ 95%] [32m[1mLinking C shared library rosidl_generator_py/pandar_msgs/pandar_msgs_s__rosidl_typesupport_c.cpython-310-x86_64-linux-gnu.so[0m
[14.492s] [ 95%] Built target pandar_msgs__rosidl_typesupport_c__pyext
[14.504s] [35m[1mConsolidate compiler generated dependencies of target pandar_msgs__rosidl_typesupport_introspection_c__pyext[0m
[14.517s] [ 97%] [32mBuilding C object CMakeFiles/pandar_msgs__rosidl_typesupport_introspection_c__pyext.dir/rosidl_generator_py/pandar_msgs/_pandar_msgs_s.ep.rosidl_typesupport_introspection_c.c.o[0m
[14.653s] [100%] [32m[1mLinking C shared library rosidl_generator_py/pandar_msgs/pandar_msgs_s__rosidl_typesupport_introspection_c.cpython-310-x86_64-linux-gnu.so[0m
[14.697s] [100%] Built target pandar_msgs__rosidl_typesupport_introspection_c__pyext
[14.709s] Invoked command in '/home/zhijie/autoware/build/pandar_msgs' returned '0': CMAKE_PREFIX_PATH=/opt/ros/humble /usr/bin/cmake --build /home/zhijie/autoware/build/pandar_msgs -- -j16 -l16
[14.812s] Invoking command in '/home/zhijie/autoware/build/pandar_msgs': CMAKE_PREFIX_PATH=/opt/ros/humble /usr/bin/cmake --install /home/zhijie/autoware/build/pandar_msgs
[16.628s] -- Install configuration: "Release"
[16.628s] -- Execute custom install script
[16.628s] -- Up-to-date symlink: /home/zhijie/autoware/install/pandar_msgs/share/ament_index/resource_index/rosidl_interfaces/pandar_msgs
[16.629s] -- Up-to-date symlink: /home/zhijie/autoware/install/pandar_msgs/include/pandar_msgs/pandar_msgs/msg/detail/pandar_jumbo_packet__functions.h
[16.629s] -- Up-to-date symlink: /home/zhijie/autoware/install/pandar_msgs/include/pandar_msgs/pandar_msgs/msg/detail/pandar_jumbo_packet__struct.h
[16.629s] -- Up-to-date symlink: /home/zhijie/autoware/install/pandar_msgs/include/pandar_msgs/pandar_msgs/msg/detail/pandar_jumbo_packet__type_support.h
[16.629s] -- Up-to-date symlink: /home/zhijie/autoware/install/pandar_msgs/include/pandar_msgs/pandar_msgs/msg/detail/pandar_packet__functions.h
[16.629s] -- Up-to-date symlink: /home/zhijie/autoware/install/pandar_msgs/include/pandar_msgs/pandar_msgs/msg/detail/pandar_packet__struct.h
[16.629s] -- Up-to-date symlink: /home/zhijie/autoware/install/pandar_msgs/include/pandar_msgs/pandar_msgs/msg/detail/pandar_packet__type_support.h
[16.629s] -- Up-to-date symlink: /home/zhijie/autoware/install/pandar_msgs/include/pandar_msgs/pandar_msgs/msg/detail/pandar_scan__functions.h
[16.629s] -- Up-to-date symlink: /home/zhijie/autoware/install/pandar_msgs/include/pandar_msgs/pandar_msgs/msg/detail/pandar_scan__struct.h
[16.629s] -- Up-to-date symlink: /home/zhijie/autoware/install/pandar_msgs/include/pandar_msgs/pandar_msgs/msg/detail/pandar_scan__type_support.h
[16.629s] -- Up-to-date symlink: /home/zhijie/autoware/install/pandar_msgs/include/pandar_msgs/pandar_msgs/msg/pandar_jumbo_packet.h
[16.629s] -- Up-to-date symlink: /home/zhijie/autoware/install/pandar_msgs/include/pandar_msgs/pandar_msgs/msg/pandar_packet.h
[16.630s] -- Up-to-date symlink: /home/zhijie/autoware/install/pandar_msgs/include/pandar_msgs/pandar_msgs/msg/pandar_scan.h
[16.630s] -- Up-to-date symlink: /home/zhijie/autoware/install/pandar_msgs/include/pandar_msgs/pandar_msgs/msg/rosidl_generator_c__visibility_control.h
[16.630s] -- Up-to-date symlink: /home/zhijie/autoware/install/pandar_msgs/share/pandar_msgs/environment/library_path.sh
[16.630s] -- Up-to-date symlink: /home/zhijie/autoware/install/pandar_msgs/share/pandar_msgs/environment/library_path.dsv
[16.630s] -- Up-to-date symlink: /home/zhijie/autoware/install/pandar_msgs/include/pandar_msgs/pandar_msgs/msg/detail/pandar_jumbo_packet__rosidl_typesupport_fastrtps_c.h
[16.630s] -- Up-to-date symlink: /home/zhijie/autoware/install/pandar_msgs/include/pandar_msgs/pandar_msgs/msg/detail/pandar_packet__rosidl_typesupport_fastrtps_c.h
[16.630s] -- Up-to-date symlink: /home/zhijie/autoware/install/pandar_msgs/include/pandar_msgs/pandar_msgs/msg/detail/pandar_scan__rosidl_typesupport_fastrtps_c.h
[16.630s] -- Up-to-date symlink: /home/zhijie/autoware/install/pandar_msgs/include/pandar_msgs/pandar_msgs/msg/rosidl_typesupport_fastrtps_c__visibility_control.h
[16.630s] -- Up-to-date symlink: /home/zhijie/autoware/install/pandar_msgs/include/pandar_msgs/pandar_msgs/msg/detail/pandar_jumbo_packet__builder.hpp
[16.630s] -- Up-to-date symlink: /home/zhijie/autoware/install/pandar_msgs/include/pandar_msgs/pandar_msgs/msg/detail/pandar_jumbo_packet__struct.hpp
[16.631s] -- Up-to-date symlink: /home/zhijie/autoware/install/pandar_msgs/include/pandar_msgs/pandar_msgs/msg/detail/pandar_jumbo_packet__traits.hpp
[16.631s] -- Up-to-date symlink: /home/zhijie/autoware/install/pandar_msgs/include/pandar_msgs/pandar_msgs/msg/detail/pandar_packet__builder.hpp
[16.631s] -- Up-to-date symlink: /home/zhijie/autoware/install/pandar_msgs/include/pandar_msgs/pandar_msgs/msg/detail/pandar_packet__struct.hpp
[16.631s] -- Up-to-date symlink: /home/zhijie/autoware/install/pandar_msgs/include/pandar_msgs/pandar_msgs/msg/detail/pandar_packet__traits.hpp
[16.631s] -- Up-to-date symlink: /home/zhijie/autoware/install/pandar_msgs/include/pandar_msgs/pandar_msgs/msg/detail/pandar_scan__builder.hpp
[16.631s] -- Up-to-date symlink: /home/zhijie/autoware/install/pandar_msgs/include/pandar_msgs/pandar_msgs/msg/detail/pandar_scan__struct.hpp
[16.631s] -- Up-to-date symlink: /home/zhijie/autoware/install/pandar_msgs/include/pandar_msgs/pandar_msgs/msg/detail/pandar_scan__traits.hpp
[16.632s] -- Up-to-date symlink: /home/zhijie/autoware/install/pandar_msgs/include/pandar_msgs/pandar_msgs/msg/pandar_jumbo_packet.hpp
[16.632s] -- Up-to-date symlink: /home/zhijie/autoware/install/pandar_msgs/include/pandar_msgs/pandar_msgs/msg/pandar_packet.hpp
[16.632s] -- Up-to-date symlink: /home/zhijie/autoware/install/pandar_msgs/include/pandar_msgs/pandar_msgs/msg/pandar_scan.hpp
[16.632s] -- Up-to-date symlink: /home/zhijie/autoware/install/pandar_msgs/include/pandar_msgs/pandar_msgs/msg/detail/pandar_jumbo_packet__rosidl_typesupport_fastrtps_cpp.hpp
[16.632s] -- Up-to-date symlink: /home/zhijie/autoware/install/pandar_msgs/include/pandar_msgs/pandar_msgs/msg/detail/pandar_packet__rosidl_typesupport_fastrtps_cpp.hpp
[16.632s] -- Up-to-date symlink: /home/zhijie/autoware/install/pandar_msgs/include/pandar_msgs/pandar_msgs/msg/detail/pandar_scan__rosidl_typesupport_fastrtps_cpp.hpp
[16.632s] -- Up-to-date symlink: /home/zhijie/autoware/install/pandar_msgs/include/pandar_msgs/pandar_msgs/msg/rosidl_typesupport_fastrtps_cpp__visibility_control.h
[16.632s] -- Up-to-date symlink: /home/zhijie/autoware/install/pandar_msgs/include/pandar_msgs/pandar_msgs/msg/detail/pandar_jumbo_packet__rosidl_typesupport_introspection_c.h
[16.633s] -- Up-to-date symlink: /home/zhijie/autoware/install/pandar_msgs/include/pandar_msgs/pandar_msgs/msg/detail/pandar_packet__rosidl_typesupport_introspection_c.h
[16.633s] -- Up-to-date symlink: /home/zhijie/autoware/install/pandar_msgs/include/pandar_msgs/pandar_msgs/msg/detail/pandar_scan__rosidl_typesupport_introspection_c.h
[16.633s] -- Up-to-date symlink: /home/zhijie/autoware/install/pandar_msgs/include/pandar_msgs/pandar_msgs/msg/rosidl_typesupport_introspection_c__visibility_control.h
[16.633s] -- Up-to-date symlink: /home/zhijie/autoware/install/pandar_msgs/include/pandar_msgs/pandar_msgs/msg/detail/pandar_jumbo_packet__rosidl_typesupport_introspection_cpp.hpp
[16.633s] -- Up-to-date symlink: /home/zhijie/autoware/install/pandar_msgs/include/pandar_msgs/pandar_msgs/msg/detail/pandar_packet__rosidl_typesupport_introspection_cpp.hpp
[16.633s] -- Up-to-date symlink: /home/zhijie/autoware/install/pandar_msgs/include/pandar_msgs/pandar_msgs/msg/detail/pandar_scan__rosidl_typesupport_introspection_cpp.hpp
[16.633s] -- Up-to-date symlink: /home/zhijie/autoware/install/pandar_msgs/share/pandar_msgs/environment/pythonpath.sh
[16.633s] -- Up-to-date symlink: /home/zhijie/autoware/install/pandar_msgs/share/pandar_msgs/environment/pythonpath.dsv
[16.633s] -- Up-to-date symlink: /home/zhijie/autoware/install/pandar_msgs/local/lib/python3.10/dist-packages/pandar_msgs-0.0.0-py3.10.egg-info/PKG-INFO
[16.633s] -- Up-to-date symlink: /home/zhijie/autoware/install/pandar_msgs/local/lib/python3.10/dist-packages/pandar_msgs-0.0.0-py3.10.egg-info/SOURCES.txt
[16.633s] -- Up-to-date symlink: /home/zhijie/autoware/install/pandar_msgs/local/lib/python3.10/dist-packages/pandar_msgs-0.0.0-py3.10.egg-info/dependency_links.txt
[16.634s] -- Up-to-date symlink: /home/zhijie/autoware/install/pandar_msgs/local/lib/python3.10/dist-packages/pandar_msgs-0.0.0-py3.10.egg-info/top_level.txt
[16.634s] -- Up-to-date symlink: /home/zhijie/autoware/install/pandar_msgs/local/lib/python3.10/dist-packages/pandar_msgs/__init__.py
[16.634s] -- Up-to-date symlink: /home/zhijie/autoware/install/pandar_msgs/local/lib/python3.10/dist-packages/pandar_msgs/_pandar_msgs_s.ep.rosidl_typesupport_c.c
[16.634s] -- Up-to-date symlink: /home/zhijie/autoware/install/pandar_msgs/local/lib/python3.10/dist-packages/pandar_msgs/_pandar_msgs_s.ep.rosidl_typesupport_fastrtps_c.c
[16.634s] -- Up-to-date symlink: /home/zhijie/autoware/install/pandar_msgs/local/lib/python3.10/dist-packages/pandar_msgs/_pandar_msgs_s.ep.rosidl_typesupport_introspection_c.c
[16.634s] -- Up-to-date symlink: /home/zhijie/autoware/install/pandar_msgs/local/lib/python3.10/dist-packages/pandar_msgs/libpandar_msgs__rosidl_generator_py.so
[16.634s] -- Up-to-date symlink: /home/zhijie/autoware/install/pandar_msgs/local/lib/python3.10/dist-packages/pandar_msgs/msg/__init__.py
[16.634s] -- Up-to-date symlink: /home/zhijie/autoware/install/pandar_msgs/local/lib/python3.10/dist-packages/pandar_msgs/msg/_pandar_jumbo_packet.py
[16.634s] -- Up-to-date symlink: /home/zhijie/autoware/install/pandar_msgs/local/lib/python3.10/dist-packages/pandar_msgs/msg/_pandar_jumbo_packet_s.c
[16.634s] -- Up-to-date symlink: /home/zhijie/autoware/install/pandar_msgs/local/lib/python3.10/dist-packages/pandar_msgs/msg/_pandar_packet.py
[16.635s] -- Up-to-date symlink: /home/zhijie/autoware/install/pandar_msgs/local/lib/python3.10/dist-packages/pandar_msgs/msg/_pandar_packet_s.c
[16.635s] -- Up-to-date symlink: /home/zhijie/autoware/install/pandar_msgs/local/lib/python3.10/dist-packages/pandar_msgs/msg/_pandar_scan.py
[16.635s] -- Up-to-date symlink: /home/zhijie/autoware/install/pandar_msgs/local/lib/python3.10/dist-packages/pandar_msgs/msg/_pandar_scan_s.c
[16.635s] -- Up-to-date symlink: /home/zhijie/autoware/install/pandar_msgs/local/lib/python3.10/dist-packages/pandar_msgs/pandar_msgs_s__rosidl_typesupport_c.cpython-310-x86_64-linux-gnu.so
[16.635s] -- Up-to-date symlink: /home/zhijie/autoware/install/pandar_msgs/local/lib/python3.10/dist-packages/pandar_msgs/pandar_msgs_s__rosidl_typesupport_fastrtps_c.cpython-310-x86_64-linux-gnu.so
[16.635s] -- Up-to-date symlink: /home/zhijie/autoware/install/pandar_msgs/local/lib/python3.10/dist-packages/pandar_msgs/pandar_msgs_s__rosidl_typesupport_introspection_c.cpython-310-x86_64-linux-gnu.so
[16.635s] -- Up-to-date symlink: /home/zhijie/autoware/install/pandar_msgs/local/lib/python3.10/dist-packages/pandar_msgs/pandar_msgs_s__rosidl_typesupport_fastrtps_c.cpython-310-x86_64-linux-gnu.so
[16.635s] -- Up-to-date symlink: /home/zhijie/autoware/install/pandar_msgs/local/lib/python3.10/dist-packages/pandar_msgs/pandar_msgs_s__rosidl_typesupport_introspection_c.cpython-310-x86_64-linux-gnu.so
[16.635s] -- Up-to-date symlink: /home/zhijie/autoware/install/pandar_msgs/local/lib/python3.10/dist-packages/pandar_msgs/pandar_msgs_s__rosidl_typesupport_c.cpython-310-x86_64-linux-gnu.so
[16.635s] -- Up-to-date symlink: /home/zhijie/autoware/install/pandar_msgs/share/pandar_msgs/msg/PandarPacket.idl
[16.636s] -- Up-to-date symlink: /home/zhijie/autoware/install/pandar_msgs/share/pandar_msgs/msg/PandarScan.idl
[16.636s] -- Up-to-date symlink: /home/zhijie/autoware/install/pandar_msgs/share/pandar_msgs/msg/PandarJumboPacket.idl
[16.636s] -- Up-to-date symlink: /home/zhijie/autoware/install/pandar_msgs/share/pandar_msgs/msg/PandarPacket.msg
[16.636s] -- Up-to-date symlink: /home/zhijie/autoware/install/pandar_msgs/share/pandar_msgs/msg/PandarScan.msg
[16.636s] -- Up-to-date symlink: /home/zhijie/autoware/install/pandar_msgs/share/pandar_msgs/msg/PandarJumboPacket.msg
[16.636s] -- Up-to-date symlink: /home/zhijie/autoware/install/pandar_msgs/share/ament_index/resource_index/package_run_dependencies/pandar_msgs
[16.636s] -- Up-to-date symlink: /home/zhijie/autoware/install/pandar_msgs/share/ament_index/resource_index/parent_prefix_path/pandar_msgs
[16.636s] -- Up-to-date symlink: /home/zhijie/autoware/install/pandar_msgs/share/pandar_msgs/environment/ament_prefix_path.sh
[16.636s] -- Up-to-date symlink: /home/zhijie/autoware/install/pandar_msgs/share/pandar_msgs/environment/ament_prefix_path.dsv
[16.636s] -- Up-to-date symlink: /home/zhijie/autoware/install/pandar_msgs/share/pandar_msgs/environment/path.sh
[16.637s] -- Up-to-date symlink: /home/zhijie/autoware/install/pandar_msgs/share/pandar_msgs/environment/path.dsv
[16.644s] -- Up-to-date symlink: /home/zhijie/autoware/install/pandar_msgs/share/pandar_msgs/local_setup.bash
[16.644s] -- Up-to-date symlink: /home/zhijie/autoware/install/pandar_msgs/share/pandar_msgs/local_setup.sh
[16.644s] -- Up-to-date symlink: /home/zhijie/autoware/install/pandar_msgs/share/pandar_msgs/local_setup.zsh
[16.644s] -- Up-to-date symlink: /home/zhijie/autoware/install/pandar_msgs/share/pandar_msgs/local_setup.dsv
[16.644s] -- Symlinking: /home/zhijie/autoware/install/pandar_msgs/share/pandar_msgs/package.dsv
[16.644s] -- Up-to-date symlink: /home/zhijie/autoware/install/pandar_msgs/share/ament_index/resource_index/packages/pandar_msgs
[16.645s] -- Up-to-date symlink: /home/zhijie/autoware/install/pandar_msgs/share/pandar_msgs/cmake/rosidl_cmake-extras.cmake
[16.645s] -- Up-to-date symlink: /home/zhijie/autoware/install/pandar_msgs/share/pandar_msgs/cmake/ament_cmake_export_dependencies-extras.cmake
[16.645s] -- Up-to-date symlink: /home/zhijie/autoware/install/pandar_msgs/share/pandar_msgs/cmake/ament_cmake_export_include_directories-extras.cmake
[16.645s] -- Up-to-date symlink: /home/zhijie/autoware/install/pandar_msgs/share/pandar_msgs/cmake/ament_cmake_export_libraries-extras.cmake
[16.645s] -- Up-to-date symlink: /home/zhijie/autoware/install/pandar_msgs/share/pandar_msgs/cmake/ament_cmake_export_targets-extras.cmake
[16.645s] -- Up-to-date symlink: /home/zhijie/autoware/install/pandar_msgs/share/pandar_msgs/cmake/rosidl_cmake_export_typesupport_targets-extras.cmake
[16.645s] -- Up-to-date symlink: /home/zhijie/autoware/install/pandar_msgs/share/pandar_msgs/cmake/rosidl_cmake_export_typesupport_libraries-extras.cmake
[16.645s] -- Up-to-date symlink: /home/zhijie/autoware/install/pandar_msgs/share/pandar_msgs/cmake/pandar_msgsConfig.cmake
[16.645s] -- Up-to-date symlink: /home/zhijie/autoware/install/pandar_msgs/share/pandar_msgs/cmake/pandar_msgsConfig-version.cmake
[16.645s] -- Up-to-date symlink: /home/zhijie/autoware/install/pandar_msgs/share/pandar_msgs/package.xml
[16.646s] -- Up-to-date: /home/zhijie/autoware/install/pandar_msgs/lib/libpandar_msgs__rosidl_generator_c.so
[16.646s] -- Installing: /home/zhijie/autoware/install/pandar_msgs/lib/libpandar_msgs__rosidl_typesupport_fastrtps_c.so
[16.646s] -- Set runtime path of "/home/zhijie/autoware/install/pandar_msgs/lib/libpandar_msgs__rosidl_typesupport_fastrtps_c.so" to ""
[16.646s] -- Installing: /home/zhijie/autoware/install/pandar_msgs/lib/libpandar_msgs__rosidl_typesupport_fastrtps_cpp.so
[16.646s] -- Set runtime path of "/home/zhijie/autoware/install/pandar_msgs/lib/libpandar_msgs__rosidl_typesupport_fastrtps_cpp.so" to ""
[16.646s] -- Up-to-date: /home/zhijie/autoware/install/pandar_msgs/lib/libpandar_msgs__rosidl_typesupport_introspection_c.so
[16.646s] -- Up-to-date: /home/zhijie/autoware/install/pandar_msgs/lib/libpandar_msgs__rosidl_typesupport_c.so
[16.646s] -- Installing: /home/zhijie/autoware/install/pandar_msgs/lib/libpandar_msgs__rosidl_typesupport_introspection_cpp.so
[16.655s] -- Set runtime path of "/home/zhijie/autoware/install/pandar_msgs/lib/libpandar_msgs__rosidl_typesupport_introspection_cpp.so" to ""
[16.655s] -- Installing: /home/zhijie/autoware/install/pandar_msgs/lib/libpandar_msgs__rosidl_typesupport_cpp.so
[16.655s] -- Set runtime path of "/home/zhijie/autoware/install/pandar_msgs/lib/libpandar_msgs__rosidl_typesupport_cpp.so" to ""
[16.655s] Listing '/home/zhijie/autoware/install/pandar_msgs/local/lib/python3.10/dist-packages/pandar_msgs'...
[16.655s] Compiling '/home/zhijie/autoware/install/pandar_msgs/local/lib/python3.10/dist-packages/pandar_msgs/__init__.py'...
[16.656s] Listing '/home/zhijie/autoware/install/pandar_msgs/local/lib/python3.10/dist-packages/pandar_msgs/msg'...
[16.656s] -- Installing: /home/zhijie/autoware/install/pandar_msgs/lib/libpandar_msgs__rosidl_generator_py.so
[16.656s] -- Set runtime path of "/home/zhijie/autoware/install/pandar_msgs/lib/libpandar_msgs__rosidl_generator_py.so" to ""
[16.656s] -- Up-to-date: /home/zhijie/autoware/install/pandar_msgs/share/pandar_msgs/cmake/export_pandar_msgs__rosidl_generator_cExport.cmake
[16.656s] -- Up-to-date: /home/zhijie/autoware/install/pandar_msgs/share/pandar_msgs/cmake/export_pandar_msgs__rosidl_generator_cExport-release.cmake
[16.656s] -- Up-to-date: /home/zhijie/autoware/install/pandar_msgs/share/pandar_msgs/cmake/export_pandar_msgs__rosidl_typesupport_fastrtps_cExport.cmake
[16.656s] -- Up-to-date: /home/zhijie/autoware/install/pandar_msgs/share/pandar_msgs/cmake/export_pandar_msgs__rosidl_typesupport_fastrtps_cExport-release.cmake
[16.656s] -- Up-to-date: /home/zhijie/autoware/install/pandar_msgs/share/pandar_msgs/cmake/export_pandar_msgs__rosidl_generator_cppExport.cmake
[16.656s] -- Up-to-date: /home/zhijie/autoware/install/pandar_msgs/share/pandar_msgs/cmake/export_pandar_msgs__rosidl_typesupport_fastrtps_cppExport.cmake
[16.656s] -- Up-to-date: /home/zhijie/autoware/install/pandar_msgs/share/pandar_msgs/cmake/export_pandar_msgs__rosidl_typesupport_fastrtps_cppExport-release.cmake
[16.657s] -- Up-to-date: /home/zhijie/autoware/install/pandar_msgs/share/pandar_msgs/cmake/pandar_msgs__rosidl_typesupport_introspection_cExport.cmake
[16.657s] -- Up-to-date: /home/zhijie/autoware/install/pandar_msgs/share/pandar_msgs/cmake/pandar_msgs__rosidl_typesupport_introspection_cExport-release.cmake
[16.657s] -- Up-to-date: /home/zhijie/autoware/install/pandar_msgs/share/pandar_msgs/cmake/pandar_msgs__rosidl_typesupport_cExport.cmake
[16.657s] -- Up-to-date: /home/zhijie/autoware/install/pandar_msgs/share/pandar_msgs/cmake/pandar_msgs__rosidl_typesupport_cExport-release.cmake
[16.657s] -- Up-to-date: /home/zhijie/autoware/install/pandar_msgs/share/pandar_msgs/cmake/pandar_msgs__rosidl_typesupport_introspection_cppExport.cmake
[16.657s] -- Up-to-date: /home/zhijie/autoware/install/pandar_msgs/share/pandar_msgs/cmake/pandar_msgs__rosidl_typesupport_introspection_cppExport-release.cmake
[16.657s] -- Up-to-date: /home/zhijie/autoware/install/pandar_msgs/share/pandar_msgs/cmake/pandar_msgs__rosidl_typesupport_cppExport.cmake
[16.658s] -- Up-to-date: /home/zhijie/autoware/install/pandar_msgs/share/pandar_msgs/cmake/pandar_msgs__rosidl_typesupport_cppExport-release.cmake
[16.658s] -- Up-to-date: /home/zhijie/autoware/install/pandar_msgs/share/pandar_msgs/cmake/export_pandar_msgs__rosidl_generator_pyExport.cmake
[16.658s] -- Up-to-date: /home/zhijie/autoware/install/pandar_msgs/share/pandar_msgs/cmake/export_pandar_msgs__rosidl_generator_pyExport-release.cmake
[16.668s] Invoked command in '/home/zhijie/autoware/build/pandar_msgs' returned '0': CMAKE_PREFIX_PATH=/opt/ros/humble /usr/bin/cmake --install /home/zhijie/autoware/build/pandar_msgs
