[0.051s] Invoking command in '/home/zhijie/autoware/build/velodyne_msgs': CMAKE_PREFIX_PATH=/opt/ros/humble /usr/bin/cmake /home/zhijie/autoware/src/sensor_component/external/nebula/nebula_messages/velodyne_msgs -DCMAKE_BUILD_TYPE=Release -DAMENT_CMAKE_SYMLINK_INSTALL=1 -DCMAKE_INSTALL_PREFIX=/home/zhijie/autoware/install/velodyne_msgs
[3.772s] -- Found ament_cmake_auto: 1.3.5 (/opt/ros/humble/share/ament_cmake_auto/cmake)
[3.772s] -- Override CMake install command with custom implementation using symlinks instead of copying resources
[3.772s] -- Found rosidl_generator_c: 3.1.5 (/opt/ros/humble/share/rosidl_generator_c/cmake)
[3.773s] -- Found rosidl_adapter: 3.1.5 (/opt/ros/humble/share/rosidl_adapter/cmake)
[3.773s] -- Found rosidl_generator_cpp: 3.1.5 (/opt/ros/humble/share/rosidl_generator_cpp/cmake)
[3.773s] -- Using all available rosidl_typesupport_c: rosidl_typesupport_fastrtps_c;rosidl_typesupport_introspection_c
[3.773s] -- Using all available rosidl_typesupport_cpp: rosidl_typesupport_fastrtps_cpp;rosidl_typesupport_introspection_cpp
[3.773s] -- Found ament_cmake_ros: 0.10.0 (/opt/ros/humble/share/ament_cmake_ros/cmake)
[3.773s] -- Using all available rosidl_typesupport_c: rosidl_typesupport_fastrtps_c;rosidl_typesupport_introspection_c
[3.773s] -- Using all available rosidl_typesupport_cpp: rosidl_typesupport_fastrtps_cpp;rosidl_typesupport_introspection_cpp
[3.773s] -- Found python_cmake_module: 0.10.0 (/opt/ros/humble/share/python_cmake_module/cmake)
[3.773s] -- Using PYTHON_EXECUTABLE: /usr/bin/python3
[3.774s] -- Using PYTHON_INCLUDE_DIRS: /usr/include/python3.10
[3.774s] -- Using PYTHON_LIBRARIES: /usr/lib/x86_64-linux-gnu/libpython3.10.so
[3.774s] -- Configuring done
[3.774s] -- Generating done
[3.774s] -- Build files have been written to: /home/zhijie/autoware/build/velodyne_msgs
[3.796s] Invoked command in '/home/zhijie/autoware/build/velodyne_msgs' returned '0': CMAKE_PREFIX_PATH=/opt/ros/humble /usr/bin/cmake /home/zhijie/autoware/src/sensor_component/external/nebula/nebula_messages/velodyne_msgs -DCMAKE_BUILD_TYPE=Release -DAMENT_CMAKE_SYMLINK_INSTALL=1 -DCMAKE_INSTALL_PREFIX=/home/zhijie/autoware/install/velodyne_msgs
[3.798s] Invoking command in '/home/zhijie/autoware/build/velodyne_msgs': CMAKE_PREFIX_PATH=/opt/ros/humble /usr/bin/cmake --build /home/zhijie/autoware/build/velodyne_msgs -- -j16 -l16
[4.207s] [35m[1mConsolidate compiler generated dependencies of target velodyne_msgs__rosidl_generator_c[0m
[4.207s] [ 10%] Built target velodyne_msgs__rosidl_generator_c
[4.207s] [ 10%] Built target ament_cmake_python_symlink_velodyne_msgs
[4.207s] [35m[1mConsolidate compiler generated dependencies of target velodyne_msgs__rosidl_typesupport_c[0m
[4.207s] [ 20%] Built target velodyne_msgs__rosidl_typesupport_c
[4.476s] running egg_info
[4.477s] writing velodyne_msgs.egg-info/PKG-INFO
[4.477s] writing dependency_links to velodyne_msgs.egg-info/dependency_links.txt
[4.478s] writing top-level names to velodyne_msgs.egg-info/top_level.txt
[4.482s] reading manifest file 'velodyne_msgs.egg-info/SOURCES.txt'
[4.483s] writing manifest file 'velodyne_msgs.egg-info/SOURCES.txt'
[4.521s] [ 20%] Built target ament_cmake_python_build_velodyne_msgs_egg
[4.535s] [35m[1mConsolidate compiler generated dependencies of target velodyne_msgs__rosidl_typesupport_introspection_c[0m
[4.552s] [ 30%] Built target velodyne_msgs__rosidl_typesupport_introspection_c
[4.564s] [35m[1mConsolidate compiler generated dependencies of target velodyne_msgs__rosidl_typesupport_fastrtps_c[0m
[4.576s] [ 33%] [32mBuilding CXX object CMakeFiles/velodyne_msgs__rosidl_typesupport_fastrtps_c.dir/rosidl_typesupport_fastrtps_c/velodyne_msgs/msg/detail/velodyne_packet__type_support_c.cpp.o[0m
[5.100s] [ 35%] [32mBuilding CXX object CMakeFiles/velodyne_msgs__rosidl_typesupport_fastrtps_c.dir/rosidl_typesupport_fastrtps_c/velodyne_msgs/msg/detail/velodyne_scan__type_support_c.cpp.o[0m
[5.633s] [ 38%] [32m[1mLinking CXX shared library libvelodyne_msgs__rosidl_typesupport_fastrtps_c.so[0m
[5.749s] [ 41%] Built target velodyne_msgs__rosidl_typesupport_fastrtps_c
[5.775s] [ 43%] Built target velodyne_msgs__cpp
[5.790s] [35m[1mConsolidate compiler generated dependencies of target velodyne_msgs__rosidl_typesupport_fastrtps_cpp[0m
[5.809s] [ 46%] [32mBuilding CXX object CMakeFiles/velodyne_msgs__rosidl_typesupport_fastrtps_cpp.dir/rosidl_typesupport_fastrtps_cpp/velodyne_msgs/msg/detail/dds_fastrtps/velodyne_packet__type_support.cpp.o[0m
[6.332s] [ 48%] [32mBuilding CXX object CMakeFiles/velodyne_msgs__rosidl_typesupport_fastrtps_cpp.dir/rosidl_typesupport_fastrtps_cpp/velodyne_msgs/msg/detail/dds_fastrtps/velodyne_scan__type_support.cpp.o[0m
[6.930s] [ 51%] [32m[1mLinking CXX shared library libvelodyne_msgs__rosidl_typesupport_fastrtps_cpp.so[0m
[7.035s] [ 53%] Built target velodyne_msgs__rosidl_typesupport_fastrtps_cpp
[7.044s] [35m[1mConsolidate compiler generated dependencies of target velodyne_msgs__rosidl_typesupport_cpp[0m
[7.056s] [ 56%] [32mBuilding CXX object CMakeFiles/velodyne_msgs__rosidl_typesupport_cpp.dir/rosidl_typesupport_cpp/velodyne_msgs/msg/velodyne_packet__type_support.cpp.o[0m
[7.365s] [ 58%] [32mBuilding CXX object CMakeFiles/velodyne_msgs__rosidl_typesupport_cpp.dir/rosidl_typesupport_cpp/velodyne_msgs/msg/velodyne_scan__type_support.cpp.o[0m
[7.689s] [ 61%] [32m[1mLinking CXX shared library libvelodyne_msgs__rosidl_typesupport_cpp.so[0m
[7.728s] [ 64%] Built target velodyne_msgs__rosidl_typesupport_cpp
[7.739s] [35m[1mConsolidate compiler generated dependencies of target velodyne_msgs__rosidl_typesupport_introspection_cpp[0m
[7.750s] [ 66%] [32mBuilding CXX object CMakeFiles/velodyne_msgs__rosidl_typesupport_introspection_cpp.dir/rosidl_typesupport_introspection_cpp/velodyne_msgs/msg/detail/velodyne_packet__type_support.cpp.o[0m
[8.196s] [ 69%] [32mBuilding CXX object CMakeFiles/velodyne_msgs__rosidl_typesupport_introspection_cpp.dir/rosidl_typesupport_introspection_cpp/velodyne_msgs/msg/detail/velodyne_scan__type_support.cpp.o[0m
[8.852s] [ 71%] [32m[1mLinking CXX shared library libvelodyne_msgs__rosidl_typesupport_introspection_cpp.so[0m
[8.925s] [ 74%] Built target velodyne_msgs__rosidl_typesupport_introspection_cpp
[8.947s] [ 74%] Built target velodyne_msgs
[8.964s] [ 76%] Built target velodyne_msgs__py
[8.974s] [35m[1mConsolidate compiler generated dependencies of target velodyne_msgs__rosidl_generator_py[0m
[8.986s] [ 79%] [32mBuilding C object CMakeFiles/velodyne_msgs__rosidl_generator_py.dir/rosidl_generator_py/velodyne_msgs/msg/_velodyne_packet_s.c.o[0m
[9.119s] [ 82%] [32mBuilding C object CMakeFiles/velodyne_msgs__rosidl_generator_py.dir/rosidl_generator_py/velodyne_msgs/msg/_velodyne_scan_s.c.o[0m
[9.297s] [ 84%] [32m[1mLinking C shared library rosidl_generator_py/velodyne_msgs/libvelodyne_msgs__rosidl_generator_py.so[0m
[9.350s] [ 84%] Built target velodyne_msgs__rosidl_generator_py
[9.363s] [35m[1mConsolidate compiler generated dependencies of target velodyne_msgs__rosidl_typesupport_fastrtps_c__pyext[0m
[9.381s] [ 87%] [32mBuilding C object CMakeFiles/velodyne_msgs__rosidl_typesupport_fastrtps_c__pyext.dir/rosidl_generator_py/velodyne_msgs/_velodyne_msgs_s.ep.rosidl_typesupport_fastrtps_c.c.o[0m
[9.518s] [ 89%] [32m[1mLinking C shared library rosidl_generator_py/velodyne_msgs/velodyne_msgs_s__rosidl_typesupport_fastrtps_c.cpython-310-x86_64-linux-gnu.so[0m
[9.551s] [ 89%] Built target velodyne_msgs__rosidl_typesupport_fastrtps_c__pyext
[9.560s] [35m[1mConsolidate compiler generated dependencies of target velodyne_msgs__rosidl_typesupport_c__pyext[0m
[9.577s] [ 92%] [32mBuilding C object CMakeFiles/velodyne_msgs__rosidl_typesupport_c__pyext.dir/rosidl_generator_py/velodyne_msgs/_velodyne_msgs_s.ep.rosidl_typesupport_c.c.o[0m
[9.764s] [ 94%] [32m[1mLinking C shared library rosidl_generator_py/velodyne_msgs/velodyne_msgs_s__rosidl_typesupport_c.cpython-310-x86_64-linux-gnu.so[0m
[9.814s] [ 94%] Built target velodyne_msgs__rosidl_typesupport_c__pyext
[9.828s] [35m[1mConsolidate compiler generated dependencies of target velodyne_msgs__rosidl_typesupport_introspection_c__pyext[0m
[9.846s] [ 97%] [32mBuilding C object CMakeFiles/velodyne_msgs__rosidl_typesupport_introspection_c__pyext.dir/rosidl_generator_py/velodyne_msgs/_velodyne_msgs_s.ep.rosidl_typesupport_introspection_c.c.o[0m
[10.040s] [100%] [32m[1mLinking C shared library rosidl_generator_py/velodyne_msgs/velodyne_msgs_s__rosidl_typesupport_introspection_c.cpython-310-x86_64-linux-gnu.so[0m
[10.095s] [100%] Built target velodyne_msgs__rosidl_typesupport_introspection_c__pyext
[10.127s] Invoked command in '/home/zhijie/autoware/build/velodyne_msgs' returned '0': CMAKE_PREFIX_PATH=/opt/ros/humble /usr/bin/cmake --build /home/zhijie/autoware/build/velodyne_msgs -- -j16 -l16
[10.202s] Invoking command in '/home/zhijie/autoware/build/velodyne_msgs': CMAKE_PREFIX_PATH=/opt/ros/humble /usr/bin/cmake --install /home/zhijie/autoware/build/velodyne_msgs
[21.032s] -- Install configuration: "Release"
[21.033s] -- Execute custom install script
[21.033s] -- Up-to-date symlink: /home/zhijie/autoware/install/velodyne_msgs/share/ament_index/resource_index/rosidl_interfaces/velodyne_msgs
[21.033s] -- Up-to-date symlink: /home/zhijie/autoware/install/velodyne_msgs/include/velodyne_msgs/velodyne_msgs/msg/detail/velodyne_packet__functions.h
[21.044s] -- Up-to-date symlink: /home/zhijie/autoware/install/velodyne_msgs/include/velodyne_msgs/velodyne_msgs/msg/detail/velodyne_packet__struct.h
[21.045s] -- Up-to-date symlink: /home/zhijie/autoware/install/velodyne_msgs/include/velodyne_msgs/velodyne_msgs/msg/detail/velodyne_packet__type_support.h
[21.045s] -- Up-to-date symlink: /home/zhijie/autoware/install/velodyne_msgs/include/velodyne_msgs/velodyne_msgs/msg/detail/velodyne_scan__functions.h
[21.045s] -- Up-to-date symlink: /home/zhijie/autoware/install/velodyne_msgs/include/velodyne_msgs/velodyne_msgs/msg/detail/velodyne_scan__struct.h
[21.045s] -- Up-to-date symlink: /home/zhijie/autoware/install/velodyne_msgs/include/velodyne_msgs/velodyne_msgs/msg/detail/velodyne_scan__type_support.h
[21.045s] -- Up-to-date symlink: /home/zhijie/autoware/install/velodyne_msgs/include/velodyne_msgs/velodyne_msgs/msg/rosidl_generator_c__visibility_control.h
[21.045s] -- Up-to-date symlink: /home/zhijie/autoware/install/velodyne_msgs/include/velodyne_msgs/velodyne_msgs/msg/velodyne_packet.h
[21.045s] -- Up-to-date symlink: /home/zhijie/autoware/install/velodyne_msgs/include/velodyne_msgs/velodyne_msgs/msg/velodyne_scan.h
[21.045s] -- Up-to-date symlink: /home/zhijie/autoware/install/velodyne_msgs/share/velodyne_msgs/environment/library_path.sh
[21.045s] -- Up-to-date symlink: /home/zhijie/autoware/install/velodyne_msgs/share/velodyne_msgs/environment/library_path.dsv
[21.046s] -- Up-to-date symlink: /home/zhijie/autoware/install/velodyne_msgs/include/velodyne_msgs/velodyne_msgs/msg/detail/velodyne_packet__rosidl_typesupport_fastrtps_c.h
[21.046s] -- Up-to-date symlink: /home/zhijie/autoware/install/velodyne_msgs/include/velodyne_msgs/velodyne_msgs/msg/detail/velodyne_scan__rosidl_typesupport_fastrtps_c.h
[21.046s] -- Up-to-date symlink: /home/zhijie/autoware/install/velodyne_msgs/include/velodyne_msgs/velodyne_msgs/msg/rosidl_typesupport_fastrtps_c__visibility_control.h
[21.046s] -- Up-to-date symlink: /home/zhijie/autoware/install/velodyne_msgs/include/velodyne_msgs/velodyne_msgs/msg/detail/velodyne_packet__builder.hpp
[21.046s] -- Up-to-date symlink: /home/zhijie/autoware/install/velodyne_msgs/include/velodyne_msgs/velodyne_msgs/msg/detail/velodyne_packet__struct.hpp
[21.046s] -- Up-to-date symlink: /home/zhijie/autoware/install/velodyne_msgs/include/velodyne_msgs/velodyne_msgs/msg/detail/velodyne_packet__traits.hpp
[21.046s] -- Up-to-date symlink: /home/zhijie/autoware/install/velodyne_msgs/include/velodyne_msgs/velodyne_msgs/msg/detail/velodyne_scan__builder.hpp
[21.046s] -- Up-to-date symlink: /home/zhijie/autoware/install/velodyne_msgs/include/velodyne_msgs/velodyne_msgs/msg/detail/velodyne_scan__struct.hpp
[21.046s] -- Up-to-date symlink: /home/zhijie/autoware/install/velodyne_msgs/include/velodyne_msgs/velodyne_msgs/msg/detail/velodyne_scan__traits.hpp
[21.047s] -- Up-to-date symlink: /home/zhijie/autoware/install/velodyne_msgs/include/velodyne_msgs/velodyne_msgs/msg/velodyne_packet.hpp
[21.047s] -- Up-to-date symlink: /home/zhijie/autoware/install/velodyne_msgs/include/velodyne_msgs/velodyne_msgs/msg/velodyne_scan.hpp
[21.047s] -- Up-to-date symlink: /home/zhijie/autoware/install/velodyne_msgs/include/velodyne_msgs/velodyne_msgs/msg/detail/velodyne_packet__rosidl_typesupport_fastrtps_cpp.hpp
[21.047s] -- Up-to-date symlink: /home/zhijie/autoware/install/velodyne_msgs/include/velodyne_msgs/velodyne_msgs/msg/detail/velodyne_scan__rosidl_typesupport_fastrtps_cpp.hpp
[21.047s] -- Up-to-date symlink: /home/zhijie/autoware/install/velodyne_msgs/include/velodyne_msgs/velodyne_msgs/msg/rosidl_typesupport_fastrtps_cpp__visibility_control.h
[21.047s] -- Up-to-date symlink: /home/zhijie/autoware/install/velodyne_msgs/include/velodyne_msgs/velodyne_msgs/msg/detail/velodyne_packet__rosidl_typesupport_introspection_c.h
[21.048s] -- Up-to-date symlink: /home/zhijie/autoware/install/velodyne_msgs/include/velodyne_msgs/velodyne_msgs/msg/detail/velodyne_scan__rosidl_typesupport_introspection_c.h
[21.048s] -- Up-to-date symlink: /home/zhijie/autoware/install/velodyne_msgs/include/velodyne_msgs/velodyne_msgs/msg/rosidl_typesupport_introspection_c__visibility_control.h
[21.048s] -- Up-to-date symlink: /home/zhijie/autoware/install/velodyne_msgs/include/velodyne_msgs/velodyne_msgs/msg/detail/velodyne_packet__rosidl_typesupport_introspection_cpp.hpp
[21.048s] -- Up-to-date symlink: /home/zhijie/autoware/install/velodyne_msgs/include/velodyne_msgs/velodyne_msgs/msg/detail/velodyne_scan__rosidl_typesupport_introspection_cpp.hpp
[21.048s] -- Up-to-date symlink: /home/zhijie/autoware/install/velodyne_msgs/share/velodyne_msgs/environment/pythonpath.sh
[21.049s] -- Up-to-date symlink: /home/zhijie/autoware/install/velodyne_msgs/share/velodyne_msgs/environment/pythonpath.dsv
[21.049s] -- Up-to-date symlink: /home/zhijie/autoware/install/velodyne_msgs/local/lib/python3.10/dist-packages/velodyne_msgs-1.3.12-py3.10.egg-info/PKG-INFO
[21.049s] -- Up-to-date symlink: /home/zhijie/autoware/install/velodyne_msgs/local/lib/python3.10/dist-packages/velodyne_msgs-1.3.12-py3.10.egg-info/SOURCES.txt
[21.049s] -- Up-to-date symlink: /home/zhijie/autoware/install/velodyne_msgs/local/lib/python3.10/dist-packages/velodyne_msgs-1.3.12-py3.10.egg-info/dependency_links.txt
[21.049s] -- Up-to-date symlink: /home/zhijie/autoware/install/velodyne_msgs/local/lib/python3.10/dist-packages/velodyne_msgs-1.3.12-py3.10.egg-info/top_level.txt
[21.049s] -- Up-to-date symlink: /home/zhijie/autoware/install/velodyne_msgs/local/lib/python3.10/dist-packages/velodyne_msgs/__init__.py
[21.049s] -- Up-to-date symlink: /home/zhijie/autoware/install/velodyne_msgs/local/lib/python3.10/dist-packages/velodyne_msgs/_velodyne_msgs_s.ep.rosidl_typesupport_c.c
[21.049s] -- Up-to-date symlink: /home/zhijie/autoware/install/velodyne_msgs/local/lib/python3.10/dist-packages/velodyne_msgs/_velodyne_msgs_s.ep.rosidl_typesupport_fastrtps_c.c
[21.050s] -- Up-to-date symlink: /home/zhijie/autoware/install/velodyne_msgs/local/lib/python3.10/dist-packages/velodyne_msgs/_velodyne_msgs_s.ep.rosidl_typesupport_introspection_c.c
[21.050s] -- Up-to-date symlink: /home/zhijie/autoware/install/velodyne_msgs/local/lib/python3.10/dist-packages/velodyne_msgs/libvelodyne_msgs__rosidl_generator_py.so
[21.050s] -- Up-to-date symlink: /home/zhijie/autoware/install/velodyne_msgs/local/lib/python3.10/dist-packages/velodyne_msgs/msg/__init__.py
[21.050s] -- Up-to-date symlink: /home/zhijie/autoware/install/velodyne_msgs/local/lib/python3.10/dist-packages/velodyne_msgs/msg/_velodyne_packet.py
[21.050s] -- Up-to-date symlink: /home/zhijie/autoware/install/velodyne_msgs/local/lib/python3.10/dist-packages/velodyne_msgs/msg/_velodyne_packet_s.c
[21.050s] -- Up-to-date symlink: /home/zhijie/autoware/install/velodyne_msgs/local/lib/python3.10/dist-packages/velodyne_msgs/msg/_velodyne_scan.py
[21.050s] -- Up-to-date symlink: /home/zhijie/autoware/install/velodyne_msgs/local/lib/python3.10/dist-packages/velodyne_msgs/msg/_velodyne_scan_s.c
[21.050s] -- Up-to-date symlink: /home/zhijie/autoware/install/velodyne_msgs/local/lib/python3.10/dist-packages/velodyne_msgs/velodyne_msgs_s__rosidl_typesupport_c.cpython-310-x86_64-linux-gnu.so
[21.050s] -- Up-to-date symlink: /home/zhijie/autoware/install/velodyne_msgs/local/lib/python3.10/dist-packages/velodyne_msgs/velodyne_msgs_s__rosidl_typesupport_fastrtps_c.cpython-310-x86_64-linux-gnu.so
[21.050s] -- Up-to-date symlink: /home/zhijie/autoware/install/velodyne_msgs/local/lib/python3.10/dist-packages/velodyne_msgs/velodyne_msgs_s__rosidl_typesupport_introspection_c.cpython-310-x86_64-linux-gnu.so
[21.051s] -- Up-to-date symlink: /home/zhijie/autoware/install/velodyne_msgs/local/lib/python3.10/dist-packages/velodyne_msgs/velodyne_msgs_s__rosidl_typesupport_fastrtps_c.cpython-310-x86_64-linux-gnu.so
[21.051s] -- Up-to-date symlink: /home/zhijie/autoware/install/velodyne_msgs/local/lib/python3.10/dist-packages/velodyne_msgs/velodyne_msgs_s__rosidl_typesupport_introspection_c.cpython-310-x86_64-linux-gnu.so
[21.051s] -- Up-to-date symlink: /home/zhijie/autoware/install/velodyne_msgs/local/lib/python3.10/dist-packages/velodyne_msgs/velodyne_msgs_s__rosidl_typesupport_c.cpython-310-x86_64-linux-gnu.so
[21.051s] -- Up-to-date symlink: /home/zhijie/autoware/install/velodyne_msgs/share/velodyne_msgs/msg/VelodynePacket.idl
[21.051s] -- Up-to-date symlink: /home/zhijie/autoware/install/velodyne_msgs/share/velodyne_msgs/msg/VelodyneScan.idl
[21.051s] -- Up-to-date symlink: /home/zhijie/autoware/install/velodyne_msgs/share/velodyne_msgs/msg/VelodynePacket.msg
[21.051s] -- Up-to-date symlink: /home/zhijie/autoware/install/velodyne_msgs/share/velodyne_msgs/msg/VelodyneScan.msg
[21.051s] -- Up-to-date symlink: /home/zhijie/autoware/install/velodyne_msgs/share/ament_index/resource_index/package_run_dependencies/velodyne_msgs
[21.051s] -- Up-to-date symlink: /home/zhijie/autoware/install/velodyne_msgs/share/ament_index/resource_index/parent_prefix_path/velodyne_msgs
[21.052s] -- Up-to-date symlink: /home/zhijie/autoware/install/velodyne_msgs/share/velodyne_msgs/environment/ament_prefix_path.sh
[21.052s] -- Up-to-date symlink: /home/zhijie/autoware/install/velodyne_msgs/share/velodyne_msgs/environment/ament_prefix_path.dsv
[21.052s] -- Up-to-date symlink: /home/zhijie/autoware/install/velodyne_msgs/share/velodyne_msgs/environment/path.sh
[21.052s] -- Up-to-date symlink: /home/zhijie/autoware/install/velodyne_msgs/share/velodyne_msgs/environment/path.dsv
[21.052s] -- Up-to-date symlink: /home/zhijie/autoware/install/velodyne_msgs/share/velodyne_msgs/local_setup.bash
[21.052s] -- Up-to-date symlink: /home/zhijie/autoware/install/velodyne_msgs/share/velodyne_msgs/local_setup.sh
[21.052s] -- Up-to-date symlink: /home/zhijie/autoware/install/velodyne_msgs/share/velodyne_msgs/local_setup.zsh
[21.052s] -- Up-to-date symlink: /home/zhijie/autoware/install/velodyne_msgs/share/velodyne_msgs/local_setup.dsv
[21.052s] -- Symlinking: /home/zhijie/autoware/install/velodyne_msgs/share/velodyne_msgs/package.dsv
[21.053s] -- Up-to-date symlink: /home/zhijie/autoware/install/velodyne_msgs/share/ament_index/resource_index/packages/velodyne_msgs
[21.053s] -- Up-to-date symlink: /home/zhijie/autoware/install/velodyne_msgs/share/velodyne_msgs/cmake/rosidl_cmake-extras.cmake
[21.053s] -- Up-to-date symlink: /home/zhijie/autoware/install/velodyne_msgs/share/velodyne_msgs/cmake/ament_cmake_export_dependencies-extras.cmake
[21.053s] -- Up-to-date symlink: /home/zhijie/autoware/install/velodyne_msgs/share/velodyne_msgs/cmake/ament_cmake_export_include_directories-extras.cmake
[21.053s] -- Up-to-date symlink: /home/zhijie/autoware/install/velodyne_msgs/share/velodyne_msgs/cmake/ament_cmake_export_libraries-extras.cmake
[21.053s] -- Up-to-date symlink: /home/zhijie/autoware/install/velodyne_msgs/share/velodyne_msgs/cmake/ament_cmake_export_targets-extras.cmake
[21.053s] -- Up-to-date symlink: /home/zhijie/autoware/install/velodyne_msgs/share/velodyne_msgs/cmake/rosidl_cmake_export_typesupport_targets-extras.cmake
[21.053s] -- Up-to-date symlink: /home/zhijie/autoware/install/velodyne_msgs/share/velodyne_msgs/cmake/rosidl_cmake_export_typesupport_libraries-extras.cmake
[21.053s] -- Up-to-date symlink: /home/zhijie/autoware/install/velodyne_msgs/share/velodyne_msgs/cmake/velodyne_msgsConfig.cmake
[21.054s] -- Up-to-date symlink: /home/zhijie/autoware/install/velodyne_msgs/share/velodyne_msgs/cmake/velodyne_msgsConfig-version.cmake
[21.054s] -- Up-to-date symlink: /home/zhijie/autoware/install/velodyne_msgs/share/velodyne_msgs/package.xml
[21.054s] -- Up-to-date: /home/zhijie/autoware/install/velodyne_msgs/lib/libvelodyne_msgs__rosidl_generator_c.so
[21.054s] -- Installing: /home/zhijie/autoware/install/velodyne_msgs/lib/libvelodyne_msgs__rosidl_typesupport_fastrtps_c.so
[21.054s] -- Set runtime path of "/home/zhijie/autoware/install/velodyne_msgs/lib/libvelodyne_msgs__rosidl_typesupport_fastrtps_c.so" to ""
[21.054s] -- Installing: /home/zhijie/autoware/install/velodyne_msgs/lib/libvelodyne_msgs__rosidl_typesupport_fastrtps_cpp.so
[21.054s] -- Set runtime path of "/home/zhijie/autoware/install/velodyne_msgs/lib/libvelodyne_msgs__rosidl_typesupport_fastrtps_cpp.so" to ""
[21.054s] -- Up-to-date: /home/zhijie/autoware/install/velodyne_msgs/lib/libvelodyne_msgs__rosidl_typesupport_introspection_c.so
[21.054s] -- Up-to-date: /home/zhijie/autoware/install/velodyne_msgs/lib/libvelodyne_msgs__rosidl_typesupport_c.so
[21.055s] -- Installing: /home/zhijie/autoware/install/velodyne_msgs/lib/libvelodyne_msgs__rosidl_typesupport_introspection_cpp.so
[21.055s] -- Set runtime path of "/home/zhijie/autoware/install/velodyne_msgs/lib/libvelodyne_msgs__rosidl_typesupport_introspection_cpp.so" to ""
[21.055s] -- Installing: /home/zhijie/autoware/install/velodyne_msgs/lib/libvelodyne_msgs__rosidl_typesupport_cpp.so
[21.055s] -- Set runtime path of "/home/zhijie/autoware/install/velodyne_msgs/lib/libvelodyne_msgs__rosidl_typesupport_cpp.so" to ""
[21.055s] Listing '/home/zhijie/autoware/install/velodyne_msgs/local/lib/python3.10/dist-packages/velodyne_msgs'...
[21.055s] Compiling '/home/zhijie/autoware/install/velodyne_msgs/local/lib/python3.10/dist-packages/velodyne_msgs/__init__.py'...
[21.056s] Listing '/home/zhijie/autoware/install/velodyne_msgs/local/lib/python3.10/dist-packages/velodyne_msgs/msg'...
[21.056s] -- Installing: /home/zhijie/autoware/install/velodyne_msgs/lib/libvelodyne_msgs__rosidl_generator_py.so
[21.056s] -- Set runtime path of "/home/zhijie/autoware/install/velodyne_msgs/lib/libvelodyne_msgs__rosidl_generator_py.so" to ""
[21.056s] -- Up-to-date: /home/zhijie/autoware/install/velodyne_msgs/share/velodyne_msgs/cmake/export_velodyne_msgs__rosidl_generator_cExport.cmake
[21.056s] -- Up-to-date: /home/zhijie/autoware/install/velodyne_msgs/share/velodyne_msgs/cmake/export_velodyne_msgs__rosidl_generator_cExport-release.cmake
[21.056s] -- Up-to-date: /home/zhijie/autoware/install/velodyne_msgs/share/velodyne_msgs/cmake/export_velodyne_msgs__rosidl_typesupport_fastrtps_cExport.cmake
[21.056s] -- Up-to-date: /home/zhijie/autoware/install/velodyne_msgs/share/velodyne_msgs/cmake/export_velodyne_msgs__rosidl_typesupport_fastrtps_cExport-release.cmake
[21.056s] -- Up-to-date: /home/zhijie/autoware/install/velodyne_msgs/share/velodyne_msgs/cmake/export_velodyne_msgs__rosidl_generator_cppExport.cmake
[21.057s] -- Up-to-date: /home/zhijie/autoware/install/velodyne_msgs/share/velodyne_msgs/cmake/export_velodyne_msgs__rosidl_typesupport_fastrtps_cppExport.cmake
[21.057s] -- Up-to-date: /home/zhijie/autoware/install/velodyne_msgs/share/velodyne_msgs/cmake/export_velodyne_msgs__rosidl_typesupport_fastrtps_cppExport-release.cmake
[21.057s] -- Up-to-date: /home/zhijie/autoware/install/velodyne_msgs/share/velodyne_msgs/cmake/velodyne_msgs__rosidl_typesupport_introspection_cExport.cmake
[21.057s] -- Up-to-date: /home/zhijie/autoware/install/velodyne_msgs/share/velodyne_msgs/cmake/velodyne_msgs__rosidl_typesupport_introspection_cExport-release.cmake
[21.057s] -- Up-to-date: /home/zhijie/autoware/install/velodyne_msgs/share/velodyne_msgs/cmake/velodyne_msgs__rosidl_typesupport_cExport.cmake
[21.057s] -- Up-to-date: /home/zhijie/autoware/install/velodyne_msgs/share/velodyne_msgs/cmake/velodyne_msgs__rosidl_typesupport_cExport-release.cmake
[21.057s] -- Up-to-date: /home/zhijie/autoware/install/velodyne_msgs/share/velodyne_msgs/cmake/velodyne_msgs__rosidl_typesupport_introspection_cppExport.cmake
[21.057s] -- Up-to-date: /home/zhijie/autoware/install/velodyne_msgs/share/velodyne_msgs/cmake/velodyne_msgs__rosidl_typesupport_introspection_cppExport-release.cmake
[21.057s] -- Up-to-date: /home/zhijie/autoware/install/velodyne_msgs/share/velodyne_msgs/cmake/velodyne_msgs__rosidl_typesupport_cppExport.cmake
[21.057s] -- Up-to-date: /home/zhijie/autoware/install/velodyne_msgs/share/velodyne_msgs/cmake/velodyne_msgs__rosidl_typesupport_cppExport-release.cmake
[21.058s] -- Up-to-date: /home/zhijie/autoware/install/velodyne_msgs/share/velodyne_msgs/cmake/export_velodyne_msgs__rosidl_generator_pyExport.cmake
[21.058s] -- Up-to-date: /home/zhijie/autoware/install/velodyne_msgs/share/velodyne_msgs/cmake/export_velodyne_msgs__rosidl_generator_pyExport-release.cmake
[21.058s] Invoked command in '/home/zhijie/autoware/build/velodyne_msgs' returned '0': CMAKE_PREFIX_PATH=/opt/ros/humble /usr/bin/cmake --install /home/zhijie/autoware/build/velodyne_msgs
