[0.360s] Invoking command in '/home/mtl12345/autoware/build/tier4_target_object_type_rviz_plugin': AMENT_PREFIX_PATH=/home/mtl12345/autoware/install/autoware_cmake:/home/mtl12345/autoware/install/autoware_lint_common:${AMENT_PREFIX_PATH} CMAKE_PREFIX_PATH=/home/mtl12345/autoware/install/autoware_cmake:/home/mtl12345/autoware/install/autoware_lint_common:/opt/ros/humble /usr/bin/cmake /home/mtl12345/autoware/src/universe/autoware.universe/common/tier4_target_object_type_rviz_plugin -DCMAKE_BUILD_TYPE=Release -DAMENT_CMAKE_SYMLINK_INSTALL=1 -DCMAKE_INSTALL_PREFIX=/home/mtl12345/autoware/install/tier4_target_object_type_rviz_plugin
[0.372s] -- Found autoware_cmake: 0.1.0 (/home/mtl12345/autoware/install/autoware_cmake/share/autoware_cmake/cmake)
[0.535s] -- Override CMake install command with custom implementation using symlinks instead of copying resources
[0.634s] -- Found rosidl_generator_c: 3.1.5 (/opt/ros/humble/share/rosidl_generator_c/cmake)
[0.636s] -- Found rosidl_adapter: 3.1.5 (/opt/ros/humble/share/rosidl_adapter/cmake)
[0.642s] -- Found rosidl_generator_cpp: 3.1.5 (/opt/ros/humble/share/rosidl_generator_cpp/cmake)
[0.658s] -- Using all available rosidl_typesupport_c: rosidl_typesupport_fastrtps_c;rosidl_typesupport_introspection_c
[0.680s] -- Using all available rosidl_typesupport_cpp: rosidl_typesupport_fastrtps_cpp;rosidl_typesupport_introspection_cpp
[1.111s] -- Found rmw_implementation_cmake: 6.1.1 (/opt/ros/humble/share/rmw_implementation_cmake/cmake)
[1.113s] -- Found rmw_cyclonedds_cpp: 1.3.4 (/opt/ros/humble/share/rmw_cyclonedds_cpp/cmake)
[1.152s] -- Using RMW implementation 'rmw_cyclonedds_cpp' as default
[1.309s] -- Setting OGRE_DIR to: '/opt/ros/humble/share/rviz_ogre_vendor/cmake/../../../opt/rviz_ogre_vendor/lib/OGRE/cmake'
[1.309s] -- Found OGRE
[1.310s] --   static     : OFF
[1.310s] --   components : HLMS;MeshLodGenerator;Overlay;Paging;Property;RTShaderSystem;Terrain;Volume
[1.310s] --   plugins    : Plugin_BSPSceneManager;Plugin_OctreeSceneManager;Plugin_PCZSceneManager;Plugin_ParticleFX;RenderSystem_GL;RenderSystem_GL3Plus;Codec_STBI
[1.310s] --   media      : /opt/ros/humble/opt/rviz_ogre_vendor/share/OGRE/Media
[1.310s] -- OGRE_LIBRARIES: OgreHLMS;OgreMeshLodGenerator;OgreOverlay;OgrePaging;OgreProperty;OgreRTShaderSystem;OgreTerrain;OgreVolume;OgreMain
[1.310s] -- OGRE_LIBRARY_DIRS: /opt/ros/humble/opt/rviz_ogre_vendor/lib
[1.310s] -- OGRE_PLUGINS: Plugin_BSPSceneManager;Plugin_OctreeSceneManager;Plugin_PCZSceneManager;Plugin_ParticleFX;RenderSystem_GL;RenderSystem_GL3Plus;Codec_STBI
[1.310s] -- OGRE_PLUGIN_DIR: /opt/ros/humble/opt/rviz_ogre_vendor/lib/OGRE
[1.311s] -- rviz_ogre_vendor::OgreOverlay for IMPORTED_LOCATION_RELEASE: /opt/ros/humble/opt/rviz_ogre_vendor/lib/libOgreOverlay.so
[1.311s] -- rviz_ogre_vendor::OgreOverlay for IMPORTED_LOCATION_DEBUG: /opt/ros/humble/opt/rviz_ogre_vendor/lib/libOgreOverlay.so
[1.311s] -- rviz_ogre_vendor::OgreMain for IMPORTED_LOCATION_RELEASE: /opt/ros/humble/opt/rviz_ogre_vendor/lib/libOgreMain.so
[1.311s] -- rviz_ogre_vendor::OgreMain for IMPORTED_LOCATION_DEBUG: /opt/ros/humble/opt/rviz_ogre_vendor/lib/libOgreMain.so
[1.315s] -- Could not find freeimage library
[1.361s] -- rviz_ogre_vendor::RenderSystem_GL for IMPORTED_LOCATION_RELEASE: _render_system_gl_static_library_abs-NOTFOUND
[1.362s] -- rviz_ogre_vendor::RenderSystem_GL for IMPORTED_LOCATION_DEBUG: _render_system_gl_static_library_abs-NOTFOUND
[1.385s] -- library: /usr/lib/x86_64-linux-gnu/libcurl.so
[1.447s] -- Ensuring Eigen3 include directory is part of orocos-kdl CMake target
[1.848s] -- Found ament_lint_auto: 0.12.8 (/opt/ros/humble/share/ament_lint_auto/cmake)
[1.864s] -- Added test 'copyright' to check source files copyright and LICENSE
[1.865s] -- Added test 'cppcheck' to perform static code analysis on C / C++ code
[1.866s] -- Configured cppcheck include dirs: 
[1.866s] -- Configured cppcheck exclude dirs and/or files: 
[1.866s] -- Added test 'lint_cmake' to check CMake code style
[1.867s] -- Added test 'xmllint' to check XML markup files
[1.870s] -- Configuring done
[1.912s] -- Generating done
[1.914s] -- Build files have been written to: /home/mtl12345/autoware/build/tier4_target_object_type_rviz_plugin
[1.970s] Invoked command in '/home/mtl12345/autoware/build/tier4_target_object_type_rviz_plugin' returned '0': AMENT_PREFIX_PATH=/home/mtl12345/autoware/install/autoware_cmake:/home/mtl12345/autoware/install/autoware_lint_common:${AMENT_PREFIX_PATH} CMAKE_PREFIX_PATH=/home/mtl12345/autoware/install/autoware_cmake:/home/mtl12345/autoware/install/autoware_lint_common:/opt/ros/humble /usr/bin/cmake /home/mtl12345/autoware/src/universe/autoware.universe/common/tier4_target_object_type_rviz_plugin -DCMAKE_BUILD_TYPE=Release -DAMENT_CMAKE_SYMLINK_INSTALL=1 -DCMAKE_INSTALL_PREFIX=/home/mtl12345/autoware/install/tier4_target_object_type_rviz_plugin
[1.973s] Invoking command in '/home/mtl12345/autoware/build/tier4_target_object_type_rviz_plugin': AMENT_PREFIX_PATH=/home/mtl12345/autoware/install/autoware_cmake:/home/mtl12345/autoware/install/autoware_lint_common:${AMENT_PREFIX_PATH} CMAKE_PREFIX_PATH=/home/mtl12345/autoware/install/autoware_cmake:/home/mtl12345/autoware/install/autoware_lint_common:/opt/ros/humble /usr/bin/cmake --build /home/mtl12345/autoware/build/tier4_target_object_type_rviz_plugin -- -j12 -l12
[2.019s] [ 25%] [34m[1mAutomatic MOC for target tier4_target_object_type_rviz_plugin[0m
[2.037s] [ 25%] Built target tier4_target_object_type_rviz_plugin_autogen
[2.048s] [35m[1mConsolidate compiler generated dependencies of target tier4_target_object_type_rviz_plugin[0m
[2.065s] [100%] Built target tier4_target_object_type_rviz_plugin
[2.439s] Invoked command in '/home/mtl12345/autoware/build/tier4_target_object_type_rviz_plugin' returned '0': AMENT_PREFIX_PATH=/home/mtl12345/autoware/install/autoware_cmake:/home/mtl12345/autoware/install/autoware_lint_common:${AMENT_PREFIX_PATH} CMAKE_PREFIX_PATH=/home/mtl12345/autoware/install/autoware_cmake:/home/mtl12345/autoware/install/autoware_lint_common:/opt/ros/humble /usr/bin/cmake --build /home/mtl12345/autoware/build/tier4_target_object_type_rviz_plugin -- -j12 -l12
[3.109s] Invoking command in '/home/mtl12345/autoware/build/tier4_target_object_type_rviz_plugin': AMENT_PREFIX_PATH=/home/mtl12345/autoware/install/autoware_cmake:/home/mtl12345/autoware/install/autoware_lint_common:${AMENT_PREFIX_PATH} CMAKE_PREFIX_PATH=/home/mtl12345/autoware/install/autoware_cmake:/home/mtl12345/autoware/install/autoware_lint_common:/opt/ros/humble /usr/bin/cmake --install /home/mtl12345/autoware/build/tier4_target_object_type_rviz_plugin
[3.383s] -- Install configuration: "Release"
[3.383s] -- Execute custom install script
[3.383s] -- Up-to-date symlink: /home/mtl12345/autoware/install/tier4_target_object_type_rviz_plugin/share/tier4_target_object_type_rviz_plugin/plugins/plugin_description.xml
[3.383s] -- Up-to-date symlink: /home/mtl12345/autoware/install/tier4_target_object_type_rviz_plugin/share/tier4_target_object_type_rviz_plugin/environment/library_path.sh
[3.383s] -- Up-to-date symlink: /home/mtl12345/autoware/install/tier4_target_object_type_rviz_plugin/share/tier4_target_object_type_rviz_plugin/environment/library_path.dsv
[3.384s] -- Up-to-date symlink: /home/mtl12345/autoware/install/tier4_target_object_type_rviz_plugin/lib/libtier4_target_object_type_rviz_plugin.so
[3.384s] -- Up-to-date symlink: /home/mtl12345/autoware/install/tier4_target_object_type_rviz_plugin/share/tier4_target_object_type_rviz_plugin/plugins/plugin_description.xml
[3.384s] -- Up-to-date symlink: /home/mtl12345/autoware/install/tier4_target_object_type_rviz_plugin/share/ament_index/resource_index/package_run_dependencies/tier4_target_object_type_rviz_plugin
[3.384s] -- Up-to-date symlink: /home/mtl12345/autoware/install/tier4_target_object_type_rviz_plugin/share/ament_index/resource_index/parent_prefix_path/tier4_target_object_type_rviz_plugin
[3.384s] -- Up-to-date symlink: /home/mtl12345/autoware/install/tier4_target_object_type_rviz_plugin/share/tier4_target_object_type_rviz_plugin/environment/ament_prefix_path.sh
[3.384s] -- Up-to-date symlink: /home/mtl12345/autoware/install/tier4_target_object_type_rviz_plugin/share/tier4_target_object_type_rviz_plugin/environment/ament_prefix_path.dsv
[3.384s] -- Up-to-date symlink: /home/mtl12345/autoware/install/tier4_target_object_type_rviz_plugin/share/tier4_target_object_type_rviz_plugin/environment/path.sh
[3.384s] -- Up-to-date symlink: /home/mtl12345/autoware/install/tier4_target_object_type_rviz_plugin/share/tier4_target_object_type_rviz_plugin/environment/path.dsv
[3.384s] -- Up-to-date symlink: /home/mtl12345/autoware/install/tier4_target_object_type_rviz_plugin/share/tier4_target_object_type_rviz_plugin/local_setup.bash
[3.384s] -- Up-to-date symlink: /home/mtl12345/autoware/install/tier4_target_object_type_rviz_plugin/share/tier4_target_object_type_rviz_plugin/local_setup.sh
[3.384s] -- Up-to-date symlink: /home/mtl12345/autoware/install/tier4_target_object_type_rviz_plugin/share/tier4_target_object_type_rviz_plugin/local_setup.zsh
[3.385s] -- Up-to-date symlink: /home/mtl12345/autoware/install/tier4_target_object_type_rviz_plugin/share/tier4_target_object_type_rviz_plugin/local_setup.dsv
[3.385s] -- Symlinking: /home/mtl12345/autoware/install/tier4_target_object_type_rviz_plugin/share/tier4_target_object_type_rviz_plugin/package.dsv
[3.385s] -- Up-to-date symlink: /home/mtl12345/autoware/install/tier4_target_object_type_rviz_plugin/share/ament_index/resource_index/packages/tier4_target_object_type_rviz_plugin
[3.385s] -- Up-to-date symlink: /home/mtl12345/autoware/install/tier4_target_object_type_rviz_plugin/share/ament_index/resource_index/rviz_common__pluginlib__plugin/tier4_target_object_type_rviz_plugin
[3.385s] -- Up-to-date symlink: /home/mtl12345/autoware/install/tier4_target_object_type_rviz_plugin/share/tier4_target_object_type_rviz_plugin/cmake/ament_cmake_export_dependencies-extras.cmake
[3.385s] -- Up-to-date symlink: /home/mtl12345/autoware/install/tier4_target_object_type_rviz_plugin/share/tier4_target_object_type_rviz_plugin/cmake/ament_cmake_export_libraries-extras.cmake
[3.385s] -- Up-to-date symlink: /home/mtl12345/autoware/install/tier4_target_object_type_rviz_plugin/share/tier4_target_object_type_rviz_plugin/cmake/tier4_target_object_type_rviz_pluginConfig.cmake
[3.385s] -- Up-to-date symlink: /home/mtl12345/autoware/install/tier4_target_object_type_rviz_plugin/share/tier4_target_object_type_rviz_plugin/cmake/tier4_target_object_type_rviz_pluginConfig-version.cmake
[3.385s] -- Up-to-date symlink: /home/mtl12345/autoware/install/tier4_target_object_type_rviz_plugin/share/tier4_target_object_type_rviz_plugin/package.xml
[3.540s] Invoked command in '/home/mtl12345/autoware/build/tier4_target_object_type_rviz_plugin' returned '0': AMENT_PREFIX_PATH=/home/mtl12345/autoware/install/autoware_cmake:/home/mtl12345/autoware/install/autoware_lint_common:${AMENT_PREFIX_PATH} CMAKE_PREFIX_PATH=/home/mtl12345/autoware/install/autoware_cmake:/home/mtl12345/autoware/install/autoware_lint_common:/opt/ros/humble /usr/bin/cmake --install /home/mtl12345/autoware/build/tier4_target_object_type_rviz_plugin
