[0.116s] Invoking command in '/home/zhijie/autoware/build/bytetrack': AMENT_PREFIX_PATH=/home/zhijie/autoware/install/tier4_perception_msgs:/home/zhijie/autoware/install/cuda_utils:/home/zhijie/autoware/install/autoware_cmake:/home/zhijie/autoware/install/autoware_auto_perception_msgs:/home/zhijie/autoware/install/tensorrt_common:/home/zhijie/autoware/install/autoware_lint_common:/home/zhijie/autoware/install/autoware_auto_geometry_msgs:${AMENT_PREFIX_PATH} CMAKE_PREFIX_PATH=/home/zhijie/autoware/install/tier4_perception_msgs:/home/zhijie/autoware/install/cuda_utils:/home/zhijie/autoware/install/autoware_cmake:/home/zhijie/autoware/install/autoware_auto_perception_msgs:/home/zhijie/autoware/install/tensorrt_common:/home/zhijie/autoware/install/autoware_lint_common:/home/zhijie/autoware/install/autoware_auto_geometry_msgs:/opt/ros/humble LD_LIBRARY_PATH=/home/zhijie/autoware/install/tier4_perception_msgs/lib:/home/zhijie/autoware/install/autoware_auto_perception_msgs/lib:/home/zhijie/autoware/install/tensorrt_common/lib:/home/zhijie/autoware/install/autoware_auto_geometry_msgs/lib:${LD_LIBRARY_PATH} PYTHONPATH=/home/zhijie/autoware/install/tier4_perception_msgs/local/lib/python3.10/dist-packages:/home/zhijie/autoware/install/autoware_auto_perception_msgs/local/lib/python3.10/dist-packages:/home/zhijie/autoware/install/autoware_auto_geometry_msgs/local/lib/python3.10/dist-packages:${PYTHONPATH} /usr/bin/cmake --build /home/zhijie/autoware/build/bytetrack -- -j16 -l16
[0.168s] [35m[1mConsolidate compiler generated dependencies of target bytetrack_lib[0m
[0.193s] [ 37%] Built target bytetrack_lib
[0.209s] [35m[1mConsolidate compiler generated dependencies of target bytetrack_visualizer_node_exe[0m
[0.220s] [ 50%] Built target bytetrack_visualizer_node_exe
[0.236s] [35m[1mConsolidate compiler generated dependencies of target bytetrack[0m
[0.249s] [ 62%] Built target bytetrack
[0.262s] [35m[1mConsolidate compiler generated dependencies of target bytetrack_node_exe[0m
[0.284s] [ 75%] Built target bytetrack_node_exe
[0.297s] [35m[1mConsolidate compiler generated dependencies of target bytetrack_node[0m
[0.323s] [ 87%] Built target bytetrack_node
[0.336s] [35m[1mConsolidate compiler generated dependencies of target bytetrack_visualizer[0m
[0.354s] [100%] Built target bytetrack_visualizer
[0.474s] Invoked command in '/home/zhijie/autoware/build/bytetrack' returned '0': AMENT_PREFIX_PATH=/home/zhijie/autoware/install/tier4_perception_msgs:/home/zhijie/autoware/install/cuda_utils:/home/zhijie/autoware/install/autoware_cmake:/home/zhijie/autoware/install/autoware_auto_perception_msgs:/home/zhijie/autoware/install/tensorrt_common:/home/zhijie/autoware/install/autoware_lint_common:/home/zhijie/autoware/install/autoware_auto_geometry_msgs:${AMENT_PREFIX_PATH} CMAKE_PREFIX_PATH=/home/zhijie/autoware/install/tier4_perception_msgs:/home/zhijie/autoware/install/cuda_utils:/home/zhijie/autoware/install/autoware_cmake:/home/zhijie/autoware/install/autoware_auto_perception_msgs:/home/zhijie/autoware/install/tensorrt_common:/home/zhijie/autoware/install/autoware_lint_common:/home/zhijie/autoware/install/autoware_auto_geometry_msgs:/opt/ros/humble LD_LIBRARY_PATH=/home/zhijie/autoware/install/tier4_perception_msgs/lib:/home/zhijie/autoware/install/autoware_auto_perception_msgs/lib:/home/zhijie/autoware/install/tensorrt_common/lib:/home/zhijie/autoware/install/autoware_auto_geometry_msgs/lib:${LD_LIBRARY_PATH} PYTHONPATH=/home/zhijie/autoware/install/tier4_perception_msgs/local/lib/python3.10/dist-packages:/home/zhijie/autoware/install/autoware_auto_perception_msgs/local/lib/python3.10/dist-packages:/home/zhijie/autoware/install/autoware_auto_geometry_msgs/local/lib/python3.10/dist-packages:${PYTHONPATH} /usr/bin/cmake --build /home/zhijie/autoware/build/bytetrack -- -j16 -l16
[0.563s] Invoking command in '/home/zhijie/autoware/build/bytetrack': AMENT_PREFIX_PATH=/home/zhijie/autoware/install/tier4_perception_msgs:/home/zhijie/autoware/install/cuda_utils:/home/zhijie/autoware/install/autoware_cmake:/home/zhijie/autoware/install/autoware_auto_perception_msgs:/home/zhijie/autoware/install/tensorrt_common:/home/zhijie/autoware/install/autoware_lint_common:/home/zhijie/autoware/install/autoware_auto_geometry_msgs:${AMENT_PREFIX_PATH} CMAKE_PREFIX_PATH=/home/zhijie/autoware/install/tier4_perception_msgs:/home/zhijie/autoware/install/cuda_utils:/home/zhijie/autoware/install/autoware_cmake:/home/zhijie/autoware/install/autoware_auto_perception_msgs:/home/zhijie/autoware/install/tensorrt_common:/home/zhijie/autoware/install/autoware_lint_common:/home/zhijie/autoware/install/autoware_auto_geometry_msgs:/opt/ros/humble LD_LIBRARY_PATH=/home/zhijie/autoware/install/tier4_perception_msgs/lib:/home/zhijie/autoware/install/autoware_auto_perception_msgs/lib:/home/zhijie/autoware/install/tensorrt_common/lib:/home/zhijie/autoware/install/autoware_auto_geometry_msgs/lib:${LD_LIBRARY_PATH} PYTHONPATH=/home/zhijie/autoware/install/tier4_perception_msgs/local/lib/python3.10/dist-packages:/home/zhijie/autoware/install/autoware_auto_perception_msgs/local/lib/python3.10/dist-packages:/home/zhijie/autoware/install/autoware_auto_geometry_msgs/local/lib/python3.10/dist-packages:${PYTHONPATH} /usr/bin/cmake --install /home/zhijie/autoware/build/bytetrack
[0.594s] -- Install configuration: "Release"
[0.594s] -- Execute custom install script
[0.594s] -- Up-to-date symlink: /home/zhijie/autoware/install/bytetrack/lib/bytetrack/bytetrack_node_exe
[0.594s] -- Up-to-date symlink: /home/zhijie/autoware/install/bytetrack/lib/bytetrack/bytetrack_visualizer_node_exe
[0.595s] -- Up-to-date symlink: /home/zhijie/autoware/install/bytetrack/include/bytetrack/bytetrack.hpp
[0.595s] -- Up-to-date symlink: /home/zhijie/autoware/install/bytetrack/include/bytetrack/bytetrack_node.hpp
[0.595s] -- Up-to-date symlink: /home/zhijie/autoware/install/bytetrack/include/bytetrack/bytetrack_visualizer_node.hpp
[0.595s] -- Up-to-date symlink: /home/zhijie/autoware/install/bytetrack/share/bytetrack/environment/library_path.sh
[0.596s] -- Up-to-date symlink: /home/zhijie/autoware/install/bytetrack/share/bytetrack/environment/library_path.dsv
[0.596s] -- Up-to-date symlink: /home/zhijie/autoware/install/bytetrack/lib/libbytetrack_lib.so
[0.596s] -- Up-to-date symlink: /home/zhijie/autoware/install/bytetrack/lib/libbytetrack.so
[0.596s] -- Up-to-date symlink: /home/zhijie/autoware/install/bytetrack/lib/libbytetrack_node.so
[0.596s] -- Up-to-date symlink: /home/zhijie/autoware/install/bytetrack/lib/libbytetrack_visualizer.so
[0.597s] -- Up-to-date symlink: /home/zhijie/autoware/install/bytetrack/share/bytetrack/launch/bytetrack.launch.xml
[0.597s] -- Up-to-date symlink: /home/zhijie/autoware/install/bytetrack/share/ament_index/resource_index/package_run_dependencies/bytetrack
[0.597s] -- Up-to-date symlink: /home/zhijie/autoware/install/bytetrack/share/ament_index/resource_index/parent_prefix_path/bytetrack
[0.597s] -- Up-to-date symlink: /home/zhijie/autoware/install/bytetrack/share/bytetrack/environment/ament_prefix_path.sh
[0.597s] -- Up-to-date symlink: /home/zhijie/autoware/install/bytetrack/share/bytetrack/environment/ament_prefix_path.dsv
[0.597s] -- Up-to-date symlink: /home/zhijie/autoware/install/bytetrack/share/bytetrack/environment/path.sh
[0.598s] -- Up-to-date symlink: /home/zhijie/autoware/install/bytetrack/share/bytetrack/environment/path.dsv
[0.598s] -- Up-to-date symlink: /home/zhijie/autoware/install/bytetrack/share/bytetrack/local_setup.bash
[0.598s] -- Up-to-date symlink: /home/zhijie/autoware/install/bytetrack/share/bytetrack/local_setup.sh
[0.598s] -- Up-to-date symlink: /home/zhijie/autoware/install/bytetrack/share/bytetrack/local_setup.zsh
[0.598s] -- Up-to-date symlink: /home/zhijie/autoware/install/bytetrack/share/bytetrack/local_setup.dsv
[0.598s] -- Symlinking: /home/zhijie/autoware/install/bytetrack/share/bytetrack/package.dsv
[0.599s] -- Up-to-date symlink: /home/zhijie/autoware/install/bytetrack/share/ament_index/resource_index/packages/bytetrack
[0.599s] -- Up-to-date symlink: /home/zhijie/autoware/install/bytetrack/share/ament_index/resource_index/rclcpp_components/bytetrack
[0.599s] -- Up-to-date symlink: /home/zhijie/autoware/install/bytetrack/share/bytetrack/cmake/ament_cmake_export_dependencies-extras.cmake
[0.599s] -- Up-to-date symlink: /home/zhijie/autoware/install/bytetrack/share/bytetrack/cmake/ament_cmake_export_include_directories-extras.cmake
[0.600s] -- Up-to-date symlink: /home/zhijie/autoware/install/bytetrack/share/bytetrack/cmake/ament_cmake_export_libraries-extras.cmake
[0.600s] -- Up-to-date symlink: /home/zhijie/autoware/install/bytetrack/share/bytetrack/cmake/bytetrackConfig.cmake
[0.601s] -- Up-to-date symlink: /home/zhijie/autoware/install/bytetrack/share/bytetrack/cmake/bytetrackConfig-version.cmake
[0.602s] -- Up-to-date symlink: /home/zhijie/autoware/install/bytetrack/share/bytetrack/package.xml
[0.668s] Invoked command in '/home/zhijie/autoware/build/bytetrack' returned '0': AMENT_PREFIX_PATH=/home/zhijie/autoware/install/tier4_perception_msgs:/home/zhijie/autoware/install/cuda_utils:/home/zhijie/autoware/install/autoware_cmake:/home/zhijie/autoware/install/autoware_auto_perception_msgs:/home/zhijie/autoware/install/tensorrt_common:/home/zhijie/autoware/install/autoware_lint_common:/home/zhijie/autoware/install/autoware_auto_geometry_msgs:${AMENT_PREFIX_PATH} CMAKE_PREFIX_PATH=/home/zhijie/autoware/install/tier4_perception_msgs:/home/zhijie/autoware/install/cuda_utils:/home/zhijie/autoware/install/autoware_cmake:/home/zhijie/autoware/install/autoware_auto_perception_msgs:/home/zhijie/autoware/install/tensorrt_common:/home/zhijie/autoware/install/autoware_lint_common:/home/zhijie/autoware/install/autoware_auto_geometry_msgs:/opt/ros/humble LD_LIBRARY_PATH=/home/zhijie/autoware/install/tier4_perception_msgs/lib:/home/zhijie/autoware/install/autoware_auto_perception_msgs/lib:/home/zhijie/autoware/install/tensorrt_common/lib:/home/zhijie/autoware/install/autoware_auto_geometry_msgs/lib:${LD_LIBRARY_PATH} PYTHONPATH=/home/zhijie/autoware/install/tier4_perception_msgs/local/lib/python3.10/dist-packages:/home/zhijie/autoware/install/autoware_auto_perception_msgs/local/lib/python3.10/dist-packages:/home/zhijie/autoware/install/autoware_auto_geometry_msgs/local/lib/python3.10/dist-packages:${PYTHONPATH} /usr/bin/cmake --install /home/zhijie/autoware/build/bytetrack
