[35m[1mConsolidate compiler generated dependencies of target llh_converter[0m
[ 55%] Built target llh_converter
[35m[1mConsolidate compiler generated dependencies of target mcac_test[0m
[35m[1mConsolidate compiler generated dependencies of target llh_test[0m
[ 77%] Built target mcac_test
[100%] Built target llh_test
-- Install configuration: "Release"
-- Execute custom install script
-- Up-to-date symlink: /home/zhijie/autoware/install/llh_converter/lib/llh_converter/libllh_converter.so
-- Up-to-date symlink: /home/zhijie/autoware/install/llh_converter/share/llh_converter/environment/library_path.sh
-- Up-to-date symlink: /home/zhijie/autoware/install/llh_converter/share/llh_converter/environment/library_path.dsv
-- Up-to-date symlink: /home/zhijie/autoware/install/llh_converter/include/llh_converter/gsigeo.hpp
-- Up-to-date symlink: /home/zhijie/autoware/install/llh_converter/include/llh_converter/height_converter.hpp
-- Up-to-date symlink: /home/zhijie/autoware/install/llh_converter/include/llh_converter/llh_converter.hpp
-- Up-to-date symlink: /home/zhijie/autoware/install/llh_converter/include/llh_converter/meridian_convergence_angle_correction.hpp
-- Up-to-date symlink: /home/zhijie/autoware/install/llh_converter/share/llh_converter/data/gsigeo2011_ver2_1.asc
-- Up-to-date symlink: /home/zhijie/autoware/install/llh_converter/lib/libllh_converter.so
-- Up-to-date symlink: /home/zhijie/autoware/install/llh_converter/lib/llh_converter/llh_test
-- Up-to-date symlink: /home/zhijie/autoware/install/llh_converter/lib/llh_converter/mcac_test
-- Up-to-date symlink: /home/zhijie/autoware/install/llh_converter/include/llh_converter/gsigeo.hpp
-- Up-to-date symlink: /home/zhijie/autoware/install/llh_converter/include/llh_converter/height_converter.hpp
-- Up-to-date symlink: /home/zhijie/autoware/install/llh_converter/include/llh_converter/llh_converter.hpp
-- Up-to-date symlink: /home/zhijie/autoware/install/llh_converter/include/llh_converter/meridian_convergence_angle_correction.hpp
-- Up-to-date symlink: /home/zhijie/autoware/install/llh_converter/lib/libllh_converter.so
-- Up-to-date symlink: /home/zhijie/autoware/install/llh_converter/lib/llh_converter/llh_test
-- Up-to-date symlink: /home/zhijie/autoware/install/llh_converter/lib/llh_converter/mcac_test
-- Up-to-date symlink: /home/zhijie/autoware/install/llh_converter/share/ament_index/resource_index/package_run_dependencies/llh_converter
-- Up-to-date symlink: /home/zhijie/autoware/install/llh_converter/share/ament_index/resource_index/parent_prefix_path/llh_converter
-- Up-to-date symlink: /home/zhijie/autoware/install/llh_converter/share/llh_converter/environment/ament_prefix_path.sh
-- Up-to-date symlink: /home/zhijie/autoware/install/llh_converter/share/llh_converter/environment/ament_prefix_path.dsv
-- Up-to-date symlink: /home/zhijie/autoware/install/llh_converter/share/llh_converter/environment/path.sh
-- Up-to-date symlink: /home/zhijie/autoware/install/llh_converter/share/llh_converter/environment/path.dsv
-- Up-to-date symlink: /home/zhijie/autoware/install/llh_converter/share/llh_converter/local_setup.bash
-- Up-to-date symlink: /home/zhijie/autoware/install/llh_converter/share/llh_converter/local_setup.sh
-- Up-to-date symlink: /home/zhijie/autoware/install/llh_converter/share/llh_converter/local_setup.zsh
-- Up-to-date symlink: /home/zhijie/autoware/install/llh_converter/share/llh_converter/local_setup.dsv
-- Symlinking: /home/zhijie/autoware/install/llh_converter/share/llh_converter/package.dsv
-- Up-to-date symlink: /home/zhijie/autoware/install/llh_converter/share/ament_index/resource_index/packages/llh_converter
-- Up-to-date symlink: /home/zhijie/autoware/install/llh_converter/share/llh_converter/cmake/ament_cmake_export_include_directories-extras.cmake
-- Up-to-date symlink: /home/zhijie/autoware/install/llh_converter/share/llh_converter/cmake/ament_cmake_export_libraries-extras.cmake
-- Up-to-date symlink: /home/zhijie/autoware/install/llh_converter/share/llh_converter/cmake/llh_converterConfig.cmake
-- Up-to-date symlink: /home/zhijie/autoware/install/llh_converter/share/llh_converter/cmake/llh_converterConfig-version.cmake
-- Up-to-date symlink: /home/zhijie/autoware/install/llh_converter/share/llh_converter/package.xml
