[0.062s] Invoking command in '/home/zhijie/autoware/build/llh_converter': CMAKE_PREFIX_PATH=/opt/ros/humble /usr/bin/cmake --build /home/zhijie/autoware/build/llh_converter -- -j16 -l16
[0.939s] [35m[1mConsolidate compiler generated dependencies of target llh_converter[0m
[0.940s] [ 55%] Built target llh_converter
[0.940s] [35m[1mConsolidate compiler generated dependencies of target mcac_test[0m
[0.940s] [35m[1mConsolidate compiler generated dependencies of target llh_test[0m
[0.940s] [ 77%] Built target mcac_test
[0.940s] [100%] Built target llh_test
[0.990s] Invoked command in '/home/zhijie/autoware/build/llh_converter' returned '0': CMAKE_PREFIX_PATH=/opt/ros/humble /usr/bin/cmake --build /home/zhijie/autoware/build/llh_converter -- -j16 -l16
[1.582s] Invoking command in '/home/zhijie/autoware/build/llh_converter': CMAKE_PREFIX_PATH=/opt/ros/humble /usr/bin/cmake --install /home/zhijie/autoware/build/llh_converter
[1.607s] -- Install configuration: "Release"
[1.607s] -- Execute custom install script
[1.607s] -- Up-to-date symlink: /home/zhijie/autoware/install/llh_converter/lib/llh_converter/libllh_converter.so
[1.607s] -- Up-to-date symlink: /home/zhijie/autoware/install/llh_converter/share/llh_converter/environment/library_path.sh
[1.607s] -- Up-to-date symlink: /home/zhijie/autoware/install/llh_converter/share/llh_converter/environment/library_path.dsv
[1.607s] -- Up-to-date symlink: /home/zhijie/autoware/install/llh_converter/include/llh_converter/gsigeo.hpp
[1.607s] -- Up-to-date symlink: /home/zhijie/autoware/install/llh_converter/include/llh_converter/height_converter.hpp
[1.607s] -- Up-to-date symlink: /home/zhijie/autoware/install/llh_converter/include/llh_converter/llh_converter.hpp
[1.607s] -- Up-to-date symlink: /home/zhijie/autoware/install/llh_converter/include/llh_converter/meridian_convergence_angle_correction.hpp
[1.608s] -- Up-to-date symlink: /home/zhijie/autoware/install/llh_converter/share/llh_converter/data/gsigeo2011_ver2_1.asc
[1.608s] -- Up-to-date symlink: /home/zhijie/autoware/install/llh_converter/lib/libllh_converter.so
[1.608s] -- Up-to-date symlink: /home/zhijie/autoware/install/llh_converter/lib/llh_converter/llh_test
[1.608s] -- Up-to-date symlink: /home/zhijie/autoware/install/llh_converter/lib/llh_converter/mcac_test
[1.608s] -- Up-to-date symlink: /home/zhijie/autoware/install/llh_converter/include/llh_converter/gsigeo.hpp
[1.608s] -- Up-to-date symlink: /home/zhijie/autoware/install/llh_converter/include/llh_converter/height_converter.hpp
[1.608s] -- Up-to-date symlink: /home/zhijie/autoware/install/llh_converter/include/llh_converter/llh_converter.hpp
[1.608s] -- Up-to-date symlink: /home/zhijie/autoware/install/llh_converter/include/llh_converter/meridian_convergence_angle_correction.hpp
[1.608s] -- Up-to-date symlink: /home/zhijie/autoware/install/llh_converter/lib/libllh_converter.so
[1.608s] -- Up-to-date symlink: /home/zhijie/autoware/install/llh_converter/lib/llh_converter/llh_test
[1.609s] -- Up-to-date symlink: /home/zhijie/autoware/install/llh_converter/lib/llh_converter/mcac_test
[1.613s] -- Up-to-date symlink: /home/zhijie/autoware/install/llh_converter/share/ament_index/resource_index/package_run_dependencies/llh_converter
[1.614s] -- Up-to-date symlink: /home/zhijie/autoware/install/llh_converter/share/ament_index/resource_index/parent_prefix_path/llh_converter
[1.614s] -- Up-to-date symlink: /home/zhijie/autoware/install/llh_converter/share/llh_converter/environment/ament_prefix_path.sh
[1.614s] -- Up-to-date symlink: /home/zhijie/autoware/install/llh_converter/share/llh_converter/environment/ament_prefix_path.dsv
[1.614s] -- Up-to-date symlink: /home/zhijie/autoware/install/llh_converter/share/llh_converter/environment/path.sh
[1.614s] -- Up-to-date symlink: /home/zhijie/autoware/install/llh_converter/share/llh_converter/environment/path.dsv
[1.614s] -- Up-to-date symlink: /home/zhijie/autoware/install/llh_converter/share/llh_converter/local_setup.bash
[1.614s] -- Up-to-date symlink: /home/zhijie/autoware/install/llh_converter/share/llh_converter/local_setup.sh
[1.614s] -- Up-to-date symlink: /home/zhijie/autoware/install/llh_converter/share/llh_converter/local_setup.zsh
[1.614s] -- Up-to-date symlink: /home/zhijie/autoware/install/llh_converter/share/llh_converter/local_setup.dsv
[1.614s] -- Symlinking: /home/zhijie/autoware/install/llh_converter/share/llh_converter/package.dsv
[1.626s] -- Up-to-date symlink: /home/zhijie/autoware/install/llh_converter/share/ament_index/resource_index/packages/llh_converter
[1.626s] -- Up-to-date symlink: /home/zhijie/autoware/install/llh_converter/share/llh_converter/cmake/ament_cmake_export_include_directories-extras.cmake
[1.626s] -- Up-to-date symlink: /home/zhijie/autoware/install/llh_converter/share/llh_converter/cmake/ament_cmake_export_libraries-extras.cmake
[1.626s] -- Up-to-date symlink: /home/zhijie/autoware/install/llh_converter/share/llh_converter/cmake/llh_converterConfig.cmake
[1.626s] -- Up-to-date symlink: /home/zhijie/autoware/install/llh_converter/share/llh_converter/cmake/llh_converterConfig-version.cmake
[1.626s] -- Up-to-date symlink: /home/zhijie/autoware/install/llh_converter/share/llh_converter/package.xml
[1.670s] Invoked command in '/home/zhijie/autoware/build/llh_converter' returned '0': CMAKE_PREFIX_PATH=/opt/ros/humble /usr/bin/cmake --install /home/zhijie/autoware/build/llh_converter
