-- Found autoware_cmake: 0.1.0 (/home/zhijie/autoware/install/autoware_cmake/share/autoware_cmake/cmake)
-- Override CMake install command with custom implementation using symlinks instead of copying resources
-- Found rosidl_generator_c: 3.1.5 (/opt/ros/humble/share/rosidl_generator_c/cmake)
-- Found rosidl_adapter: 3.1.5 (/opt/ros/humble/share/rosidl_adapter/cmake)
-- Found rosidl_generator_cpp: 3.1.5 (/opt/ros/humble/share/rosidl_generator_cpp/cmake)
-- Using all available rosidl_typesupport_c: rosidl_typesupport_fastrtps_c;rosidl_typesupport_introspection_c
-- Using all available rosidl_typesupport_cpp: rosidl_typesupport_fastrtps_cpp;rosidl_typesupport_introspection_cpp
-- Found rmw_implementation_cmake: 6.1.1 (/opt/ros/humble/share/rmw_implementation_cmake/cmake)
-- Found rmw_cyclonedds_cpp: 1.3.4 (/opt/ros/humble/share/rmw_cyclonedds_cpp/cmake)
-- Using RMW implementation 'rmw_cyclonedds_cpp' as default
-- Found eigen3_cmake_module: 0.1.1 (/opt/ros/humble/share/eigen3_cmake_module/cmake)
-- Ensuring Eigen3 include directory is part of orocos-kdl CMake target
-- Eigen found (include: /usr/include/eigen3, version: 3.4.0)
-- FLANN found (include: /usr/include, lib: /usr/lib/x86_64-linux-gnu/libflann_cpp.so)
-- OpenNI found (version: 1.5.4.0, include: /usr/include/ni, lib: /usr/lib/libOpenNI.so;libusb::libusb)
-- OpenNI2 found (version: 2.2.0.33, include: /usr/include/openni2, lib: /usr/lib/x86_64-linux-gnu/libOpenNI2.so;libusb::libusb)
-- Eigen found (include: /usr/include/eigen3, version: 3.4.0)
-- OpenNI found (version: 1.5.4.0, include: /usr/include/ni, lib: /usr/lib/libOpenNI.so;libusb::libusb)
-- OpenNI2 found (version: 2.2.0.33, include: /usr/include/openni2, lib: /usr/lib/x86_64-linux-gnu/libOpenNI2.so;libusb::libusb)
-- Found Qhull version 8.0.2
-- OpenNI found (version: 1.5.4.0, include: /usr/include/ni, lib: /usr/lib/libOpenNI.so;libusb::libusb)
-- Found ament_lint_auto: 0.12.8 (/opt/ros/humble/share/ament_lint_auto/cmake)
-- Found gmock sources under '/opt/ros/humble/src/gmock_vendor': C++ tests using 'Google Mock' will be built
-- Found ament_cmake_gtest: 1.3.5 (/opt/ros/humble/share/ament_cmake_gtest/cmake)
-- Found gtest sources under '/opt/ros/humble/src/gtest_vendor': C++ tests using 'Google Test' will be built
-- Added test 'cppcheck' to perform static code analysis on C / C++ code
-- Configured cppcheck include dirs: /home/zhijie/autoware/src/universe/autoware.universe/localization/pose_initializer/include
-- Configured cppcheck exclude dirs and/or files: 
-- Added test 'copyright' to check source files copyright and LICENSE
-- Added test 'lint_cmake' to check CMake code style
-- Added test 'xmllint' to check XML markup files
-- Configuring done
-- Generating done
-- Build files have been written to: /home/zhijie/autoware/build/pose_initializer
[35m[1mConsolidate compiler generated dependencies of target pose_initializer_node[0m
[  6%] [32mBuilding CXX object CMakeFiles/pose_initializer_node.dir/src/pose_initializer/pose_initializer_node.cpp.o[0m
[ 12%] [32mBuilding CXX object CMakeFiles/pose_initializer_node.dir/src/pose_initializer/ndt_localization_trigger_module.cpp.o[0m
[ 25%] [32mBuilding CXX object CMakeFiles/pose_initializer_node.dir/src/pose_initializer/ekf_localization_trigger_module.cpp.o[0m
[ 25%] [32mBuilding CXX object CMakeFiles/pose_initializer_node.dir/src/pose_initializer/stop_check_module.cpp.o[0m
[ 31%] [32mBuilding CXX object CMakeFiles/pose_initializer_node.dir/src/pose_initializer/yabloc_module.cpp.o[0m
[ 37%] [32mBuilding CXX object CMakeFiles/pose_initializer_node.dir/src/pose_initializer/ndt_module.cpp.o[0m
[ 50%] [32mBuilding CXX object CMakeFiles/pose_initializer_node.dir/src/pose_initializer/pose_initializer_core.cpp.o[0m
[ 50%] [32mBuilding CXX object CMakeFiles/pose_initializer_node.dir/src/pose_initializer/gnss_module.cpp.o[0m
[ 56%] [32m[1mLinking CXX executable pose_initializer_node[0m
[ 56%] Built target pose_initializer_node
[35m[1mConsolidate compiler generated dependencies of target gmock[0m
[ 62%] [32mBuilding CXX object gmock/CMakeFiles/gmock.dir/opt/ros/humble/src/gtest_vendor/src/gtest-all.cc.o[0m
[ 68%] [32mBuilding CXX object gmock/CMakeFiles/gmock.dir/src/gmock-all.cc.o[0m
[ 75%] [32m[1mLinking CXX static library libgmock.a[0m
[ 75%] Built target gmock
[35m[1mConsolidate compiler generated dependencies of target gmock_main[0m
[ 81%] [32mBuilding CXX object gmock/CMakeFiles/gmock_main.dir/src/gmock_main.cc.o[0m
[ 87%] [32m[1mLinking CXX static library libgmock_main.a[0m
[ 87%] Built target gmock_main
[35m[1mConsolidate compiler generated dependencies of target test_copy_vector_to_array[0m
[ 93%] [32mBuilding CXX object CMakeFiles/test_copy_vector_to_array.dir/test/test_copy_vector_to_array.cpp.o[0m
[100%] [32m[1mLinking CXX executable test_copy_vector_to_array[0m
[100%] Built target test_copy_vector_to_array
-- Install configuration: "Release"
-- Execute custom install script
-- Up-to-date symlink: /home/zhijie/autoware/install/pose_initializer/lib/pose_initializer/pose_initializer_node
-- Up-to-date symlink: /home/zhijie/autoware/install/pose_initializer/share/pose_initializer/launch/pose_initializer.launch.xml
-- Up-to-date symlink: /home/zhijie/autoware/install/pose_initializer/share/pose_initializer/config/pose_initializer.param.yaml
-- Up-to-date symlink: /home/zhijie/autoware/install/pose_initializer/share/ament_index/resource_index/package_run_dependencies/pose_initializer
-- Up-to-date symlink: /home/zhijie/autoware/install/pose_initializer/share/ament_index/resource_index/parent_prefix_path/pose_initializer
-- Up-to-date symlink: /home/zhijie/autoware/install/pose_initializer/share/pose_initializer/environment/ament_prefix_path.sh
-- Up-to-date symlink: /home/zhijie/autoware/install/pose_initializer/share/pose_initializer/environment/ament_prefix_path.dsv
-- Up-to-date symlink: /home/zhijie/autoware/install/pose_initializer/share/pose_initializer/environment/path.sh
-- Up-to-date symlink: /home/zhijie/autoware/install/pose_initializer/share/pose_initializer/environment/path.dsv
-- Up-to-date symlink: /home/zhijie/autoware/install/pose_initializer/share/pose_initializer/local_setup.bash
-- Up-to-date symlink: /home/zhijie/autoware/install/pose_initializer/share/pose_initializer/local_setup.sh
-- Up-to-date symlink: /home/zhijie/autoware/install/pose_initializer/share/pose_initializer/local_setup.zsh
-- Up-to-date symlink: /home/zhijie/autoware/install/pose_initializer/share/pose_initializer/local_setup.dsv
-- Symlinking: /home/zhijie/autoware/install/pose_initializer/share/pose_initializer/package.dsv
-- Up-to-date symlink: /home/zhijie/autoware/install/pose_initializer/share/ament_index/resource_index/packages/pose_initializer
-- Up-to-date symlink: /home/zhijie/autoware/install/pose_initializer/share/pose_initializer/cmake/ament_cmake_export_dependencies-extras.cmake
-- Up-to-date symlink: /home/zhijie/autoware/install/pose_initializer/share/pose_initializer/cmake/pose_initializerConfig.cmake
-- Up-to-date symlink: /home/zhijie/autoware/install/pose_initializer/share/pose_initializer/cmake/pose_initializerConfig-version.cmake
-- Up-to-date symlink: /home/zhijie/autoware/install/pose_initializer/share/pose_initializer/package.xml
