[0.169s] Invoking command in '/home/zhijie/autoware/build/boost_io_context': CMAKE_PREFIX_PATH=/opt/ros/humble /usr/bin/cmake --build /home/zhijie/autoware/build/boost_io_context -- -j16 -l16
[0.317s] [35m[1mConsolidate compiler generated dependencies of target gtest[0m
[0.317s] [35m[1mConsolidate compiler generated dependencies of target gtest_main[0m
[0.330s] [35m[1mConsolidate compiler generated dependencies of target boost_io_context[0m
[0.333s] [ 22%] Built target gtest_main
[0.339s] [ 44%] Built target gtest
[0.396s] [ 77%] Built target boost_io_context
[0.426s] [35m[1mConsolidate compiler generated dependencies of target test_io_context[0m
[0.455s] [100%] Built target test_io_context
[0.524s] Invoked command in '/home/zhijie/autoware/build/boost_io_context' returned '0': CMAKE_PREFIX_PATH=/opt/ros/humble /usr/bin/cmake --build /home/zhijie/autoware/build/boost_io_context -- -j16 -l16
[0.538s] Invoking command in '/home/zhijie/autoware/build/boost_io_context': CMAKE_PREFIX_PATH=/opt/ros/humble /usr/bin/cmake --install /home/zhijie/autoware/build/boost_io_context
[0.540s] -- Install configuration: "Release"
[0.540s] -- Execute custom install script
[0.540s] -- Up-to-date symlink: /home/zhijie/autoware/install/boost_io_context/include/boost_io_context/common.hpp
[0.541s] -- Up-to-date symlink: /home/zhijie/autoware/install/boost_io_context/include/boost_io_context/io_context.hpp
[0.541s] -- Up-to-date symlink: /home/zhijie/autoware/install/boost_io_context/include/boost_msg_converters/converters.hpp
[0.541s] -- Up-to-date symlink: /home/zhijie/autoware/install/boost_io_context/include/boost_msg_converters/std_msgs.hpp
[0.541s] -- Up-to-date symlink: /home/zhijie/autoware/install/boost_io_context/include/boost_msg_converters/udp_msgs.hpp
[0.541s] -- Up-to-date symlink: /home/zhijie/autoware/install/boost_io_context/share/boost_io_context/environment/library_path.sh
[0.541s] -- Up-to-date symlink: /home/zhijie/autoware/install/boost_io_context/share/boost_io_context/environment/library_path.dsv
[0.541s] -- Up-to-date symlink: /home/zhijie/autoware/install/boost_io_context/lib/libboost_io_context.so
[0.541s] -- Up-to-date symlink: /home/zhijie/autoware/install/boost_io_context/share/ament_index/resource_index/package_run_dependencies/boost_io_context
[0.541s] -- Up-to-date symlink: /home/zhijie/autoware/install/boost_io_context/share/ament_index/resource_index/parent_prefix_path/boost_io_context
[0.542s] -- Up-to-date symlink: /home/zhijie/autoware/install/boost_io_context/share/boost_io_context/environment/ament_prefix_path.sh
[0.542s] -- Up-to-date symlink: /home/zhijie/autoware/install/boost_io_context/share/boost_io_context/environment/ament_prefix_path.dsv
[0.542s] -- Up-to-date symlink: /home/zhijie/autoware/install/boost_io_context/share/boost_io_context/environment/path.sh
[0.542s] -- Up-to-date symlink: /home/zhijie/autoware/install/boost_io_context/share/boost_io_context/environment/path.dsv
[0.542s] -- Up-to-date symlink: /home/zhijie/autoware/install/boost_io_context/share/boost_io_context/local_setup.bash
[0.542s] -- Up-to-date symlink: /home/zhijie/autoware/install/boost_io_context/share/boost_io_context/local_setup.sh
[0.542s] -- Up-to-date symlink: /home/zhijie/autoware/install/boost_io_context/share/boost_io_context/local_setup.zsh
[0.542s] -- Up-to-date symlink: /home/zhijie/autoware/install/boost_io_context/share/boost_io_context/local_setup.dsv
[0.542s] -- Symlinking: /home/zhijie/autoware/install/boost_io_context/share/boost_io_context/package.dsv
[0.547s] -- Up-to-date symlink: /home/zhijie/autoware/install/boost_io_context/share/ament_index/resource_index/packages/boost_io_context
[0.547s] -- Up-to-date symlink: /home/zhijie/autoware/install/boost_io_context/share/boost_io_context/cmake/ament_cmake_export_dependencies-extras.cmake
[0.547s] -- Up-to-date symlink: /home/zhijie/autoware/install/boost_io_context/share/boost_io_context/cmake/ament_cmake_export_include_directories-extras.cmake
[0.547s] -- Up-to-date symlink: /home/zhijie/autoware/install/boost_io_context/share/boost_io_context/cmake/ament_cmake_export_libraries-extras.cmake
[0.548s] -- Up-to-date symlink: /home/zhijie/autoware/install/boost_io_context/share/boost_io_context/cmake/boost_io_contextConfig.cmake
[0.548s] -- Up-to-date symlink: /home/zhijie/autoware/install/boost_io_context/share/boost_io_context/cmake/boost_io_contextConfig-version.cmake
[0.548s] -- Up-to-date symlink: /home/zhijie/autoware/install/boost_io_context/share/boost_io_context/package.xml
[0.559s] Invoked command in '/home/zhijie/autoware/build/boost_io_context' returned '0': CMAKE_PREFIX_PATH=/opt/ros/humble /usr/bin/cmake --install /home/zhijie/autoware/build/boost_io_context
