-- The C compiler identification is GNU 11.4.0
-- The CXX compiler identification is GNU 11.4.0
-- Detecting C compiler ABI info
-- Detecting C compiler ABI info - done
-- Check for working C compiler: /usr/bin/cc - skipped
-- Detecting C compile features
-- Detecting C compile features - done
-- Detecting CXX compiler ABI info
-- Detecting CXX compiler ABI info - done
-- Check for working CXX compiler: /usr/bin/c++ - skipped
-- Detecting CXX compile features
-- Detecting CXX compile features - done
-- Found ament_cmake: 1.3.5 (/opt/ros/humble/share/ament_cmake/cmake)
-- Found Python3: /usr/bin/python3.10 (found version "3.10.12") found components: Interpreter 
-- Override CMake install command with custom implementation using symlinks instead of copying resources
-- Configuring done
-- Generating done
-- Build files have been written to: /home/zhijie/autoware/build/dataspeed_ulc
-- Install configuration: "Release"
-- Execute custom install script
-- Symlinking: /home/zhijie/autoware/install/dataspeed_ulc/share/ament_index/resource_index/package_run_dependencies/dataspeed_ulc
-- Symlinking: /home/zhijie/autoware/install/dataspeed_ulc/share/ament_index/resource_index/parent_prefix_path/dataspeed_ulc
-- Symlinking: /home/zhijie/autoware/install/dataspeed_ulc/share/dataspeed_ulc/environment/ament_prefix_path.sh
-- Symlinking: /home/zhijie/autoware/install/dataspeed_ulc/share/dataspeed_ulc/environment/ament_prefix_path.dsv
-- Symlinking: /home/zhijie/autoware/install/dataspeed_ulc/share/dataspeed_ulc/environment/path.sh
-- Symlinking: /home/zhijie/autoware/install/dataspeed_ulc/share/dataspeed_ulc/environment/path.dsv
-- Symlinking: /home/zhijie/autoware/install/dataspeed_ulc/share/dataspeed_ulc/local_setup.bash
-- Symlinking: /home/zhijie/autoware/install/dataspeed_ulc/share/dataspeed_ulc/local_setup.sh
-- Symlinking: /home/zhijie/autoware/install/dataspeed_ulc/share/dataspeed_ulc/local_setup.zsh
-- Symlinking: /home/zhijie/autoware/install/dataspeed_ulc/share/dataspeed_ulc/local_setup.dsv
-- Symlinking: /home/zhijie/autoware/install/dataspeed_ulc/share/dataspeed_ulc/package.dsv
-- Symlinking: /home/zhijie/autoware/install/dataspeed_ulc/share/ament_index/resource_index/packages/dataspeed_ulc
-- Symlinking: /home/zhijie/autoware/install/dataspeed_ulc/share/dataspeed_ulc/cmake/dataspeed_ulcConfig.cmake
-- Symlinking: /home/zhijie/autoware/install/dataspeed_ulc/share/dataspeed_ulc/cmake/dataspeed_ulcConfig-version.cmake
-- Symlinking: /home/zhijie/autoware/install/dataspeed_ulc/share/dataspeed_ulc/package.xml
