[0.054s] Invoking command in '/home/zhijie/autoware/build/autoware_map_msgs': CMAKE_PREFIX_PATH=/opt/ros/humble /usr/bin/cmake --build /home/zhijie/autoware/build/autoware_map_msgs -- -j16 -l16
[0.768s] [  1%] Built target autoware_map_msgs__cpp
[0.768s] [  1%] Built target ament_cmake_python_symlink_autoware_map_msgs
[0.768s] [ 12%] Built target autoware_map_msgs__rosidl_generator_c
[0.768s] [ 24%] Built target autoware_map_msgs__rosidl_typesupport_cpp
[0.768s] [ 35%] Built target autoware_map_msgs__rosidl_typesupport_fastrtps_cpp
[0.768s] [ 47%] Built target autoware_map_msgs__rosidl_typesupport_introspection_cpp
[0.768s] [ 58%] Built target autoware_map_msgs__rosidl_typesupport_fastrtps_c
[0.768s] [ 70%] Built target autoware_map_msgs__rosidl_typesupport_c
[0.769s] [ 82%] Built target autoware_map_msgs__rosidl_typesupport_introspection_c
[0.769s] [ 82%] Built target autoware_map_msgs
[0.769s] [ 83%] Built target autoware_map_msgs__py
[0.769s] [ 93%] Built target autoware_map_msgs__rosidl_generator_py
[0.769s] [ 95%] Built target autoware_map_msgs__rosidl_typesupport_introspection_c__pyext
[0.769s] [ 97%] Built target autoware_map_msgs__rosidl_typesupport_fastrtps_c__pyext
[0.769s] [100%] Built target autoware_map_msgs__rosidl_typesupport_c__pyext
[0.769s] running egg_info
[0.769s] writing autoware_map_msgs.egg-info/PKG-INFO
[0.769s] writing dependency_links to autoware_map_msgs.egg-info/dependency_links.txt
[0.769s] writing top-level names to autoware_map_msgs.egg-info/top_level.txt
[0.769s] reading manifest file 'autoware_map_msgs.egg-info/SOURCES.txt'
[0.770s] writing manifest file 'autoware_map_msgs.egg-info/SOURCES.txt'
[0.807s] [100%] Built target ament_cmake_python_build_autoware_map_msgs_egg
[0.827s] Invoked command in '/home/zhijie/autoware/build/autoware_map_msgs' returned '0': CMAKE_PREFIX_PATH=/opt/ros/humble /usr/bin/cmake --build /home/zhijie/autoware/build/autoware_map_msgs -- -j16 -l16
[1.052s] Invoking command in '/home/zhijie/autoware/build/autoware_map_msgs': CMAKE_PREFIX_PATH=/opt/ros/humble /usr/bin/cmake --install /home/zhijie/autoware/build/autoware_map_msgs
[1.058s] -- Install configuration: "Release"
[1.060s] -- Execute custom install script
[1.060s] -- Up-to-date symlink: /home/zhijie/autoware/install/autoware_map_msgs/share/ament_index/resource_index/rosidl_interfaces/autoware_map_msgs
[1.060s] -- Up-to-date symlink: /home/zhijie/autoware/install/autoware_map_msgs/include/autoware_map_msgs/autoware_map_msgs/msg/area_info.h
[1.060s] -- Up-to-date symlink: /home/zhijie/autoware/install/autoware_map_msgs/include/autoware_map_msgs/autoware_map_msgs/msg/detail/area_info__functions.h
[1.060s] -- Up-to-date symlink: /home/zhijie/autoware/install/autoware_map_msgs/include/autoware_map_msgs/autoware_map_msgs/msg/detail/area_info__struct.h
[1.060s] -- Up-to-date symlink: /home/zhijie/autoware/install/autoware_map_msgs/include/autoware_map_msgs/autoware_map_msgs/msg/detail/area_info__type_support.h
[1.060s] -- Up-to-date symlink: /home/zhijie/autoware/install/autoware_map_msgs/include/autoware_map_msgs/autoware_map_msgs/msg/detail/lanelet_map_bin__functions.h
[1.060s] -- Up-to-date symlink: /home/zhijie/autoware/install/autoware_map_msgs/include/autoware_map_msgs/autoware_map_msgs/msg/detail/lanelet_map_bin__struct.h
[1.066s] -- Up-to-date symlink: /home/zhijie/autoware/install/autoware_map_msgs/include/autoware_map_msgs/autoware_map_msgs/msg/detail/lanelet_map_bin__type_support.h
[1.066s] -- Up-to-date symlink: /home/zhijie/autoware/install/autoware_map_msgs/include/autoware_map_msgs/autoware_map_msgs/msg/detail/point_cloud_map_cell_meta_data__functions.h
[1.067s] -- Up-to-date symlink: /home/zhijie/autoware/install/autoware_map_msgs/include/autoware_map_msgs/autoware_map_msgs/msg/detail/point_cloud_map_cell_meta_data__struct.h
[1.067s] -- Up-to-date symlink: /home/zhijie/autoware/install/autoware_map_msgs/include/autoware_map_msgs/autoware_map_msgs/msg/detail/point_cloud_map_cell_meta_data__type_support.h
[1.068s] -- Up-to-date symlink: /home/zhijie/autoware/install/autoware_map_msgs/include/autoware_map_msgs/autoware_map_msgs/msg/detail/point_cloud_map_cell_meta_data_with_id__functions.h
[1.068s] -- Up-to-date symlink: /home/zhijie/autoware/install/autoware_map_msgs/include/autoware_map_msgs/autoware_map_msgs/msg/detail/point_cloud_map_cell_meta_data_with_id__struct.h
[1.068s] -- Up-to-date symlink: /home/zhijie/autoware/install/autoware_map_msgs/include/autoware_map_msgs/autoware_map_msgs/msg/detail/point_cloud_map_cell_meta_data_with_id__type_support.h
[1.068s] -- Up-to-date symlink: /home/zhijie/autoware/install/autoware_map_msgs/include/autoware_map_msgs/autoware_map_msgs/msg/detail/point_cloud_map_cell_with_id__functions.h
[1.069s] -- Up-to-date symlink: /home/zhijie/autoware/install/autoware_map_msgs/include/autoware_map_msgs/autoware_map_msgs/msg/detail/point_cloud_map_cell_with_id__struct.h
[1.069s] -- Up-to-date symlink: /home/zhijie/autoware/install/autoware_map_msgs/include/autoware_map_msgs/autoware_map_msgs/msg/detail/point_cloud_map_cell_with_id__type_support.h
[1.069s] -- Up-to-date symlink: /home/zhijie/autoware/install/autoware_map_msgs/include/autoware_map_msgs/autoware_map_msgs/msg/detail/point_cloud_map_meta_data__functions.h
[1.070s] -- Up-to-date symlink: /home/zhijie/autoware/install/autoware_map_msgs/include/autoware_map_msgs/autoware_map_msgs/msg/detail/point_cloud_map_meta_data__struct.h
[1.070s] -- Up-to-date symlink: /home/zhijie/autoware/install/autoware_map_msgs/include/autoware_map_msgs/autoware_map_msgs/msg/detail/point_cloud_map_meta_data__type_support.h
[1.070s] -- Up-to-date symlink: /home/zhijie/autoware/install/autoware_map_msgs/include/autoware_map_msgs/autoware_map_msgs/msg/lanelet_map_bin.h
[1.070s] -- Up-to-date symlink: /home/zhijie/autoware/install/autoware_map_msgs/include/autoware_map_msgs/autoware_map_msgs/msg/point_cloud_map_cell_meta_data.h
[1.070s] -- Up-to-date symlink: /home/zhijie/autoware/install/autoware_map_msgs/include/autoware_map_msgs/autoware_map_msgs/msg/point_cloud_map_cell_meta_data_with_id.h
[1.070s] -- Up-to-date symlink: /home/zhijie/autoware/install/autoware_map_msgs/include/autoware_map_msgs/autoware_map_msgs/msg/point_cloud_map_cell_with_id.h
[1.070s] -- Up-to-date symlink: /home/zhijie/autoware/install/autoware_map_msgs/include/autoware_map_msgs/autoware_map_msgs/msg/point_cloud_map_meta_data.h
[1.073s] -- Up-to-date symlink: /home/zhijie/autoware/install/autoware_map_msgs/include/autoware_map_msgs/autoware_map_msgs/msg/rosidl_generator_c__visibility_control.h
[1.073s] -- Up-to-date symlink: /home/zhijie/autoware/install/autoware_map_msgs/include/autoware_map_msgs/autoware_map_msgs/srv/detail/get_differential_point_cloud_map__functions.h
[1.073s] -- Up-to-date symlink: /home/zhijie/autoware/install/autoware_map_msgs/include/autoware_map_msgs/autoware_map_msgs/srv/detail/get_differential_point_cloud_map__struct.h
[1.073s] -- Up-to-date symlink: /home/zhijie/autoware/install/autoware_map_msgs/include/autoware_map_msgs/autoware_map_msgs/srv/detail/get_differential_point_cloud_map__type_support.h
[1.073s] -- Up-to-date symlink: /home/zhijie/autoware/install/autoware_map_msgs/include/autoware_map_msgs/autoware_map_msgs/srv/detail/get_partial_point_cloud_map__functions.h
[1.073s] -- Up-to-date symlink: /home/zhijie/autoware/install/autoware_map_msgs/include/autoware_map_msgs/autoware_map_msgs/srv/detail/get_partial_point_cloud_map__struct.h
[1.073s] -- Up-to-date symlink: /home/zhijie/autoware/install/autoware_map_msgs/include/autoware_map_msgs/autoware_map_msgs/srv/detail/get_partial_point_cloud_map__type_support.h
[1.073s] -- Up-to-date symlink: /home/zhijie/autoware/install/autoware_map_msgs/include/autoware_map_msgs/autoware_map_msgs/srv/detail/get_selected_point_cloud_map__functions.h
[1.073s] -- Up-to-date symlink: /home/zhijie/autoware/install/autoware_map_msgs/include/autoware_map_msgs/autoware_map_msgs/srv/detail/get_selected_point_cloud_map__struct.h
[1.073s] -- Up-to-date symlink: /home/zhijie/autoware/install/autoware_map_msgs/include/autoware_map_msgs/autoware_map_msgs/srv/detail/get_selected_point_cloud_map__type_support.h
[1.078s] -- Up-to-date symlink: /home/zhijie/autoware/install/autoware_map_msgs/include/autoware_map_msgs/autoware_map_msgs/srv/get_differential_point_cloud_map.h
[1.081s] -- Up-to-date symlink: /home/zhijie/autoware/install/autoware_map_msgs/include/autoware_map_msgs/autoware_map_msgs/srv/get_partial_point_cloud_map.h
[1.081s] -- Up-to-date symlink: /home/zhijie/autoware/install/autoware_map_msgs/include/autoware_map_msgs/autoware_map_msgs/srv/get_selected_point_cloud_map.h
[1.081s] -- Up-to-date symlink: /home/zhijie/autoware/install/autoware_map_msgs/share/autoware_map_msgs/environment/library_path.sh
[1.081s] -- Up-to-date symlink: /home/zhijie/autoware/install/autoware_map_msgs/share/autoware_map_msgs/environment/library_path.dsv
[1.081s] -- Up-to-date symlink: /home/zhijie/autoware/install/autoware_map_msgs/include/autoware_map_msgs/autoware_map_msgs/msg/detail/area_info__rosidl_typesupport_fastrtps_c.h
[1.081s] -- Up-to-date symlink: /home/zhijie/autoware/install/autoware_map_msgs/include/autoware_map_msgs/autoware_map_msgs/msg/detail/lanelet_map_bin__rosidl_typesupport_fastrtps_c.h
[1.081s] -- Up-to-date symlink: /home/zhijie/autoware/install/autoware_map_msgs/include/autoware_map_msgs/autoware_map_msgs/msg/detail/point_cloud_map_cell_meta_data__rosidl_typesupport_fastrtps_c.h
[1.081s] -- Up-to-date symlink: /home/zhijie/autoware/install/autoware_map_msgs/include/autoware_map_msgs/autoware_map_msgs/msg/detail/point_cloud_map_cell_meta_data_with_id__rosidl_typesupport_fastrtps_c.h
[1.082s] -- Up-to-date symlink: /home/zhijie/autoware/install/autoware_map_msgs/include/autoware_map_msgs/autoware_map_msgs/msg/detail/point_cloud_map_cell_with_id__rosidl_typesupport_fastrtps_c.h
[1.082s] -- Up-to-date symlink: /home/zhijie/autoware/install/autoware_map_msgs/include/autoware_map_msgs/autoware_map_msgs/msg/detail/point_cloud_map_meta_data__rosidl_typesupport_fastrtps_c.h
[1.082s] -- Up-to-date symlink: /home/zhijie/autoware/install/autoware_map_msgs/include/autoware_map_msgs/autoware_map_msgs/msg/rosidl_typesupport_fastrtps_c__visibility_control.h
[1.082s] -- Up-to-date symlink: /home/zhijie/autoware/install/autoware_map_msgs/include/autoware_map_msgs/autoware_map_msgs/srv/detail/get_differential_point_cloud_map__rosidl_typesupport_fastrtps_c.h
[1.082s] -- Up-to-date symlink: /home/zhijie/autoware/install/autoware_map_msgs/include/autoware_map_msgs/autoware_map_msgs/srv/detail/get_partial_point_cloud_map__rosidl_typesupport_fastrtps_c.h
[1.082s] -- Up-to-date symlink: /home/zhijie/autoware/install/autoware_map_msgs/include/autoware_map_msgs/autoware_map_msgs/srv/detail/get_selected_point_cloud_map__rosidl_typesupport_fastrtps_c.h
[1.082s] -- Up-to-date symlink: /home/zhijie/autoware/install/autoware_map_msgs/include/autoware_map_msgs/autoware_map_msgs/msg/area_info.hpp
[1.082s] -- Up-to-date symlink: /home/zhijie/autoware/install/autoware_map_msgs/include/autoware_map_msgs/autoware_map_msgs/msg/detail/area_info__builder.hpp
[1.082s] -- Up-to-date symlink: /home/zhijie/autoware/install/autoware_map_msgs/include/autoware_map_msgs/autoware_map_msgs/msg/detail/area_info__struct.hpp
[1.082s] -- Up-to-date symlink: /home/zhijie/autoware/install/autoware_map_msgs/include/autoware_map_msgs/autoware_map_msgs/msg/detail/area_info__traits.hpp
[1.082s] -- Up-to-date symlink: /home/zhijie/autoware/install/autoware_map_msgs/include/autoware_map_msgs/autoware_map_msgs/msg/detail/lanelet_map_bin__builder.hpp
[1.082s] -- Up-to-date symlink: /home/zhijie/autoware/install/autoware_map_msgs/include/autoware_map_msgs/autoware_map_msgs/msg/detail/lanelet_map_bin__struct.hpp
[1.082s] -- Up-to-date symlink: /home/zhijie/autoware/install/autoware_map_msgs/include/autoware_map_msgs/autoware_map_msgs/msg/detail/lanelet_map_bin__traits.hpp
[1.082s] -- Up-to-date symlink: /home/zhijie/autoware/install/autoware_map_msgs/include/autoware_map_msgs/autoware_map_msgs/msg/detail/point_cloud_map_cell_meta_data__builder.hpp
[1.082s] -- Up-to-date symlink: /home/zhijie/autoware/install/autoware_map_msgs/include/autoware_map_msgs/autoware_map_msgs/msg/detail/point_cloud_map_cell_meta_data__struct.hpp
[1.082s] -- Up-to-date symlink: /home/zhijie/autoware/install/autoware_map_msgs/include/autoware_map_msgs/autoware_map_msgs/msg/detail/point_cloud_map_cell_meta_data__traits.hpp
[1.083s] -- Up-to-date symlink: /home/zhijie/autoware/install/autoware_map_msgs/include/autoware_map_msgs/autoware_map_msgs/msg/detail/point_cloud_map_cell_meta_data_with_id__builder.hpp
[1.083s] -- Up-to-date symlink: /home/zhijie/autoware/install/autoware_map_msgs/include/autoware_map_msgs/autoware_map_msgs/msg/detail/point_cloud_map_cell_meta_data_with_id__struct.hpp
[1.083s] -- Up-to-date symlink: /home/zhijie/autoware/install/autoware_map_msgs/include/autoware_map_msgs/autoware_map_msgs/msg/detail/point_cloud_map_cell_meta_data_with_id__traits.hpp
[1.083s] -- Up-to-date symlink: /home/zhijie/autoware/install/autoware_map_msgs/include/autoware_map_msgs/autoware_map_msgs/msg/detail/point_cloud_map_cell_with_id__builder.hpp
[1.083s] -- Up-to-date symlink: /home/zhijie/autoware/install/autoware_map_msgs/include/autoware_map_msgs/autoware_map_msgs/msg/detail/point_cloud_map_cell_with_id__struct.hpp
[1.083s] -- Up-to-date symlink: /home/zhijie/autoware/install/autoware_map_msgs/include/autoware_map_msgs/autoware_map_msgs/msg/detail/point_cloud_map_cell_with_id__traits.hpp
[1.083s] -- Up-to-date symlink: /home/zhijie/autoware/install/autoware_map_msgs/include/autoware_map_msgs/autoware_map_msgs/msg/detail/point_cloud_map_meta_data__builder.hpp
[1.084s] -- Up-to-date symlink: /home/zhijie/autoware/install/autoware_map_msgs/include/autoware_map_msgs/autoware_map_msgs/msg/detail/point_cloud_map_meta_data__struct.hpp
[1.084s] -- Up-to-date symlink: /home/zhijie/autoware/install/autoware_map_msgs/include/autoware_map_msgs/autoware_map_msgs/msg/detail/point_cloud_map_meta_data__traits.hpp
[1.084s] -- Up-to-date symlink: /home/zhijie/autoware/install/autoware_map_msgs/include/autoware_map_msgs/autoware_map_msgs/msg/lanelet_map_bin.hpp
[1.084s] -- Up-to-date symlink: /home/zhijie/autoware/install/autoware_map_msgs/include/autoware_map_msgs/autoware_map_msgs/msg/point_cloud_map_cell_meta_data.hpp
[1.085s] -- Up-to-date symlink: /home/zhijie/autoware/install/autoware_map_msgs/include/autoware_map_msgs/autoware_map_msgs/msg/point_cloud_map_cell_meta_data_with_id.hpp
[1.086s] -- Up-to-date symlink: /home/zhijie/autoware/install/autoware_map_msgs/include/autoware_map_msgs/autoware_map_msgs/msg/point_cloud_map_cell_with_id.hpp
[1.086s] -- Up-to-date symlink: /home/zhijie/autoware/install/autoware_map_msgs/include/autoware_map_msgs/autoware_map_msgs/msg/point_cloud_map_meta_data.hpp
[1.086s] -- Up-to-date symlink: /home/zhijie/autoware/install/autoware_map_msgs/include/autoware_map_msgs/autoware_map_msgs/srv/detail/get_differential_point_cloud_map__builder.hpp
[1.086s] -- Up-to-date symlink: /home/zhijie/autoware/install/autoware_map_msgs/include/autoware_map_msgs/autoware_map_msgs/srv/detail/get_differential_point_cloud_map__struct.hpp
[1.086s] -- Up-to-date symlink: /home/zhijie/autoware/install/autoware_map_msgs/include/autoware_map_msgs/autoware_map_msgs/srv/detail/get_differential_point_cloud_map__traits.hpp
[1.086s] -- Up-to-date symlink: /home/zhijie/autoware/install/autoware_map_msgs/include/autoware_map_msgs/autoware_map_msgs/srv/detail/get_partial_point_cloud_map__builder.hpp
[1.087s] -- Up-to-date symlink: /home/zhijie/autoware/install/autoware_map_msgs/include/autoware_map_msgs/autoware_map_msgs/srv/detail/get_partial_point_cloud_map__struct.hpp
[1.087s] -- Up-to-date symlink: /home/zhijie/autoware/install/autoware_map_msgs/include/autoware_map_msgs/autoware_map_msgs/srv/detail/get_partial_point_cloud_map__traits.hpp
[1.090s] -- Up-to-date symlink: /home/zhijie/autoware/install/autoware_map_msgs/include/autoware_map_msgs/autoware_map_msgs/srv/detail/get_selected_point_cloud_map__builder.hpp
[1.090s] -- Up-to-date symlink: /home/zhijie/autoware/install/autoware_map_msgs/include/autoware_map_msgs/autoware_map_msgs/srv/detail/get_selected_point_cloud_map__struct.hpp
[1.090s] -- Up-to-date symlink: /home/zhijie/autoware/install/autoware_map_msgs/include/autoware_map_msgs/autoware_map_msgs/srv/detail/get_selected_point_cloud_map__traits.hpp
[1.090s] -- Up-to-date symlink: /home/zhijie/autoware/install/autoware_map_msgs/include/autoware_map_msgs/autoware_map_msgs/srv/get_differential_point_cloud_map.hpp
[1.090s] -- Up-to-date symlink: /home/zhijie/autoware/install/autoware_map_msgs/include/autoware_map_msgs/autoware_map_msgs/srv/get_partial_point_cloud_map.hpp
[1.092s] -- Up-to-date symlink: /home/zhijie/autoware/install/autoware_map_msgs/include/autoware_map_msgs/autoware_map_msgs/srv/get_selected_point_cloud_map.hpp
[1.095s] -- Up-to-date symlink: /home/zhijie/autoware/install/autoware_map_msgs/include/autoware_map_msgs/autoware_map_msgs/msg/detail/area_info__rosidl_typesupport_fastrtps_cpp.hpp
[1.096s] -- Up-to-date symlink: /home/zhijie/autoware/install/autoware_map_msgs/include/autoware_map_msgs/autoware_map_msgs/msg/detail/lanelet_map_bin__rosidl_typesupport_fastrtps_cpp.hpp
[1.096s] -- Up-to-date symlink: /home/zhijie/autoware/install/autoware_map_msgs/include/autoware_map_msgs/autoware_map_msgs/msg/detail/point_cloud_map_cell_meta_data__rosidl_typesupport_fastrtps_cpp.hpp
[1.096s] -- Up-to-date symlink: /home/zhijie/autoware/install/autoware_map_msgs/include/autoware_map_msgs/autoware_map_msgs/msg/detail/point_cloud_map_cell_meta_data_with_id__rosidl_typesupport_fastrtps_cpp.hpp
[1.096s] -- Up-to-date symlink: /home/zhijie/autoware/install/autoware_map_msgs/include/autoware_map_msgs/autoware_map_msgs/msg/detail/point_cloud_map_cell_with_id__rosidl_typesupport_fastrtps_cpp.hpp
[1.097s] -- Up-to-date symlink: /home/zhijie/autoware/install/autoware_map_msgs/include/autoware_map_msgs/autoware_map_msgs/msg/detail/point_cloud_map_meta_data__rosidl_typesupport_fastrtps_cpp.hpp
[1.097s] -- Up-to-date symlink: /home/zhijie/autoware/install/autoware_map_msgs/include/autoware_map_msgs/autoware_map_msgs/msg/rosidl_typesupport_fastrtps_cpp__visibility_control.h
[1.097s] -- Up-to-date symlink: /home/zhijie/autoware/install/autoware_map_msgs/include/autoware_map_msgs/autoware_map_msgs/srv/detail/get_differential_point_cloud_map__rosidl_typesupport_fastrtps_cpp.hpp
[1.097s] -- Up-to-date symlink: /home/zhijie/autoware/install/autoware_map_msgs/include/autoware_map_msgs/autoware_map_msgs/srv/detail/get_partial_point_cloud_map__rosidl_typesupport_fastrtps_cpp.hpp
[1.098s] -- Up-to-date symlink: /home/zhijie/autoware/install/autoware_map_msgs/include/autoware_map_msgs/autoware_map_msgs/srv/detail/get_selected_point_cloud_map__rosidl_typesupport_fastrtps_cpp.hpp
[1.098s] -- Up-to-date symlink: /home/zhijie/autoware/install/autoware_map_msgs/include/autoware_map_msgs/autoware_map_msgs/msg/detail/area_info__rosidl_typesupport_introspection_c.h
[1.098s] -- Up-to-date symlink: /home/zhijie/autoware/install/autoware_map_msgs/include/autoware_map_msgs/autoware_map_msgs/msg/detail/lanelet_map_bin__rosidl_typesupport_introspection_c.h
[1.098s] -- Up-to-date symlink: /home/zhijie/autoware/install/autoware_map_msgs/include/autoware_map_msgs/autoware_map_msgs/msg/detail/point_cloud_map_cell_meta_data__rosidl_typesupport_introspection_c.h
[1.098s] -- Up-to-date symlink: /home/zhijie/autoware/install/autoware_map_msgs/include/autoware_map_msgs/autoware_map_msgs/msg/detail/point_cloud_map_cell_meta_data_with_id__rosidl_typesupport_introspection_c.h
[1.098s] -- Up-to-date symlink: /home/zhijie/autoware/install/autoware_map_msgs/include/autoware_map_msgs/autoware_map_msgs/msg/detail/point_cloud_map_cell_with_id__rosidl_typesupport_introspection_c.h
[1.099s] -- Up-to-date symlink: /home/zhijie/autoware/install/autoware_map_msgs/include/autoware_map_msgs/autoware_map_msgs/msg/detail/point_cloud_map_meta_data__rosidl_typesupport_introspection_c.h
[1.099s] -- Up-to-date symlink: /home/zhijie/autoware/install/autoware_map_msgs/include/autoware_map_msgs/autoware_map_msgs/msg/rosidl_typesupport_introspection_c__visibility_control.h
[1.099s] -- Up-to-date symlink: /home/zhijie/autoware/install/autoware_map_msgs/include/autoware_map_msgs/autoware_map_msgs/srv/detail/get_differential_point_cloud_map__rosidl_typesupport_introspection_c.h
[1.100s] -- Up-to-date symlink: /home/zhijie/autoware/install/autoware_map_msgs/include/autoware_map_msgs/autoware_map_msgs/srv/detail/get_partial_point_cloud_map__rosidl_typesupport_introspection_c.h
[1.100s] -- Up-to-date symlink: /home/zhijie/autoware/install/autoware_map_msgs/include/autoware_map_msgs/autoware_map_msgs/srv/detail/get_selected_point_cloud_map__rosidl_typesupport_introspection_c.h
[1.100s] -- Up-to-date symlink: /home/zhijie/autoware/install/autoware_map_msgs/include/autoware_map_msgs/autoware_map_msgs/msg/detail/area_info__rosidl_typesupport_introspection_cpp.hpp
[1.100s] -- Up-to-date symlink: /home/zhijie/autoware/install/autoware_map_msgs/include/autoware_map_msgs/autoware_map_msgs/msg/detail/lanelet_map_bin__rosidl_typesupport_introspection_cpp.hpp
[1.100s] -- Up-to-date symlink: /home/zhijie/autoware/install/autoware_map_msgs/include/autoware_map_msgs/autoware_map_msgs/msg/detail/point_cloud_map_cell_meta_data__rosidl_typesupport_introspection_cpp.hpp
[1.101s] -- Up-to-date symlink: /home/zhijie/autoware/install/autoware_map_msgs/include/autoware_map_msgs/autoware_map_msgs/msg/detail/point_cloud_map_cell_meta_data_with_id__rosidl_typesupport_introspection_cpp.hpp
[1.101s] -- Up-to-date symlink: /home/zhijie/autoware/install/autoware_map_msgs/include/autoware_map_msgs/autoware_map_msgs/msg/detail/point_cloud_map_cell_with_id__rosidl_typesupport_introspection_cpp.hpp
[1.101s] -- Up-to-date symlink: /home/zhijie/autoware/install/autoware_map_msgs/include/autoware_map_msgs/autoware_map_msgs/msg/detail/point_cloud_map_meta_data__rosidl_typesupport_introspection_cpp.hpp
[1.101s] -- Up-to-date symlink: /home/zhijie/autoware/install/autoware_map_msgs/include/autoware_map_msgs/autoware_map_msgs/srv/detail/get_differential_point_cloud_map__rosidl_typesupport_introspection_cpp.hpp
[1.101s] -- Up-to-date symlink: /home/zhijie/autoware/install/autoware_map_msgs/include/autoware_map_msgs/autoware_map_msgs/srv/detail/get_partial_point_cloud_map__rosidl_typesupport_introspection_cpp.hpp
[1.102s] -- Up-to-date symlink: /home/zhijie/autoware/install/autoware_map_msgs/include/autoware_map_msgs/autoware_map_msgs/srv/detail/get_selected_point_cloud_map__rosidl_typesupport_introspection_cpp.hpp
[1.104s] -- Up-to-date symlink: /home/zhijie/autoware/install/autoware_map_msgs/share/autoware_map_msgs/environment/pythonpath.sh
[1.104s] -- Up-to-date symlink: /home/zhijie/autoware/install/autoware_map_msgs/share/autoware_map_msgs/environment/pythonpath.dsv
[1.104s] -- Up-to-date symlink: /home/zhijie/autoware/install/autoware_map_msgs/local/lib/python3.10/dist-packages/autoware_map_msgs-1.0.0-py3.10.egg-info/PKG-INFO
[1.104s] -- Up-to-date symlink: /home/zhijie/autoware/install/autoware_map_msgs/local/lib/python3.10/dist-packages/autoware_map_msgs-1.0.0-py3.10.egg-info/SOURCES.txt
[1.104s] -- Up-to-date symlink: /home/zhijie/autoware/install/autoware_map_msgs/local/lib/python3.10/dist-packages/autoware_map_msgs-1.0.0-py3.10.egg-info/dependency_links.txt
[1.104s] -- Up-to-date symlink: /home/zhijie/autoware/install/autoware_map_msgs/local/lib/python3.10/dist-packages/autoware_map_msgs-1.0.0-py3.10.egg-info/top_level.txt
[1.105s] -- Up-to-date symlink: /home/zhijie/autoware/install/autoware_map_msgs/local/lib/python3.10/dist-packages/autoware_map_msgs/__init__.py
[1.105s] -- Up-to-date symlink: /home/zhijie/autoware/install/autoware_map_msgs/local/lib/python3.10/dist-packages/autoware_map_msgs/_autoware_map_msgs_s.ep.rosidl_typesupport_c.c
[1.105s] -- Up-to-date symlink: /home/zhijie/autoware/install/autoware_map_msgs/local/lib/python3.10/dist-packages/autoware_map_msgs/_autoware_map_msgs_s.ep.rosidl_typesupport_fastrtps_c.c
[1.105s] -- Up-to-date symlink: /home/zhijie/autoware/install/autoware_map_msgs/local/lib/python3.10/dist-packages/autoware_map_msgs/_autoware_map_msgs_s.ep.rosidl_typesupport_introspection_c.c
[1.105s] -- Up-to-date symlink: /home/zhijie/autoware/install/autoware_map_msgs/local/lib/python3.10/dist-packages/autoware_map_msgs/autoware_map_msgs_s__rosidl_typesupport_c.cpython-310-x86_64-linux-gnu.so
[1.108s] -- Up-to-date symlink: /home/zhijie/autoware/install/autoware_map_msgs/local/lib/python3.10/dist-packages/autoware_map_msgs/autoware_map_msgs_s__rosidl_typesupport_fastrtps_c.cpython-310-x86_64-linux-gnu.so
[1.108s] -- Up-to-date symlink: /home/zhijie/autoware/install/autoware_map_msgs/local/lib/python3.10/dist-packages/autoware_map_msgs/autoware_map_msgs_s__rosidl_typesupport_introspection_c.cpython-310-x86_64-linux-gnu.so
[1.108s] -- Up-to-date symlink: /home/zhijie/autoware/install/autoware_map_msgs/local/lib/python3.10/dist-packages/autoware_map_msgs/libautoware_map_msgs__rosidl_generator_py.so
[1.108s] -- Up-to-date symlink: /home/zhijie/autoware/install/autoware_map_msgs/local/lib/python3.10/dist-packages/autoware_map_msgs/msg/__init__.py
[1.108s] -- Up-to-date symlink: /home/zhijie/autoware/install/autoware_map_msgs/local/lib/python3.10/dist-packages/autoware_map_msgs/msg/_area_info.py
[1.108s] -- Up-to-date symlink: /home/zhijie/autoware/install/autoware_map_msgs/local/lib/python3.10/dist-packages/autoware_map_msgs/msg/_area_info_s.c
[1.109s] -- Up-to-date symlink: /home/zhijie/autoware/install/autoware_map_msgs/local/lib/python3.10/dist-packages/autoware_map_msgs/msg/_lanelet_map_bin.py
[1.110s] -- Up-to-date symlink: /home/zhijie/autoware/install/autoware_map_msgs/local/lib/python3.10/dist-packages/autoware_map_msgs/msg/_lanelet_map_bin_s.c
[1.110s] -- Up-to-date symlink: /home/zhijie/autoware/install/autoware_map_msgs/local/lib/python3.10/dist-packages/autoware_map_msgs/msg/_point_cloud_map_cell_meta_data.py
[1.110s] -- Up-to-date symlink: /home/zhijie/autoware/install/autoware_map_msgs/local/lib/python3.10/dist-packages/autoware_map_msgs/msg/_point_cloud_map_cell_meta_data_s.c
[1.111s] -- Up-to-date symlink: /home/zhijie/autoware/install/autoware_map_msgs/local/lib/python3.10/dist-packages/autoware_map_msgs/msg/_point_cloud_map_cell_meta_data_with_id.py
[1.111s] -- Up-to-date symlink: /home/zhijie/autoware/install/autoware_map_msgs/local/lib/python3.10/dist-packages/autoware_map_msgs/msg/_point_cloud_map_cell_meta_data_with_id_s.c
[1.111s] -- Up-to-date symlink: /home/zhijie/autoware/install/autoware_map_msgs/local/lib/python3.10/dist-packages/autoware_map_msgs/msg/_point_cloud_map_cell_with_id.py
[1.111s] -- Up-to-date symlink: /home/zhijie/autoware/install/autoware_map_msgs/local/lib/python3.10/dist-packages/autoware_map_msgs/msg/_point_cloud_map_cell_with_id_s.c
[1.111s] -- Up-to-date symlink: /home/zhijie/autoware/install/autoware_map_msgs/local/lib/python3.10/dist-packages/autoware_map_msgs/msg/_point_cloud_map_meta_data.py
[1.111s] -- Up-to-date symlink: /home/zhijie/autoware/install/autoware_map_msgs/local/lib/python3.10/dist-packages/autoware_map_msgs/msg/_point_cloud_map_meta_data_s.c
[1.111s] -- Up-to-date symlink: /home/zhijie/autoware/install/autoware_map_msgs/local/lib/python3.10/dist-packages/autoware_map_msgs/srv/__init__.py
[1.111s] -- Up-to-date symlink: /home/zhijie/autoware/install/autoware_map_msgs/local/lib/python3.10/dist-packages/autoware_map_msgs/srv/_get_differential_point_cloud_map.py
[1.111s] -- Up-to-date symlink: /home/zhijie/autoware/install/autoware_map_msgs/local/lib/python3.10/dist-packages/autoware_map_msgs/srv/_get_differential_point_cloud_map_s.c
[1.111s] -- Up-to-date symlink: /home/zhijie/autoware/install/autoware_map_msgs/local/lib/python3.10/dist-packages/autoware_map_msgs/srv/_get_partial_point_cloud_map.py
[1.111s] -- Up-to-date symlink: /home/zhijie/autoware/install/autoware_map_msgs/local/lib/python3.10/dist-packages/autoware_map_msgs/srv/_get_partial_point_cloud_map_s.c
[1.111s] -- Up-to-date symlink: /home/zhijie/autoware/install/autoware_map_msgs/local/lib/python3.10/dist-packages/autoware_map_msgs/srv/_get_selected_point_cloud_map.py
[1.111s] -- Up-to-date symlink: /home/zhijie/autoware/install/autoware_map_msgs/local/lib/python3.10/dist-packages/autoware_map_msgs/srv/_get_selected_point_cloud_map_s.c
[1.114s] -- Up-to-date symlink: /home/zhijie/autoware/install/autoware_map_msgs/local/lib/python3.10/dist-packages/autoware_map_msgs/autoware_map_msgs_s__rosidl_typesupport_fastrtps_c.cpython-310-x86_64-linux-gnu.so
[1.114s] -- Up-to-date symlink: /home/zhijie/autoware/install/autoware_map_msgs/local/lib/python3.10/dist-packages/autoware_map_msgs/autoware_map_msgs_s__rosidl_typesupport_introspection_c.cpython-310-x86_64-linux-gnu.so
[1.115s] -- Up-to-date symlink: /home/zhijie/autoware/install/autoware_map_msgs/local/lib/python3.10/dist-packages/autoware_map_msgs/autoware_map_msgs_s__rosidl_typesupport_c.cpython-310-x86_64-linux-gnu.so
[1.115s] -- Up-to-date symlink: /home/zhijie/autoware/install/autoware_map_msgs/share/autoware_map_msgs/msg/AreaInfo.idl
[1.115s] -- Up-to-date symlink: /home/zhijie/autoware/install/autoware_map_msgs/share/autoware_map_msgs/msg/LaneletMapBin.idl
[1.115s] -- Up-to-date symlink: /home/zhijie/autoware/install/autoware_map_msgs/share/autoware_map_msgs/msg/PointCloudMapCellWithID.idl
[1.115s] -- Up-to-date symlink: /home/zhijie/autoware/install/autoware_map_msgs/share/autoware_map_msgs/msg/PointCloudMapCellMetaData.idl
[1.116s] -- Up-to-date symlink: /home/zhijie/autoware/install/autoware_map_msgs/share/autoware_map_msgs/msg/PointCloudMapCellMetaDataWithID.idl
[1.117s] -- Up-to-date symlink: /home/zhijie/autoware/install/autoware_map_msgs/share/autoware_map_msgs/msg/PointCloudMapMetaData.idl
[1.117s] -- Up-to-date symlink: /home/zhijie/autoware/install/autoware_map_msgs/share/autoware_map_msgs/srv/GetPartialPointCloudMap.idl
[1.118s] -- Up-to-date symlink: /home/zhijie/autoware/install/autoware_map_msgs/share/autoware_map_msgs/srv/GetDifferentialPointCloudMap.idl
[1.118s] -- Up-to-date symlink: /home/zhijie/autoware/install/autoware_map_msgs/share/autoware_map_msgs/srv/GetSelectedPointCloudMap.idl
[1.118s] -- Up-to-date symlink: /home/zhijie/autoware/install/autoware_map_msgs/share/autoware_map_msgs/msg/AreaInfo.msg
[1.118s] -- Up-to-date symlink: /home/zhijie/autoware/install/autoware_map_msgs/share/autoware_map_msgs/msg/LaneletMapBin.msg
[1.118s] -- Up-to-date symlink: /home/zhijie/autoware/install/autoware_map_msgs/share/autoware_map_msgs/msg/PointCloudMapCellWithID.msg
[1.118s] -- Up-to-date symlink: /home/zhijie/autoware/install/autoware_map_msgs/share/autoware_map_msgs/msg/PointCloudMapCellMetaData.msg
[1.118s] -- Up-to-date symlink: /home/zhijie/autoware/install/autoware_map_msgs/share/autoware_map_msgs/msg/PointCloudMapCellMetaDataWithID.msg
[1.119s] -- Up-to-date symlink: /home/zhijie/autoware/install/autoware_map_msgs/share/autoware_map_msgs/msg/PointCloudMapMetaData.msg
[1.122s] -- Up-to-date symlink: /home/zhijie/autoware/install/autoware_map_msgs/share/autoware_map_msgs/srv/GetPartialPointCloudMap.srv
[1.122s] -- Up-to-date symlink: /home/zhijie/autoware/install/autoware_map_msgs/share/autoware_map_msgs/srv/GetPartialPointCloudMap_Request.msg
[1.122s] -- Up-to-date symlink: /home/zhijie/autoware/install/autoware_map_msgs/share/autoware_map_msgs/srv/GetPartialPointCloudMap_Response.msg
[1.124s] -- Up-to-date symlink: /home/zhijie/autoware/install/autoware_map_msgs/share/autoware_map_msgs/srv/GetDifferentialPointCloudMap.srv
[1.124s] -- Up-to-date symlink: /home/zhijie/autoware/install/autoware_map_msgs/share/autoware_map_msgs/srv/GetDifferentialPointCloudMap_Request.msg
[1.124s] -- Up-to-date symlink: /home/zhijie/autoware/install/autoware_map_msgs/share/autoware_map_msgs/srv/GetDifferentialPointCloudMap_Response.msg
[1.124s] -- Up-to-date symlink: /home/zhijie/autoware/install/autoware_map_msgs/share/autoware_map_msgs/srv/GetSelectedPointCloudMap.srv
[1.125s] -- Up-to-date symlink: /home/zhijie/autoware/install/autoware_map_msgs/share/autoware_map_msgs/srv/GetSelectedPointCloudMap_Request.msg
[1.125s] -- Up-to-date symlink: /home/zhijie/autoware/install/autoware_map_msgs/share/autoware_map_msgs/srv/GetSelectedPointCloudMap_Response.msg
[1.126s] -- Up-to-date symlink: /home/zhijie/autoware/install/autoware_map_msgs/share/ament_index/resource_index/package_run_dependencies/autoware_map_msgs
[1.126s] -- Up-to-date symlink: /home/zhijie/autoware/install/autoware_map_msgs/share/ament_index/resource_index/parent_prefix_path/autoware_map_msgs
[1.126s] -- Up-to-date symlink: /home/zhijie/autoware/install/autoware_map_msgs/share/autoware_map_msgs/environment/ament_prefix_path.sh
[1.130s] -- Up-to-date symlink: /home/zhijie/autoware/install/autoware_map_msgs/share/autoware_map_msgs/environment/ament_prefix_path.dsv
[1.130s] -- Up-to-date symlink: /home/zhijie/autoware/install/autoware_map_msgs/share/autoware_map_msgs/environment/path.sh
[1.130s] -- Up-to-date symlink: /home/zhijie/autoware/install/autoware_map_msgs/share/autoware_map_msgs/environment/path.dsv
[1.130s] -- Up-to-date symlink: /home/zhijie/autoware/install/autoware_map_msgs/share/autoware_map_msgs/local_setup.bash
[1.130s] -- Up-to-date symlink: /home/zhijie/autoware/install/autoware_map_msgs/share/autoware_map_msgs/local_setup.sh
[1.130s] -- Up-to-date symlink: /home/zhijie/autoware/install/autoware_map_msgs/share/autoware_map_msgs/local_setup.zsh
[1.130s] -- Up-to-date symlink: /home/zhijie/autoware/install/autoware_map_msgs/share/autoware_map_msgs/local_setup.dsv
[1.130s] -- Symlinking: /home/zhijie/autoware/install/autoware_map_msgs/share/autoware_map_msgs/package.dsv
[1.132s] -- Up-to-date symlink: /home/zhijie/autoware/install/autoware_map_msgs/share/ament_index/resource_index/packages/autoware_map_msgs
[1.134s] -- Up-to-date symlink: /home/zhijie/autoware/install/autoware_map_msgs/share/autoware_map_msgs/cmake/rosidl_cmake-extras.cmake
[1.134s] -- Up-to-date symlink: /home/zhijie/autoware/install/autoware_map_msgs/share/autoware_map_msgs/cmake/ament_cmake_export_dependencies-extras.cmake
[1.134s] -- Up-to-date symlink: /home/zhijie/autoware/install/autoware_map_msgs/share/autoware_map_msgs/cmake/ament_cmake_export_include_directories-extras.cmake
[1.134s] -- Up-to-date symlink: /home/zhijie/autoware/install/autoware_map_msgs/share/autoware_map_msgs/cmake/ament_cmake_export_libraries-extras.cmake
[1.134s] -- Up-to-date symlink: /home/zhijie/autoware/install/autoware_map_msgs/share/autoware_map_msgs/cmake/ament_cmake_export_targets-extras.cmake
[1.134s] -- Up-to-date symlink: /home/zhijie/autoware/install/autoware_map_msgs/share/autoware_map_msgs/cmake/rosidl_cmake_export_typesupport_targets-extras.cmake
[1.135s] -- Up-to-date symlink: /home/zhijie/autoware/install/autoware_map_msgs/share/autoware_map_msgs/cmake/rosidl_cmake_export_typesupport_libraries-extras.cmake
[1.135s] -- Up-to-date symlink: /home/zhijie/autoware/install/autoware_map_msgs/share/autoware_map_msgs/cmake/autoware_map_msgsConfig.cmake
[1.135s] -- Up-to-date symlink: /home/zhijie/autoware/install/autoware_map_msgs/share/autoware_map_msgs/cmake/autoware_map_msgsConfig-version.cmake
[1.135s] -- Up-to-date symlink: /home/zhijie/autoware/install/autoware_map_msgs/share/autoware_map_msgs/package.xml
[1.135s] -- Up-to-date: /home/zhijie/autoware/install/autoware_map_msgs/lib/libautoware_map_msgs__rosidl_generator_c.so
[1.135s] -- Up-to-date: /home/zhijie/autoware/install/autoware_map_msgs/lib/libautoware_map_msgs__rosidl_typesupport_fastrtps_c.so
[1.135s] -- Up-to-date: /home/zhijie/autoware/install/autoware_map_msgs/lib/libautoware_map_msgs__rosidl_typesupport_fastrtps_cpp.so
[1.136s] -- Up-to-date: /home/zhijie/autoware/install/autoware_map_msgs/lib/libautoware_map_msgs__rosidl_typesupport_introspection_c.so
[1.136s] -- Up-to-date: /home/zhijie/autoware/install/autoware_map_msgs/lib/libautoware_map_msgs__rosidl_typesupport_c.so
[1.136s] -- Up-to-date: /home/zhijie/autoware/install/autoware_map_msgs/lib/libautoware_map_msgs__rosidl_typesupport_introspection_cpp.so
[1.136s] -- Up-to-date: /home/zhijie/autoware/install/autoware_map_msgs/lib/libautoware_map_msgs__rosidl_typesupport_cpp.so
[1.139s] Listing '/home/zhijie/autoware/install/autoware_map_msgs/local/lib/python3.10/dist-packages/autoware_map_msgs'...
[1.140s] Listing '/home/zhijie/autoware/install/autoware_map_msgs/local/lib/python3.10/dist-packages/autoware_map_msgs/msg'...
[1.140s] Listing '/home/zhijie/autoware/install/autoware_map_msgs/local/lib/python3.10/dist-packages/autoware_map_msgs/srv'...
[1.141s] -- Up-to-date: /home/zhijie/autoware/install/autoware_map_msgs/lib/libautoware_map_msgs__rosidl_generator_py.so
[1.141s] -- Up-to-date: /home/zhijie/autoware/install/autoware_map_msgs/share/autoware_map_msgs/cmake/export_autoware_map_msgs__rosidl_generator_cExport.cmake
[1.142s] -- Up-to-date: /home/zhijie/autoware/install/autoware_map_msgs/share/autoware_map_msgs/cmake/export_autoware_map_msgs__rosidl_generator_cExport-release.cmake
[1.142s] -- Up-to-date: /home/zhijie/autoware/install/autoware_map_msgs/share/autoware_map_msgs/cmake/export_autoware_map_msgs__rosidl_typesupport_fastrtps_cExport.cmake
[1.142s] -- Up-to-date: /home/zhijie/autoware/install/autoware_map_msgs/share/autoware_map_msgs/cmake/export_autoware_map_msgs__rosidl_typesupport_fastrtps_cExport-release.cmake
[1.142s] -- Up-to-date: /home/zhijie/autoware/install/autoware_map_msgs/share/autoware_map_msgs/cmake/export_autoware_map_msgs__rosidl_generator_cppExport.cmake
[1.142s] -- Up-to-date: /home/zhijie/autoware/install/autoware_map_msgs/share/autoware_map_msgs/cmake/export_autoware_map_msgs__rosidl_typesupport_fastrtps_cppExport.cmake
[1.142s] -- Up-to-date: /home/zhijie/autoware/install/autoware_map_msgs/share/autoware_map_msgs/cmake/export_autoware_map_msgs__rosidl_typesupport_fastrtps_cppExport-release.cmake
[1.143s] -- Up-to-date: /home/zhijie/autoware/install/autoware_map_msgs/share/autoware_map_msgs/cmake/autoware_map_msgs__rosidl_typesupport_introspection_cExport.cmake
[1.143s] -- Up-to-date: /home/zhijie/autoware/install/autoware_map_msgs/share/autoware_map_msgs/cmake/autoware_map_msgs__rosidl_typesupport_introspection_cExport-release.cmake
[1.143s] -- Up-to-date: /home/zhijie/autoware/install/autoware_map_msgs/share/autoware_map_msgs/cmake/autoware_map_msgs__rosidl_typesupport_cExport.cmake
[1.143s] -- Up-to-date: /home/zhijie/autoware/install/autoware_map_msgs/share/autoware_map_msgs/cmake/autoware_map_msgs__rosidl_typesupport_cExport-release.cmake
[1.143s] -- Up-to-date: /home/zhijie/autoware/install/autoware_map_msgs/share/autoware_map_msgs/cmake/autoware_map_msgs__rosidl_typesupport_introspection_cppExport.cmake
[1.143s] -- Up-to-date: /home/zhijie/autoware/install/autoware_map_msgs/share/autoware_map_msgs/cmake/autoware_map_msgs__rosidl_typesupport_introspection_cppExport-release.cmake
[1.143s] -- Up-to-date: /home/zhijie/autoware/install/autoware_map_msgs/share/autoware_map_msgs/cmake/autoware_map_msgs__rosidl_typesupport_cppExport.cmake
[1.143s] -- Up-to-date: /home/zhijie/autoware/install/autoware_map_msgs/share/autoware_map_msgs/cmake/autoware_map_msgs__rosidl_typesupport_cppExport-release.cmake
[1.143s] -- Up-to-date: /home/zhijie/autoware/install/autoware_map_msgs/share/autoware_map_msgs/cmake/export_autoware_map_msgs__rosidl_generator_pyExport.cmake
[1.143s] -- Up-to-date: /home/zhijie/autoware/install/autoware_map_msgs/share/autoware_map_msgs/cmake/export_autoware_map_msgs__rosidl_generator_pyExport-release.cmake
[1.213s] Invoked command in '/home/zhijie/autoware/build/autoware_map_msgs' returned '0': CMAKE_PREFIX_PATH=/opt/ros/humble /usr/bin/cmake --install /home/zhijie/autoware/build/autoware_map_msgs
