[  6%] Built target vehicle_cmd_gate__rosidl_generator_c
[  8%] Built target vehicle_cmd_gate__cpp
[ 13%] Built target gtest_main
[ 17%] Built target gtest
[ 21%] Built target vehicle_cmd_gate_exe
[ 21%] Built target ament_cmake_python_symlink_vehicle_cmd_gate
[ 28%] Built target vehicle_cmd_gate__rosidl_typesupport_c
[ 41%] Built target vehicle_cmd_gate__rosidl_typesupport_introspection_c
[ 41%] Built target vehicle_cmd_gate__rosidl_typesupport_fastrtps_c
[ 50%] Built target vehicle_cmd_gate__rosidl_typesupport_fastrtps_cpp
[ 54%] Built target vehicle_cmd_gate__rosidl_typesupport_cpp
[ 60%] Built target vehicle_cmd_gate__rosidl_typesupport_introspection_cpp
[ 60%] Built target vehicle_cmd_gate
[ 67%] Built target vehicle_cmd_gate__py
[ 73%] Built target vehicle_cmd_gate_node
[ 78%] Built target vehicle_cmd_gate__rosidl_generator_py
[ 82%] Built target vehicle_cmd_gate__rosidl_typesupport_fastrtps_c__pyext
[ 91%] Built target test_vehicle_cmd_gate
[ 95%] Built target vehicle_cmd_gate__rosidl_typesupport_introspection_c__pyext
[100%] Built target vehicle_cmd_gate__rosidl_typesupport_c__pyext
running egg_info
writing vehicle_cmd_gate.egg-info/PKG-INFO
writing dependency_links to vehicle_cmd_gate.egg-info/dependency_links.txt
writing top-level names to vehicle_cmd_gate.egg-info/top_level.txt
reading manifest file 'vehicle_cmd_gate.egg-info/SOURCES.txt'
writing manifest file 'vehicle_cmd_gate.egg-info/SOURCES.txt'
[100%] Built target ament_cmake_python_build_vehicle_cmd_gate_egg
-- Install configuration: "Release"
-- Execute custom install script
-- Up-to-date symlink: /home/mtl12345/autoware/install/vehicle_cmd_gate/lib/vehicle_cmd_gate/vehicle_cmd_gate_exe
-- Up-to-date symlink: /home/mtl12345/autoware/install/vehicle_cmd_gate/share/ament_index/resource_index/rosidl_interfaces/vehicle_cmd_gate
-- Up-to-date symlink: /home/mtl12345/autoware/install/vehicle_cmd_gate/include/vehicle_cmd_gate/vehicle_cmd_gate/msg/detail/is_filter_activated__functions.h
-- Up-to-date symlink: /home/mtl12345/autoware/install/vehicle_cmd_gate/include/vehicle_cmd_gate/vehicle_cmd_gate/msg/detail/is_filter_activated__struct.h
-- Up-to-date symlink: /home/mtl12345/autoware/install/vehicle_cmd_gate/include/vehicle_cmd_gate/vehicle_cmd_gate/msg/detail/is_filter_activated__type_support.h
-- Up-to-date symlink: /home/mtl12345/autoware/install/vehicle_cmd_gate/include/vehicle_cmd_gate/vehicle_cmd_gate/msg/is_filter_activated.h
-- Up-to-date symlink: /home/mtl12345/autoware/install/vehicle_cmd_gate/include/vehicle_cmd_gate/vehicle_cmd_gate/msg/rosidl_generator_c__visibility_control.h
-- Up-to-date symlink: /home/mtl12345/autoware/install/vehicle_cmd_gate/share/vehicle_cmd_gate/environment/library_path.sh
-- Up-to-date symlink: /home/mtl12345/autoware/install/vehicle_cmd_gate/share/vehicle_cmd_gate/environment/library_path.dsv
-- Up-to-date symlink: /home/mtl12345/autoware/install/vehicle_cmd_gate/include/vehicle_cmd_gate/vehicle_cmd_gate/msg/detail/is_filter_activated__rosidl_typesupport_fastrtps_c.h
-- Up-to-date symlink: /home/mtl12345/autoware/install/vehicle_cmd_gate/include/vehicle_cmd_gate/vehicle_cmd_gate/msg/rosidl_typesupport_fastrtps_c__visibility_control.h
-- Up-to-date symlink: /home/mtl12345/autoware/install/vehicle_cmd_gate/include/vehicle_cmd_gate/vehicle_cmd_gate/msg/detail/is_filter_activated__rosidl_typesupport_introspection_c.h
-- Up-to-date symlink: /home/mtl12345/autoware/install/vehicle_cmd_gate/include/vehicle_cmd_gate/vehicle_cmd_gate/msg/rosidl_typesupport_introspection_c__visibility_control.h
-- Up-to-date symlink: /home/mtl12345/autoware/install/vehicle_cmd_gate/include/vehicle_cmd_gate/vehicle_cmd_gate/msg/detail/is_filter_activated__builder.hpp
-- Up-to-date symlink: /home/mtl12345/autoware/install/vehicle_cmd_gate/include/vehicle_cmd_gate/vehicle_cmd_gate/msg/detail/is_filter_activated__struct.hpp
-- Up-to-date symlink: /home/mtl12345/autoware/install/vehicle_cmd_gate/include/vehicle_cmd_gate/vehicle_cmd_gate/msg/detail/is_filter_activated__traits.hpp
-- Up-to-date symlink: /home/mtl12345/autoware/install/vehicle_cmd_gate/include/vehicle_cmd_gate/vehicle_cmd_gate/msg/is_filter_activated.hpp
-- Up-to-date symlink: /home/mtl12345/autoware/install/vehicle_cmd_gate/include/vehicle_cmd_gate/vehicle_cmd_gate/msg/detail/is_filter_activated__rosidl_typesupport_fastrtps_cpp.hpp
-- Up-to-date symlink: /home/mtl12345/autoware/install/vehicle_cmd_gate/include/vehicle_cmd_gate/vehicle_cmd_gate/msg/rosidl_typesupport_fastrtps_cpp__visibility_control.h
-- Up-to-date symlink: /home/mtl12345/autoware/install/vehicle_cmd_gate/include/vehicle_cmd_gate/vehicle_cmd_gate/msg/detail/is_filter_activated__rosidl_typesupport_introspection_cpp.hpp
-- Up-to-date symlink: /home/mtl12345/autoware/install/vehicle_cmd_gate/share/vehicle_cmd_gate/environment/pythonpath.sh
-- Up-to-date symlink: /home/mtl12345/autoware/install/vehicle_cmd_gate/share/vehicle_cmd_gate/environment/pythonpath.dsv
-- Up-to-date symlink: /home/mtl12345/autoware/install/vehicle_cmd_gate/local/lib/python3.10/dist-packages/vehicle_cmd_gate-0.1.0-py3.10.egg-info/PKG-INFO
-- Up-to-date symlink: /home/mtl12345/autoware/install/vehicle_cmd_gate/local/lib/python3.10/dist-packages/vehicle_cmd_gate-0.1.0-py3.10.egg-info/SOURCES.txt
-- Up-to-date symlink: /home/mtl12345/autoware/install/vehicle_cmd_gate/local/lib/python3.10/dist-packages/vehicle_cmd_gate-0.1.0-py3.10.egg-info/dependency_links.txt
-- Up-to-date symlink: /home/mtl12345/autoware/install/vehicle_cmd_gate/local/lib/python3.10/dist-packages/vehicle_cmd_gate-0.1.0-py3.10.egg-info/top_level.txt
-- Up-to-date symlink: /home/mtl12345/autoware/install/vehicle_cmd_gate/local/lib/python3.10/dist-packages/vehicle_cmd_gate/__init__.py
-- Up-to-date symlink: /home/mtl12345/autoware/install/vehicle_cmd_gate/local/lib/python3.10/dist-packages/vehicle_cmd_gate/_vehicle_cmd_gate_s.ep.rosidl_typesupport_c.c
-- Up-to-date symlink: /home/mtl12345/autoware/install/vehicle_cmd_gate/local/lib/python3.10/dist-packages/vehicle_cmd_gate/_vehicle_cmd_gate_s.ep.rosidl_typesupport_fastrtps_c.c
-- Up-to-date symlink: /home/mtl12345/autoware/install/vehicle_cmd_gate/local/lib/python3.10/dist-packages/vehicle_cmd_gate/_vehicle_cmd_gate_s.ep.rosidl_typesupport_introspection_c.c
-- Up-to-date symlink: /home/mtl12345/autoware/install/vehicle_cmd_gate/local/lib/python3.10/dist-packages/vehicle_cmd_gate/libvehicle_cmd_gate__rosidl_generator_py.so
-- Up-to-date symlink: /home/mtl12345/autoware/install/vehicle_cmd_gate/local/lib/python3.10/dist-packages/vehicle_cmd_gate/msg/__init__.py
-- Up-to-date symlink: /home/mtl12345/autoware/install/vehicle_cmd_gate/local/lib/python3.10/dist-packages/vehicle_cmd_gate/msg/_is_filter_activated.py
-- Up-to-date symlink: /home/mtl12345/autoware/install/vehicle_cmd_gate/local/lib/python3.10/dist-packages/vehicle_cmd_gate/msg/_is_filter_activated_s.c
-- Up-to-date symlink: /home/mtl12345/autoware/install/vehicle_cmd_gate/local/lib/python3.10/dist-packages/vehicle_cmd_gate/vehicle_cmd_gate_s__rosidl_typesupport_c.cpython-310-x86_64-linux-gnu.so
-- Up-to-date symlink: /home/mtl12345/autoware/install/vehicle_cmd_gate/local/lib/python3.10/dist-packages/vehicle_cmd_gate/vehicle_cmd_gate_s__rosidl_typesupport_fastrtps_c.cpython-310-x86_64-linux-gnu.so
-- Up-to-date symlink: /home/mtl12345/autoware/install/vehicle_cmd_gate/local/lib/python3.10/dist-packages/vehicle_cmd_gate/vehicle_cmd_gate_s__rosidl_typesupport_introspection_c.cpython-310-x86_64-linux-gnu.so
-- Up-to-date symlink: /home/mtl12345/autoware/install/vehicle_cmd_gate/local/lib/python3.10/dist-packages/vehicle_cmd_gate/vehicle_cmd_gate_s__rosidl_typesupport_fastrtps_c.cpython-310-x86_64-linux-gnu.so
-- Up-to-date symlink: /home/mtl12345/autoware/install/vehicle_cmd_gate/local/lib/python3.10/dist-packages/vehicle_cmd_gate/vehicle_cmd_gate_s__rosidl_typesupport_introspection_c.cpython-310-x86_64-linux-gnu.so
-- Up-to-date symlink: /home/mtl12345/autoware/install/vehicle_cmd_gate/local/lib/python3.10/dist-packages/vehicle_cmd_gate/vehicle_cmd_gate_s__rosidl_typesupport_c.cpython-310-x86_64-linux-gnu.so
-- Up-to-date symlink: /home/mtl12345/autoware/install/vehicle_cmd_gate/share/vehicle_cmd_gate/msg/IsFilterActivated.idl
-- Up-to-date symlink: /home/mtl12345/autoware/install/vehicle_cmd_gate/share/vehicle_cmd_gate/msg/IsFilterActivated.msg
-- Up-to-date symlink: /home/mtl12345/autoware/install/vehicle_cmd_gate/lib/libvehicle_cmd_gate_node.so
-- Up-to-date symlink: /home/mtl12345/autoware/install/vehicle_cmd_gate/share/vehicle_cmd_gate/launch/vehicle_cmd_gate.launch.xml
-- Up-to-date symlink: /home/mtl12345/autoware/install/vehicle_cmd_gate/share/vehicle_cmd_gate/config/vehicle_cmd_gate.param.yaml
-- Up-to-date symlink: /home/mtl12345/autoware/install/vehicle_cmd_gate/share/ament_index/resource_index/package_run_dependencies/vehicle_cmd_gate
-- Up-to-date symlink: /home/mtl12345/autoware/install/vehicle_cmd_gate/share/ament_index/resource_index/parent_prefix_path/vehicle_cmd_gate
-- Up-to-date symlink: /home/mtl12345/autoware/install/vehicle_cmd_gate/share/vehicle_cmd_gate/environment/ament_prefix_path.sh
-- Up-to-date symlink: /home/mtl12345/autoware/install/vehicle_cmd_gate/share/vehicle_cmd_gate/environment/ament_prefix_path.dsv
-- Up-to-date symlink: /home/mtl12345/autoware/install/vehicle_cmd_gate/share/vehicle_cmd_gate/environment/path.sh
-- Up-to-date symlink: /home/mtl12345/autoware/install/vehicle_cmd_gate/share/vehicle_cmd_gate/environment/path.dsv
-- Up-to-date symlink: /home/mtl12345/autoware/install/vehicle_cmd_gate/share/vehicle_cmd_gate/local_setup.bash
-- Up-to-date symlink: /home/mtl12345/autoware/install/vehicle_cmd_gate/share/vehicle_cmd_gate/local_setup.sh
-- Up-to-date symlink: /home/mtl12345/autoware/install/vehicle_cmd_gate/share/vehicle_cmd_gate/local_setup.zsh
-- Up-to-date symlink: /home/mtl12345/autoware/install/vehicle_cmd_gate/share/vehicle_cmd_gate/local_setup.dsv
-- Symlinking: /home/mtl12345/autoware/install/vehicle_cmd_gate/share/vehicle_cmd_gate/package.dsv
-- Up-to-date symlink: /home/mtl12345/autoware/install/vehicle_cmd_gate/share/ament_index/resource_index/packages/vehicle_cmd_gate
-- Up-to-date symlink: /home/mtl12345/autoware/install/vehicle_cmd_gate/share/ament_index/resource_index/rclcpp_components/vehicle_cmd_gate
-- Up-to-date symlink: /home/mtl12345/autoware/install/vehicle_cmd_gate/share/vehicle_cmd_gate/cmake/rosidl_cmake-extras.cmake
-- Up-to-date symlink: /home/mtl12345/autoware/install/vehicle_cmd_gate/share/vehicle_cmd_gate/cmake/ament_cmake_export_dependencies-extras.cmake
-- Up-to-date symlink: /home/mtl12345/autoware/install/vehicle_cmd_gate/share/vehicle_cmd_gate/cmake/ament_cmake_export_include_directories-extras.cmake
-- Up-to-date symlink: /home/mtl12345/autoware/install/vehicle_cmd_gate/share/vehicle_cmd_gate/cmake/ament_cmake_export_libraries-extras.cmake
-- Up-to-date symlink: /home/mtl12345/autoware/install/vehicle_cmd_gate/share/vehicle_cmd_gate/cmake/ament_cmake_export_targets-extras.cmake
-- Up-to-date symlink: /home/mtl12345/autoware/install/vehicle_cmd_gate/share/vehicle_cmd_gate/cmake/rosidl_cmake_export_typesupport_targets-extras.cmake
-- Up-to-date symlink: /home/mtl12345/autoware/install/vehicle_cmd_gate/share/vehicle_cmd_gate/cmake/rosidl_cmake_export_typesupport_libraries-extras.cmake
-- Up-to-date symlink: /home/mtl12345/autoware/install/vehicle_cmd_gate/share/vehicle_cmd_gate/cmake/vehicle_cmd_gateConfig.cmake
-- Up-to-date symlink: /home/mtl12345/autoware/install/vehicle_cmd_gate/share/vehicle_cmd_gate/cmake/vehicle_cmd_gateConfig-version.cmake
-- Up-to-date symlink: /home/mtl12345/autoware/install/vehicle_cmd_gate/share/vehicle_cmd_gate/package.xml
-- Up-to-date: /home/mtl12345/autoware/install/vehicle_cmd_gate/lib/libvehicle_cmd_gate__rosidl_generator_c.so
-- Up-to-date: /home/mtl12345/autoware/install/vehicle_cmd_gate/lib/libvehicle_cmd_gate__rosidl_typesupport_fastrtps_c.so
-- Up-to-date: /home/mtl12345/autoware/install/vehicle_cmd_gate/lib/libvehicle_cmd_gate__rosidl_typesupport_introspection_c.so
-- Up-to-date: /home/mtl12345/autoware/install/vehicle_cmd_gate/lib/libvehicle_cmd_gate__rosidl_typesupport_c.so
-- Up-to-date: /home/mtl12345/autoware/install/vehicle_cmd_gate/lib/libvehicle_cmd_gate__rosidl_typesupport_fastrtps_cpp.so
-- Up-to-date: /home/mtl12345/autoware/install/vehicle_cmd_gate/lib/libvehicle_cmd_gate__rosidl_typesupport_introspection_cpp.so
-- Up-to-date: /home/mtl12345/autoware/install/vehicle_cmd_gate/lib/libvehicle_cmd_gate__rosidl_typesupport_cpp.so
Listing '/home/mtl12345/autoware/install/vehicle_cmd_gate/local/lib/python3.10/dist-packages/vehicle_cmd_gate'...
Listing '/home/mtl12345/autoware/install/vehicle_cmd_gate/local/lib/python3.10/dist-packages/vehicle_cmd_gate/msg'...
-- Up-to-date: /home/mtl12345/autoware/install/vehicle_cmd_gate/lib/libvehicle_cmd_gate__rosidl_generator_py.so
-- Up-to-date: /home/mtl12345/autoware/install/vehicle_cmd_gate/share/vehicle_cmd_gate/cmake/export_vehicle_cmd_gate__rosidl_generator_cExport.cmake
-- Up-to-date: /home/mtl12345/autoware/install/vehicle_cmd_gate/share/vehicle_cmd_gate/cmake/export_vehicle_cmd_gate__rosidl_generator_cExport-release.cmake
-- Up-to-date: /home/mtl12345/autoware/install/vehicle_cmd_gate/share/vehicle_cmd_gate/cmake/export_vehicle_cmd_gate__rosidl_typesupport_fastrtps_cExport.cmake
-- Up-to-date: /home/mtl12345/autoware/install/vehicle_cmd_gate/share/vehicle_cmd_gate/cmake/export_vehicle_cmd_gate__rosidl_typesupport_fastrtps_cExport-release.cmake
-- Up-to-date: /home/mtl12345/autoware/install/vehicle_cmd_gate/share/vehicle_cmd_gate/cmake/vehicle_cmd_gate__rosidl_typesupport_introspection_cExport.cmake
-- Up-to-date: /home/mtl12345/autoware/install/vehicle_cmd_gate/share/vehicle_cmd_gate/cmake/vehicle_cmd_gate__rosidl_typesupport_introspection_cExport-release.cmake
-- Up-to-date: /home/mtl12345/autoware/install/vehicle_cmd_gate/share/vehicle_cmd_gate/cmake/vehicle_cmd_gate__rosidl_typesupport_cExport.cmake
-- Up-to-date: /home/mtl12345/autoware/install/vehicle_cmd_gate/share/vehicle_cmd_gate/cmake/vehicle_cmd_gate__rosidl_typesupport_cExport-release.cmake
-- Up-to-date: /home/mtl12345/autoware/install/vehicle_cmd_gate/share/vehicle_cmd_gate/cmake/export_vehicle_cmd_gate__rosidl_generator_cppExport.cmake
-- Up-to-date: /home/mtl12345/autoware/install/vehicle_cmd_gate/share/vehicle_cmd_gate/cmake/export_vehicle_cmd_gate__rosidl_typesupport_fastrtps_cppExport.cmake
-- Up-to-date: /home/mtl12345/autoware/install/vehicle_cmd_gate/share/vehicle_cmd_gate/cmake/export_vehicle_cmd_gate__rosidl_typesupport_fastrtps_cppExport-release.cmake
-- Up-to-date: /home/mtl12345/autoware/install/vehicle_cmd_gate/share/vehicle_cmd_gate/cmake/vehicle_cmd_gate__rosidl_typesupport_introspection_cppExport.cmake
-- Up-to-date: /home/mtl12345/autoware/install/vehicle_cmd_gate/share/vehicle_cmd_gate/cmake/vehicle_cmd_gate__rosidl_typesupport_introspection_cppExport-release.cmake
-- Up-to-date: /home/mtl12345/autoware/install/vehicle_cmd_gate/share/vehicle_cmd_gate/cmake/vehicle_cmd_gate__rosidl_typesupport_cppExport.cmake
-- Up-to-date: /home/mtl12345/autoware/install/vehicle_cmd_gate/share/vehicle_cmd_gate/cmake/vehicle_cmd_gate__rosidl_typesupport_cppExport-release.cmake
-- Up-to-date: /home/mtl12345/autoware/install/vehicle_cmd_gate/share/vehicle_cmd_gate/cmake/export_vehicle_cmd_gate__rosidl_generator_pyExport.cmake
-- Up-to-date: /home/mtl12345/autoware/install/vehicle_cmd_gate/share/vehicle_cmd_gate/cmake/export_vehicle_cmd_gate__rosidl_generator_pyExport-release.cmake
