[0.036s] Invoking command in '/home/zhijie/autoware/build/tier4_automatic_goal_rviz_plugin': AMENT_PREFIX_PATH=/home/zhijie/autoware/install/autoware_cmake:/home/zhijie/autoware/install/autoware_lint_common:/home/zhijie/autoware/install/autoware_adapi_v1_msgs:${AMENT_PREFIX_PATH} CMAKE_PREFIX_PATH=/home/zhijie/autoware/install/autoware_cmake:/home/zhijie/autoware/install/autoware_lint_common:/home/zhijie/autoware/install/autoware_adapi_v1_msgs:/opt/ros/humble LD_LIBRARY_PATH=/home/zhijie/autoware/install/autoware_adapi_v1_msgs/lib:${LD_LIBRARY_PATH} PYTHONPATH=/home/zhijie/autoware/install/autoware_adapi_v1_msgs/local/lib/python3.10/dist-packages:${PYTHONPATH} /usr/bin/cmake /home/zhijie/autoware/src/universe/autoware.universe/common/tier4_automatic_goal_rviz_plugin -DCMAKE_BUILD_TYPE=Release -DAMENT_CMAKE_SYMLINK_INSTALL=1 -DCMAKE_INSTALL_PREFIX=/home/zhijie/autoware/install/tier4_automatic_goal_rviz_plugin
[1.884s] -- Found autoware_cmake: 0.1.0 (/home/zhijie/autoware/install/autoware_cmake/share/autoware_cmake/cmake)
[1.884s] -- Override CMake install command with custom implementation using symlinks instead of copying resources
[1.884s] -- Found rosidl_generator_c: 3.1.5 (/opt/ros/humble/share/rosidl_generator_c/cmake)
[1.884s] -- Found rosidl_adapter: 3.1.5 (/opt/ros/humble/share/rosidl_adapter/cmake)
[1.885s] -- Found rosidl_generator_cpp: 3.1.5 (/opt/ros/humble/share/rosidl_generator_cpp/cmake)
[1.885s] -- Using all available rosidl_typesupport_c: rosidl_typesupport_fastrtps_c;rosidl_typesupport_introspection_c
[1.885s] -- Using all available rosidl_typesupport_cpp: rosidl_typesupport_fastrtps_cpp;rosidl_typesupport_introspection_cpp
[1.885s] -- Found rmw_implementation_cmake: 6.1.1 (/opt/ros/humble/share/rmw_implementation_cmake/cmake)
[1.885s] -- Found rmw_cyclonedds_cpp: 1.3.4 (/opt/ros/humble/share/rmw_cyclonedds_cpp/cmake)
[1.885s] -- Using RMW implementation 'rmw_cyclonedds_cpp' as default
[1.885s] -- Setting OGRE_DIR to: '/opt/ros/humble/share/rviz_ogre_vendor/cmake/../../../opt/rviz_ogre_vendor/lib/OGRE/cmake'
[1.885s] -- Found OGRE
[1.885s] --   static     : OFF
[1.886s] --   components : HLMS;MeshLodGenerator;Overlay;Paging;Property;RTShaderSystem;Terrain;Volume
[1.886s] --   plugins    : Plugin_BSPSceneManager;Plugin_OctreeSceneManager;Plugin_PCZSceneManager;Plugin_ParticleFX;RenderSystem_GL;RenderSystem_GL3Plus;Codec_STBI
[1.886s] --   media      : /opt/ros/humble/opt/rviz_ogre_vendor/share/OGRE/Media
[1.886s] -- OGRE_LIBRARIES: OgreHLMS;OgreMeshLodGenerator;OgreOverlay;OgrePaging;OgreProperty;OgreRTShaderSystem;OgreTerrain;OgreVolume;OgreMain
[1.886s] -- OGRE_LIBRARY_DIRS: /opt/ros/humble/opt/rviz_ogre_vendor/lib
[1.886s] -- OGRE_PLUGINS: Plugin_BSPSceneManager;Plugin_OctreeSceneManager;Plugin_PCZSceneManager;Plugin_ParticleFX;RenderSystem_GL;RenderSystem_GL3Plus;Codec_STBI
[1.886s] -- OGRE_PLUGIN_DIR: /opt/ros/humble/opt/rviz_ogre_vendor/lib/OGRE
[1.886s] -- rviz_ogre_vendor::OgreOverlay for IMPORTED_LOCATION_RELEASE: /opt/ros/humble/opt/rviz_ogre_vendor/lib/libOgreOverlay.so
[1.886s] -- rviz_ogre_vendor::OgreOverlay for IMPORTED_LOCATION_DEBUG: /opt/ros/humble/opt/rviz_ogre_vendor/lib/libOgreOverlay.so
[1.886s] -- rviz_ogre_vendor::OgreMain for IMPORTED_LOCATION_RELEASE: /opt/ros/humble/opt/rviz_ogre_vendor/lib/libOgreMain.so
[1.887s] -- rviz_ogre_vendor::OgreMain for IMPORTED_LOCATION_DEBUG: /opt/ros/humble/opt/rviz_ogre_vendor/lib/libOgreMain.so
[1.887s] -- Could not find freeimage library
[1.887s] -- rviz_ogre_vendor::RenderSystem_GL for IMPORTED_LOCATION_RELEASE: _render_system_gl_static_library_abs-NOTFOUND
[1.887s] -- rviz_ogre_vendor::RenderSystem_GL for IMPORTED_LOCATION_DEBUG: _render_system_gl_static_library_abs-NOTFOUND
[1.887s] -- library: /usr/lib/x86_64-linux-gnu/libcurl.so
[2.078s] -- Ensuring Eigen3 include directory is part of orocos-kdl CMake target
[3.463s] -- Found ament_lint_auto: 0.12.8 (/opt/ros/humble/share/ament_lint_auto/cmake)
[3.491s] -- Added test 'copyright' to check source files copyright and LICENSE
[3.494s] -- Added test 'cppcheck' to perform static code analysis on C / C++ code
[3.494s] -- Configured cppcheck include dirs: 
[3.494s] -- Configured cppcheck exclude dirs and/or files: 
[3.496s] -- Added test 'lint_cmake' to check CMake code style
[3.497s] -- Added test 'xmllint' to check XML markup files
[3.501s] -- Configuring done
[3.583s] -- Generating done
[3.587s] -- Build files have been written to: /home/zhijie/autoware/build/tier4_automatic_goal_rviz_plugin
[3.612s] Invoked command in '/home/zhijie/autoware/build/tier4_automatic_goal_rviz_plugin' returned '0': AMENT_PREFIX_PATH=/home/zhijie/autoware/install/autoware_cmake:/home/zhijie/autoware/install/autoware_lint_common:/home/zhijie/autoware/install/autoware_adapi_v1_msgs:${AMENT_PREFIX_PATH} CMAKE_PREFIX_PATH=/home/zhijie/autoware/install/autoware_cmake:/home/zhijie/autoware/install/autoware_lint_common:/home/zhijie/autoware/install/autoware_adapi_v1_msgs:/opt/ros/humble LD_LIBRARY_PATH=/home/zhijie/autoware/install/autoware_adapi_v1_msgs/lib:${LD_LIBRARY_PATH} PYTHONPATH=/home/zhijie/autoware/install/autoware_adapi_v1_msgs/local/lib/python3.10/dist-packages:${PYTHONPATH} /usr/bin/cmake /home/zhijie/autoware/src/universe/autoware.universe/common/tier4_automatic_goal_rviz_plugin -DCMAKE_BUILD_TYPE=Release -DAMENT_CMAKE_SYMLINK_INSTALL=1 -DCMAKE_INSTALL_PREFIX=/home/zhijie/autoware/install/tier4_automatic_goal_rviz_plugin
[3.612s] Invoking command in '/home/zhijie/autoware/build/tier4_automatic_goal_rviz_plugin': AMENT_PREFIX_PATH=/home/zhijie/autoware/install/autoware_cmake:/home/zhijie/autoware/install/autoware_lint_common:/home/zhijie/autoware/install/autoware_adapi_v1_msgs:${AMENT_PREFIX_PATH} CMAKE_PREFIX_PATH=/home/zhijie/autoware/install/autoware_cmake:/home/zhijie/autoware/install/autoware_lint_common:/home/zhijie/autoware/install/autoware_adapi_v1_msgs:/opt/ros/humble LD_LIBRARY_PATH=/home/zhijie/autoware/install/autoware_adapi_v1_msgs/lib:${LD_LIBRARY_PATH} PYTHONPATH=/home/zhijie/autoware/install/autoware_adapi_v1_msgs/local/lib/python3.10/dist-packages:${PYTHONPATH} /usr/bin/cmake --build /home/zhijie/autoware/build/tier4_automatic_goal_rviz_plugin -- -j16 -l16
[9.503s] [ 10%] [34m[1mAutomatic MOC for target tier4_automatic_goal_rviz_plugin[0m
[9.503s] [ 10%] Built target tier4_automatic_goal_rviz_plugin_autogen
[9.503s] [35m[1mConsolidate compiler generated dependencies of target tier4_automatic_goal_rviz_plugin[0m
[9.503s] [ 20%] [32mBuilding CXX object CMakeFiles/tier4_automatic_goal_rviz_plugin.dir/tier4_automatic_goal_rviz_plugin_autogen/mocs_compilation.cpp.o[0m
[12.987s] [ 30%] [32mBuilding CXX object CMakeFiles/tier4_automatic_goal_rviz_plugin.dir/src/automatic_goal_panel.cpp.o[0m
[36.868s] [ 40%] [32mBuilding CXX object CMakeFiles/tier4_automatic_goal_rviz_plugin.dir/src/automatic_goal_append_tool.cpp.o[0m
[46.465s] [ 50%] [32mBuilding CXX object CMakeFiles/tier4_automatic_goal_rviz_plugin.dir/src/automatic_goal_sender.cpp.o[0m
[73.965s] [ 60%] [32m[1mLinking CXX shared library libtier4_automatic_goal_rviz_plugin.so[0m
[78.318s] [ 60%] Built target tier4_automatic_goal_rviz_plugin
[78.386s] [ 70%] [34m[1mAutomatic MOC for target automatic_goal_sender[0m
[78.455s] [ 70%] Built target automatic_goal_sender_autogen
[78.479s] [35m[1mConsolidate compiler generated dependencies of target automatic_goal_sender[0m
[78.563s] [ 80%] [32mBuilding CXX object CMakeFiles/automatic_goal_sender.dir/src/automatic_goal_sender.cpp.o[0m
[102.320s] [ 90%] [32m[1mLinking CXX executable automatic_goal_sender[0m
[102.653s] [100%] Built target automatic_goal_sender
[102.676s] Invoked command in '/home/zhijie/autoware/build/tier4_automatic_goal_rviz_plugin' returned '0': AMENT_PREFIX_PATH=/home/zhijie/autoware/install/autoware_cmake:/home/zhijie/autoware/install/autoware_lint_common:/home/zhijie/autoware/install/autoware_adapi_v1_msgs:${AMENT_PREFIX_PATH} CMAKE_PREFIX_PATH=/home/zhijie/autoware/install/autoware_cmake:/home/zhijie/autoware/install/autoware_lint_common:/home/zhijie/autoware/install/autoware_adapi_v1_msgs:/opt/ros/humble LD_LIBRARY_PATH=/home/zhijie/autoware/install/autoware_adapi_v1_msgs/lib:${LD_LIBRARY_PATH} PYTHONPATH=/home/zhijie/autoware/install/autoware_adapi_v1_msgs/local/lib/python3.10/dist-packages:${PYTHONPATH} /usr/bin/cmake --build /home/zhijie/autoware/build/tier4_automatic_goal_rviz_plugin -- -j16 -l16
[102.808s] Invoking command in '/home/zhijie/autoware/build/tier4_automatic_goal_rviz_plugin': AMENT_PREFIX_PATH=/home/zhijie/autoware/install/autoware_cmake:/home/zhijie/autoware/install/autoware_lint_common:/home/zhijie/autoware/install/autoware_adapi_v1_msgs:${AMENT_PREFIX_PATH} CMAKE_PREFIX_PATH=/home/zhijie/autoware/install/autoware_cmake:/home/zhijie/autoware/install/autoware_lint_common:/home/zhijie/autoware/install/autoware_adapi_v1_msgs:/opt/ros/humble LD_LIBRARY_PATH=/home/zhijie/autoware/install/autoware_adapi_v1_msgs/lib:${LD_LIBRARY_PATH} PYTHONPATH=/home/zhijie/autoware/install/autoware_adapi_v1_msgs/local/lib/python3.10/dist-packages:${PYTHONPATH} /usr/bin/cmake --install /home/zhijie/autoware/build/tier4_automatic_goal_rviz_plugin
[109.374s] -- Install configuration: "Release"
[109.375s] -- Execute custom install script
[109.389s] -- Up-to-date symlink: /home/zhijie/autoware/install/tier4_automatic_goal_rviz_plugin/share/tier4_automatic_goal_rviz_plugin/plugins/plugin_description.xml
[109.389s] -- Up-to-date symlink: /home/zhijie/autoware/install/tier4_automatic_goal_rviz_plugin/share/tier4_automatic_goal_rviz_plugin/environment/library_path.sh
[109.389s] -- Up-to-date symlink: /home/zhijie/autoware/install/tier4_automatic_goal_rviz_plugin/share/tier4_automatic_goal_rviz_plugin/environment/library_path.dsv
[109.390s] -- Up-to-date symlink: /home/zhijie/autoware/install/tier4_automatic_goal_rviz_plugin/lib/libtier4_automatic_goal_rviz_plugin.so
[109.390s] -- Up-to-date symlink: /home/zhijie/autoware/install/tier4_automatic_goal_rviz_plugin/lib/tier4_automatic_goal_rviz_plugin/automatic_goal_sender
[109.390s] -- Up-to-date symlink: /home/zhijie/autoware/install/tier4_automatic_goal_rviz_plugin/share/tier4_automatic_goal_rviz_plugin/launch/automatic_goal_sender.launch.xml
[109.390s] -- Up-to-date symlink: /home/zhijie/autoware/install/tier4_automatic_goal_rviz_plugin/share/tier4_automatic_goal_rviz_plugin/icons/classes/AutowareAutomaticGoalPanel.png
[109.390s] -- Up-to-date symlink: /home/zhijie/autoware/install/tier4_automatic_goal_rviz_plugin/share/tier4_automatic_goal_rviz_plugin/icons/classes/AutowareAutomaticGoalTool.png
[109.390s] -- Up-to-date symlink: /home/zhijie/autoware/install/tier4_automatic_goal_rviz_plugin/share/tier4_automatic_goal_rviz_plugin/plugins/plugin_description.xml
[109.390s] -- Up-to-date symlink: /home/zhijie/autoware/install/tier4_automatic_goal_rviz_plugin/share/ament_index/resource_index/package_run_dependencies/tier4_automatic_goal_rviz_plugin
[109.390s] -- Up-to-date symlink: /home/zhijie/autoware/install/tier4_automatic_goal_rviz_plugin/share/ament_index/resource_index/parent_prefix_path/tier4_automatic_goal_rviz_plugin
[109.390s] -- Up-to-date symlink: /home/zhijie/autoware/install/tier4_automatic_goal_rviz_plugin/share/tier4_automatic_goal_rviz_plugin/environment/ament_prefix_path.sh
[109.391s] -- Up-to-date symlink: /home/zhijie/autoware/install/tier4_automatic_goal_rviz_plugin/share/tier4_automatic_goal_rviz_plugin/environment/ament_prefix_path.dsv
[109.391s] -- Up-to-date symlink: /home/zhijie/autoware/install/tier4_automatic_goal_rviz_plugin/share/tier4_automatic_goal_rviz_plugin/environment/path.sh
[109.391s] -- Up-to-date symlink: /home/zhijie/autoware/install/tier4_automatic_goal_rviz_plugin/share/tier4_automatic_goal_rviz_plugin/environment/path.dsv
[109.391s] -- Up-to-date symlink: /home/zhijie/autoware/install/tier4_automatic_goal_rviz_plugin/share/tier4_automatic_goal_rviz_plugin/local_setup.bash
[109.391s] -- Up-to-date symlink: /home/zhijie/autoware/install/tier4_automatic_goal_rviz_plugin/share/tier4_automatic_goal_rviz_plugin/local_setup.sh
[109.391s] -- Up-to-date symlink: /home/zhijie/autoware/install/tier4_automatic_goal_rviz_plugin/share/tier4_automatic_goal_rviz_plugin/local_setup.zsh
[109.391s] -- Up-to-date symlink: /home/zhijie/autoware/install/tier4_automatic_goal_rviz_plugin/share/tier4_automatic_goal_rviz_plugin/local_setup.dsv
[109.391s] -- Symlinking: /home/zhijie/autoware/install/tier4_automatic_goal_rviz_plugin/share/tier4_automatic_goal_rviz_plugin/package.dsv
[109.391s] -- Up-to-date symlink: /home/zhijie/autoware/install/tier4_automatic_goal_rviz_plugin/share/ament_index/resource_index/packages/tier4_automatic_goal_rviz_plugin
[109.392s] -- Up-to-date symlink: /home/zhijie/autoware/install/tier4_automatic_goal_rviz_plugin/share/ament_index/resource_index/rviz_common__pluginlib__plugin/tier4_automatic_goal_rviz_plugin
[109.392s] -- Up-to-date symlink: /home/zhijie/autoware/install/tier4_automatic_goal_rviz_plugin/share/tier4_automatic_goal_rviz_plugin/cmake/ament_cmake_export_dependencies-extras.cmake
[109.392s] -- Up-to-date symlink: /home/zhijie/autoware/install/tier4_automatic_goal_rviz_plugin/share/tier4_automatic_goal_rviz_plugin/cmake/ament_cmake_export_libraries-extras.cmake
[109.392s] -- Up-to-date symlink: /home/zhijie/autoware/install/tier4_automatic_goal_rviz_plugin/share/tier4_automatic_goal_rviz_plugin/cmake/tier4_automatic_goal_rviz_pluginConfig.cmake
[109.392s] -- Up-to-date symlink: /home/zhijie/autoware/install/tier4_automatic_goal_rviz_plugin/share/tier4_automatic_goal_rviz_plugin/cmake/tier4_automatic_goal_rviz_pluginConfig-version.cmake
[109.392s] -- Up-to-date symlink: /home/zhijie/autoware/install/tier4_automatic_goal_rviz_plugin/share/tier4_automatic_goal_rviz_plugin/package.xml
[109.395s] Invoked command in '/home/zhijie/autoware/build/tier4_automatic_goal_rviz_plugin' returned '0': AMENT_PREFIX_PATH=/home/zhijie/autoware/install/autoware_cmake:/home/zhijie/autoware/install/autoware_lint_common:/home/zhijie/autoware/install/autoware_adapi_v1_msgs:${AMENT_PREFIX_PATH} CMAKE_PREFIX_PATH=/home/zhijie/autoware/install/autoware_cmake:/home/zhijie/autoware/install/autoware_lint_common:/home/zhijie/autoware/install/autoware_adapi_v1_msgs:/opt/ros/humble LD_LIBRARY_PATH=/home/zhijie/autoware/install/autoware_adapi_v1_msgs/lib:${LD_LIBRARY_PATH} PYTHONPATH=/home/zhijie/autoware/install/autoware_adapi_v1_msgs/local/lib/python3.10/dist-packages:${PYTHONPATH} /usr/bin/cmake --install /home/zhijie/autoware/build/tier4_automatic_goal_rviz_plugin
