[0.203s] Invoking command in '/home/zhijie/autoware/build/autoware_auto_perception_msgs': AMENT_PREFIX_PATH=/home/zhijie/autoware/install/autoware_auto_geometry_msgs:${AMENT_PREFIX_PATH} CMAKE_PREFIX_PATH=/home/zhijie/autoware/install/autoware_auto_geometry_msgs:/opt/ros/humble LD_LIBRARY_PATH=/home/zhijie/autoware/install/autoware_auto_geometry_msgs/lib:${LD_LIBRARY_PATH} PYTHONPATH=/home/zhijie/autoware/install/autoware_auto_geometry_msgs/local/lib/python3.10/dist-packages:${PYTHONPATH} /usr/bin/cmake --build /home/zhijie/autoware/build/autoware_auto_perception_msgs -- -j16 -l16
[0.259s] [  0%] Built target autoware_auto_perception_msgs__cpp
[0.259s] [  0%] Built target ament_cmake_python_symlink_autoware_auto_perception_msgs
[0.260s] [ 12%] Built target autoware_auto_perception_msgs__rosidl_generator_c
[0.294s] [ 24%] Built target autoware_auto_perception_msgs__rosidl_typesupport_cpp
[0.294s] [ 36%] Built target autoware_auto_perception_msgs__rosidl_typesupport_fastrtps_cpp
[0.294s] [ 49%] Built target autoware_auto_perception_msgs__rosidl_typesupport_introspection_c
[0.294s] [ 61%] Built target autoware_auto_perception_msgs__rosidl_typesupport_c
[0.295s] [ 74%] Built target autoware_auto_perception_msgs__rosidl_typesupport_introspection_cpp
[0.300s] [ 86%] Built target autoware_auto_perception_msgs__rosidl_typesupport_fastrtps_c
[0.313s] [ 86%] Built target autoware_auto_perception_msgs
[0.329s] [ 86%] Built target autoware_auto_perception_msgs__py
[0.368s] [ 98%] Built target autoware_auto_perception_msgs__rosidl_generator_py
[0.393s] [ 99%] Built target autoware_auto_perception_msgs__rosidl_typesupport_c__pyext
[0.393s] [100%] Built target autoware_auto_perception_msgs__rosidl_typesupport_introspection_c__pyext
[0.393s] [100%] Built target autoware_auto_perception_msgs__rosidl_typesupport_fastrtps_c__pyext
[0.597s] running egg_info
[0.608s] writing autoware_auto_perception_msgs.egg-info/PKG-INFO
[0.608s] writing dependency_links to autoware_auto_perception_msgs.egg-info/dependency_links.txt
[0.613s] writing top-level names to autoware_auto_perception_msgs.egg-info/top_level.txt
[0.634s] reading manifest file 'autoware_auto_perception_msgs.egg-info/SOURCES.txt'
[0.637s] writing manifest file 'autoware_auto_perception_msgs.egg-info/SOURCES.txt'
[0.713s] [100%] Built target ament_cmake_python_build_autoware_auto_perception_msgs_egg
[0.785s] Invoked command in '/home/zhijie/autoware/build/autoware_auto_perception_msgs' returned '0': AMENT_PREFIX_PATH=/home/zhijie/autoware/install/autoware_auto_geometry_msgs:${AMENT_PREFIX_PATH} CMAKE_PREFIX_PATH=/home/zhijie/autoware/install/autoware_auto_geometry_msgs:/opt/ros/humble LD_LIBRARY_PATH=/home/zhijie/autoware/install/autoware_auto_geometry_msgs/lib:${LD_LIBRARY_PATH} PYTHONPATH=/home/zhijie/autoware/install/autoware_auto_geometry_msgs/local/lib/python3.10/dist-packages:${PYTHONPATH} /usr/bin/cmake --build /home/zhijie/autoware/build/autoware_auto_perception_msgs -- -j16 -l16
[1.191s] Invoking command in '/home/zhijie/autoware/build/autoware_auto_perception_msgs': AMENT_PREFIX_PATH=/home/zhijie/autoware/install/autoware_auto_geometry_msgs:${AMENT_PREFIX_PATH} CMAKE_PREFIX_PATH=/home/zhijie/autoware/install/autoware_auto_geometry_msgs:/opt/ros/humble LD_LIBRARY_PATH=/home/zhijie/autoware/install/autoware_auto_geometry_msgs/lib:${LD_LIBRARY_PATH} PYTHONPATH=/home/zhijie/autoware/install/autoware_auto_geometry_msgs/local/lib/python3.10/dist-packages:${PYTHONPATH} /usr/bin/cmake --install /home/zhijie/autoware/build/autoware_auto_perception_msgs
[1.260s] -- Install configuration: "Release"
[1.260s] -- Execute custom install script
[1.260s] -- Up-to-date symlink: /home/zhijie/autoware/install/autoware_auto_perception_msgs/share/ament_index/resource_index/rosidl_interfaces/autoware_auto_perception_msgs
[1.260s] -- Up-to-date symlink: /home/zhijie/autoware/install/autoware_auto_perception_msgs/include/autoware_auto_perception_msgs/autoware_auto_perception_msgs/msg/bounding_box.h
[1.261s] -- Up-to-date symlink: /home/zhijie/autoware/install/autoware_auto_perception_msgs/include/autoware_auto_perception_msgs/autoware_auto_perception_msgs/msg/bounding_box_array.h
[1.261s] -- Up-to-date symlink: /home/zhijie/autoware/install/autoware_auto_perception_msgs/include/autoware_auto_perception_msgs/autoware_auto_perception_msgs/msg/classified_roi.h
[1.261s] -- Up-to-date symlink: /home/zhijie/autoware/install/autoware_auto_perception_msgs/include/autoware_auto_perception_msgs/autoware_auto_perception_msgs/msg/classified_roi_array.h
[1.261s] -- Up-to-date symlink: /home/zhijie/autoware/install/autoware_auto_perception_msgs/include/autoware_auto_perception_msgs/autoware_auto_perception_msgs/msg/detail/bounding_box__functions.h
[1.261s] -- Up-to-date symlink: /home/zhijie/autoware/install/autoware_auto_perception_msgs/include/autoware_auto_perception_msgs/autoware_auto_perception_msgs/msg/detail/bounding_box__struct.h
[1.261s] -- Up-to-date symlink: /home/zhijie/autoware/install/autoware_auto_perception_msgs/include/autoware_auto_perception_msgs/autoware_auto_perception_msgs/msg/detail/bounding_box__type_support.h
[1.261s] -- Up-to-date symlink: /home/zhijie/autoware/install/autoware_auto_perception_msgs/include/autoware_auto_perception_msgs/autoware_auto_perception_msgs/msg/detail/bounding_box_array__functions.h
[1.261s] -- Up-to-date symlink: /home/zhijie/autoware/install/autoware_auto_perception_msgs/include/autoware_auto_perception_msgs/autoware_auto_perception_msgs/msg/detail/bounding_box_array__struct.h
[1.261s] -- Up-to-date symlink: /home/zhijie/autoware/install/autoware_auto_perception_msgs/include/autoware_auto_perception_msgs/autoware_auto_perception_msgs/msg/detail/bounding_box_array__type_support.h
[1.262s] -- Up-to-date symlink: /home/zhijie/autoware/install/autoware_auto_perception_msgs/include/autoware_auto_perception_msgs/autoware_auto_perception_msgs/msg/detail/classified_roi__functions.h
[1.264s] -- Up-to-date symlink: /home/zhijie/autoware/install/autoware_auto_perception_msgs/include/autoware_auto_perception_msgs/autoware_auto_perception_msgs/msg/detail/classified_roi__struct.h
[1.264s] -- Up-to-date symlink: /home/zhijie/autoware/install/autoware_auto_perception_msgs/include/autoware_auto_perception_msgs/autoware_auto_perception_msgs/msg/detail/classified_roi__type_support.h
[1.264s] -- Up-to-date symlink: /home/zhijie/autoware/install/autoware_auto_perception_msgs/include/autoware_auto_perception_msgs/autoware_auto_perception_msgs/msg/detail/classified_roi_array__functions.h
[1.264s] -- Up-to-date symlink: /home/zhijie/autoware/install/autoware_auto_perception_msgs/include/autoware_auto_perception_msgs/autoware_auto_perception_msgs/msg/detail/classified_roi_array__struct.h
[1.264s] -- Up-to-date symlink: /home/zhijie/autoware/install/autoware_auto_perception_msgs/include/autoware_auto_perception_msgs/autoware_auto_perception_msgs/msg/detail/classified_roi_array__type_support.h
[1.264s] -- Up-to-date symlink: /home/zhijie/autoware/install/autoware_auto_perception_msgs/include/autoware_auto_perception_msgs/autoware_auto_perception_msgs/msg/detail/detected_object__functions.h
[1.264s] -- Up-to-date symlink: /home/zhijie/autoware/install/autoware_auto_perception_msgs/include/autoware_auto_perception_msgs/autoware_auto_perception_msgs/msg/detail/detected_object__struct.h
[1.264s] -- Up-to-date symlink: /home/zhijie/autoware/install/autoware_auto_perception_msgs/include/autoware_auto_perception_msgs/autoware_auto_perception_msgs/msg/detail/detected_object__type_support.h
[1.264s] -- Up-to-date symlink: /home/zhijie/autoware/install/autoware_auto_perception_msgs/include/autoware_auto_perception_msgs/autoware_auto_perception_msgs/msg/detail/detected_object_kinematics__functions.h
[1.265s] -- Up-to-date symlink: /home/zhijie/autoware/install/autoware_auto_perception_msgs/include/autoware_auto_perception_msgs/autoware_auto_perception_msgs/msg/detail/detected_object_kinematics__struct.h
[1.265s] -- Up-to-date symlink: /home/zhijie/autoware/install/autoware_auto_perception_msgs/include/autoware_auto_perception_msgs/autoware_auto_perception_msgs/msg/detail/detected_object_kinematics__type_support.h
[1.272s] -- Up-to-date symlink: /home/zhijie/autoware/install/autoware_auto_perception_msgs/include/autoware_auto_perception_msgs/autoware_auto_perception_msgs/msg/detail/detected_objects__functions.h
[1.273s] -- Up-to-date symlink: /home/zhijie/autoware/install/autoware_auto_perception_msgs/include/autoware_auto_perception_msgs/autoware_auto_perception_msgs/msg/detail/detected_objects__struct.h
[1.273s] -- Up-to-date symlink: /home/zhijie/autoware/install/autoware_auto_perception_msgs/include/autoware_auto_perception_msgs/autoware_auto_perception_msgs/msg/detail/detected_objects__type_support.h
[1.273s] -- Up-to-date symlink: /home/zhijie/autoware/install/autoware_auto_perception_msgs/include/autoware_auto_perception_msgs/autoware_auto_perception_msgs/msg/detail/looking_traffic_signal__functions.h
[1.273s] -- Up-to-date symlink: /home/zhijie/autoware/install/autoware_auto_perception_msgs/include/autoware_auto_perception_msgs/autoware_auto_perception_msgs/msg/detail/looking_traffic_signal__struct.h
[1.274s] -- Up-to-date symlink: /home/zhijie/autoware/install/autoware_auto_perception_msgs/include/autoware_auto_perception_msgs/autoware_auto_perception_msgs/msg/detail/looking_traffic_signal__type_support.h
[1.274s] -- Up-to-date symlink: /home/zhijie/autoware/install/autoware_auto_perception_msgs/include/autoware_auto_perception_msgs/autoware_auto_perception_msgs/msg/detail/object_classification__functions.h
[1.274s] -- Up-to-date symlink: /home/zhijie/autoware/install/autoware_auto_perception_msgs/include/autoware_auto_perception_msgs/autoware_auto_perception_msgs/msg/detail/object_classification__struct.h
[1.274s] -- Up-to-date symlink: /home/zhijie/autoware/install/autoware_auto_perception_msgs/include/autoware_auto_perception_msgs/autoware_auto_perception_msgs/msg/detail/object_classification__type_support.h
[1.274s] -- Up-to-date symlink: /home/zhijie/autoware/install/autoware_auto_perception_msgs/include/autoware_auto_perception_msgs/autoware_auto_perception_msgs/msg/detail/point_clusters__functions.h
[1.280s] -- Up-to-date symlink: /home/zhijie/autoware/install/autoware_auto_perception_msgs/include/autoware_auto_perception_msgs/autoware_auto_perception_msgs/msg/detail/point_clusters__struct.h
[1.280s] -- Up-to-date symlink: /home/zhijie/autoware/install/autoware_auto_perception_msgs/include/autoware_auto_perception_msgs/autoware_auto_perception_msgs/msg/detail/point_clusters__type_support.h
[1.280s] -- Up-to-date symlink: /home/zhijie/autoware/install/autoware_auto_perception_msgs/include/autoware_auto_perception_msgs/autoware_auto_perception_msgs/msg/detail/point_xyzif__functions.h
[1.280s] -- Up-to-date symlink: /home/zhijie/autoware/install/autoware_auto_perception_msgs/include/autoware_auto_perception_msgs/autoware_auto_perception_msgs/msg/detail/point_xyzif__struct.h
[1.280s] -- Up-to-date symlink: /home/zhijie/autoware/install/autoware_auto_perception_msgs/include/autoware_auto_perception_msgs/autoware_auto_perception_msgs/msg/detail/point_xyzif__type_support.h
[1.280s] -- Up-to-date symlink: /home/zhijie/autoware/install/autoware_auto_perception_msgs/include/autoware_auto_perception_msgs/autoware_auto_perception_msgs/msg/detail/predicted_object__functions.h
[1.281s] -- Up-to-date symlink: /home/zhijie/autoware/install/autoware_auto_perception_msgs/include/autoware_auto_perception_msgs/autoware_auto_perception_msgs/msg/detail/predicted_object__struct.h
[1.281s] -- Up-to-date symlink: /home/zhijie/autoware/install/autoware_auto_perception_msgs/include/autoware_auto_perception_msgs/autoware_auto_perception_msgs/msg/detail/predicted_object__type_support.h
[1.281s] -- Up-to-date symlink: /home/zhijie/autoware/install/autoware_auto_perception_msgs/include/autoware_auto_perception_msgs/autoware_auto_perception_msgs/msg/detail/predicted_object_kinematics__functions.h
[1.281s] -- Up-to-date symlink: /home/zhijie/autoware/install/autoware_auto_perception_msgs/include/autoware_auto_perception_msgs/autoware_auto_perception_msgs/msg/detail/predicted_object_kinematics__struct.h
[1.281s] -- Up-to-date symlink: /home/zhijie/autoware/install/autoware_auto_perception_msgs/include/autoware_auto_perception_msgs/autoware_auto_perception_msgs/msg/detail/predicted_object_kinematics__type_support.h
[1.282s] -- Up-to-date symlink: /home/zhijie/autoware/install/autoware_auto_perception_msgs/include/autoware_auto_perception_msgs/autoware_auto_perception_msgs/msg/detail/predicted_objects__functions.h
[1.282s] -- Up-to-date symlink: /home/zhijie/autoware/install/autoware_auto_perception_msgs/include/autoware_auto_perception_msgs/autoware_auto_perception_msgs/msg/detail/predicted_objects__struct.h
[1.282s] -- Up-to-date symlink: /home/zhijie/autoware/install/autoware_auto_perception_msgs/include/autoware_auto_perception_msgs/autoware_auto_perception_msgs/msg/detail/predicted_objects__type_support.h
[1.282s] -- Up-to-date symlink: /home/zhijie/autoware/install/autoware_auto_perception_msgs/include/autoware_auto_perception_msgs/autoware_auto_perception_msgs/msg/detail/predicted_path__functions.h
[1.282s] -- Up-to-date symlink: /home/zhijie/autoware/install/autoware_auto_perception_msgs/include/autoware_auto_perception_msgs/autoware_auto_perception_msgs/msg/detail/predicted_path__struct.h
[1.282s] -- Up-to-date symlink: /home/zhijie/autoware/install/autoware_auto_perception_msgs/include/autoware_auto_perception_msgs/autoware_auto_perception_msgs/msg/detail/predicted_path__type_support.h
[1.282s] -- Up-to-date symlink: /home/zhijie/autoware/install/autoware_auto_perception_msgs/include/autoware_auto_perception_msgs/autoware_auto_perception_msgs/msg/detail/shape__functions.h
[1.282s] -- Up-to-date symlink: /home/zhijie/autoware/install/autoware_auto_perception_msgs/include/autoware_auto_perception_msgs/autoware_auto_perception_msgs/msg/detail/shape__struct.h
[1.282s] -- Up-to-date symlink: /home/zhijie/autoware/install/autoware_auto_perception_msgs/include/autoware_auto_perception_msgs/autoware_auto_perception_msgs/msg/detail/shape__type_support.h
[1.282s] -- Up-to-date symlink: /home/zhijie/autoware/install/autoware_auto_perception_msgs/include/autoware_auto_perception_msgs/autoware_auto_perception_msgs/msg/detail/tracked_object__functions.h
[1.283s] -- Up-to-date symlink: /home/zhijie/autoware/install/autoware_auto_perception_msgs/include/autoware_auto_perception_msgs/autoware_auto_perception_msgs/msg/detail/tracked_object__struct.h
[1.283s] -- Up-to-date symlink: /home/zhijie/autoware/install/autoware_auto_perception_msgs/include/autoware_auto_perception_msgs/autoware_auto_perception_msgs/msg/detail/tracked_object__type_support.h
[1.283s] -- Up-to-date symlink: /home/zhijie/autoware/install/autoware_auto_perception_msgs/include/autoware_auto_perception_msgs/autoware_auto_perception_msgs/msg/detail/tracked_object_kinematics__functions.h
[1.283s] -- Up-to-date symlink: /home/zhijie/autoware/install/autoware_auto_perception_msgs/include/autoware_auto_perception_msgs/autoware_auto_perception_msgs/msg/detail/tracked_object_kinematics__struct.h
[1.283s] -- Up-to-date symlink: /home/zhijie/autoware/install/autoware_auto_perception_msgs/include/autoware_auto_perception_msgs/autoware_auto_perception_msgs/msg/detail/tracked_object_kinematics__type_support.h
[1.283s] -- Up-to-date symlink: /home/zhijie/autoware/install/autoware_auto_perception_msgs/include/autoware_auto_perception_msgs/autoware_auto_perception_msgs/msg/detail/tracked_objects__functions.h
[1.283s] -- Up-to-date symlink: /home/zhijie/autoware/install/autoware_auto_perception_msgs/include/autoware_auto_perception_msgs/autoware_auto_perception_msgs/msg/detail/tracked_objects__struct.h
[1.283s] -- Up-to-date symlink: /home/zhijie/autoware/install/autoware_auto_perception_msgs/include/autoware_auto_perception_msgs/autoware_auto_perception_msgs/msg/detail/tracked_objects__type_support.h
[1.283s] -- Up-to-date symlink: /home/zhijie/autoware/install/autoware_auto_perception_msgs/include/autoware_auto_perception_msgs/autoware_auto_perception_msgs/msg/detail/traffic_light__functions.h
[1.284s] -- Up-to-date symlink: /home/zhijie/autoware/install/autoware_auto_perception_msgs/include/autoware_auto_perception_msgs/autoware_auto_perception_msgs/msg/detail/traffic_light__struct.h
[1.284s] -- Up-to-date symlink: /home/zhijie/autoware/install/autoware_auto_perception_msgs/include/autoware_auto_perception_msgs/autoware_auto_perception_msgs/msg/detail/traffic_light__type_support.h
[1.284s] -- Up-to-date symlink: /home/zhijie/autoware/install/autoware_auto_perception_msgs/include/autoware_auto_perception_msgs/autoware_auto_perception_msgs/msg/detail/traffic_light_roi__functions.h
[1.284s] -- Up-to-date symlink: /home/zhijie/autoware/install/autoware_auto_perception_msgs/include/autoware_auto_perception_msgs/autoware_auto_perception_msgs/msg/detail/traffic_light_roi__struct.h
[1.284s] -- Up-to-date symlink: /home/zhijie/autoware/install/autoware_auto_perception_msgs/include/autoware_auto_perception_msgs/autoware_auto_perception_msgs/msg/detail/traffic_light_roi__type_support.h
[1.284s] -- Up-to-date symlink: /home/zhijie/autoware/install/autoware_auto_perception_msgs/include/autoware_auto_perception_msgs/autoware_auto_perception_msgs/msg/detail/traffic_light_roi_array__functions.h
[1.284s] -- Up-to-date symlink: /home/zhijie/autoware/install/autoware_auto_perception_msgs/include/autoware_auto_perception_msgs/autoware_auto_perception_msgs/msg/detail/traffic_light_roi_array__struct.h
[1.284s] -- Up-to-date symlink: /home/zhijie/autoware/install/autoware_auto_perception_msgs/include/autoware_auto_perception_msgs/autoware_auto_perception_msgs/msg/detail/traffic_light_roi_array__type_support.h
[1.284s] -- Up-to-date symlink: /home/zhijie/autoware/install/autoware_auto_perception_msgs/include/autoware_auto_perception_msgs/autoware_auto_perception_msgs/msg/detail/traffic_signal__functions.h
[1.285s] -- Up-to-date symlink: /home/zhijie/autoware/install/autoware_auto_perception_msgs/include/autoware_auto_perception_msgs/autoware_auto_perception_msgs/msg/detail/traffic_signal__struct.h
[1.285s] -- Up-to-date symlink: /home/zhijie/autoware/install/autoware_auto_perception_msgs/include/autoware_auto_perception_msgs/autoware_auto_perception_msgs/msg/detail/traffic_signal__type_support.h
[1.285s] -- Up-to-date symlink: /home/zhijie/autoware/install/autoware_auto_perception_msgs/include/autoware_auto_perception_msgs/autoware_auto_perception_msgs/msg/detail/traffic_signal_array__functions.h
[1.285s] -- Up-to-date symlink: /home/zhijie/autoware/install/autoware_auto_perception_msgs/include/autoware_auto_perception_msgs/autoware_auto_perception_msgs/msg/detail/traffic_signal_array__struct.h
[1.286s] -- Up-to-date symlink: /home/zhijie/autoware/install/autoware_auto_perception_msgs/include/autoware_auto_perception_msgs/autoware_auto_perception_msgs/msg/detail/traffic_signal_array__type_support.h
[1.286s] -- Up-to-date symlink: /home/zhijie/autoware/install/autoware_auto_perception_msgs/include/autoware_auto_perception_msgs/autoware_auto_perception_msgs/msg/detail/traffic_signal_stamped__functions.h
[1.286s] -- Up-to-date symlink: /home/zhijie/autoware/install/autoware_auto_perception_msgs/include/autoware_auto_perception_msgs/autoware_auto_perception_msgs/msg/detail/traffic_signal_stamped__struct.h
[1.286s] -- Up-to-date symlink: /home/zhijie/autoware/install/autoware_auto_perception_msgs/include/autoware_auto_perception_msgs/autoware_auto_perception_msgs/msg/detail/traffic_signal_stamped__type_support.h
[1.286s] -- Up-to-date symlink: /home/zhijie/autoware/install/autoware_auto_perception_msgs/include/autoware_auto_perception_msgs/autoware_auto_perception_msgs/msg/detail/traffic_signal_with_judge__functions.h
[1.287s] -- Up-to-date symlink: /home/zhijie/autoware/install/autoware_auto_perception_msgs/include/autoware_auto_perception_msgs/autoware_auto_perception_msgs/msg/detail/traffic_signal_with_judge__struct.h
[1.287s] -- Up-to-date symlink: /home/zhijie/autoware/install/autoware_auto_perception_msgs/include/autoware_auto_perception_msgs/autoware_auto_perception_msgs/msg/detail/traffic_signal_with_judge__type_support.h
[1.288s] -- Up-to-date symlink: /home/zhijie/autoware/install/autoware_auto_perception_msgs/include/autoware_auto_perception_msgs/autoware_auto_perception_msgs/msg/detected_object.h
[1.288s] -- Up-to-date symlink: /home/zhijie/autoware/install/autoware_auto_perception_msgs/include/autoware_auto_perception_msgs/autoware_auto_perception_msgs/msg/detected_object_kinematics.h
[1.288s] -- Up-to-date symlink: /home/zhijie/autoware/install/autoware_auto_perception_msgs/include/autoware_auto_perception_msgs/autoware_auto_perception_msgs/msg/detected_objects.h
[1.288s] -- Up-to-date symlink: /home/zhijie/autoware/install/autoware_auto_perception_msgs/include/autoware_auto_perception_msgs/autoware_auto_perception_msgs/msg/looking_traffic_signal.h
[1.288s] -- Up-to-date symlink: /home/zhijie/autoware/install/autoware_auto_perception_msgs/include/autoware_auto_perception_msgs/autoware_auto_perception_msgs/msg/object_classification.h
[1.288s] -- Up-to-date symlink: /home/zhijie/autoware/install/autoware_auto_perception_msgs/include/autoware_auto_perception_msgs/autoware_auto_perception_msgs/msg/point_clusters.h
[1.288s] -- Up-to-date symlink: /home/zhijie/autoware/install/autoware_auto_perception_msgs/include/autoware_auto_perception_msgs/autoware_auto_perception_msgs/msg/point_xyzif.h
[1.288s] -- Up-to-date symlink: /home/zhijie/autoware/install/autoware_auto_perception_msgs/include/autoware_auto_perception_msgs/autoware_auto_perception_msgs/msg/predicted_object.h
[1.288s] -- Up-to-date symlink: /home/zhijie/autoware/install/autoware_auto_perception_msgs/include/autoware_auto_perception_msgs/autoware_auto_perception_msgs/msg/predicted_object_kinematics.h
[1.288s] -- Up-to-date symlink: /home/zhijie/autoware/install/autoware_auto_perception_msgs/include/autoware_auto_perception_msgs/autoware_auto_perception_msgs/msg/predicted_objects.h
[1.288s] -- Up-to-date symlink: /home/zhijie/autoware/install/autoware_auto_perception_msgs/include/autoware_auto_perception_msgs/autoware_auto_perception_msgs/msg/predicted_path.h
[1.288s] -- Up-to-date symlink: /home/zhijie/autoware/install/autoware_auto_perception_msgs/include/autoware_auto_perception_msgs/autoware_auto_perception_msgs/msg/rosidl_generator_c__visibility_control.h
[1.288s] -- Up-to-date symlink: /home/zhijie/autoware/install/autoware_auto_perception_msgs/include/autoware_auto_perception_msgs/autoware_auto_perception_msgs/msg/shape.h
[1.289s] -- Up-to-date symlink: /home/zhijie/autoware/install/autoware_auto_perception_msgs/include/autoware_auto_perception_msgs/autoware_auto_perception_msgs/msg/tracked_object.h
[1.289s] -- Up-to-date symlink: /home/zhijie/autoware/install/autoware_auto_perception_msgs/include/autoware_auto_perception_msgs/autoware_auto_perception_msgs/msg/tracked_object_kinematics.h
[1.289s] -- Up-to-date symlink: /home/zhijie/autoware/install/autoware_auto_perception_msgs/include/autoware_auto_perception_msgs/autoware_auto_perception_msgs/msg/tracked_objects.h
[1.289s] -- Up-to-date symlink: /home/zhijie/autoware/install/autoware_auto_perception_msgs/include/autoware_auto_perception_msgs/autoware_auto_perception_msgs/msg/traffic_light.h
[1.289s] -- Up-to-date symlink: /home/zhijie/autoware/install/autoware_auto_perception_msgs/include/autoware_auto_perception_msgs/autoware_auto_perception_msgs/msg/traffic_light_roi.h
[1.289s] -- Up-to-date symlink: /home/zhijie/autoware/install/autoware_auto_perception_msgs/include/autoware_auto_perception_msgs/autoware_auto_perception_msgs/msg/traffic_light_roi_array.h
[1.290s] -- Up-to-date symlink: /home/zhijie/autoware/install/autoware_auto_perception_msgs/include/autoware_auto_perception_msgs/autoware_auto_perception_msgs/msg/traffic_signal.h
[1.290s] -- Up-to-date symlink: /home/zhijie/autoware/install/autoware_auto_perception_msgs/include/autoware_auto_perception_msgs/autoware_auto_perception_msgs/msg/traffic_signal_array.h
[1.291s] -- Up-to-date symlink: /home/zhijie/autoware/install/autoware_auto_perception_msgs/include/autoware_auto_perception_msgs/autoware_auto_perception_msgs/msg/traffic_signal_stamped.h
[1.291s] -- Up-to-date symlink: /home/zhijie/autoware/install/autoware_auto_perception_msgs/include/autoware_auto_perception_msgs/autoware_auto_perception_msgs/msg/traffic_signal_with_judge.h
[1.291s] -- Up-to-date symlink: /home/zhijie/autoware/install/autoware_auto_perception_msgs/share/autoware_auto_perception_msgs/environment/library_path.sh
[1.291s] -- Up-to-date symlink: /home/zhijie/autoware/install/autoware_auto_perception_msgs/share/autoware_auto_perception_msgs/environment/library_path.dsv
[1.292s] -- Up-to-date symlink: /home/zhijie/autoware/install/autoware_auto_perception_msgs/include/autoware_auto_perception_msgs/autoware_auto_perception_msgs/msg/detail/bounding_box__rosidl_typesupport_fastrtps_c.h
[1.292s] -- Up-to-date symlink: /home/zhijie/autoware/install/autoware_auto_perception_msgs/include/autoware_auto_perception_msgs/autoware_auto_perception_msgs/msg/detail/bounding_box_array__rosidl_typesupport_fastrtps_c.h
[1.292s] -- Up-to-date symlink: /home/zhijie/autoware/install/autoware_auto_perception_msgs/include/autoware_auto_perception_msgs/autoware_auto_perception_msgs/msg/detail/classified_roi__rosidl_typesupport_fastrtps_c.h
[1.293s] -- Up-to-date symlink: /home/zhijie/autoware/install/autoware_auto_perception_msgs/include/autoware_auto_perception_msgs/autoware_auto_perception_msgs/msg/detail/classified_roi_array__rosidl_typesupport_fastrtps_c.h
[1.293s] -- Up-to-date symlink: /home/zhijie/autoware/install/autoware_auto_perception_msgs/include/autoware_auto_perception_msgs/autoware_auto_perception_msgs/msg/detail/detected_object__rosidl_typesupport_fastrtps_c.h
[1.293s] -- Up-to-date symlink: /home/zhijie/autoware/install/autoware_auto_perception_msgs/include/autoware_auto_perception_msgs/autoware_auto_perception_msgs/msg/detail/detected_object_kinematics__rosidl_typesupport_fastrtps_c.h
[1.293s] -- Up-to-date symlink: /home/zhijie/autoware/install/autoware_auto_perception_msgs/include/autoware_auto_perception_msgs/autoware_auto_perception_msgs/msg/detail/detected_objects__rosidl_typesupport_fastrtps_c.h
[1.293s] -- Up-to-date symlink: /home/zhijie/autoware/install/autoware_auto_perception_msgs/include/autoware_auto_perception_msgs/autoware_auto_perception_msgs/msg/detail/looking_traffic_signal__rosidl_typesupport_fastrtps_c.h
[1.294s] -- Up-to-date symlink: /home/zhijie/autoware/install/autoware_auto_perception_msgs/include/autoware_auto_perception_msgs/autoware_auto_perception_msgs/msg/detail/object_classification__rosidl_typesupport_fastrtps_c.h
[1.294s] -- Up-to-date symlink: /home/zhijie/autoware/install/autoware_auto_perception_msgs/include/autoware_auto_perception_msgs/autoware_auto_perception_msgs/msg/detail/point_clusters__rosidl_typesupport_fastrtps_c.h
[1.294s] -- Up-to-date symlink: /home/zhijie/autoware/install/autoware_auto_perception_msgs/include/autoware_auto_perception_msgs/autoware_auto_perception_msgs/msg/detail/point_xyzif__rosidl_typesupport_fastrtps_c.h
[1.294s] -- Up-to-date symlink: /home/zhijie/autoware/install/autoware_auto_perception_msgs/include/autoware_auto_perception_msgs/autoware_auto_perception_msgs/msg/detail/predicted_object__rosidl_typesupport_fastrtps_c.h
[1.294s] -- Up-to-date symlink: /home/zhijie/autoware/install/autoware_auto_perception_msgs/include/autoware_auto_perception_msgs/autoware_auto_perception_msgs/msg/detail/predicted_object_kinematics__rosidl_typesupport_fastrtps_c.h
[1.295s] -- Up-to-date symlink: /home/zhijie/autoware/install/autoware_auto_perception_msgs/include/autoware_auto_perception_msgs/autoware_auto_perception_msgs/msg/detail/predicted_objects__rosidl_typesupport_fastrtps_c.h
[1.295s] -- Up-to-date symlink: /home/zhijie/autoware/install/autoware_auto_perception_msgs/include/autoware_auto_perception_msgs/autoware_auto_perception_msgs/msg/detail/predicted_path__rosidl_typesupport_fastrtps_c.h
[1.295s] -- Up-to-date symlink: /home/zhijie/autoware/install/autoware_auto_perception_msgs/include/autoware_auto_perception_msgs/autoware_auto_perception_msgs/msg/detail/shape__rosidl_typesupport_fastrtps_c.h
[1.295s] -- Up-to-date symlink: /home/zhijie/autoware/install/autoware_auto_perception_msgs/include/autoware_auto_perception_msgs/autoware_auto_perception_msgs/msg/detail/tracked_object__rosidl_typesupport_fastrtps_c.h
[1.295s] -- Up-to-date symlink: /home/zhijie/autoware/install/autoware_auto_perception_msgs/include/autoware_auto_perception_msgs/autoware_auto_perception_msgs/msg/detail/tracked_object_kinematics__rosidl_typesupport_fastrtps_c.h
[1.295s] -- Up-to-date symlink: /home/zhijie/autoware/install/autoware_auto_perception_msgs/include/autoware_auto_perception_msgs/autoware_auto_perception_msgs/msg/detail/tracked_objects__rosidl_typesupport_fastrtps_c.h
[1.295s] -- Up-to-date symlink: /home/zhijie/autoware/install/autoware_auto_perception_msgs/include/autoware_auto_perception_msgs/autoware_auto_perception_msgs/msg/detail/traffic_light__rosidl_typesupport_fastrtps_c.h
[1.295s] -- Up-to-date symlink: /home/zhijie/autoware/install/autoware_auto_perception_msgs/include/autoware_auto_perception_msgs/autoware_auto_perception_msgs/msg/detail/traffic_light_roi__rosidl_typesupport_fastrtps_c.h
[1.295s] -- Up-to-date symlink: /home/zhijie/autoware/install/autoware_auto_perception_msgs/include/autoware_auto_perception_msgs/autoware_auto_perception_msgs/msg/detail/traffic_light_roi_array__rosidl_typesupport_fastrtps_c.h
[1.295s] -- Up-to-date symlink: /home/zhijie/autoware/install/autoware_auto_perception_msgs/include/autoware_auto_perception_msgs/autoware_auto_perception_msgs/msg/detail/traffic_signal__rosidl_typesupport_fastrtps_c.h
[1.295s] -- Up-to-date symlink: /home/zhijie/autoware/install/autoware_auto_perception_msgs/include/autoware_auto_perception_msgs/autoware_auto_perception_msgs/msg/detail/traffic_signal_array__rosidl_typesupport_fastrtps_c.h
[1.296s] -- Up-to-date symlink: /home/zhijie/autoware/install/autoware_auto_perception_msgs/include/autoware_auto_perception_msgs/autoware_auto_perception_msgs/msg/detail/traffic_signal_stamped__rosidl_typesupport_fastrtps_c.h
[1.296s] -- Up-to-date symlink: /home/zhijie/autoware/install/autoware_auto_perception_msgs/include/autoware_auto_perception_msgs/autoware_auto_perception_msgs/msg/detail/traffic_signal_with_judge__rosidl_typesupport_fastrtps_c.h
[1.296s] -- Up-to-date symlink: /home/zhijie/autoware/install/autoware_auto_perception_msgs/include/autoware_auto_perception_msgs/autoware_auto_perception_msgs/msg/rosidl_typesupport_fastrtps_c__visibility_control.h
[1.296s] -- Up-to-date symlink: /home/zhijie/autoware/install/autoware_auto_perception_msgs/include/autoware_auto_perception_msgs/autoware_auto_perception_msgs/msg/detail/bounding_box__rosidl_typesupport_introspection_c.h
[1.296s] -- Up-to-date symlink: /home/zhijie/autoware/install/autoware_auto_perception_msgs/include/autoware_auto_perception_msgs/autoware_auto_perception_msgs/msg/detail/bounding_box_array__rosidl_typesupport_introspection_c.h
[1.296s] -- Up-to-date symlink: /home/zhijie/autoware/install/autoware_auto_perception_msgs/include/autoware_auto_perception_msgs/autoware_auto_perception_msgs/msg/detail/classified_roi__rosidl_typesupport_introspection_c.h
[1.296s] -- Up-to-date symlink: /home/zhijie/autoware/install/autoware_auto_perception_msgs/include/autoware_auto_perception_msgs/autoware_auto_perception_msgs/msg/detail/classified_roi_array__rosidl_typesupport_introspection_c.h
[1.296s] -- Up-to-date symlink: /home/zhijie/autoware/install/autoware_auto_perception_msgs/include/autoware_auto_perception_msgs/autoware_auto_perception_msgs/msg/detail/detected_object__rosidl_typesupport_introspection_c.h
[1.296s] -- Up-to-date symlink: /home/zhijie/autoware/install/autoware_auto_perception_msgs/include/autoware_auto_perception_msgs/autoware_auto_perception_msgs/msg/detail/detected_object_kinematics__rosidl_typesupport_introspection_c.h
[1.296s] -- Up-to-date symlink: /home/zhijie/autoware/install/autoware_auto_perception_msgs/include/autoware_auto_perception_msgs/autoware_auto_perception_msgs/msg/detail/detected_objects__rosidl_typesupport_introspection_c.h
[1.296s] -- Up-to-date symlink: /home/zhijie/autoware/install/autoware_auto_perception_msgs/include/autoware_auto_perception_msgs/autoware_auto_perception_msgs/msg/detail/looking_traffic_signal__rosidl_typesupport_introspection_c.h
[1.296s] -- Up-to-date symlink: /home/zhijie/autoware/install/autoware_auto_perception_msgs/include/autoware_auto_perception_msgs/autoware_auto_perception_msgs/msg/detail/object_classification__rosidl_typesupport_introspection_c.h
[1.297s] -- Up-to-date symlink: /home/zhijie/autoware/install/autoware_auto_perception_msgs/include/autoware_auto_perception_msgs/autoware_auto_perception_msgs/msg/detail/point_clusters__rosidl_typesupport_introspection_c.h
[1.297s] -- Up-to-date symlink: /home/zhijie/autoware/install/autoware_auto_perception_msgs/include/autoware_auto_perception_msgs/autoware_auto_perception_msgs/msg/detail/point_xyzif__rosidl_typesupport_introspection_c.h
[1.297s] -- Up-to-date symlink: /home/zhijie/autoware/install/autoware_auto_perception_msgs/include/autoware_auto_perception_msgs/autoware_auto_perception_msgs/msg/detail/predicted_object__rosidl_typesupport_introspection_c.h
[1.297s] -- Up-to-date symlink: /home/zhijie/autoware/install/autoware_auto_perception_msgs/include/autoware_auto_perception_msgs/autoware_auto_perception_msgs/msg/detail/predicted_object_kinematics__rosidl_typesupport_introspection_c.h
[1.297s] -- Up-to-date symlink: /home/zhijie/autoware/install/autoware_auto_perception_msgs/include/autoware_auto_perception_msgs/autoware_auto_perception_msgs/msg/detail/predicted_objects__rosidl_typesupport_introspection_c.h
[1.297s] -- Up-to-date symlink: /home/zhijie/autoware/install/autoware_auto_perception_msgs/include/autoware_auto_perception_msgs/autoware_auto_perception_msgs/msg/detail/predicted_path__rosidl_typesupport_introspection_c.h
[1.297s] -- Up-to-date symlink: /home/zhijie/autoware/install/autoware_auto_perception_msgs/include/autoware_auto_perception_msgs/autoware_auto_perception_msgs/msg/detail/shape__rosidl_typesupport_introspection_c.h
[1.297s] -- Up-to-date symlink: /home/zhijie/autoware/install/autoware_auto_perception_msgs/include/autoware_auto_perception_msgs/autoware_auto_perception_msgs/msg/detail/tracked_object__rosidl_typesupport_introspection_c.h
[1.297s] -- Up-to-date symlink: /home/zhijie/autoware/install/autoware_auto_perception_msgs/include/autoware_auto_perception_msgs/autoware_auto_perception_msgs/msg/detail/tracked_object_kinematics__rosidl_typesupport_introspection_c.h
[1.297s] -- Up-to-date symlink: /home/zhijie/autoware/install/autoware_auto_perception_msgs/include/autoware_auto_perception_msgs/autoware_auto_perception_msgs/msg/detail/tracked_objects__rosidl_typesupport_introspection_c.h
[1.297s] -- Up-to-date symlink: /home/zhijie/autoware/install/autoware_auto_perception_msgs/include/autoware_auto_perception_msgs/autoware_auto_perception_msgs/msg/detail/traffic_light__rosidl_typesupport_introspection_c.h
[1.298s] -- Up-to-date symlink: /home/zhijie/autoware/install/autoware_auto_perception_msgs/include/autoware_auto_perception_msgs/autoware_auto_perception_msgs/msg/detail/traffic_light_roi__rosidl_typesupport_introspection_c.h
[1.298s] -- Up-to-date symlink: /home/zhijie/autoware/install/autoware_auto_perception_msgs/include/autoware_auto_perception_msgs/autoware_auto_perception_msgs/msg/detail/traffic_light_roi_array__rosidl_typesupport_introspection_c.h
[1.299s] -- Up-to-date symlink: /home/zhijie/autoware/install/autoware_auto_perception_msgs/include/autoware_auto_perception_msgs/autoware_auto_perception_msgs/msg/detail/traffic_signal__rosidl_typesupport_introspection_c.h
[1.299s] -- Up-to-date symlink: /home/zhijie/autoware/install/autoware_auto_perception_msgs/include/autoware_auto_perception_msgs/autoware_auto_perception_msgs/msg/detail/traffic_signal_array__rosidl_typesupport_introspection_c.h
[1.299s] -- Up-to-date symlink: /home/zhijie/autoware/install/autoware_auto_perception_msgs/include/autoware_auto_perception_msgs/autoware_auto_perception_msgs/msg/detail/traffic_signal_stamped__rosidl_typesupport_introspection_c.h
[1.299s] -- Up-to-date symlink: /home/zhijie/autoware/install/autoware_auto_perception_msgs/include/autoware_auto_perception_msgs/autoware_auto_perception_msgs/msg/detail/traffic_signal_with_judge__rosidl_typesupport_introspection_c.h
[1.299s] -- Up-to-date symlink: /home/zhijie/autoware/install/autoware_auto_perception_msgs/include/autoware_auto_perception_msgs/autoware_auto_perception_msgs/msg/rosidl_typesupport_introspection_c__visibility_control.h
[1.299s] -- Up-to-date symlink: /home/zhijie/autoware/install/autoware_auto_perception_msgs/include/autoware_auto_perception_msgs/autoware_auto_perception_msgs/msg/bounding_box.hpp
[1.299s] -- Up-to-date symlink: /home/zhijie/autoware/install/autoware_auto_perception_msgs/include/autoware_auto_perception_msgs/autoware_auto_perception_msgs/msg/bounding_box_array.hpp
[1.300s] -- Up-to-date symlink: /home/zhijie/autoware/install/autoware_auto_perception_msgs/include/autoware_auto_perception_msgs/autoware_auto_perception_msgs/msg/classified_roi.hpp
[1.300s] -- Up-to-date symlink: /home/zhijie/autoware/install/autoware_auto_perception_msgs/include/autoware_auto_perception_msgs/autoware_auto_perception_msgs/msg/classified_roi_array.hpp
[1.300s] -- Up-to-date symlink: /home/zhijie/autoware/install/autoware_auto_perception_msgs/include/autoware_auto_perception_msgs/autoware_auto_perception_msgs/msg/detail/bounding_box__builder.hpp
[1.300s] -- Up-to-date symlink: /home/zhijie/autoware/install/autoware_auto_perception_msgs/include/autoware_auto_perception_msgs/autoware_auto_perception_msgs/msg/detail/bounding_box__struct.hpp
[1.300s] -- Up-to-date symlink: /home/zhijie/autoware/install/autoware_auto_perception_msgs/include/autoware_auto_perception_msgs/autoware_auto_perception_msgs/msg/detail/bounding_box__traits.hpp
[1.300s] -- Up-to-date symlink: /home/zhijie/autoware/install/autoware_auto_perception_msgs/include/autoware_auto_perception_msgs/autoware_auto_perception_msgs/msg/detail/bounding_box_array__builder.hpp
[1.300s] -- Up-to-date symlink: /home/zhijie/autoware/install/autoware_auto_perception_msgs/include/autoware_auto_perception_msgs/autoware_auto_perception_msgs/msg/detail/bounding_box_array__struct.hpp
[1.300s] -- Up-to-date symlink: /home/zhijie/autoware/install/autoware_auto_perception_msgs/include/autoware_auto_perception_msgs/autoware_auto_perception_msgs/msg/detail/bounding_box_array__traits.hpp
[1.300s] -- Up-to-date symlink: /home/zhijie/autoware/install/autoware_auto_perception_msgs/include/autoware_auto_perception_msgs/autoware_auto_perception_msgs/msg/detail/classified_roi__builder.hpp
[1.301s] -- Up-to-date symlink: /home/zhijie/autoware/install/autoware_auto_perception_msgs/include/autoware_auto_perception_msgs/autoware_auto_perception_msgs/msg/detail/classified_roi__struct.hpp
[1.301s] -- Up-to-date symlink: /home/zhijie/autoware/install/autoware_auto_perception_msgs/include/autoware_auto_perception_msgs/autoware_auto_perception_msgs/msg/detail/classified_roi__traits.hpp
[1.301s] -- Up-to-date symlink: /home/zhijie/autoware/install/autoware_auto_perception_msgs/include/autoware_auto_perception_msgs/autoware_auto_perception_msgs/msg/detail/classified_roi_array__builder.hpp
[1.301s] -- Up-to-date symlink: /home/zhijie/autoware/install/autoware_auto_perception_msgs/include/autoware_auto_perception_msgs/autoware_auto_perception_msgs/msg/detail/classified_roi_array__struct.hpp
[1.302s] -- Up-to-date symlink: /home/zhijie/autoware/install/autoware_auto_perception_msgs/include/autoware_auto_perception_msgs/autoware_auto_perception_msgs/msg/detail/classified_roi_array__traits.hpp
[1.302s] -- Up-to-date symlink: /home/zhijie/autoware/install/autoware_auto_perception_msgs/include/autoware_auto_perception_msgs/autoware_auto_perception_msgs/msg/detail/detected_object__builder.hpp
[1.302s] -- Up-to-date symlink: /home/zhijie/autoware/install/autoware_auto_perception_msgs/include/autoware_auto_perception_msgs/autoware_auto_perception_msgs/msg/detail/detected_object__struct.hpp
[1.302s] -- Up-to-date symlink: /home/zhijie/autoware/install/autoware_auto_perception_msgs/include/autoware_auto_perception_msgs/autoware_auto_perception_msgs/msg/detail/detected_object__traits.hpp
[1.302s] -- Up-to-date symlink: /home/zhijie/autoware/install/autoware_auto_perception_msgs/include/autoware_auto_perception_msgs/autoware_auto_perception_msgs/msg/detail/detected_object_kinematics__builder.hpp
[1.303s] -- Up-to-date symlink: /home/zhijie/autoware/install/autoware_auto_perception_msgs/include/autoware_auto_perception_msgs/autoware_auto_perception_msgs/msg/detail/detected_object_kinematics__struct.hpp
[1.303s] -- Up-to-date symlink: /home/zhijie/autoware/install/autoware_auto_perception_msgs/include/autoware_auto_perception_msgs/autoware_auto_perception_msgs/msg/detail/detected_object_kinematics__traits.hpp
[1.303s] -- Up-to-date symlink: /home/zhijie/autoware/install/autoware_auto_perception_msgs/include/autoware_auto_perception_msgs/autoware_auto_perception_msgs/msg/detail/detected_objects__builder.hpp
[1.303s] -- Up-to-date symlink: /home/zhijie/autoware/install/autoware_auto_perception_msgs/include/autoware_auto_perception_msgs/autoware_auto_perception_msgs/msg/detail/detected_objects__struct.hpp
[1.304s] -- Up-to-date symlink: /home/zhijie/autoware/install/autoware_auto_perception_msgs/include/autoware_auto_perception_msgs/autoware_auto_perception_msgs/msg/detail/detected_objects__traits.hpp
[1.304s] -- Up-to-date symlink: /home/zhijie/autoware/install/autoware_auto_perception_msgs/include/autoware_auto_perception_msgs/autoware_auto_perception_msgs/msg/detail/looking_traffic_signal__builder.hpp
[1.304s] -- Up-to-date symlink: /home/zhijie/autoware/install/autoware_auto_perception_msgs/include/autoware_auto_perception_msgs/autoware_auto_perception_msgs/msg/detail/looking_traffic_signal__struct.hpp
[1.304s] -- Up-to-date symlink: /home/zhijie/autoware/install/autoware_auto_perception_msgs/include/autoware_auto_perception_msgs/autoware_auto_perception_msgs/msg/detail/looking_traffic_signal__traits.hpp
[1.305s] -- Up-to-date symlink: /home/zhijie/autoware/install/autoware_auto_perception_msgs/include/autoware_auto_perception_msgs/autoware_auto_perception_msgs/msg/detail/object_classification__builder.hpp
[1.305s] -- Up-to-date symlink: /home/zhijie/autoware/install/autoware_auto_perception_msgs/include/autoware_auto_perception_msgs/autoware_auto_perception_msgs/msg/detail/object_classification__struct.hpp
[1.305s] -- Up-to-date symlink: /home/zhijie/autoware/install/autoware_auto_perception_msgs/include/autoware_auto_perception_msgs/autoware_auto_perception_msgs/msg/detail/object_classification__traits.hpp
[1.305s] -- Up-to-date symlink: /home/zhijie/autoware/install/autoware_auto_perception_msgs/include/autoware_auto_perception_msgs/autoware_auto_perception_msgs/msg/detail/point_clusters__builder.hpp
[1.306s] -- Up-to-date symlink: /home/zhijie/autoware/install/autoware_auto_perception_msgs/include/autoware_auto_perception_msgs/autoware_auto_perception_msgs/msg/detail/point_clusters__struct.hpp
[1.306s] -- Up-to-date symlink: /home/zhijie/autoware/install/autoware_auto_perception_msgs/include/autoware_auto_perception_msgs/autoware_auto_perception_msgs/msg/detail/point_clusters__traits.hpp
[1.306s] -- Up-to-date symlink: /home/zhijie/autoware/install/autoware_auto_perception_msgs/include/autoware_auto_perception_msgs/autoware_auto_perception_msgs/msg/detail/point_xyzif__builder.hpp
[1.306s] -- Up-to-date symlink: /home/zhijie/autoware/install/autoware_auto_perception_msgs/include/autoware_auto_perception_msgs/autoware_auto_perception_msgs/msg/detail/point_xyzif__struct.hpp
[1.307s] -- Up-to-date symlink: /home/zhijie/autoware/install/autoware_auto_perception_msgs/include/autoware_auto_perception_msgs/autoware_auto_perception_msgs/msg/detail/point_xyzif__traits.hpp
[1.307s] -- Up-to-date symlink: /home/zhijie/autoware/install/autoware_auto_perception_msgs/include/autoware_auto_perception_msgs/autoware_auto_perception_msgs/msg/detail/predicted_object__builder.hpp
[1.307s] -- Up-to-date symlink: /home/zhijie/autoware/install/autoware_auto_perception_msgs/include/autoware_auto_perception_msgs/autoware_auto_perception_msgs/msg/detail/predicted_object__struct.hpp
[1.309s] -- Up-to-date symlink: /home/zhijie/autoware/install/autoware_auto_perception_msgs/include/autoware_auto_perception_msgs/autoware_auto_perception_msgs/msg/detail/predicted_object__traits.hpp
[1.309s] -- Up-to-date symlink: /home/zhijie/autoware/install/autoware_auto_perception_msgs/include/autoware_auto_perception_msgs/autoware_auto_perception_msgs/msg/detail/predicted_object_kinematics__builder.hpp
[1.309s] -- Up-to-date symlink: /home/zhijie/autoware/install/autoware_auto_perception_msgs/include/autoware_auto_perception_msgs/autoware_auto_perception_msgs/msg/detail/predicted_object_kinematics__struct.hpp
[1.309s] -- Up-to-date symlink: /home/zhijie/autoware/install/autoware_auto_perception_msgs/include/autoware_auto_perception_msgs/autoware_auto_perception_msgs/msg/detail/predicted_object_kinematics__traits.hpp
[1.309s] -- Up-to-date symlink: /home/zhijie/autoware/install/autoware_auto_perception_msgs/include/autoware_auto_perception_msgs/autoware_auto_perception_msgs/msg/detail/predicted_objects__builder.hpp
[1.309s] -- Up-to-date symlink: /home/zhijie/autoware/install/autoware_auto_perception_msgs/include/autoware_auto_perception_msgs/autoware_auto_perception_msgs/msg/detail/predicted_objects__struct.hpp
[1.309s] -- Up-to-date symlink: /home/zhijie/autoware/install/autoware_auto_perception_msgs/include/autoware_auto_perception_msgs/autoware_auto_perception_msgs/msg/detail/predicted_objects__traits.hpp
[1.310s] -- Up-to-date symlink: /home/zhijie/autoware/install/autoware_auto_perception_msgs/include/autoware_auto_perception_msgs/autoware_auto_perception_msgs/msg/detail/predicted_path__builder.hpp
[1.310s] -- Up-to-date symlink: /home/zhijie/autoware/install/autoware_auto_perception_msgs/include/autoware_auto_perception_msgs/autoware_auto_perception_msgs/msg/detail/predicted_path__struct.hpp
[1.310s] -- Up-to-date symlink: /home/zhijie/autoware/install/autoware_auto_perception_msgs/include/autoware_auto_perception_msgs/autoware_auto_perception_msgs/msg/detail/predicted_path__traits.hpp
[1.310s] -- Up-to-date symlink: /home/zhijie/autoware/install/autoware_auto_perception_msgs/include/autoware_auto_perception_msgs/autoware_auto_perception_msgs/msg/detail/shape__builder.hpp
[1.310s] -- Up-to-date symlink: /home/zhijie/autoware/install/autoware_auto_perception_msgs/include/autoware_auto_perception_msgs/autoware_auto_perception_msgs/msg/detail/shape__struct.hpp
[1.310s] -- Up-to-date symlink: /home/zhijie/autoware/install/autoware_auto_perception_msgs/include/autoware_auto_perception_msgs/autoware_auto_perception_msgs/msg/detail/shape__traits.hpp
[1.310s] -- Up-to-date symlink: /home/zhijie/autoware/install/autoware_auto_perception_msgs/include/autoware_auto_perception_msgs/autoware_auto_perception_msgs/msg/detail/tracked_object__builder.hpp
[1.310s] -- Up-to-date symlink: /home/zhijie/autoware/install/autoware_auto_perception_msgs/include/autoware_auto_perception_msgs/autoware_auto_perception_msgs/msg/detail/tracked_object__struct.hpp
[1.310s] -- Up-to-date symlink: /home/zhijie/autoware/install/autoware_auto_perception_msgs/include/autoware_auto_perception_msgs/autoware_auto_perception_msgs/msg/detail/tracked_object__traits.hpp
[1.310s] -- Up-to-date symlink: /home/zhijie/autoware/install/autoware_auto_perception_msgs/include/autoware_auto_perception_msgs/autoware_auto_perception_msgs/msg/detail/tracked_object_kinematics__builder.hpp
[1.310s] -- Up-to-date symlink: /home/zhijie/autoware/install/autoware_auto_perception_msgs/include/autoware_auto_perception_msgs/autoware_auto_perception_msgs/msg/detail/tracked_object_kinematics__struct.hpp
[1.311s] -- Up-to-date symlink: /home/zhijie/autoware/install/autoware_auto_perception_msgs/include/autoware_auto_perception_msgs/autoware_auto_perception_msgs/msg/detail/tracked_object_kinematics__traits.hpp
[1.311s] -- Up-to-date symlink: /home/zhijie/autoware/install/autoware_auto_perception_msgs/include/autoware_auto_perception_msgs/autoware_auto_perception_msgs/msg/detail/tracked_objects__builder.hpp
[1.311s] -- Up-to-date symlink: /home/zhijie/autoware/install/autoware_auto_perception_msgs/include/autoware_auto_perception_msgs/autoware_auto_perception_msgs/msg/detail/tracked_objects__struct.hpp
[1.311s] -- Up-to-date symlink: /home/zhijie/autoware/install/autoware_auto_perception_msgs/include/autoware_auto_perception_msgs/autoware_auto_perception_msgs/msg/detail/tracked_objects__traits.hpp
[1.312s] -- Up-to-date symlink: /home/zhijie/autoware/install/autoware_auto_perception_msgs/include/autoware_auto_perception_msgs/autoware_auto_perception_msgs/msg/detail/traffic_light__builder.hpp
[1.312s] -- Up-to-date symlink: /home/zhijie/autoware/install/autoware_auto_perception_msgs/include/autoware_auto_perception_msgs/autoware_auto_perception_msgs/msg/detail/traffic_light__struct.hpp
[1.312s] -- Up-to-date symlink: /home/zhijie/autoware/install/autoware_auto_perception_msgs/include/autoware_auto_perception_msgs/autoware_auto_perception_msgs/msg/detail/traffic_light__traits.hpp
[1.312s] -- Up-to-date symlink: /home/zhijie/autoware/install/autoware_auto_perception_msgs/include/autoware_auto_perception_msgs/autoware_auto_perception_msgs/msg/detail/traffic_light_roi__builder.hpp
[1.313s] -- Up-to-date symlink: /home/zhijie/autoware/install/autoware_auto_perception_msgs/include/autoware_auto_perception_msgs/autoware_auto_perception_msgs/msg/detail/traffic_light_roi__struct.hpp
[1.313s] -- Up-to-date symlink: /home/zhijie/autoware/install/autoware_auto_perception_msgs/include/autoware_auto_perception_msgs/autoware_auto_perception_msgs/msg/detail/traffic_light_roi__traits.hpp
[1.313s] -- Up-to-date symlink: /home/zhijie/autoware/install/autoware_auto_perception_msgs/include/autoware_auto_perception_msgs/autoware_auto_perception_msgs/msg/detail/traffic_light_roi_array__builder.hpp
[1.313s] -- Up-to-date symlink: /home/zhijie/autoware/install/autoware_auto_perception_msgs/include/autoware_auto_perception_msgs/autoware_auto_perception_msgs/msg/detail/traffic_light_roi_array__struct.hpp
[1.313s] -- Up-to-date symlink: /home/zhijie/autoware/install/autoware_auto_perception_msgs/include/autoware_auto_perception_msgs/autoware_auto_perception_msgs/msg/detail/traffic_light_roi_array__traits.hpp
[1.314s] -- Up-to-date symlink: /home/zhijie/autoware/install/autoware_auto_perception_msgs/include/autoware_auto_perception_msgs/autoware_auto_perception_msgs/msg/detail/traffic_signal__builder.hpp
[1.314s] -- Up-to-date symlink: /home/zhijie/autoware/install/autoware_auto_perception_msgs/include/autoware_auto_perception_msgs/autoware_auto_perception_msgs/msg/detail/traffic_signal__struct.hpp
[1.314s] -- Up-to-date symlink: /home/zhijie/autoware/install/autoware_auto_perception_msgs/include/autoware_auto_perception_msgs/autoware_auto_perception_msgs/msg/detail/traffic_signal__traits.hpp
[1.314s] -- Up-to-date symlink: /home/zhijie/autoware/install/autoware_auto_perception_msgs/include/autoware_auto_perception_msgs/autoware_auto_perception_msgs/msg/detail/traffic_signal_array__builder.hpp
[1.314s] -- Up-to-date symlink: /home/zhijie/autoware/install/autoware_auto_perception_msgs/include/autoware_auto_perception_msgs/autoware_auto_perception_msgs/msg/detail/traffic_signal_array__struct.hpp
[1.314s] -- Up-to-date symlink: /home/zhijie/autoware/install/autoware_auto_perception_msgs/include/autoware_auto_perception_msgs/autoware_auto_perception_msgs/msg/detail/traffic_signal_array__traits.hpp
[1.314s] -- Up-to-date symlink: /home/zhijie/autoware/install/autoware_auto_perception_msgs/include/autoware_auto_perception_msgs/autoware_auto_perception_msgs/msg/detail/traffic_signal_stamped__builder.hpp
[1.314s] -- Up-to-date symlink: /home/zhijie/autoware/install/autoware_auto_perception_msgs/include/autoware_auto_perception_msgs/autoware_auto_perception_msgs/msg/detail/traffic_signal_stamped__struct.hpp
[1.315s] -- Up-to-date symlink: /home/zhijie/autoware/install/autoware_auto_perception_msgs/include/autoware_auto_perception_msgs/autoware_auto_perception_msgs/msg/detail/traffic_signal_stamped__traits.hpp
[1.315s] -- Up-to-date symlink: /home/zhijie/autoware/install/autoware_auto_perception_msgs/include/autoware_auto_perception_msgs/autoware_auto_perception_msgs/msg/detail/traffic_signal_with_judge__builder.hpp
[1.315s] -- Up-to-date symlink: /home/zhijie/autoware/install/autoware_auto_perception_msgs/include/autoware_auto_perception_msgs/autoware_auto_perception_msgs/msg/detail/traffic_signal_with_judge__struct.hpp
[1.315s] -- Up-to-date symlink: /home/zhijie/autoware/install/autoware_auto_perception_msgs/include/autoware_auto_perception_msgs/autoware_auto_perception_msgs/msg/detail/traffic_signal_with_judge__traits.hpp
[1.316s] -- Up-to-date symlink: /home/zhijie/autoware/install/autoware_auto_perception_msgs/include/autoware_auto_perception_msgs/autoware_auto_perception_msgs/msg/detected_object.hpp
[1.316s] -- Up-to-date symlink: /home/zhijie/autoware/install/autoware_auto_perception_msgs/include/autoware_auto_perception_msgs/autoware_auto_perception_msgs/msg/detected_object_kinematics.hpp
[1.316s] -- Up-to-date symlink: /home/zhijie/autoware/install/autoware_auto_perception_msgs/include/autoware_auto_perception_msgs/autoware_auto_perception_msgs/msg/detected_objects.hpp
[1.316s] -- Up-to-date symlink: /home/zhijie/autoware/install/autoware_auto_perception_msgs/include/autoware_auto_perception_msgs/autoware_auto_perception_msgs/msg/looking_traffic_signal.hpp
[1.325s] -- Up-to-date symlink: /home/zhijie/autoware/install/autoware_auto_perception_msgs/include/autoware_auto_perception_msgs/autoware_auto_perception_msgs/msg/object_classification.hpp
[1.326s] -- Up-to-date symlink: /home/zhijie/autoware/install/autoware_auto_perception_msgs/include/autoware_auto_perception_msgs/autoware_auto_perception_msgs/msg/point_clusters.hpp
[1.326s] -- Up-to-date symlink: /home/zhijie/autoware/install/autoware_auto_perception_msgs/include/autoware_auto_perception_msgs/autoware_auto_perception_msgs/msg/point_xyzif.hpp
[1.326s] -- Up-to-date symlink: /home/zhijie/autoware/install/autoware_auto_perception_msgs/include/autoware_auto_perception_msgs/autoware_auto_perception_msgs/msg/predicted_object.hpp
[1.327s] -- Up-to-date symlink: /home/zhijie/autoware/install/autoware_auto_perception_msgs/include/autoware_auto_perception_msgs/autoware_auto_perception_msgs/msg/predicted_object_kinematics.hpp
[1.327s] -- Up-to-date symlink: /home/zhijie/autoware/install/autoware_auto_perception_msgs/include/autoware_auto_perception_msgs/autoware_auto_perception_msgs/msg/predicted_objects.hpp
[1.327s] -- Up-to-date symlink: /home/zhijie/autoware/install/autoware_auto_perception_msgs/include/autoware_auto_perception_msgs/autoware_auto_perception_msgs/msg/predicted_path.hpp
[1.327s] -- Up-to-date symlink: /home/zhijie/autoware/install/autoware_auto_perception_msgs/include/autoware_auto_perception_msgs/autoware_auto_perception_msgs/msg/shape.hpp
[1.327s] -- Up-to-date symlink: /home/zhijie/autoware/install/autoware_auto_perception_msgs/include/autoware_auto_perception_msgs/autoware_auto_perception_msgs/msg/tracked_object.hpp
[1.327s] -- Up-to-date symlink: /home/zhijie/autoware/install/autoware_auto_perception_msgs/include/autoware_auto_perception_msgs/autoware_auto_perception_msgs/msg/tracked_object_kinematics.hpp
[1.328s] -- Up-to-date symlink: /home/zhijie/autoware/install/autoware_auto_perception_msgs/include/autoware_auto_perception_msgs/autoware_auto_perception_msgs/msg/tracked_objects.hpp
[1.328s] -- Up-to-date symlink: /home/zhijie/autoware/install/autoware_auto_perception_msgs/include/autoware_auto_perception_msgs/autoware_auto_perception_msgs/msg/traffic_light.hpp
[1.328s] -- Up-to-date symlink: /home/zhijie/autoware/install/autoware_auto_perception_msgs/include/autoware_auto_perception_msgs/autoware_auto_perception_msgs/msg/traffic_light_roi.hpp
[1.328s] -- Up-to-date symlink: /home/zhijie/autoware/install/autoware_auto_perception_msgs/include/autoware_auto_perception_msgs/autoware_auto_perception_msgs/msg/traffic_light_roi_array.hpp
[1.328s] -- Up-to-date symlink: /home/zhijie/autoware/install/autoware_auto_perception_msgs/include/autoware_auto_perception_msgs/autoware_auto_perception_msgs/msg/traffic_signal.hpp
[1.328s] -- Up-to-date symlink: /home/zhijie/autoware/install/autoware_auto_perception_msgs/include/autoware_auto_perception_msgs/autoware_auto_perception_msgs/msg/traffic_signal_array.hpp
[1.328s] -- Up-to-date symlink: /home/zhijie/autoware/install/autoware_auto_perception_msgs/include/autoware_auto_perception_msgs/autoware_auto_perception_msgs/msg/traffic_signal_stamped.hpp
[1.328s] -- Up-to-date symlink: /home/zhijie/autoware/install/autoware_auto_perception_msgs/include/autoware_auto_perception_msgs/autoware_auto_perception_msgs/msg/traffic_signal_with_judge.hpp
[1.328s] -- Up-to-date symlink: /home/zhijie/autoware/install/autoware_auto_perception_msgs/include/autoware_auto_perception_msgs/autoware_auto_perception_msgs/msg/detail/bounding_box__rosidl_typesupport_fastrtps_cpp.hpp
[1.328s] -- Up-to-date symlink: /home/zhijie/autoware/install/autoware_auto_perception_msgs/include/autoware_auto_perception_msgs/autoware_auto_perception_msgs/msg/detail/bounding_box_array__rosidl_typesupport_fastrtps_cpp.hpp
[1.328s] -- Up-to-date symlink: /home/zhijie/autoware/install/autoware_auto_perception_msgs/include/autoware_auto_perception_msgs/autoware_auto_perception_msgs/msg/detail/classified_roi__rosidl_typesupport_fastrtps_cpp.hpp
[1.328s] -- Up-to-date symlink: /home/zhijie/autoware/install/autoware_auto_perception_msgs/include/autoware_auto_perception_msgs/autoware_auto_perception_msgs/msg/detail/classified_roi_array__rosidl_typesupport_fastrtps_cpp.hpp
[1.329s] -- Up-to-date symlink: /home/zhijie/autoware/install/autoware_auto_perception_msgs/include/autoware_auto_perception_msgs/autoware_auto_perception_msgs/msg/detail/detected_object__rosidl_typesupport_fastrtps_cpp.hpp
[1.329s] -- Up-to-date symlink: /home/zhijie/autoware/install/autoware_auto_perception_msgs/include/autoware_auto_perception_msgs/autoware_auto_perception_msgs/msg/detail/detected_object_kinematics__rosidl_typesupport_fastrtps_cpp.hpp
[1.329s] -- Up-to-date symlink: /home/zhijie/autoware/install/autoware_auto_perception_msgs/include/autoware_auto_perception_msgs/autoware_auto_perception_msgs/msg/detail/detected_objects__rosidl_typesupport_fastrtps_cpp.hpp
[1.329s] -- Up-to-date symlink: /home/zhijie/autoware/install/autoware_auto_perception_msgs/include/autoware_auto_perception_msgs/autoware_auto_perception_msgs/msg/detail/looking_traffic_signal__rosidl_typesupport_fastrtps_cpp.hpp
[1.329s] -- Up-to-date symlink: /home/zhijie/autoware/install/autoware_auto_perception_msgs/include/autoware_auto_perception_msgs/autoware_auto_perception_msgs/msg/detail/object_classification__rosidl_typesupport_fastrtps_cpp.hpp
[1.329s] -- Up-to-date symlink: /home/zhijie/autoware/install/autoware_auto_perception_msgs/include/autoware_auto_perception_msgs/autoware_auto_perception_msgs/msg/detail/point_clusters__rosidl_typesupport_fastrtps_cpp.hpp
[1.329s] -- Up-to-date symlink: /home/zhijie/autoware/install/autoware_auto_perception_msgs/include/autoware_auto_perception_msgs/autoware_auto_perception_msgs/msg/detail/point_xyzif__rosidl_typesupport_fastrtps_cpp.hpp
[1.329s] -- Up-to-date symlink: /home/zhijie/autoware/install/autoware_auto_perception_msgs/include/autoware_auto_perception_msgs/autoware_auto_perception_msgs/msg/detail/predicted_object__rosidl_typesupport_fastrtps_cpp.hpp
[1.329s] -- Up-to-date symlink: /home/zhijie/autoware/install/autoware_auto_perception_msgs/include/autoware_auto_perception_msgs/autoware_auto_perception_msgs/msg/detail/predicted_object_kinematics__rosidl_typesupport_fastrtps_cpp.hpp
[1.329s] -- Up-to-date symlink: /home/zhijie/autoware/install/autoware_auto_perception_msgs/include/autoware_auto_perception_msgs/autoware_auto_perception_msgs/msg/detail/predicted_objects__rosidl_typesupport_fastrtps_cpp.hpp
[1.329s] -- Up-to-date symlink: /home/zhijie/autoware/install/autoware_auto_perception_msgs/include/autoware_auto_perception_msgs/autoware_auto_perception_msgs/msg/detail/predicted_path__rosidl_typesupport_fastrtps_cpp.hpp
[1.329s] -- Up-to-date symlink: /home/zhijie/autoware/install/autoware_auto_perception_msgs/include/autoware_auto_perception_msgs/autoware_auto_perception_msgs/msg/detail/shape__rosidl_typesupport_fastrtps_cpp.hpp
[1.330s] -- Up-to-date symlink: /home/zhijie/autoware/install/autoware_auto_perception_msgs/include/autoware_auto_perception_msgs/autoware_auto_perception_msgs/msg/detail/tracked_object__rosidl_typesupport_fastrtps_cpp.hpp
[1.330s] -- Up-to-date symlink: /home/zhijie/autoware/install/autoware_auto_perception_msgs/include/autoware_auto_perception_msgs/autoware_auto_perception_msgs/msg/detail/tracked_object_kinematics__rosidl_typesupport_fastrtps_cpp.hpp
[1.330s] -- Up-to-date symlink: /home/zhijie/autoware/install/autoware_auto_perception_msgs/include/autoware_auto_perception_msgs/autoware_auto_perception_msgs/msg/detail/tracked_objects__rosidl_typesupport_fastrtps_cpp.hpp
[1.330s] -- Up-to-date symlink: /home/zhijie/autoware/install/autoware_auto_perception_msgs/include/autoware_auto_perception_msgs/autoware_auto_perception_msgs/msg/detail/traffic_light__rosidl_typesupport_fastrtps_cpp.hpp
[1.330s] -- Up-to-date symlink: /home/zhijie/autoware/install/autoware_auto_perception_msgs/include/autoware_auto_perception_msgs/autoware_auto_perception_msgs/msg/detail/traffic_light_roi__rosidl_typesupport_fastrtps_cpp.hpp
[1.330s] -- Up-to-date symlink: /home/zhijie/autoware/install/autoware_auto_perception_msgs/include/autoware_auto_perception_msgs/autoware_auto_perception_msgs/msg/detail/traffic_light_roi_array__rosidl_typesupport_fastrtps_cpp.hpp
[1.330s] -- Up-to-date symlink: /home/zhijie/autoware/install/autoware_auto_perception_msgs/include/autoware_auto_perception_msgs/autoware_auto_perception_msgs/msg/detail/traffic_signal__rosidl_typesupport_fastrtps_cpp.hpp
[1.330s] -- Up-to-date symlink: /home/zhijie/autoware/install/autoware_auto_perception_msgs/include/autoware_auto_perception_msgs/autoware_auto_perception_msgs/msg/detail/traffic_signal_array__rosidl_typesupport_fastrtps_cpp.hpp
[1.331s] -- Up-to-date symlink: /home/zhijie/autoware/install/autoware_auto_perception_msgs/include/autoware_auto_perception_msgs/autoware_auto_perception_msgs/msg/detail/traffic_signal_stamped__rosidl_typesupport_fastrtps_cpp.hpp
[1.331s] -- Up-to-date symlink: /home/zhijie/autoware/install/autoware_auto_perception_msgs/include/autoware_auto_perception_msgs/autoware_auto_perception_msgs/msg/detail/traffic_signal_with_judge__rosidl_typesupport_fastrtps_cpp.hpp
[1.331s] -- Up-to-date symlink: /home/zhijie/autoware/install/autoware_auto_perception_msgs/include/autoware_auto_perception_msgs/autoware_auto_perception_msgs/msg/rosidl_typesupport_fastrtps_cpp__visibility_control.h
[1.331s] -- Up-to-date symlink: /home/zhijie/autoware/install/autoware_auto_perception_msgs/include/autoware_auto_perception_msgs/autoware_auto_perception_msgs/msg/detail/bounding_box__rosidl_typesupport_introspection_cpp.hpp
[1.331s] -- Up-to-date symlink: /home/zhijie/autoware/install/autoware_auto_perception_msgs/include/autoware_auto_perception_msgs/autoware_auto_perception_msgs/msg/detail/bounding_box_array__rosidl_typesupport_introspection_cpp.hpp
[1.331s] -- Up-to-date symlink: /home/zhijie/autoware/install/autoware_auto_perception_msgs/include/autoware_auto_perception_msgs/autoware_auto_perception_msgs/msg/detail/classified_roi__rosidl_typesupport_introspection_cpp.hpp
[1.331s] -- Up-to-date symlink: /home/zhijie/autoware/install/autoware_auto_perception_msgs/include/autoware_auto_perception_msgs/autoware_auto_perception_msgs/msg/detail/classified_roi_array__rosidl_typesupport_introspection_cpp.hpp
[1.331s] -- Up-to-date symlink: /home/zhijie/autoware/install/autoware_auto_perception_msgs/include/autoware_auto_perception_msgs/autoware_auto_perception_msgs/msg/detail/detected_object__rosidl_typesupport_introspection_cpp.hpp
[1.331s] -- Up-to-date symlink: /home/zhijie/autoware/install/autoware_auto_perception_msgs/include/autoware_auto_perception_msgs/autoware_auto_perception_msgs/msg/detail/detected_object_kinematics__rosidl_typesupport_introspection_cpp.hpp
[1.331s] -- Up-to-date symlink: /home/zhijie/autoware/install/autoware_auto_perception_msgs/include/autoware_auto_perception_msgs/autoware_auto_perception_msgs/msg/detail/detected_objects__rosidl_typesupport_introspection_cpp.hpp
[1.332s] -- Up-to-date symlink: /home/zhijie/autoware/install/autoware_auto_perception_msgs/include/autoware_auto_perception_msgs/autoware_auto_perception_msgs/msg/detail/looking_traffic_signal__rosidl_typesupport_introspection_cpp.hpp
[1.332s] -- Up-to-date symlink: /home/zhijie/autoware/install/autoware_auto_perception_msgs/include/autoware_auto_perception_msgs/autoware_auto_perception_msgs/msg/detail/object_classification__rosidl_typesupport_introspection_cpp.hpp
[1.332s] -- Up-to-date symlink: /home/zhijie/autoware/install/autoware_auto_perception_msgs/include/autoware_auto_perception_msgs/autoware_auto_perception_msgs/msg/detail/point_clusters__rosidl_typesupport_introspection_cpp.hpp
[1.332s] -- Up-to-date symlink: /home/zhijie/autoware/install/autoware_auto_perception_msgs/include/autoware_auto_perception_msgs/autoware_auto_perception_msgs/msg/detail/point_xyzif__rosidl_typesupport_introspection_cpp.hpp
[1.332s] -- Up-to-date symlink: /home/zhijie/autoware/install/autoware_auto_perception_msgs/include/autoware_auto_perception_msgs/autoware_auto_perception_msgs/msg/detail/predicted_object__rosidl_typesupport_introspection_cpp.hpp
[1.332s] -- Up-to-date symlink: /home/zhijie/autoware/install/autoware_auto_perception_msgs/include/autoware_auto_perception_msgs/autoware_auto_perception_msgs/msg/detail/predicted_object_kinematics__rosidl_typesupport_introspection_cpp.hpp
[1.332s] -- Up-to-date symlink: /home/zhijie/autoware/install/autoware_auto_perception_msgs/include/autoware_auto_perception_msgs/autoware_auto_perception_msgs/msg/detail/predicted_objects__rosidl_typesupport_introspection_cpp.hpp
[1.332s] -- Up-to-date symlink: /home/zhijie/autoware/install/autoware_auto_perception_msgs/include/autoware_auto_perception_msgs/autoware_auto_perception_msgs/msg/detail/predicted_path__rosidl_typesupport_introspection_cpp.hpp
[1.332s] -- Up-to-date symlink: /home/zhijie/autoware/install/autoware_auto_perception_msgs/include/autoware_auto_perception_msgs/autoware_auto_perception_msgs/msg/detail/shape__rosidl_typesupport_introspection_cpp.hpp
[1.332s] -- Up-to-date symlink: /home/zhijie/autoware/install/autoware_auto_perception_msgs/include/autoware_auto_perception_msgs/autoware_auto_perception_msgs/msg/detail/tracked_object__rosidl_typesupport_introspection_cpp.hpp
[1.332s] -- Up-to-date symlink: /home/zhijie/autoware/install/autoware_auto_perception_msgs/include/autoware_auto_perception_msgs/autoware_auto_perception_msgs/msg/detail/tracked_object_kinematics__rosidl_typesupport_introspection_cpp.hpp
[1.332s] -- Up-to-date symlink: /home/zhijie/autoware/install/autoware_auto_perception_msgs/include/autoware_auto_perception_msgs/autoware_auto_perception_msgs/msg/detail/tracked_objects__rosidl_typesupport_introspection_cpp.hpp
[1.332s] -- Up-to-date symlink: /home/zhijie/autoware/install/autoware_auto_perception_msgs/include/autoware_auto_perception_msgs/autoware_auto_perception_msgs/msg/detail/traffic_light__rosidl_typesupport_introspection_cpp.hpp
[1.332s] -- Up-to-date symlink: /home/zhijie/autoware/install/autoware_auto_perception_msgs/include/autoware_auto_perception_msgs/autoware_auto_perception_msgs/msg/detail/traffic_light_roi__rosidl_typesupport_introspection_cpp.hpp
[1.333s] -- Up-to-date symlink: /home/zhijie/autoware/install/autoware_auto_perception_msgs/include/autoware_auto_perception_msgs/autoware_auto_perception_msgs/msg/detail/traffic_light_roi_array__rosidl_typesupport_introspection_cpp.hpp
[1.333s] -- Up-to-date symlink: /home/zhijie/autoware/install/autoware_auto_perception_msgs/include/autoware_auto_perception_msgs/autoware_auto_perception_msgs/msg/detail/traffic_signal__rosidl_typesupport_introspection_cpp.hpp
[1.333s] -- Up-to-date symlink: /home/zhijie/autoware/install/autoware_auto_perception_msgs/include/autoware_auto_perception_msgs/autoware_auto_perception_msgs/msg/detail/traffic_signal_array__rosidl_typesupport_introspection_cpp.hpp
[1.333s] -- Up-to-date symlink: /home/zhijie/autoware/install/autoware_auto_perception_msgs/include/autoware_auto_perception_msgs/autoware_auto_perception_msgs/msg/detail/traffic_signal_stamped__rosidl_typesupport_introspection_cpp.hpp
[1.333s] -- Up-to-date symlink: /home/zhijie/autoware/install/autoware_auto_perception_msgs/include/autoware_auto_perception_msgs/autoware_auto_perception_msgs/msg/detail/traffic_signal_with_judge__rosidl_typesupport_introspection_cpp.hpp
[1.333s] -- Up-to-date symlink: /home/zhijie/autoware/install/autoware_auto_perception_msgs/share/autoware_auto_perception_msgs/environment/pythonpath.sh
[1.333s] -- Up-to-date symlink: /home/zhijie/autoware/install/autoware_auto_perception_msgs/share/autoware_auto_perception_msgs/environment/pythonpath.dsv
[1.333s] -- Up-to-date symlink: /home/zhijie/autoware/install/autoware_auto_perception_msgs/local/lib/python3.10/dist-packages/autoware_auto_perception_msgs-1.0.0-py3.10.egg-info/PKG-INFO
[1.333s] -- Up-to-date symlink: /home/zhijie/autoware/install/autoware_auto_perception_msgs/local/lib/python3.10/dist-packages/autoware_auto_perception_msgs-1.0.0-py3.10.egg-info/SOURCES.txt
[1.333s] -- Up-to-date symlink: /home/zhijie/autoware/install/autoware_auto_perception_msgs/local/lib/python3.10/dist-packages/autoware_auto_perception_msgs-1.0.0-py3.10.egg-info/dependency_links.txt
[1.334s] -- Up-to-date symlink: /home/zhijie/autoware/install/autoware_auto_perception_msgs/local/lib/python3.10/dist-packages/autoware_auto_perception_msgs-1.0.0-py3.10.egg-info/top_level.txt
[1.334s] -- Up-to-date symlink: /home/zhijie/autoware/install/autoware_auto_perception_msgs/local/lib/python3.10/dist-packages/autoware_auto_perception_msgs/__init__.py
[1.334s] -- Up-to-date symlink: /home/zhijie/autoware/install/autoware_auto_perception_msgs/local/lib/python3.10/dist-packages/autoware_auto_perception_msgs/_autoware_auto_perception_msgs_s.ep.rosidl_typesupport_c.c
[1.334s] -- Up-to-date symlink: /home/zhijie/autoware/install/autoware_auto_perception_msgs/local/lib/python3.10/dist-packages/autoware_auto_perception_msgs/_autoware_auto_perception_msgs_s.ep.rosidl_typesupport_fastrtps_c.c
[1.334s] -- Up-to-date symlink: /home/zhijie/autoware/install/autoware_auto_perception_msgs/local/lib/python3.10/dist-packages/autoware_auto_perception_msgs/_autoware_auto_perception_msgs_s.ep.rosidl_typesupport_introspection_c.c
[1.334s] -- Up-to-date symlink: /home/zhijie/autoware/install/autoware_auto_perception_msgs/local/lib/python3.10/dist-packages/autoware_auto_perception_msgs/autoware_auto_perception_msgs_s__rosidl_typesupport_c.cpython-310-x86_64-linux-gnu.so
[1.334s] -- Up-to-date symlink: /home/zhijie/autoware/install/autoware_auto_perception_msgs/local/lib/python3.10/dist-packages/autoware_auto_perception_msgs/autoware_auto_perception_msgs_s__rosidl_typesupport_fastrtps_c.cpython-310-x86_64-linux-gnu.so
[1.334s] -- Up-to-date symlink: /home/zhijie/autoware/install/autoware_auto_perception_msgs/local/lib/python3.10/dist-packages/autoware_auto_perception_msgs/autoware_auto_perception_msgs_s__rosidl_typesupport_introspection_c.cpython-310-x86_64-linux-gnu.so
[1.334s] -- Up-to-date symlink: /home/zhijie/autoware/install/autoware_auto_perception_msgs/local/lib/python3.10/dist-packages/autoware_auto_perception_msgs/libautoware_auto_perception_msgs__rosidl_generator_py.so
[1.334s] -- Up-to-date symlink: /home/zhijie/autoware/install/autoware_auto_perception_msgs/local/lib/python3.10/dist-packages/autoware_auto_perception_msgs/msg/__init__.py
[1.334s] -- Up-to-date symlink: /home/zhijie/autoware/install/autoware_auto_perception_msgs/local/lib/python3.10/dist-packages/autoware_auto_perception_msgs/msg/_bounding_box.py
[1.335s] -- Up-to-date symlink: /home/zhijie/autoware/install/autoware_auto_perception_msgs/local/lib/python3.10/dist-packages/autoware_auto_perception_msgs/msg/_bounding_box_array.py
[1.335s] -- Up-to-date symlink: /home/zhijie/autoware/install/autoware_auto_perception_msgs/local/lib/python3.10/dist-packages/autoware_auto_perception_msgs/msg/_bounding_box_array_s.c
[1.335s] -- Up-to-date symlink: /home/zhijie/autoware/install/autoware_auto_perception_msgs/local/lib/python3.10/dist-packages/autoware_auto_perception_msgs/msg/_bounding_box_s.c
[1.335s] -- Up-to-date symlink: /home/zhijie/autoware/install/autoware_auto_perception_msgs/local/lib/python3.10/dist-packages/autoware_auto_perception_msgs/msg/_classified_roi.py
[1.335s] -- Up-to-date symlink: /home/zhijie/autoware/install/autoware_auto_perception_msgs/local/lib/python3.10/dist-packages/autoware_auto_perception_msgs/msg/_classified_roi_array.py
[1.335s] -- Up-to-date symlink: /home/zhijie/autoware/install/autoware_auto_perception_msgs/local/lib/python3.10/dist-packages/autoware_auto_perception_msgs/msg/_classified_roi_array_s.c
[1.335s] -- Up-to-date symlink: /home/zhijie/autoware/install/autoware_auto_perception_msgs/local/lib/python3.10/dist-packages/autoware_auto_perception_msgs/msg/_classified_roi_s.c
[1.335s] -- Up-to-date symlink: /home/zhijie/autoware/install/autoware_auto_perception_msgs/local/lib/python3.10/dist-packages/autoware_auto_perception_msgs/msg/_detected_object.py
[1.335s] -- Up-to-date symlink: /home/zhijie/autoware/install/autoware_auto_perception_msgs/local/lib/python3.10/dist-packages/autoware_auto_perception_msgs/msg/_detected_object_kinematics.py
[1.335s] -- Up-to-date symlink: /home/zhijie/autoware/install/autoware_auto_perception_msgs/local/lib/python3.10/dist-packages/autoware_auto_perception_msgs/msg/_detected_object_kinematics_s.c
[1.335s] -- Up-to-date symlink: /home/zhijie/autoware/install/autoware_auto_perception_msgs/local/lib/python3.10/dist-packages/autoware_auto_perception_msgs/msg/_detected_object_s.c
[1.335s] -- Up-to-date symlink: /home/zhijie/autoware/install/autoware_auto_perception_msgs/local/lib/python3.10/dist-packages/autoware_auto_perception_msgs/msg/_detected_objects.py
[1.335s] -- Up-to-date symlink: /home/zhijie/autoware/install/autoware_auto_perception_msgs/local/lib/python3.10/dist-packages/autoware_auto_perception_msgs/msg/_detected_objects_s.c
[1.335s] -- Up-to-date symlink: /home/zhijie/autoware/install/autoware_auto_perception_msgs/local/lib/python3.10/dist-packages/autoware_auto_perception_msgs/msg/_looking_traffic_signal.py
[1.336s] -- Up-to-date symlink: /home/zhijie/autoware/install/autoware_auto_perception_msgs/local/lib/python3.10/dist-packages/autoware_auto_perception_msgs/msg/_looking_traffic_signal_s.c
[1.336s] -- Up-to-date symlink: /home/zhijie/autoware/install/autoware_auto_perception_msgs/local/lib/python3.10/dist-packages/autoware_auto_perception_msgs/msg/_object_classification.py
[1.336s] -- Up-to-date symlink: /home/zhijie/autoware/install/autoware_auto_perception_msgs/local/lib/python3.10/dist-packages/autoware_auto_perception_msgs/msg/_object_classification_s.c
[1.336s] -- Up-to-date symlink: /home/zhijie/autoware/install/autoware_auto_perception_msgs/local/lib/python3.10/dist-packages/autoware_auto_perception_msgs/msg/_point_clusters.py
[1.336s] -- Up-to-date symlink: /home/zhijie/autoware/install/autoware_auto_perception_msgs/local/lib/python3.10/dist-packages/autoware_auto_perception_msgs/msg/_point_clusters_s.c
[1.336s] -- Up-to-date symlink: /home/zhijie/autoware/install/autoware_auto_perception_msgs/local/lib/python3.10/dist-packages/autoware_auto_perception_msgs/msg/_point_xyzif.py
[1.336s] -- Up-to-date symlink: /home/zhijie/autoware/install/autoware_auto_perception_msgs/local/lib/python3.10/dist-packages/autoware_auto_perception_msgs/msg/_point_xyzif_s.c
[1.336s] -- Up-to-date symlink: /home/zhijie/autoware/install/autoware_auto_perception_msgs/local/lib/python3.10/dist-packages/autoware_auto_perception_msgs/msg/_predicted_object.py
[1.336s] -- Up-to-date symlink: /home/zhijie/autoware/install/autoware_auto_perception_msgs/local/lib/python3.10/dist-packages/autoware_auto_perception_msgs/msg/_predicted_object_kinematics.py
[1.336s] -- Up-to-date symlink: /home/zhijie/autoware/install/autoware_auto_perception_msgs/local/lib/python3.10/dist-packages/autoware_auto_perception_msgs/msg/_predicted_object_kinematics_s.c
[1.336s] -- Up-to-date symlink: /home/zhijie/autoware/install/autoware_auto_perception_msgs/local/lib/python3.10/dist-packages/autoware_auto_perception_msgs/msg/_predicted_object_s.c
[1.336s] -- Up-to-date symlink: /home/zhijie/autoware/install/autoware_auto_perception_msgs/local/lib/python3.10/dist-packages/autoware_auto_perception_msgs/msg/_predicted_objects.py
[1.336s] -- Up-to-date symlink: /home/zhijie/autoware/install/autoware_auto_perception_msgs/local/lib/python3.10/dist-packages/autoware_auto_perception_msgs/msg/_predicted_objects_s.c
[1.337s] -- Up-to-date symlink: /home/zhijie/autoware/install/autoware_auto_perception_msgs/local/lib/python3.10/dist-packages/autoware_auto_perception_msgs/msg/_predicted_path.py
[1.337s] -- Up-to-date symlink: /home/zhijie/autoware/install/autoware_auto_perception_msgs/local/lib/python3.10/dist-packages/autoware_auto_perception_msgs/msg/_predicted_path_s.c
[1.337s] -- Up-to-date symlink: /home/zhijie/autoware/install/autoware_auto_perception_msgs/local/lib/python3.10/dist-packages/autoware_auto_perception_msgs/msg/_shape.py
[1.337s] -- Up-to-date symlink: /home/zhijie/autoware/install/autoware_auto_perception_msgs/local/lib/python3.10/dist-packages/autoware_auto_perception_msgs/msg/_shape_s.c
[1.337s] -- Up-to-date symlink: /home/zhijie/autoware/install/autoware_auto_perception_msgs/local/lib/python3.10/dist-packages/autoware_auto_perception_msgs/msg/_tracked_object.py
[1.337s] -- Up-to-date symlink: /home/zhijie/autoware/install/autoware_auto_perception_msgs/local/lib/python3.10/dist-packages/autoware_auto_perception_msgs/msg/_tracked_object_kinematics.py
[1.337s] -- Up-to-date symlink: /home/zhijie/autoware/install/autoware_auto_perception_msgs/local/lib/python3.10/dist-packages/autoware_auto_perception_msgs/msg/_tracked_object_kinematics_s.c
[1.337s] -- Up-to-date symlink: /home/zhijie/autoware/install/autoware_auto_perception_msgs/local/lib/python3.10/dist-packages/autoware_auto_perception_msgs/msg/_tracked_object_s.c
[1.337s] -- Up-to-date symlink: /home/zhijie/autoware/install/autoware_auto_perception_msgs/local/lib/python3.10/dist-packages/autoware_auto_perception_msgs/msg/_tracked_objects.py
[1.337s] -- Up-to-date symlink: /home/zhijie/autoware/install/autoware_auto_perception_msgs/local/lib/python3.10/dist-packages/autoware_auto_perception_msgs/msg/_tracked_objects_s.c
[1.339s] -- Up-to-date symlink: /home/zhijie/autoware/install/autoware_auto_perception_msgs/local/lib/python3.10/dist-packages/autoware_auto_perception_msgs/msg/_traffic_light.py
[1.339s] -- Up-to-date symlink: /home/zhijie/autoware/install/autoware_auto_perception_msgs/local/lib/python3.10/dist-packages/autoware_auto_perception_msgs/msg/_traffic_light_roi.py
[1.340s] -- Up-to-date symlink: /home/zhijie/autoware/install/autoware_auto_perception_msgs/local/lib/python3.10/dist-packages/autoware_auto_perception_msgs/msg/_traffic_light_roi_array.py
[1.340s] -- Up-to-date symlink: /home/zhijie/autoware/install/autoware_auto_perception_msgs/local/lib/python3.10/dist-packages/autoware_auto_perception_msgs/msg/_traffic_light_roi_array_s.c
[1.340s] -- Up-to-date symlink: /home/zhijie/autoware/install/autoware_auto_perception_msgs/local/lib/python3.10/dist-packages/autoware_auto_perception_msgs/msg/_traffic_light_roi_s.c
[1.340s] -- Up-to-date symlink: /home/zhijie/autoware/install/autoware_auto_perception_msgs/local/lib/python3.10/dist-packages/autoware_auto_perception_msgs/msg/_traffic_light_s.c
[1.357s] -- Up-to-date symlink: /home/zhijie/autoware/install/autoware_auto_perception_msgs/local/lib/python3.10/dist-packages/autoware_auto_perception_msgs/msg/_traffic_signal.py
[1.357s] -- Up-to-date symlink: /home/zhijie/autoware/install/autoware_auto_perception_msgs/local/lib/python3.10/dist-packages/autoware_auto_perception_msgs/msg/_traffic_signal_array.py
[1.357s] -- Up-to-date symlink: /home/zhijie/autoware/install/autoware_auto_perception_msgs/local/lib/python3.10/dist-packages/autoware_auto_perception_msgs/msg/_traffic_signal_array_s.c
[1.357s] -- Up-to-date symlink: /home/zhijie/autoware/install/autoware_auto_perception_msgs/local/lib/python3.10/dist-packages/autoware_auto_perception_msgs/msg/_traffic_signal_s.c
[1.357s] -- Up-to-date symlink: /home/zhijie/autoware/install/autoware_auto_perception_msgs/local/lib/python3.10/dist-packages/autoware_auto_perception_msgs/msg/_traffic_signal_stamped.py
[1.357s] -- Up-to-date symlink: /home/zhijie/autoware/install/autoware_auto_perception_msgs/local/lib/python3.10/dist-packages/autoware_auto_perception_msgs/msg/_traffic_signal_stamped_s.c
[1.357s] -- Up-to-date symlink: /home/zhijie/autoware/install/autoware_auto_perception_msgs/local/lib/python3.10/dist-packages/autoware_auto_perception_msgs/msg/_traffic_signal_with_judge.py
[1.358s] -- Up-to-date symlink: /home/zhijie/autoware/install/autoware_auto_perception_msgs/local/lib/python3.10/dist-packages/autoware_auto_perception_msgs/msg/_traffic_signal_with_judge_s.c
[1.358s] -- Up-to-date symlink: /home/zhijie/autoware/install/autoware_auto_perception_msgs/local/lib/python3.10/dist-packages/autoware_auto_perception_msgs/autoware_auto_perception_msgs_s__rosidl_typesupport_fastrtps_c.cpython-310-x86_64-linux-gnu.so
[1.358s] -- Up-to-date symlink: /home/zhijie/autoware/install/autoware_auto_perception_msgs/local/lib/python3.10/dist-packages/autoware_auto_perception_msgs/autoware_auto_perception_msgs_s__rosidl_typesupport_introspection_c.cpython-310-x86_64-linux-gnu.so
[1.358s] -- Up-to-date symlink: /home/zhijie/autoware/install/autoware_auto_perception_msgs/local/lib/python3.10/dist-packages/autoware_auto_perception_msgs/autoware_auto_perception_msgs_s__rosidl_typesupport_c.cpython-310-x86_64-linux-gnu.so
[1.358s] -- Up-to-date symlink: /home/zhijie/autoware/install/autoware_auto_perception_msgs/share/autoware_auto_perception_msgs/msg/BoundingBox.idl
[1.358s] -- Up-to-date symlink: /home/zhijie/autoware/install/autoware_auto_perception_msgs/share/autoware_auto_perception_msgs/msg/BoundingBoxArray.idl
[1.358s] -- Up-to-date symlink: /home/zhijie/autoware/install/autoware_auto_perception_msgs/share/autoware_auto_perception_msgs/msg/ClassifiedRoi.idl
[1.358s] -- Up-to-date symlink: /home/zhijie/autoware/install/autoware_auto_perception_msgs/share/autoware_auto_perception_msgs/msg/ClassifiedRoiArray.idl
[1.358s] -- Up-to-date symlink: /home/zhijie/autoware/install/autoware_auto_perception_msgs/share/autoware_auto_perception_msgs/msg/DetectedObject.idl
[1.358s] -- Up-to-date symlink: /home/zhijie/autoware/install/autoware_auto_perception_msgs/share/autoware_auto_perception_msgs/msg/DetectedObjectKinematics.idl
[1.358s] -- Up-to-date symlink: /home/zhijie/autoware/install/autoware_auto_perception_msgs/share/autoware_auto_perception_msgs/msg/DetectedObjects.idl
[1.358s] -- Up-to-date symlink: /home/zhijie/autoware/install/autoware_auto_perception_msgs/share/autoware_auto_perception_msgs/msg/LookingTrafficSignal.idl
[1.358s] -- Up-to-date symlink: /home/zhijie/autoware/install/autoware_auto_perception_msgs/share/autoware_auto_perception_msgs/msg/ObjectClassification.idl
[1.359s] -- Up-to-date symlink: /home/zhijie/autoware/install/autoware_auto_perception_msgs/share/autoware_auto_perception_msgs/msg/PointClusters.idl
[1.359s] -- Up-to-date symlink: /home/zhijie/autoware/install/autoware_auto_perception_msgs/share/autoware_auto_perception_msgs/msg/PointXYZIF.idl
[1.359s] -- Up-to-date symlink: /home/zhijie/autoware/install/autoware_auto_perception_msgs/share/autoware_auto_perception_msgs/msg/PredictedObject.idl
[1.359s] -- Up-to-date symlink: /home/zhijie/autoware/install/autoware_auto_perception_msgs/share/autoware_auto_perception_msgs/msg/PredictedObjectKinematics.idl
[1.359s] -- Up-to-date symlink: /home/zhijie/autoware/install/autoware_auto_perception_msgs/share/autoware_auto_perception_msgs/msg/PredictedObjects.idl
[1.359s] -- Up-to-date symlink: /home/zhijie/autoware/install/autoware_auto_perception_msgs/share/autoware_auto_perception_msgs/msg/PredictedPath.idl
[1.359s] -- Up-to-date symlink: /home/zhijie/autoware/install/autoware_auto_perception_msgs/share/autoware_auto_perception_msgs/msg/Shape.idl
[1.359s] -- Up-to-date symlink: /home/zhijie/autoware/install/autoware_auto_perception_msgs/share/autoware_auto_perception_msgs/msg/TrackedObject.idl
[1.359s] -- Up-to-date symlink: /home/zhijie/autoware/install/autoware_auto_perception_msgs/share/autoware_auto_perception_msgs/msg/TrackedObjectKinematics.idl
[1.359s] -- Up-to-date symlink: /home/zhijie/autoware/install/autoware_auto_perception_msgs/share/autoware_auto_perception_msgs/msg/TrackedObjects.idl
[1.359s] -- Up-to-date symlink: /home/zhijie/autoware/install/autoware_auto_perception_msgs/share/autoware_auto_perception_msgs/msg/TrafficLight.idl
[1.359s] -- Up-to-date symlink: /home/zhijie/autoware/install/autoware_auto_perception_msgs/share/autoware_auto_perception_msgs/msg/TrafficLightRoi.idl
[1.360s] -- Up-to-date symlink: /home/zhijie/autoware/install/autoware_auto_perception_msgs/share/autoware_auto_perception_msgs/msg/TrafficLightRoiArray.idl
[1.360s] -- Up-to-date symlink: /home/zhijie/autoware/install/autoware_auto_perception_msgs/share/autoware_auto_perception_msgs/msg/TrafficSignal.idl
[1.360s] -- Up-to-date symlink: /home/zhijie/autoware/install/autoware_auto_perception_msgs/share/autoware_auto_perception_msgs/msg/TrafficSignalArray.idl
[1.360s] -- Up-to-date symlink: /home/zhijie/autoware/install/autoware_auto_perception_msgs/share/autoware_auto_perception_msgs/msg/TrafficSignalStamped.idl
[1.360s] -- Up-to-date symlink: /home/zhijie/autoware/install/autoware_auto_perception_msgs/share/autoware_auto_perception_msgs/msg/TrafficSignalWithJudge.idl
[1.360s] -- Up-to-date symlink: /home/zhijie/autoware/install/autoware_auto_perception_msgs/share/ament_index/resource_index/package_run_dependencies/autoware_auto_perception_msgs
[1.360s] -- Up-to-date symlink: /home/zhijie/autoware/install/autoware_auto_perception_msgs/share/ament_index/resource_index/parent_prefix_path/autoware_auto_perception_msgs
[1.360s] -- Up-to-date symlink: /home/zhijie/autoware/install/autoware_auto_perception_msgs/share/autoware_auto_perception_msgs/environment/ament_prefix_path.sh
[1.360s] -- Up-to-date symlink: /home/zhijie/autoware/install/autoware_auto_perception_msgs/share/autoware_auto_perception_msgs/environment/ament_prefix_path.dsv
[1.361s] -- Up-to-date symlink: /home/zhijie/autoware/install/autoware_auto_perception_msgs/share/autoware_auto_perception_msgs/environment/path.sh
[1.361s] -- Up-to-date symlink: /home/zhijie/autoware/install/autoware_auto_perception_msgs/share/autoware_auto_perception_msgs/environment/path.dsv
[1.361s] -- Up-to-date symlink: /home/zhijie/autoware/install/autoware_auto_perception_msgs/share/autoware_auto_perception_msgs/local_setup.bash
[1.361s] -- Up-to-date symlink: /home/zhijie/autoware/install/autoware_auto_perception_msgs/share/autoware_auto_perception_msgs/local_setup.sh
[1.362s] -- Up-to-date symlink: /home/zhijie/autoware/install/autoware_auto_perception_msgs/share/autoware_auto_perception_msgs/local_setup.zsh
[1.363s] -- Up-to-date symlink: /home/zhijie/autoware/install/autoware_auto_perception_msgs/share/autoware_auto_perception_msgs/local_setup.dsv
[1.363s] -- Symlinking: /home/zhijie/autoware/install/autoware_auto_perception_msgs/share/autoware_auto_perception_msgs/package.dsv
[1.363s] -- Up-to-date symlink: /home/zhijie/autoware/install/autoware_auto_perception_msgs/share/ament_index/resource_index/packages/autoware_auto_perception_msgs
[1.363s] -- Up-to-date symlink: /home/zhijie/autoware/install/autoware_auto_perception_msgs/share/autoware_auto_perception_msgs/cmake/rosidl_cmake-extras.cmake
[1.363s] -- Up-to-date symlink: /home/zhijie/autoware/install/autoware_auto_perception_msgs/share/autoware_auto_perception_msgs/cmake/ament_cmake_export_dependencies-extras.cmake
[1.363s] -- Up-to-date symlink: /home/zhijie/autoware/install/autoware_auto_perception_msgs/share/autoware_auto_perception_msgs/cmake/ament_cmake_export_include_directories-extras.cmake
[1.364s] -- Up-to-date symlink: /home/zhijie/autoware/install/autoware_auto_perception_msgs/share/autoware_auto_perception_msgs/cmake/ament_cmake_export_libraries-extras.cmake
[1.364s] -- Up-to-date symlink: /home/zhijie/autoware/install/autoware_auto_perception_msgs/share/autoware_auto_perception_msgs/cmake/ament_cmake_export_targets-extras.cmake
[1.364s] -- Up-to-date symlink: /home/zhijie/autoware/install/autoware_auto_perception_msgs/share/autoware_auto_perception_msgs/cmake/rosidl_cmake_export_typesupport_targets-extras.cmake
[1.364s] -- Up-to-date symlink: /home/zhijie/autoware/install/autoware_auto_perception_msgs/share/autoware_auto_perception_msgs/cmake/rosidl_cmake_export_typesupport_libraries-extras.cmake
[1.364s] -- Up-to-date symlink: /home/zhijie/autoware/install/autoware_auto_perception_msgs/share/autoware_auto_perception_msgs/cmake/autoware_auto_perception_msgsConfig.cmake
[1.364s] -- Up-to-date symlink: /home/zhijie/autoware/install/autoware_auto_perception_msgs/share/autoware_auto_perception_msgs/cmake/autoware_auto_perception_msgsConfig-version.cmake
[1.364s] -- Up-to-date symlink: /home/zhijie/autoware/install/autoware_auto_perception_msgs/share/autoware_auto_perception_msgs/package.xml
[1.364s] -- Up-to-date: /home/zhijie/autoware/install/autoware_auto_perception_msgs/lib/libautoware_auto_perception_msgs__rosidl_generator_c.so
[1.364s] -- Up-to-date: /home/zhijie/autoware/install/autoware_auto_perception_msgs/lib/libautoware_auto_perception_msgs__rosidl_typesupport_fastrtps_c.so
[1.364s] -- Up-to-date: /home/zhijie/autoware/install/autoware_auto_perception_msgs/lib/libautoware_auto_perception_msgs__rosidl_typesupport_introspection_c.so
[1.364s] -- Up-to-date: /home/zhijie/autoware/install/autoware_auto_perception_msgs/lib/libautoware_auto_perception_msgs__rosidl_typesupport_c.so
[1.364s] -- Up-to-date: /home/zhijie/autoware/install/autoware_auto_perception_msgs/lib/libautoware_auto_perception_msgs__rosidl_typesupport_fastrtps_cpp.so
[1.364s] -- Up-to-date: /home/zhijie/autoware/install/autoware_auto_perception_msgs/lib/libautoware_auto_perception_msgs__rosidl_typesupport_introspection_cpp.so
[1.365s] -- Up-to-date: /home/zhijie/autoware/install/autoware_auto_perception_msgs/lib/libautoware_auto_perception_msgs__rosidl_typesupport_cpp.so
[1.382s] Listing '/home/zhijie/autoware/install/autoware_auto_perception_msgs/local/lib/python3.10/dist-packages/autoware_auto_perception_msgs'...
[1.382s] Listing '/home/zhijie/autoware/install/autoware_auto_perception_msgs/local/lib/python3.10/dist-packages/autoware_auto_perception_msgs/msg'...
[1.405s] -- Up-to-date: /home/zhijie/autoware/install/autoware_auto_perception_msgs/lib/libautoware_auto_perception_msgs__rosidl_generator_py.so
[1.406s] -- Up-to-date: /home/zhijie/autoware/install/autoware_auto_perception_msgs/share/autoware_auto_perception_msgs/cmake/export_autoware_auto_perception_msgs__rosidl_generator_cExport.cmake
[1.406s] -- Up-to-date: /home/zhijie/autoware/install/autoware_auto_perception_msgs/share/autoware_auto_perception_msgs/cmake/export_autoware_auto_perception_msgs__rosidl_generator_cExport-release.cmake
[1.406s] -- Up-to-date: /home/zhijie/autoware/install/autoware_auto_perception_msgs/share/autoware_auto_perception_msgs/cmake/export_autoware_auto_perception_msgs__rosidl_typesupport_fastrtps_cExport.cmake
[1.406s] -- Up-to-date: /home/zhijie/autoware/install/autoware_auto_perception_msgs/share/autoware_auto_perception_msgs/cmake/export_autoware_auto_perception_msgs__rosidl_typesupport_fastrtps_cExport-release.cmake
[1.406s] -- Up-to-date: /home/zhijie/autoware/install/autoware_auto_perception_msgs/share/autoware_auto_perception_msgs/cmake/autoware_auto_perception_msgs__rosidl_typesupport_introspection_cExport.cmake
[1.406s] -- Up-to-date: /home/zhijie/autoware/install/autoware_auto_perception_msgs/share/autoware_auto_perception_msgs/cmake/autoware_auto_perception_msgs__rosidl_typesupport_introspection_cExport-release.cmake
[1.406s] -- Up-to-date: /home/zhijie/autoware/install/autoware_auto_perception_msgs/share/autoware_auto_perception_msgs/cmake/autoware_auto_perception_msgs__rosidl_typesupport_cExport.cmake
[1.406s] -- Up-to-date: /home/zhijie/autoware/install/autoware_auto_perception_msgs/share/autoware_auto_perception_msgs/cmake/autoware_auto_perception_msgs__rosidl_typesupport_cExport-release.cmake
[1.406s] -- Up-to-date: /home/zhijie/autoware/install/autoware_auto_perception_msgs/share/autoware_auto_perception_msgs/cmake/export_autoware_auto_perception_msgs__rosidl_generator_cppExport.cmake
[1.406s] -- Up-to-date: /home/zhijie/autoware/install/autoware_auto_perception_msgs/share/autoware_auto_perception_msgs/cmake/export_autoware_auto_perception_msgs__rosidl_typesupport_fastrtps_cppExport.cmake
[1.406s] -- Up-to-date: /home/zhijie/autoware/install/autoware_auto_perception_msgs/share/autoware_auto_perception_msgs/cmake/export_autoware_auto_perception_msgs__rosidl_typesupport_fastrtps_cppExport-release.cmake
[1.406s] -- Up-to-date: /home/zhijie/autoware/install/autoware_auto_perception_msgs/share/autoware_auto_perception_msgs/cmake/autoware_auto_perception_msgs__rosidl_typesupport_introspection_cppExport.cmake
[1.407s] -- Up-to-date: /home/zhijie/autoware/install/autoware_auto_perception_msgs/share/autoware_auto_perception_msgs/cmake/autoware_auto_perception_msgs__rosidl_typesupport_introspection_cppExport-release.cmake
[1.407s] -- Up-to-date: /home/zhijie/autoware/install/autoware_auto_perception_msgs/share/autoware_auto_perception_msgs/cmake/autoware_auto_perception_msgs__rosidl_typesupport_cppExport.cmake
[1.407s] -- Up-to-date: /home/zhijie/autoware/install/autoware_auto_perception_msgs/share/autoware_auto_perception_msgs/cmake/autoware_auto_perception_msgs__rosidl_typesupport_cppExport-release.cmake
[1.407s] -- Up-to-date: /home/zhijie/autoware/install/autoware_auto_perception_msgs/share/autoware_auto_perception_msgs/cmake/export_autoware_auto_perception_msgs__rosidl_generator_pyExport.cmake
[1.407s] -- Up-to-date: /home/zhijie/autoware/install/autoware_auto_perception_msgs/share/autoware_auto_perception_msgs/cmake/export_autoware_auto_perception_msgs__rosidl_generator_pyExport-release.cmake
[1.449s] Invoked command in '/home/zhijie/autoware/build/autoware_auto_perception_msgs' returned '0': AMENT_PREFIX_PATH=/home/zhijie/autoware/install/autoware_auto_geometry_msgs:${AMENT_PREFIX_PATH} CMAKE_PREFIX_PATH=/home/zhijie/autoware/install/autoware_auto_geometry_msgs:/opt/ros/humble LD_LIBRARY_PATH=/home/zhijie/autoware/install/autoware_auto_geometry_msgs/lib:${LD_LIBRARY_PATH} PYTHONPATH=/home/zhijie/autoware/install/autoware_auto_geometry_msgs/local/lib/python3.10/dist-packages:${PYTHONPATH} /usr/bin/cmake --install /home/zhijie/autoware/build/autoware_auto_perception_msgs
