[0.151s] Invoking command in '/home/zhijie/autoware/build/diagnostic_converter': AMENT_PREFIX_PATH=/home/zhijie/autoware/install/autoware_cmake:/home/zhijie/autoware/install/tier4_simulation_msgs:/home/zhijie/autoware/install/autoware_lint_common:${AMENT_PREFIX_PATH} CMAKE_PREFIX_PATH=/home/zhijie/autoware/install/autoware_cmake:/home/zhijie/autoware/install/tier4_simulation_msgs:/home/zhijie/autoware/install/autoware_lint_common:/opt/ros/humble LD_LIBRARY_PATH=/home/zhijie/autoware/install/tier4_simulation_msgs/lib:${LD_LIBRARY_PATH} PYTHONPATH=/home/zhijie/autoware/install/tier4_simulation_msgs/local/lib/python3.10/dist-packages:${PYTHONPATH} /usr/bin/cmake /home/zhijie/autoware/src/universe/autoware.universe/evaluator/diagnostic_converter -DCMAKE_BUILD_TYPE=Release -DAMENT_CMAKE_SYMLINK_INSTALL=1 -DCMAKE_INSTALL_PREFIX=/home/zhijie/autoware/install/diagnostic_converter
[16.602s] -- Found ament_cmake_auto: 1.3.5 (/opt/ros/humble/share/ament_cmake_auto/cmake)
[16.603s] -- Override CMake install command with custom implementation using symlinks instead of copying resources
[16.603s] -- Found pluginlib: 5.1.0 (/opt/ros/humble/share/pluginlib/cmake)
[16.603s] -- Found rosidl_generator_c: 3.1.5 (/opt/ros/humble/share/rosidl_generator_c/cmake)
[16.605s] -- Found rosidl_adapter: 3.1.5 (/opt/ros/humble/share/rosidl_adapter/cmake)
[16.605s] -- Found rosidl_generator_cpp: 3.1.5 (/opt/ros/humble/share/rosidl_generator_cpp/cmake)
[16.605s] -- Using all available rosidl_typesupport_c: rosidl_typesupport_fastrtps_c;rosidl_typesupport_introspection_c
[16.605s] -- Using all available rosidl_typesupport_cpp: rosidl_typesupport_fastrtps_cpp;rosidl_typesupport_introspection_cpp
[16.605s] -- Found rmw_implementation_cmake: 6.1.1 (/opt/ros/humble/share/rmw_implementation_cmake/cmake)
[16.605s] -- Found rmw_cyclonedds_cpp: 1.3.4 (/opt/ros/humble/share/rmw_cyclonedds_cpp/cmake)
[16.605s] -- Using RMW implementation 'rmw_cyclonedds_cpp' as default
[16.605s] -- Found ament_lint_auto: 0.12.8 (/opt/ros/humble/share/ament_lint_auto/cmake)
[16.606s] -- Found gtest sources under '/opt/ros/humble/src/gtest_vendor': C++ tests using 'Google Test' will be built
[16.606s] -- Added test 'copyright' to check source files copyright and LICENSE
[16.606s] -- Added test 'cppcheck' to perform static code analysis on C / C++ code
[16.606s] -- Configured cppcheck include dirs: /home/zhijie/autoware/src/universe/autoware.universe/evaluator/diagnostic_converter/include
[16.606s] -- Configured cppcheck exclude dirs and/or files: 
[16.606s] -- Added test 'lint_cmake' to check CMake code style
[16.606s] -- Added test 'xmllint' to check XML markup files
[16.606s] -- Configuring done
[16.606s] -- Generating done
[16.606s] -- Build files have been written to: /home/zhijie/autoware/build/diagnostic_converter
[16.660s] Invoked command in '/home/zhijie/autoware/build/diagnostic_converter' returned '0': AMENT_PREFIX_PATH=/home/zhijie/autoware/install/autoware_cmake:/home/zhijie/autoware/install/tier4_simulation_msgs:/home/zhijie/autoware/install/autoware_lint_common:${AMENT_PREFIX_PATH} CMAKE_PREFIX_PATH=/home/zhijie/autoware/install/autoware_cmake:/home/zhijie/autoware/install/tier4_simulation_msgs:/home/zhijie/autoware/install/autoware_lint_common:/opt/ros/humble LD_LIBRARY_PATH=/home/zhijie/autoware/install/tier4_simulation_msgs/lib:${LD_LIBRARY_PATH} PYTHONPATH=/home/zhijie/autoware/install/tier4_simulation_msgs/local/lib/python3.10/dist-packages:${PYTHONPATH} /usr/bin/cmake /home/zhijie/autoware/src/universe/autoware.universe/evaluator/diagnostic_converter -DCMAKE_BUILD_TYPE=Release -DAMENT_CMAKE_SYMLINK_INSTALL=1 -DCMAKE_INSTALL_PREFIX=/home/zhijie/autoware/install/diagnostic_converter
[16.661s] Invoking command in '/home/zhijie/autoware/build/diagnostic_converter': AMENT_PREFIX_PATH=/home/zhijie/autoware/install/autoware_cmake:/home/zhijie/autoware/install/tier4_simulation_msgs:/home/zhijie/autoware/install/autoware_lint_common:${AMENT_PREFIX_PATH} CMAKE_PREFIX_PATH=/home/zhijie/autoware/install/autoware_cmake:/home/zhijie/autoware/install/tier4_simulation_msgs:/home/zhijie/autoware/install/autoware_lint_common:/opt/ros/humble LD_LIBRARY_PATH=/home/zhijie/autoware/install/tier4_simulation_msgs/lib:${LD_LIBRARY_PATH} PYTHONPATH=/home/zhijie/autoware/install/tier4_simulation_msgs/local/lib/python3.10/dist-packages:${PYTHONPATH} /usr/bin/cmake --build /home/zhijie/autoware/build/diagnostic_converter -- -j16 -l16
[22.199s] [35m[1mConsolidate compiler generated dependencies of target diagnostic_converter_node[0m
[22.199s] [35m[1mConsolidate compiler generated dependencies of target diagnostic_converter[0m
[22.199s] [35m[1mConsolidate compiler generated dependencies of target gtest_main[0m
[22.199s] [ 10%] [32mBuilding CXX object CMakeFiles/diagnostic_converter_node.dir/src/converter_node.cpp.o[0m
[22.199s] [ 20%] [32mBuilding CXX object gtest/CMakeFiles/gtest_main.dir/src/gtest_main.cc.o[0m
[22.199s] [ 30%] [32mBuilding CXX object CMakeFiles/diagnostic_converter.dir/rclcpp_components/node_main_diagnostic_converter.cpp.o[0m
[22.199s] [ 40%] [32m[1mLinking CXX static library libgtest_main.a[0m
[22.199s] [ 40%] Built target gtest_main
[22.199s] [35m[1mConsolidate compiler generated dependencies of target gtest[0m
[22.199s] [ 50%] [32mBuilding CXX object gtest/CMakeFiles/gtest.dir/src/gtest-all.cc.o[0m
[27.694s] [ 60%] [32m[1mLinking CXX executable diagnostic_converter[0m
[28.100s] [ 60%] Built target diagnostic_converter
[37.496s] [ 70%] [32m[1mLinking CXX static library libgtest.a[0m
[37.672s] [ 70%] Built target gtest
[48.886s] [ 80%] [32m[1mLinking CXX shared library libdiagnostic_converter_node.so[0m
[49.125s] [ 80%] Built target diagnostic_converter_node
[49.140s] [35m[1mConsolidate compiler generated dependencies of target test_diagnostic_converter[0m
[49.166s] [ 90%] [32mBuilding CXX object CMakeFiles/test_diagnostic_converter.dir/test/test_converter_node.cpp.o[0m
[66.986s] [100%] [32m[1mLinking CXX executable test_diagnostic_converter[0m
[67.269s] [100%] Built target test_diagnostic_converter
[67.310s] Invoked command in '/home/zhijie/autoware/build/diagnostic_converter' returned '0': AMENT_PREFIX_PATH=/home/zhijie/autoware/install/autoware_cmake:/home/zhijie/autoware/install/tier4_simulation_msgs:/home/zhijie/autoware/install/autoware_lint_common:${AMENT_PREFIX_PATH} CMAKE_PREFIX_PATH=/home/zhijie/autoware/install/autoware_cmake:/home/zhijie/autoware/install/tier4_simulation_msgs:/home/zhijie/autoware/install/autoware_lint_common:/opt/ros/humble LD_LIBRARY_PATH=/home/zhijie/autoware/install/tier4_simulation_msgs/lib:${LD_LIBRARY_PATH} PYTHONPATH=/home/zhijie/autoware/install/tier4_simulation_msgs/local/lib/python3.10/dist-packages:${PYTHONPATH} /usr/bin/cmake --build /home/zhijie/autoware/build/diagnostic_converter -- -j16 -l16
[67.336s] Invoking command in '/home/zhijie/autoware/build/diagnostic_converter': AMENT_PREFIX_PATH=/home/zhijie/autoware/install/autoware_cmake:/home/zhijie/autoware/install/tier4_simulation_msgs:/home/zhijie/autoware/install/autoware_lint_common:${AMENT_PREFIX_PATH} CMAKE_PREFIX_PATH=/home/zhijie/autoware/install/autoware_cmake:/home/zhijie/autoware/install/tier4_simulation_msgs:/home/zhijie/autoware/install/autoware_lint_common:/opt/ros/humble LD_LIBRARY_PATH=/home/zhijie/autoware/install/tier4_simulation_msgs/lib:${LD_LIBRARY_PATH} PYTHONPATH=/home/zhijie/autoware/install/tier4_simulation_msgs/local/lib/python3.10/dist-packages:${PYTHONPATH} /usr/bin/cmake --install /home/zhijie/autoware/build/diagnostic_converter
[72.806s] -- Install configuration: "Release"
[72.806s] -- Execute custom install script
[72.806s] -- Up-to-date symlink: /home/zhijie/autoware/install/diagnostic_converter/lib/diagnostic_converter/diagnostic_converter
[72.806s] -- Up-to-date symlink: /home/zhijie/autoware/install/diagnostic_converter/include/converter_node.hpp
[72.806s] -- Up-to-date symlink: /home/zhijie/autoware/install/diagnostic_converter/share/diagnostic_converter/environment/library_path.sh
[72.807s] -- Up-to-date symlink: /home/zhijie/autoware/install/diagnostic_converter/share/diagnostic_converter/environment/library_path.dsv
[72.807s] -- Up-to-date symlink: /home/zhijie/autoware/install/diagnostic_converter/lib/libdiagnostic_converter_node.so
[72.810s] -- Up-to-date symlink: /home/zhijie/autoware/install/diagnostic_converter/share/ament_index/resource_index/package_run_dependencies/diagnostic_converter
[72.810s] -- Up-to-date symlink: /home/zhijie/autoware/install/diagnostic_converter/share/ament_index/resource_index/parent_prefix_path/diagnostic_converter
[72.810s] -- Up-to-date symlink: /home/zhijie/autoware/install/diagnostic_converter/share/diagnostic_converter/environment/ament_prefix_path.sh
[72.810s] -- Up-to-date symlink: /home/zhijie/autoware/install/diagnostic_converter/share/diagnostic_converter/environment/ament_prefix_path.dsv
[72.811s] -- Up-to-date symlink: /home/zhijie/autoware/install/diagnostic_converter/share/diagnostic_converter/environment/path.sh
[72.811s] -- Up-to-date symlink: /home/zhijie/autoware/install/diagnostic_converter/share/diagnostic_converter/environment/path.dsv
[72.811s] -- Up-to-date symlink: /home/zhijie/autoware/install/diagnostic_converter/share/diagnostic_converter/local_setup.bash
[72.811s] -- Up-to-date symlink: /home/zhijie/autoware/install/diagnostic_converter/share/diagnostic_converter/local_setup.sh
[72.812s] -- Up-to-date symlink: /home/zhijie/autoware/install/diagnostic_converter/share/diagnostic_converter/local_setup.zsh
[72.812s] -- Up-to-date symlink: /home/zhijie/autoware/install/diagnostic_converter/share/diagnostic_converter/local_setup.dsv
[72.812s] -- Symlinking: /home/zhijie/autoware/install/diagnostic_converter/share/diagnostic_converter/package.dsv
[72.813s] -- Up-to-date symlink: /home/zhijie/autoware/install/diagnostic_converter/share/ament_index/resource_index/packages/diagnostic_converter
[72.813s] -- Up-to-date symlink: /home/zhijie/autoware/install/diagnostic_converter/share/ament_index/resource_index/rclcpp_components/diagnostic_converter
[72.813s] -- Up-to-date symlink: /home/zhijie/autoware/install/diagnostic_converter/share/diagnostic_converter/cmake/ament_cmake_export_dependencies-extras.cmake
[72.816s] -- Up-to-date symlink: /home/zhijie/autoware/install/diagnostic_converter/share/diagnostic_converter/cmake/ament_cmake_export_include_directories-extras.cmake
[72.817s] -- Up-to-date symlink: /home/zhijie/autoware/install/diagnostic_converter/share/diagnostic_converter/cmake/ament_cmake_export_libraries-extras.cmake
[72.817s] -- Up-to-date symlink: /home/zhijie/autoware/install/diagnostic_converter/share/diagnostic_converter/cmake/diagnostic_converterConfig.cmake
[72.817s] -- Up-to-date symlink: /home/zhijie/autoware/install/diagnostic_converter/share/diagnostic_converter/cmake/diagnostic_converterConfig-version.cmake
[72.817s] -- Up-to-date symlink: /home/zhijie/autoware/install/diagnostic_converter/share/diagnostic_converter/package.xml
[72.840s] Invoked command in '/home/zhijie/autoware/build/diagnostic_converter' returned '0': AMENT_PREFIX_PATH=/home/zhijie/autoware/install/autoware_cmake:/home/zhijie/autoware/install/tier4_simulation_msgs:/home/zhijie/autoware/install/autoware_lint_common:${AMENT_PREFIX_PATH} CMAKE_PREFIX_PATH=/home/zhijie/autoware/install/autoware_cmake:/home/zhijie/autoware/install/tier4_simulation_msgs:/home/zhijie/autoware/install/autoware_lint_common:/opt/ros/humble LD_LIBRARY_PATH=/home/zhijie/autoware/install/tier4_simulation_msgs/lib:${LD_LIBRARY_PATH} PYTHONPATH=/home/zhijie/autoware/install/tier4_simulation_msgs/local/lib/python3.10/dist-packages:${PYTHONPATH} /usr/bin/cmake --install /home/zhijie/autoware/build/diagnostic_converter
