[0.402s] Invoking command in '/home/mtl12345/autoware/build/autoware_utils': AMENT_PREFIX_PATH=/home/mtl12345/autoware/install/autoware_cmake:${AMENT_PREFIX_PATH} CMAKE_PREFIX_PATH=/home/mtl12345/autoware/install/autoware_cmake:/opt/ros/humble /usr/bin/cmake --build /home/mtl12345/autoware/build/autoware_utils -- -j12 -l12
[0.494s] [ 16%] Built target autoware_utils
[0.494s] [ 33%] Built target gtest_main
[0.501s] [ 50%] Built target gtest
[0.521s] [100%] Built target test_autoware_utils
[0.717s] Invoked command in '/home/mtl12345/autoware/build/autoware_utils' returned '0': AMENT_PREFIX_PATH=/home/mtl12345/autoware/install/autoware_cmake:${AMENT_PREFIX_PATH} CMAKE_PREFIX_PATH=/home/mtl12345/autoware/install/autoware_cmake:/opt/ros/humble /usr/bin/cmake --build /home/mtl12345/autoware/build/autoware_utils -- -j12 -l12
[1.378s] Invoking command in '/home/mtl12345/autoware/build/autoware_utils': AMENT_PREFIX_PATH=/home/mtl12345/autoware/install/autoware_cmake:${AMENT_PREFIX_PATH} CMAKE_PREFIX_PATH=/home/mtl12345/autoware/install/autoware_cmake:/opt/ros/humble /usr/bin/cmake --install /home/mtl12345/autoware/build/autoware_utils
[1.512s] -- Install configuration: "Release"
[1.512s] -- Execute custom install script
[1.512s] -- Up-to-date symlink: /home/mtl12345/autoware/install/autoware_utils/include/autoware_utils/autoware_utils.hpp
[1.513s] -- Up-to-date symlink: /home/mtl12345/autoware/install/autoware_utils/include/autoware_utils/math/constants.hpp
[1.513s] -- Up-to-date symlink: /home/mtl12345/autoware/install/autoware_utils/include/autoware_utils/math/normalization.hpp
[1.513s] -- Up-to-date symlink: /home/mtl12345/autoware/install/autoware_utils/include/autoware_utils/math/range.hpp
[1.513s] -- Up-to-date symlink: /home/mtl12345/autoware/install/autoware_utils/include/autoware_utils/math/unit_conversion.hpp
[1.513s] -- Up-to-date symlink: /home/mtl12345/autoware/install/autoware_utils/share/autoware_utils/environment/library_path.sh
[1.513s] -- Up-to-date symlink: /home/mtl12345/autoware/install/autoware_utils/share/autoware_utils/environment/library_path.dsv
[1.513s] -- Up-to-date symlink: /home/mtl12345/autoware/install/autoware_utils/lib/libautoware_utils.so
[1.513s] -- Up-to-date symlink: /home/mtl12345/autoware/install/autoware_utils/share/ament_index/resource_index/package_run_dependencies/autoware_utils
[1.513s] -- Up-to-date symlink: /home/mtl12345/autoware/install/autoware_utils/share/ament_index/resource_index/parent_prefix_path/autoware_utils
[1.513s] -- Up-to-date symlink: /home/mtl12345/autoware/install/autoware_utils/share/autoware_utils/environment/ament_prefix_path.sh
[1.513s] -- Up-to-date symlink: /home/mtl12345/autoware/install/autoware_utils/share/autoware_utils/environment/ament_prefix_path.dsv
[1.513s] -- Up-to-date symlink: /home/mtl12345/autoware/install/autoware_utils/share/autoware_utils/environment/path.sh
[1.513s] -- Up-to-date symlink: /home/mtl12345/autoware/install/autoware_utils/share/autoware_utils/environment/path.dsv
[1.513s] -- Up-to-date symlink: /home/mtl12345/autoware/install/autoware_utils/share/autoware_utils/local_setup.bash
[1.513s] -- Up-to-date symlink: /home/mtl12345/autoware/install/autoware_utils/share/autoware_utils/local_setup.sh
[1.513s] -- Up-to-date symlink: /home/mtl12345/autoware/install/autoware_utils/share/autoware_utils/local_setup.zsh
[1.514s] -- Up-to-date symlink: /home/mtl12345/autoware/install/autoware_utils/share/autoware_utils/local_setup.dsv
[1.514s] -- Symlinking: /home/mtl12345/autoware/install/autoware_utils/share/autoware_utils/package.dsv
[1.514s] -- Up-to-date symlink: /home/mtl12345/autoware/install/autoware_utils/share/ament_index/resource_index/packages/autoware_utils
[1.514s] -- Up-to-date symlink: /home/mtl12345/autoware/install/autoware_utils/share/autoware_utils/cmake/ament_cmake_export_dependencies-extras.cmake
[1.514s] -- Up-to-date symlink: /home/mtl12345/autoware/install/autoware_utils/share/autoware_utils/cmake/ament_cmake_export_include_directories-extras.cmake
[1.514s] -- Up-to-date symlink: /home/mtl12345/autoware/install/autoware_utils/share/autoware_utils/cmake/ament_cmake_export_libraries-extras.cmake
[1.514s] -- Up-to-date symlink: /home/mtl12345/autoware/install/autoware_utils/share/autoware_utils/cmake/autoware_utilsConfig.cmake
[1.514s] -- Up-to-date symlink: /home/mtl12345/autoware/install/autoware_utils/share/autoware_utils/cmake/autoware_utilsConfig-version.cmake
[1.514s] -- Up-to-date symlink: /home/mtl12345/autoware/install/autoware_utils/share/autoware_utils/package.xml
[1.970s] Invoked command in '/home/mtl12345/autoware/build/autoware_utils' returned '0': AMENT_PREFIX_PATH=/home/mtl12345/autoware/install/autoware_cmake:${AMENT_PREFIX_PATH} CMAKE_PREFIX_PATH=/home/mtl12345/autoware/install/autoware_cmake:/opt/ros/humble /usr/bin/cmake --install /home/mtl12345/autoware/build/autoware_utils
