[1.045s] Invoking command in '/home/mtl12345/autoware/build/tier4_system_msgs': AMENT_PREFIX_PATH=/home/mtl12345/autoware/install/autoware_common_msgs:${AMENT_PREFIX_PATH} CMAKE_PREFIX_PATH=/home/mtl12345/autoware/install/autoware_common_msgs:/opt/ros/humble LD_LIBRARY_PATH=/home/mtl12345/autoware/install/autoware_common_msgs/lib:${LD_LIBRARY_PATH} PYTHONPATH=/home/mtl12345/autoware/install/autoware_common_msgs/local/lib/python3.10/dist-packages:${PYTHONPATH} /usr/bin/cmake --build /home/mtl12345/autoware/build/tier4_system_msgs -- -j12 -l12
[1.329s] [  0%] Built target tier4_system_msgs__cpp
[1.329s] [ 12%] Built target tier4_system_msgs__rosidl_generator_c
[1.330s] [ 12%] Built target ament_cmake_python_symlink_tier4_system_msgs
[1.330s] [ 24%] Built target tier4_system_msgs__rosidl_typesupport_c
[1.330s] [ 36%] Built target tier4_system_msgs__rosidl_typesupport_cpp
[1.330s] [ 48%] Built target tier4_system_msgs__rosidl_typesupport_introspection_cpp
[1.330s] [ 60%] Built target tier4_system_msgs__rosidl_typesupport_introspection_c
[1.331s] [ 72%] Built target tier4_system_msgs__rosidl_typesupport_fastrtps_cpp
[1.331s] [ 84%] Built target tier4_system_msgs__rosidl_typesupport_fastrtps_c
[1.331s] [ 84%] Built target tier4_system_msgs
[1.332s] [ 85%] Built target tier4_system_msgs__py
[1.332s] [ 96%] Built target tier4_system_msgs__rosidl_generator_py
[1.332s] [100%] Built target tier4_system_msgs__rosidl_typesupport_fastrtps_c__pyext
[1.333s] [100%] Built target tier4_system_msgs__rosidl_typesupport_c__pyext
[1.333s] [100%] Built target tier4_system_msgs__rosidl_typesupport_introspection_c__pyext
[1.364s] running egg_info
[1.365s] writing tier4_system_msgs.egg-info/PKG-INFO
[1.366s] writing dependency_links to tier4_system_msgs.egg-info/dependency_links.txt
[1.366s] writing top-level names to tier4_system_msgs.egg-info/top_level.txt
[1.368s] reading manifest file 'tier4_system_msgs.egg-info/SOURCES.txt'
[1.369s] writing manifest file 'tier4_system_msgs.egg-info/SOURCES.txt'
[1.391s] [100%] Built target ament_cmake_python_build_tier4_system_msgs_egg
[1.492s] Invoked command in '/home/mtl12345/autoware/build/tier4_system_msgs' returned '0': AMENT_PREFIX_PATH=/home/mtl12345/autoware/install/autoware_common_msgs:${AMENT_PREFIX_PATH} CMAKE_PREFIX_PATH=/home/mtl12345/autoware/install/autoware_common_msgs:/opt/ros/humble LD_LIBRARY_PATH=/home/mtl12345/autoware/install/autoware_common_msgs/lib:${LD_LIBRARY_PATH} PYTHONPATH=/home/mtl12345/autoware/install/autoware_common_msgs/local/lib/python3.10/dist-packages:${PYTHONPATH} /usr/bin/cmake --build /home/mtl12345/autoware/build/tier4_system_msgs -- -j12 -l12
[2.087s] Invoking command in '/home/mtl12345/autoware/build/tier4_system_msgs': AMENT_PREFIX_PATH=/home/mtl12345/autoware/install/autoware_common_msgs:${AMENT_PREFIX_PATH} CMAKE_PREFIX_PATH=/home/mtl12345/autoware/install/autoware_common_msgs:/opt/ros/humble LD_LIBRARY_PATH=/home/mtl12345/autoware/install/autoware_common_msgs/lib:${LD_LIBRARY_PATH} PYTHONPATH=/home/mtl12345/autoware/install/autoware_common_msgs/local/lib/python3.10/dist-packages:${PYTHONPATH} /usr/bin/cmake --install /home/mtl12345/autoware/build/tier4_system_msgs
[2.101s] -- Install configuration: "Release"
[2.101s] -- Execute custom install script
[2.101s] -- Up-to-date symlink: /home/mtl12345/autoware/install/tier4_system_msgs/share/ament_index/resource_index/rosidl_interfaces/tier4_system_msgs
[2.102s] -- Up-to-date symlink: /home/mtl12345/autoware/install/tier4_system_msgs/include/tier4_system_msgs/tier4_system_msgs/msg/autoware_state.h
[2.102s] -- Up-to-date symlink: /home/mtl12345/autoware/install/tier4_system_msgs/include/tier4_system_msgs/tier4_system_msgs/msg/detail/autoware_state__functions.h
[2.102s] -- Up-to-date symlink: /home/mtl12345/autoware/install/tier4_system_msgs/include/tier4_system_msgs/tier4_system_msgs/msg/detail/autoware_state__struct.h
[2.102s] -- Up-to-date symlink: /home/mtl12345/autoware/install/tier4_system_msgs/include/tier4_system_msgs/tier4_system_msgs/msg/detail/autoware_state__type_support.h
[2.102s] -- Up-to-date symlink: /home/mtl12345/autoware/install/tier4_system_msgs/include/tier4_system_msgs/tier4_system_msgs/msg/detail/diagnostic_graph__functions.h
[2.102s] -- Up-to-date symlink: /home/mtl12345/autoware/install/tier4_system_msgs/include/tier4_system_msgs/tier4_system_msgs/msg/detail/diagnostic_graph__struct.h
[2.103s] -- Up-to-date symlink: /home/mtl12345/autoware/install/tier4_system_msgs/include/tier4_system_msgs/tier4_system_msgs/msg/detail/diagnostic_graph__type_support.h
[2.103s] -- Up-to-date symlink: /home/mtl12345/autoware/install/tier4_system_msgs/include/tier4_system_msgs/tier4_system_msgs/msg/detail/diagnostic_link__functions.h
[2.103s] -- Up-to-date symlink: /home/mtl12345/autoware/install/tier4_system_msgs/include/tier4_system_msgs/tier4_system_msgs/msg/detail/diagnostic_link__struct.h
[2.103s] -- Up-to-date symlink: /home/mtl12345/autoware/install/tier4_system_msgs/include/tier4_system_msgs/tier4_system_msgs/msg/detail/diagnostic_link__type_support.h
[2.103s] -- Up-to-date symlink: /home/mtl12345/autoware/install/tier4_system_msgs/include/tier4_system_msgs/tier4_system_msgs/msg/detail/diagnostic_node__functions.h
[2.103s] -- Up-to-date symlink: /home/mtl12345/autoware/install/tier4_system_msgs/include/tier4_system_msgs/tier4_system_msgs/msg/detail/diagnostic_node__struct.h
[2.103s] -- Up-to-date symlink: /home/mtl12345/autoware/install/tier4_system_msgs/include/tier4_system_msgs/tier4_system_msgs/msg/detail/diagnostic_node__type_support.h
[2.104s] -- Up-to-date symlink: /home/mtl12345/autoware/install/tier4_system_msgs/include/tier4_system_msgs/tier4_system_msgs/msg/detail/emergency_state__functions.h
[2.104s] -- Up-to-date symlink: /home/mtl12345/autoware/install/tier4_system_msgs/include/tier4_system_msgs/tier4_system_msgs/msg/detail/emergency_state__struct.h
[2.104s] -- Up-to-date symlink: /home/mtl12345/autoware/install/tier4_system_msgs/include/tier4_system_msgs/tier4_system_msgs/msg/detail/emergency_state__type_support.h
[2.105s] -- Up-to-date symlink: /home/mtl12345/autoware/install/tier4_system_msgs/include/tier4_system_msgs/tier4_system_msgs/msg/detail/emergency_state_stamped__functions.h
[2.106s] -- Up-to-date symlink: /home/mtl12345/autoware/install/tier4_system_msgs/include/tier4_system_msgs/tier4_system_msgs/msg/detail/emergency_state_stamped__struct.h
[2.107s] -- Up-to-date symlink: /home/mtl12345/autoware/install/tier4_system_msgs/include/tier4_system_msgs/tier4_system_msgs/msg/detail/emergency_state_stamped__type_support.h
[2.108s] -- Up-to-date symlink: /home/mtl12345/autoware/install/tier4_system_msgs/include/tier4_system_msgs/tier4_system_msgs/msg/detail/hazard_status__functions.h
[2.108s] -- Up-to-date symlink: /home/mtl12345/autoware/install/tier4_system_msgs/include/tier4_system_msgs/tier4_system_msgs/msg/detail/hazard_status__struct.h
[2.108s] -- Up-to-date symlink: /home/mtl12345/autoware/install/tier4_system_msgs/include/tier4_system_msgs/tier4_system_msgs/msg/detail/hazard_status__type_support.h
[2.108s] -- Up-to-date symlink: /home/mtl12345/autoware/install/tier4_system_msgs/include/tier4_system_msgs/tier4_system_msgs/msg/detail/hazard_status_stamped__functions.h
[2.108s] -- Up-to-date symlink: /home/mtl12345/autoware/install/tier4_system_msgs/include/tier4_system_msgs/tier4_system_msgs/msg/detail/hazard_status_stamped__struct.h
[2.108s] -- Up-to-date symlink: /home/mtl12345/autoware/install/tier4_system_msgs/include/tier4_system_msgs/tier4_system_msgs/msg/detail/hazard_status_stamped__type_support.h
[2.108s] -- Up-to-date symlink: /home/mtl12345/autoware/install/tier4_system_msgs/include/tier4_system_msgs/tier4_system_msgs/msg/detail/mode_change_available__functions.h
[2.109s] -- Up-to-date symlink: /home/mtl12345/autoware/install/tier4_system_msgs/include/tier4_system_msgs/tier4_system_msgs/msg/detail/mode_change_available__struct.h
[2.109s] -- Up-to-date symlink: /home/mtl12345/autoware/install/tier4_system_msgs/include/tier4_system_msgs/tier4_system_msgs/msg/detail/mode_change_available__type_support.h
[2.109s] -- Up-to-date symlink: /home/mtl12345/autoware/install/tier4_system_msgs/include/tier4_system_msgs/tier4_system_msgs/msg/detail/mrm_behavior_status__functions.h
[2.109s] -- Up-to-date symlink: /home/mtl12345/autoware/install/tier4_system_msgs/include/tier4_system_msgs/tier4_system_msgs/msg/detail/mrm_behavior_status__struct.h
[2.109s] -- Up-to-date symlink: /home/mtl12345/autoware/install/tier4_system_msgs/include/tier4_system_msgs/tier4_system_msgs/msg/detail/mrm_behavior_status__type_support.h
[2.110s] -- Up-to-date symlink: /home/mtl12345/autoware/install/tier4_system_msgs/include/tier4_system_msgs/tier4_system_msgs/msg/detail/operation_mode_availability__functions.h
[2.110s] -- Up-to-date symlink: /home/mtl12345/autoware/install/tier4_system_msgs/include/tier4_system_msgs/tier4_system_msgs/msg/detail/operation_mode_availability__struct.h
[2.110s] -- Up-to-date symlink: /home/mtl12345/autoware/install/tier4_system_msgs/include/tier4_system_msgs/tier4_system_msgs/msg/detail/operation_mode_availability__type_support.h
[2.110s] -- Up-to-date symlink: /home/mtl12345/autoware/install/tier4_system_msgs/include/tier4_system_msgs/tier4_system_msgs/msg/detail/service_log__functions.h
[2.110s] -- Up-to-date symlink: /home/mtl12345/autoware/install/tier4_system_msgs/include/tier4_system_msgs/tier4_system_msgs/msg/detail/service_log__struct.h
[2.110s] -- Up-to-date symlink: /home/mtl12345/autoware/install/tier4_system_msgs/include/tier4_system_msgs/tier4_system_msgs/msg/detail/service_log__type_support.h
[2.110s] -- Up-to-date symlink: /home/mtl12345/autoware/install/tier4_system_msgs/include/tier4_system_msgs/tier4_system_msgs/msg/diagnostic_graph.h
[2.111s] -- Up-to-date symlink: /home/mtl12345/autoware/install/tier4_system_msgs/include/tier4_system_msgs/tier4_system_msgs/msg/diagnostic_link.h
[2.111s] -- Up-to-date symlink: /home/mtl12345/autoware/install/tier4_system_msgs/include/tier4_system_msgs/tier4_system_msgs/msg/diagnostic_node.h
[2.111s] -- Up-to-date symlink: /home/mtl12345/autoware/install/tier4_system_msgs/include/tier4_system_msgs/tier4_system_msgs/msg/emergency_state.h
[2.111s] -- Up-to-date symlink: /home/mtl12345/autoware/install/tier4_system_msgs/include/tier4_system_msgs/tier4_system_msgs/msg/emergency_state_stamped.h
[2.111s] -- Up-to-date symlink: /home/mtl12345/autoware/install/tier4_system_msgs/include/tier4_system_msgs/tier4_system_msgs/msg/hazard_status.h
[2.111s] -- Up-to-date symlink: /home/mtl12345/autoware/install/tier4_system_msgs/include/tier4_system_msgs/tier4_system_msgs/msg/hazard_status_stamped.h
[2.112s] -- Up-to-date symlink: /home/mtl12345/autoware/install/tier4_system_msgs/include/tier4_system_msgs/tier4_system_msgs/msg/mode_change_available.h
[2.112s] -- Up-to-date symlink: /home/mtl12345/autoware/install/tier4_system_msgs/include/tier4_system_msgs/tier4_system_msgs/msg/mrm_behavior_status.h
[2.112s] -- Up-to-date symlink: /home/mtl12345/autoware/install/tier4_system_msgs/include/tier4_system_msgs/tier4_system_msgs/msg/operation_mode_availability.h
[2.112s] -- Up-to-date symlink: /home/mtl12345/autoware/install/tier4_system_msgs/include/tier4_system_msgs/tier4_system_msgs/msg/rosidl_generator_c__visibility_control.h
[2.113s] -- Up-to-date symlink: /home/mtl12345/autoware/install/tier4_system_msgs/include/tier4_system_msgs/tier4_system_msgs/msg/service_log.h
[2.113s] -- Up-to-date symlink: /home/mtl12345/autoware/install/tier4_system_msgs/include/tier4_system_msgs/tier4_system_msgs/srv/change_autoware_control.h
[2.113s] -- Up-to-date symlink: /home/mtl12345/autoware/install/tier4_system_msgs/include/tier4_system_msgs/tier4_system_msgs/srv/change_operation_mode.h
[2.113s] -- Up-to-date symlink: /home/mtl12345/autoware/install/tier4_system_msgs/include/tier4_system_msgs/tier4_system_msgs/srv/detail/change_autoware_control__functions.h
[2.113s] -- Up-to-date symlink: /home/mtl12345/autoware/install/tier4_system_msgs/include/tier4_system_msgs/tier4_system_msgs/srv/detail/change_autoware_control__struct.h
[2.113s] -- Up-to-date symlink: /home/mtl12345/autoware/install/tier4_system_msgs/include/tier4_system_msgs/tier4_system_msgs/srv/detail/change_autoware_control__type_support.h
[2.114s] -- Up-to-date symlink: /home/mtl12345/autoware/install/tier4_system_msgs/include/tier4_system_msgs/tier4_system_msgs/srv/detail/change_operation_mode__functions.h
[2.114s] -- Up-to-date symlink: /home/mtl12345/autoware/install/tier4_system_msgs/include/tier4_system_msgs/tier4_system_msgs/srv/detail/change_operation_mode__struct.h
[2.114s] -- Up-to-date symlink: /home/mtl12345/autoware/install/tier4_system_msgs/include/tier4_system_msgs/tier4_system_msgs/srv/detail/change_operation_mode__type_support.h
[2.114s] -- Up-to-date symlink: /home/mtl12345/autoware/install/tier4_system_msgs/include/tier4_system_msgs/tier4_system_msgs/srv/detail/operate_mrm__functions.h
[2.114s] -- Up-to-date symlink: /home/mtl12345/autoware/install/tier4_system_msgs/include/tier4_system_msgs/tier4_system_msgs/srv/detail/operate_mrm__struct.h
[2.115s] -- Up-to-date symlink: /home/mtl12345/autoware/install/tier4_system_msgs/include/tier4_system_msgs/tier4_system_msgs/srv/detail/operate_mrm__type_support.h
[2.116s] -- Up-to-date symlink: /home/mtl12345/autoware/install/tier4_system_msgs/include/tier4_system_msgs/tier4_system_msgs/srv/operate_mrm.h
[2.116s] -- Up-to-date symlink: /home/mtl12345/autoware/install/tier4_system_msgs/share/tier4_system_msgs/environment/library_path.sh
[2.117s] -- Up-to-date symlink: /home/mtl12345/autoware/install/tier4_system_msgs/share/tier4_system_msgs/environment/library_path.dsv
[2.118s] -- Up-to-date symlink: /home/mtl12345/autoware/install/tier4_system_msgs/include/tier4_system_msgs/tier4_system_msgs/msg/detail/autoware_state__rosidl_typesupport_fastrtps_c.h
[2.118s] -- Up-to-date symlink: /home/mtl12345/autoware/install/tier4_system_msgs/include/tier4_system_msgs/tier4_system_msgs/msg/detail/diagnostic_graph__rosidl_typesupport_fastrtps_c.h
[2.118s] -- Up-to-date symlink: /home/mtl12345/autoware/install/tier4_system_msgs/include/tier4_system_msgs/tier4_system_msgs/msg/detail/diagnostic_link__rosidl_typesupport_fastrtps_c.h
[2.118s] -- Up-to-date symlink: /home/mtl12345/autoware/install/tier4_system_msgs/include/tier4_system_msgs/tier4_system_msgs/msg/detail/diagnostic_node__rosidl_typesupport_fastrtps_c.h
[2.118s] -- Up-to-date symlink: /home/mtl12345/autoware/install/tier4_system_msgs/include/tier4_system_msgs/tier4_system_msgs/msg/detail/emergency_state__rosidl_typesupport_fastrtps_c.h
[2.119s] -- Up-to-date symlink: /home/mtl12345/autoware/install/tier4_system_msgs/include/tier4_system_msgs/tier4_system_msgs/msg/detail/emergency_state_stamped__rosidl_typesupport_fastrtps_c.h
[2.120s] -- Up-to-date symlink: /home/mtl12345/autoware/install/tier4_system_msgs/include/tier4_system_msgs/tier4_system_msgs/msg/detail/hazard_status__rosidl_typesupport_fastrtps_c.h
[2.121s] -- Up-to-date symlink: /home/mtl12345/autoware/install/tier4_system_msgs/include/tier4_system_msgs/tier4_system_msgs/msg/detail/hazard_status_stamped__rosidl_typesupport_fastrtps_c.h
[2.122s] -- Up-to-date symlink: /home/mtl12345/autoware/install/tier4_system_msgs/include/tier4_system_msgs/tier4_system_msgs/msg/detail/mode_change_available__rosidl_typesupport_fastrtps_c.h
[2.122s] -- Up-to-date symlink: /home/mtl12345/autoware/install/tier4_system_msgs/include/tier4_system_msgs/tier4_system_msgs/msg/detail/mrm_behavior_status__rosidl_typesupport_fastrtps_c.h
[2.122s] -- Up-to-date symlink: /home/mtl12345/autoware/install/tier4_system_msgs/include/tier4_system_msgs/tier4_system_msgs/msg/detail/operation_mode_availability__rosidl_typesupport_fastrtps_c.h
[2.122s] -- Up-to-date symlink: /home/mtl12345/autoware/install/tier4_system_msgs/include/tier4_system_msgs/tier4_system_msgs/msg/detail/service_log__rosidl_typesupport_fastrtps_c.h
[2.122s] -- Up-to-date symlink: /home/mtl12345/autoware/install/tier4_system_msgs/include/tier4_system_msgs/tier4_system_msgs/msg/rosidl_typesupport_fastrtps_c__visibility_control.h
[2.122s] -- Up-to-date symlink: /home/mtl12345/autoware/install/tier4_system_msgs/include/tier4_system_msgs/tier4_system_msgs/srv/detail/change_autoware_control__rosidl_typesupport_fastrtps_c.h
[2.123s] -- Up-to-date symlink: /home/mtl12345/autoware/install/tier4_system_msgs/include/tier4_system_msgs/tier4_system_msgs/srv/detail/change_operation_mode__rosidl_typesupport_fastrtps_c.h
[2.123s] -- Up-to-date symlink: /home/mtl12345/autoware/install/tier4_system_msgs/include/tier4_system_msgs/tier4_system_msgs/srv/detail/operate_mrm__rosidl_typesupport_fastrtps_c.h
[2.132s] -- Up-to-date symlink: /home/mtl12345/autoware/install/tier4_system_msgs/include/tier4_system_msgs/tier4_system_msgs/msg/detail/autoware_state__rosidl_typesupport_introspection_c.h
[2.132s] -- Up-to-date symlink: /home/mtl12345/autoware/install/tier4_system_msgs/include/tier4_system_msgs/tier4_system_msgs/msg/detail/diagnostic_graph__rosidl_typesupport_introspection_c.h
[2.132s] -- Up-to-date symlink: /home/mtl12345/autoware/install/tier4_system_msgs/include/tier4_system_msgs/tier4_system_msgs/msg/detail/diagnostic_link__rosidl_typesupport_introspection_c.h
[2.133s] -- Up-to-date symlink: /home/mtl12345/autoware/install/tier4_system_msgs/include/tier4_system_msgs/tier4_system_msgs/msg/detail/diagnostic_node__rosidl_typesupport_introspection_c.h
[2.133s] -- Up-to-date symlink: /home/mtl12345/autoware/install/tier4_system_msgs/include/tier4_system_msgs/tier4_system_msgs/msg/detail/emergency_state__rosidl_typesupport_introspection_c.h
[2.136s] -- Up-to-date symlink: /home/mtl12345/autoware/install/tier4_system_msgs/include/tier4_system_msgs/tier4_system_msgs/msg/detail/emergency_state_stamped__rosidl_typesupport_introspection_c.h
[2.136s] -- Up-to-date symlink: /home/mtl12345/autoware/install/tier4_system_msgs/include/tier4_system_msgs/tier4_system_msgs/msg/detail/hazard_status__rosidl_typesupport_introspection_c.h
[2.137s] -- Up-to-date symlink: /home/mtl12345/autoware/install/tier4_system_msgs/include/tier4_system_msgs/tier4_system_msgs/msg/detail/hazard_status_stamped__rosidl_typesupport_introspection_c.h
[2.137s] -- Up-to-date symlink: /home/mtl12345/autoware/install/tier4_system_msgs/include/tier4_system_msgs/tier4_system_msgs/msg/detail/mode_change_available__rosidl_typesupport_introspection_c.h
[2.137s] -- Up-to-date symlink: /home/mtl12345/autoware/install/tier4_system_msgs/include/tier4_system_msgs/tier4_system_msgs/msg/detail/mrm_behavior_status__rosidl_typesupport_introspection_c.h
[2.138s] -- Up-to-date symlink: /home/mtl12345/autoware/install/tier4_system_msgs/include/tier4_system_msgs/tier4_system_msgs/msg/detail/operation_mode_availability__rosidl_typesupport_introspection_c.h
[2.139s] -- Up-to-date symlink: /home/mtl12345/autoware/install/tier4_system_msgs/include/tier4_system_msgs/tier4_system_msgs/msg/detail/service_log__rosidl_typesupport_introspection_c.h
[2.139s] -- Up-to-date symlink: /home/mtl12345/autoware/install/tier4_system_msgs/include/tier4_system_msgs/tier4_system_msgs/msg/rosidl_typesupport_introspection_c__visibility_control.h
[2.139s] -- Up-to-date symlink: /home/mtl12345/autoware/install/tier4_system_msgs/include/tier4_system_msgs/tier4_system_msgs/srv/detail/change_autoware_control__rosidl_typesupport_introspection_c.h
[2.140s] -- Up-to-date symlink: /home/mtl12345/autoware/install/tier4_system_msgs/include/tier4_system_msgs/tier4_system_msgs/srv/detail/change_operation_mode__rosidl_typesupport_introspection_c.h
[2.140s] -- Up-to-date symlink: /home/mtl12345/autoware/install/tier4_system_msgs/include/tier4_system_msgs/tier4_system_msgs/srv/detail/operate_mrm__rosidl_typesupport_introspection_c.h
[2.140s] -- Up-to-date symlink: /home/mtl12345/autoware/install/tier4_system_msgs/include/tier4_system_msgs/tier4_system_msgs/msg/autoware_state.hpp
[2.140s] -- Up-to-date symlink: /home/mtl12345/autoware/install/tier4_system_msgs/include/tier4_system_msgs/tier4_system_msgs/msg/detail/autoware_state__builder.hpp
[2.140s] -- Up-to-date symlink: /home/mtl12345/autoware/install/tier4_system_msgs/include/tier4_system_msgs/tier4_system_msgs/msg/detail/autoware_state__struct.hpp
[2.140s] -- Up-to-date symlink: /home/mtl12345/autoware/install/tier4_system_msgs/include/tier4_system_msgs/tier4_system_msgs/msg/detail/autoware_state__traits.hpp
[2.140s] -- Up-to-date symlink: /home/mtl12345/autoware/install/tier4_system_msgs/include/tier4_system_msgs/tier4_system_msgs/msg/detail/diagnostic_graph__builder.hpp
[2.140s] -- Up-to-date symlink: /home/mtl12345/autoware/install/tier4_system_msgs/include/tier4_system_msgs/tier4_system_msgs/msg/detail/diagnostic_graph__struct.hpp
[2.141s] -- Up-to-date symlink: /home/mtl12345/autoware/install/tier4_system_msgs/include/tier4_system_msgs/tier4_system_msgs/msg/detail/diagnostic_graph__traits.hpp
[2.141s] -- Up-to-date symlink: /home/mtl12345/autoware/install/tier4_system_msgs/include/tier4_system_msgs/tier4_system_msgs/msg/detail/diagnostic_link__builder.hpp
[2.141s] -- Up-to-date symlink: /home/mtl12345/autoware/install/tier4_system_msgs/include/tier4_system_msgs/tier4_system_msgs/msg/detail/diagnostic_link__struct.hpp
[2.141s] -- Up-to-date symlink: /home/mtl12345/autoware/install/tier4_system_msgs/include/tier4_system_msgs/tier4_system_msgs/msg/detail/diagnostic_link__traits.hpp
[2.141s] -- Up-to-date symlink: /home/mtl12345/autoware/install/tier4_system_msgs/include/tier4_system_msgs/tier4_system_msgs/msg/detail/diagnostic_node__builder.hpp
[2.141s] -- Up-to-date symlink: /home/mtl12345/autoware/install/tier4_system_msgs/include/tier4_system_msgs/tier4_system_msgs/msg/detail/diagnostic_node__struct.hpp
[2.141s] -- Up-to-date symlink: /home/mtl12345/autoware/install/tier4_system_msgs/include/tier4_system_msgs/tier4_system_msgs/msg/detail/diagnostic_node__traits.hpp
[2.141s] -- Up-to-date symlink: /home/mtl12345/autoware/install/tier4_system_msgs/include/tier4_system_msgs/tier4_system_msgs/msg/detail/emergency_state__builder.hpp
[2.141s] -- Up-to-date symlink: /home/mtl12345/autoware/install/tier4_system_msgs/include/tier4_system_msgs/tier4_system_msgs/msg/detail/emergency_state__struct.hpp
[2.141s] -- Up-to-date symlink: /home/mtl12345/autoware/install/tier4_system_msgs/include/tier4_system_msgs/tier4_system_msgs/msg/detail/emergency_state__traits.hpp
[2.142s] -- Up-to-date symlink: /home/mtl12345/autoware/install/tier4_system_msgs/include/tier4_system_msgs/tier4_system_msgs/msg/detail/emergency_state_stamped__builder.hpp
[2.142s] -- Up-to-date symlink: /home/mtl12345/autoware/install/tier4_system_msgs/include/tier4_system_msgs/tier4_system_msgs/msg/detail/emergency_state_stamped__struct.hpp
[2.142s] -- Up-to-date symlink: /home/mtl12345/autoware/install/tier4_system_msgs/include/tier4_system_msgs/tier4_system_msgs/msg/detail/emergency_state_stamped__traits.hpp
[2.144s] -- Up-to-date symlink: /home/mtl12345/autoware/install/tier4_system_msgs/include/tier4_system_msgs/tier4_system_msgs/msg/detail/hazard_status__builder.hpp
[2.144s] -- Up-to-date symlink: /home/mtl12345/autoware/install/tier4_system_msgs/include/tier4_system_msgs/tier4_system_msgs/msg/detail/hazard_status__struct.hpp
[2.151s] -- Up-to-date symlink: /home/mtl12345/autoware/install/tier4_system_msgs/include/tier4_system_msgs/tier4_system_msgs/msg/detail/hazard_status__traits.hpp
[2.151s] -- Up-to-date symlink: /home/mtl12345/autoware/install/tier4_system_msgs/include/tier4_system_msgs/tier4_system_msgs/msg/detail/hazard_status_stamped__builder.hpp
[2.151s] -- Up-to-date symlink: /home/mtl12345/autoware/install/tier4_system_msgs/include/tier4_system_msgs/tier4_system_msgs/msg/detail/hazard_status_stamped__struct.hpp
[2.152s] -- Up-to-date symlink: /home/mtl12345/autoware/install/tier4_system_msgs/include/tier4_system_msgs/tier4_system_msgs/msg/detail/hazard_status_stamped__traits.hpp
[2.152s] -- Up-to-date symlink: /home/mtl12345/autoware/install/tier4_system_msgs/include/tier4_system_msgs/tier4_system_msgs/msg/detail/mode_change_available__builder.hpp
[2.152s] -- Up-to-date symlink: /home/mtl12345/autoware/install/tier4_system_msgs/include/tier4_system_msgs/tier4_system_msgs/msg/detail/mode_change_available__struct.hpp
[2.152s] -- Up-to-date symlink: /home/mtl12345/autoware/install/tier4_system_msgs/include/tier4_system_msgs/tier4_system_msgs/msg/detail/mode_change_available__traits.hpp
[2.152s] -- Up-to-date symlink: /home/mtl12345/autoware/install/tier4_system_msgs/include/tier4_system_msgs/tier4_system_msgs/msg/detail/mrm_behavior_status__builder.hpp
[2.152s] -- Up-to-date symlink: /home/mtl12345/autoware/install/tier4_system_msgs/include/tier4_system_msgs/tier4_system_msgs/msg/detail/mrm_behavior_status__struct.hpp
[2.152s] -- Up-to-date symlink: /home/mtl12345/autoware/install/tier4_system_msgs/include/tier4_system_msgs/tier4_system_msgs/msg/detail/mrm_behavior_status__traits.hpp
[2.152s] -- Up-to-date symlink: /home/mtl12345/autoware/install/tier4_system_msgs/include/tier4_system_msgs/tier4_system_msgs/msg/detail/operation_mode_availability__builder.hpp
[2.152s] -- Up-to-date symlink: /home/mtl12345/autoware/install/tier4_system_msgs/include/tier4_system_msgs/tier4_system_msgs/msg/detail/operation_mode_availability__struct.hpp
[2.153s] -- Up-to-date symlink: /home/mtl12345/autoware/install/tier4_system_msgs/include/tier4_system_msgs/tier4_system_msgs/msg/detail/operation_mode_availability__traits.hpp
[2.153s] -- Up-to-date symlink: /home/mtl12345/autoware/install/tier4_system_msgs/include/tier4_system_msgs/tier4_system_msgs/msg/detail/service_log__builder.hpp
[2.153s] -- Up-to-date symlink: /home/mtl12345/autoware/install/tier4_system_msgs/include/tier4_system_msgs/tier4_system_msgs/msg/detail/service_log__struct.hpp
[2.154s] -- Up-to-date symlink: /home/mtl12345/autoware/install/tier4_system_msgs/include/tier4_system_msgs/tier4_system_msgs/msg/detail/service_log__traits.hpp
[2.154s] -- Up-to-date symlink: /home/mtl12345/autoware/install/tier4_system_msgs/include/tier4_system_msgs/tier4_system_msgs/msg/diagnostic_graph.hpp
[2.154s] -- Up-to-date symlink: /home/mtl12345/autoware/install/tier4_system_msgs/include/tier4_system_msgs/tier4_system_msgs/msg/diagnostic_link.hpp
[2.154s] -- Up-to-date symlink: /home/mtl12345/autoware/install/tier4_system_msgs/include/tier4_system_msgs/tier4_system_msgs/msg/diagnostic_node.hpp
[2.154s] -- Up-to-date symlink: /home/mtl12345/autoware/install/tier4_system_msgs/include/tier4_system_msgs/tier4_system_msgs/msg/emergency_state.hpp
[2.155s] -- Up-to-date symlink: /home/mtl12345/autoware/install/tier4_system_msgs/include/tier4_system_msgs/tier4_system_msgs/msg/emergency_state_stamped.hpp
[2.155s] -- Up-to-date symlink: /home/mtl12345/autoware/install/tier4_system_msgs/include/tier4_system_msgs/tier4_system_msgs/msg/hazard_status.hpp
[2.155s] -- Up-to-date symlink: /home/mtl12345/autoware/install/tier4_system_msgs/include/tier4_system_msgs/tier4_system_msgs/msg/hazard_status_stamped.hpp
[2.155s] -- Up-to-date symlink: /home/mtl12345/autoware/install/tier4_system_msgs/include/tier4_system_msgs/tier4_system_msgs/msg/mode_change_available.hpp
[2.155s] -- Up-to-date symlink: /home/mtl12345/autoware/install/tier4_system_msgs/include/tier4_system_msgs/tier4_system_msgs/msg/mrm_behavior_status.hpp
[2.156s] -- Up-to-date symlink: /home/mtl12345/autoware/install/tier4_system_msgs/include/tier4_system_msgs/tier4_system_msgs/msg/operation_mode_availability.hpp
[2.156s] -- Up-to-date symlink: /home/mtl12345/autoware/install/tier4_system_msgs/include/tier4_system_msgs/tier4_system_msgs/msg/service_log.hpp
[2.156s] -- Up-to-date symlink: /home/mtl12345/autoware/install/tier4_system_msgs/include/tier4_system_msgs/tier4_system_msgs/srv/change_autoware_control.hpp
[2.156s] -- Up-to-date symlink: /home/mtl12345/autoware/install/tier4_system_msgs/include/tier4_system_msgs/tier4_system_msgs/srv/change_operation_mode.hpp
[2.156s] -- Up-to-date symlink: /home/mtl12345/autoware/install/tier4_system_msgs/include/tier4_system_msgs/tier4_system_msgs/srv/detail/change_autoware_control__builder.hpp
[2.156s] -- Up-to-date symlink: /home/mtl12345/autoware/install/tier4_system_msgs/include/tier4_system_msgs/tier4_system_msgs/srv/detail/change_autoware_control__struct.hpp
[2.157s] -- Up-to-date symlink: /home/mtl12345/autoware/install/tier4_system_msgs/include/tier4_system_msgs/tier4_system_msgs/srv/detail/change_autoware_control__traits.hpp
[2.157s] -- Up-to-date symlink: /home/mtl12345/autoware/install/tier4_system_msgs/include/tier4_system_msgs/tier4_system_msgs/srv/detail/change_operation_mode__builder.hpp
[2.157s] -- Up-to-date symlink: /home/mtl12345/autoware/install/tier4_system_msgs/include/tier4_system_msgs/tier4_system_msgs/srv/detail/change_operation_mode__struct.hpp
[2.157s] -- Up-to-date symlink: /home/mtl12345/autoware/install/tier4_system_msgs/include/tier4_system_msgs/tier4_system_msgs/srv/detail/change_operation_mode__traits.hpp
[2.158s] -- Up-to-date symlink: /home/mtl12345/autoware/install/tier4_system_msgs/include/tier4_system_msgs/tier4_system_msgs/srv/detail/operate_mrm__builder.hpp
[2.158s] -- Up-to-date symlink: /home/mtl12345/autoware/install/tier4_system_msgs/include/tier4_system_msgs/tier4_system_msgs/srv/detail/operate_mrm__struct.hpp
[2.158s] -- Up-to-date symlink: /home/mtl12345/autoware/install/tier4_system_msgs/include/tier4_system_msgs/tier4_system_msgs/srv/detail/operate_mrm__traits.hpp
[2.159s] -- Up-to-date symlink: /home/mtl12345/autoware/install/tier4_system_msgs/include/tier4_system_msgs/tier4_system_msgs/srv/operate_mrm.hpp
[2.159s] -- Up-to-date symlink: /home/mtl12345/autoware/install/tier4_system_msgs/include/tier4_system_msgs/tier4_system_msgs/msg/detail/autoware_state__rosidl_typesupport_fastrtps_cpp.hpp
[2.159s] -- Up-to-date symlink: /home/mtl12345/autoware/install/tier4_system_msgs/include/tier4_system_msgs/tier4_system_msgs/msg/detail/diagnostic_graph__rosidl_typesupport_fastrtps_cpp.hpp
[2.159s] -- Up-to-date symlink: /home/mtl12345/autoware/install/tier4_system_msgs/include/tier4_system_msgs/tier4_system_msgs/msg/detail/diagnostic_link__rosidl_typesupport_fastrtps_cpp.hpp
[2.159s] -- Up-to-date symlink: /home/mtl12345/autoware/install/tier4_system_msgs/include/tier4_system_msgs/tier4_system_msgs/msg/detail/diagnostic_node__rosidl_typesupport_fastrtps_cpp.hpp
[2.159s] -- Up-to-date symlink: /home/mtl12345/autoware/install/tier4_system_msgs/include/tier4_system_msgs/tier4_system_msgs/msg/detail/emergency_state__rosidl_typesupport_fastrtps_cpp.hpp
[2.159s] -- Up-to-date symlink: /home/mtl12345/autoware/install/tier4_system_msgs/include/tier4_system_msgs/tier4_system_msgs/msg/detail/emergency_state_stamped__rosidl_typesupport_fastrtps_cpp.hpp
[2.160s] -- Up-to-date symlink: /home/mtl12345/autoware/install/tier4_system_msgs/include/tier4_system_msgs/tier4_system_msgs/msg/detail/hazard_status__rosidl_typesupport_fastrtps_cpp.hpp
[2.160s] -- Up-to-date symlink: /home/mtl12345/autoware/install/tier4_system_msgs/include/tier4_system_msgs/tier4_system_msgs/msg/detail/hazard_status_stamped__rosidl_typesupport_fastrtps_cpp.hpp
[2.160s] -- Up-to-date symlink: /home/mtl12345/autoware/install/tier4_system_msgs/include/tier4_system_msgs/tier4_system_msgs/msg/detail/mode_change_available__rosidl_typesupport_fastrtps_cpp.hpp
[2.160s] -- Up-to-date symlink: /home/mtl12345/autoware/install/tier4_system_msgs/include/tier4_system_msgs/tier4_system_msgs/msg/detail/mrm_behavior_status__rosidl_typesupport_fastrtps_cpp.hpp
[2.161s] -- Up-to-date symlink: /home/mtl12345/autoware/install/tier4_system_msgs/include/tier4_system_msgs/tier4_system_msgs/msg/detail/operation_mode_availability__rosidl_typesupport_fastrtps_cpp.hpp
[2.161s] -- Up-to-date symlink: /home/mtl12345/autoware/install/tier4_system_msgs/include/tier4_system_msgs/tier4_system_msgs/msg/detail/service_log__rosidl_typesupport_fastrtps_cpp.hpp
[2.161s] -- Up-to-date symlink: /home/mtl12345/autoware/install/tier4_system_msgs/include/tier4_system_msgs/tier4_system_msgs/msg/rosidl_typesupport_fastrtps_cpp__visibility_control.h
[2.161s] -- Up-to-date symlink: /home/mtl12345/autoware/install/tier4_system_msgs/include/tier4_system_msgs/tier4_system_msgs/srv/detail/change_autoware_control__rosidl_typesupport_fastrtps_cpp.hpp
[2.162s] -- Up-to-date symlink: /home/mtl12345/autoware/install/tier4_system_msgs/include/tier4_system_msgs/tier4_system_msgs/srv/detail/change_operation_mode__rosidl_typesupport_fastrtps_cpp.hpp
[2.162s] -- Up-to-date symlink: /home/mtl12345/autoware/install/tier4_system_msgs/include/tier4_system_msgs/tier4_system_msgs/srv/detail/operate_mrm__rosidl_typesupport_fastrtps_cpp.hpp
[2.162s] -- Up-to-date symlink: /home/mtl12345/autoware/install/tier4_system_msgs/include/tier4_system_msgs/tier4_system_msgs/msg/detail/autoware_state__rosidl_typesupport_introspection_cpp.hpp
[2.162s] -- Up-to-date symlink: /home/mtl12345/autoware/install/tier4_system_msgs/include/tier4_system_msgs/tier4_system_msgs/msg/detail/diagnostic_graph__rosidl_typesupport_introspection_cpp.hpp
[2.162s] -- Up-to-date symlink: /home/mtl12345/autoware/install/tier4_system_msgs/include/tier4_system_msgs/tier4_system_msgs/msg/detail/diagnostic_link__rosidl_typesupport_introspection_cpp.hpp
[2.162s] -- Up-to-date symlink: /home/mtl12345/autoware/install/tier4_system_msgs/include/tier4_system_msgs/tier4_system_msgs/msg/detail/diagnostic_node__rosidl_typesupport_introspection_cpp.hpp
[2.163s] -- Up-to-date symlink: /home/mtl12345/autoware/install/tier4_system_msgs/include/tier4_system_msgs/tier4_system_msgs/msg/detail/emergency_state__rosidl_typesupport_introspection_cpp.hpp
[2.163s] -- Up-to-date symlink: /home/mtl12345/autoware/install/tier4_system_msgs/include/tier4_system_msgs/tier4_system_msgs/msg/detail/emergency_state_stamped__rosidl_typesupport_introspection_cpp.hpp
[2.164s] -- Up-to-date symlink: /home/mtl12345/autoware/install/tier4_system_msgs/include/tier4_system_msgs/tier4_system_msgs/msg/detail/hazard_status__rosidl_typesupport_introspection_cpp.hpp
[2.164s] -- Up-to-date symlink: /home/mtl12345/autoware/install/tier4_system_msgs/include/tier4_system_msgs/tier4_system_msgs/msg/detail/hazard_status_stamped__rosidl_typesupport_introspection_cpp.hpp
[2.164s] -- Up-to-date symlink: /home/mtl12345/autoware/install/tier4_system_msgs/include/tier4_system_msgs/tier4_system_msgs/msg/detail/mode_change_available__rosidl_typesupport_introspection_cpp.hpp
[2.166s] -- Up-to-date symlink: /home/mtl12345/autoware/install/tier4_system_msgs/include/tier4_system_msgs/tier4_system_msgs/msg/detail/mrm_behavior_status__rosidl_typesupport_introspection_cpp.hpp
[2.166s] -- Up-to-date symlink: /home/mtl12345/autoware/install/tier4_system_msgs/include/tier4_system_msgs/tier4_system_msgs/msg/detail/operation_mode_availability__rosidl_typesupport_introspection_cpp.hpp
[2.166s] -- Up-to-date symlink: /home/mtl12345/autoware/install/tier4_system_msgs/include/tier4_system_msgs/tier4_system_msgs/msg/detail/service_log__rosidl_typesupport_introspection_cpp.hpp
[2.167s] -- Up-to-date symlink: /home/mtl12345/autoware/install/tier4_system_msgs/include/tier4_system_msgs/tier4_system_msgs/srv/detail/change_autoware_control__rosidl_typesupport_introspection_cpp.hpp
[2.168s] -- Up-to-date symlink: /home/mtl12345/autoware/install/tier4_system_msgs/include/tier4_system_msgs/tier4_system_msgs/srv/detail/change_operation_mode__rosidl_typesupport_introspection_cpp.hpp
[2.168s] -- Up-to-date symlink: /home/mtl12345/autoware/install/tier4_system_msgs/include/tier4_system_msgs/tier4_system_msgs/srv/detail/operate_mrm__rosidl_typesupport_introspection_cpp.hpp
[2.169s] -- Up-to-date symlink: /home/mtl12345/autoware/install/tier4_system_msgs/share/tier4_system_msgs/environment/pythonpath.sh
[2.169s] -- Up-to-date symlink: /home/mtl12345/autoware/install/tier4_system_msgs/share/tier4_system_msgs/environment/pythonpath.dsv
[2.169s] -- Up-to-date symlink: /home/mtl12345/autoware/install/tier4_system_msgs/local/lib/python3.10/dist-packages/tier4_system_msgs-0.1.0-py3.10.egg-info/PKG-INFO
[2.169s] -- Up-to-date symlink: /home/mtl12345/autoware/install/tier4_system_msgs/local/lib/python3.10/dist-packages/tier4_system_msgs-0.1.0-py3.10.egg-info/SOURCES.txt
[2.170s] -- Up-to-date symlink: /home/mtl12345/autoware/install/tier4_system_msgs/local/lib/python3.10/dist-packages/tier4_system_msgs-0.1.0-py3.10.egg-info/dependency_links.txt
[2.170s] -- Up-to-date symlink: /home/mtl12345/autoware/install/tier4_system_msgs/local/lib/python3.10/dist-packages/tier4_system_msgs-0.1.0-py3.10.egg-info/top_level.txt
[2.171s] -- Up-to-date symlink: /home/mtl12345/autoware/install/tier4_system_msgs/local/lib/python3.10/dist-packages/tier4_system_msgs/__init__.py
[2.172s] -- Up-to-date symlink: /home/mtl12345/autoware/install/tier4_system_msgs/local/lib/python3.10/dist-packages/tier4_system_msgs/_tier4_system_msgs_s.ep.rosidl_typesupport_c.c
[2.172s] -- Up-to-date symlink: /home/mtl12345/autoware/install/tier4_system_msgs/local/lib/python3.10/dist-packages/tier4_system_msgs/_tier4_system_msgs_s.ep.rosidl_typesupport_fastrtps_c.c
[2.172s] -- Up-to-date symlink: /home/mtl12345/autoware/install/tier4_system_msgs/local/lib/python3.10/dist-packages/tier4_system_msgs/_tier4_system_msgs_s.ep.rosidl_typesupport_introspection_c.c
[2.172s] -- Up-to-date symlink: /home/mtl12345/autoware/install/tier4_system_msgs/local/lib/python3.10/dist-packages/tier4_system_msgs/libtier4_system_msgs__rosidl_generator_py.so
[2.173s] -- Up-to-date symlink: /home/mtl12345/autoware/install/tier4_system_msgs/local/lib/python3.10/dist-packages/tier4_system_msgs/msg/__init__.py
[2.173s] -- Up-to-date symlink: /home/mtl12345/autoware/install/tier4_system_msgs/local/lib/python3.10/dist-packages/tier4_system_msgs/msg/_autoware_state.py
[2.173s] -- Up-to-date symlink: /home/mtl12345/autoware/install/tier4_system_msgs/local/lib/python3.10/dist-packages/tier4_system_msgs/msg/_autoware_state_s.c
[2.173s] -- Up-to-date symlink: /home/mtl12345/autoware/install/tier4_system_msgs/local/lib/python3.10/dist-packages/tier4_system_msgs/msg/_diagnostic_graph.py
[2.173s] -- Up-to-date symlink: /home/mtl12345/autoware/install/tier4_system_msgs/local/lib/python3.10/dist-packages/tier4_system_msgs/msg/_diagnostic_graph_s.c
[2.174s] -- Up-to-date symlink: /home/mtl12345/autoware/install/tier4_system_msgs/local/lib/python3.10/dist-packages/tier4_system_msgs/msg/_diagnostic_link.py
[2.174s] -- Up-to-date symlink: /home/mtl12345/autoware/install/tier4_system_msgs/local/lib/python3.10/dist-packages/tier4_system_msgs/msg/_diagnostic_link_s.c
[2.174s] -- Up-to-date symlink: /home/mtl12345/autoware/install/tier4_system_msgs/local/lib/python3.10/dist-packages/tier4_system_msgs/msg/_diagnostic_node.py
[2.174s] -- Up-to-date symlink: /home/mtl12345/autoware/install/tier4_system_msgs/local/lib/python3.10/dist-packages/tier4_system_msgs/msg/_diagnostic_node_s.c
[2.174s] -- Up-to-date symlink: /home/mtl12345/autoware/install/tier4_system_msgs/local/lib/python3.10/dist-packages/tier4_system_msgs/msg/_emergency_state.py
[2.174s] -- Up-to-date symlink: /home/mtl12345/autoware/install/tier4_system_msgs/local/lib/python3.10/dist-packages/tier4_system_msgs/msg/_emergency_state_s.c
[2.174s] -- Up-to-date symlink: /home/mtl12345/autoware/install/tier4_system_msgs/local/lib/python3.10/dist-packages/tier4_system_msgs/msg/_emergency_state_stamped.py
[2.174s] -- Up-to-date symlink: /home/mtl12345/autoware/install/tier4_system_msgs/local/lib/python3.10/dist-packages/tier4_system_msgs/msg/_emergency_state_stamped_s.c
[2.175s] -- Up-to-date symlink: /home/mtl12345/autoware/install/tier4_system_msgs/local/lib/python3.10/dist-packages/tier4_system_msgs/msg/_hazard_status.py
[2.175s] -- Up-to-date symlink: /home/mtl12345/autoware/install/tier4_system_msgs/local/lib/python3.10/dist-packages/tier4_system_msgs/msg/_hazard_status_s.c
[2.175s] -- Up-to-date symlink: /home/mtl12345/autoware/install/tier4_system_msgs/local/lib/python3.10/dist-packages/tier4_system_msgs/msg/_hazard_status_stamped.py
[2.175s] -- Up-to-date symlink: /home/mtl12345/autoware/install/tier4_system_msgs/local/lib/python3.10/dist-packages/tier4_system_msgs/msg/_hazard_status_stamped_s.c
[2.175s] -- Up-to-date symlink: /home/mtl12345/autoware/install/tier4_system_msgs/local/lib/python3.10/dist-packages/tier4_system_msgs/msg/_mode_change_available.py
[2.175s] -- Up-to-date symlink: /home/mtl12345/autoware/install/tier4_system_msgs/local/lib/python3.10/dist-packages/tier4_system_msgs/msg/_mode_change_available_s.c
[2.176s] -- Up-to-date symlink: /home/mtl12345/autoware/install/tier4_system_msgs/local/lib/python3.10/dist-packages/tier4_system_msgs/msg/_mrm_behavior_status.py
[2.176s] -- Up-to-date symlink: /home/mtl12345/autoware/install/tier4_system_msgs/local/lib/python3.10/dist-packages/tier4_system_msgs/msg/_mrm_behavior_status_s.c
[2.176s] -- Up-to-date symlink: /home/mtl12345/autoware/install/tier4_system_msgs/local/lib/python3.10/dist-packages/tier4_system_msgs/msg/_operation_mode_availability.py
[2.177s] -- Up-to-date symlink: /home/mtl12345/autoware/install/tier4_system_msgs/local/lib/python3.10/dist-packages/tier4_system_msgs/msg/_operation_mode_availability_s.c
[2.177s] -- Up-to-date symlink: /home/mtl12345/autoware/install/tier4_system_msgs/local/lib/python3.10/dist-packages/tier4_system_msgs/msg/_service_log.py
[2.177s] -- Up-to-date symlink: /home/mtl12345/autoware/install/tier4_system_msgs/local/lib/python3.10/dist-packages/tier4_system_msgs/msg/_service_log_s.c
[2.177s] -- Up-to-date symlink: /home/mtl12345/autoware/install/tier4_system_msgs/local/lib/python3.10/dist-packages/tier4_system_msgs/srv/__init__.py
[2.177s] -- Up-to-date symlink: /home/mtl12345/autoware/install/tier4_system_msgs/local/lib/python3.10/dist-packages/tier4_system_msgs/srv/_change_autoware_control.py
[2.178s] -- Up-to-date symlink: /home/mtl12345/autoware/install/tier4_system_msgs/local/lib/python3.10/dist-packages/tier4_system_msgs/srv/_change_autoware_control_s.c
[2.178s] -- Up-to-date symlink: /home/mtl12345/autoware/install/tier4_system_msgs/local/lib/python3.10/dist-packages/tier4_system_msgs/srv/_change_operation_mode.py
[2.178s] -- Up-to-date symlink: /home/mtl12345/autoware/install/tier4_system_msgs/local/lib/python3.10/dist-packages/tier4_system_msgs/srv/_change_operation_mode_s.c
[2.178s] -- Up-to-date symlink: /home/mtl12345/autoware/install/tier4_system_msgs/local/lib/python3.10/dist-packages/tier4_system_msgs/srv/_operate_mrm.py
[2.178s] -- Up-to-date symlink: /home/mtl12345/autoware/install/tier4_system_msgs/local/lib/python3.10/dist-packages/tier4_system_msgs/srv/_operate_mrm_s.c
[2.178s] -- Up-to-date symlink: /home/mtl12345/autoware/install/tier4_system_msgs/local/lib/python3.10/dist-packages/tier4_system_msgs/tier4_system_msgs_s__rosidl_typesupport_c.cpython-310-x86_64-linux-gnu.so
[2.178s] -- Up-to-date symlink: /home/mtl12345/autoware/install/tier4_system_msgs/local/lib/python3.10/dist-packages/tier4_system_msgs/tier4_system_msgs_s__rosidl_typesupport_fastrtps_c.cpython-310-x86_64-linux-gnu.so
[2.178s] -- Up-to-date symlink: /home/mtl12345/autoware/install/tier4_system_msgs/local/lib/python3.10/dist-packages/tier4_system_msgs/tier4_system_msgs_s__rosidl_typesupport_introspection_c.cpython-310-x86_64-linux-gnu.so
[2.178s] -- Up-to-date symlink: /home/mtl12345/autoware/install/tier4_system_msgs/local/lib/python3.10/dist-packages/tier4_system_msgs/tier4_system_msgs_s__rosidl_typesupport_fastrtps_c.cpython-310-x86_64-linux-gnu.so
[2.178s] -- Up-to-date symlink: /home/mtl12345/autoware/install/tier4_system_msgs/local/lib/python3.10/dist-packages/tier4_system_msgs/tier4_system_msgs_s__rosidl_typesupport_introspection_c.cpython-310-x86_64-linux-gnu.so
[2.178s] -- Up-to-date symlink: /home/mtl12345/autoware/install/tier4_system_msgs/local/lib/python3.10/dist-packages/tier4_system_msgs/tier4_system_msgs_s__rosidl_typesupport_c.cpython-310-x86_64-linux-gnu.so
[2.178s] -- Up-to-date symlink: /home/mtl12345/autoware/install/tier4_system_msgs/share/tier4_system_msgs/msg/AutowareState.idl
[2.179s] -- Up-to-date symlink: /home/mtl12345/autoware/install/tier4_system_msgs/share/tier4_system_msgs/msg/DiagnosticGraph.idl
[2.179s] -- Up-to-date symlink: /home/mtl12345/autoware/install/tier4_system_msgs/share/tier4_system_msgs/msg/DiagnosticLink.idl
[2.180s] -- Up-to-date symlink: /home/mtl12345/autoware/install/tier4_system_msgs/share/tier4_system_msgs/msg/DiagnosticNode.idl
[2.180s] -- Up-to-date symlink: /home/mtl12345/autoware/install/tier4_system_msgs/share/tier4_system_msgs/msg/OperationModeAvailability.idl
[2.180s] -- Up-to-date symlink: /home/mtl12345/autoware/install/tier4_system_msgs/share/tier4_system_msgs/msg/EmergencyState.idl
[2.180s] -- Up-to-date symlink: /home/mtl12345/autoware/install/tier4_system_msgs/share/tier4_system_msgs/msg/EmergencyStateStamped.idl
[2.181s] -- Up-to-date symlink: /home/mtl12345/autoware/install/tier4_system_msgs/share/tier4_system_msgs/msg/HazardStatus.idl
[2.181s] -- Up-to-date symlink: /home/mtl12345/autoware/install/tier4_system_msgs/share/tier4_system_msgs/msg/HazardStatusStamped.idl
[2.181s] -- Up-to-date symlink: /home/mtl12345/autoware/install/tier4_system_msgs/share/tier4_system_msgs/msg/ServiceLog.idl
[2.181s] -- Up-to-date symlink: /home/mtl12345/autoware/install/tier4_system_msgs/share/tier4_system_msgs/msg/ModeChangeAvailable.idl
[2.181s] -- Up-to-date symlink: /home/mtl12345/autoware/install/tier4_system_msgs/share/tier4_system_msgs/msg/MrmBehaviorStatus.idl
[2.181s] -- Up-to-date symlink: /home/mtl12345/autoware/install/tier4_system_msgs/share/tier4_system_msgs/srv/OperateMrm.idl
[2.181s] -- Up-to-date symlink: /home/mtl12345/autoware/install/tier4_system_msgs/share/tier4_system_msgs/srv/ChangeOperationMode.idl
[2.182s] -- Up-to-date symlink: /home/mtl12345/autoware/install/tier4_system_msgs/share/tier4_system_msgs/srv/ChangeAutowareControl.idl
[2.182s] -- Up-to-date symlink: /home/mtl12345/autoware/install/tier4_system_msgs/share/tier4_system_msgs/msg/AutowareState.msg
[2.184s] -- Up-to-date symlink: /home/mtl12345/autoware/install/tier4_system_msgs/share/tier4_system_msgs/msg/DiagnosticGraph.msg
[2.185s] -- Up-to-date symlink: /home/mtl12345/autoware/install/tier4_system_msgs/share/tier4_system_msgs/msg/DiagnosticLink.msg
[2.185s] -- Up-to-date symlink: /home/mtl12345/autoware/install/tier4_system_msgs/share/tier4_system_msgs/msg/DiagnosticNode.msg
[2.185s] -- Up-to-date symlink: /home/mtl12345/autoware/install/tier4_system_msgs/share/tier4_system_msgs/msg/OperationModeAvailability.msg
[2.185s] -- Up-to-date symlink: /home/mtl12345/autoware/install/tier4_system_msgs/share/tier4_system_msgs/msg/EmergencyState.msg
[2.185s] -- Up-to-date symlink: /home/mtl12345/autoware/install/tier4_system_msgs/share/tier4_system_msgs/msg/EmergencyStateStamped.msg
[2.185s] -- Up-to-date symlink: /home/mtl12345/autoware/install/tier4_system_msgs/share/tier4_system_msgs/msg/HazardStatus.msg
[2.185s] -- Up-to-date symlink: /home/mtl12345/autoware/install/tier4_system_msgs/share/tier4_system_msgs/msg/HazardStatusStamped.msg
[2.185s] -- Up-to-date symlink: /home/mtl12345/autoware/install/tier4_system_msgs/share/tier4_system_msgs/msg/ServiceLog.msg
[2.185s] -- Up-to-date symlink: /home/mtl12345/autoware/install/tier4_system_msgs/share/tier4_system_msgs/msg/ModeChangeAvailable.msg
[2.185s] -- Up-to-date symlink: /home/mtl12345/autoware/install/tier4_system_msgs/share/tier4_system_msgs/msg/MrmBehaviorStatus.msg
[2.185s] -- Up-to-date symlink: /home/mtl12345/autoware/install/tier4_system_msgs/share/tier4_system_msgs/srv/OperateMrm.srv
[2.185s] -- Up-to-date symlink: /home/mtl12345/autoware/install/tier4_system_msgs/share/tier4_system_msgs/srv/OperateMrm_Request.msg
[2.185s] -- Up-to-date symlink: /home/mtl12345/autoware/install/tier4_system_msgs/share/tier4_system_msgs/srv/OperateMrm_Response.msg
[2.186s] -- Up-to-date symlink: /home/mtl12345/autoware/install/tier4_system_msgs/share/tier4_system_msgs/srv/ChangeOperationMode.srv
[2.186s] -- Up-to-date symlink: /home/mtl12345/autoware/install/tier4_system_msgs/share/tier4_system_msgs/srv/ChangeOperationMode_Request.msg
[2.186s] -- Up-to-date symlink: /home/mtl12345/autoware/install/tier4_system_msgs/share/tier4_system_msgs/srv/ChangeOperationMode_Response.msg
[2.186s] -- Up-to-date symlink: /home/mtl12345/autoware/install/tier4_system_msgs/share/tier4_system_msgs/srv/ChangeAutowareControl.srv
[2.186s] -- Up-to-date symlink: /home/mtl12345/autoware/install/tier4_system_msgs/share/tier4_system_msgs/srv/ChangeAutowareControl_Request.msg
[2.186s] -- Up-to-date symlink: /home/mtl12345/autoware/install/tier4_system_msgs/share/tier4_system_msgs/srv/ChangeAutowareControl_Response.msg
[2.186s] -- Up-to-date symlink: /home/mtl12345/autoware/install/tier4_system_msgs/share/ament_index/resource_index/package_run_dependencies/tier4_system_msgs
[2.188s] -- Up-to-date symlink: /home/mtl12345/autoware/install/tier4_system_msgs/share/ament_index/resource_index/parent_prefix_path/tier4_system_msgs
[2.188s] -- Up-to-date symlink: /home/mtl12345/autoware/install/tier4_system_msgs/share/tier4_system_msgs/environment/ament_prefix_path.sh
[2.188s] -- Up-to-date symlink: /home/mtl12345/autoware/install/tier4_system_msgs/share/tier4_system_msgs/environment/ament_prefix_path.dsv
[2.189s] -- Up-to-date symlink: /home/mtl12345/autoware/install/tier4_system_msgs/share/tier4_system_msgs/environment/path.sh
[2.189s] -- Up-to-date symlink: /home/mtl12345/autoware/install/tier4_system_msgs/share/tier4_system_msgs/environment/path.dsv
[2.189s] -- Up-to-date symlink: /home/mtl12345/autoware/install/tier4_system_msgs/share/tier4_system_msgs/local_setup.bash
[2.189s] -- Up-to-date symlink: /home/mtl12345/autoware/install/tier4_system_msgs/share/tier4_system_msgs/local_setup.sh
[2.189s] -- Up-to-date symlink: /home/mtl12345/autoware/install/tier4_system_msgs/share/tier4_system_msgs/local_setup.zsh
[2.189s] -- Up-to-date symlink: /home/mtl12345/autoware/install/tier4_system_msgs/share/tier4_system_msgs/local_setup.dsv
[2.189s] -- Symlinking: /home/mtl12345/autoware/install/tier4_system_msgs/share/tier4_system_msgs/package.dsv
[2.195s] -- Up-to-date symlink: /home/mtl12345/autoware/install/tier4_system_msgs/share/ament_index/resource_index/packages/tier4_system_msgs
[2.195s] -- Up-to-date symlink: /home/mtl12345/autoware/install/tier4_system_msgs/share/tier4_system_msgs/cmake/rosidl_cmake-extras.cmake
[2.196s] -- Up-to-date symlink: /home/mtl12345/autoware/install/tier4_system_msgs/share/tier4_system_msgs/cmake/ament_cmake_export_dependencies-extras.cmake
[2.196s] -- Up-to-date symlink: /home/mtl12345/autoware/install/tier4_system_msgs/share/tier4_system_msgs/cmake/ament_cmake_export_include_directories-extras.cmake
[2.196s] -- Up-to-date symlink: /home/mtl12345/autoware/install/tier4_system_msgs/share/tier4_system_msgs/cmake/ament_cmake_export_libraries-extras.cmake
[2.197s] -- Up-to-date symlink: /home/mtl12345/autoware/install/tier4_system_msgs/share/tier4_system_msgs/cmake/ament_cmake_export_targets-extras.cmake
[2.197s] -- Up-to-date symlink: /home/mtl12345/autoware/install/tier4_system_msgs/share/tier4_system_msgs/cmake/rosidl_cmake_export_typesupport_targets-extras.cmake
[2.197s] -- Up-to-date symlink: /home/mtl12345/autoware/install/tier4_system_msgs/share/tier4_system_msgs/cmake/rosidl_cmake_export_typesupport_libraries-extras.cmake
[2.197s] -- Up-to-date symlink: /home/mtl12345/autoware/install/tier4_system_msgs/share/tier4_system_msgs/cmake/tier4_system_msgsConfig.cmake
[2.197s] -- Up-to-date symlink: /home/mtl12345/autoware/install/tier4_system_msgs/share/tier4_system_msgs/cmake/tier4_system_msgsConfig-version.cmake
[2.197s] -- Up-to-date symlink: /home/mtl12345/autoware/install/tier4_system_msgs/share/tier4_system_msgs/package.xml
[2.197s] -- Up-to-date: /home/mtl12345/autoware/install/tier4_system_msgs/lib/libtier4_system_msgs__rosidl_generator_c.so
[2.198s] -- Up-to-date: /home/mtl12345/autoware/install/tier4_system_msgs/lib/libtier4_system_msgs__rosidl_typesupport_fastrtps_c.so
[2.198s] -- Up-to-date: /home/mtl12345/autoware/install/tier4_system_msgs/lib/libtier4_system_msgs__rosidl_typesupport_introspection_c.so
[2.198s] -- Up-to-date: /home/mtl12345/autoware/install/tier4_system_msgs/lib/libtier4_system_msgs__rosidl_typesupport_c.so
[2.198s] -- Up-to-date: /home/mtl12345/autoware/install/tier4_system_msgs/lib/libtier4_system_msgs__rosidl_typesupport_fastrtps_cpp.so
[2.198s] -- Up-to-date: /home/mtl12345/autoware/install/tier4_system_msgs/lib/libtier4_system_msgs__rosidl_typesupport_introspection_cpp.so
[2.198s] -- Up-to-date: /home/mtl12345/autoware/install/tier4_system_msgs/lib/libtier4_system_msgs__rosidl_typesupport_cpp.so
[2.200s] Listing '/home/mtl12345/autoware/install/tier4_system_msgs/local/lib/python3.10/dist-packages/tier4_system_msgs'...
[2.200s] Listing '/home/mtl12345/autoware/install/tier4_system_msgs/local/lib/python3.10/dist-packages/tier4_system_msgs/msg'...
[2.200s] Listing '/home/mtl12345/autoware/install/tier4_system_msgs/local/lib/python3.10/dist-packages/tier4_system_msgs/srv'...
[2.203s] -- Up-to-date: /home/mtl12345/autoware/install/tier4_system_msgs/lib/libtier4_system_msgs__rosidl_generator_py.so
[2.203s] -- Up-to-date: /home/mtl12345/autoware/install/tier4_system_msgs/share/tier4_system_msgs/cmake/export_tier4_system_msgs__rosidl_generator_cExport.cmake
[2.203s] -- Up-to-date: /home/mtl12345/autoware/install/tier4_system_msgs/share/tier4_system_msgs/cmake/export_tier4_system_msgs__rosidl_generator_cExport-release.cmake
[2.204s] -- Up-to-date: /home/mtl12345/autoware/install/tier4_system_msgs/share/tier4_system_msgs/cmake/export_tier4_system_msgs__rosidl_typesupport_fastrtps_cExport.cmake
[2.204s] -- Up-to-date: /home/mtl12345/autoware/install/tier4_system_msgs/share/tier4_system_msgs/cmake/export_tier4_system_msgs__rosidl_typesupport_fastrtps_cExport-release.cmake
[2.205s] -- Up-to-date: /home/mtl12345/autoware/install/tier4_system_msgs/share/tier4_system_msgs/cmake/tier4_system_msgs__rosidl_typesupport_introspection_cExport.cmake
[2.229s] -- Up-to-date: /home/mtl12345/autoware/install/tier4_system_msgs/share/tier4_system_msgs/cmake/tier4_system_msgs__rosidl_typesupport_introspection_cExport-release.cmake
[2.229s] -- Up-to-date: /home/mtl12345/autoware/install/tier4_system_msgs/share/tier4_system_msgs/cmake/tier4_system_msgs__rosidl_typesupport_cExport.cmake
[2.229s] -- Up-to-date: /home/mtl12345/autoware/install/tier4_system_msgs/share/tier4_system_msgs/cmake/tier4_system_msgs__rosidl_typesupport_cExport-release.cmake
[2.229s] -- Up-to-date: /home/mtl12345/autoware/install/tier4_system_msgs/share/tier4_system_msgs/cmake/export_tier4_system_msgs__rosidl_generator_cppExport.cmake
[2.229s] -- Up-to-date: /home/mtl12345/autoware/install/tier4_system_msgs/share/tier4_system_msgs/cmake/export_tier4_system_msgs__rosidl_typesupport_fastrtps_cppExport.cmake
[2.230s] -- Up-to-date: /home/mtl12345/autoware/install/tier4_system_msgs/share/tier4_system_msgs/cmake/export_tier4_system_msgs__rosidl_typesupport_fastrtps_cppExport-release.cmake
[2.230s] -- Up-to-date: /home/mtl12345/autoware/install/tier4_system_msgs/share/tier4_system_msgs/cmake/tier4_system_msgs__rosidl_typesupport_introspection_cppExport.cmake
[2.230s] -- Up-to-date: /home/mtl12345/autoware/install/tier4_system_msgs/share/tier4_system_msgs/cmake/tier4_system_msgs__rosidl_typesupport_introspection_cppExport-release.cmake
[2.230s] -- Up-to-date: /home/mtl12345/autoware/install/tier4_system_msgs/share/tier4_system_msgs/cmake/tier4_system_msgs__rosidl_typesupport_cppExport.cmake
[2.230s] -- Up-to-date: /home/mtl12345/autoware/install/tier4_system_msgs/share/tier4_system_msgs/cmake/tier4_system_msgs__rosidl_typesupport_cppExport-release.cmake
[2.230s] -- Up-to-date: /home/mtl12345/autoware/install/tier4_system_msgs/share/tier4_system_msgs/cmake/export_tier4_system_msgs__rosidl_generator_pyExport.cmake
[2.230s] -- Up-to-date: /home/mtl12345/autoware/install/tier4_system_msgs/share/tier4_system_msgs/cmake/export_tier4_system_msgs__rosidl_generator_pyExport-release.cmake
[2.395s] Invoked command in '/home/mtl12345/autoware/build/tier4_system_msgs' returned '0': AMENT_PREFIX_PATH=/home/mtl12345/autoware/install/autoware_common_msgs:${AMENT_PREFIX_PATH} CMAKE_PREFIX_PATH=/home/mtl12345/autoware/install/autoware_common_msgs:/opt/ros/humble LD_LIBRARY_PATH=/home/mtl12345/autoware/install/autoware_common_msgs/lib:${LD_LIBRARY_PATH} PYTHONPATH=/home/mtl12345/autoware/install/autoware_common_msgs/local/lib/python3.10/dist-packages:${PYTHONPATH} /usr/bin/cmake --install /home/mtl12345/autoware/build/tier4_system_msgs
