[0.299s] Invoking command in '/home/zhijie/autoware/build/tier4_simulation_msgs': CMAKE_PREFIX_PATH=/opt/ros/humble /usr/bin/cmake --build /home/zhijie/autoware/build/tier4_simulation_msgs -- -j16 -l16
[0.693s] [  1%] Built target tier4_simulation_msgs__cpp
[0.712s] [ 12%] Built target tier4_simulation_msgs__rosidl_generator_c
[0.738s] [ 12%] Built target ament_cmake_python_symlink_tier4_simulation_msgs
[0.795s] [35m[1mConsolidate compiler generated dependencies of target tier4_simulation_msgs__rosidl_typesupport_fastrtps_cpp[0m
[0.823s] [35m[1mConsolidate compiler generated dependencies of target tier4_simulation_msgs__rosidl_typesupport_cpp[0m
[0.862s] [ 23%] Built target tier4_simulation_msgs__rosidl_typesupport_fastrtps_cpp
[0.883s] [35m[1mConsolidate compiler generated dependencies of target tier4_simulation_msgs__rosidl_typesupport_introspection_cpp[0m
[0.950s] [ 34%] Built target tier4_simulation_msgs__rosidl_typesupport_introspection_c
[0.967s] [ 45%] Built target tier4_simulation_msgs__rosidl_typesupport_cpp
[1.003s] [ 56%] Built target tier4_simulation_msgs__rosidl_typesupport_c
[1.015s] [ 67%] Built target tier4_simulation_msgs__rosidl_typesupport_introspection_cpp
[1.042s] [35m[1mConsolidate compiler generated dependencies of target tier4_simulation_msgs__rosidl_typesupport_fastrtps_c[0m
[1.117s] [ 78%] Built target tier4_simulation_msgs__rosidl_typesupport_fastrtps_c
[1.265s] [ 78%] Built target tier4_simulation_msgs
[1.424s] [ 80%] Built target tier4_simulation_msgs__py
[1.534s] [35m[1mConsolidate compiler generated dependencies of target tier4_simulation_msgs__rosidl_generator_py[0m
[1.615s] [ 89%] Built target tier4_simulation_msgs__rosidl_generator_py
[1.695s] [35m[1mConsolidate compiler generated dependencies of target tier4_simulation_msgs__rosidl_typesupport_fastrtps_c__pyext[0m
[1.715s] [35m[1mConsolidate compiler generated dependencies of target tier4_simulation_msgs__rosidl_typesupport_introspection_c__pyext[0m
[1.742s] [35m[1mConsolidate compiler generated dependencies of target tier4_simulation_msgs__rosidl_typesupport_c__pyext[0m
[1.777s] [ 92%] Built target tier4_simulation_msgs__rosidl_typesupport_fastrtps_c__pyext
[1.810s] [ 96%] Built target tier4_simulation_msgs__rosidl_typesupport_introspection_c__pyext
[1.826s] [100%] Built target tier4_simulation_msgs__rosidl_typesupport_c__pyext
[2.165s] running egg_info
[2.195s] writing tier4_simulation_msgs.egg-info/PKG-INFO
[2.195s] writing dependency_links to tier4_simulation_msgs.egg-info/dependency_links.txt
[2.196s] writing top-level names to tier4_simulation_msgs.egg-info/top_level.txt
[2.200s] reading manifest file 'tier4_simulation_msgs.egg-info/SOURCES.txt'
[2.217s] writing manifest file 'tier4_simulation_msgs.egg-info/SOURCES.txt'
[2.384s] [100%] Built target ament_cmake_python_build_tier4_simulation_msgs_egg
[2.451s] Invoked command in '/home/zhijie/autoware/build/tier4_simulation_msgs' returned '0': CMAKE_PREFIX_PATH=/opt/ros/humble /usr/bin/cmake --build /home/zhijie/autoware/build/tier4_simulation_msgs -- -j16 -l16
[5.038s] Invoking command in '/home/zhijie/autoware/build/tier4_simulation_msgs': CMAKE_PREFIX_PATH=/opt/ros/humble /usr/bin/cmake --install /home/zhijie/autoware/build/tier4_simulation_msgs
[5.066s] -- Install configuration: "Release"
[5.067s] -- Execute custom install script
[5.067s] -- Up-to-date symlink: /home/zhijie/autoware/install/tier4_simulation_msgs/share/ament_index/resource_index/rosidl_interfaces/tier4_simulation_msgs
[5.067s] -- Up-to-date symlink: /home/zhijie/autoware/install/tier4_simulation_msgs/include/tier4_simulation_msgs/tier4_simulation_msgs/msg/detail/fault_injection_event__functions.h
[5.067s] -- Up-to-date symlink: /home/zhijie/autoware/install/tier4_simulation_msgs/include/tier4_simulation_msgs/tier4_simulation_msgs/msg/detail/fault_injection_event__struct.h
[5.067s] -- Up-to-date symlink: /home/zhijie/autoware/install/tier4_simulation_msgs/include/tier4_simulation_msgs/tier4_simulation_msgs/msg/detail/fault_injection_event__type_support.h
[5.067s] -- Up-to-date symlink: /home/zhijie/autoware/install/tier4_simulation_msgs/include/tier4_simulation_msgs/tier4_simulation_msgs/msg/detail/simulation_events__functions.h
[5.067s] -- Up-to-date symlink: /home/zhijie/autoware/install/tier4_simulation_msgs/include/tier4_simulation_msgs/tier4_simulation_msgs/msg/detail/simulation_events__struct.h
[5.067s] -- Up-to-date symlink: /home/zhijie/autoware/install/tier4_simulation_msgs/include/tier4_simulation_msgs/tier4_simulation_msgs/msg/detail/simulation_events__type_support.h
[5.067s] -- Up-to-date symlink: /home/zhijie/autoware/install/tier4_simulation_msgs/include/tier4_simulation_msgs/tier4_simulation_msgs/msg/detail/user_defined_value__functions.h
[5.068s] -- Up-to-date symlink: /home/zhijie/autoware/install/tier4_simulation_msgs/include/tier4_simulation_msgs/tier4_simulation_msgs/msg/detail/user_defined_value__struct.h
[5.068s] -- Up-to-date symlink: /home/zhijie/autoware/install/tier4_simulation_msgs/include/tier4_simulation_msgs/tier4_simulation_msgs/msg/detail/user_defined_value__type_support.h
[5.068s] -- Up-to-date symlink: /home/zhijie/autoware/install/tier4_simulation_msgs/include/tier4_simulation_msgs/tier4_simulation_msgs/msg/detail/user_defined_value_type__functions.h
[5.069s] -- Up-to-date symlink: /home/zhijie/autoware/install/tier4_simulation_msgs/include/tier4_simulation_msgs/tier4_simulation_msgs/msg/detail/user_defined_value_type__struct.h
[5.069s] -- Up-to-date symlink: /home/zhijie/autoware/install/tier4_simulation_msgs/include/tier4_simulation_msgs/tier4_simulation_msgs/msg/detail/user_defined_value_type__type_support.h
[5.069s] -- Up-to-date symlink: /home/zhijie/autoware/install/tier4_simulation_msgs/include/tier4_simulation_msgs/tier4_simulation_msgs/msg/fault_injection_event.h
[5.070s] -- Up-to-date symlink: /home/zhijie/autoware/install/tier4_simulation_msgs/include/tier4_simulation_msgs/tier4_simulation_msgs/msg/rosidl_generator_c__visibility_control.h
[5.070s] -- Up-to-date symlink: /home/zhijie/autoware/install/tier4_simulation_msgs/include/tier4_simulation_msgs/tier4_simulation_msgs/msg/simulation_events.h
[5.071s] -- Up-to-date symlink: /home/zhijie/autoware/install/tier4_simulation_msgs/include/tier4_simulation_msgs/tier4_simulation_msgs/msg/user_defined_value.h
[5.071s] -- Up-to-date symlink: /home/zhijie/autoware/install/tier4_simulation_msgs/include/tier4_simulation_msgs/tier4_simulation_msgs/msg/user_defined_value_type.h
[5.072s] -- Up-to-date symlink: /home/zhijie/autoware/install/tier4_simulation_msgs/share/tier4_simulation_msgs/environment/library_path.sh
[5.072s] -- Up-to-date symlink: /home/zhijie/autoware/install/tier4_simulation_msgs/share/tier4_simulation_msgs/environment/library_path.dsv
[5.074s] -- Up-to-date symlink: /home/zhijie/autoware/install/tier4_simulation_msgs/include/tier4_simulation_msgs/tier4_simulation_msgs/msg/detail/fault_injection_event__rosidl_typesupport_fastrtps_c.h
[5.074s] -- Up-to-date symlink: /home/zhijie/autoware/install/tier4_simulation_msgs/include/tier4_simulation_msgs/tier4_simulation_msgs/msg/detail/simulation_events__rosidl_typesupport_fastrtps_c.h
[5.074s] -- Up-to-date symlink: /home/zhijie/autoware/install/tier4_simulation_msgs/include/tier4_simulation_msgs/tier4_simulation_msgs/msg/detail/user_defined_value__rosidl_typesupport_fastrtps_c.h
[5.075s] -- Up-to-date symlink: /home/zhijie/autoware/install/tier4_simulation_msgs/include/tier4_simulation_msgs/tier4_simulation_msgs/msg/detail/user_defined_value_type__rosidl_typesupport_fastrtps_c.h
[5.075s] -- Up-to-date symlink: /home/zhijie/autoware/install/tier4_simulation_msgs/include/tier4_simulation_msgs/tier4_simulation_msgs/msg/rosidl_typesupport_fastrtps_c__visibility_control.h
[5.076s] -- Up-to-date symlink: /home/zhijie/autoware/install/tier4_simulation_msgs/include/tier4_simulation_msgs/tier4_simulation_msgs/msg/detail/fault_injection_event__builder.hpp
[5.076s] -- Up-to-date symlink: /home/zhijie/autoware/install/tier4_simulation_msgs/include/tier4_simulation_msgs/tier4_simulation_msgs/msg/detail/fault_injection_event__struct.hpp
[5.077s] -- Up-to-date symlink: /home/zhijie/autoware/install/tier4_simulation_msgs/include/tier4_simulation_msgs/tier4_simulation_msgs/msg/detail/fault_injection_event__traits.hpp
[5.077s] -- Up-to-date symlink: /home/zhijie/autoware/install/tier4_simulation_msgs/include/tier4_simulation_msgs/tier4_simulation_msgs/msg/detail/simulation_events__builder.hpp
[5.078s] -- Up-to-date symlink: /home/zhijie/autoware/install/tier4_simulation_msgs/include/tier4_simulation_msgs/tier4_simulation_msgs/msg/detail/simulation_events__struct.hpp
[5.078s] -- Up-to-date symlink: /home/zhijie/autoware/install/tier4_simulation_msgs/include/tier4_simulation_msgs/tier4_simulation_msgs/msg/detail/simulation_events__traits.hpp
[5.079s] -- Up-to-date symlink: /home/zhijie/autoware/install/tier4_simulation_msgs/include/tier4_simulation_msgs/tier4_simulation_msgs/msg/detail/user_defined_value__builder.hpp
[5.079s] -- Up-to-date symlink: /home/zhijie/autoware/install/tier4_simulation_msgs/include/tier4_simulation_msgs/tier4_simulation_msgs/msg/detail/user_defined_value__struct.hpp
[5.079s] -- Up-to-date symlink: /home/zhijie/autoware/install/tier4_simulation_msgs/include/tier4_simulation_msgs/tier4_simulation_msgs/msg/detail/user_defined_value__traits.hpp
[5.080s] -- Up-to-date symlink: /home/zhijie/autoware/install/tier4_simulation_msgs/include/tier4_simulation_msgs/tier4_simulation_msgs/msg/detail/user_defined_value_type__builder.hpp
[5.080s] -- Up-to-date symlink: /home/zhijie/autoware/install/tier4_simulation_msgs/include/tier4_simulation_msgs/tier4_simulation_msgs/msg/detail/user_defined_value_type__struct.hpp
[5.081s] -- Up-to-date symlink: /home/zhijie/autoware/install/tier4_simulation_msgs/include/tier4_simulation_msgs/tier4_simulation_msgs/msg/detail/user_defined_value_type__traits.hpp
[5.081s] -- Up-to-date symlink: /home/zhijie/autoware/install/tier4_simulation_msgs/include/tier4_simulation_msgs/tier4_simulation_msgs/msg/fault_injection_event.hpp
[5.081s] -- Up-to-date symlink: /home/zhijie/autoware/install/tier4_simulation_msgs/include/tier4_simulation_msgs/tier4_simulation_msgs/msg/simulation_events.hpp
[5.082s] -- Up-to-date symlink: /home/zhijie/autoware/install/tier4_simulation_msgs/include/tier4_simulation_msgs/tier4_simulation_msgs/msg/user_defined_value.hpp
[5.082s] -- Up-to-date symlink: /home/zhijie/autoware/install/tier4_simulation_msgs/include/tier4_simulation_msgs/tier4_simulation_msgs/msg/user_defined_value_type.hpp
[5.083s] -- Up-to-date symlink: /home/zhijie/autoware/install/tier4_simulation_msgs/include/tier4_simulation_msgs/tier4_simulation_msgs/msg/detail/fault_injection_event__rosidl_typesupport_fastrtps_cpp.hpp
[5.084s] -- Up-to-date symlink: /home/zhijie/autoware/install/tier4_simulation_msgs/include/tier4_simulation_msgs/tier4_simulation_msgs/msg/detail/simulation_events__rosidl_typesupport_fastrtps_cpp.hpp
[5.084s] -- Up-to-date symlink: /home/zhijie/autoware/install/tier4_simulation_msgs/include/tier4_simulation_msgs/tier4_simulation_msgs/msg/detail/user_defined_value__rosidl_typesupport_fastrtps_cpp.hpp
[5.084s] -- Up-to-date symlink: /home/zhijie/autoware/install/tier4_simulation_msgs/include/tier4_simulation_msgs/tier4_simulation_msgs/msg/detail/user_defined_value_type__rosidl_typesupport_fastrtps_cpp.hpp
[5.089s] -- Up-to-date symlink: /home/zhijie/autoware/install/tier4_simulation_msgs/include/tier4_simulation_msgs/tier4_simulation_msgs/msg/rosidl_typesupport_fastrtps_cpp__visibility_control.h
[5.098s] -- Up-to-date symlink: /home/zhijie/autoware/install/tier4_simulation_msgs/include/tier4_simulation_msgs/tier4_simulation_msgs/msg/detail/fault_injection_event__rosidl_typesupport_introspection_c.h
[5.098s] -- Up-to-date symlink: /home/zhijie/autoware/install/tier4_simulation_msgs/include/tier4_simulation_msgs/tier4_simulation_msgs/msg/detail/simulation_events__rosidl_typesupport_introspection_c.h
[5.098s] -- Up-to-date symlink: /home/zhijie/autoware/install/tier4_simulation_msgs/include/tier4_simulation_msgs/tier4_simulation_msgs/msg/detail/user_defined_value__rosidl_typesupport_introspection_c.h
[5.099s] -- Up-to-date symlink: /home/zhijie/autoware/install/tier4_simulation_msgs/include/tier4_simulation_msgs/tier4_simulation_msgs/msg/detail/user_defined_value_type__rosidl_typesupport_introspection_c.h
[5.099s] -- Up-to-date symlink: /home/zhijie/autoware/install/tier4_simulation_msgs/include/tier4_simulation_msgs/tier4_simulation_msgs/msg/rosidl_typesupport_introspection_c__visibility_control.h
[5.100s] -- Up-to-date symlink: /home/zhijie/autoware/install/tier4_simulation_msgs/include/tier4_simulation_msgs/tier4_simulation_msgs/msg/detail/fault_injection_event__rosidl_typesupport_introspection_cpp.hpp
[5.100s] -- Up-to-date symlink: /home/zhijie/autoware/install/tier4_simulation_msgs/include/tier4_simulation_msgs/tier4_simulation_msgs/msg/detail/simulation_events__rosidl_typesupport_introspection_cpp.hpp
[5.101s] -- Up-to-date symlink: /home/zhijie/autoware/install/tier4_simulation_msgs/include/tier4_simulation_msgs/tier4_simulation_msgs/msg/detail/user_defined_value__rosidl_typesupport_introspection_cpp.hpp
[5.101s] -- Up-to-date symlink: /home/zhijie/autoware/install/tier4_simulation_msgs/include/tier4_simulation_msgs/tier4_simulation_msgs/msg/detail/user_defined_value_type__rosidl_typesupport_introspection_cpp.hpp
[5.102s] -- Up-to-date symlink: /home/zhijie/autoware/install/tier4_simulation_msgs/share/tier4_simulation_msgs/environment/pythonpath.sh
[5.102s] -- Up-to-date symlink: /home/zhijie/autoware/install/tier4_simulation_msgs/share/tier4_simulation_msgs/environment/pythonpath.dsv
[5.104s] -- Up-to-date symlink: /home/zhijie/autoware/install/tier4_simulation_msgs/local/lib/python3.10/dist-packages/tier4_simulation_msgs-0.1.0-py3.10.egg-info/PKG-INFO
[5.104s] -- Up-to-date symlink: /home/zhijie/autoware/install/tier4_simulation_msgs/local/lib/python3.10/dist-packages/tier4_simulation_msgs-0.1.0-py3.10.egg-info/SOURCES.txt
[5.104s] -- Up-to-date symlink: /home/zhijie/autoware/install/tier4_simulation_msgs/local/lib/python3.10/dist-packages/tier4_simulation_msgs-0.1.0-py3.10.egg-info/dependency_links.txt
[5.105s] -- Up-to-date symlink: /home/zhijie/autoware/install/tier4_simulation_msgs/local/lib/python3.10/dist-packages/tier4_simulation_msgs-0.1.0-py3.10.egg-info/top_level.txt
[5.106s] -- Up-to-date symlink: /home/zhijie/autoware/install/tier4_simulation_msgs/local/lib/python3.10/dist-packages/tier4_simulation_msgs/__init__.py
[5.106s] -- Up-to-date symlink: /home/zhijie/autoware/install/tier4_simulation_msgs/local/lib/python3.10/dist-packages/tier4_simulation_msgs/_tier4_simulation_msgs_s.ep.rosidl_typesupport_c.c
[5.107s] -- Up-to-date symlink: /home/zhijie/autoware/install/tier4_simulation_msgs/local/lib/python3.10/dist-packages/tier4_simulation_msgs/_tier4_simulation_msgs_s.ep.rosidl_typesupport_fastrtps_c.c
[5.107s] -- Up-to-date symlink: /home/zhijie/autoware/install/tier4_simulation_msgs/local/lib/python3.10/dist-packages/tier4_simulation_msgs/_tier4_simulation_msgs_s.ep.rosidl_typesupport_introspection_c.c
[5.108s] -- Up-to-date symlink: /home/zhijie/autoware/install/tier4_simulation_msgs/local/lib/python3.10/dist-packages/tier4_simulation_msgs/libtier4_simulation_msgs__rosidl_generator_py.so
[5.108s] -- Up-to-date symlink: /home/zhijie/autoware/install/tier4_simulation_msgs/local/lib/python3.10/dist-packages/tier4_simulation_msgs/msg/__init__.py
[5.109s] -- Up-to-date symlink: /home/zhijie/autoware/install/tier4_simulation_msgs/local/lib/python3.10/dist-packages/tier4_simulation_msgs/msg/_fault_injection_event.py
[5.109s] -- Up-to-date symlink: /home/zhijie/autoware/install/tier4_simulation_msgs/local/lib/python3.10/dist-packages/tier4_simulation_msgs/msg/_fault_injection_event_s.c
[5.110s] -- Up-to-date symlink: /home/zhijie/autoware/install/tier4_simulation_msgs/local/lib/python3.10/dist-packages/tier4_simulation_msgs/msg/_simulation_events.py
[5.110s] -- Up-to-date symlink: /home/zhijie/autoware/install/tier4_simulation_msgs/local/lib/python3.10/dist-packages/tier4_simulation_msgs/msg/_simulation_events_s.c
[5.110s] -- Up-to-date symlink: /home/zhijie/autoware/install/tier4_simulation_msgs/local/lib/python3.10/dist-packages/tier4_simulation_msgs/msg/_user_defined_value.py
[5.111s] -- Up-to-date symlink: /home/zhijie/autoware/install/tier4_simulation_msgs/local/lib/python3.10/dist-packages/tier4_simulation_msgs/msg/_user_defined_value_s.c
[5.111s] -- Up-to-date symlink: /home/zhijie/autoware/install/tier4_simulation_msgs/local/lib/python3.10/dist-packages/tier4_simulation_msgs/msg/_user_defined_value_type.py
[5.111s] -- Up-to-date symlink: /home/zhijie/autoware/install/tier4_simulation_msgs/local/lib/python3.10/dist-packages/tier4_simulation_msgs/msg/_user_defined_value_type_s.c
[5.111s] -- Up-to-date symlink: /home/zhijie/autoware/install/tier4_simulation_msgs/local/lib/python3.10/dist-packages/tier4_simulation_msgs/tier4_simulation_msgs_s__rosidl_typesupport_c.cpython-310-x86_64-linux-gnu.so
[5.112s] -- Up-to-date symlink: /home/zhijie/autoware/install/tier4_simulation_msgs/local/lib/python3.10/dist-packages/tier4_simulation_msgs/tier4_simulation_msgs_s__rosidl_typesupport_fastrtps_c.cpython-310-x86_64-linux-gnu.so
[5.112s] -- Up-to-date symlink: /home/zhijie/autoware/install/tier4_simulation_msgs/local/lib/python3.10/dist-packages/tier4_simulation_msgs/tier4_simulation_msgs_s__rosidl_typesupport_introspection_c.cpython-310-x86_64-linux-gnu.so
[5.118s] -- Up-to-date symlink: /home/zhijie/autoware/install/tier4_simulation_msgs/local/lib/python3.10/dist-packages/tier4_simulation_msgs/tier4_simulation_msgs_s__rosidl_typesupport_fastrtps_c.cpython-310-x86_64-linux-gnu.so
[5.119s] -- Up-to-date symlink: /home/zhijie/autoware/install/tier4_simulation_msgs/local/lib/python3.10/dist-packages/tier4_simulation_msgs/tier4_simulation_msgs_s__rosidl_typesupport_introspection_c.cpython-310-x86_64-linux-gnu.so
[5.120s] -- Up-to-date symlink: /home/zhijie/autoware/install/tier4_simulation_msgs/local/lib/python3.10/dist-packages/tier4_simulation_msgs/tier4_simulation_msgs_s__rosidl_typesupport_c.cpython-310-x86_64-linux-gnu.so
[5.121s] -- Up-to-date symlink: /home/zhijie/autoware/install/tier4_simulation_msgs/share/tier4_simulation_msgs/msg/FaultInjectionEvent.idl
[5.121s] -- Up-to-date symlink: /home/zhijie/autoware/install/tier4_simulation_msgs/share/tier4_simulation_msgs/msg/SimulationEvents.idl
[5.121s] -- Up-to-date symlink: /home/zhijie/autoware/install/tier4_simulation_msgs/share/tier4_simulation_msgs/msg/UserDefinedValue.idl
[5.129s] -- Up-to-date symlink: /home/zhijie/autoware/install/tier4_simulation_msgs/share/tier4_simulation_msgs/msg/UserDefinedValueType.idl
[5.130s] -- Up-to-date symlink: /home/zhijie/autoware/install/tier4_simulation_msgs/share/tier4_simulation_msgs/msg/FaultInjectionEvent.msg
[5.130s] -- Up-to-date symlink: /home/zhijie/autoware/install/tier4_simulation_msgs/share/tier4_simulation_msgs/msg/SimulationEvents.msg
[5.131s] -- Up-to-date symlink: /home/zhijie/autoware/install/tier4_simulation_msgs/share/tier4_simulation_msgs/msg/UserDefinedValue.msg
[5.131s] -- Up-to-date symlink: /home/zhijie/autoware/install/tier4_simulation_msgs/share/tier4_simulation_msgs/msg/UserDefinedValueType.msg
[5.132s] -- Up-to-date symlink: /home/zhijie/autoware/install/tier4_simulation_msgs/share/ament_index/resource_index/package_run_dependencies/tier4_simulation_msgs
[5.133s] -- Up-to-date symlink: /home/zhijie/autoware/install/tier4_simulation_msgs/share/ament_index/resource_index/parent_prefix_path/tier4_simulation_msgs
[5.134s] -- Up-to-date symlink: /home/zhijie/autoware/install/tier4_simulation_msgs/share/tier4_simulation_msgs/environment/ament_prefix_path.sh
[5.134s] -- Up-to-date symlink: /home/zhijie/autoware/install/tier4_simulation_msgs/share/tier4_simulation_msgs/environment/ament_prefix_path.dsv
[5.135s] -- Up-to-date symlink: /home/zhijie/autoware/install/tier4_simulation_msgs/share/tier4_simulation_msgs/environment/path.sh
[5.135s] -- Up-to-date symlink: /home/zhijie/autoware/install/tier4_simulation_msgs/share/tier4_simulation_msgs/environment/path.dsv
[5.135s] -- Up-to-date symlink: /home/zhijie/autoware/install/tier4_simulation_msgs/share/tier4_simulation_msgs/local_setup.bash
[5.136s] -- Up-to-date symlink: /home/zhijie/autoware/install/tier4_simulation_msgs/share/tier4_simulation_msgs/local_setup.sh
[5.136s] -- Up-to-date symlink: /home/zhijie/autoware/install/tier4_simulation_msgs/share/tier4_simulation_msgs/local_setup.zsh
[5.137s] -- Up-to-date symlink: /home/zhijie/autoware/install/tier4_simulation_msgs/share/tier4_simulation_msgs/local_setup.dsv
[5.137s] -- Symlinking: /home/zhijie/autoware/install/tier4_simulation_msgs/share/tier4_simulation_msgs/package.dsv
[5.163s] -- Up-to-date symlink: /home/zhijie/autoware/install/tier4_simulation_msgs/share/ament_index/resource_index/packages/tier4_simulation_msgs
[5.163s] -- Up-to-date symlink: /home/zhijie/autoware/install/tier4_simulation_msgs/share/tier4_simulation_msgs/cmake/rosidl_cmake-extras.cmake
[5.164s] -- Up-to-date symlink: /home/zhijie/autoware/install/tier4_simulation_msgs/share/tier4_simulation_msgs/cmake/ament_cmake_export_dependencies-extras.cmake
[5.164s] -- Up-to-date symlink: /home/zhijie/autoware/install/tier4_simulation_msgs/share/tier4_simulation_msgs/cmake/ament_cmake_export_include_directories-extras.cmake
[5.164s] -- Up-to-date symlink: /home/zhijie/autoware/install/tier4_simulation_msgs/share/tier4_simulation_msgs/cmake/ament_cmake_export_libraries-extras.cmake
[5.165s] -- Up-to-date symlink: /home/zhijie/autoware/install/tier4_simulation_msgs/share/tier4_simulation_msgs/cmake/ament_cmake_export_targets-extras.cmake
[5.165s] -- Up-to-date symlink: /home/zhijie/autoware/install/tier4_simulation_msgs/share/tier4_simulation_msgs/cmake/rosidl_cmake_export_typesupport_targets-extras.cmake
[5.165s] -- Up-to-date symlink: /home/zhijie/autoware/install/tier4_simulation_msgs/share/tier4_simulation_msgs/cmake/rosidl_cmake_export_typesupport_libraries-extras.cmake
[5.166s] -- Up-to-date symlink: /home/zhijie/autoware/install/tier4_simulation_msgs/share/tier4_simulation_msgs/cmake/tier4_simulation_msgsConfig.cmake
[5.166s] -- Up-to-date symlink: /home/zhijie/autoware/install/tier4_simulation_msgs/share/tier4_simulation_msgs/cmake/tier4_simulation_msgsConfig-version.cmake
[5.166s] -- Up-to-date symlink: /home/zhijie/autoware/install/tier4_simulation_msgs/share/tier4_simulation_msgs/package.xml
[5.167s] -- Up-to-date: /home/zhijie/autoware/install/tier4_simulation_msgs/lib/libtier4_simulation_msgs__rosidl_generator_c.so
[5.168s] -- Up-to-date: /home/zhijie/autoware/install/tier4_simulation_msgs/lib/libtier4_simulation_msgs__rosidl_typesupport_fastrtps_c.so
[5.168s] -- Up-to-date: /home/zhijie/autoware/install/tier4_simulation_msgs/lib/libtier4_simulation_msgs__rosidl_typesupport_fastrtps_cpp.so
[5.169s] -- Up-to-date: /home/zhijie/autoware/install/tier4_simulation_msgs/lib/libtier4_simulation_msgs__rosidl_typesupport_introspection_c.so
[5.170s] -- Up-to-date: /home/zhijie/autoware/install/tier4_simulation_msgs/lib/libtier4_simulation_msgs__rosidl_typesupport_c.so
[5.170s] -- Up-to-date: /home/zhijie/autoware/install/tier4_simulation_msgs/lib/libtier4_simulation_msgs__rosidl_typesupport_introspection_cpp.so
[5.171s] -- Up-to-date: /home/zhijie/autoware/install/tier4_simulation_msgs/lib/libtier4_simulation_msgs__rosidl_typesupport_cpp.so
[5.276s] Listing '/home/zhijie/autoware/install/tier4_simulation_msgs/local/lib/python3.10/dist-packages/tier4_simulation_msgs'...
[5.277s] Listing '/home/zhijie/autoware/install/tier4_simulation_msgs/local/lib/python3.10/dist-packages/tier4_simulation_msgs/msg'...
[5.277s] -- Up-to-date: /home/zhijie/autoware/install/tier4_simulation_msgs/lib/libtier4_simulation_msgs__rosidl_generator_py.so
[5.277s] -- Up-to-date: /home/zhijie/autoware/install/tier4_simulation_msgs/share/tier4_simulation_msgs/cmake/export_tier4_simulation_msgs__rosidl_generator_cExport.cmake
[5.277s] -- Up-to-date: /home/zhijie/autoware/install/tier4_simulation_msgs/share/tier4_simulation_msgs/cmake/export_tier4_simulation_msgs__rosidl_generator_cExport-release.cmake
[5.277s] -- Up-to-date: /home/zhijie/autoware/install/tier4_simulation_msgs/share/tier4_simulation_msgs/cmake/export_tier4_simulation_msgs__rosidl_typesupport_fastrtps_cExport.cmake
[5.277s] -- Up-to-date: /home/zhijie/autoware/install/tier4_simulation_msgs/share/tier4_simulation_msgs/cmake/export_tier4_simulation_msgs__rosidl_typesupport_fastrtps_cExport-release.cmake
[5.277s] -- Up-to-date: /home/zhijie/autoware/install/tier4_simulation_msgs/share/tier4_simulation_msgs/cmake/export_tier4_simulation_msgs__rosidl_generator_cppExport.cmake
[5.277s] -- Up-to-date: /home/zhijie/autoware/install/tier4_simulation_msgs/share/tier4_simulation_msgs/cmake/export_tier4_simulation_msgs__rosidl_typesupport_fastrtps_cppExport.cmake
[5.277s] -- Up-to-date: /home/zhijie/autoware/install/tier4_simulation_msgs/share/tier4_simulation_msgs/cmake/export_tier4_simulation_msgs__rosidl_typesupport_fastrtps_cppExport-release.cmake
[5.277s] -- Up-to-date: /home/zhijie/autoware/install/tier4_simulation_msgs/share/tier4_simulation_msgs/cmake/tier4_simulation_msgs__rosidl_typesupport_introspection_cExport.cmake
[5.277s] -- Up-to-date: /home/zhijie/autoware/install/tier4_simulation_msgs/share/tier4_simulation_msgs/cmake/tier4_simulation_msgs__rosidl_typesupport_introspection_cExport-release.cmake
[5.277s] -- Up-to-date: /home/zhijie/autoware/install/tier4_simulation_msgs/share/tier4_simulation_msgs/cmake/tier4_simulation_msgs__rosidl_typesupport_cExport.cmake
[5.278s] -- Up-to-date: /home/zhijie/autoware/install/tier4_simulation_msgs/share/tier4_simulation_msgs/cmake/tier4_simulation_msgs__rosidl_typesupport_cExport-release.cmake
[5.278s] -- Up-to-date: /home/zhijie/autoware/install/tier4_simulation_msgs/share/tier4_simulation_msgs/cmake/tier4_simulation_msgs__rosidl_typesupport_introspection_cppExport.cmake
[5.278s] -- Up-to-date: /home/zhijie/autoware/install/tier4_simulation_msgs/share/tier4_simulation_msgs/cmake/tier4_simulation_msgs__rosidl_typesupport_introspection_cppExport-release.cmake
[5.278s] -- Up-to-date: /home/zhijie/autoware/install/tier4_simulation_msgs/share/tier4_simulation_msgs/cmake/tier4_simulation_msgs__rosidl_typesupport_cppExport.cmake
[5.278s] -- Up-to-date: /home/zhijie/autoware/install/tier4_simulation_msgs/share/tier4_simulation_msgs/cmake/tier4_simulation_msgs__rosidl_typesupport_cppExport-release.cmake
[5.278s] -- Up-to-date: /home/zhijie/autoware/install/tier4_simulation_msgs/share/tier4_simulation_msgs/cmake/export_tier4_simulation_msgs__rosidl_generator_pyExport.cmake
[5.278s] -- Up-to-date: /home/zhijie/autoware/install/tier4_simulation_msgs/share/tier4_simulation_msgs/cmake/export_tier4_simulation_msgs__rosidl_generator_pyExport-release.cmake
[5.411s] Invoked command in '/home/zhijie/autoware/build/tier4_simulation_msgs' returned '0': CMAKE_PREFIX_PATH=/opt/ros/humble /usr/bin/cmake --install /home/zhijie/autoware/build/tier4_simulation_msgs
