[0.026s] Invoking command in '/home/zhijie/autoware/build/mcity_msg': /usr/bin/cmake /home/zhijie/autoware/src/terasim/preview_control/mcity_msg -DCMAKE_INSTALL_PREFIX=/home/zhijie/autoware/install/mcity_msg
[0.051s] -- Found ament_cmake_auto: 1.3.5 (/opt/ros/humble/share/ament_cmake_auto/cmake)
[0.295s] Error parsing '/home/zhijie/autoware/src/terasim/preview_control/mcity_msg/package.xml':
[0.342s] Traceback (most recent call last):
[0.342s]   File "/opt/ros/humble/share/ament_cmake_core/cmake/core/package_xml_2_cmake.py", line 150, in <module>
[0.342s]     main()
[0.342s]   File "/opt/ros/humble/share/ament_cmake_core/cmake/core/package_xml_2_cmake.py", line 53, in main
[0.342s]     raise e
[0.342s]   File "/opt/ros/humble/share/ament_cmake_core/cmake/core/package_xml_2_cmake.py", line 49, in main
[0.342s]     package = parse_package_string(
[0.342s]   File "/usr/lib/python3/dist-packages/catkin_pkg/package.py", line 786, in parse_package_string
[0.342s]     raise InvalidPackage('Error(s):%s' % (''.join(['\n- %s' % e for e in errors])), filename)
[0.342s] catkin_pkg.package.InvalidPackage: Error(s) in package '/home/zhijie/autoware/src/terasim/preview_control/mcity_msg/package.xml':
[0.342s] Error(s):
[0.342s] - The manifest of package "mcity_msg" (with format version 2) must not contain the following tags: member_of_group
[0.351s] [31mCMake Error at /opt/ros/humble/share/ament_cmake_core/cmake/core/ament_package_xml.cmake:95 (message):
[0.351s]   execute_process(/usr/bin/python3.10
[0.351s]   /opt/ros/humble/share/ament_cmake_core/cmake/core/package_xml_2_cmake.py
[0.351s]   /home/zhijie/autoware/src/terasim/preview_control/mcity_msg/package.xml
[0.351s]   /home/zhijie/autoware/build/mcity_msg/ament_cmake_core/package.cmake)
[0.351s]   returned error code 1
[0.351s] Call Stack (most recent call first):
[0.351s]   /opt/ros/humble/share/ament_cmake_core/cmake/core/ament_package_xml.cmake:49 (_ament_package_xml)
[0.352s]   /opt/ros/humble/share/ament_cmake_auto/cmake/ament_auto_find_build_dependencies.cmake:42 (ament_package_xml)
[0.352s]   CMakeLists.txt:49 (ament_auto_find_build_dependencies)
[0.352s] 
[0.352s] [0m
[0.352s] -- Configuring incomplete, errors occurred!
[0.352s] See also "/home/zhijie/autoware/build/mcity_msg/CMakeFiles/CMakeOutput.log".
[0.353s] Invoked command in '/home/zhijie/autoware/build/mcity_msg' returned '1': /usr/bin/cmake /home/zhijie/autoware/src/terasim/preview_control/mcity_msg -DCMAKE_INSTALL_PREFIX=/home/zhijie/autoware/install/mcity_msg
