[0.575s] Invoking command in '/home/mtl12345/autoware/build/localization_error_monitor': AMENT_PREFIX_PATH=/home/mtl12345/autoware/install/autoware_cmake:/home/mtl12345/autoware/install/autoware_lint_common:${AMENT_PREFIX_PATH} CMAKE_PREFIX_PATH=/home/mtl12345/autoware/install/autoware_cmake:/home/mtl12345/autoware/install/autoware_lint_common:/opt/ros/humble /usr/bin/cmake /home/mtl12345/autoware/src/universe/autoware.universe/localization/localization_error_monitor -DCMAKE_BUILD_TYPE=Release -DAMENT_CMAKE_SYMLINK_INSTALL=1 -DCMAKE_INSTALL_PREFIX=/home/mtl12345/autoware/install/localization_error_monitor
[0.718s] -- Found autoware_cmake: 0.1.0 (/home/mtl12345/autoware/install/autoware_cmake/share/autoware_cmake/cmake)
[0.718s] -- Override CMake install command with custom implementation using symlinks instead of copying resources
[0.826s] -- Found rosidl_generator_c: 3.1.5 (/opt/ros/humble/share/rosidl_generator_c/cmake)
[0.829s] -- Found rosidl_adapter: 3.1.5 (/opt/ros/humble/share/rosidl_adapter/cmake)
[0.835s] -- Found rosidl_generator_cpp: 3.1.5 (/opt/ros/humble/share/rosidl_generator_cpp/cmake)
[0.846s] -- Using all available rosidl_typesupport_c: rosidl_typesupport_fastrtps_c;rosidl_typesupport_introspection_c
[0.862s] -- Using all available rosidl_typesupport_cpp: rosidl_typesupport_fastrtps_cpp;rosidl_typesupport_introspection_cpp
[1.031s] -- Found rmw_implementation_cmake: 6.1.1 (/opt/ros/humble/share/rmw_implementation_cmake/cmake)
[1.033s] -- Found rmw_cyclonedds_cpp: 1.3.4 (/opt/ros/humble/share/rmw_cyclonedds_cpp/cmake)
[1.061s] -- Using RMW implementation 'rmw_cyclonedds_cpp' as default
[1.376s] -- Found eigen3_cmake_module: 0.1.1 (/opt/ros/humble/share/eigen3_cmake_module/cmake)
[1.378s] -- Ensuring Eigen3 include directory is part of orocos-kdl CMake target
[2.055s] -- Found ament_lint_auto: 0.12.8 (/opt/ros/humble/share/ament_lint_auto/cmake)
[2.072s] -- Found gtest sources under '/opt/ros/humble/src/gtest_vendor': C++ tests using 'Google Test' will be built
[2.090s] -- Added test 'copyright' to check source files copyright and LICENSE
[2.092s] -- Added test 'cppcheck' to perform static code analysis on C / C++ code
[2.093s] -- Configured cppcheck include dirs: /home/mtl12345/autoware/src/universe/autoware.universe/localization/localization_error_monitor/include
[2.093s] -- Configured cppcheck exclude dirs and/or files: 
[2.094s] -- Added test 'lint_cmake' to check CMake code style
[2.094s] -- Added test 'xmllint' to check XML markup files
[2.099s] -- Configuring done
[2.149s] -- Generating done
[2.153s] -- Build files have been written to: /home/mtl12345/autoware/build/localization_error_monitor
[2.165s] Invoked command in '/home/mtl12345/autoware/build/localization_error_monitor' returned '0': AMENT_PREFIX_PATH=/home/mtl12345/autoware/install/autoware_cmake:/home/mtl12345/autoware/install/autoware_lint_common:${AMENT_PREFIX_PATH} CMAKE_PREFIX_PATH=/home/mtl12345/autoware/install/autoware_cmake:/home/mtl12345/autoware/install/autoware_lint_common:/opt/ros/humble /usr/bin/cmake /home/mtl12345/autoware/src/universe/autoware.universe/localization/localization_error_monitor -DCMAKE_BUILD_TYPE=Release -DAMENT_CMAKE_SYMLINK_INSTALL=1 -DCMAKE_INSTALL_PREFIX=/home/mtl12345/autoware/install/localization_error_monitor
[2.167s] Invoking command in '/home/mtl12345/autoware/build/localization_error_monitor': AMENT_PREFIX_PATH=/home/mtl12345/autoware/install/autoware_cmake:/home/mtl12345/autoware/install/autoware_lint_common:${AMENT_PREFIX_PATH} CMAKE_PREFIX_PATH=/home/mtl12345/autoware/install/autoware_cmake:/home/mtl12345/autoware/install/autoware_lint_common:/opt/ros/humble /usr/bin/cmake --build /home/mtl12345/autoware/build/localization_error_monitor -- -j12 -l12
[2.928s] [35m[1mConsolidate compiler generated dependencies of target localization_error_monitor_module[0m
[2.929s] [35m[1mConsolidate compiler generated dependencies of target gtest_main[0m
[2.929s] [35m[1mConsolidate compiler generated dependencies of target gtest[0m
[2.929s] [ 18%] Built target localization_error_monitor_module
[2.929s] [ 36%] Built target gtest
[2.929s] [ 54%] Built target gtest_main
[2.930s] [35m[1mConsolidate compiler generated dependencies of target test_diagnostics[0m
[2.930s] [35m[1mConsolidate compiler generated dependencies of target localization_error_monitor[0m
[2.930s] [ 72%] Built target test_diagnostics
[2.930s] [100%] Built target localization_error_monitor
[2.934s] Invoked command in '/home/mtl12345/autoware/build/localization_error_monitor' returned '0': AMENT_PREFIX_PATH=/home/mtl12345/autoware/install/autoware_cmake:/home/mtl12345/autoware/install/autoware_lint_common:${AMENT_PREFIX_PATH} CMAKE_PREFIX_PATH=/home/mtl12345/autoware/install/autoware_cmake:/home/mtl12345/autoware/install/autoware_lint_common:/opt/ros/humble /usr/bin/cmake --build /home/mtl12345/autoware/build/localization_error_monitor -- -j12 -l12
[2.976s] Invoking command in '/home/mtl12345/autoware/build/localization_error_monitor': AMENT_PREFIX_PATH=/home/mtl12345/autoware/install/autoware_cmake:/home/mtl12345/autoware/install/autoware_lint_common:${AMENT_PREFIX_PATH} CMAKE_PREFIX_PATH=/home/mtl12345/autoware/install/autoware_cmake:/home/mtl12345/autoware/install/autoware_lint_common:/opt/ros/humble /usr/bin/cmake --install /home/mtl12345/autoware/build/localization_error_monitor
[3.037s] -- Install configuration: "Release"
[3.037s] -- Execute custom install script
[3.037s] -- Up-to-date symlink: /home/mtl12345/autoware/install/localization_error_monitor/include/localization_error_monitor/diagnostics.hpp
[3.037s] -- Up-to-date symlink: /home/mtl12345/autoware/install/localization_error_monitor/include/localization_error_monitor/node.hpp
[3.037s] -- Up-to-date symlink: /home/mtl12345/autoware/install/localization_error_monitor/share/localization_error_monitor/environment/library_path.sh
[3.037s] -- Up-to-date symlink: /home/mtl12345/autoware/install/localization_error_monitor/share/localization_error_monitor/environment/library_path.dsv
[3.038s] -- Up-to-date symlink: /home/mtl12345/autoware/install/localization_error_monitor/lib/liblocalization_error_monitor_module.so
[3.038s] -- Up-to-date symlink: /home/mtl12345/autoware/install/localization_error_monitor/lib/localization_error_monitor/localization_error_monitor
[3.038s] -- Up-to-date symlink: /home/mtl12345/autoware/install/localization_error_monitor/share/localization_error_monitor/config/localization_error_monitor.param.yaml
[3.038s] -- Up-to-date symlink: /home/mtl12345/autoware/install/localization_error_monitor/share/localization_error_monitor/launch/localization_error_monitor.launch.xml
[3.038s] -- Up-to-date symlink: /home/mtl12345/autoware/install/localization_error_monitor/share/ament_index/resource_index/package_run_dependencies/localization_error_monitor
[3.038s] -- Up-to-date symlink: /home/mtl12345/autoware/install/localization_error_monitor/share/ament_index/resource_index/parent_prefix_path/localization_error_monitor
[3.038s] -- Up-to-date symlink: /home/mtl12345/autoware/install/localization_error_monitor/share/localization_error_monitor/environment/ament_prefix_path.sh
[3.039s] -- Up-to-date symlink: /home/mtl12345/autoware/install/localization_error_monitor/share/localization_error_monitor/environment/ament_prefix_path.dsv
[3.039s] -- Up-to-date symlink: /home/mtl12345/autoware/install/localization_error_monitor/share/localization_error_monitor/environment/path.sh
[3.039s] -- Up-to-date symlink: /home/mtl12345/autoware/install/localization_error_monitor/share/localization_error_monitor/environment/path.dsv
[3.039s] -- Up-to-date symlink: /home/mtl12345/autoware/install/localization_error_monitor/share/localization_error_monitor/local_setup.bash
[3.039s] -- Up-to-date symlink: /home/mtl12345/autoware/install/localization_error_monitor/share/localization_error_monitor/local_setup.sh
[3.039s] -- Up-to-date symlink: /home/mtl12345/autoware/install/localization_error_monitor/share/localization_error_monitor/local_setup.zsh
[3.039s] -- Up-to-date symlink: /home/mtl12345/autoware/install/localization_error_monitor/share/localization_error_monitor/local_setup.dsv
[3.039s] -- Symlinking: /home/mtl12345/autoware/install/localization_error_monitor/share/localization_error_monitor/package.dsv
[3.040s] -- Up-to-date symlink: /home/mtl12345/autoware/install/localization_error_monitor/share/ament_index/resource_index/packages/localization_error_monitor
[3.040s] -- Up-to-date symlink: /home/mtl12345/autoware/install/localization_error_monitor/share/localization_error_monitor/cmake/ament_cmake_export_dependencies-extras.cmake
[3.040s] -- Up-to-date symlink: /home/mtl12345/autoware/install/localization_error_monitor/share/localization_error_monitor/cmake/ament_cmake_export_include_directories-extras.cmake
[3.040s] -- Up-to-date symlink: /home/mtl12345/autoware/install/localization_error_monitor/share/localization_error_monitor/cmake/ament_cmake_export_libraries-extras.cmake
[3.040s] -- Up-to-date symlink: /home/mtl12345/autoware/install/localization_error_monitor/share/localization_error_monitor/cmake/localization_error_monitorConfig.cmake
[3.040s] -- Up-to-date symlink: /home/mtl12345/autoware/install/localization_error_monitor/share/localization_error_monitor/cmake/localization_error_monitorConfig-version.cmake
[3.040s] -- Up-to-date symlink: /home/mtl12345/autoware/install/localization_error_monitor/share/localization_error_monitor/package.xml
[3.142s] Invoked command in '/home/mtl12345/autoware/build/localization_error_monitor' returned '0': AMENT_PREFIX_PATH=/home/mtl12345/autoware/install/autoware_cmake:/home/mtl12345/autoware/install/autoware_lint_common:${AMENT_PREFIX_PATH} CMAKE_PREFIX_PATH=/home/mtl12345/autoware/install/autoware_cmake:/home/mtl12345/autoware/install/autoware_lint_common:/opt/ros/humble /usr/bin/cmake --install /home/mtl12345/autoware/build/localization_error_monitor
