[0.061s] Invoking command in '/home/zhijie/autoware/build/bytetrack': AMENT_PREFIX_PATH=/home/zhijie/autoware/install/tier4_perception_msgs:/home/zhijie/autoware/install/cuda_utils:/home/zhijie/autoware/install/autoware_cmake:/home/zhijie/autoware/install/autoware_auto_perception_msgs:/home/zhijie/autoware/install/tensorrt_common:/home/zhijie/autoware/install/autoware_lint_common:/home/zhijie/autoware/install/autoware_auto_geometry_msgs:${AMENT_PREFIX_PATH} CMAKE_PREFIX_PATH=/home/zhijie/autoware/install/tier4_perception_msgs:/home/zhijie/autoware/install/cuda_utils:/home/zhijie/autoware/install/autoware_cmake:/home/zhijie/autoware/install/autoware_auto_perception_msgs:/home/zhijie/autoware/install/tensorrt_common:/home/zhijie/autoware/install/autoware_lint_common:/home/zhijie/autoware/install/autoware_auto_geometry_msgs:/opt/ros/humble LD_LIBRARY_PATH=/home/zhijie/autoware/install/tier4_perception_msgs/lib:/home/zhijie/autoware/install/autoware_auto_perception_msgs/lib:/home/zhijie/autoware/install/tensorrt_common/lib:/home/zhijie/autoware/install/autoware_auto_geometry_msgs/lib:${LD_LIBRARY_PATH} PYTHONPATH=/home/zhijie/autoware/install/tier4_perception_msgs/local/lib/python3.10/dist-packages:/home/zhijie/autoware/install/autoware_auto_perception_msgs/local/lib/python3.10/dist-packages:/home/zhijie/autoware/install/autoware_auto_geometry_msgs/local/lib/python3.10/dist-packages:${PYTHONPATH} /usr/bin/cmake /home/zhijie/autoware/src/universe/autoware.universe/perception/bytetrack -DCMAKE_BUILD_TYPE=Release -DAMENT_CMAKE_SYMLINK_INSTALL=1 -DCMAKE_INSTALL_PREFIX=/home/zhijie/autoware/install/bytetrack
[2.189s] -- Found autoware_cmake: 0.1.0 (/home/zhijie/autoware/install/autoware_cmake/share/autoware_cmake/cmake)
[2.189s] -- Override CMake install command with custom implementation using symlinks instead of copying resources
[2.189s] -- Found rosidl_generator_c: 3.1.5 (/opt/ros/humble/share/rosidl_generator_c/cmake)
[2.189s] -- Found rosidl_adapter: 3.1.5 (/opt/ros/humble/share/rosidl_adapter/cmake)
[2.189s] -- Found rosidl_generator_cpp: 3.1.5 (/opt/ros/humble/share/rosidl_generator_cpp/cmake)
[2.189s] -- Using all available rosidl_typesupport_c: rosidl_typesupport_fastrtps_c;rosidl_typesupport_introspection_c
[2.189s] -- Using all available rosidl_typesupport_cpp: rosidl_typesupport_fastrtps_cpp;rosidl_typesupport_introspection_cpp
[2.189s] -- Found rmw_implementation_cmake: 6.1.1 (/opt/ros/humble/share/rmw_implementation_cmake/cmake)
[2.190s] -- Found rmw_cyclonedds_cpp: 1.3.4 (/opt/ros/humble/share/rmw_cyclonedds_cpp/cmake)
[2.190s] -- Using RMW implementation 'rmw_cyclonedds_cpp' as default
[2.190s] -- Found TensorRT headers at /usr/include/x86_64-linux-gnu
[2.190s] -- Found TensorRT libs at /usr/lib/x86_64-linux-gnu/libnvinfer.so;/usr/lib/x86_64-linux-gnu/libnvinfer_plugin.so;/usr/lib/x86_64-linux-gnu/libnvparsers.so;/usr/lib/x86_64-linux-gnu/libnvonnxparser.so
[2.192s] [33mCMake Warning (dev) at /home/zhijie/autoware/install/tensorrt_common/share/tensorrt_common/cmake/ament_cmake_export_dependencies-extras.cmake:21 (find_package):
[2.193s]   Policy CMP0074 is not set: find_package uses <PackageName>_ROOT variables.
[2.193s]   Run "cmake --help-policy CMP0074" for policy details.  Use the cmake_policy
[2.193s]   command to set the policy and suppress this warning.
[2.193s] 
[2.193s]   CMake variable TENSORRT_ROOT is set to:
[2.193s] 
[2.193s]     /usr
[2.193s] 
[2.193s]   For compatibility, CMake is ignoring the variable.
[2.193s] Call Stack (most recent call first):
[2.193s]   /home/zhijie/autoware/install/tensorrt_common/share/tensorrt_common/cmake/tensorrt_commonConfig.cmake:41 (include)
[2.193s]   /opt/ros/humble/share/ament_cmake_auto/cmake/ament_auto_find_build_dependencies.cmake:67 (find_package)
[2.194s]   /home/zhijie/autoware/install/autoware_cmake/share/autoware_cmake/cmake/autoware_package.cmake:49 (ament_auto_find_build_dependencies)
[2.194s]   CMakeLists.txt:5 (autoware_package)
[2.194s] This warning is for project developers.  Use -Wno-dev to suppress it.
[2.194s] [0m
[2.566s] -- Found ament_lint_auto: 0.12.8 (/opt/ros/humble/share/ament_lint_auto/cmake)
[2.664s] -- Added test 'copyright' to check source files copyright and LICENSE
[2.668s] -- Added test 'cppcheck' to perform static code analysis on C / C++ code
[2.669s] -- Configured cppcheck include dirs: /home/zhijie/autoware/src/universe/autoware.universe/perception/bytetrack/include;$<BUILD_INTERFACE:/home/zhijie/autoware/src/universe/autoware.universe/perception/bytetrack/lib/include>
[2.670s] -- Configured cppcheck exclude dirs and/or files: 
[2.671s] -- Added test 'lint_cmake' to check CMake code style
[2.673s] -- Added test 'xmllint' to check XML markup files
[2.689s] -- Configuring done
[2.877s] -- Generating done
[2.891s] -- Build files have been written to: /home/zhijie/autoware/build/bytetrack
[2.912s] Invoked command in '/home/zhijie/autoware/build/bytetrack' returned '0': AMENT_PREFIX_PATH=/home/zhijie/autoware/install/tier4_perception_msgs:/home/zhijie/autoware/install/cuda_utils:/home/zhijie/autoware/install/autoware_cmake:/home/zhijie/autoware/install/autoware_auto_perception_msgs:/home/zhijie/autoware/install/tensorrt_common:/home/zhijie/autoware/install/autoware_lint_common:/home/zhijie/autoware/install/autoware_auto_geometry_msgs:${AMENT_PREFIX_PATH} CMAKE_PREFIX_PATH=/home/zhijie/autoware/install/tier4_perception_msgs:/home/zhijie/autoware/install/cuda_utils:/home/zhijie/autoware/install/autoware_cmake:/home/zhijie/autoware/install/autoware_auto_perception_msgs:/home/zhijie/autoware/install/tensorrt_common:/home/zhijie/autoware/install/autoware_lint_common:/home/zhijie/autoware/install/autoware_auto_geometry_msgs:/opt/ros/humble LD_LIBRARY_PATH=/home/zhijie/autoware/install/tier4_perception_msgs/lib:/home/zhijie/autoware/install/autoware_auto_perception_msgs/lib:/home/zhijie/autoware/install/tensorrt_common/lib:/home/zhijie/autoware/install/autoware_auto_geometry_msgs/lib:${LD_LIBRARY_PATH} PYTHONPATH=/home/zhijie/autoware/install/tier4_perception_msgs/local/lib/python3.10/dist-packages:/home/zhijie/autoware/install/autoware_auto_perception_msgs/local/lib/python3.10/dist-packages:/home/zhijie/autoware/install/autoware_auto_geometry_msgs/local/lib/python3.10/dist-packages:${PYTHONPATH} /usr/bin/cmake /home/zhijie/autoware/src/universe/autoware.universe/perception/bytetrack -DCMAKE_BUILD_TYPE=Release -DAMENT_CMAKE_SYMLINK_INSTALL=1 -DCMAKE_INSTALL_PREFIX=/home/zhijie/autoware/install/bytetrack
[2.913s] Invoking command in '/home/zhijie/autoware/build/bytetrack': AMENT_PREFIX_PATH=/home/zhijie/autoware/install/tier4_perception_msgs:/home/zhijie/autoware/install/cuda_utils:/home/zhijie/autoware/install/autoware_cmake:/home/zhijie/autoware/install/autoware_auto_perception_msgs:/home/zhijie/autoware/install/tensorrt_common:/home/zhijie/autoware/install/autoware_lint_common:/home/zhijie/autoware/install/autoware_auto_geometry_msgs:${AMENT_PREFIX_PATH} CMAKE_PREFIX_PATH=/home/zhijie/autoware/install/tier4_perception_msgs:/home/zhijie/autoware/install/cuda_utils:/home/zhijie/autoware/install/autoware_cmake:/home/zhijie/autoware/install/autoware_auto_perception_msgs:/home/zhijie/autoware/install/tensorrt_common:/home/zhijie/autoware/install/autoware_lint_common:/home/zhijie/autoware/install/autoware_auto_geometry_msgs:/opt/ros/humble LD_LIBRARY_PATH=/home/zhijie/autoware/install/tier4_perception_msgs/lib:/home/zhijie/autoware/install/autoware_auto_perception_msgs/lib:/home/zhijie/autoware/install/tensorrt_common/lib:/home/zhijie/autoware/install/autoware_auto_geometry_msgs/lib:${LD_LIBRARY_PATH} PYTHONPATH=/home/zhijie/autoware/install/tier4_perception_msgs/local/lib/python3.10/dist-packages:/home/zhijie/autoware/install/autoware_auto_perception_msgs/local/lib/python3.10/dist-packages:/home/zhijie/autoware/install/autoware_auto_geometry_msgs/local/lib/python3.10/dist-packages:${PYTHONPATH} /usr/bin/cmake --build /home/zhijie/autoware/build/bytetrack -- -j16 -l16
[8.872s] [35m[1mConsolidate compiler generated dependencies of target bytetrack_node_exe[0m
[8.872s] [35m[1mConsolidate compiler generated dependencies of target bytetrack_visualizer_node_exe[0m
[8.872s] [35m[1mConsolidate compiler generated dependencies of target bytetrack_lib[0m
[8.872s] [  6%] [32mBuilding CXX object CMakeFiles/bytetrack_node_exe.dir/rclcpp_components/node_main_bytetrack_node_exe.cpp.o[0m
[8.872s] [ 12%] [32mBuilding CXX object CMakeFiles/bytetrack_visualizer_node_exe.dir/rclcpp_components/node_main_bytetrack_visualizer_node_exe.cpp.o[0m
[8.872s] [ 18%] [32mBuilding CXX object CMakeFiles/bytetrack_lib.dir/lib/src/byte_tracker.cpp.o[0m
[8.872s] [ 25%] [32mBuilding CXX object CMakeFiles/bytetrack_lib.dir/lib/src/kalman_filter.cpp.o[0m
[8.873s] [ 31%] [32mBuilding CXX object CMakeFiles/bytetrack_lib.dir/lib/src/strack.cpp.o[0m
[8.992s] [ 37%] [32m[1mLinking CXX executable bytetrack_node_exe[0m
[9.292s] [ 37%] Built target bytetrack_node_exe
[9.998s] [ 43%] [32m[1mLinking CXX executable bytetrack_visualizer_node_exe[0m
[10.354s] [ 43%] Built target bytetrack_visualizer_node_exe
[16.918s] [ 50%] [32mBuilding CXX object CMakeFiles/bytetrack_lib.dir/lib/src/utils.cpp.o[0m
[22.266s] [ 56%] [32m[1mLinking CXX shared library libbytetrack_lib.so[0m
[22.649s] [ 62%] Built target bytetrack_lib
[22.665s] [35m[1mConsolidate compiler generated dependencies of target bytetrack[0m
[22.691s] [ 68%] [32mBuilding CXX object CMakeFiles/bytetrack.dir/src/bytetrack.cpp.o[0m
[26.811s] [ 75%] [32m[1mLinking CXX shared library libbytetrack.so[0m
[27.198s] [ 75%] Built target bytetrack
[27.215s] [35m[1mConsolidate compiler generated dependencies of target bytetrack_node[0m
[27.269s] [ 81%] [32mBuilding CXX object CMakeFiles/bytetrack_node.dir/src/bytetrack_node.cpp.o[0m
[46.146s] [ 87%] [32m[1mLinking CXX shared library libbytetrack_node.so[0m
[46.514s] [ 87%] Built target bytetrack_node
[46.552s] [35m[1mConsolidate compiler generated dependencies of target bytetrack_visualizer[0m
[46.597s] [ 93%] [32mBuilding CXX object CMakeFiles/bytetrack_visualizer.dir/src/bytetrack_visualizer_node.cpp.o[0m
[77.710s] [100%] [32m[1mLinking CXX shared library libbytetrack_visualizer.so[0m
[78.107s] [100%] Built target bytetrack_visualizer
[78.123s] Invoked command in '/home/zhijie/autoware/build/bytetrack' returned '0': AMENT_PREFIX_PATH=/home/zhijie/autoware/install/tier4_perception_msgs:/home/zhijie/autoware/install/cuda_utils:/home/zhijie/autoware/install/autoware_cmake:/home/zhijie/autoware/install/autoware_auto_perception_msgs:/home/zhijie/autoware/install/tensorrt_common:/home/zhijie/autoware/install/autoware_lint_common:/home/zhijie/autoware/install/autoware_auto_geometry_msgs:${AMENT_PREFIX_PATH} CMAKE_PREFIX_PATH=/home/zhijie/autoware/install/tier4_perception_msgs:/home/zhijie/autoware/install/cuda_utils:/home/zhijie/autoware/install/autoware_cmake:/home/zhijie/autoware/install/autoware_auto_perception_msgs:/home/zhijie/autoware/install/tensorrt_common:/home/zhijie/autoware/install/autoware_lint_common:/home/zhijie/autoware/install/autoware_auto_geometry_msgs:/opt/ros/humble LD_LIBRARY_PATH=/home/zhijie/autoware/install/tier4_perception_msgs/lib:/home/zhijie/autoware/install/autoware_auto_perception_msgs/lib:/home/zhijie/autoware/install/tensorrt_common/lib:/home/zhijie/autoware/install/autoware_auto_geometry_msgs/lib:${LD_LIBRARY_PATH} PYTHONPATH=/home/zhijie/autoware/install/tier4_perception_msgs/local/lib/python3.10/dist-packages:/home/zhijie/autoware/install/autoware_auto_perception_msgs/local/lib/python3.10/dist-packages:/home/zhijie/autoware/install/autoware_auto_geometry_msgs/local/lib/python3.10/dist-packages:${PYTHONPATH} /usr/bin/cmake --build /home/zhijie/autoware/build/bytetrack -- -j16 -l16
[78.180s] Invoking command in '/home/zhijie/autoware/build/bytetrack': AMENT_PREFIX_PATH=/home/zhijie/autoware/install/tier4_perception_msgs:/home/zhijie/autoware/install/cuda_utils:/home/zhijie/autoware/install/autoware_cmake:/home/zhijie/autoware/install/autoware_auto_perception_msgs:/home/zhijie/autoware/install/tensorrt_common:/home/zhijie/autoware/install/autoware_lint_common:/home/zhijie/autoware/install/autoware_auto_geometry_msgs:${AMENT_PREFIX_PATH} CMAKE_PREFIX_PATH=/home/zhijie/autoware/install/tier4_perception_msgs:/home/zhijie/autoware/install/cuda_utils:/home/zhijie/autoware/install/autoware_cmake:/home/zhijie/autoware/install/autoware_auto_perception_msgs:/home/zhijie/autoware/install/tensorrt_common:/home/zhijie/autoware/install/autoware_lint_common:/home/zhijie/autoware/install/autoware_auto_geometry_msgs:/opt/ros/humble LD_LIBRARY_PATH=/home/zhijie/autoware/install/tier4_perception_msgs/lib:/home/zhijie/autoware/install/autoware_auto_perception_msgs/lib:/home/zhijie/autoware/install/tensorrt_common/lib:/home/zhijie/autoware/install/autoware_auto_geometry_msgs/lib:${LD_LIBRARY_PATH} PYTHONPATH=/home/zhijie/autoware/install/tier4_perception_msgs/local/lib/python3.10/dist-packages:/home/zhijie/autoware/install/autoware_auto_perception_msgs/local/lib/python3.10/dist-packages:/home/zhijie/autoware/install/autoware_auto_geometry_msgs/local/lib/python3.10/dist-packages:${PYTHONPATH} /usr/bin/cmake --install /home/zhijie/autoware/build/bytetrack
[78.747s] -- Install configuration: "Release"
[78.747s] -- Execute custom install script
[78.747s] -- Up-to-date symlink: /home/zhijie/autoware/install/bytetrack/lib/bytetrack/bytetrack_node_exe
[78.747s] -- Up-to-date symlink: /home/zhijie/autoware/install/bytetrack/lib/bytetrack/bytetrack_visualizer_node_exe
[78.747s] -- Up-to-date symlink: /home/zhijie/autoware/install/bytetrack/include/bytetrack/bytetrack.hpp
[78.747s] -- Up-to-date symlink: /home/zhijie/autoware/install/bytetrack/include/bytetrack/bytetrack_node.hpp
[78.747s] -- Up-to-date symlink: /home/zhijie/autoware/install/bytetrack/include/bytetrack/bytetrack_visualizer_node.hpp
[78.747s] -- Up-to-date symlink: /home/zhijie/autoware/install/bytetrack/share/bytetrack/environment/library_path.sh
[78.747s] -- Up-to-date symlink: /home/zhijie/autoware/install/bytetrack/share/bytetrack/environment/library_path.dsv
[78.747s] -- Up-to-date symlink: /home/zhijie/autoware/install/bytetrack/lib/libbytetrack_lib.so
[78.747s] -- Up-to-date symlink: /home/zhijie/autoware/install/bytetrack/lib/libbytetrack.so
[78.748s] -- Up-to-date symlink: /home/zhijie/autoware/install/bytetrack/lib/libbytetrack_node.so
[78.748s] -- Up-to-date symlink: /home/zhijie/autoware/install/bytetrack/lib/libbytetrack_visualizer.so
[78.748s] -- Up-to-date symlink: /home/zhijie/autoware/install/bytetrack/share/bytetrack/launch/bytetrack.launch.xml
[78.748s] -- Up-to-date symlink: /home/zhijie/autoware/install/bytetrack/share/ament_index/resource_index/package_run_dependencies/bytetrack
[78.748s] -- Up-to-date symlink: /home/zhijie/autoware/install/bytetrack/share/ament_index/resource_index/parent_prefix_path/bytetrack
[78.748s] -- Up-to-date symlink: /home/zhijie/autoware/install/bytetrack/share/bytetrack/environment/ament_prefix_path.sh
[78.748s] -- Up-to-date symlink: /home/zhijie/autoware/install/bytetrack/share/bytetrack/environment/ament_prefix_path.dsv
[78.748s] -- Up-to-date symlink: /home/zhijie/autoware/install/bytetrack/share/bytetrack/environment/path.sh
[78.748s] -- Up-to-date symlink: /home/zhijie/autoware/install/bytetrack/share/bytetrack/environment/path.dsv
[78.748s] -- Up-to-date symlink: /home/zhijie/autoware/install/bytetrack/share/bytetrack/local_setup.bash
[78.749s] -- Up-to-date symlink: /home/zhijie/autoware/install/bytetrack/share/bytetrack/local_setup.sh
[78.749s] -- Up-to-date symlink: /home/zhijie/autoware/install/bytetrack/share/bytetrack/local_setup.zsh
[78.749s] -- Up-to-date symlink: /home/zhijie/autoware/install/bytetrack/share/bytetrack/local_setup.dsv
[78.749s] -- Symlinking: /home/zhijie/autoware/install/bytetrack/share/bytetrack/package.dsv
[78.749s] -- Up-to-date symlink: /home/zhijie/autoware/install/bytetrack/share/ament_index/resource_index/packages/bytetrack
[78.749s] -- Up-to-date symlink: /home/zhijie/autoware/install/bytetrack/share/ament_index/resource_index/rclcpp_components/bytetrack
[78.749s] -- Up-to-date symlink: /home/zhijie/autoware/install/bytetrack/share/bytetrack/cmake/ament_cmake_export_dependencies-extras.cmake
[78.749s] -- Up-to-date symlink: /home/zhijie/autoware/install/bytetrack/share/bytetrack/cmake/ament_cmake_export_include_directories-extras.cmake
[78.749s] -- Up-to-date symlink: /home/zhijie/autoware/install/bytetrack/share/bytetrack/cmake/ament_cmake_export_libraries-extras.cmake
[78.749s] -- Up-to-date symlink: /home/zhijie/autoware/install/bytetrack/share/bytetrack/cmake/bytetrackConfig.cmake
[78.749s] -- Up-to-date symlink: /home/zhijie/autoware/install/bytetrack/share/bytetrack/cmake/bytetrackConfig-version.cmake
[78.750s] -- Up-to-date symlink: /home/zhijie/autoware/install/bytetrack/share/bytetrack/package.xml
[78.825s] Invoked command in '/home/zhijie/autoware/build/bytetrack' returned '0': AMENT_PREFIX_PATH=/home/zhijie/autoware/install/tier4_perception_msgs:/home/zhijie/autoware/install/cuda_utils:/home/zhijie/autoware/install/autoware_cmake:/home/zhijie/autoware/install/autoware_auto_perception_msgs:/home/zhijie/autoware/install/tensorrt_common:/home/zhijie/autoware/install/autoware_lint_common:/home/zhijie/autoware/install/autoware_auto_geometry_msgs:${AMENT_PREFIX_PATH} CMAKE_PREFIX_PATH=/home/zhijie/autoware/install/tier4_perception_msgs:/home/zhijie/autoware/install/cuda_utils:/home/zhijie/autoware/install/autoware_cmake:/home/zhijie/autoware/install/autoware_auto_perception_msgs:/home/zhijie/autoware/install/tensorrt_common:/home/zhijie/autoware/install/autoware_lint_common:/home/zhijie/autoware/install/autoware_auto_geometry_msgs:/opt/ros/humble LD_LIBRARY_PATH=/home/zhijie/autoware/install/tier4_perception_msgs/lib:/home/zhijie/autoware/install/autoware_auto_perception_msgs/lib:/home/zhijie/autoware/install/tensorrt_common/lib:/home/zhijie/autoware/install/autoware_auto_geometry_msgs/lib:${LD_LIBRARY_PATH} PYTHONPATH=/home/zhijie/autoware/install/tier4_perception_msgs/local/lib/python3.10/dist-packages:/home/zhijie/autoware/install/autoware_auto_perception_msgs/local/lib/python3.10/dist-packages:/home/zhijie/autoware/install/autoware_auto_geometry_msgs/local/lib/python3.10/dist-packages:${PYTHONPATH} /usr/bin/cmake --install /home/zhijie/autoware/build/bytetrack
