[  0%] Built target dbw_ford_msgs__cpp
[ 12%] Built target dbw_ford_msgs__rosidl_generator_c
[ 12%] Built target ament_cmake_python_symlink_dbw_ford_msgs
[ 24%] Built target dbw_ford_msgs__rosidl_typesupport_c
[ 36%] Built target dbw_ford_msgs__rosidl_typesupport_cpp
[ 49%] Built target dbw_ford_msgs__rosidl_typesupport_introspection_c
[ 62%] Built target dbw_ford_msgs__rosidl_typesupport_introspection_cpp
[ 74%] Built target dbw_ford_msgs__rosidl_typesupport_fastrtps_cpp
[ 87%] Built target dbw_ford_msgs__rosidl_typesupport_fastrtps_c
[ 87%] Built target dbw_ford_msgs
[ 87%] Built target dbw_ford_msgs__py
[ 99%] Built target dbw_ford_msgs__rosidl_generator_py
[100%] Built target dbw_ford_msgs__rosidl_typesupport_introspection_c__pyext
[100%] Built target dbw_ford_msgs__rosidl_typesupport_c__pyext
[100%] Built target dbw_ford_msgs__rosidl_typesupport_fastrtps_c__pyext
running egg_info
writing dbw_ford_msgs.egg-info/PKG-INFO
writing dependency_links to dbw_ford_msgs.egg-info/dependency_links.txt
writing top-level names to dbw_ford_msgs.egg-info/top_level.txt
reading manifest file 'dbw_ford_msgs.egg-info/SOURCES.txt'
writing manifest file 'dbw_ford_msgs.egg-info/SOURCES.txt'
[100%] Built target ament_cmake_python_build_dbw_ford_msgs_egg
-- Install configuration: "Release"
-- Execute custom install script
-- Up-to-date symlink: /home/mtl12345/autoware/install/dbw_ford_msgs/share/ament_index/resource_index/rosidl_interfaces/dbw_ford_msgs
-- Up-to-date symlink: /home/mtl12345/autoware/install/dbw_ford_msgs/include/dbw_ford_msgs/dbw_ford_msgs/msg/ambient_light.h
-- Up-to-date symlink: /home/mtl12345/autoware/install/dbw_ford_msgs/include/dbw_ford_msgs/dbw_ford_msgs/msg/brake_cmd.h
-- Up-to-date symlink: /home/mtl12345/autoware/install/dbw_ford_msgs/include/dbw_ford_msgs/dbw_ford_msgs/msg/brake_info_report.h
-- Up-to-date symlink: /home/mtl12345/autoware/install/dbw_ford_msgs/include/dbw_ford_msgs/dbw_ford_msgs/msg/brake_report.h
-- Up-to-date symlink: /home/mtl12345/autoware/install/dbw_ford_msgs/include/dbw_ford_msgs/dbw_ford_msgs/msg/detail/ambient_light__functions.h
-- Up-to-date symlink: /home/mtl12345/autoware/install/dbw_ford_msgs/include/dbw_ford_msgs/dbw_ford_msgs/msg/detail/ambient_light__struct.h
-- Up-to-date symlink: /home/mtl12345/autoware/install/dbw_ford_msgs/include/dbw_ford_msgs/dbw_ford_msgs/msg/detail/ambient_light__type_support.h
-- Up-to-date symlink: /home/mtl12345/autoware/install/dbw_ford_msgs/include/dbw_ford_msgs/dbw_ford_msgs/msg/detail/brake_cmd__functions.h
-- Up-to-date symlink: /home/mtl12345/autoware/install/dbw_ford_msgs/include/dbw_ford_msgs/dbw_ford_msgs/msg/detail/brake_cmd__struct.h
-- Up-to-date symlink: /home/mtl12345/autoware/install/dbw_ford_msgs/include/dbw_ford_msgs/dbw_ford_msgs/msg/detail/brake_cmd__type_support.h
-- Up-to-date symlink: /home/mtl12345/autoware/install/dbw_ford_msgs/include/dbw_ford_msgs/dbw_ford_msgs/msg/detail/brake_info_report__functions.h
-- Up-to-date symlink: /home/mtl12345/autoware/install/dbw_ford_msgs/include/dbw_ford_msgs/dbw_ford_msgs/msg/detail/brake_info_report__struct.h
-- Up-to-date symlink: /home/mtl12345/autoware/install/dbw_ford_msgs/include/dbw_ford_msgs/dbw_ford_msgs/msg/detail/brake_info_report__type_support.h
-- Up-to-date symlink: /home/mtl12345/autoware/install/dbw_ford_msgs/include/dbw_ford_msgs/dbw_ford_msgs/msg/detail/brake_report__functions.h
-- Up-to-date symlink: /home/mtl12345/autoware/install/dbw_ford_msgs/include/dbw_ford_msgs/dbw_ford_msgs/msg/detail/brake_report__struct.h
-- Up-to-date symlink: /home/mtl12345/autoware/install/dbw_ford_msgs/include/dbw_ford_msgs/dbw_ford_msgs/msg/detail/brake_report__type_support.h
-- Up-to-date symlink: /home/mtl12345/autoware/install/dbw_ford_msgs/include/dbw_ford_msgs/dbw_ford_msgs/msg/detail/driver_assist_report__functions.h
-- Up-to-date symlink: /home/mtl12345/autoware/install/dbw_ford_msgs/include/dbw_ford_msgs/dbw_ford_msgs/msg/detail/driver_assist_report__struct.h
-- Up-to-date symlink: /home/mtl12345/autoware/install/dbw_ford_msgs/include/dbw_ford_msgs/dbw_ford_msgs/msg/detail/driver_assist_report__type_support.h
-- Up-to-date symlink: /home/mtl12345/autoware/install/dbw_ford_msgs/include/dbw_ford_msgs/dbw_ford_msgs/msg/detail/fuel_level_report__functions.h
-- Up-to-date symlink: /home/mtl12345/autoware/install/dbw_ford_msgs/include/dbw_ford_msgs/dbw_ford_msgs/msg/detail/fuel_level_report__struct.h
-- Up-to-date symlink: /home/mtl12345/autoware/install/dbw_ford_msgs/include/dbw_ford_msgs/dbw_ford_msgs/msg/detail/fuel_level_report__type_support.h
-- Up-to-date symlink: /home/mtl12345/autoware/install/dbw_ford_msgs/include/dbw_ford_msgs/dbw_ford_msgs/msg/detail/gear__functions.h
-- Up-to-date symlink: /home/mtl12345/autoware/install/dbw_ford_msgs/include/dbw_ford_msgs/dbw_ford_msgs/msg/detail/gear__struct.h
-- Up-to-date symlink: /home/mtl12345/autoware/install/dbw_ford_msgs/include/dbw_ford_msgs/dbw_ford_msgs/msg/detail/gear__type_support.h
-- Up-to-date symlink: /home/mtl12345/autoware/install/dbw_ford_msgs/include/dbw_ford_msgs/dbw_ford_msgs/msg/detail/gear_cmd__functions.h
-- Up-to-date symlink: /home/mtl12345/autoware/install/dbw_ford_msgs/include/dbw_ford_msgs/dbw_ford_msgs/msg/detail/gear_cmd__struct.h
-- Up-to-date symlink: /home/mtl12345/autoware/install/dbw_ford_msgs/include/dbw_ford_msgs/dbw_ford_msgs/msg/detail/gear_cmd__type_support.h
-- Up-to-date symlink: /home/mtl12345/autoware/install/dbw_ford_msgs/include/dbw_ford_msgs/dbw_ford_msgs/msg/detail/gear_num__functions.h
-- Up-to-date symlink: /home/mtl12345/autoware/install/dbw_ford_msgs/include/dbw_ford_msgs/dbw_ford_msgs/msg/detail/gear_num__struct.h
-- Up-to-date symlink: /home/mtl12345/autoware/install/dbw_ford_msgs/include/dbw_ford_msgs/dbw_ford_msgs/msg/detail/gear_num__type_support.h
-- Up-to-date symlink: /home/mtl12345/autoware/install/dbw_ford_msgs/include/dbw_ford_msgs/dbw_ford_msgs/msg/detail/gear_reject__functions.h
-- Up-to-date symlink: /home/mtl12345/autoware/install/dbw_ford_msgs/include/dbw_ford_msgs/dbw_ford_msgs/msg/detail/gear_reject__struct.h
-- Up-to-date symlink: /home/mtl12345/autoware/install/dbw_ford_msgs/include/dbw_ford_msgs/dbw_ford_msgs/msg/detail/gear_reject__type_support.h
-- Up-to-date symlink: /home/mtl12345/autoware/install/dbw_ford_msgs/include/dbw_ford_msgs/dbw_ford_msgs/msg/detail/gear_report__functions.h
-- Up-to-date symlink: /home/mtl12345/autoware/install/dbw_ford_msgs/include/dbw_ford_msgs/dbw_ford_msgs/msg/detail/gear_report__struct.h
-- Up-to-date symlink: /home/mtl12345/autoware/install/dbw_ford_msgs/include/dbw_ford_msgs/dbw_ford_msgs/msg/detail/gear_report__type_support.h
-- Up-to-date symlink: /home/mtl12345/autoware/install/dbw_ford_msgs/include/dbw_ford_msgs/dbw_ford_msgs/msg/detail/hill_start_assist__functions.h
-- Up-to-date symlink: /home/mtl12345/autoware/install/dbw_ford_msgs/include/dbw_ford_msgs/dbw_ford_msgs/msg/detail/hill_start_assist__struct.h
-- Up-to-date symlink: /home/mtl12345/autoware/install/dbw_ford_msgs/include/dbw_ford_msgs/dbw_ford_msgs/msg/detail/hill_start_assist__type_support.h
-- Up-to-date symlink: /home/mtl12345/autoware/install/dbw_ford_msgs/include/dbw_ford_msgs/dbw_ford_msgs/msg/detail/ignition__functions.h
-- Up-to-date symlink: /home/mtl12345/autoware/install/dbw_ford_msgs/include/dbw_ford_msgs/dbw_ford_msgs/msg/detail/ignition__struct.h
-- Up-to-date symlink: /home/mtl12345/autoware/install/dbw_ford_msgs/include/dbw_ford_msgs/dbw_ford_msgs/msg/detail/ignition__type_support.h
-- Up-to-date symlink: /home/mtl12345/autoware/install/dbw_ford_msgs/include/dbw_ford_msgs/dbw_ford_msgs/msg/detail/misc1_report__functions.h
-- Up-to-date symlink: /home/mtl12345/autoware/install/dbw_ford_msgs/include/dbw_ford_msgs/dbw_ford_msgs/msg/detail/misc1_report__struct.h
-- Up-to-date symlink: /home/mtl12345/autoware/install/dbw_ford_msgs/include/dbw_ford_msgs/dbw_ford_msgs/msg/detail/misc1_report__type_support.h
-- Up-to-date symlink: /home/mtl12345/autoware/install/dbw_ford_msgs/include/dbw_ford_msgs/dbw_ford_msgs/msg/detail/misc_cmd__functions.h
-- Up-to-date symlink: /home/mtl12345/autoware/install/dbw_ford_msgs/include/dbw_ford_msgs/dbw_ford_msgs/msg/detail/misc_cmd__struct.h
-- Up-to-date symlink: /home/mtl12345/autoware/install/dbw_ford_msgs/include/dbw_ford_msgs/dbw_ford_msgs/msg/detail/misc_cmd__type_support.h
-- Up-to-date symlink: /home/mtl12345/autoware/install/dbw_ford_msgs/include/dbw_ford_msgs/dbw_ford_msgs/msg/detail/one_pedal__functions.h
-- Up-to-date symlink: /home/mtl12345/autoware/install/dbw_ford_msgs/include/dbw_ford_msgs/dbw_ford_msgs/msg/detail/one_pedal__struct.h
-- Up-to-date symlink: /home/mtl12345/autoware/install/dbw_ford_msgs/include/dbw_ford_msgs/dbw_ford_msgs/msg/detail/one_pedal__type_support.h
-- Up-to-date symlink: /home/mtl12345/autoware/install/dbw_ford_msgs/include/dbw_ford_msgs/dbw_ford_msgs/msg/detail/parking_brake__functions.h
-- Up-to-date symlink: /home/mtl12345/autoware/install/dbw_ford_msgs/include/dbw_ford_msgs/dbw_ford_msgs/msg/detail/parking_brake__struct.h
-- Up-to-date symlink: /home/mtl12345/autoware/install/dbw_ford_msgs/include/dbw_ford_msgs/dbw_ford_msgs/msg/detail/parking_brake__type_support.h
-- Up-to-date symlink: /home/mtl12345/autoware/install/dbw_ford_msgs/include/dbw_ford_msgs/dbw_ford_msgs/msg/detail/parking_brake_cmd__functions.h
-- Up-to-date symlink: /home/mtl12345/autoware/install/dbw_ford_msgs/include/dbw_ford_msgs/dbw_ford_msgs/msg/detail/parking_brake_cmd__struct.h
-- Up-to-date symlink: /home/mtl12345/autoware/install/dbw_ford_msgs/include/dbw_ford_msgs/dbw_ford_msgs/msg/detail/parking_brake_cmd__type_support.h
-- Up-to-date symlink: /home/mtl12345/autoware/install/dbw_ford_msgs/include/dbw_ford_msgs/dbw_ford_msgs/msg/detail/quality_factor__functions.h
-- Up-to-date symlink: /home/mtl12345/autoware/install/dbw_ford_msgs/include/dbw_ford_msgs/dbw_ford_msgs/msg/detail/quality_factor__struct.h
-- Up-to-date symlink: /home/mtl12345/autoware/install/dbw_ford_msgs/include/dbw_ford_msgs/dbw_ford_msgs/msg/detail/quality_factor__type_support.h
-- Up-to-date symlink: /home/mtl12345/autoware/install/dbw_ford_msgs/include/dbw_ford_msgs/dbw_ford_msgs/msg/detail/steering_cmd__functions.h
-- Up-to-date symlink: /home/mtl12345/autoware/install/dbw_ford_msgs/include/dbw_ford_msgs/dbw_ford_msgs/msg/detail/steering_cmd__struct.h
-- Up-to-date symlink: /home/mtl12345/autoware/install/dbw_ford_msgs/include/dbw_ford_msgs/dbw_ford_msgs/msg/detail/steering_cmd__type_support.h
-- Up-to-date symlink: /home/mtl12345/autoware/install/dbw_ford_msgs/include/dbw_ford_msgs/dbw_ford_msgs/msg/detail/steering_report__functions.h
-- Up-to-date symlink: /home/mtl12345/autoware/install/dbw_ford_msgs/include/dbw_ford_msgs/dbw_ford_msgs/msg/detail/steering_report__struct.h
-- Up-to-date symlink: /home/mtl12345/autoware/install/dbw_ford_msgs/include/dbw_ford_msgs/dbw_ford_msgs/msg/detail/steering_report__type_support.h
-- Up-to-date symlink: /home/mtl12345/autoware/install/dbw_ford_msgs/include/dbw_ford_msgs/dbw_ford_msgs/msg/detail/surround_report__functions.h
-- Up-to-date symlink: /home/mtl12345/autoware/install/dbw_ford_msgs/include/dbw_ford_msgs/dbw_ford_msgs/msg/detail/surround_report__struct.h
-- Up-to-date symlink: /home/mtl12345/autoware/install/dbw_ford_msgs/include/dbw_ford_msgs/dbw_ford_msgs/msg/detail/surround_report__type_support.h
-- Up-to-date symlink: /home/mtl12345/autoware/install/dbw_ford_msgs/include/dbw_ford_msgs/dbw_ford_msgs/msg/detail/throttle_cmd__functions.h
-- Up-to-date symlink: /home/mtl12345/autoware/install/dbw_ford_msgs/include/dbw_ford_msgs/dbw_ford_msgs/msg/detail/throttle_cmd__struct.h
-- Up-to-date symlink: /home/mtl12345/autoware/install/dbw_ford_msgs/include/dbw_ford_msgs/dbw_ford_msgs/msg/detail/throttle_cmd__type_support.h
-- Up-to-date symlink: /home/mtl12345/autoware/install/dbw_ford_msgs/include/dbw_ford_msgs/dbw_ford_msgs/msg/detail/throttle_info_report__functions.h
-- Up-to-date symlink: /home/mtl12345/autoware/install/dbw_ford_msgs/include/dbw_ford_msgs/dbw_ford_msgs/msg/detail/throttle_info_report__struct.h
-- Up-to-date symlink: /home/mtl12345/autoware/install/dbw_ford_msgs/include/dbw_ford_msgs/dbw_ford_msgs/msg/detail/throttle_info_report__type_support.h
-- Up-to-date symlink: /home/mtl12345/autoware/install/dbw_ford_msgs/include/dbw_ford_msgs/dbw_ford_msgs/msg/detail/throttle_report__functions.h
-- Up-to-date symlink: /home/mtl12345/autoware/install/dbw_ford_msgs/include/dbw_ford_msgs/dbw_ford_msgs/msg/detail/throttle_report__struct.h
-- Up-to-date symlink: /home/mtl12345/autoware/install/dbw_ford_msgs/include/dbw_ford_msgs/dbw_ford_msgs/msg/detail/throttle_report__type_support.h
-- Up-to-date symlink: /home/mtl12345/autoware/install/dbw_ford_msgs/include/dbw_ford_msgs/dbw_ford_msgs/msg/detail/tire_pressure_report__functions.h
-- Up-to-date symlink: /home/mtl12345/autoware/install/dbw_ford_msgs/include/dbw_ford_msgs/dbw_ford_msgs/msg/detail/tire_pressure_report__struct.h
-- Up-to-date symlink: /home/mtl12345/autoware/install/dbw_ford_msgs/include/dbw_ford_msgs/dbw_ford_msgs/msg/detail/tire_pressure_report__type_support.h
-- Up-to-date symlink: /home/mtl12345/autoware/install/dbw_ford_msgs/include/dbw_ford_msgs/dbw_ford_msgs/msg/detail/turn_signal__functions.h
-- Up-to-date symlink: /home/mtl12345/autoware/install/dbw_ford_msgs/include/dbw_ford_msgs/dbw_ford_msgs/msg/detail/turn_signal__struct.h
-- Up-to-date symlink: /home/mtl12345/autoware/install/dbw_ford_msgs/include/dbw_ford_msgs/dbw_ford_msgs/msg/detail/turn_signal__type_support.h
-- Up-to-date symlink: /home/mtl12345/autoware/install/dbw_ford_msgs/include/dbw_ford_msgs/dbw_ford_msgs/msg/detail/twist_cmd__functions.h
-- Up-to-date symlink: /home/mtl12345/autoware/install/dbw_ford_msgs/include/dbw_ford_msgs/dbw_ford_msgs/msg/detail/twist_cmd__struct.h
-- Up-to-date symlink: /home/mtl12345/autoware/install/dbw_ford_msgs/include/dbw_ford_msgs/dbw_ford_msgs/msg/detail/twist_cmd__type_support.h
-- Up-to-date symlink: /home/mtl12345/autoware/install/dbw_ford_msgs/include/dbw_ford_msgs/dbw_ford_msgs/msg/detail/watchdog_counter__functions.h
-- Up-to-date symlink: /home/mtl12345/autoware/install/dbw_ford_msgs/include/dbw_ford_msgs/dbw_ford_msgs/msg/detail/watchdog_counter__struct.h
-- Up-to-date symlink: /home/mtl12345/autoware/install/dbw_ford_msgs/include/dbw_ford_msgs/dbw_ford_msgs/msg/detail/watchdog_counter__type_support.h
-- Up-to-date symlink: /home/mtl12345/autoware/install/dbw_ford_msgs/include/dbw_ford_msgs/dbw_ford_msgs/msg/detail/wheel_position_report__functions.h
-- Up-to-date symlink: /home/mtl12345/autoware/install/dbw_ford_msgs/include/dbw_ford_msgs/dbw_ford_msgs/msg/detail/wheel_position_report__struct.h
-- Up-to-date symlink: /home/mtl12345/autoware/install/dbw_ford_msgs/include/dbw_ford_msgs/dbw_ford_msgs/msg/detail/wheel_position_report__type_support.h
-- Up-to-date symlink: /home/mtl12345/autoware/install/dbw_ford_msgs/include/dbw_ford_msgs/dbw_ford_msgs/msg/detail/wheel_speed_report__functions.h
-- Up-to-date symlink: /home/mtl12345/autoware/install/dbw_ford_msgs/include/dbw_ford_msgs/dbw_ford_msgs/msg/detail/wheel_speed_report__struct.h
-- Up-to-date symlink: /home/mtl12345/autoware/install/dbw_ford_msgs/include/dbw_ford_msgs/dbw_ford_msgs/msg/detail/wheel_speed_report__type_support.h
-- Up-to-date symlink: /home/mtl12345/autoware/install/dbw_ford_msgs/include/dbw_ford_msgs/dbw_ford_msgs/msg/detail/wiper__functions.h
-- Up-to-date symlink: /home/mtl12345/autoware/install/dbw_ford_msgs/include/dbw_ford_msgs/dbw_ford_msgs/msg/detail/wiper__struct.h
-- Up-to-date symlink: /home/mtl12345/autoware/install/dbw_ford_msgs/include/dbw_ford_msgs/dbw_ford_msgs/msg/detail/wiper__type_support.h
-- Up-to-date symlink: /home/mtl12345/autoware/install/dbw_ford_msgs/include/dbw_ford_msgs/dbw_ford_msgs/msg/driver_assist_report.h
-- Up-to-date symlink: /home/mtl12345/autoware/install/dbw_ford_msgs/include/dbw_ford_msgs/dbw_ford_msgs/msg/fuel_level_report.h
-- Up-to-date symlink: /home/mtl12345/autoware/install/dbw_ford_msgs/include/dbw_ford_msgs/dbw_ford_msgs/msg/gear.h
-- Up-to-date symlink: /home/mtl12345/autoware/install/dbw_ford_msgs/include/dbw_ford_msgs/dbw_ford_msgs/msg/gear_cmd.h
-- Up-to-date symlink: /home/mtl12345/autoware/install/dbw_ford_msgs/include/dbw_ford_msgs/dbw_ford_msgs/msg/gear_num.h
-- Up-to-date symlink: /home/mtl12345/autoware/install/dbw_ford_msgs/include/dbw_ford_msgs/dbw_ford_msgs/msg/gear_reject.h
-- Up-to-date symlink: /home/mtl12345/autoware/install/dbw_ford_msgs/include/dbw_ford_msgs/dbw_ford_msgs/msg/gear_report.h
-- Up-to-date symlink: /home/mtl12345/autoware/install/dbw_ford_msgs/include/dbw_ford_msgs/dbw_ford_msgs/msg/hill_start_assist.h
-- Up-to-date symlink: /home/mtl12345/autoware/install/dbw_ford_msgs/include/dbw_ford_msgs/dbw_ford_msgs/msg/ignition.h
-- Up-to-date symlink: /home/mtl12345/autoware/install/dbw_ford_msgs/include/dbw_ford_msgs/dbw_ford_msgs/msg/misc1_report.h
-- Up-to-date symlink: /home/mtl12345/autoware/install/dbw_ford_msgs/include/dbw_ford_msgs/dbw_ford_msgs/msg/misc_cmd.h
-- Up-to-date symlink: /home/mtl12345/autoware/install/dbw_ford_msgs/include/dbw_ford_msgs/dbw_ford_msgs/msg/one_pedal.h
-- Up-to-date symlink: /home/mtl12345/autoware/install/dbw_ford_msgs/include/dbw_ford_msgs/dbw_ford_msgs/msg/parking_brake.h
-- Up-to-date symlink: /home/mtl12345/autoware/install/dbw_ford_msgs/include/dbw_ford_msgs/dbw_ford_msgs/msg/parking_brake_cmd.h
-- Up-to-date symlink: /home/mtl12345/autoware/install/dbw_ford_msgs/include/dbw_ford_msgs/dbw_ford_msgs/msg/quality_factor.h
-- Up-to-date symlink: /home/mtl12345/autoware/install/dbw_ford_msgs/include/dbw_ford_msgs/dbw_ford_msgs/msg/rosidl_generator_c__visibility_control.h
-- Up-to-date symlink: /home/mtl12345/autoware/install/dbw_ford_msgs/include/dbw_ford_msgs/dbw_ford_msgs/msg/steering_cmd.h
-- Up-to-date symlink: /home/mtl12345/autoware/install/dbw_ford_msgs/include/dbw_ford_msgs/dbw_ford_msgs/msg/steering_report.h
-- Up-to-date symlink: /home/mtl12345/autoware/install/dbw_ford_msgs/include/dbw_ford_msgs/dbw_ford_msgs/msg/surround_report.h
-- Up-to-date symlink: /home/mtl12345/autoware/install/dbw_ford_msgs/include/dbw_ford_msgs/dbw_ford_msgs/msg/throttle_cmd.h
-- Up-to-date symlink: /home/mtl12345/autoware/install/dbw_ford_msgs/include/dbw_ford_msgs/dbw_ford_msgs/msg/throttle_info_report.h
-- Up-to-date symlink: /home/mtl12345/autoware/install/dbw_ford_msgs/include/dbw_ford_msgs/dbw_ford_msgs/msg/throttle_report.h
-- Up-to-date symlink: /home/mtl12345/autoware/install/dbw_ford_msgs/include/dbw_ford_msgs/dbw_ford_msgs/msg/tire_pressure_report.h
-- Up-to-date symlink: /home/mtl12345/autoware/install/dbw_ford_msgs/include/dbw_ford_msgs/dbw_ford_msgs/msg/turn_signal.h
-- Up-to-date symlink: /home/mtl12345/autoware/install/dbw_ford_msgs/include/dbw_ford_msgs/dbw_ford_msgs/msg/twist_cmd.h
-- Up-to-date symlink: /home/mtl12345/autoware/install/dbw_ford_msgs/include/dbw_ford_msgs/dbw_ford_msgs/msg/watchdog_counter.h
-- Up-to-date symlink: /home/mtl12345/autoware/install/dbw_ford_msgs/include/dbw_ford_msgs/dbw_ford_msgs/msg/wheel_position_report.h
-- Up-to-date symlink: /home/mtl12345/autoware/install/dbw_ford_msgs/include/dbw_ford_msgs/dbw_ford_msgs/msg/wheel_speed_report.h
-- Up-to-date symlink: /home/mtl12345/autoware/install/dbw_ford_msgs/include/dbw_ford_msgs/dbw_ford_msgs/msg/wiper.h
-- Up-to-date symlink: /home/mtl12345/autoware/install/dbw_ford_msgs/share/dbw_ford_msgs/environment/library_path.sh
-- Up-to-date symlink: /home/mtl12345/autoware/install/dbw_ford_msgs/share/dbw_ford_msgs/environment/library_path.dsv
-- Up-to-date symlink: /home/mtl12345/autoware/install/dbw_ford_msgs/include/dbw_ford_msgs/dbw_ford_msgs/msg/detail/ambient_light__rosidl_typesupport_fastrtps_c.h
-- Up-to-date symlink: /home/mtl12345/autoware/install/dbw_ford_msgs/include/dbw_ford_msgs/dbw_ford_msgs/msg/detail/brake_cmd__rosidl_typesupport_fastrtps_c.h
-- Up-to-date symlink: /home/mtl12345/autoware/install/dbw_ford_msgs/include/dbw_ford_msgs/dbw_ford_msgs/msg/detail/brake_info_report__rosidl_typesupport_fastrtps_c.h
-- Up-to-date symlink: /home/mtl12345/autoware/install/dbw_ford_msgs/include/dbw_ford_msgs/dbw_ford_msgs/msg/detail/brake_report__rosidl_typesupport_fastrtps_c.h
-- Up-to-date symlink: /home/mtl12345/autoware/install/dbw_ford_msgs/include/dbw_ford_msgs/dbw_ford_msgs/msg/detail/driver_assist_report__rosidl_typesupport_fastrtps_c.h
-- Up-to-date symlink: /home/mtl12345/autoware/install/dbw_ford_msgs/include/dbw_ford_msgs/dbw_ford_msgs/msg/detail/fuel_level_report__rosidl_typesupport_fastrtps_c.h
-- Up-to-date symlink: /home/mtl12345/autoware/install/dbw_ford_msgs/include/dbw_ford_msgs/dbw_ford_msgs/msg/detail/gear__rosidl_typesupport_fastrtps_c.h
-- Up-to-date symlink: /home/mtl12345/autoware/install/dbw_ford_msgs/include/dbw_ford_msgs/dbw_ford_msgs/msg/detail/gear_cmd__rosidl_typesupport_fastrtps_c.h
-- Up-to-date symlink: /home/mtl12345/autoware/install/dbw_ford_msgs/include/dbw_ford_msgs/dbw_ford_msgs/msg/detail/gear_num__rosidl_typesupport_fastrtps_c.h
-- Up-to-date symlink: /home/mtl12345/autoware/install/dbw_ford_msgs/include/dbw_ford_msgs/dbw_ford_msgs/msg/detail/gear_reject__rosidl_typesupport_fastrtps_c.h
-- Up-to-date symlink: /home/mtl12345/autoware/install/dbw_ford_msgs/include/dbw_ford_msgs/dbw_ford_msgs/msg/detail/gear_report__rosidl_typesupport_fastrtps_c.h
-- Up-to-date symlink: /home/mtl12345/autoware/install/dbw_ford_msgs/include/dbw_ford_msgs/dbw_ford_msgs/msg/detail/hill_start_assist__rosidl_typesupport_fastrtps_c.h
-- Up-to-date symlink: /home/mtl12345/autoware/install/dbw_ford_msgs/include/dbw_ford_msgs/dbw_ford_msgs/msg/detail/ignition__rosidl_typesupport_fastrtps_c.h
-- Up-to-date symlink: /home/mtl12345/autoware/install/dbw_ford_msgs/include/dbw_ford_msgs/dbw_ford_msgs/msg/detail/misc1_report__rosidl_typesupport_fastrtps_c.h
-- Up-to-date symlink: /home/mtl12345/autoware/install/dbw_ford_msgs/include/dbw_ford_msgs/dbw_ford_msgs/msg/detail/misc_cmd__rosidl_typesupport_fastrtps_c.h
-- Up-to-date symlink: /home/mtl12345/autoware/install/dbw_ford_msgs/include/dbw_ford_msgs/dbw_ford_msgs/msg/detail/one_pedal__rosidl_typesupport_fastrtps_c.h
-- Up-to-date symlink: /home/mtl12345/autoware/install/dbw_ford_msgs/include/dbw_ford_msgs/dbw_ford_msgs/msg/detail/parking_brake__rosidl_typesupport_fastrtps_c.h
-- Up-to-date symlink: /home/mtl12345/autoware/install/dbw_ford_msgs/include/dbw_ford_msgs/dbw_ford_msgs/msg/detail/parking_brake_cmd__rosidl_typesupport_fastrtps_c.h
-- Up-to-date symlink: /home/mtl12345/autoware/install/dbw_ford_msgs/include/dbw_ford_msgs/dbw_ford_msgs/msg/detail/quality_factor__rosidl_typesupport_fastrtps_c.h
-- Up-to-date symlink: /home/mtl12345/autoware/install/dbw_ford_msgs/include/dbw_ford_msgs/dbw_ford_msgs/msg/detail/steering_cmd__rosidl_typesupport_fastrtps_c.h
-- Up-to-date symlink: /home/mtl12345/autoware/install/dbw_ford_msgs/include/dbw_ford_msgs/dbw_ford_msgs/msg/detail/steering_report__rosidl_typesupport_fastrtps_c.h
-- Up-to-date symlink: /home/mtl12345/autoware/install/dbw_ford_msgs/include/dbw_ford_msgs/dbw_ford_msgs/msg/detail/surround_report__rosidl_typesupport_fastrtps_c.h
-- Up-to-date symlink: /home/mtl12345/autoware/install/dbw_ford_msgs/include/dbw_ford_msgs/dbw_ford_msgs/msg/detail/throttle_cmd__rosidl_typesupport_fastrtps_c.h
-- Up-to-date symlink: /home/mtl12345/autoware/install/dbw_ford_msgs/include/dbw_ford_msgs/dbw_ford_msgs/msg/detail/throttle_info_report__rosidl_typesupport_fastrtps_c.h
-- Up-to-date symlink: /home/mtl12345/autoware/install/dbw_ford_msgs/include/dbw_ford_msgs/dbw_ford_msgs/msg/detail/throttle_report__rosidl_typesupport_fastrtps_c.h
-- Up-to-date symlink: /home/mtl12345/autoware/install/dbw_ford_msgs/include/dbw_ford_msgs/dbw_ford_msgs/msg/detail/tire_pressure_report__rosidl_typesupport_fastrtps_c.h
-- Up-to-date symlink: /home/mtl12345/autoware/install/dbw_ford_msgs/include/dbw_ford_msgs/dbw_ford_msgs/msg/detail/turn_signal__rosidl_typesupport_fastrtps_c.h
-- Up-to-date symlink: /home/mtl12345/autoware/install/dbw_ford_msgs/include/dbw_ford_msgs/dbw_ford_msgs/msg/detail/twist_cmd__rosidl_typesupport_fastrtps_c.h
-- Up-to-date symlink: /home/mtl12345/autoware/install/dbw_ford_msgs/include/dbw_ford_msgs/dbw_ford_msgs/msg/detail/watchdog_counter__rosidl_typesupport_fastrtps_c.h
-- Up-to-date symlink: /home/mtl12345/autoware/install/dbw_ford_msgs/include/dbw_ford_msgs/dbw_ford_msgs/msg/detail/wheel_position_report__rosidl_typesupport_fastrtps_c.h
-- Up-to-date symlink: /home/mtl12345/autoware/install/dbw_ford_msgs/include/dbw_ford_msgs/dbw_ford_msgs/msg/detail/wheel_speed_report__rosidl_typesupport_fastrtps_c.h
-- Up-to-date symlink: /home/mtl12345/autoware/install/dbw_ford_msgs/include/dbw_ford_msgs/dbw_ford_msgs/msg/detail/wiper__rosidl_typesupport_fastrtps_c.h
-- Up-to-date symlink: /home/mtl12345/autoware/install/dbw_ford_msgs/include/dbw_ford_msgs/dbw_ford_msgs/msg/rosidl_typesupport_fastrtps_c__visibility_control.h
-- Up-to-date symlink: /home/mtl12345/autoware/install/dbw_ford_msgs/include/dbw_ford_msgs/dbw_ford_msgs/msg/detail/ambient_light__rosidl_typesupport_introspection_c.h
-- Up-to-date symlink: /home/mtl12345/autoware/install/dbw_ford_msgs/include/dbw_ford_msgs/dbw_ford_msgs/msg/detail/brake_cmd__rosidl_typesupport_introspection_c.h
-- Up-to-date symlink: /home/mtl12345/autoware/install/dbw_ford_msgs/include/dbw_ford_msgs/dbw_ford_msgs/msg/detail/brake_info_report__rosidl_typesupport_introspection_c.h
-- Up-to-date symlink: /home/mtl12345/autoware/install/dbw_ford_msgs/include/dbw_ford_msgs/dbw_ford_msgs/msg/detail/brake_report__rosidl_typesupport_introspection_c.h
-- Up-to-date symlink: /home/mtl12345/autoware/install/dbw_ford_msgs/include/dbw_ford_msgs/dbw_ford_msgs/msg/detail/driver_assist_report__rosidl_typesupport_introspection_c.h
-- Up-to-date symlink: /home/mtl12345/autoware/install/dbw_ford_msgs/include/dbw_ford_msgs/dbw_ford_msgs/msg/detail/fuel_level_report__rosidl_typesupport_introspection_c.h
-- Up-to-date symlink: /home/mtl12345/autoware/install/dbw_ford_msgs/include/dbw_ford_msgs/dbw_ford_msgs/msg/detail/gear__rosidl_typesupport_introspection_c.h
-- Up-to-date symlink: /home/mtl12345/autoware/install/dbw_ford_msgs/include/dbw_ford_msgs/dbw_ford_msgs/msg/detail/gear_cmd__rosidl_typesupport_introspection_c.h
-- Up-to-date symlink: /home/mtl12345/autoware/install/dbw_ford_msgs/include/dbw_ford_msgs/dbw_ford_msgs/msg/detail/gear_num__rosidl_typesupport_introspection_c.h
-- Up-to-date symlink: /home/mtl12345/autoware/install/dbw_ford_msgs/include/dbw_ford_msgs/dbw_ford_msgs/msg/detail/gear_reject__rosidl_typesupport_introspection_c.h
-- Up-to-date symlink: /home/mtl12345/autoware/install/dbw_ford_msgs/include/dbw_ford_msgs/dbw_ford_msgs/msg/detail/gear_report__rosidl_typesupport_introspection_c.h
-- Up-to-date symlink: /home/mtl12345/autoware/install/dbw_ford_msgs/include/dbw_ford_msgs/dbw_ford_msgs/msg/detail/hill_start_assist__rosidl_typesupport_introspection_c.h
-- Up-to-date symlink: /home/mtl12345/autoware/install/dbw_ford_msgs/include/dbw_ford_msgs/dbw_ford_msgs/msg/detail/ignition__rosidl_typesupport_introspection_c.h
-- Up-to-date symlink: /home/mtl12345/autoware/install/dbw_ford_msgs/include/dbw_ford_msgs/dbw_ford_msgs/msg/detail/misc1_report__rosidl_typesupport_introspection_c.h
-- Up-to-date symlink: /home/mtl12345/autoware/install/dbw_ford_msgs/include/dbw_ford_msgs/dbw_ford_msgs/msg/detail/misc_cmd__rosidl_typesupport_introspection_c.h
-- Up-to-date symlink: /home/mtl12345/autoware/install/dbw_ford_msgs/include/dbw_ford_msgs/dbw_ford_msgs/msg/detail/one_pedal__rosidl_typesupport_introspection_c.h
-- Up-to-date symlink: /home/mtl12345/autoware/install/dbw_ford_msgs/include/dbw_ford_msgs/dbw_ford_msgs/msg/detail/parking_brake__rosidl_typesupport_introspection_c.h
-- Up-to-date symlink: /home/mtl12345/autoware/install/dbw_ford_msgs/include/dbw_ford_msgs/dbw_ford_msgs/msg/detail/parking_brake_cmd__rosidl_typesupport_introspection_c.h
-- Up-to-date symlink: /home/mtl12345/autoware/install/dbw_ford_msgs/include/dbw_ford_msgs/dbw_ford_msgs/msg/detail/quality_factor__rosidl_typesupport_introspection_c.h
-- Up-to-date symlink: /home/mtl12345/autoware/install/dbw_ford_msgs/include/dbw_ford_msgs/dbw_ford_msgs/msg/detail/steering_cmd__rosidl_typesupport_introspection_c.h
-- Up-to-date symlink: /home/mtl12345/autoware/install/dbw_ford_msgs/include/dbw_ford_msgs/dbw_ford_msgs/msg/detail/steering_report__rosidl_typesupport_introspection_c.h
-- Up-to-date symlink: /home/mtl12345/autoware/install/dbw_ford_msgs/include/dbw_ford_msgs/dbw_ford_msgs/msg/detail/surround_report__rosidl_typesupport_introspection_c.h
-- Up-to-date symlink: /home/mtl12345/autoware/install/dbw_ford_msgs/include/dbw_ford_msgs/dbw_ford_msgs/msg/detail/throttle_cmd__rosidl_typesupport_introspection_c.h
-- Up-to-date symlink: /home/mtl12345/autoware/install/dbw_ford_msgs/include/dbw_ford_msgs/dbw_ford_msgs/msg/detail/throttle_info_report__rosidl_typesupport_introspection_c.h
-- Up-to-date symlink: /home/mtl12345/autoware/install/dbw_ford_msgs/include/dbw_ford_msgs/dbw_ford_msgs/msg/detail/throttle_report__rosidl_typesupport_introspection_c.h
-- Up-to-date symlink: /home/mtl12345/autoware/install/dbw_ford_msgs/include/dbw_ford_msgs/dbw_ford_msgs/msg/detail/tire_pressure_report__rosidl_typesupport_introspection_c.h
-- Up-to-date symlink: /home/mtl12345/autoware/install/dbw_ford_msgs/include/dbw_ford_msgs/dbw_ford_msgs/msg/detail/turn_signal__rosidl_typesupport_introspection_c.h
-- Up-to-date symlink: /home/mtl12345/autoware/install/dbw_ford_msgs/include/dbw_ford_msgs/dbw_ford_msgs/msg/detail/twist_cmd__rosidl_typesupport_introspection_c.h
-- Up-to-date symlink: /home/mtl12345/autoware/install/dbw_ford_msgs/include/dbw_ford_msgs/dbw_ford_msgs/msg/detail/watchdog_counter__rosidl_typesupport_introspection_c.h
-- Up-to-date symlink: /home/mtl12345/autoware/install/dbw_ford_msgs/include/dbw_ford_msgs/dbw_ford_msgs/msg/detail/wheel_position_report__rosidl_typesupport_introspection_c.h
-- Up-to-date symlink: /home/mtl12345/autoware/install/dbw_ford_msgs/include/dbw_ford_msgs/dbw_ford_msgs/msg/detail/wheel_speed_report__rosidl_typesupport_introspection_c.h
-- Up-to-date symlink: /home/mtl12345/autoware/install/dbw_ford_msgs/include/dbw_ford_msgs/dbw_ford_msgs/msg/detail/wiper__rosidl_typesupport_introspection_c.h
-- Up-to-date symlink: /home/mtl12345/autoware/install/dbw_ford_msgs/include/dbw_ford_msgs/dbw_ford_msgs/msg/rosidl_typesupport_introspection_c__visibility_control.h
-- Up-to-date symlink: /home/mtl12345/autoware/install/dbw_ford_msgs/include/dbw_ford_msgs/dbw_ford_msgs/msg/ambient_light.hpp
-- Up-to-date symlink: /home/mtl12345/autoware/install/dbw_ford_msgs/include/dbw_ford_msgs/dbw_ford_msgs/msg/brake_cmd.hpp
-- Up-to-date symlink: /home/mtl12345/autoware/install/dbw_ford_msgs/include/dbw_ford_msgs/dbw_ford_msgs/msg/brake_info_report.hpp
-- Up-to-date symlink: /home/mtl12345/autoware/install/dbw_ford_msgs/include/dbw_ford_msgs/dbw_ford_msgs/msg/brake_report.hpp
-- Up-to-date symlink: /home/mtl12345/autoware/install/dbw_ford_msgs/include/dbw_ford_msgs/dbw_ford_msgs/msg/detail/ambient_light__builder.hpp
-- Up-to-date symlink: /home/mtl12345/autoware/install/dbw_ford_msgs/include/dbw_ford_msgs/dbw_ford_msgs/msg/detail/ambient_light__struct.hpp
-- Up-to-date symlink: /home/mtl12345/autoware/install/dbw_ford_msgs/include/dbw_ford_msgs/dbw_ford_msgs/msg/detail/ambient_light__traits.hpp
-- Up-to-date symlink: /home/mtl12345/autoware/install/dbw_ford_msgs/include/dbw_ford_msgs/dbw_ford_msgs/msg/detail/brake_cmd__builder.hpp
-- Up-to-date symlink: /home/mtl12345/autoware/install/dbw_ford_msgs/include/dbw_ford_msgs/dbw_ford_msgs/msg/detail/brake_cmd__struct.hpp
-- Up-to-date symlink: /home/mtl12345/autoware/install/dbw_ford_msgs/include/dbw_ford_msgs/dbw_ford_msgs/msg/detail/brake_cmd__traits.hpp
-- Up-to-date symlink: /home/mtl12345/autoware/install/dbw_ford_msgs/include/dbw_ford_msgs/dbw_ford_msgs/msg/detail/brake_info_report__builder.hpp
-- Up-to-date symlink: /home/mtl12345/autoware/install/dbw_ford_msgs/include/dbw_ford_msgs/dbw_ford_msgs/msg/detail/brake_info_report__struct.hpp
-- Up-to-date symlink: /home/mtl12345/autoware/install/dbw_ford_msgs/include/dbw_ford_msgs/dbw_ford_msgs/msg/detail/brake_info_report__traits.hpp
-- Up-to-date symlink: /home/mtl12345/autoware/install/dbw_ford_msgs/include/dbw_ford_msgs/dbw_ford_msgs/msg/detail/brake_report__builder.hpp
-- Up-to-date symlink: /home/mtl12345/autoware/install/dbw_ford_msgs/include/dbw_ford_msgs/dbw_ford_msgs/msg/detail/brake_report__struct.hpp
-- Up-to-date symlink: /home/mtl12345/autoware/install/dbw_ford_msgs/include/dbw_ford_msgs/dbw_ford_msgs/msg/detail/brake_report__traits.hpp
-- Up-to-date symlink: /home/mtl12345/autoware/install/dbw_ford_msgs/include/dbw_ford_msgs/dbw_ford_msgs/msg/detail/driver_assist_report__builder.hpp
-- Up-to-date symlink: /home/mtl12345/autoware/install/dbw_ford_msgs/include/dbw_ford_msgs/dbw_ford_msgs/msg/detail/driver_assist_report__struct.hpp
-- Up-to-date symlink: /home/mtl12345/autoware/install/dbw_ford_msgs/include/dbw_ford_msgs/dbw_ford_msgs/msg/detail/driver_assist_report__traits.hpp
-- Up-to-date symlink: /home/mtl12345/autoware/install/dbw_ford_msgs/include/dbw_ford_msgs/dbw_ford_msgs/msg/detail/fuel_level_report__builder.hpp
-- Up-to-date symlink: /home/mtl12345/autoware/install/dbw_ford_msgs/include/dbw_ford_msgs/dbw_ford_msgs/msg/detail/fuel_level_report__struct.hpp
-- Up-to-date symlink: /home/mtl12345/autoware/install/dbw_ford_msgs/include/dbw_ford_msgs/dbw_ford_msgs/msg/detail/fuel_level_report__traits.hpp
-- Up-to-date symlink: /home/mtl12345/autoware/install/dbw_ford_msgs/include/dbw_ford_msgs/dbw_ford_msgs/msg/detail/gear__builder.hpp
-- Up-to-date symlink: /home/mtl12345/autoware/install/dbw_ford_msgs/include/dbw_ford_msgs/dbw_ford_msgs/msg/detail/gear__struct.hpp
-- Up-to-date symlink: /home/mtl12345/autoware/install/dbw_ford_msgs/include/dbw_ford_msgs/dbw_ford_msgs/msg/detail/gear__traits.hpp
-- Up-to-date symlink: /home/mtl12345/autoware/install/dbw_ford_msgs/include/dbw_ford_msgs/dbw_ford_msgs/msg/detail/gear_cmd__builder.hpp
-- Up-to-date symlink: /home/mtl12345/autoware/install/dbw_ford_msgs/include/dbw_ford_msgs/dbw_ford_msgs/msg/detail/gear_cmd__struct.hpp
-- Up-to-date symlink: /home/mtl12345/autoware/install/dbw_ford_msgs/include/dbw_ford_msgs/dbw_ford_msgs/msg/detail/gear_cmd__traits.hpp
-- Up-to-date symlink: /home/mtl12345/autoware/install/dbw_ford_msgs/include/dbw_ford_msgs/dbw_ford_msgs/msg/detail/gear_num__builder.hpp
-- Up-to-date symlink: /home/mtl12345/autoware/install/dbw_ford_msgs/include/dbw_ford_msgs/dbw_ford_msgs/msg/detail/gear_num__struct.hpp
-- Up-to-date symlink: /home/mtl12345/autoware/install/dbw_ford_msgs/include/dbw_ford_msgs/dbw_ford_msgs/msg/detail/gear_num__traits.hpp
-- Up-to-date symlink: /home/mtl12345/autoware/install/dbw_ford_msgs/include/dbw_ford_msgs/dbw_ford_msgs/msg/detail/gear_reject__builder.hpp
-- Up-to-date symlink: /home/mtl12345/autoware/install/dbw_ford_msgs/include/dbw_ford_msgs/dbw_ford_msgs/msg/detail/gear_reject__struct.hpp
-- Up-to-date symlink: /home/mtl12345/autoware/install/dbw_ford_msgs/include/dbw_ford_msgs/dbw_ford_msgs/msg/detail/gear_reject__traits.hpp
-- Up-to-date symlink: /home/mtl12345/autoware/install/dbw_ford_msgs/include/dbw_ford_msgs/dbw_ford_msgs/msg/detail/gear_report__builder.hpp
-- Up-to-date symlink: /home/mtl12345/autoware/install/dbw_ford_msgs/include/dbw_ford_msgs/dbw_ford_msgs/msg/detail/gear_report__struct.hpp
-- Up-to-date symlink: /home/mtl12345/autoware/install/dbw_ford_msgs/include/dbw_ford_msgs/dbw_ford_msgs/msg/detail/gear_report__traits.hpp
-- Up-to-date symlink: /home/mtl12345/autoware/install/dbw_ford_msgs/include/dbw_ford_msgs/dbw_ford_msgs/msg/detail/hill_start_assist__builder.hpp
-- Up-to-date symlink: /home/mtl12345/autoware/install/dbw_ford_msgs/include/dbw_ford_msgs/dbw_ford_msgs/msg/detail/hill_start_assist__struct.hpp
-- Up-to-date symlink: /home/mtl12345/autoware/install/dbw_ford_msgs/include/dbw_ford_msgs/dbw_ford_msgs/msg/detail/hill_start_assist__traits.hpp
-- Up-to-date symlink: /home/mtl12345/autoware/install/dbw_ford_msgs/include/dbw_ford_msgs/dbw_ford_msgs/msg/detail/ignition__builder.hpp
-- Up-to-date symlink: /home/mtl12345/autoware/install/dbw_ford_msgs/include/dbw_ford_msgs/dbw_ford_msgs/msg/detail/ignition__struct.hpp
-- Up-to-date symlink: /home/mtl12345/autoware/install/dbw_ford_msgs/include/dbw_ford_msgs/dbw_ford_msgs/msg/detail/ignition__traits.hpp
-- Up-to-date symlink: /home/mtl12345/autoware/install/dbw_ford_msgs/include/dbw_ford_msgs/dbw_ford_msgs/msg/detail/misc1_report__builder.hpp
-- Up-to-date symlink: /home/mtl12345/autoware/install/dbw_ford_msgs/include/dbw_ford_msgs/dbw_ford_msgs/msg/detail/misc1_report__struct.hpp
-- Up-to-date symlink: /home/mtl12345/autoware/install/dbw_ford_msgs/include/dbw_ford_msgs/dbw_ford_msgs/msg/detail/misc1_report__traits.hpp
-- Up-to-date symlink: /home/mtl12345/autoware/install/dbw_ford_msgs/include/dbw_ford_msgs/dbw_ford_msgs/msg/detail/misc_cmd__builder.hpp
-- Up-to-date symlink: /home/mtl12345/autoware/install/dbw_ford_msgs/include/dbw_ford_msgs/dbw_ford_msgs/msg/detail/misc_cmd__struct.hpp
-- Up-to-date symlink: /home/mtl12345/autoware/install/dbw_ford_msgs/include/dbw_ford_msgs/dbw_ford_msgs/msg/detail/misc_cmd__traits.hpp
-- Up-to-date symlink: /home/mtl12345/autoware/install/dbw_ford_msgs/include/dbw_ford_msgs/dbw_ford_msgs/msg/detail/one_pedal__builder.hpp
-- Up-to-date symlink: /home/mtl12345/autoware/install/dbw_ford_msgs/include/dbw_ford_msgs/dbw_ford_msgs/msg/detail/one_pedal__struct.hpp
-- Up-to-date symlink: /home/mtl12345/autoware/install/dbw_ford_msgs/include/dbw_ford_msgs/dbw_ford_msgs/msg/detail/one_pedal__traits.hpp
-- Up-to-date symlink: /home/mtl12345/autoware/install/dbw_ford_msgs/include/dbw_ford_msgs/dbw_ford_msgs/msg/detail/parking_brake__builder.hpp
-- Up-to-date symlink: /home/mtl12345/autoware/install/dbw_ford_msgs/include/dbw_ford_msgs/dbw_ford_msgs/msg/detail/parking_brake__struct.hpp
-- Up-to-date symlink: /home/mtl12345/autoware/install/dbw_ford_msgs/include/dbw_ford_msgs/dbw_ford_msgs/msg/detail/parking_brake__traits.hpp
-- Up-to-date symlink: /home/mtl12345/autoware/install/dbw_ford_msgs/include/dbw_ford_msgs/dbw_ford_msgs/msg/detail/parking_brake_cmd__builder.hpp
-- Up-to-date symlink: /home/mtl12345/autoware/install/dbw_ford_msgs/include/dbw_ford_msgs/dbw_ford_msgs/msg/detail/parking_brake_cmd__struct.hpp
-- Up-to-date symlink: /home/mtl12345/autoware/install/dbw_ford_msgs/include/dbw_ford_msgs/dbw_ford_msgs/msg/detail/parking_brake_cmd__traits.hpp
-- Up-to-date symlink: /home/mtl12345/autoware/install/dbw_ford_msgs/include/dbw_ford_msgs/dbw_ford_msgs/msg/detail/quality_factor__builder.hpp
-- Up-to-date symlink: /home/mtl12345/autoware/install/dbw_ford_msgs/include/dbw_ford_msgs/dbw_ford_msgs/msg/detail/quality_factor__struct.hpp
-- Up-to-date symlink: /home/mtl12345/autoware/install/dbw_ford_msgs/include/dbw_ford_msgs/dbw_ford_msgs/msg/detail/quality_factor__traits.hpp
-- Up-to-date symlink: /home/mtl12345/autoware/install/dbw_ford_msgs/include/dbw_ford_msgs/dbw_ford_msgs/msg/detail/steering_cmd__builder.hpp
-- Up-to-date symlink: /home/mtl12345/autoware/install/dbw_ford_msgs/include/dbw_ford_msgs/dbw_ford_msgs/msg/detail/steering_cmd__struct.hpp
-- Up-to-date symlink: /home/mtl12345/autoware/install/dbw_ford_msgs/include/dbw_ford_msgs/dbw_ford_msgs/msg/detail/steering_cmd__traits.hpp
-- Up-to-date symlink: /home/mtl12345/autoware/install/dbw_ford_msgs/include/dbw_ford_msgs/dbw_ford_msgs/msg/detail/steering_report__builder.hpp
-- Up-to-date symlink: /home/mtl12345/autoware/install/dbw_ford_msgs/include/dbw_ford_msgs/dbw_ford_msgs/msg/detail/steering_report__struct.hpp
-- Up-to-date symlink: /home/mtl12345/autoware/install/dbw_ford_msgs/include/dbw_ford_msgs/dbw_ford_msgs/msg/detail/steering_report__traits.hpp
-- Up-to-date symlink: /home/mtl12345/autoware/install/dbw_ford_msgs/include/dbw_ford_msgs/dbw_ford_msgs/msg/detail/surround_report__builder.hpp
-- Up-to-date symlink: /home/mtl12345/autoware/install/dbw_ford_msgs/include/dbw_ford_msgs/dbw_ford_msgs/msg/detail/surround_report__struct.hpp
-- Up-to-date symlink: /home/mtl12345/autoware/install/dbw_ford_msgs/include/dbw_ford_msgs/dbw_ford_msgs/msg/detail/surround_report__traits.hpp
-- Up-to-date symlink: /home/mtl12345/autoware/install/dbw_ford_msgs/include/dbw_ford_msgs/dbw_ford_msgs/msg/detail/throttle_cmd__builder.hpp
-- Up-to-date symlink: /home/mtl12345/autoware/install/dbw_ford_msgs/include/dbw_ford_msgs/dbw_ford_msgs/msg/detail/throttle_cmd__struct.hpp
-- Up-to-date symlink: /home/mtl12345/autoware/install/dbw_ford_msgs/include/dbw_ford_msgs/dbw_ford_msgs/msg/detail/throttle_cmd__traits.hpp
-- Up-to-date symlink: /home/mtl12345/autoware/install/dbw_ford_msgs/include/dbw_ford_msgs/dbw_ford_msgs/msg/detail/throttle_info_report__builder.hpp
-- Up-to-date symlink: /home/mtl12345/autoware/install/dbw_ford_msgs/include/dbw_ford_msgs/dbw_ford_msgs/msg/detail/throttle_info_report__struct.hpp
-- Up-to-date symlink: /home/mtl12345/autoware/install/dbw_ford_msgs/include/dbw_ford_msgs/dbw_ford_msgs/msg/detail/throttle_info_report__traits.hpp
-- Up-to-date symlink: /home/mtl12345/autoware/install/dbw_ford_msgs/include/dbw_ford_msgs/dbw_ford_msgs/msg/detail/throttle_report__builder.hpp
-- Up-to-date symlink: /home/mtl12345/autoware/install/dbw_ford_msgs/include/dbw_ford_msgs/dbw_ford_msgs/msg/detail/throttle_report__struct.hpp
-- Up-to-date symlink: /home/mtl12345/autoware/install/dbw_ford_msgs/include/dbw_ford_msgs/dbw_ford_msgs/msg/detail/throttle_report__traits.hpp
-- Up-to-date symlink: /home/mtl12345/autoware/install/dbw_ford_msgs/include/dbw_ford_msgs/dbw_ford_msgs/msg/detail/tire_pressure_report__builder.hpp
-- Up-to-date symlink: /home/mtl12345/autoware/install/dbw_ford_msgs/include/dbw_ford_msgs/dbw_ford_msgs/msg/detail/tire_pressure_report__struct.hpp
-- Up-to-date symlink: /home/mtl12345/autoware/install/dbw_ford_msgs/include/dbw_ford_msgs/dbw_ford_msgs/msg/detail/tire_pressure_report__traits.hpp
-- Up-to-date symlink: /home/mtl12345/autoware/install/dbw_ford_msgs/include/dbw_ford_msgs/dbw_ford_msgs/msg/detail/turn_signal__builder.hpp
-- Up-to-date symlink: /home/mtl12345/autoware/install/dbw_ford_msgs/include/dbw_ford_msgs/dbw_ford_msgs/msg/detail/turn_signal__struct.hpp
-- Up-to-date symlink: /home/mtl12345/autoware/install/dbw_ford_msgs/include/dbw_ford_msgs/dbw_ford_msgs/msg/detail/turn_signal__traits.hpp
-- Up-to-date symlink: /home/mtl12345/autoware/install/dbw_ford_msgs/include/dbw_ford_msgs/dbw_ford_msgs/msg/detail/twist_cmd__builder.hpp
-- Up-to-date symlink: /home/mtl12345/autoware/install/dbw_ford_msgs/include/dbw_ford_msgs/dbw_ford_msgs/msg/detail/twist_cmd__struct.hpp
-- Up-to-date symlink: /home/mtl12345/autoware/install/dbw_ford_msgs/include/dbw_ford_msgs/dbw_ford_msgs/msg/detail/twist_cmd__traits.hpp
-- Up-to-date symlink: /home/mtl12345/autoware/install/dbw_ford_msgs/include/dbw_ford_msgs/dbw_ford_msgs/msg/detail/watchdog_counter__builder.hpp
-- Up-to-date symlink: /home/mtl12345/autoware/install/dbw_ford_msgs/include/dbw_ford_msgs/dbw_ford_msgs/msg/detail/watchdog_counter__struct.hpp
-- Up-to-date symlink: /home/mtl12345/autoware/install/dbw_ford_msgs/include/dbw_ford_msgs/dbw_ford_msgs/msg/detail/watchdog_counter__traits.hpp
-- Up-to-date symlink: /home/mtl12345/autoware/install/dbw_ford_msgs/include/dbw_ford_msgs/dbw_ford_msgs/msg/detail/wheel_position_report__builder.hpp
-- Up-to-date symlink: /home/mtl12345/autoware/install/dbw_ford_msgs/include/dbw_ford_msgs/dbw_ford_msgs/msg/detail/wheel_position_report__struct.hpp
-- Up-to-date symlink: /home/mtl12345/autoware/install/dbw_ford_msgs/include/dbw_ford_msgs/dbw_ford_msgs/msg/detail/wheel_position_report__traits.hpp
-- Up-to-date symlink: /home/mtl12345/autoware/install/dbw_ford_msgs/include/dbw_ford_msgs/dbw_ford_msgs/msg/detail/wheel_speed_report__builder.hpp
-- Up-to-date symlink: /home/mtl12345/autoware/install/dbw_ford_msgs/include/dbw_ford_msgs/dbw_ford_msgs/msg/detail/wheel_speed_report__struct.hpp
-- Up-to-date symlink: /home/mtl12345/autoware/install/dbw_ford_msgs/include/dbw_ford_msgs/dbw_ford_msgs/msg/detail/wheel_speed_report__traits.hpp
-- Up-to-date symlink: /home/mtl12345/autoware/install/dbw_ford_msgs/include/dbw_ford_msgs/dbw_ford_msgs/msg/detail/wiper__builder.hpp
-- Up-to-date symlink: /home/mtl12345/autoware/install/dbw_ford_msgs/include/dbw_ford_msgs/dbw_ford_msgs/msg/detail/wiper__struct.hpp
-- Up-to-date symlink: /home/mtl12345/autoware/install/dbw_ford_msgs/include/dbw_ford_msgs/dbw_ford_msgs/msg/detail/wiper__traits.hpp
-- Up-to-date symlink: /home/mtl12345/autoware/install/dbw_ford_msgs/include/dbw_ford_msgs/dbw_ford_msgs/msg/driver_assist_report.hpp
-- Up-to-date symlink: /home/mtl12345/autoware/install/dbw_ford_msgs/include/dbw_ford_msgs/dbw_ford_msgs/msg/fuel_level_report.hpp
-- Up-to-date symlink: /home/mtl12345/autoware/install/dbw_ford_msgs/include/dbw_ford_msgs/dbw_ford_msgs/msg/gear.hpp
-- Up-to-date symlink: /home/mtl12345/autoware/install/dbw_ford_msgs/include/dbw_ford_msgs/dbw_ford_msgs/msg/gear_cmd.hpp
-- Up-to-date symlink: /home/mtl12345/autoware/install/dbw_ford_msgs/include/dbw_ford_msgs/dbw_ford_msgs/msg/gear_num.hpp
-- Up-to-date symlink: /home/mtl12345/autoware/install/dbw_ford_msgs/include/dbw_ford_msgs/dbw_ford_msgs/msg/gear_reject.hpp
-- Up-to-date symlink: /home/mtl12345/autoware/install/dbw_ford_msgs/include/dbw_ford_msgs/dbw_ford_msgs/msg/gear_report.hpp
-- Up-to-date symlink: /home/mtl12345/autoware/install/dbw_ford_msgs/include/dbw_ford_msgs/dbw_ford_msgs/msg/hill_start_assist.hpp
-- Up-to-date symlink: /home/mtl12345/autoware/install/dbw_ford_msgs/include/dbw_ford_msgs/dbw_ford_msgs/msg/ignition.hpp
-- Up-to-date symlink: /home/mtl12345/autoware/install/dbw_ford_msgs/include/dbw_ford_msgs/dbw_ford_msgs/msg/misc1_report.hpp
-- Up-to-date symlink: /home/mtl12345/autoware/install/dbw_ford_msgs/include/dbw_ford_msgs/dbw_ford_msgs/msg/misc_cmd.hpp
-- Up-to-date symlink: /home/mtl12345/autoware/install/dbw_ford_msgs/include/dbw_ford_msgs/dbw_ford_msgs/msg/one_pedal.hpp
-- Up-to-date symlink: /home/mtl12345/autoware/install/dbw_ford_msgs/include/dbw_ford_msgs/dbw_ford_msgs/msg/parking_brake.hpp
-- Up-to-date symlink: /home/mtl12345/autoware/install/dbw_ford_msgs/include/dbw_ford_msgs/dbw_ford_msgs/msg/parking_brake_cmd.hpp
-- Up-to-date symlink: /home/mtl12345/autoware/install/dbw_ford_msgs/include/dbw_ford_msgs/dbw_ford_msgs/msg/quality_factor.hpp
-- Up-to-date symlink: /home/mtl12345/autoware/install/dbw_ford_msgs/include/dbw_ford_msgs/dbw_ford_msgs/msg/steering_cmd.hpp
-- Up-to-date symlink: /home/mtl12345/autoware/install/dbw_ford_msgs/include/dbw_ford_msgs/dbw_ford_msgs/msg/steering_report.hpp
-- Up-to-date symlink: /home/mtl12345/autoware/install/dbw_ford_msgs/include/dbw_ford_msgs/dbw_ford_msgs/msg/surround_report.hpp
-- Up-to-date symlink: /home/mtl12345/autoware/install/dbw_ford_msgs/include/dbw_ford_msgs/dbw_ford_msgs/msg/throttle_cmd.hpp
-- Up-to-date symlink: /home/mtl12345/autoware/install/dbw_ford_msgs/include/dbw_ford_msgs/dbw_ford_msgs/msg/throttle_info_report.hpp
-- Up-to-date symlink: /home/mtl12345/autoware/install/dbw_ford_msgs/include/dbw_ford_msgs/dbw_ford_msgs/msg/throttle_report.hpp
-- Up-to-date symlink: /home/mtl12345/autoware/install/dbw_ford_msgs/include/dbw_ford_msgs/dbw_ford_msgs/msg/tire_pressure_report.hpp
-- Up-to-date symlink: /home/mtl12345/autoware/install/dbw_ford_msgs/include/dbw_ford_msgs/dbw_ford_msgs/msg/turn_signal.hpp
-- Up-to-date symlink: /home/mtl12345/autoware/install/dbw_ford_msgs/include/dbw_ford_msgs/dbw_ford_msgs/msg/twist_cmd.hpp
-- Up-to-date symlink: /home/mtl12345/autoware/install/dbw_ford_msgs/include/dbw_ford_msgs/dbw_ford_msgs/msg/watchdog_counter.hpp
-- Up-to-date symlink: /home/mtl12345/autoware/install/dbw_ford_msgs/include/dbw_ford_msgs/dbw_ford_msgs/msg/wheel_position_report.hpp
-- Up-to-date symlink: /home/mtl12345/autoware/install/dbw_ford_msgs/include/dbw_ford_msgs/dbw_ford_msgs/msg/wheel_speed_report.hpp
-- Up-to-date symlink: /home/mtl12345/autoware/install/dbw_ford_msgs/include/dbw_ford_msgs/dbw_ford_msgs/msg/wiper.hpp
-- Up-to-date symlink: /home/mtl12345/autoware/install/dbw_ford_msgs/include/dbw_ford_msgs/dbw_ford_msgs/msg/detail/ambient_light__rosidl_typesupport_fastrtps_cpp.hpp
-- Up-to-date symlink: /home/mtl12345/autoware/install/dbw_ford_msgs/include/dbw_ford_msgs/dbw_ford_msgs/msg/detail/brake_cmd__rosidl_typesupport_fastrtps_cpp.hpp
-- Up-to-date symlink: /home/mtl12345/autoware/install/dbw_ford_msgs/include/dbw_ford_msgs/dbw_ford_msgs/msg/detail/brake_info_report__rosidl_typesupport_fastrtps_cpp.hpp
-- Up-to-date symlink: /home/mtl12345/autoware/install/dbw_ford_msgs/include/dbw_ford_msgs/dbw_ford_msgs/msg/detail/brake_report__rosidl_typesupport_fastrtps_cpp.hpp
-- Up-to-date symlink: /home/mtl12345/autoware/install/dbw_ford_msgs/include/dbw_ford_msgs/dbw_ford_msgs/msg/detail/driver_assist_report__rosidl_typesupport_fastrtps_cpp.hpp
-- Up-to-date symlink: /home/mtl12345/autoware/install/dbw_ford_msgs/include/dbw_ford_msgs/dbw_ford_msgs/msg/detail/fuel_level_report__rosidl_typesupport_fastrtps_cpp.hpp
-- Up-to-date symlink: /home/mtl12345/autoware/install/dbw_ford_msgs/include/dbw_ford_msgs/dbw_ford_msgs/msg/detail/gear__rosidl_typesupport_fastrtps_cpp.hpp
-- Up-to-date symlink: /home/mtl12345/autoware/install/dbw_ford_msgs/include/dbw_ford_msgs/dbw_ford_msgs/msg/detail/gear_cmd__rosidl_typesupport_fastrtps_cpp.hpp
-- Up-to-date symlink: /home/mtl12345/autoware/install/dbw_ford_msgs/include/dbw_ford_msgs/dbw_ford_msgs/msg/detail/gear_num__rosidl_typesupport_fastrtps_cpp.hpp
-- Up-to-date symlink: /home/mtl12345/autoware/install/dbw_ford_msgs/include/dbw_ford_msgs/dbw_ford_msgs/msg/detail/gear_reject__rosidl_typesupport_fastrtps_cpp.hpp
-- Up-to-date symlink: /home/mtl12345/autoware/install/dbw_ford_msgs/include/dbw_ford_msgs/dbw_ford_msgs/msg/detail/gear_report__rosidl_typesupport_fastrtps_cpp.hpp
-- Up-to-date symlink: /home/mtl12345/autoware/install/dbw_ford_msgs/include/dbw_ford_msgs/dbw_ford_msgs/msg/detail/hill_start_assist__rosidl_typesupport_fastrtps_cpp.hpp
-- Up-to-date symlink: /home/mtl12345/autoware/install/dbw_ford_msgs/include/dbw_ford_msgs/dbw_ford_msgs/msg/detail/ignition__rosidl_typesupport_fastrtps_cpp.hpp
-- Up-to-date symlink: /home/mtl12345/autoware/install/dbw_ford_msgs/include/dbw_ford_msgs/dbw_ford_msgs/msg/detail/misc1_report__rosidl_typesupport_fastrtps_cpp.hpp
-- Up-to-date symlink: /home/mtl12345/autoware/install/dbw_ford_msgs/include/dbw_ford_msgs/dbw_ford_msgs/msg/detail/misc_cmd__rosidl_typesupport_fastrtps_cpp.hpp
-- Up-to-date symlink: /home/mtl12345/autoware/install/dbw_ford_msgs/include/dbw_ford_msgs/dbw_ford_msgs/msg/detail/one_pedal__rosidl_typesupport_fastrtps_cpp.hpp
-- Up-to-date symlink: /home/mtl12345/autoware/install/dbw_ford_msgs/include/dbw_ford_msgs/dbw_ford_msgs/msg/detail/parking_brake__rosidl_typesupport_fastrtps_cpp.hpp
-- Up-to-date symlink: /home/mtl12345/autoware/install/dbw_ford_msgs/include/dbw_ford_msgs/dbw_ford_msgs/msg/detail/parking_brake_cmd__rosidl_typesupport_fastrtps_cpp.hpp
-- Up-to-date symlink: /home/mtl12345/autoware/install/dbw_ford_msgs/include/dbw_ford_msgs/dbw_ford_msgs/msg/detail/quality_factor__rosidl_typesupport_fastrtps_cpp.hpp
-- Up-to-date symlink: /home/mtl12345/autoware/install/dbw_ford_msgs/include/dbw_ford_msgs/dbw_ford_msgs/msg/detail/steering_cmd__rosidl_typesupport_fastrtps_cpp.hpp
-- Up-to-date symlink: /home/mtl12345/autoware/install/dbw_ford_msgs/include/dbw_ford_msgs/dbw_ford_msgs/msg/detail/steering_report__rosidl_typesupport_fastrtps_cpp.hpp
-- Up-to-date symlink: /home/mtl12345/autoware/install/dbw_ford_msgs/include/dbw_ford_msgs/dbw_ford_msgs/msg/detail/surround_report__rosidl_typesupport_fastrtps_cpp.hpp
-- Up-to-date symlink: /home/mtl12345/autoware/install/dbw_ford_msgs/include/dbw_ford_msgs/dbw_ford_msgs/msg/detail/throttle_cmd__rosidl_typesupport_fastrtps_cpp.hpp
-- Up-to-date symlink: /home/mtl12345/autoware/install/dbw_ford_msgs/include/dbw_ford_msgs/dbw_ford_msgs/msg/detail/throttle_info_report__rosidl_typesupport_fastrtps_cpp.hpp
-- Up-to-date symlink: /home/mtl12345/autoware/install/dbw_ford_msgs/include/dbw_ford_msgs/dbw_ford_msgs/msg/detail/throttle_report__rosidl_typesupport_fastrtps_cpp.hpp
-- Up-to-date symlink: /home/mtl12345/autoware/install/dbw_ford_msgs/include/dbw_ford_msgs/dbw_ford_msgs/msg/detail/tire_pressure_report__rosidl_typesupport_fastrtps_cpp.hpp
-- Up-to-date symlink: /home/mtl12345/autoware/install/dbw_ford_msgs/include/dbw_ford_msgs/dbw_ford_msgs/msg/detail/turn_signal__rosidl_typesupport_fastrtps_cpp.hpp
-- Up-to-date symlink: /home/mtl12345/autoware/install/dbw_ford_msgs/include/dbw_ford_msgs/dbw_ford_msgs/msg/detail/twist_cmd__rosidl_typesupport_fastrtps_cpp.hpp
-- Up-to-date symlink: /home/mtl12345/autoware/install/dbw_ford_msgs/include/dbw_ford_msgs/dbw_ford_msgs/msg/detail/watchdog_counter__rosidl_typesupport_fastrtps_cpp.hpp
-- Up-to-date symlink: /home/mtl12345/autoware/install/dbw_ford_msgs/include/dbw_ford_msgs/dbw_ford_msgs/msg/detail/wheel_position_report__rosidl_typesupport_fastrtps_cpp.hpp
-- Up-to-date symlink: /home/mtl12345/autoware/install/dbw_ford_msgs/include/dbw_ford_msgs/dbw_ford_msgs/msg/detail/wheel_speed_report__rosidl_typesupport_fastrtps_cpp.hpp
-- Up-to-date symlink: /home/mtl12345/autoware/install/dbw_ford_msgs/include/dbw_ford_msgs/dbw_ford_msgs/msg/detail/wiper__rosidl_typesupport_fastrtps_cpp.hpp
-- Up-to-date symlink: /home/mtl12345/autoware/install/dbw_ford_msgs/include/dbw_ford_msgs/dbw_ford_msgs/msg/rosidl_typesupport_fastrtps_cpp__visibility_control.h
-- Up-to-date symlink: /home/mtl12345/autoware/install/dbw_ford_msgs/include/dbw_ford_msgs/dbw_ford_msgs/msg/detail/ambient_light__rosidl_typesupport_introspection_cpp.hpp
-- Up-to-date symlink: /home/mtl12345/autoware/install/dbw_ford_msgs/include/dbw_ford_msgs/dbw_ford_msgs/msg/detail/brake_cmd__rosidl_typesupport_introspection_cpp.hpp
-- Up-to-date symlink: /home/mtl12345/autoware/install/dbw_ford_msgs/include/dbw_ford_msgs/dbw_ford_msgs/msg/detail/brake_info_report__rosidl_typesupport_introspection_cpp.hpp
-- Up-to-date symlink: /home/mtl12345/autoware/install/dbw_ford_msgs/include/dbw_ford_msgs/dbw_ford_msgs/msg/detail/brake_report__rosidl_typesupport_introspection_cpp.hpp
-- Up-to-date symlink: /home/mtl12345/autoware/install/dbw_ford_msgs/include/dbw_ford_msgs/dbw_ford_msgs/msg/detail/driver_assist_report__rosidl_typesupport_introspection_cpp.hpp
-- Up-to-date symlink: /home/mtl12345/autoware/install/dbw_ford_msgs/include/dbw_ford_msgs/dbw_ford_msgs/msg/detail/fuel_level_report__rosidl_typesupport_introspection_cpp.hpp
-- Up-to-date symlink: /home/mtl12345/autoware/install/dbw_ford_msgs/include/dbw_ford_msgs/dbw_ford_msgs/msg/detail/gear__rosidl_typesupport_introspection_cpp.hpp
-- Up-to-date symlink: /home/mtl12345/autoware/install/dbw_ford_msgs/include/dbw_ford_msgs/dbw_ford_msgs/msg/detail/gear_cmd__rosidl_typesupport_introspection_cpp.hpp
-- Up-to-date symlink: /home/mtl12345/autoware/install/dbw_ford_msgs/include/dbw_ford_msgs/dbw_ford_msgs/msg/detail/gear_num__rosidl_typesupport_introspection_cpp.hpp
-- Up-to-date symlink: /home/mtl12345/autoware/install/dbw_ford_msgs/include/dbw_ford_msgs/dbw_ford_msgs/msg/detail/gear_reject__rosidl_typesupport_introspection_cpp.hpp
-- Up-to-date symlink: /home/mtl12345/autoware/install/dbw_ford_msgs/include/dbw_ford_msgs/dbw_ford_msgs/msg/detail/gear_report__rosidl_typesupport_introspection_cpp.hpp
-- Up-to-date symlink: /home/mtl12345/autoware/install/dbw_ford_msgs/include/dbw_ford_msgs/dbw_ford_msgs/msg/detail/hill_start_assist__rosidl_typesupport_introspection_cpp.hpp
-- Up-to-date symlink: /home/mtl12345/autoware/install/dbw_ford_msgs/include/dbw_ford_msgs/dbw_ford_msgs/msg/detail/ignition__rosidl_typesupport_introspection_cpp.hpp
-- Up-to-date symlink: /home/mtl12345/autoware/install/dbw_ford_msgs/include/dbw_ford_msgs/dbw_ford_msgs/msg/detail/misc1_report__rosidl_typesupport_introspection_cpp.hpp
-- Up-to-date symlink: /home/mtl12345/autoware/install/dbw_ford_msgs/include/dbw_ford_msgs/dbw_ford_msgs/msg/detail/misc_cmd__rosidl_typesupport_introspection_cpp.hpp
-- Up-to-date symlink: /home/mtl12345/autoware/install/dbw_ford_msgs/include/dbw_ford_msgs/dbw_ford_msgs/msg/detail/one_pedal__rosidl_typesupport_introspection_cpp.hpp
-- Up-to-date symlink: /home/mtl12345/autoware/install/dbw_ford_msgs/include/dbw_ford_msgs/dbw_ford_msgs/msg/detail/parking_brake__rosidl_typesupport_introspection_cpp.hpp
-- Up-to-date symlink: /home/mtl12345/autoware/install/dbw_ford_msgs/include/dbw_ford_msgs/dbw_ford_msgs/msg/detail/parking_brake_cmd__rosidl_typesupport_introspection_cpp.hpp
-- Up-to-date symlink: /home/mtl12345/autoware/install/dbw_ford_msgs/include/dbw_ford_msgs/dbw_ford_msgs/msg/detail/quality_factor__rosidl_typesupport_introspection_cpp.hpp
-- Up-to-date symlink: /home/mtl12345/autoware/install/dbw_ford_msgs/include/dbw_ford_msgs/dbw_ford_msgs/msg/detail/steering_cmd__rosidl_typesupport_introspection_cpp.hpp
-- Up-to-date symlink: /home/mtl12345/autoware/install/dbw_ford_msgs/include/dbw_ford_msgs/dbw_ford_msgs/msg/detail/steering_report__rosidl_typesupport_introspection_cpp.hpp
-- Up-to-date symlink: /home/mtl12345/autoware/install/dbw_ford_msgs/include/dbw_ford_msgs/dbw_ford_msgs/msg/detail/surround_report__rosidl_typesupport_introspection_cpp.hpp
-- Up-to-date symlink: /home/mtl12345/autoware/install/dbw_ford_msgs/include/dbw_ford_msgs/dbw_ford_msgs/msg/detail/throttle_cmd__rosidl_typesupport_introspection_cpp.hpp
-- Up-to-date symlink: /home/mtl12345/autoware/install/dbw_ford_msgs/include/dbw_ford_msgs/dbw_ford_msgs/msg/detail/throttle_info_report__rosidl_typesupport_introspection_cpp.hpp
-- Up-to-date symlink: /home/mtl12345/autoware/install/dbw_ford_msgs/include/dbw_ford_msgs/dbw_ford_msgs/msg/detail/throttle_report__rosidl_typesupport_introspection_cpp.hpp
-- Up-to-date symlink: /home/mtl12345/autoware/install/dbw_ford_msgs/include/dbw_ford_msgs/dbw_ford_msgs/msg/detail/tire_pressure_report__rosidl_typesupport_introspection_cpp.hpp
-- Up-to-date symlink: /home/mtl12345/autoware/install/dbw_ford_msgs/include/dbw_ford_msgs/dbw_ford_msgs/msg/detail/turn_signal__rosidl_typesupport_introspection_cpp.hpp
-- Up-to-date symlink: /home/mtl12345/autoware/install/dbw_ford_msgs/include/dbw_ford_msgs/dbw_ford_msgs/msg/detail/twist_cmd__rosidl_typesupport_introspection_cpp.hpp
-- Up-to-date symlink: /home/mtl12345/autoware/install/dbw_ford_msgs/include/dbw_ford_msgs/dbw_ford_msgs/msg/detail/watchdog_counter__rosidl_typesupport_introspection_cpp.hpp
-- Up-to-date symlink: /home/mtl12345/autoware/install/dbw_ford_msgs/include/dbw_ford_msgs/dbw_ford_msgs/msg/detail/wheel_position_report__rosidl_typesupport_introspection_cpp.hpp
-- Up-to-date symlink: /home/mtl12345/autoware/install/dbw_ford_msgs/include/dbw_ford_msgs/dbw_ford_msgs/msg/detail/wheel_speed_report__rosidl_typesupport_introspection_cpp.hpp
-- Up-to-date symlink: /home/mtl12345/autoware/install/dbw_ford_msgs/include/dbw_ford_msgs/dbw_ford_msgs/msg/detail/wiper__rosidl_typesupport_introspection_cpp.hpp
-- Up-to-date symlink: /home/mtl12345/autoware/install/dbw_ford_msgs/share/dbw_ford_msgs/environment/pythonpath.sh
-- Up-to-date symlink: /home/mtl12345/autoware/install/dbw_ford_msgs/share/dbw_ford_msgs/environment/pythonpath.dsv
-- Up-to-date symlink: /home/mtl12345/autoware/install/dbw_ford_msgs/local/lib/python3.10/dist-packages/dbw_ford_msgs-2.1.3-py3.10.egg-info/PKG-INFO
-- Up-to-date symlink: /home/mtl12345/autoware/install/dbw_ford_msgs/local/lib/python3.10/dist-packages/dbw_ford_msgs-2.1.3-py3.10.egg-info/SOURCES.txt
-- Up-to-date symlink: /home/mtl12345/autoware/install/dbw_ford_msgs/local/lib/python3.10/dist-packages/dbw_ford_msgs-2.1.3-py3.10.egg-info/dependency_links.txt
-- Up-to-date symlink: /home/mtl12345/autoware/install/dbw_ford_msgs/local/lib/python3.10/dist-packages/dbw_ford_msgs-2.1.3-py3.10.egg-info/top_level.txt
-- Up-to-date symlink: /home/mtl12345/autoware/install/dbw_ford_msgs/local/lib/python3.10/dist-packages/dbw_ford_msgs/__init__.py
-- Up-to-date symlink: /home/mtl12345/autoware/install/dbw_ford_msgs/local/lib/python3.10/dist-packages/dbw_ford_msgs/_dbw_ford_msgs_s.ep.rosidl_typesupport_c.c
-- Up-to-date symlink: /home/mtl12345/autoware/install/dbw_ford_msgs/local/lib/python3.10/dist-packages/dbw_ford_msgs/_dbw_ford_msgs_s.ep.rosidl_typesupport_fastrtps_c.c
-- Up-to-date symlink: /home/mtl12345/autoware/install/dbw_ford_msgs/local/lib/python3.10/dist-packages/dbw_ford_msgs/_dbw_ford_msgs_s.ep.rosidl_typesupport_introspection_c.c
-- Up-to-date symlink: /home/mtl12345/autoware/install/dbw_ford_msgs/local/lib/python3.10/dist-packages/dbw_ford_msgs/dbw_ford_msgs_s__rosidl_typesupport_c.cpython-310-x86_64-linux-gnu.so
-- Up-to-date symlink: /home/mtl12345/autoware/install/dbw_ford_msgs/local/lib/python3.10/dist-packages/dbw_ford_msgs/dbw_ford_msgs_s__rosidl_typesupport_fastrtps_c.cpython-310-x86_64-linux-gnu.so
-- Up-to-date symlink: /home/mtl12345/autoware/install/dbw_ford_msgs/local/lib/python3.10/dist-packages/dbw_ford_msgs/dbw_ford_msgs_s__rosidl_typesupport_introspection_c.cpython-310-x86_64-linux-gnu.so
-- Up-to-date symlink: /home/mtl12345/autoware/install/dbw_ford_msgs/local/lib/python3.10/dist-packages/dbw_ford_msgs/libdbw_ford_msgs__rosidl_generator_py.so
-- Up-to-date symlink: /home/mtl12345/autoware/install/dbw_ford_msgs/local/lib/python3.10/dist-packages/dbw_ford_msgs/msg/__init__.py
-- Up-to-date symlink: /home/mtl12345/autoware/install/dbw_ford_msgs/local/lib/python3.10/dist-packages/dbw_ford_msgs/msg/_ambient_light.py
-- Up-to-date symlink: /home/mtl12345/autoware/install/dbw_ford_msgs/local/lib/python3.10/dist-packages/dbw_ford_msgs/msg/_ambient_light_s.c
-- Up-to-date symlink: /home/mtl12345/autoware/install/dbw_ford_msgs/local/lib/python3.10/dist-packages/dbw_ford_msgs/msg/_brake_cmd.py
-- Up-to-date symlink: /home/mtl12345/autoware/install/dbw_ford_msgs/local/lib/python3.10/dist-packages/dbw_ford_msgs/msg/_brake_cmd_s.c
-- Up-to-date symlink: /home/mtl12345/autoware/install/dbw_ford_msgs/local/lib/python3.10/dist-packages/dbw_ford_msgs/msg/_brake_info_report.py
-- Up-to-date symlink: /home/mtl12345/autoware/install/dbw_ford_msgs/local/lib/python3.10/dist-packages/dbw_ford_msgs/msg/_brake_info_report_s.c
-- Up-to-date symlink: /home/mtl12345/autoware/install/dbw_ford_msgs/local/lib/python3.10/dist-packages/dbw_ford_msgs/msg/_brake_report.py
-- Up-to-date symlink: /home/mtl12345/autoware/install/dbw_ford_msgs/local/lib/python3.10/dist-packages/dbw_ford_msgs/msg/_brake_report_s.c
-- Up-to-date symlink: /home/mtl12345/autoware/install/dbw_ford_msgs/local/lib/python3.10/dist-packages/dbw_ford_msgs/msg/_driver_assist_report.py
-- Up-to-date symlink: /home/mtl12345/autoware/install/dbw_ford_msgs/local/lib/python3.10/dist-packages/dbw_ford_msgs/msg/_driver_assist_report_s.c
-- Up-to-date symlink: /home/mtl12345/autoware/install/dbw_ford_msgs/local/lib/python3.10/dist-packages/dbw_ford_msgs/msg/_fuel_level_report.py
-- Up-to-date symlink: /home/mtl12345/autoware/install/dbw_ford_msgs/local/lib/python3.10/dist-packages/dbw_ford_msgs/msg/_fuel_level_report_s.c
-- Up-to-date symlink: /home/mtl12345/autoware/install/dbw_ford_msgs/local/lib/python3.10/dist-packages/dbw_ford_msgs/msg/_gear.py
-- Up-to-date symlink: /home/mtl12345/autoware/install/dbw_ford_msgs/local/lib/python3.10/dist-packages/dbw_ford_msgs/msg/_gear_cmd.py
-- Up-to-date symlink: /home/mtl12345/autoware/install/dbw_ford_msgs/local/lib/python3.10/dist-packages/dbw_ford_msgs/msg/_gear_cmd_s.c
-- Up-to-date symlink: /home/mtl12345/autoware/install/dbw_ford_msgs/local/lib/python3.10/dist-packages/dbw_ford_msgs/msg/_gear_num.py
-- Up-to-date symlink: /home/mtl12345/autoware/install/dbw_ford_msgs/local/lib/python3.10/dist-packages/dbw_ford_msgs/msg/_gear_num_s.c
-- Up-to-date symlink: /home/mtl12345/autoware/install/dbw_ford_msgs/local/lib/python3.10/dist-packages/dbw_ford_msgs/msg/_gear_reject.py
-- Up-to-date symlink: /home/mtl12345/autoware/install/dbw_ford_msgs/local/lib/python3.10/dist-packages/dbw_ford_msgs/msg/_gear_reject_s.c
-- Up-to-date symlink: /home/mtl12345/autoware/install/dbw_ford_msgs/local/lib/python3.10/dist-packages/dbw_ford_msgs/msg/_gear_report.py
-- Up-to-date symlink: /home/mtl12345/autoware/install/dbw_ford_msgs/local/lib/python3.10/dist-packages/dbw_ford_msgs/msg/_gear_report_s.c
-- Up-to-date symlink: /home/mtl12345/autoware/install/dbw_ford_msgs/local/lib/python3.10/dist-packages/dbw_ford_msgs/msg/_gear_s.c
-- Up-to-date symlink: /home/mtl12345/autoware/install/dbw_ford_msgs/local/lib/python3.10/dist-packages/dbw_ford_msgs/msg/_hill_start_assist.py
-- Up-to-date symlink: /home/mtl12345/autoware/install/dbw_ford_msgs/local/lib/python3.10/dist-packages/dbw_ford_msgs/msg/_hill_start_assist_s.c
-- Up-to-date symlink: /home/mtl12345/autoware/install/dbw_ford_msgs/local/lib/python3.10/dist-packages/dbw_ford_msgs/msg/_ignition.py
-- Up-to-date symlink: /home/mtl12345/autoware/install/dbw_ford_msgs/local/lib/python3.10/dist-packages/dbw_ford_msgs/msg/_ignition_s.c
-- Up-to-date symlink: /home/mtl12345/autoware/install/dbw_ford_msgs/local/lib/python3.10/dist-packages/dbw_ford_msgs/msg/_misc1_report.py
-- Up-to-date symlink: /home/mtl12345/autoware/install/dbw_ford_msgs/local/lib/python3.10/dist-packages/dbw_ford_msgs/msg/_misc1_report_s.c
-- Up-to-date symlink: /home/mtl12345/autoware/install/dbw_ford_msgs/local/lib/python3.10/dist-packages/dbw_ford_msgs/msg/_misc_cmd.py
-- Up-to-date symlink: /home/mtl12345/autoware/install/dbw_ford_msgs/local/lib/python3.10/dist-packages/dbw_ford_msgs/msg/_misc_cmd_s.c
-- Up-to-date symlink: /home/mtl12345/autoware/install/dbw_ford_msgs/local/lib/python3.10/dist-packages/dbw_ford_msgs/msg/_one_pedal.py
-- Up-to-date symlink: /home/mtl12345/autoware/install/dbw_ford_msgs/local/lib/python3.10/dist-packages/dbw_ford_msgs/msg/_one_pedal_s.c
-- Up-to-date symlink: /home/mtl12345/autoware/install/dbw_ford_msgs/local/lib/python3.10/dist-packages/dbw_ford_msgs/msg/_parking_brake.py
-- Up-to-date symlink: /home/mtl12345/autoware/install/dbw_ford_msgs/local/lib/python3.10/dist-packages/dbw_ford_msgs/msg/_parking_brake_cmd.py
-- Up-to-date symlink: /home/mtl12345/autoware/install/dbw_ford_msgs/local/lib/python3.10/dist-packages/dbw_ford_msgs/msg/_parking_brake_cmd_s.c
-- Up-to-date symlink: /home/mtl12345/autoware/install/dbw_ford_msgs/local/lib/python3.10/dist-packages/dbw_ford_msgs/msg/_parking_brake_s.c
-- Up-to-date symlink: /home/mtl12345/autoware/install/dbw_ford_msgs/local/lib/python3.10/dist-packages/dbw_ford_msgs/msg/_quality_factor.py
-- Up-to-date symlink: /home/mtl12345/autoware/install/dbw_ford_msgs/local/lib/python3.10/dist-packages/dbw_ford_msgs/msg/_quality_factor_s.c
-- Up-to-date symlink: /home/mtl12345/autoware/install/dbw_ford_msgs/local/lib/python3.10/dist-packages/dbw_ford_msgs/msg/_steering_cmd.py
-- Up-to-date symlink: /home/mtl12345/autoware/install/dbw_ford_msgs/local/lib/python3.10/dist-packages/dbw_ford_msgs/msg/_steering_cmd_s.c
-- Up-to-date symlink: /home/mtl12345/autoware/install/dbw_ford_msgs/local/lib/python3.10/dist-packages/dbw_ford_msgs/msg/_steering_report.py
-- Up-to-date symlink: /home/mtl12345/autoware/install/dbw_ford_msgs/local/lib/python3.10/dist-packages/dbw_ford_msgs/msg/_steering_report_s.c
-- Up-to-date symlink: /home/mtl12345/autoware/install/dbw_ford_msgs/local/lib/python3.10/dist-packages/dbw_ford_msgs/msg/_surround_report.py
-- Up-to-date symlink: /home/mtl12345/autoware/install/dbw_ford_msgs/local/lib/python3.10/dist-packages/dbw_ford_msgs/msg/_surround_report_s.c
-- Up-to-date symlink: /home/mtl12345/autoware/install/dbw_ford_msgs/local/lib/python3.10/dist-packages/dbw_ford_msgs/msg/_throttle_cmd.py
-- Up-to-date symlink: /home/mtl12345/autoware/install/dbw_ford_msgs/local/lib/python3.10/dist-packages/dbw_ford_msgs/msg/_throttle_cmd_s.c
-- Up-to-date symlink: /home/mtl12345/autoware/install/dbw_ford_msgs/local/lib/python3.10/dist-packages/dbw_ford_msgs/msg/_throttle_info_report.py
-- Up-to-date symlink: /home/mtl12345/autoware/install/dbw_ford_msgs/local/lib/python3.10/dist-packages/dbw_ford_msgs/msg/_throttle_info_report_s.c
-- Up-to-date symlink: /home/mtl12345/autoware/install/dbw_ford_msgs/local/lib/python3.10/dist-packages/dbw_ford_msgs/msg/_throttle_report.py
-- Up-to-date symlink: /home/mtl12345/autoware/install/dbw_ford_msgs/local/lib/python3.10/dist-packages/dbw_ford_msgs/msg/_throttle_report_s.c
-- Up-to-date symlink: /home/mtl12345/autoware/install/dbw_ford_msgs/local/lib/python3.10/dist-packages/dbw_ford_msgs/msg/_tire_pressure_report.py
-- Up-to-date symlink: /home/mtl12345/autoware/install/dbw_ford_msgs/local/lib/python3.10/dist-packages/dbw_ford_msgs/msg/_tire_pressure_report_s.c
-- Up-to-date symlink: /home/mtl12345/autoware/install/dbw_ford_msgs/local/lib/python3.10/dist-packages/dbw_ford_msgs/msg/_turn_signal.py
-- Up-to-date symlink: /home/mtl12345/autoware/install/dbw_ford_msgs/local/lib/python3.10/dist-packages/dbw_ford_msgs/msg/_turn_signal_s.c
-- Up-to-date symlink: /home/mtl12345/autoware/install/dbw_ford_msgs/local/lib/python3.10/dist-packages/dbw_ford_msgs/msg/_twist_cmd.py
-- Up-to-date symlink: /home/mtl12345/autoware/install/dbw_ford_msgs/local/lib/python3.10/dist-packages/dbw_ford_msgs/msg/_twist_cmd_s.c
-- Up-to-date symlink: /home/mtl12345/autoware/install/dbw_ford_msgs/local/lib/python3.10/dist-packages/dbw_ford_msgs/msg/_watchdog_counter.py
-- Up-to-date symlink: /home/mtl12345/autoware/install/dbw_ford_msgs/local/lib/python3.10/dist-packages/dbw_ford_msgs/msg/_watchdog_counter_s.c
-- Up-to-date symlink: /home/mtl12345/autoware/install/dbw_ford_msgs/local/lib/python3.10/dist-packages/dbw_ford_msgs/msg/_wheel_position_report.py
-- Up-to-date symlink: /home/mtl12345/autoware/install/dbw_ford_msgs/local/lib/python3.10/dist-packages/dbw_ford_msgs/msg/_wheel_position_report_s.c
-- Up-to-date symlink: /home/mtl12345/autoware/install/dbw_ford_msgs/local/lib/python3.10/dist-packages/dbw_ford_msgs/msg/_wheel_speed_report.py
-- Up-to-date symlink: /home/mtl12345/autoware/install/dbw_ford_msgs/local/lib/python3.10/dist-packages/dbw_ford_msgs/msg/_wheel_speed_report_s.c
-- Up-to-date symlink: /home/mtl12345/autoware/install/dbw_ford_msgs/local/lib/python3.10/dist-packages/dbw_ford_msgs/msg/_wiper.py
-- Up-to-date symlink: /home/mtl12345/autoware/install/dbw_ford_msgs/local/lib/python3.10/dist-packages/dbw_ford_msgs/msg/_wiper_s.c
-- Up-to-date symlink: /home/mtl12345/autoware/install/dbw_ford_msgs/local/lib/python3.10/dist-packages/dbw_ford_msgs/dbw_ford_msgs_s__rosidl_typesupport_fastrtps_c.cpython-310-x86_64-linux-gnu.so
-- Up-to-date symlink: /home/mtl12345/autoware/install/dbw_ford_msgs/local/lib/python3.10/dist-packages/dbw_ford_msgs/dbw_ford_msgs_s__rosidl_typesupport_introspection_c.cpython-310-x86_64-linux-gnu.so
-- Up-to-date symlink: /home/mtl12345/autoware/install/dbw_ford_msgs/local/lib/python3.10/dist-packages/dbw_ford_msgs/dbw_ford_msgs_s__rosidl_typesupport_c.cpython-310-x86_64-linux-gnu.so
-- Up-to-date symlink: /home/mtl12345/autoware/install/dbw_ford_msgs/share/dbw_ford_msgs/msg/AmbientLight.idl
-- Up-to-date symlink: /home/mtl12345/autoware/install/dbw_ford_msgs/share/dbw_ford_msgs/msg/BrakeCmd.idl
-- Up-to-date symlink: /home/mtl12345/autoware/install/dbw_ford_msgs/share/dbw_ford_msgs/msg/BrakeInfoReport.idl
-- Up-to-date symlink: /home/mtl12345/autoware/install/dbw_ford_msgs/share/dbw_ford_msgs/msg/BrakeReport.idl
-- Up-to-date symlink: /home/mtl12345/autoware/install/dbw_ford_msgs/share/dbw_ford_msgs/msg/DriverAssistReport.idl
-- Up-to-date symlink: /home/mtl12345/autoware/install/dbw_ford_msgs/share/dbw_ford_msgs/msg/FuelLevelReport.idl
-- Up-to-date symlink: /home/mtl12345/autoware/install/dbw_ford_msgs/share/dbw_ford_msgs/msg/GearCmd.idl
-- Up-to-date symlink: /home/mtl12345/autoware/install/dbw_ford_msgs/share/dbw_ford_msgs/msg/Gear.idl
-- Up-to-date symlink: /home/mtl12345/autoware/install/dbw_ford_msgs/share/dbw_ford_msgs/msg/GearNum.idl
-- Up-to-date symlink: /home/mtl12345/autoware/install/dbw_ford_msgs/share/dbw_ford_msgs/msg/GearReject.idl
-- Up-to-date symlink: /home/mtl12345/autoware/install/dbw_ford_msgs/share/dbw_ford_msgs/msg/GearReport.idl
-- Up-to-date symlink: /home/mtl12345/autoware/install/dbw_ford_msgs/share/dbw_ford_msgs/msg/HillStartAssist.idl
-- Up-to-date symlink: /home/mtl12345/autoware/install/dbw_ford_msgs/share/dbw_ford_msgs/msg/Ignition.idl
-- Up-to-date symlink: /home/mtl12345/autoware/install/dbw_ford_msgs/share/dbw_ford_msgs/msg/MiscCmd.idl
-- Up-to-date symlink: /home/mtl12345/autoware/install/dbw_ford_msgs/share/dbw_ford_msgs/msg/Misc1Report.idl
-- Up-to-date symlink: /home/mtl12345/autoware/install/dbw_ford_msgs/share/dbw_ford_msgs/msg/OnePedal.idl
-- Up-to-date symlink: /home/mtl12345/autoware/install/dbw_ford_msgs/share/dbw_ford_msgs/msg/ParkingBrake.idl
-- Up-to-date symlink: /home/mtl12345/autoware/install/dbw_ford_msgs/share/dbw_ford_msgs/msg/ParkingBrakeCmd.idl
-- Up-to-date symlink: /home/mtl12345/autoware/install/dbw_ford_msgs/share/dbw_ford_msgs/msg/QualityFactor.idl
-- Up-to-date symlink: /home/mtl12345/autoware/install/dbw_ford_msgs/share/dbw_ford_msgs/msg/SteeringCmd.idl
-- Up-to-date symlink: /home/mtl12345/autoware/install/dbw_ford_msgs/share/dbw_ford_msgs/msg/SteeringReport.idl
-- Up-to-date symlink: /home/mtl12345/autoware/install/dbw_ford_msgs/share/dbw_ford_msgs/msg/SurroundReport.idl
-- Up-to-date symlink: /home/mtl12345/autoware/install/dbw_ford_msgs/share/dbw_ford_msgs/msg/ThrottleCmd.idl
-- Up-to-date symlink: /home/mtl12345/autoware/install/dbw_ford_msgs/share/dbw_ford_msgs/msg/ThrottleInfoReport.idl
-- Up-to-date symlink: /home/mtl12345/autoware/install/dbw_ford_msgs/share/dbw_ford_msgs/msg/ThrottleReport.idl
-- Up-to-date symlink: /home/mtl12345/autoware/install/dbw_ford_msgs/share/dbw_ford_msgs/msg/TirePressureReport.idl
-- Up-to-date symlink: /home/mtl12345/autoware/install/dbw_ford_msgs/share/dbw_ford_msgs/msg/TurnSignal.idl
-- Up-to-date symlink: /home/mtl12345/autoware/install/dbw_ford_msgs/share/dbw_ford_msgs/msg/TwistCmd.idl
-- Up-to-date symlink: /home/mtl12345/autoware/install/dbw_ford_msgs/share/dbw_ford_msgs/msg/WatchdogCounter.idl
-- Up-to-date symlink: /home/mtl12345/autoware/install/dbw_ford_msgs/share/dbw_ford_msgs/msg/WheelPositionReport.idl
-- Up-to-date symlink: /home/mtl12345/autoware/install/dbw_ford_msgs/share/dbw_ford_msgs/msg/WheelSpeedReport.idl
-- Up-to-date symlink: /home/mtl12345/autoware/install/dbw_ford_msgs/share/dbw_ford_msgs/msg/Wiper.idl
-- Up-to-date symlink: /home/mtl12345/autoware/install/dbw_ford_msgs/share/dbw_ford_msgs/msg/AmbientLight.msg
-- Up-to-date symlink: /home/mtl12345/autoware/install/dbw_ford_msgs/share/dbw_ford_msgs/msg/BrakeCmd.msg
-- Up-to-date symlink: /home/mtl12345/autoware/install/dbw_ford_msgs/share/dbw_ford_msgs/msg/BrakeInfoReport.msg
-- Up-to-date symlink: /home/mtl12345/autoware/install/dbw_ford_msgs/share/dbw_ford_msgs/msg/BrakeReport.msg
-- Up-to-date symlink: /home/mtl12345/autoware/install/dbw_ford_msgs/share/dbw_ford_msgs/msg/DriverAssistReport.msg
-- Up-to-date symlink: /home/mtl12345/autoware/install/dbw_ford_msgs/share/dbw_ford_msgs/msg/FuelLevelReport.msg
-- Up-to-date symlink: /home/mtl12345/autoware/install/dbw_ford_msgs/share/dbw_ford_msgs/msg/GearCmd.msg
-- Up-to-date symlink: /home/mtl12345/autoware/install/dbw_ford_msgs/share/dbw_ford_msgs/msg/Gear.msg
-- Up-to-date symlink: /home/mtl12345/autoware/install/dbw_ford_msgs/share/dbw_ford_msgs/msg/GearNum.msg
-- Up-to-date symlink: /home/mtl12345/autoware/install/dbw_ford_msgs/share/dbw_ford_msgs/msg/GearReject.msg
-- Up-to-date symlink: /home/mtl12345/autoware/install/dbw_ford_msgs/share/dbw_ford_msgs/msg/GearReport.msg
-- Up-to-date symlink: /home/mtl12345/autoware/install/dbw_ford_msgs/share/dbw_ford_msgs/msg/HillStartAssist.msg
-- Up-to-date symlink: /home/mtl12345/autoware/install/dbw_ford_msgs/share/dbw_ford_msgs/msg/Ignition.msg
-- Up-to-date symlink: /home/mtl12345/autoware/install/dbw_ford_msgs/share/dbw_ford_msgs/msg/MiscCmd.msg
-- Up-to-date symlink: /home/mtl12345/autoware/install/dbw_ford_msgs/share/dbw_ford_msgs/msg/Misc1Report.msg
-- Up-to-date symlink: /home/mtl12345/autoware/install/dbw_ford_msgs/share/dbw_ford_msgs/msg/OnePedal.msg
-- Up-to-date symlink: /home/mtl12345/autoware/install/dbw_ford_msgs/share/dbw_ford_msgs/msg/ParkingBrake.msg
-- Up-to-date symlink: /home/mtl12345/autoware/install/dbw_ford_msgs/share/dbw_ford_msgs/msg/ParkingBrakeCmd.msg
-- Up-to-date symlink: /home/mtl12345/autoware/install/dbw_ford_msgs/share/dbw_ford_msgs/msg/QualityFactor.msg
-- Up-to-date symlink: /home/mtl12345/autoware/install/dbw_ford_msgs/share/dbw_ford_msgs/msg/SteeringCmd.msg
-- Up-to-date symlink: /home/mtl12345/autoware/install/dbw_ford_msgs/share/dbw_ford_msgs/msg/SteeringReport.msg
-- Up-to-date symlink: /home/mtl12345/autoware/install/dbw_ford_msgs/share/dbw_ford_msgs/msg/SurroundReport.msg
-- Up-to-date symlink: /home/mtl12345/autoware/install/dbw_ford_msgs/share/dbw_ford_msgs/msg/ThrottleCmd.msg
-- Up-to-date symlink: /home/mtl12345/autoware/install/dbw_ford_msgs/share/dbw_ford_msgs/msg/ThrottleInfoReport.msg
-- Up-to-date symlink: /home/mtl12345/autoware/install/dbw_ford_msgs/share/dbw_ford_msgs/msg/ThrottleReport.msg
-- Up-to-date symlink: /home/mtl12345/autoware/install/dbw_ford_msgs/share/dbw_ford_msgs/msg/TirePressureReport.msg
-- Up-to-date symlink: /home/mtl12345/autoware/install/dbw_ford_msgs/share/dbw_ford_msgs/msg/TurnSignal.msg
-- Up-to-date symlink: /home/mtl12345/autoware/install/dbw_ford_msgs/share/dbw_ford_msgs/msg/TwistCmd.msg
-- Up-to-date symlink: /home/mtl12345/autoware/install/dbw_ford_msgs/share/dbw_ford_msgs/msg/WatchdogCounter.msg
-- Up-to-date symlink: /home/mtl12345/autoware/install/dbw_ford_msgs/share/dbw_ford_msgs/msg/WheelPositionReport.msg
-- Up-to-date symlink: /home/mtl12345/autoware/install/dbw_ford_msgs/share/dbw_ford_msgs/msg/WheelSpeedReport.msg
-- Up-to-date symlink: /home/mtl12345/autoware/install/dbw_ford_msgs/share/dbw_ford_msgs/msg/Wiper.msg
-- Up-to-date symlink: /home/mtl12345/autoware/install/dbw_ford_msgs/share/dbw_ford_msgs/mapping_rules.yaml
-- Up-to-date symlink: /home/mtl12345/autoware/install/dbw_ford_msgs/share/ament_index/resource_index/package_run_dependencies/dbw_ford_msgs
-- Up-to-date symlink: /home/mtl12345/autoware/install/dbw_ford_msgs/share/ament_index/resource_index/parent_prefix_path/dbw_ford_msgs
-- Up-to-date symlink: /home/mtl12345/autoware/install/dbw_ford_msgs/share/dbw_ford_msgs/environment/ament_prefix_path.sh
-- Up-to-date symlink: /home/mtl12345/autoware/install/dbw_ford_msgs/share/dbw_ford_msgs/environment/ament_prefix_path.dsv
-- Up-to-date symlink: /home/mtl12345/autoware/install/dbw_ford_msgs/share/dbw_ford_msgs/environment/path.sh
-- Up-to-date symlink: /home/mtl12345/autoware/install/dbw_ford_msgs/share/dbw_ford_msgs/environment/path.dsv
-- Up-to-date symlink: /home/mtl12345/autoware/install/dbw_ford_msgs/share/dbw_ford_msgs/local_setup.bash
-- Up-to-date symlink: /home/mtl12345/autoware/install/dbw_ford_msgs/share/dbw_ford_msgs/local_setup.sh
-- Up-to-date symlink: /home/mtl12345/autoware/install/dbw_ford_msgs/share/dbw_ford_msgs/local_setup.zsh
-- Up-to-date symlink: /home/mtl12345/autoware/install/dbw_ford_msgs/share/dbw_ford_msgs/local_setup.dsv
-- Symlinking: /home/mtl12345/autoware/install/dbw_ford_msgs/share/dbw_ford_msgs/package.dsv
-- Up-to-date symlink: /home/mtl12345/autoware/install/dbw_ford_msgs/share/ament_index/resource_index/packages/dbw_ford_msgs
-- Up-to-date symlink: /home/mtl12345/autoware/install/dbw_ford_msgs/share/dbw_ford_msgs/cmake/rosidl_cmake-extras.cmake
-- Up-to-date symlink: /home/mtl12345/autoware/install/dbw_ford_msgs/share/dbw_ford_msgs/cmake/ament_cmake_export_dependencies-extras.cmake
-- Up-to-date symlink: /home/mtl12345/autoware/install/dbw_ford_msgs/share/dbw_ford_msgs/cmake/ament_cmake_export_include_directories-extras.cmake
-- Up-to-date symlink: /home/mtl12345/autoware/install/dbw_ford_msgs/share/dbw_ford_msgs/cmake/ament_cmake_export_libraries-extras.cmake
-- Up-to-date symlink: /home/mtl12345/autoware/install/dbw_ford_msgs/share/dbw_ford_msgs/cmake/ament_cmake_export_targets-extras.cmake
-- Up-to-date symlink: /home/mtl12345/autoware/install/dbw_ford_msgs/share/dbw_ford_msgs/cmake/rosidl_cmake_export_typesupport_targets-extras.cmake
-- Up-to-date symlink: /home/mtl12345/autoware/install/dbw_ford_msgs/share/dbw_ford_msgs/cmake/rosidl_cmake_export_typesupport_libraries-extras.cmake
-- Up-to-date symlink: /home/mtl12345/autoware/install/dbw_ford_msgs/share/dbw_ford_msgs/cmake/dbw_ford_msgsConfig.cmake
-- Up-to-date symlink: /home/mtl12345/autoware/install/dbw_ford_msgs/share/dbw_ford_msgs/cmake/dbw_ford_msgsConfig-version.cmake
-- Up-to-date symlink: /home/mtl12345/autoware/install/dbw_ford_msgs/share/dbw_ford_msgs/package.xml
-- Up-to-date: /home/mtl12345/autoware/install/dbw_ford_msgs/lib/libdbw_ford_msgs__rosidl_generator_c.so
-- Up-to-date: /home/mtl12345/autoware/install/dbw_ford_msgs/lib/libdbw_ford_msgs__rosidl_typesupport_fastrtps_c.so
-- Up-to-date: /home/mtl12345/autoware/install/dbw_ford_msgs/lib/libdbw_ford_msgs__rosidl_typesupport_introspection_c.so
-- Up-to-date: /home/mtl12345/autoware/install/dbw_ford_msgs/lib/libdbw_ford_msgs__rosidl_typesupport_c.so
-- Up-to-date: /home/mtl12345/autoware/install/dbw_ford_msgs/lib/libdbw_ford_msgs__rosidl_typesupport_fastrtps_cpp.so
-- Up-to-date: /home/mtl12345/autoware/install/dbw_ford_msgs/lib/libdbw_ford_msgs__rosidl_typesupport_introspection_cpp.so
-- Up-to-date: /home/mtl12345/autoware/install/dbw_ford_msgs/lib/libdbw_ford_msgs__rosidl_typesupport_cpp.so
Listing '/home/mtl12345/autoware/install/dbw_ford_msgs/local/lib/python3.10/dist-packages/dbw_ford_msgs'...
Listing '/home/mtl12345/autoware/install/dbw_ford_msgs/local/lib/python3.10/dist-packages/dbw_ford_msgs/msg'...
-- Up-to-date: /home/mtl12345/autoware/install/dbw_ford_msgs/lib/libdbw_ford_msgs__rosidl_generator_py.so
-- Up-to-date: /home/mtl12345/autoware/install/dbw_ford_msgs/share/dbw_ford_msgs/cmake/export_dbw_ford_msgs__rosidl_generator_cExport.cmake
-- Up-to-date: /home/mtl12345/autoware/install/dbw_ford_msgs/share/dbw_ford_msgs/cmake/export_dbw_ford_msgs__rosidl_generator_cExport-release.cmake
-- Up-to-date: /home/mtl12345/autoware/install/dbw_ford_msgs/share/dbw_ford_msgs/cmake/export_dbw_ford_msgs__rosidl_typesupport_fastrtps_cExport.cmake
-- Up-to-date: /home/mtl12345/autoware/install/dbw_ford_msgs/share/dbw_ford_msgs/cmake/export_dbw_ford_msgs__rosidl_typesupport_fastrtps_cExport-release.cmake
-- Up-to-date: /home/mtl12345/autoware/install/dbw_ford_msgs/share/dbw_ford_msgs/cmake/dbw_ford_msgs__rosidl_typesupport_introspection_cExport.cmake
-- Up-to-date: /home/mtl12345/autoware/install/dbw_ford_msgs/share/dbw_ford_msgs/cmake/dbw_ford_msgs__rosidl_typesupport_introspection_cExport-release.cmake
-- Up-to-date: /home/mtl12345/autoware/install/dbw_ford_msgs/share/dbw_ford_msgs/cmake/dbw_ford_msgs__rosidl_typesupport_cExport.cmake
-- Up-to-date: /home/mtl12345/autoware/install/dbw_ford_msgs/share/dbw_ford_msgs/cmake/dbw_ford_msgs__rosidl_typesupport_cExport-release.cmake
-- Up-to-date: /home/mtl12345/autoware/install/dbw_ford_msgs/share/dbw_ford_msgs/cmake/export_dbw_ford_msgs__rosidl_generator_cppExport.cmake
-- Up-to-date: /home/mtl12345/autoware/install/dbw_ford_msgs/share/dbw_ford_msgs/cmake/export_dbw_ford_msgs__rosidl_typesupport_fastrtps_cppExport.cmake
-- Up-to-date: /home/mtl12345/autoware/install/dbw_ford_msgs/share/dbw_ford_msgs/cmake/export_dbw_ford_msgs__rosidl_typesupport_fastrtps_cppExport-release.cmake
-- Up-to-date: /home/mtl12345/autoware/install/dbw_ford_msgs/share/dbw_ford_msgs/cmake/dbw_ford_msgs__rosidl_typesupport_introspection_cppExport.cmake
-- Up-to-date: /home/mtl12345/autoware/install/dbw_ford_msgs/share/dbw_ford_msgs/cmake/dbw_ford_msgs__rosidl_typesupport_introspection_cppExport-release.cmake
-- Up-to-date: /home/mtl12345/autoware/install/dbw_ford_msgs/share/dbw_ford_msgs/cmake/dbw_ford_msgs__rosidl_typesupport_cppExport.cmake
-- Up-to-date: /home/mtl12345/autoware/install/dbw_ford_msgs/share/dbw_ford_msgs/cmake/dbw_ford_msgs__rosidl_typesupport_cppExport-release.cmake
-- Up-to-date: /home/mtl12345/autoware/install/dbw_ford_msgs/share/dbw_ford_msgs/cmake/export_dbw_ford_msgs__rosidl_generator_pyExport.cmake
-- Up-to-date: /home/mtl12345/autoware/install/dbw_ford_msgs/share/dbw_ford_msgs/cmake/export_dbw_ford_msgs__rosidl_generator_pyExport-release.cmake
