[0.794s] Invoking command in '/home/mtl12345/autoware/build/dbw_ford_msgs': CMAKE_PREFIX_PATH=/opt/ros/humble /usr/bin/cmake --build /home/mtl12345/autoware/build/dbw_ford_msgs -- -j12 -l12
[0.846s] [  0%] Built target dbw_ford_msgs__cpp
[0.853s] [ 12%] Built target dbw_ford_msgs__rosidl_generator_c
[0.854s] [ 12%] Built target ament_cmake_python_symlink_dbw_ford_msgs
[0.880s] [ 24%] Built target dbw_ford_msgs__rosidl_typesupport_c
[0.884s] [ 36%] Built target dbw_ford_msgs__rosidl_typesupport_cpp
[0.884s] [ 49%] Built target dbw_ford_msgs__rosidl_typesupport_introspection_c
[0.884s] [ 62%] Built target dbw_ford_msgs__rosidl_typesupport_introspection_cpp
[0.887s] [ 74%] Built target dbw_ford_msgs__rosidl_typesupport_fastrtps_cpp
[0.897s] [ 87%] Built target dbw_ford_msgs__rosidl_typesupport_fastrtps_c
[0.912s] [ 87%] Built target dbw_ford_msgs
[0.930s] [ 87%] Built target dbw_ford_msgs__py
[0.958s] [ 99%] Built target dbw_ford_msgs__rosidl_generator_py
[0.976s] [100%] Built target dbw_ford_msgs__rosidl_typesupport_introspection_c__pyext
[0.976s] [100%] Built target dbw_ford_msgs__rosidl_typesupport_c__pyext
[0.976s] [100%] Built target dbw_ford_msgs__rosidl_typesupport_fastrtps_c__pyext
[1.128s] running egg_info
[1.130s] writing dbw_ford_msgs.egg-info/PKG-INFO
[1.130s] writing dependency_links to dbw_ford_msgs.egg-info/dependency_links.txt
[1.130s] writing top-level names to dbw_ford_msgs.egg-info/top_level.txt
[1.132s] reading manifest file 'dbw_ford_msgs.egg-info/SOURCES.txt'
[1.134s] writing manifest file 'dbw_ford_msgs.egg-info/SOURCES.txt'
[1.155s] [100%] Built target ament_cmake_python_build_dbw_ford_msgs_egg
[1.970s] Invoked command in '/home/mtl12345/autoware/build/dbw_ford_msgs' returned '0': CMAKE_PREFIX_PATH=/opt/ros/humble /usr/bin/cmake --build /home/mtl12345/autoware/build/dbw_ford_msgs -- -j12 -l12
[2.675s] Invoking command in '/home/mtl12345/autoware/build/dbw_ford_msgs': CMAKE_PREFIX_PATH=/opt/ros/humble /usr/bin/cmake --install /home/mtl12345/autoware/build/dbw_ford_msgs
[2.778s] -- Install configuration: "Release"
[2.778s] -- Execute custom install script
[2.778s] -- Up-to-date symlink: /home/mtl12345/autoware/install/dbw_ford_msgs/share/ament_index/resource_index/rosidl_interfaces/dbw_ford_msgs
[2.778s] -- Up-to-date symlink: /home/mtl12345/autoware/install/dbw_ford_msgs/include/dbw_ford_msgs/dbw_ford_msgs/msg/ambient_light.h
[2.778s] -- Up-to-date symlink: /home/mtl12345/autoware/install/dbw_ford_msgs/include/dbw_ford_msgs/dbw_ford_msgs/msg/brake_cmd.h
[2.778s] -- Up-to-date symlink: /home/mtl12345/autoware/install/dbw_ford_msgs/include/dbw_ford_msgs/dbw_ford_msgs/msg/brake_info_report.h
[2.779s] -- Up-to-date symlink: /home/mtl12345/autoware/install/dbw_ford_msgs/include/dbw_ford_msgs/dbw_ford_msgs/msg/brake_report.h
[2.779s] -- Up-to-date symlink: /home/mtl12345/autoware/install/dbw_ford_msgs/include/dbw_ford_msgs/dbw_ford_msgs/msg/detail/ambient_light__functions.h
[2.779s] -- Up-to-date symlink: /home/mtl12345/autoware/install/dbw_ford_msgs/include/dbw_ford_msgs/dbw_ford_msgs/msg/detail/ambient_light__struct.h
[2.779s] -- Up-to-date symlink: /home/mtl12345/autoware/install/dbw_ford_msgs/include/dbw_ford_msgs/dbw_ford_msgs/msg/detail/ambient_light__type_support.h
[2.779s] -- Up-to-date symlink: /home/mtl12345/autoware/install/dbw_ford_msgs/include/dbw_ford_msgs/dbw_ford_msgs/msg/detail/brake_cmd__functions.h
[2.779s] -- Up-to-date symlink: /home/mtl12345/autoware/install/dbw_ford_msgs/include/dbw_ford_msgs/dbw_ford_msgs/msg/detail/brake_cmd__struct.h
[2.779s] -- Up-to-date symlink: /home/mtl12345/autoware/install/dbw_ford_msgs/include/dbw_ford_msgs/dbw_ford_msgs/msg/detail/brake_cmd__type_support.h
[2.779s] -- Up-to-date symlink: /home/mtl12345/autoware/install/dbw_ford_msgs/include/dbw_ford_msgs/dbw_ford_msgs/msg/detail/brake_info_report__functions.h
[2.779s] -- Up-to-date symlink: /home/mtl12345/autoware/install/dbw_ford_msgs/include/dbw_ford_msgs/dbw_ford_msgs/msg/detail/brake_info_report__struct.h
[2.779s] -- Up-to-date symlink: /home/mtl12345/autoware/install/dbw_ford_msgs/include/dbw_ford_msgs/dbw_ford_msgs/msg/detail/brake_info_report__type_support.h
[2.779s] -- Up-to-date symlink: /home/mtl12345/autoware/install/dbw_ford_msgs/include/dbw_ford_msgs/dbw_ford_msgs/msg/detail/brake_report__functions.h
[2.780s] -- Up-to-date symlink: /home/mtl12345/autoware/install/dbw_ford_msgs/include/dbw_ford_msgs/dbw_ford_msgs/msg/detail/brake_report__struct.h
[2.780s] -- Up-to-date symlink: /home/mtl12345/autoware/install/dbw_ford_msgs/include/dbw_ford_msgs/dbw_ford_msgs/msg/detail/brake_report__type_support.h
[2.780s] -- Up-to-date symlink: /home/mtl12345/autoware/install/dbw_ford_msgs/include/dbw_ford_msgs/dbw_ford_msgs/msg/detail/driver_assist_report__functions.h
[2.780s] -- Up-to-date symlink: /home/mtl12345/autoware/install/dbw_ford_msgs/include/dbw_ford_msgs/dbw_ford_msgs/msg/detail/driver_assist_report__struct.h
[2.780s] -- Up-to-date symlink: /home/mtl12345/autoware/install/dbw_ford_msgs/include/dbw_ford_msgs/dbw_ford_msgs/msg/detail/driver_assist_report__type_support.h
[2.780s] -- Up-to-date symlink: /home/mtl12345/autoware/install/dbw_ford_msgs/include/dbw_ford_msgs/dbw_ford_msgs/msg/detail/fuel_level_report__functions.h
[2.780s] -- Up-to-date symlink: /home/mtl12345/autoware/install/dbw_ford_msgs/include/dbw_ford_msgs/dbw_ford_msgs/msg/detail/fuel_level_report__struct.h
[2.780s] -- Up-to-date symlink: /home/mtl12345/autoware/install/dbw_ford_msgs/include/dbw_ford_msgs/dbw_ford_msgs/msg/detail/fuel_level_report__type_support.h
[2.780s] -- Up-to-date symlink: /home/mtl12345/autoware/install/dbw_ford_msgs/include/dbw_ford_msgs/dbw_ford_msgs/msg/detail/gear__functions.h
[2.780s] -- Up-to-date symlink: /home/mtl12345/autoware/install/dbw_ford_msgs/include/dbw_ford_msgs/dbw_ford_msgs/msg/detail/gear__struct.h
[2.781s] -- Up-to-date symlink: /home/mtl12345/autoware/install/dbw_ford_msgs/include/dbw_ford_msgs/dbw_ford_msgs/msg/detail/gear__type_support.h
[2.781s] -- Up-to-date symlink: /home/mtl12345/autoware/install/dbw_ford_msgs/include/dbw_ford_msgs/dbw_ford_msgs/msg/detail/gear_cmd__functions.h
[2.781s] -- Up-to-date symlink: /home/mtl12345/autoware/install/dbw_ford_msgs/include/dbw_ford_msgs/dbw_ford_msgs/msg/detail/gear_cmd__struct.h
[2.781s] -- Up-to-date symlink: /home/mtl12345/autoware/install/dbw_ford_msgs/include/dbw_ford_msgs/dbw_ford_msgs/msg/detail/gear_cmd__type_support.h
[2.781s] -- Up-to-date symlink: /home/mtl12345/autoware/install/dbw_ford_msgs/include/dbw_ford_msgs/dbw_ford_msgs/msg/detail/gear_num__functions.h
[2.781s] -- Up-to-date symlink: /home/mtl12345/autoware/install/dbw_ford_msgs/include/dbw_ford_msgs/dbw_ford_msgs/msg/detail/gear_num__struct.h
[2.781s] -- Up-to-date symlink: /home/mtl12345/autoware/install/dbw_ford_msgs/include/dbw_ford_msgs/dbw_ford_msgs/msg/detail/gear_num__type_support.h
[2.781s] -- Up-to-date symlink: /home/mtl12345/autoware/install/dbw_ford_msgs/include/dbw_ford_msgs/dbw_ford_msgs/msg/detail/gear_reject__functions.h
[2.781s] -- Up-to-date symlink: /home/mtl12345/autoware/install/dbw_ford_msgs/include/dbw_ford_msgs/dbw_ford_msgs/msg/detail/gear_reject__struct.h
[2.781s] -- Up-to-date symlink: /home/mtl12345/autoware/install/dbw_ford_msgs/include/dbw_ford_msgs/dbw_ford_msgs/msg/detail/gear_reject__type_support.h
[2.782s] -- Up-to-date symlink: /home/mtl12345/autoware/install/dbw_ford_msgs/include/dbw_ford_msgs/dbw_ford_msgs/msg/detail/gear_report__functions.h
[2.782s] -- Up-to-date symlink: /home/mtl12345/autoware/install/dbw_ford_msgs/include/dbw_ford_msgs/dbw_ford_msgs/msg/detail/gear_report__struct.h
[2.782s] -- Up-to-date symlink: /home/mtl12345/autoware/install/dbw_ford_msgs/include/dbw_ford_msgs/dbw_ford_msgs/msg/detail/gear_report__type_support.h
[2.782s] -- Up-to-date symlink: /home/mtl12345/autoware/install/dbw_ford_msgs/include/dbw_ford_msgs/dbw_ford_msgs/msg/detail/hill_start_assist__functions.h
[2.782s] -- Up-to-date symlink: /home/mtl12345/autoware/install/dbw_ford_msgs/include/dbw_ford_msgs/dbw_ford_msgs/msg/detail/hill_start_assist__struct.h
[2.782s] -- Up-to-date symlink: /home/mtl12345/autoware/install/dbw_ford_msgs/include/dbw_ford_msgs/dbw_ford_msgs/msg/detail/hill_start_assist__type_support.h
[2.782s] -- Up-to-date symlink: /home/mtl12345/autoware/install/dbw_ford_msgs/include/dbw_ford_msgs/dbw_ford_msgs/msg/detail/ignition__functions.h
[2.783s] -- Up-to-date symlink: /home/mtl12345/autoware/install/dbw_ford_msgs/include/dbw_ford_msgs/dbw_ford_msgs/msg/detail/ignition__struct.h
[2.783s] -- Up-to-date symlink: /home/mtl12345/autoware/install/dbw_ford_msgs/include/dbw_ford_msgs/dbw_ford_msgs/msg/detail/ignition__type_support.h
[2.783s] -- Up-to-date symlink: /home/mtl12345/autoware/install/dbw_ford_msgs/include/dbw_ford_msgs/dbw_ford_msgs/msg/detail/misc1_report__functions.h
[2.783s] -- Up-to-date symlink: /home/mtl12345/autoware/install/dbw_ford_msgs/include/dbw_ford_msgs/dbw_ford_msgs/msg/detail/misc1_report__struct.h
[2.783s] -- Up-to-date symlink: /home/mtl12345/autoware/install/dbw_ford_msgs/include/dbw_ford_msgs/dbw_ford_msgs/msg/detail/misc1_report__type_support.h
[2.783s] -- Up-to-date symlink: /home/mtl12345/autoware/install/dbw_ford_msgs/include/dbw_ford_msgs/dbw_ford_msgs/msg/detail/misc_cmd__functions.h
[2.783s] -- Up-to-date symlink: /home/mtl12345/autoware/install/dbw_ford_msgs/include/dbw_ford_msgs/dbw_ford_msgs/msg/detail/misc_cmd__struct.h
[2.783s] -- Up-to-date symlink: /home/mtl12345/autoware/install/dbw_ford_msgs/include/dbw_ford_msgs/dbw_ford_msgs/msg/detail/misc_cmd__type_support.h
[2.783s] -- Up-to-date symlink: /home/mtl12345/autoware/install/dbw_ford_msgs/include/dbw_ford_msgs/dbw_ford_msgs/msg/detail/one_pedal__functions.h
[2.783s] -- Up-to-date symlink: /home/mtl12345/autoware/install/dbw_ford_msgs/include/dbw_ford_msgs/dbw_ford_msgs/msg/detail/one_pedal__struct.h
[2.783s] -- Up-to-date symlink: /home/mtl12345/autoware/install/dbw_ford_msgs/include/dbw_ford_msgs/dbw_ford_msgs/msg/detail/one_pedal__type_support.h
[2.783s] -- Up-to-date symlink: /home/mtl12345/autoware/install/dbw_ford_msgs/include/dbw_ford_msgs/dbw_ford_msgs/msg/detail/parking_brake__functions.h
[2.784s] -- Up-to-date symlink: /home/mtl12345/autoware/install/dbw_ford_msgs/include/dbw_ford_msgs/dbw_ford_msgs/msg/detail/parking_brake__struct.h
[2.784s] -- Up-to-date symlink: /home/mtl12345/autoware/install/dbw_ford_msgs/include/dbw_ford_msgs/dbw_ford_msgs/msg/detail/parking_brake__type_support.h
[2.784s] -- Up-to-date symlink: /home/mtl12345/autoware/install/dbw_ford_msgs/include/dbw_ford_msgs/dbw_ford_msgs/msg/detail/parking_brake_cmd__functions.h
[2.784s] -- Up-to-date symlink: /home/mtl12345/autoware/install/dbw_ford_msgs/include/dbw_ford_msgs/dbw_ford_msgs/msg/detail/parking_brake_cmd__struct.h
[2.784s] -- Up-to-date symlink: /home/mtl12345/autoware/install/dbw_ford_msgs/include/dbw_ford_msgs/dbw_ford_msgs/msg/detail/parking_brake_cmd__type_support.h
[2.784s] -- Up-to-date symlink: /home/mtl12345/autoware/install/dbw_ford_msgs/include/dbw_ford_msgs/dbw_ford_msgs/msg/detail/quality_factor__functions.h
[2.784s] -- Up-to-date symlink: /home/mtl12345/autoware/install/dbw_ford_msgs/include/dbw_ford_msgs/dbw_ford_msgs/msg/detail/quality_factor__struct.h
[2.784s] -- Up-to-date symlink: /home/mtl12345/autoware/install/dbw_ford_msgs/include/dbw_ford_msgs/dbw_ford_msgs/msg/detail/quality_factor__type_support.h
[2.784s] -- Up-to-date symlink: /home/mtl12345/autoware/install/dbw_ford_msgs/include/dbw_ford_msgs/dbw_ford_msgs/msg/detail/steering_cmd__functions.h
[2.784s] -- Up-to-date symlink: /home/mtl12345/autoware/install/dbw_ford_msgs/include/dbw_ford_msgs/dbw_ford_msgs/msg/detail/steering_cmd__struct.h
[2.784s] -- Up-to-date symlink: /home/mtl12345/autoware/install/dbw_ford_msgs/include/dbw_ford_msgs/dbw_ford_msgs/msg/detail/steering_cmd__type_support.h
[2.785s] -- Up-to-date symlink: /home/mtl12345/autoware/install/dbw_ford_msgs/include/dbw_ford_msgs/dbw_ford_msgs/msg/detail/steering_report__functions.h
[2.785s] -- Up-to-date symlink: /home/mtl12345/autoware/install/dbw_ford_msgs/include/dbw_ford_msgs/dbw_ford_msgs/msg/detail/steering_report__struct.h
[2.785s] -- Up-to-date symlink: /home/mtl12345/autoware/install/dbw_ford_msgs/include/dbw_ford_msgs/dbw_ford_msgs/msg/detail/steering_report__type_support.h
[2.785s] -- Up-to-date symlink: /home/mtl12345/autoware/install/dbw_ford_msgs/include/dbw_ford_msgs/dbw_ford_msgs/msg/detail/surround_report__functions.h
[2.785s] -- Up-to-date symlink: /home/mtl12345/autoware/install/dbw_ford_msgs/include/dbw_ford_msgs/dbw_ford_msgs/msg/detail/surround_report__struct.h
[2.785s] -- Up-to-date symlink: /home/mtl12345/autoware/install/dbw_ford_msgs/include/dbw_ford_msgs/dbw_ford_msgs/msg/detail/surround_report__type_support.h
[2.785s] -- Up-to-date symlink: /home/mtl12345/autoware/install/dbw_ford_msgs/include/dbw_ford_msgs/dbw_ford_msgs/msg/detail/throttle_cmd__functions.h
[2.785s] -- Up-to-date symlink: /home/mtl12345/autoware/install/dbw_ford_msgs/include/dbw_ford_msgs/dbw_ford_msgs/msg/detail/throttle_cmd__struct.h
[2.785s] -- Up-to-date symlink: /home/mtl12345/autoware/install/dbw_ford_msgs/include/dbw_ford_msgs/dbw_ford_msgs/msg/detail/throttle_cmd__type_support.h
[2.786s] -- Up-to-date symlink: /home/mtl12345/autoware/install/dbw_ford_msgs/include/dbw_ford_msgs/dbw_ford_msgs/msg/detail/throttle_info_report__functions.h
[2.786s] -- Up-to-date symlink: /home/mtl12345/autoware/install/dbw_ford_msgs/include/dbw_ford_msgs/dbw_ford_msgs/msg/detail/throttle_info_report__struct.h
[2.786s] -- Up-to-date symlink: /home/mtl12345/autoware/install/dbw_ford_msgs/include/dbw_ford_msgs/dbw_ford_msgs/msg/detail/throttle_info_report__type_support.h
[2.786s] -- Up-to-date symlink: /home/mtl12345/autoware/install/dbw_ford_msgs/include/dbw_ford_msgs/dbw_ford_msgs/msg/detail/throttle_report__functions.h
[2.786s] -- Up-to-date symlink: /home/mtl12345/autoware/install/dbw_ford_msgs/include/dbw_ford_msgs/dbw_ford_msgs/msg/detail/throttle_report__struct.h
[2.786s] -- Up-to-date symlink: /home/mtl12345/autoware/install/dbw_ford_msgs/include/dbw_ford_msgs/dbw_ford_msgs/msg/detail/throttle_report__type_support.h
[2.786s] -- Up-to-date symlink: /home/mtl12345/autoware/install/dbw_ford_msgs/include/dbw_ford_msgs/dbw_ford_msgs/msg/detail/tire_pressure_report__functions.h
[2.786s] -- Up-to-date symlink: /home/mtl12345/autoware/install/dbw_ford_msgs/include/dbw_ford_msgs/dbw_ford_msgs/msg/detail/tire_pressure_report__struct.h
[2.786s] -- Up-to-date symlink: /home/mtl12345/autoware/install/dbw_ford_msgs/include/dbw_ford_msgs/dbw_ford_msgs/msg/detail/tire_pressure_report__type_support.h
[2.787s] -- Up-to-date symlink: /home/mtl12345/autoware/install/dbw_ford_msgs/include/dbw_ford_msgs/dbw_ford_msgs/msg/detail/turn_signal__functions.h
[2.787s] -- Up-to-date symlink: /home/mtl12345/autoware/install/dbw_ford_msgs/include/dbw_ford_msgs/dbw_ford_msgs/msg/detail/turn_signal__struct.h
[2.787s] -- Up-to-date symlink: /home/mtl12345/autoware/install/dbw_ford_msgs/include/dbw_ford_msgs/dbw_ford_msgs/msg/detail/turn_signal__type_support.h
[2.787s] -- Up-to-date symlink: /home/mtl12345/autoware/install/dbw_ford_msgs/include/dbw_ford_msgs/dbw_ford_msgs/msg/detail/twist_cmd__functions.h
[2.787s] -- Up-to-date symlink: /home/mtl12345/autoware/install/dbw_ford_msgs/include/dbw_ford_msgs/dbw_ford_msgs/msg/detail/twist_cmd__struct.h
[2.787s] -- Up-to-date symlink: /home/mtl12345/autoware/install/dbw_ford_msgs/include/dbw_ford_msgs/dbw_ford_msgs/msg/detail/twist_cmd__type_support.h
[2.787s] -- Up-to-date symlink: /home/mtl12345/autoware/install/dbw_ford_msgs/include/dbw_ford_msgs/dbw_ford_msgs/msg/detail/watchdog_counter__functions.h
[2.787s] -- Up-to-date symlink: /home/mtl12345/autoware/install/dbw_ford_msgs/include/dbw_ford_msgs/dbw_ford_msgs/msg/detail/watchdog_counter__struct.h
[2.787s] -- Up-to-date symlink: /home/mtl12345/autoware/install/dbw_ford_msgs/include/dbw_ford_msgs/dbw_ford_msgs/msg/detail/watchdog_counter__type_support.h
[2.787s] -- Up-to-date symlink: /home/mtl12345/autoware/install/dbw_ford_msgs/include/dbw_ford_msgs/dbw_ford_msgs/msg/detail/wheel_position_report__functions.h
[2.788s] -- Up-to-date symlink: /home/mtl12345/autoware/install/dbw_ford_msgs/include/dbw_ford_msgs/dbw_ford_msgs/msg/detail/wheel_position_report__struct.h
[2.788s] -- Up-to-date symlink: /home/mtl12345/autoware/install/dbw_ford_msgs/include/dbw_ford_msgs/dbw_ford_msgs/msg/detail/wheel_position_report__type_support.h
[2.788s] -- Up-to-date symlink: /home/mtl12345/autoware/install/dbw_ford_msgs/include/dbw_ford_msgs/dbw_ford_msgs/msg/detail/wheel_speed_report__functions.h
[2.788s] -- Up-to-date symlink: /home/mtl12345/autoware/install/dbw_ford_msgs/include/dbw_ford_msgs/dbw_ford_msgs/msg/detail/wheel_speed_report__struct.h
[2.788s] -- Up-to-date symlink: /home/mtl12345/autoware/install/dbw_ford_msgs/include/dbw_ford_msgs/dbw_ford_msgs/msg/detail/wheel_speed_report__type_support.h
[2.788s] -- Up-to-date symlink: /home/mtl12345/autoware/install/dbw_ford_msgs/include/dbw_ford_msgs/dbw_ford_msgs/msg/detail/wiper__functions.h
[2.788s] -- Up-to-date symlink: /home/mtl12345/autoware/install/dbw_ford_msgs/include/dbw_ford_msgs/dbw_ford_msgs/msg/detail/wiper__struct.h
[2.788s] -- Up-to-date symlink: /home/mtl12345/autoware/install/dbw_ford_msgs/include/dbw_ford_msgs/dbw_ford_msgs/msg/detail/wiper__type_support.h
[2.788s] -- Up-to-date symlink: /home/mtl12345/autoware/install/dbw_ford_msgs/include/dbw_ford_msgs/dbw_ford_msgs/msg/driver_assist_report.h
[2.788s] -- Up-to-date symlink: /home/mtl12345/autoware/install/dbw_ford_msgs/include/dbw_ford_msgs/dbw_ford_msgs/msg/fuel_level_report.h
[2.788s] -- Up-to-date symlink: /home/mtl12345/autoware/install/dbw_ford_msgs/include/dbw_ford_msgs/dbw_ford_msgs/msg/gear.h
[2.788s] -- Up-to-date symlink: /home/mtl12345/autoware/install/dbw_ford_msgs/include/dbw_ford_msgs/dbw_ford_msgs/msg/gear_cmd.h
[2.789s] -- Up-to-date symlink: /home/mtl12345/autoware/install/dbw_ford_msgs/include/dbw_ford_msgs/dbw_ford_msgs/msg/gear_num.h
[2.789s] -- Up-to-date symlink: /home/mtl12345/autoware/install/dbw_ford_msgs/include/dbw_ford_msgs/dbw_ford_msgs/msg/gear_reject.h
[2.789s] -- Up-to-date symlink: /home/mtl12345/autoware/install/dbw_ford_msgs/include/dbw_ford_msgs/dbw_ford_msgs/msg/gear_report.h
[2.789s] -- Up-to-date symlink: /home/mtl12345/autoware/install/dbw_ford_msgs/include/dbw_ford_msgs/dbw_ford_msgs/msg/hill_start_assist.h
[2.789s] -- Up-to-date symlink: /home/mtl12345/autoware/install/dbw_ford_msgs/include/dbw_ford_msgs/dbw_ford_msgs/msg/ignition.h
[2.789s] -- Up-to-date symlink: /home/mtl12345/autoware/install/dbw_ford_msgs/include/dbw_ford_msgs/dbw_ford_msgs/msg/misc1_report.h
[2.789s] -- Up-to-date symlink: /home/mtl12345/autoware/install/dbw_ford_msgs/include/dbw_ford_msgs/dbw_ford_msgs/msg/misc_cmd.h
[2.789s] -- Up-to-date symlink: /home/mtl12345/autoware/install/dbw_ford_msgs/include/dbw_ford_msgs/dbw_ford_msgs/msg/one_pedal.h
[2.789s] -- Up-to-date symlink: /home/mtl12345/autoware/install/dbw_ford_msgs/include/dbw_ford_msgs/dbw_ford_msgs/msg/parking_brake.h
[2.789s] -- Up-to-date symlink: /home/mtl12345/autoware/install/dbw_ford_msgs/include/dbw_ford_msgs/dbw_ford_msgs/msg/parking_brake_cmd.h
[2.790s] -- Up-to-date symlink: /home/mtl12345/autoware/install/dbw_ford_msgs/include/dbw_ford_msgs/dbw_ford_msgs/msg/quality_factor.h
[2.790s] -- Up-to-date symlink: /home/mtl12345/autoware/install/dbw_ford_msgs/include/dbw_ford_msgs/dbw_ford_msgs/msg/rosidl_generator_c__visibility_control.h
[2.790s] -- Up-to-date symlink: /home/mtl12345/autoware/install/dbw_ford_msgs/include/dbw_ford_msgs/dbw_ford_msgs/msg/steering_cmd.h
[2.790s] -- Up-to-date symlink: /home/mtl12345/autoware/install/dbw_ford_msgs/include/dbw_ford_msgs/dbw_ford_msgs/msg/steering_report.h
[2.790s] -- Up-to-date symlink: /home/mtl12345/autoware/install/dbw_ford_msgs/include/dbw_ford_msgs/dbw_ford_msgs/msg/surround_report.h
[2.790s] -- Up-to-date symlink: /home/mtl12345/autoware/install/dbw_ford_msgs/include/dbw_ford_msgs/dbw_ford_msgs/msg/throttle_cmd.h
[2.790s] -- Up-to-date symlink: /home/mtl12345/autoware/install/dbw_ford_msgs/include/dbw_ford_msgs/dbw_ford_msgs/msg/throttle_info_report.h
[2.790s] -- Up-to-date symlink: /home/mtl12345/autoware/install/dbw_ford_msgs/include/dbw_ford_msgs/dbw_ford_msgs/msg/throttle_report.h
[2.790s] -- Up-to-date symlink: /home/mtl12345/autoware/install/dbw_ford_msgs/include/dbw_ford_msgs/dbw_ford_msgs/msg/tire_pressure_report.h
[2.790s] -- Up-to-date symlink: /home/mtl12345/autoware/install/dbw_ford_msgs/include/dbw_ford_msgs/dbw_ford_msgs/msg/turn_signal.h
[2.790s] -- Up-to-date symlink: /home/mtl12345/autoware/install/dbw_ford_msgs/include/dbw_ford_msgs/dbw_ford_msgs/msg/twist_cmd.h
[2.790s] -- Up-to-date symlink: /home/mtl12345/autoware/install/dbw_ford_msgs/include/dbw_ford_msgs/dbw_ford_msgs/msg/watchdog_counter.h
[2.790s] -- Up-to-date symlink: /home/mtl12345/autoware/install/dbw_ford_msgs/include/dbw_ford_msgs/dbw_ford_msgs/msg/wheel_position_report.h
[2.790s] -- Up-to-date symlink: /home/mtl12345/autoware/install/dbw_ford_msgs/include/dbw_ford_msgs/dbw_ford_msgs/msg/wheel_speed_report.h
[2.790s] -- Up-to-date symlink: /home/mtl12345/autoware/install/dbw_ford_msgs/include/dbw_ford_msgs/dbw_ford_msgs/msg/wiper.h
[2.791s] -- Up-to-date symlink: /home/mtl12345/autoware/install/dbw_ford_msgs/share/dbw_ford_msgs/environment/library_path.sh
[2.791s] -- Up-to-date symlink: /home/mtl12345/autoware/install/dbw_ford_msgs/share/dbw_ford_msgs/environment/library_path.dsv
[2.791s] -- Up-to-date symlink: /home/mtl12345/autoware/install/dbw_ford_msgs/include/dbw_ford_msgs/dbw_ford_msgs/msg/detail/ambient_light__rosidl_typesupport_fastrtps_c.h
[2.791s] -- Up-to-date symlink: /home/mtl12345/autoware/install/dbw_ford_msgs/include/dbw_ford_msgs/dbw_ford_msgs/msg/detail/brake_cmd__rosidl_typesupport_fastrtps_c.h
[2.791s] -- Up-to-date symlink: /home/mtl12345/autoware/install/dbw_ford_msgs/include/dbw_ford_msgs/dbw_ford_msgs/msg/detail/brake_info_report__rosidl_typesupport_fastrtps_c.h
[2.791s] -- Up-to-date symlink: /home/mtl12345/autoware/install/dbw_ford_msgs/include/dbw_ford_msgs/dbw_ford_msgs/msg/detail/brake_report__rosidl_typesupport_fastrtps_c.h
[2.791s] -- Up-to-date symlink: /home/mtl12345/autoware/install/dbw_ford_msgs/include/dbw_ford_msgs/dbw_ford_msgs/msg/detail/driver_assist_report__rosidl_typesupport_fastrtps_c.h
[2.791s] -- Up-to-date symlink: /home/mtl12345/autoware/install/dbw_ford_msgs/include/dbw_ford_msgs/dbw_ford_msgs/msg/detail/fuel_level_report__rosidl_typesupport_fastrtps_c.h
[2.791s] -- Up-to-date symlink: /home/mtl12345/autoware/install/dbw_ford_msgs/include/dbw_ford_msgs/dbw_ford_msgs/msg/detail/gear__rosidl_typesupport_fastrtps_c.h
[2.791s] -- Up-to-date symlink: /home/mtl12345/autoware/install/dbw_ford_msgs/include/dbw_ford_msgs/dbw_ford_msgs/msg/detail/gear_cmd__rosidl_typesupport_fastrtps_c.h
[2.791s] -- Up-to-date symlink: /home/mtl12345/autoware/install/dbw_ford_msgs/include/dbw_ford_msgs/dbw_ford_msgs/msg/detail/gear_num__rosidl_typesupport_fastrtps_c.h
[2.792s] -- Up-to-date symlink: /home/mtl12345/autoware/install/dbw_ford_msgs/include/dbw_ford_msgs/dbw_ford_msgs/msg/detail/gear_reject__rosidl_typesupport_fastrtps_c.h
[2.792s] -- Up-to-date symlink: /home/mtl12345/autoware/install/dbw_ford_msgs/include/dbw_ford_msgs/dbw_ford_msgs/msg/detail/gear_report__rosidl_typesupport_fastrtps_c.h
[2.792s] -- Up-to-date symlink: /home/mtl12345/autoware/install/dbw_ford_msgs/include/dbw_ford_msgs/dbw_ford_msgs/msg/detail/hill_start_assist__rosidl_typesupport_fastrtps_c.h
[2.792s] -- Up-to-date symlink: /home/mtl12345/autoware/install/dbw_ford_msgs/include/dbw_ford_msgs/dbw_ford_msgs/msg/detail/ignition__rosidl_typesupport_fastrtps_c.h
[2.792s] -- Up-to-date symlink: /home/mtl12345/autoware/install/dbw_ford_msgs/include/dbw_ford_msgs/dbw_ford_msgs/msg/detail/misc1_report__rosidl_typesupport_fastrtps_c.h
[2.792s] -- Up-to-date symlink: /home/mtl12345/autoware/install/dbw_ford_msgs/include/dbw_ford_msgs/dbw_ford_msgs/msg/detail/misc_cmd__rosidl_typesupport_fastrtps_c.h
[2.792s] -- Up-to-date symlink: /home/mtl12345/autoware/install/dbw_ford_msgs/include/dbw_ford_msgs/dbw_ford_msgs/msg/detail/one_pedal__rosidl_typesupport_fastrtps_c.h
[2.792s] -- Up-to-date symlink: /home/mtl12345/autoware/install/dbw_ford_msgs/include/dbw_ford_msgs/dbw_ford_msgs/msg/detail/parking_brake__rosidl_typesupport_fastrtps_c.h
[2.792s] -- Up-to-date symlink: /home/mtl12345/autoware/install/dbw_ford_msgs/include/dbw_ford_msgs/dbw_ford_msgs/msg/detail/parking_brake_cmd__rosidl_typesupport_fastrtps_c.h
[2.792s] -- Up-to-date symlink: /home/mtl12345/autoware/install/dbw_ford_msgs/include/dbw_ford_msgs/dbw_ford_msgs/msg/detail/quality_factor__rosidl_typesupport_fastrtps_c.h
[2.792s] -- Up-to-date symlink: /home/mtl12345/autoware/install/dbw_ford_msgs/include/dbw_ford_msgs/dbw_ford_msgs/msg/detail/steering_cmd__rosidl_typesupport_fastrtps_c.h
[2.793s] -- Up-to-date symlink: /home/mtl12345/autoware/install/dbw_ford_msgs/include/dbw_ford_msgs/dbw_ford_msgs/msg/detail/steering_report__rosidl_typesupport_fastrtps_c.h
[2.793s] -- Up-to-date symlink: /home/mtl12345/autoware/install/dbw_ford_msgs/include/dbw_ford_msgs/dbw_ford_msgs/msg/detail/surround_report__rosidl_typesupport_fastrtps_c.h
[2.793s] -- Up-to-date symlink: /home/mtl12345/autoware/install/dbw_ford_msgs/include/dbw_ford_msgs/dbw_ford_msgs/msg/detail/throttle_cmd__rosidl_typesupport_fastrtps_c.h
[2.793s] -- Up-to-date symlink: /home/mtl12345/autoware/install/dbw_ford_msgs/include/dbw_ford_msgs/dbw_ford_msgs/msg/detail/throttle_info_report__rosidl_typesupport_fastrtps_c.h
[2.793s] -- Up-to-date symlink: /home/mtl12345/autoware/install/dbw_ford_msgs/include/dbw_ford_msgs/dbw_ford_msgs/msg/detail/throttle_report__rosidl_typesupport_fastrtps_c.h
[2.793s] -- Up-to-date symlink: /home/mtl12345/autoware/install/dbw_ford_msgs/include/dbw_ford_msgs/dbw_ford_msgs/msg/detail/tire_pressure_report__rosidl_typesupport_fastrtps_c.h
[2.793s] -- Up-to-date symlink: /home/mtl12345/autoware/install/dbw_ford_msgs/include/dbw_ford_msgs/dbw_ford_msgs/msg/detail/turn_signal__rosidl_typesupport_fastrtps_c.h
[2.793s] -- Up-to-date symlink: /home/mtl12345/autoware/install/dbw_ford_msgs/include/dbw_ford_msgs/dbw_ford_msgs/msg/detail/twist_cmd__rosidl_typesupport_fastrtps_c.h
[2.793s] -- Up-to-date symlink: /home/mtl12345/autoware/install/dbw_ford_msgs/include/dbw_ford_msgs/dbw_ford_msgs/msg/detail/watchdog_counter__rosidl_typesupport_fastrtps_c.h
[2.793s] -- Up-to-date symlink: /home/mtl12345/autoware/install/dbw_ford_msgs/include/dbw_ford_msgs/dbw_ford_msgs/msg/detail/wheel_position_report__rosidl_typesupport_fastrtps_c.h
[2.793s] -- Up-to-date symlink: /home/mtl12345/autoware/install/dbw_ford_msgs/include/dbw_ford_msgs/dbw_ford_msgs/msg/detail/wheel_speed_report__rosidl_typesupport_fastrtps_c.h
[2.794s] -- Up-to-date symlink: /home/mtl12345/autoware/install/dbw_ford_msgs/include/dbw_ford_msgs/dbw_ford_msgs/msg/detail/wiper__rosidl_typesupport_fastrtps_c.h
[2.794s] -- Up-to-date symlink: /home/mtl12345/autoware/install/dbw_ford_msgs/include/dbw_ford_msgs/dbw_ford_msgs/msg/rosidl_typesupport_fastrtps_c__visibility_control.h
[2.794s] -- Up-to-date symlink: /home/mtl12345/autoware/install/dbw_ford_msgs/include/dbw_ford_msgs/dbw_ford_msgs/msg/detail/ambient_light__rosidl_typesupport_introspection_c.h
[2.794s] -- Up-to-date symlink: /home/mtl12345/autoware/install/dbw_ford_msgs/include/dbw_ford_msgs/dbw_ford_msgs/msg/detail/brake_cmd__rosidl_typesupport_introspection_c.h
[2.794s] -- Up-to-date symlink: /home/mtl12345/autoware/install/dbw_ford_msgs/include/dbw_ford_msgs/dbw_ford_msgs/msg/detail/brake_info_report__rosidl_typesupport_introspection_c.h
[2.794s] -- Up-to-date symlink: /home/mtl12345/autoware/install/dbw_ford_msgs/include/dbw_ford_msgs/dbw_ford_msgs/msg/detail/brake_report__rosidl_typesupport_introspection_c.h
[2.794s] -- Up-to-date symlink: /home/mtl12345/autoware/install/dbw_ford_msgs/include/dbw_ford_msgs/dbw_ford_msgs/msg/detail/driver_assist_report__rosidl_typesupport_introspection_c.h
[2.794s] -- Up-to-date symlink: /home/mtl12345/autoware/install/dbw_ford_msgs/include/dbw_ford_msgs/dbw_ford_msgs/msg/detail/fuel_level_report__rosidl_typesupport_introspection_c.h
[2.794s] -- Up-to-date symlink: /home/mtl12345/autoware/install/dbw_ford_msgs/include/dbw_ford_msgs/dbw_ford_msgs/msg/detail/gear__rosidl_typesupport_introspection_c.h
[2.794s] -- Up-to-date symlink: /home/mtl12345/autoware/install/dbw_ford_msgs/include/dbw_ford_msgs/dbw_ford_msgs/msg/detail/gear_cmd__rosidl_typesupport_introspection_c.h
[2.794s] -- Up-to-date symlink: /home/mtl12345/autoware/install/dbw_ford_msgs/include/dbw_ford_msgs/dbw_ford_msgs/msg/detail/gear_num__rosidl_typesupport_introspection_c.h
[2.794s] -- Up-to-date symlink: /home/mtl12345/autoware/install/dbw_ford_msgs/include/dbw_ford_msgs/dbw_ford_msgs/msg/detail/gear_reject__rosidl_typesupport_introspection_c.h
[2.795s] -- Up-to-date symlink: /home/mtl12345/autoware/install/dbw_ford_msgs/include/dbw_ford_msgs/dbw_ford_msgs/msg/detail/gear_report__rosidl_typesupport_introspection_c.h
[2.795s] -- Up-to-date symlink: /home/mtl12345/autoware/install/dbw_ford_msgs/include/dbw_ford_msgs/dbw_ford_msgs/msg/detail/hill_start_assist__rosidl_typesupport_introspection_c.h
[2.795s] -- Up-to-date symlink: /home/mtl12345/autoware/install/dbw_ford_msgs/include/dbw_ford_msgs/dbw_ford_msgs/msg/detail/ignition__rosidl_typesupport_introspection_c.h
[2.795s] -- Up-to-date symlink: /home/mtl12345/autoware/install/dbw_ford_msgs/include/dbw_ford_msgs/dbw_ford_msgs/msg/detail/misc1_report__rosidl_typesupport_introspection_c.h
[2.795s] -- Up-to-date symlink: /home/mtl12345/autoware/install/dbw_ford_msgs/include/dbw_ford_msgs/dbw_ford_msgs/msg/detail/misc_cmd__rosidl_typesupport_introspection_c.h
[2.795s] -- Up-to-date symlink: /home/mtl12345/autoware/install/dbw_ford_msgs/include/dbw_ford_msgs/dbw_ford_msgs/msg/detail/one_pedal__rosidl_typesupport_introspection_c.h
[2.795s] -- Up-to-date symlink: /home/mtl12345/autoware/install/dbw_ford_msgs/include/dbw_ford_msgs/dbw_ford_msgs/msg/detail/parking_brake__rosidl_typesupport_introspection_c.h
[2.795s] -- Up-to-date symlink: /home/mtl12345/autoware/install/dbw_ford_msgs/include/dbw_ford_msgs/dbw_ford_msgs/msg/detail/parking_brake_cmd__rosidl_typesupport_introspection_c.h
[2.795s] -- Up-to-date symlink: /home/mtl12345/autoware/install/dbw_ford_msgs/include/dbw_ford_msgs/dbw_ford_msgs/msg/detail/quality_factor__rosidl_typesupport_introspection_c.h
[2.796s] -- Up-to-date symlink: /home/mtl12345/autoware/install/dbw_ford_msgs/include/dbw_ford_msgs/dbw_ford_msgs/msg/detail/steering_cmd__rosidl_typesupport_introspection_c.h
[2.796s] -- Up-to-date symlink: /home/mtl12345/autoware/install/dbw_ford_msgs/include/dbw_ford_msgs/dbw_ford_msgs/msg/detail/steering_report__rosidl_typesupport_introspection_c.h
[2.796s] -- Up-to-date symlink: /home/mtl12345/autoware/install/dbw_ford_msgs/include/dbw_ford_msgs/dbw_ford_msgs/msg/detail/surround_report__rosidl_typesupport_introspection_c.h
[2.796s] -- Up-to-date symlink: /home/mtl12345/autoware/install/dbw_ford_msgs/include/dbw_ford_msgs/dbw_ford_msgs/msg/detail/throttle_cmd__rosidl_typesupport_introspection_c.h
[2.796s] -- Up-to-date symlink: /home/mtl12345/autoware/install/dbw_ford_msgs/include/dbw_ford_msgs/dbw_ford_msgs/msg/detail/throttle_info_report__rosidl_typesupport_introspection_c.h
[2.796s] -- Up-to-date symlink: /home/mtl12345/autoware/install/dbw_ford_msgs/include/dbw_ford_msgs/dbw_ford_msgs/msg/detail/throttle_report__rosidl_typesupport_introspection_c.h
[2.796s] -- Up-to-date symlink: /home/mtl12345/autoware/install/dbw_ford_msgs/include/dbw_ford_msgs/dbw_ford_msgs/msg/detail/tire_pressure_report__rosidl_typesupport_introspection_c.h
[2.796s] -- Up-to-date symlink: /home/mtl12345/autoware/install/dbw_ford_msgs/include/dbw_ford_msgs/dbw_ford_msgs/msg/detail/turn_signal__rosidl_typesupport_introspection_c.h
[2.796s] -- Up-to-date symlink: /home/mtl12345/autoware/install/dbw_ford_msgs/include/dbw_ford_msgs/dbw_ford_msgs/msg/detail/twist_cmd__rosidl_typesupport_introspection_c.h
[2.796s] -- Up-to-date symlink: /home/mtl12345/autoware/install/dbw_ford_msgs/include/dbw_ford_msgs/dbw_ford_msgs/msg/detail/watchdog_counter__rosidl_typesupport_introspection_c.h
[2.796s] -- Up-to-date symlink: /home/mtl12345/autoware/install/dbw_ford_msgs/include/dbw_ford_msgs/dbw_ford_msgs/msg/detail/wheel_position_report__rosidl_typesupport_introspection_c.h
[2.796s] -- Up-to-date symlink: /home/mtl12345/autoware/install/dbw_ford_msgs/include/dbw_ford_msgs/dbw_ford_msgs/msg/detail/wheel_speed_report__rosidl_typesupport_introspection_c.h
[2.796s] -- Up-to-date symlink: /home/mtl12345/autoware/install/dbw_ford_msgs/include/dbw_ford_msgs/dbw_ford_msgs/msg/detail/wiper__rosidl_typesupport_introspection_c.h
[2.797s] -- Up-to-date symlink: /home/mtl12345/autoware/install/dbw_ford_msgs/include/dbw_ford_msgs/dbw_ford_msgs/msg/rosidl_typesupport_introspection_c__visibility_control.h
[2.797s] -- Up-to-date symlink: /home/mtl12345/autoware/install/dbw_ford_msgs/include/dbw_ford_msgs/dbw_ford_msgs/msg/ambient_light.hpp
[2.797s] -- Up-to-date symlink: /home/mtl12345/autoware/install/dbw_ford_msgs/include/dbw_ford_msgs/dbw_ford_msgs/msg/brake_cmd.hpp
[2.797s] -- Up-to-date symlink: /home/mtl12345/autoware/install/dbw_ford_msgs/include/dbw_ford_msgs/dbw_ford_msgs/msg/brake_info_report.hpp
[2.798s] -- Up-to-date symlink: /home/mtl12345/autoware/install/dbw_ford_msgs/include/dbw_ford_msgs/dbw_ford_msgs/msg/brake_report.hpp
[2.798s] -- Up-to-date symlink: /home/mtl12345/autoware/install/dbw_ford_msgs/include/dbw_ford_msgs/dbw_ford_msgs/msg/detail/ambient_light__builder.hpp
[2.798s] -- Up-to-date symlink: /home/mtl12345/autoware/install/dbw_ford_msgs/include/dbw_ford_msgs/dbw_ford_msgs/msg/detail/ambient_light__struct.hpp
[2.798s] -- Up-to-date symlink: /home/mtl12345/autoware/install/dbw_ford_msgs/include/dbw_ford_msgs/dbw_ford_msgs/msg/detail/ambient_light__traits.hpp
[2.798s] -- Up-to-date symlink: /home/mtl12345/autoware/install/dbw_ford_msgs/include/dbw_ford_msgs/dbw_ford_msgs/msg/detail/brake_cmd__builder.hpp
[2.798s] -- Up-to-date symlink: /home/mtl12345/autoware/install/dbw_ford_msgs/include/dbw_ford_msgs/dbw_ford_msgs/msg/detail/brake_cmd__struct.hpp
[2.798s] -- Up-to-date symlink: /home/mtl12345/autoware/install/dbw_ford_msgs/include/dbw_ford_msgs/dbw_ford_msgs/msg/detail/brake_cmd__traits.hpp
[2.798s] -- Up-to-date symlink: /home/mtl12345/autoware/install/dbw_ford_msgs/include/dbw_ford_msgs/dbw_ford_msgs/msg/detail/brake_info_report__builder.hpp
[2.798s] -- Up-to-date symlink: /home/mtl12345/autoware/install/dbw_ford_msgs/include/dbw_ford_msgs/dbw_ford_msgs/msg/detail/brake_info_report__struct.hpp
[2.798s] -- Up-to-date symlink: /home/mtl12345/autoware/install/dbw_ford_msgs/include/dbw_ford_msgs/dbw_ford_msgs/msg/detail/brake_info_report__traits.hpp
[2.798s] -- Up-to-date symlink: /home/mtl12345/autoware/install/dbw_ford_msgs/include/dbw_ford_msgs/dbw_ford_msgs/msg/detail/brake_report__builder.hpp
[2.798s] -- Up-to-date symlink: /home/mtl12345/autoware/install/dbw_ford_msgs/include/dbw_ford_msgs/dbw_ford_msgs/msg/detail/brake_report__struct.hpp
[2.799s] -- Up-to-date symlink: /home/mtl12345/autoware/install/dbw_ford_msgs/include/dbw_ford_msgs/dbw_ford_msgs/msg/detail/brake_report__traits.hpp
[2.799s] -- Up-to-date symlink: /home/mtl12345/autoware/install/dbw_ford_msgs/include/dbw_ford_msgs/dbw_ford_msgs/msg/detail/driver_assist_report__builder.hpp
[2.799s] -- Up-to-date symlink: /home/mtl12345/autoware/install/dbw_ford_msgs/include/dbw_ford_msgs/dbw_ford_msgs/msg/detail/driver_assist_report__struct.hpp
[2.799s] -- Up-to-date symlink: /home/mtl12345/autoware/install/dbw_ford_msgs/include/dbw_ford_msgs/dbw_ford_msgs/msg/detail/driver_assist_report__traits.hpp
[2.799s] -- Up-to-date symlink: /home/mtl12345/autoware/install/dbw_ford_msgs/include/dbw_ford_msgs/dbw_ford_msgs/msg/detail/fuel_level_report__builder.hpp
[2.799s] -- Up-to-date symlink: /home/mtl12345/autoware/install/dbw_ford_msgs/include/dbw_ford_msgs/dbw_ford_msgs/msg/detail/fuel_level_report__struct.hpp
[2.799s] -- Up-to-date symlink: /home/mtl12345/autoware/install/dbw_ford_msgs/include/dbw_ford_msgs/dbw_ford_msgs/msg/detail/fuel_level_report__traits.hpp
[2.799s] -- Up-to-date symlink: /home/mtl12345/autoware/install/dbw_ford_msgs/include/dbw_ford_msgs/dbw_ford_msgs/msg/detail/gear__builder.hpp
[2.799s] -- Up-to-date symlink: /home/mtl12345/autoware/install/dbw_ford_msgs/include/dbw_ford_msgs/dbw_ford_msgs/msg/detail/gear__struct.hpp
[2.799s] -- Up-to-date symlink: /home/mtl12345/autoware/install/dbw_ford_msgs/include/dbw_ford_msgs/dbw_ford_msgs/msg/detail/gear__traits.hpp
[2.799s] -- Up-to-date symlink: /home/mtl12345/autoware/install/dbw_ford_msgs/include/dbw_ford_msgs/dbw_ford_msgs/msg/detail/gear_cmd__builder.hpp
[2.799s] -- Up-to-date symlink: /home/mtl12345/autoware/install/dbw_ford_msgs/include/dbw_ford_msgs/dbw_ford_msgs/msg/detail/gear_cmd__struct.hpp
[2.800s] -- Up-to-date symlink: /home/mtl12345/autoware/install/dbw_ford_msgs/include/dbw_ford_msgs/dbw_ford_msgs/msg/detail/gear_cmd__traits.hpp
[2.800s] -- Up-to-date symlink: /home/mtl12345/autoware/install/dbw_ford_msgs/include/dbw_ford_msgs/dbw_ford_msgs/msg/detail/gear_num__builder.hpp
[2.800s] -- Up-to-date symlink: /home/mtl12345/autoware/install/dbw_ford_msgs/include/dbw_ford_msgs/dbw_ford_msgs/msg/detail/gear_num__struct.hpp
[2.800s] -- Up-to-date symlink: /home/mtl12345/autoware/install/dbw_ford_msgs/include/dbw_ford_msgs/dbw_ford_msgs/msg/detail/gear_num__traits.hpp
[2.800s] -- Up-to-date symlink: /home/mtl12345/autoware/install/dbw_ford_msgs/include/dbw_ford_msgs/dbw_ford_msgs/msg/detail/gear_reject__builder.hpp
[2.800s] -- Up-to-date symlink: /home/mtl12345/autoware/install/dbw_ford_msgs/include/dbw_ford_msgs/dbw_ford_msgs/msg/detail/gear_reject__struct.hpp
[2.800s] -- Up-to-date symlink: /home/mtl12345/autoware/install/dbw_ford_msgs/include/dbw_ford_msgs/dbw_ford_msgs/msg/detail/gear_reject__traits.hpp
[2.800s] -- Up-to-date symlink: /home/mtl12345/autoware/install/dbw_ford_msgs/include/dbw_ford_msgs/dbw_ford_msgs/msg/detail/gear_report__builder.hpp
[2.800s] -- Up-to-date symlink: /home/mtl12345/autoware/install/dbw_ford_msgs/include/dbw_ford_msgs/dbw_ford_msgs/msg/detail/gear_report__struct.hpp
[2.800s] -- Up-to-date symlink: /home/mtl12345/autoware/install/dbw_ford_msgs/include/dbw_ford_msgs/dbw_ford_msgs/msg/detail/gear_report__traits.hpp
[2.800s] -- Up-to-date symlink: /home/mtl12345/autoware/install/dbw_ford_msgs/include/dbw_ford_msgs/dbw_ford_msgs/msg/detail/hill_start_assist__builder.hpp
[2.800s] -- Up-to-date symlink: /home/mtl12345/autoware/install/dbw_ford_msgs/include/dbw_ford_msgs/dbw_ford_msgs/msg/detail/hill_start_assist__struct.hpp
[2.800s] -- Up-to-date symlink: /home/mtl12345/autoware/install/dbw_ford_msgs/include/dbw_ford_msgs/dbw_ford_msgs/msg/detail/hill_start_assist__traits.hpp
[2.800s] -- Up-to-date symlink: /home/mtl12345/autoware/install/dbw_ford_msgs/include/dbw_ford_msgs/dbw_ford_msgs/msg/detail/ignition__builder.hpp
[2.800s] -- Up-to-date symlink: /home/mtl12345/autoware/install/dbw_ford_msgs/include/dbw_ford_msgs/dbw_ford_msgs/msg/detail/ignition__struct.hpp
[2.800s] -- Up-to-date symlink: /home/mtl12345/autoware/install/dbw_ford_msgs/include/dbw_ford_msgs/dbw_ford_msgs/msg/detail/ignition__traits.hpp
[2.801s] -- Up-to-date symlink: /home/mtl12345/autoware/install/dbw_ford_msgs/include/dbw_ford_msgs/dbw_ford_msgs/msg/detail/misc1_report__builder.hpp
[2.801s] -- Up-to-date symlink: /home/mtl12345/autoware/install/dbw_ford_msgs/include/dbw_ford_msgs/dbw_ford_msgs/msg/detail/misc1_report__struct.hpp
[2.801s] -- Up-to-date symlink: /home/mtl12345/autoware/install/dbw_ford_msgs/include/dbw_ford_msgs/dbw_ford_msgs/msg/detail/misc1_report__traits.hpp
[2.801s] -- Up-to-date symlink: /home/mtl12345/autoware/install/dbw_ford_msgs/include/dbw_ford_msgs/dbw_ford_msgs/msg/detail/misc_cmd__builder.hpp
[2.801s] -- Up-to-date symlink: /home/mtl12345/autoware/install/dbw_ford_msgs/include/dbw_ford_msgs/dbw_ford_msgs/msg/detail/misc_cmd__struct.hpp
[2.801s] -- Up-to-date symlink: /home/mtl12345/autoware/install/dbw_ford_msgs/include/dbw_ford_msgs/dbw_ford_msgs/msg/detail/misc_cmd__traits.hpp
[2.801s] -- Up-to-date symlink: /home/mtl12345/autoware/install/dbw_ford_msgs/include/dbw_ford_msgs/dbw_ford_msgs/msg/detail/one_pedal__builder.hpp
[2.801s] -- Up-to-date symlink: /home/mtl12345/autoware/install/dbw_ford_msgs/include/dbw_ford_msgs/dbw_ford_msgs/msg/detail/one_pedal__struct.hpp
[2.801s] -- Up-to-date symlink: /home/mtl12345/autoware/install/dbw_ford_msgs/include/dbw_ford_msgs/dbw_ford_msgs/msg/detail/one_pedal__traits.hpp
[2.801s] -- Up-to-date symlink: /home/mtl12345/autoware/install/dbw_ford_msgs/include/dbw_ford_msgs/dbw_ford_msgs/msg/detail/parking_brake__builder.hpp
[2.801s] -- Up-to-date symlink: /home/mtl12345/autoware/install/dbw_ford_msgs/include/dbw_ford_msgs/dbw_ford_msgs/msg/detail/parking_brake__struct.hpp
[2.801s] -- Up-to-date symlink: /home/mtl12345/autoware/install/dbw_ford_msgs/include/dbw_ford_msgs/dbw_ford_msgs/msg/detail/parking_brake__traits.hpp
[2.802s] -- Up-to-date symlink: /home/mtl12345/autoware/install/dbw_ford_msgs/include/dbw_ford_msgs/dbw_ford_msgs/msg/detail/parking_brake_cmd__builder.hpp
[2.802s] -- Up-to-date symlink: /home/mtl12345/autoware/install/dbw_ford_msgs/include/dbw_ford_msgs/dbw_ford_msgs/msg/detail/parking_brake_cmd__struct.hpp
[2.802s] -- Up-to-date symlink: /home/mtl12345/autoware/install/dbw_ford_msgs/include/dbw_ford_msgs/dbw_ford_msgs/msg/detail/parking_brake_cmd__traits.hpp
[2.802s] -- Up-to-date symlink: /home/mtl12345/autoware/install/dbw_ford_msgs/include/dbw_ford_msgs/dbw_ford_msgs/msg/detail/quality_factor__builder.hpp
[2.802s] -- Up-to-date symlink: /home/mtl12345/autoware/install/dbw_ford_msgs/include/dbw_ford_msgs/dbw_ford_msgs/msg/detail/quality_factor__struct.hpp
[2.802s] -- Up-to-date symlink: /home/mtl12345/autoware/install/dbw_ford_msgs/include/dbw_ford_msgs/dbw_ford_msgs/msg/detail/quality_factor__traits.hpp
[2.802s] -- Up-to-date symlink: /home/mtl12345/autoware/install/dbw_ford_msgs/include/dbw_ford_msgs/dbw_ford_msgs/msg/detail/steering_cmd__builder.hpp
[2.802s] -- Up-to-date symlink: /home/mtl12345/autoware/install/dbw_ford_msgs/include/dbw_ford_msgs/dbw_ford_msgs/msg/detail/steering_cmd__struct.hpp
[2.802s] -- Up-to-date symlink: /home/mtl12345/autoware/install/dbw_ford_msgs/include/dbw_ford_msgs/dbw_ford_msgs/msg/detail/steering_cmd__traits.hpp
[2.803s] -- Up-to-date symlink: /home/mtl12345/autoware/install/dbw_ford_msgs/include/dbw_ford_msgs/dbw_ford_msgs/msg/detail/steering_report__builder.hpp
[2.803s] -- Up-to-date symlink: /home/mtl12345/autoware/install/dbw_ford_msgs/include/dbw_ford_msgs/dbw_ford_msgs/msg/detail/steering_report__struct.hpp
[2.803s] -- Up-to-date symlink: /home/mtl12345/autoware/install/dbw_ford_msgs/include/dbw_ford_msgs/dbw_ford_msgs/msg/detail/steering_report__traits.hpp
[2.803s] -- Up-to-date symlink: /home/mtl12345/autoware/install/dbw_ford_msgs/include/dbw_ford_msgs/dbw_ford_msgs/msg/detail/surround_report__builder.hpp
[2.803s] -- Up-to-date symlink: /home/mtl12345/autoware/install/dbw_ford_msgs/include/dbw_ford_msgs/dbw_ford_msgs/msg/detail/surround_report__struct.hpp
[2.803s] -- Up-to-date symlink: /home/mtl12345/autoware/install/dbw_ford_msgs/include/dbw_ford_msgs/dbw_ford_msgs/msg/detail/surround_report__traits.hpp
[2.803s] -- Up-to-date symlink: /home/mtl12345/autoware/install/dbw_ford_msgs/include/dbw_ford_msgs/dbw_ford_msgs/msg/detail/throttle_cmd__builder.hpp
[2.803s] -- Up-to-date symlink: /home/mtl12345/autoware/install/dbw_ford_msgs/include/dbw_ford_msgs/dbw_ford_msgs/msg/detail/throttle_cmd__struct.hpp
[2.803s] -- Up-to-date symlink: /home/mtl12345/autoware/install/dbw_ford_msgs/include/dbw_ford_msgs/dbw_ford_msgs/msg/detail/throttle_cmd__traits.hpp
[2.803s] -- Up-to-date symlink: /home/mtl12345/autoware/install/dbw_ford_msgs/include/dbw_ford_msgs/dbw_ford_msgs/msg/detail/throttle_info_report__builder.hpp
[2.803s] -- Up-to-date symlink: /home/mtl12345/autoware/install/dbw_ford_msgs/include/dbw_ford_msgs/dbw_ford_msgs/msg/detail/throttle_info_report__struct.hpp
[2.803s] -- Up-to-date symlink: /home/mtl12345/autoware/install/dbw_ford_msgs/include/dbw_ford_msgs/dbw_ford_msgs/msg/detail/throttle_info_report__traits.hpp
[2.803s] -- Up-to-date symlink: /home/mtl12345/autoware/install/dbw_ford_msgs/include/dbw_ford_msgs/dbw_ford_msgs/msg/detail/throttle_report__builder.hpp
[2.804s] -- Up-to-date symlink: /home/mtl12345/autoware/install/dbw_ford_msgs/include/dbw_ford_msgs/dbw_ford_msgs/msg/detail/throttle_report__struct.hpp
[2.804s] -- Up-to-date symlink: /home/mtl12345/autoware/install/dbw_ford_msgs/include/dbw_ford_msgs/dbw_ford_msgs/msg/detail/throttle_report__traits.hpp
[2.804s] -- Up-to-date symlink: /home/mtl12345/autoware/install/dbw_ford_msgs/include/dbw_ford_msgs/dbw_ford_msgs/msg/detail/tire_pressure_report__builder.hpp
[2.804s] -- Up-to-date symlink: /home/mtl12345/autoware/install/dbw_ford_msgs/include/dbw_ford_msgs/dbw_ford_msgs/msg/detail/tire_pressure_report__struct.hpp
[2.804s] -- Up-to-date symlink: /home/mtl12345/autoware/install/dbw_ford_msgs/include/dbw_ford_msgs/dbw_ford_msgs/msg/detail/tire_pressure_report__traits.hpp
[2.804s] -- Up-to-date symlink: /home/mtl12345/autoware/install/dbw_ford_msgs/include/dbw_ford_msgs/dbw_ford_msgs/msg/detail/turn_signal__builder.hpp
[2.804s] -- Up-to-date symlink: /home/mtl12345/autoware/install/dbw_ford_msgs/include/dbw_ford_msgs/dbw_ford_msgs/msg/detail/turn_signal__struct.hpp
[2.804s] -- Up-to-date symlink: /home/mtl12345/autoware/install/dbw_ford_msgs/include/dbw_ford_msgs/dbw_ford_msgs/msg/detail/turn_signal__traits.hpp
[2.804s] -- Up-to-date symlink: /home/mtl12345/autoware/install/dbw_ford_msgs/include/dbw_ford_msgs/dbw_ford_msgs/msg/detail/twist_cmd__builder.hpp
[2.804s] -- Up-to-date symlink: /home/mtl12345/autoware/install/dbw_ford_msgs/include/dbw_ford_msgs/dbw_ford_msgs/msg/detail/twist_cmd__struct.hpp
[2.804s] -- Up-to-date symlink: /home/mtl12345/autoware/install/dbw_ford_msgs/include/dbw_ford_msgs/dbw_ford_msgs/msg/detail/twist_cmd__traits.hpp
[2.804s] -- Up-to-date symlink: /home/mtl12345/autoware/install/dbw_ford_msgs/include/dbw_ford_msgs/dbw_ford_msgs/msg/detail/watchdog_counter__builder.hpp
[2.804s] -- Up-to-date symlink: /home/mtl12345/autoware/install/dbw_ford_msgs/include/dbw_ford_msgs/dbw_ford_msgs/msg/detail/watchdog_counter__struct.hpp
[2.804s] -- Up-to-date symlink: /home/mtl12345/autoware/install/dbw_ford_msgs/include/dbw_ford_msgs/dbw_ford_msgs/msg/detail/watchdog_counter__traits.hpp
[2.805s] -- Up-to-date symlink: /home/mtl12345/autoware/install/dbw_ford_msgs/include/dbw_ford_msgs/dbw_ford_msgs/msg/detail/wheel_position_report__builder.hpp
[2.805s] -- Up-to-date symlink: /home/mtl12345/autoware/install/dbw_ford_msgs/include/dbw_ford_msgs/dbw_ford_msgs/msg/detail/wheel_position_report__struct.hpp
[2.805s] -- Up-to-date symlink: /home/mtl12345/autoware/install/dbw_ford_msgs/include/dbw_ford_msgs/dbw_ford_msgs/msg/detail/wheel_position_report__traits.hpp
[2.805s] -- Up-to-date symlink: /home/mtl12345/autoware/install/dbw_ford_msgs/include/dbw_ford_msgs/dbw_ford_msgs/msg/detail/wheel_speed_report__builder.hpp
[2.805s] -- Up-to-date symlink: /home/mtl12345/autoware/install/dbw_ford_msgs/include/dbw_ford_msgs/dbw_ford_msgs/msg/detail/wheel_speed_report__struct.hpp
[2.805s] -- Up-to-date symlink: /home/mtl12345/autoware/install/dbw_ford_msgs/include/dbw_ford_msgs/dbw_ford_msgs/msg/detail/wheel_speed_report__traits.hpp
[2.805s] -- Up-to-date symlink: /home/mtl12345/autoware/install/dbw_ford_msgs/include/dbw_ford_msgs/dbw_ford_msgs/msg/detail/wiper__builder.hpp
[2.805s] -- Up-to-date symlink: /home/mtl12345/autoware/install/dbw_ford_msgs/include/dbw_ford_msgs/dbw_ford_msgs/msg/detail/wiper__struct.hpp
[2.805s] -- Up-to-date symlink: /home/mtl12345/autoware/install/dbw_ford_msgs/include/dbw_ford_msgs/dbw_ford_msgs/msg/detail/wiper__traits.hpp
[2.805s] -- Up-to-date symlink: /home/mtl12345/autoware/install/dbw_ford_msgs/include/dbw_ford_msgs/dbw_ford_msgs/msg/driver_assist_report.hpp
[2.805s] -- Up-to-date symlink: /home/mtl12345/autoware/install/dbw_ford_msgs/include/dbw_ford_msgs/dbw_ford_msgs/msg/fuel_level_report.hpp
[2.805s] -- Up-to-date symlink: /home/mtl12345/autoware/install/dbw_ford_msgs/include/dbw_ford_msgs/dbw_ford_msgs/msg/gear.hpp
[2.806s] -- Up-to-date symlink: /home/mtl12345/autoware/install/dbw_ford_msgs/include/dbw_ford_msgs/dbw_ford_msgs/msg/gear_cmd.hpp
[2.806s] -- Up-to-date symlink: /home/mtl12345/autoware/install/dbw_ford_msgs/include/dbw_ford_msgs/dbw_ford_msgs/msg/gear_num.hpp
[2.806s] -- Up-to-date symlink: /home/mtl12345/autoware/install/dbw_ford_msgs/include/dbw_ford_msgs/dbw_ford_msgs/msg/gear_reject.hpp
[2.806s] -- Up-to-date symlink: /home/mtl12345/autoware/install/dbw_ford_msgs/include/dbw_ford_msgs/dbw_ford_msgs/msg/gear_report.hpp
[2.806s] -- Up-to-date symlink: /home/mtl12345/autoware/install/dbw_ford_msgs/include/dbw_ford_msgs/dbw_ford_msgs/msg/hill_start_assist.hpp
[2.806s] -- Up-to-date symlink: /home/mtl12345/autoware/install/dbw_ford_msgs/include/dbw_ford_msgs/dbw_ford_msgs/msg/ignition.hpp
[2.806s] -- Up-to-date symlink: /home/mtl12345/autoware/install/dbw_ford_msgs/include/dbw_ford_msgs/dbw_ford_msgs/msg/misc1_report.hpp
[2.806s] -- Up-to-date symlink: /home/mtl12345/autoware/install/dbw_ford_msgs/include/dbw_ford_msgs/dbw_ford_msgs/msg/misc_cmd.hpp
[2.806s] -- Up-to-date symlink: /home/mtl12345/autoware/install/dbw_ford_msgs/include/dbw_ford_msgs/dbw_ford_msgs/msg/one_pedal.hpp
[2.806s] -- Up-to-date symlink: /home/mtl12345/autoware/install/dbw_ford_msgs/include/dbw_ford_msgs/dbw_ford_msgs/msg/parking_brake.hpp
[2.806s] -- Up-to-date symlink: /home/mtl12345/autoware/install/dbw_ford_msgs/include/dbw_ford_msgs/dbw_ford_msgs/msg/parking_brake_cmd.hpp
[2.806s] -- Up-to-date symlink: /home/mtl12345/autoware/install/dbw_ford_msgs/include/dbw_ford_msgs/dbw_ford_msgs/msg/quality_factor.hpp
[2.806s] -- Up-to-date symlink: /home/mtl12345/autoware/install/dbw_ford_msgs/include/dbw_ford_msgs/dbw_ford_msgs/msg/steering_cmd.hpp
[2.807s] -- Up-to-date symlink: /home/mtl12345/autoware/install/dbw_ford_msgs/include/dbw_ford_msgs/dbw_ford_msgs/msg/steering_report.hpp
[2.807s] -- Up-to-date symlink: /home/mtl12345/autoware/install/dbw_ford_msgs/include/dbw_ford_msgs/dbw_ford_msgs/msg/surround_report.hpp
[2.807s] -- Up-to-date symlink: /home/mtl12345/autoware/install/dbw_ford_msgs/include/dbw_ford_msgs/dbw_ford_msgs/msg/throttle_cmd.hpp
[2.807s] -- Up-to-date symlink: /home/mtl12345/autoware/install/dbw_ford_msgs/include/dbw_ford_msgs/dbw_ford_msgs/msg/throttle_info_report.hpp
[2.807s] -- Up-to-date symlink: /home/mtl12345/autoware/install/dbw_ford_msgs/include/dbw_ford_msgs/dbw_ford_msgs/msg/throttle_report.hpp
[2.807s] -- Up-to-date symlink: /home/mtl12345/autoware/install/dbw_ford_msgs/include/dbw_ford_msgs/dbw_ford_msgs/msg/tire_pressure_report.hpp
[2.807s] -- Up-to-date symlink: /home/mtl12345/autoware/install/dbw_ford_msgs/include/dbw_ford_msgs/dbw_ford_msgs/msg/turn_signal.hpp
[2.807s] -- Up-to-date symlink: /home/mtl12345/autoware/install/dbw_ford_msgs/include/dbw_ford_msgs/dbw_ford_msgs/msg/twist_cmd.hpp
[2.807s] -- Up-to-date symlink: /home/mtl12345/autoware/install/dbw_ford_msgs/include/dbw_ford_msgs/dbw_ford_msgs/msg/watchdog_counter.hpp
[2.807s] -- Up-to-date symlink: /home/mtl12345/autoware/install/dbw_ford_msgs/include/dbw_ford_msgs/dbw_ford_msgs/msg/wheel_position_report.hpp
[2.807s] -- Up-to-date symlink: /home/mtl12345/autoware/install/dbw_ford_msgs/include/dbw_ford_msgs/dbw_ford_msgs/msg/wheel_speed_report.hpp
[2.807s] -- Up-to-date symlink: /home/mtl12345/autoware/install/dbw_ford_msgs/include/dbw_ford_msgs/dbw_ford_msgs/msg/wiper.hpp
[2.807s] -- Up-to-date symlink: /home/mtl12345/autoware/install/dbw_ford_msgs/include/dbw_ford_msgs/dbw_ford_msgs/msg/detail/ambient_light__rosidl_typesupport_fastrtps_cpp.hpp
[2.807s] -- Up-to-date symlink: /home/mtl12345/autoware/install/dbw_ford_msgs/include/dbw_ford_msgs/dbw_ford_msgs/msg/detail/brake_cmd__rosidl_typesupport_fastrtps_cpp.hpp
[2.807s] -- Up-to-date symlink: /home/mtl12345/autoware/install/dbw_ford_msgs/include/dbw_ford_msgs/dbw_ford_msgs/msg/detail/brake_info_report__rosidl_typesupport_fastrtps_cpp.hpp
[2.808s] -- Up-to-date symlink: /home/mtl12345/autoware/install/dbw_ford_msgs/include/dbw_ford_msgs/dbw_ford_msgs/msg/detail/brake_report__rosidl_typesupport_fastrtps_cpp.hpp
[2.808s] -- Up-to-date symlink: /home/mtl12345/autoware/install/dbw_ford_msgs/include/dbw_ford_msgs/dbw_ford_msgs/msg/detail/driver_assist_report__rosidl_typesupport_fastrtps_cpp.hpp
[2.808s] -- Up-to-date symlink: /home/mtl12345/autoware/install/dbw_ford_msgs/include/dbw_ford_msgs/dbw_ford_msgs/msg/detail/fuel_level_report__rosidl_typesupport_fastrtps_cpp.hpp
[2.808s] -- Up-to-date symlink: /home/mtl12345/autoware/install/dbw_ford_msgs/include/dbw_ford_msgs/dbw_ford_msgs/msg/detail/gear__rosidl_typesupport_fastrtps_cpp.hpp
[2.808s] -- Up-to-date symlink: /home/mtl12345/autoware/install/dbw_ford_msgs/include/dbw_ford_msgs/dbw_ford_msgs/msg/detail/gear_cmd__rosidl_typesupport_fastrtps_cpp.hpp
[2.808s] -- Up-to-date symlink: /home/mtl12345/autoware/install/dbw_ford_msgs/include/dbw_ford_msgs/dbw_ford_msgs/msg/detail/gear_num__rosidl_typesupport_fastrtps_cpp.hpp
[2.808s] -- Up-to-date symlink: /home/mtl12345/autoware/install/dbw_ford_msgs/include/dbw_ford_msgs/dbw_ford_msgs/msg/detail/gear_reject__rosidl_typesupport_fastrtps_cpp.hpp
[2.808s] -- Up-to-date symlink: /home/mtl12345/autoware/install/dbw_ford_msgs/include/dbw_ford_msgs/dbw_ford_msgs/msg/detail/gear_report__rosidl_typesupport_fastrtps_cpp.hpp
[2.808s] -- Up-to-date symlink: /home/mtl12345/autoware/install/dbw_ford_msgs/include/dbw_ford_msgs/dbw_ford_msgs/msg/detail/hill_start_assist__rosidl_typesupport_fastrtps_cpp.hpp
[2.808s] -- Up-to-date symlink: /home/mtl12345/autoware/install/dbw_ford_msgs/include/dbw_ford_msgs/dbw_ford_msgs/msg/detail/ignition__rosidl_typesupport_fastrtps_cpp.hpp
[2.809s] -- Up-to-date symlink: /home/mtl12345/autoware/install/dbw_ford_msgs/include/dbw_ford_msgs/dbw_ford_msgs/msg/detail/misc1_report__rosidl_typesupport_fastrtps_cpp.hpp
[2.809s] -- Up-to-date symlink: /home/mtl12345/autoware/install/dbw_ford_msgs/include/dbw_ford_msgs/dbw_ford_msgs/msg/detail/misc_cmd__rosidl_typesupport_fastrtps_cpp.hpp
[2.809s] -- Up-to-date symlink: /home/mtl12345/autoware/install/dbw_ford_msgs/include/dbw_ford_msgs/dbw_ford_msgs/msg/detail/one_pedal__rosidl_typesupport_fastrtps_cpp.hpp
[2.809s] -- Up-to-date symlink: /home/mtl12345/autoware/install/dbw_ford_msgs/include/dbw_ford_msgs/dbw_ford_msgs/msg/detail/parking_brake__rosidl_typesupport_fastrtps_cpp.hpp
[2.809s] -- Up-to-date symlink: /home/mtl12345/autoware/install/dbw_ford_msgs/include/dbw_ford_msgs/dbw_ford_msgs/msg/detail/parking_brake_cmd__rosidl_typesupport_fastrtps_cpp.hpp
[2.809s] -- Up-to-date symlink: /home/mtl12345/autoware/install/dbw_ford_msgs/include/dbw_ford_msgs/dbw_ford_msgs/msg/detail/quality_factor__rosidl_typesupport_fastrtps_cpp.hpp
[2.809s] -- Up-to-date symlink: /home/mtl12345/autoware/install/dbw_ford_msgs/include/dbw_ford_msgs/dbw_ford_msgs/msg/detail/steering_cmd__rosidl_typesupport_fastrtps_cpp.hpp
[2.809s] -- Up-to-date symlink: /home/mtl12345/autoware/install/dbw_ford_msgs/include/dbw_ford_msgs/dbw_ford_msgs/msg/detail/steering_report__rosidl_typesupport_fastrtps_cpp.hpp
[2.809s] -- Up-to-date symlink: /home/mtl12345/autoware/install/dbw_ford_msgs/include/dbw_ford_msgs/dbw_ford_msgs/msg/detail/surround_report__rosidl_typesupport_fastrtps_cpp.hpp
[2.809s] -- Up-to-date symlink: /home/mtl12345/autoware/install/dbw_ford_msgs/include/dbw_ford_msgs/dbw_ford_msgs/msg/detail/throttle_cmd__rosidl_typesupport_fastrtps_cpp.hpp
[2.809s] -- Up-to-date symlink: /home/mtl12345/autoware/install/dbw_ford_msgs/include/dbw_ford_msgs/dbw_ford_msgs/msg/detail/throttle_info_report__rosidl_typesupport_fastrtps_cpp.hpp
[2.809s] -- Up-to-date symlink: /home/mtl12345/autoware/install/dbw_ford_msgs/include/dbw_ford_msgs/dbw_ford_msgs/msg/detail/throttle_report__rosidl_typesupport_fastrtps_cpp.hpp
[2.809s] -- Up-to-date symlink: /home/mtl12345/autoware/install/dbw_ford_msgs/include/dbw_ford_msgs/dbw_ford_msgs/msg/detail/tire_pressure_report__rosidl_typesupport_fastrtps_cpp.hpp
[2.809s] -- Up-to-date symlink: /home/mtl12345/autoware/install/dbw_ford_msgs/include/dbw_ford_msgs/dbw_ford_msgs/msg/detail/turn_signal__rosidl_typesupport_fastrtps_cpp.hpp
[2.809s] -- Up-to-date symlink: /home/mtl12345/autoware/install/dbw_ford_msgs/include/dbw_ford_msgs/dbw_ford_msgs/msg/detail/twist_cmd__rosidl_typesupport_fastrtps_cpp.hpp
[2.810s] -- Up-to-date symlink: /home/mtl12345/autoware/install/dbw_ford_msgs/include/dbw_ford_msgs/dbw_ford_msgs/msg/detail/watchdog_counter__rosidl_typesupport_fastrtps_cpp.hpp
[2.810s] -- Up-to-date symlink: /home/mtl12345/autoware/install/dbw_ford_msgs/include/dbw_ford_msgs/dbw_ford_msgs/msg/detail/wheel_position_report__rosidl_typesupport_fastrtps_cpp.hpp
[2.810s] -- Up-to-date symlink: /home/mtl12345/autoware/install/dbw_ford_msgs/include/dbw_ford_msgs/dbw_ford_msgs/msg/detail/wheel_speed_report__rosidl_typesupport_fastrtps_cpp.hpp
[2.810s] -- Up-to-date symlink: /home/mtl12345/autoware/install/dbw_ford_msgs/include/dbw_ford_msgs/dbw_ford_msgs/msg/detail/wiper__rosidl_typesupport_fastrtps_cpp.hpp
[2.810s] -- Up-to-date symlink: /home/mtl12345/autoware/install/dbw_ford_msgs/include/dbw_ford_msgs/dbw_ford_msgs/msg/rosidl_typesupport_fastrtps_cpp__visibility_control.h
[2.810s] -- Up-to-date symlink: /home/mtl12345/autoware/install/dbw_ford_msgs/include/dbw_ford_msgs/dbw_ford_msgs/msg/detail/ambient_light__rosidl_typesupport_introspection_cpp.hpp
[2.810s] -- Up-to-date symlink: /home/mtl12345/autoware/install/dbw_ford_msgs/include/dbw_ford_msgs/dbw_ford_msgs/msg/detail/brake_cmd__rosidl_typesupport_introspection_cpp.hpp
[2.810s] -- Up-to-date symlink: /home/mtl12345/autoware/install/dbw_ford_msgs/include/dbw_ford_msgs/dbw_ford_msgs/msg/detail/brake_info_report__rosidl_typesupport_introspection_cpp.hpp
[2.810s] -- Up-to-date symlink: /home/mtl12345/autoware/install/dbw_ford_msgs/include/dbw_ford_msgs/dbw_ford_msgs/msg/detail/brake_report__rosidl_typesupport_introspection_cpp.hpp
[2.810s] -- Up-to-date symlink: /home/mtl12345/autoware/install/dbw_ford_msgs/include/dbw_ford_msgs/dbw_ford_msgs/msg/detail/driver_assist_report__rosidl_typesupport_introspection_cpp.hpp
[2.811s] -- Up-to-date symlink: /home/mtl12345/autoware/install/dbw_ford_msgs/include/dbw_ford_msgs/dbw_ford_msgs/msg/detail/fuel_level_report__rosidl_typesupport_introspection_cpp.hpp
[2.811s] -- Up-to-date symlink: /home/mtl12345/autoware/install/dbw_ford_msgs/include/dbw_ford_msgs/dbw_ford_msgs/msg/detail/gear__rosidl_typesupport_introspection_cpp.hpp
[2.811s] -- Up-to-date symlink: /home/mtl12345/autoware/install/dbw_ford_msgs/include/dbw_ford_msgs/dbw_ford_msgs/msg/detail/gear_cmd__rosidl_typesupport_introspection_cpp.hpp
[2.811s] -- Up-to-date symlink: /home/mtl12345/autoware/install/dbw_ford_msgs/include/dbw_ford_msgs/dbw_ford_msgs/msg/detail/gear_num__rosidl_typesupport_introspection_cpp.hpp
[2.811s] -- Up-to-date symlink: /home/mtl12345/autoware/install/dbw_ford_msgs/include/dbw_ford_msgs/dbw_ford_msgs/msg/detail/gear_reject__rosidl_typesupport_introspection_cpp.hpp
[2.811s] -- Up-to-date symlink: /home/mtl12345/autoware/install/dbw_ford_msgs/include/dbw_ford_msgs/dbw_ford_msgs/msg/detail/gear_report__rosidl_typesupport_introspection_cpp.hpp
[2.811s] -- Up-to-date symlink: /home/mtl12345/autoware/install/dbw_ford_msgs/include/dbw_ford_msgs/dbw_ford_msgs/msg/detail/hill_start_assist__rosidl_typesupport_introspection_cpp.hpp
[2.811s] -- Up-to-date symlink: /home/mtl12345/autoware/install/dbw_ford_msgs/include/dbw_ford_msgs/dbw_ford_msgs/msg/detail/ignition__rosidl_typesupport_introspection_cpp.hpp
[2.811s] -- Up-to-date symlink: /home/mtl12345/autoware/install/dbw_ford_msgs/include/dbw_ford_msgs/dbw_ford_msgs/msg/detail/misc1_report__rosidl_typesupport_introspection_cpp.hpp
[2.811s] -- Up-to-date symlink: /home/mtl12345/autoware/install/dbw_ford_msgs/include/dbw_ford_msgs/dbw_ford_msgs/msg/detail/misc_cmd__rosidl_typesupport_introspection_cpp.hpp
[2.811s] -- Up-to-date symlink: /home/mtl12345/autoware/install/dbw_ford_msgs/include/dbw_ford_msgs/dbw_ford_msgs/msg/detail/one_pedal__rosidl_typesupport_introspection_cpp.hpp
[2.811s] -- Up-to-date symlink: /home/mtl12345/autoware/install/dbw_ford_msgs/include/dbw_ford_msgs/dbw_ford_msgs/msg/detail/parking_brake__rosidl_typesupport_introspection_cpp.hpp
[2.812s] -- Up-to-date symlink: /home/mtl12345/autoware/install/dbw_ford_msgs/include/dbw_ford_msgs/dbw_ford_msgs/msg/detail/parking_brake_cmd__rosidl_typesupport_introspection_cpp.hpp
[2.812s] -- Up-to-date symlink: /home/mtl12345/autoware/install/dbw_ford_msgs/include/dbw_ford_msgs/dbw_ford_msgs/msg/detail/quality_factor__rosidl_typesupport_introspection_cpp.hpp
[2.812s] -- Up-to-date symlink: /home/mtl12345/autoware/install/dbw_ford_msgs/include/dbw_ford_msgs/dbw_ford_msgs/msg/detail/steering_cmd__rosidl_typesupport_introspection_cpp.hpp
[2.812s] -- Up-to-date symlink: /home/mtl12345/autoware/install/dbw_ford_msgs/include/dbw_ford_msgs/dbw_ford_msgs/msg/detail/steering_report__rosidl_typesupport_introspection_cpp.hpp
[2.812s] -- Up-to-date symlink: /home/mtl12345/autoware/install/dbw_ford_msgs/include/dbw_ford_msgs/dbw_ford_msgs/msg/detail/surround_report__rosidl_typesupport_introspection_cpp.hpp
[2.812s] -- Up-to-date symlink: /home/mtl12345/autoware/install/dbw_ford_msgs/include/dbw_ford_msgs/dbw_ford_msgs/msg/detail/throttle_cmd__rosidl_typesupport_introspection_cpp.hpp
[2.812s] -- Up-to-date symlink: /home/mtl12345/autoware/install/dbw_ford_msgs/include/dbw_ford_msgs/dbw_ford_msgs/msg/detail/throttle_info_report__rosidl_typesupport_introspection_cpp.hpp
[2.812s] -- Up-to-date symlink: /home/mtl12345/autoware/install/dbw_ford_msgs/include/dbw_ford_msgs/dbw_ford_msgs/msg/detail/throttle_report__rosidl_typesupport_introspection_cpp.hpp
[2.812s] -- Up-to-date symlink: /home/mtl12345/autoware/install/dbw_ford_msgs/include/dbw_ford_msgs/dbw_ford_msgs/msg/detail/tire_pressure_report__rosidl_typesupport_introspection_cpp.hpp
[2.812s] -- Up-to-date symlink: /home/mtl12345/autoware/install/dbw_ford_msgs/include/dbw_ford_msgs/dbw_ford_msgs/msg/detail/turn_signal__rosidl_typesupport_introspection_cpp.hpp
[2.812s] -- Up-to-date symlink: /home/mtl12345/autoware/install/dbw_ford_msgs/include/dbw_ford_msgs/dbw_ford_msgs/msg/detail/twist_cmd__rosidl_typesupport_introspection_cpp.hpp
[2.813s] -- Up-to-date symlink: /home/mtl12345/autoware/install/dbw_ford_msgs/include/dbw_ford_msgs/dbw_ford_msgs/msg/detail/watchdog_counter__rosidl_typesupport_introspection_cpp.hpp
[2.813s] -- Up-to-date symlink: /home/mtl12345/autoware/install/dbw_ford_msgs/include/dbw_ford_msgs/dbw_ford_msgs/msg/detail/wheel_position_report__rosidl_typesupport_introspection_cpp.hpp
[2.813s] -- Up-to-date symlink: /home/mtl12345/autoware/install/dbw_ford_msgs/include/dbw_ford_msgs/dbw_ford_msgs/msg/detail/wheel_speed_report__rosidl_typesupport_introspection_cpp.hpp
[2.813s] -- Up-to-date symlink: /home/mtl12345/autoware/install/dbw_ford_msgs/include/dbw_ford_msgs/dbw_ford_msgs/msg/detail/wiper__rosidl_typesupport_introspection_cpp.hpp
[2.813s] -- Up-to-date symlink: /home/mtl12345/autoware/install/dbw_ford_msgs/share/dbw_ford_msgs/environment/pythonpath.sh
[2.813s] -- Up-to-date symlink: /home/mtl12345/autoware/install/dbw_ford_msgs/share/dbw_ford_msgs/environment/pythonpath.dsv
[2.813s] -- Up-to-date symlink: /home/mtl12345/autoware/install/dbw_ford_msgs/local/lib/python3.10/dist-packages/dbw_ford_msgs-2.1.3-py3.10.egg-info/PKG-INFO
[2.813s] -- Up-to-date symlink: /home/mtl12345/autoware/install/dbw_ford_msgs/local/lib/python3.10/dist-packages/dbw_ford_msgs-2.1.3-py3.10.egg-info/SOURCES.txt
[2.813s] -- Up-to-date symlink: /home/mtl12345/autoware/install/dbw_ford_msgs/local/lib/python3.10/dist-packages/dbw_ford_msgs-2.1.3-py3.10.egg-info/dependency_links.txt
[2.813s] -- Up-to-date symlink: /home/mtl12345/autoware/install/dbw_ford_msgs/local/lib/python3.10/dist-packages/dbw_ford_msgs-2.1.3-py3.10.egg-info/top_level.txt
[2.815s] -- Up-to-date symlink: /home/mtl12345/autoware/install/dbw_ford_msgs/local/lib/python3.10/dist-packages/dbw_ford_msgs/__init__.py
[2.815s] -- Up-to-date symlink: /home/mtl12345/autoware/install/dbw_ford_msgs/local/lib/python3.10/dist-packages/dbw_ford_msgs/_dbw_ford_msgs_s.ep.rosidl_typesupport_c.c
[2.815s] -- Up-to-date symlink: /home/mtl12345/autoware/install/dbw_ford_msgs/local/lib/python3.10/dist-packages/dbw_ford_msgs/_dbw_ford_msgs_s.ep.rosidl_typesupport_fastrtps_c.c
[2.815s] -- Up-to-date symlink: /home/mtl12345/autoware/install/dbw_ford_msgs/local/lib/python3.10/dist-packages/dbw_ford_msgs/_dbw_ford_msgs_s.ep.rosidl_typesupport_introspection_c.c
[2.815s] -- Up-to-date symlink: /home/mtl12345/autoware/install/dbw_ford_msgs/local/lib/python3.10/dist-packages/dbw_ford_msgs/dbw_ford_msgs_s__rosidl_typesupport_c.cpython-310-x86_64-linux-gnu.so
[2.815s] -- Up-to-date symlink: /home/mtl12345/autoware/install/dbw_ford_msgs/local/lib/python3.10/dist-packages/dbw_ford_msgs/dbw_ford_msgs_s__rosidl_typesupport_fastrtps_c.cpython-310-x86_64-linux-gnu.so
[2.815s] -- Up-to-date symlink: /home/mtl12345/autoware/install/dbw_ford_msgs/local/lib/python3.10/dist-packages/dbw_ford_msgs/dbw_ford_msgs_s__rosidl_typesupport_introspection_c.cpython-310-x86_64-linux-gnu.so
[2.815s] -- Up-to-date symlink: /home/mtl12345/autoware/install/dbw_ford_msgs/local/lib/python3.10/dist-packages/dbw_ford_msgs/libdbw_ford_msgs__rosidl_generator_py.so
[2.815s] -- Up-to-date symlink: /home/mtl12345/autoware/install/dbw_ford_msgs/local/lib/python3.10/dist-packages/dbw_ford_msgs/msg/__init__.py
[2.815s] -- Up-to-date symlink: /home/mtl12345/autoware/install/dbw_ford_msgs/local/lib/python3.10/dist-packages/dbw_ford_msgs/msg/_ambient_light.py
[2.816s] -- Up-to-date symlink: /home/mtl12345/autoware/install/dbw_ford_msgs/local/lib/python3.10/dist-packages/dbw_ford_msgs/msg/_ambient_light_s.c
[2.816s] -- Up-to-date symlink: /home/mtl12345/autoware/install/dbw_ford_msgs/local/lib/python3.10/dist-packages/dbw_ford_msgs/msg/_brake_cmd.py
[2.816s] -- Up-to-date symlink: /home/mtl12345/autoware/install/dbw_ford_msgs/local/lib/python3.10/dist-packages/dbw_ford_msgs/msg/_brake_cmd_s.c
[2.816s] -- Up-to-date symlink: /home/mtl12345/autoware/install/dbw_ford_msgs/local/lib/python3.10/dist-packages/dbw_ford_msgs/msg/_brake_info_report.py
[2.816s] -- Up-to-date symlink: /home/mtl12345/autoware/install/dbw_ford_msgs/local/lib/python3.10/dist-packages/dbw_ford_msgs/msg/_brake_info_report_s.c
[2.816s] -- Up-to-date symlink: /home/mtl12345/autoware/install/dbw_ford_msgs/local/lib/python3.10/dist-packages/dbw_ford_msgs/msg/_brake_report.py
[2.816s] -- Up-to-date symlink: /home/mtl12345/autoware/install/dbw_ford_msgs/local/lib/python3.10/dist-packages/dbw_ford_msgs/msg/_brake_report_s.c
[2.816s] -- Up-to-date symlink: /home/mtl12345/autoware/install/dbw_ford_msgs/local/lib/python3.10/dist-packages/dbw_ford_msgs/msg/_driver_assist_report.py
[2.816s] -- Up-to-date symlink: /home/mtl12345/autoware/install/dbw_ford_msgs/local/lib/python3.10/dist-packages/dbw_ford_msgs/msg/_driver_assist_report_s.c
[2.817s] -- Up-to-date symlink: /home/mtl12345/autoware/install/dbw_ford_msgs/local/lib/python3.10/dist-packages/dbw_ford_msgs/msg/_fuel_level_report.py
[2.817s] -- Up-to-date symlink: /home/mtl12345/autoware/install/dbw_ford_msgs/local/lib/python3.10/dist-packages/dbw_ford_msgs/msg/_fuel_level_report_s.c
[2.817s] -- Up-to-date symlink: /home/mtl12345/autoware/install/dbw_ford_msgs/local/lib/python3.10/dist-packages/dbw_ford_msgs/msg/_gear.py
[2.817s] -- Up-to-date symlink: /home/mtl12345/autoware/install/dbw_ford_msgs/local/lib/python3.10/dist-packages/dbw_ford_msgs/msg/_gear_cmd.py
[2.817s] -- Up-to-date symlink: /home/mtl12345/autoware/install/dbw_ford_msgs/local/lib/python3.10/dist-packages/dbw_ford_msgs/msg/_gear_cmd_s.c
[2.817s] -- Up-to-date symlink: /home/mtl12345/autoware/install/dbw_ford_msgs/local/lib/python3.10/dist-packages/dbw_ford_msgs/msg/_gear_num.py
[2.817s] -- Up-to-date symlink: /home/mtl12345/autoware/install/dbw_ford_msgs/local/lib/python3.10/dist-packages/dbw_ford_msgs/msg/_gear_num_s.c
[2.818s] -- Up-to-date symlink: /home/mtl12345/autoware/install/dbw_ford_msgs/local/lib/python3.10/dist-packages/dbw_ford_msgs/msg/_gear_reject.py
[2.818s] -- Up-to-date symlink: /home/mtl12345/autoware/install/dbw_ford_msgs/local/lib/python3.10/dist-packages/dbw_ford_msgs/msg/_gear_reject_s.c
[2.818s] -- Up-to-date symlink: /home/mtl12345/autoware/install/dbw_ford_msgs/local/lib/python3.10/dist-packages/dbw_ford_msgs/msg/_gear_report.py
[2.818s] -- Up-to-date symlink: /home/mtl12345/autoware/install/dbw_ford_msgs/local/lib/python3.10/dist-packages/dbw_ford_msgs/msg/_gear_report_s.c
[2.818s] -- Up-to-date symlink: /home/mtl12345/autoware/install/dbw_ford_msgs/local/lib/python3.10/dist-packages/dbw_ford_msgs/msg/_gear_s.c
[2.818s] -- Up-to-date symlink: /home/mtl12345/autoware/install/dbw_ford_msgs/local/lib/python3.10/dist-packages/dbw_ford_msgs/msg/_hill_start_assist.py
[2.818s] -- Up-to-date symlink: /home/mtl12345/autoware/install/dbw_ford_msgs/local/lib/python3.10/dist-packages/dbw_ford_msgs/msg/_hill_start_assist_s.c
[2.818s] -- Up-to-date symlink: /home/mtl12345/autoware/install/dbw_ford_msgs/local/lib/python3.10/dist-packages/dbw_ford_msgs/msg/_ignition.py
[2.818s] -- Up-to-date symlink: /home/mtl12345/autoware/install/dbw_ford_msgs/local/lib/python3.10/dist-packages/dbw_ford_msgs/msg/_ignition_s.c
[2.818s] -- Up-to-date symlink: /home/mtl12345/autoware/install/dbw_ford_msgs/local/lib/python3.10/dist-packages/dbw_ford_msgs/msg/_misc1_report.py
[2.818s] -- Up-to-date symlink: /home/mtl12345/autoware/install/dbw_ford_msgs/local/lib/python3.10/dist-packages/dbw_ford_msgs/msg/_misc1_report_s.c
[2.819s] -- Up-to-date symlink: /home/mtl12345/autoware/install/dbw_ford_msgs/local/lib/python3.10/dist-packages/dbw_ford_msgs/msg/_misc_cmd.py
[2.819s] -- Up-to-date symlink: /home/mtl12345/autoware/install/dbw_ford_msgs/local/lib/python3.10/dist-packages/dbw_ford_msgs/msg/_misc_cmd_s.c
[2.819s] -- Up-to-date symlink: /home/mtl12345/autoware/install/dbw_ford_msgs/local/lib/python3.10/dist-packages/dbw_ford_msgs/msg/_one_pedal.py
[2.819s] -- Up-to-date symlink: /home/mtl12345/autoware/install/dbw_ford_msgs/local/lib/python3.10/dist-packages/dbw_ford_msgs/msg/_one_pedal_s.c
[2.819s] -- Up-to-date symlink: /home/mtl12345/autoware/install/dbw_ford_msgs/local/lib/python3.10/dist-packages/dbw_ford_msgs/msg/_parking_brake.py
[2.819s] -- Up-to-date symlink: /home/mtl12345/autoware/install/dbw_ford_msgs/local/lib/python3.10/dist-packages/dbw_ford_msgs/msg/_parking_brake_cmd.py
[2.820s] -- Up-to-date symlink: /home/mtl12345/autoware/install/dbw_ford_msgs/local/lib/python3.10/dist-packages/dbw_ford_msgs/msg/_parking_brake_cmd_s.c
[2.820s] -- Up-to-date symlink: /home/mtl12345/autoware/install/dbw_ford_msgs/local/lib/python3.10/dist-packages/dbw_ford_msgs/msg/_parking_brake_s.c
[2.820s] -- Up-to-date symlink: /home/mtl12345/autoware/install/dbw_ford_msgs/local/lib/python3.10/dist-packages/dbw_ford_msgs/msg/_quality_factor.py
[2.820s] -- Up-to-date symlink: /home/mtl12345/autoware/install/dbw_ford_msgs/local/lib/python3.10/dist-packages/dbw_ford_msgs/msg/_quality_factor_s.c
[2.820s] -- Up-to-date symlink: /home/mtl12345/autoware/install/dbw_ford_msgs/local/lib/python3.10/dist-packages/dbw_ford_msgs/msg/_steering_cmd.py
[2.820s] -- Up-to-date symlink: /home/mtl12345/autoware/install/dbw_ford_msgs/local/lib/python3.10/dist-packages/dbw_ford_msgs/msg/_steering_cmd_s.c
[2.820s] -- Up-to-date symlink: /home/mtl12345/autoware/install/dbw_ford_msgs/local/lib/python3.10/dist-packages/dbw_ford_msgs/msg/_steering_report.py
[2.821s] -- Up-to-date symlink: /home/mtl12345/autoware/install/dbw_ford_msgs/local/lib/python3.10/dist-packages/dbw_ford_msgs/msg/_steering_report_s.c
[2.821s] -- Up-to-date symlink: /home/mtl12345/autoware/install/dbw_ford_msgs/local/lib/python3.10/dist-packages/dbw_ford_msgs/msg/_surround_report.py
[2.821s] -- Up-to-date symlink: /home/mtl12345/autoware/install/dbw_ford_msgs/local/lib/python3.10/dist-packages/dbw_ford_msgs/msg/_surround_report_s.c
[2.821s] -- Up-to-date symlink: /home/mtl12345/autoware/install/dbw_ford_msgs/local/lib/python3.10/dist-packages/dbw_ford_msgs/msg/_throttle_cmd.py
[2.821s] -- Up-to-date symlink: /home/mtl12345/autoware/install/dbw_ford_msgs/local/lib/python3.10/dist-packages/dbw_ford_msgs/msg/_throttle_cmd_s.c
[2.821s] -- Up-to-date symlink: /home/mtl12345/autoware/install/dbw_ford_msgs/local/lib/python3.10/dist-packages/dbw_ford_msgs/msg/_throttle_info_report.py
[2.821s] -- Up-to-date symlink: /home/mtl12345/autoware/install/dbw_ford_msgs/local/lib/python3.10/dist-packages/dbw_ford_msgs/msg/_throttle_info_report_s.c
[2.821s] -- Up-to-date symlink: /home/mtl12345/autoware/install/dbw_ford_msgs/local/lib/python3.10/dist-packages/dbw_ford_msgs/msg/_throttle_report.py
[2.821s] -- Up-to-date symlink: /home/mtl12345/autoware/install/dbw_ford_msgs/local/lib/python3.10/dist-packages/dbw_ford_msgs/msg/_throttle_report_s.c
[2.821s] -- Up-to-date symlink: /home/mtl12345/autoware/install/dbw_ford_msgs/local/lib/python3.10/dist-packages/dbw_ford_msgs/msg/_tire_pressure_report.py
[2.823s] -- Up-to-date symlink: /home/mtl12345/autoware/install/dbw_ford_msgs/local/lib/python3.10/dist-packages/dbw_ford_msgs/msg/_tire_pressure_report_s.c
[2.823s] -- Up-to-date symlink: /home/mtl12345/autoware/install/dbw_ford_msgs/local/lib/python3.10/dist-packages/dbw_ford_msgs/msg/_turn_signal.py
[2.823s] -- Up-to-date symlink: /home/mtl12345/autoware/install/dbw_ford_msgs/local/lib/python3.10/dist-packages/dbw_ford_msgs/msg/_turn_signal_s.c
[2.823s] -- Up-to-date symlink: /home/mtl12345/autoware/install/dbw_ford_msgs/local/lib/python3.10/dist-packages/dbw_ford_msgs/msg/_twist_cmd.py
[2.823s] -- Up-to-date symlink: /home/mtl12345/autoware/install/dbw_ford_msgs/local/lib/python3.10/dist-packages/dbw_ford_msgs/msg/_twist_cmd_s.c
[2.823s] -- Up-to-date symlink: /home/mtl12345/autoware/install/dbw_ford_msgs/local/lib/python3.10/dist-packages/dbw_ford_msgs/msg/_watchdog_counter.py
[2.824s] -- Up-to-date symlink: /home/mtl12345/autoware/install/dbw_ford_msgs/local/lib/python3.10/dist-packages/dbw_ford_msgs/msg/_watchdog_counter_s.c
[2.824s] -- Up-to-date symlink: /home/mtl12345/autoware/install/dbw_ford_msgs/local/lib/python3.10/dist-packages/dbw_ford_msgs/msg/_wheel_position_report.py
[2.824s] -- Up-to-date symlink: /home/mtl12345/autoware/install/dbw_ford_msgs/local/lib/python3.10/dist-packages/dbw_ford_msgs/msg/_wheel_position_report_s.c
[2.824s] -- Up-to-date symlink: /home/mtl12345/autoware/install/dbw_ford_msgs/local/lib/python3.10/dist-packages/dbw_ford_msgs/msg/_wheel_speed_report.py
[2.824s] -- Up-to-date symlink: /home/mtl12345/autoware/install/dbw_ford_msgs/local/lib/python3.10/dist-packages/dbw_ford_msgs/msg/_wheel_speed_report_s.c
[2.824s] -- Up-to-date symlink: /home/mtl12345/autoware/install/dbw_ford_msgs/local/lib/python3.10/dist-packages/dbw_ford_msgs/msg/_wiper.py
[2.824s] -- Up-to-date symlink: /home/mtl12345/autoware/install/dbw_ford_msgs/local/lib/python3.10/dist-packages/dbw_ford_msgs/msg/_wiper_s.c
[2.824s] -- Up-to-date symlink: /home/mtl12345/autoware/install/dbw_ford_msgs/local/lib/python3.10/dist-packages/dbw_ford_msgs/dbw_ford_msgs_s__rosidl_typesupport_fastrtps_c.cpython-310-x86_64-linux-gnu.so
[2.824s] -- Up-to-date symlink: /home/mtl12345/autoware/install/dbw_ford_msgs/local/lib/python3.10/dist-packages/dbw_ford_msgs/dbw_ford_msgs_s__rosidl_typesupport_introspection_c.cpython-310-x86_64-linux-gnu.so
[2.824s] -- Up-to-date symlink: /home/mtl12345/autoware/install/dbw_ford_msgs/local/lib/python3.10/dist-packages/dbw_ford_msgs/dbw_ford_msgs_s__rosidl_typesupport_c.cpython-310-x86_64-linux-gnu.so
[2.824s] -- Up-to-date symlink: /home/mtl12345/autoware/install/dbw_ford_msgs/share/dbw_ford_msgs/msg/AmbientLight.idl
[2.826s] -- Up-to-date symlink: /home/mtl12345/autoware/install/dbw_ford_msgs/share/dbw_ford_msgs/msg/BrakeCmd.idl
[2.826s] -- Up-to-date symlink: /home/mtl12345/autoware/install/dbw_ford_msgs/share/dbw_ford_msgs/msg/BrakeInfoReport.idl
[2.826s] -- Up-to-date symlink: /home/mtl12345/autoware/install/dbw_ford_msgs/share/dbw_ford_msgs/msg/BrakeReport.idl
[2.826s] -- Up-to-date symlink: /home/mtl12345/autoware/install/dbw_ford_msgs/share/dbw_ford_msgs/msg/DriverAssistReport.idl
[2.826s] -- Up-to-date symlink: /home/mtl12345/autoware/install/dbw_ford_msgs/share/dbw_ford_msgs/msg/FuelLevelReport.idl
[2.826s] -- Up-to-date symlink: /home/mtl12345/autoware/install/dbw_ford_msgs/share/dbw_ford_msgs/msg/GearCmd.idl
[2.826s] -- Up-to-date symlink: /home/mtl12345/autoware/install/dbw_ford_msgs/share/dbw_ford_msgs/msg/Gear.idl
[2.826s] -- Up-to-date symlink: /home/mtl12345/autoware/install/dbw_ford_msgs/share/dbw_ford_msgs/msg/GearNum.idl
[2.826s] -- Up-to-date symlink: /home/mtl12345/autoware/install/dbw_ford_msgs/share/dbw_ford_msgs/msg/GearReject.idl
[2.826s] -- Up-to-date symlink: /home/mtl12345/autoware/install/dbw_ford_msgs/share/dbw_ford_msgs/msg/GearReport.idl
[2.826s] -- Up-to-date symlink: /home/mtl12345/autoware/install/dbw_ford_msgs/share/dbw_ford_msgs/msg/HillStartAssist.idl
[2.826s] -- Up-to-date symlink: /home/mtl12345/autoware/install/dbw_ford_msgs/share/dbw_ford_msgs/msg/Ignition.idl
[2.827s] -- Up-to-date symlink: /home/mtl12345/autoware/install/dbw_ford_msgs/share/dbw_ford_msgs/msg/MiscCmd.idl
[2.827s] -- Up-to-date symlink: /home/mtl12345/autoware/install/dbw_ford_msgs/share/dbw_ford_msgs/msg/Misc1Report.idl
[2.827s] -- Up-to-date symlink: /home/mtl12345/autoware/install/dbw_ford_msgs/share/dbw_ford_msgs/msg/OnePedal.idl
[2.827s] -- Up-to-date symlink: /home/mtl12345/autoware/install/dbw_ford_msgs/share/dbw_ford_msgs/msg/ParkingBrake.idl
[2.827s] -- Up-to-date symlink: /home/mtl12345/autoware/install/dbw_ford_msgs/share/dbw_ford_msgs/msg/ParkingBrakeCmd.idl
[2.827s] -- Up-to-date symlink: /home/mtl12345/autoware/install/dbw_ford_msgs/share/dbw_ford_msgs/msg/QualityFactor.idl
[2.827s] -- Up-to-date symlink: /home/mtl12345/autoware/install/dbw_ford_msgs/share/dbw_ford_msgs/msg/SteeringCmd.idl
[2.827s] -- Up-to-date symlink: /home/mtl12345/autoware/install/dbw_ford_msgs/share/dbw_ford_msgs/msg/SteeringReport.idl
[2.827s] -- Up-to-date symlink: /home/mtl12345/autoware/install/dbw_ford_msgs/share/dbw_ford_msgs/msg/SurroundReport.idl
[2.827s] -- Up-to-date symlink: /home/mtl12345/autoware/install/dbw_ford_msgs/share/dbw_ford_msgs/msg/ThrottleCmd.idl
[2.828s] -- Up-to-date symlink: /home/mtl12345/autoware/install/dbw_ford_msgs/share/dbw_ford_msgs/msg/ThrottleInfoReport.idl
[2.828s] -- Up-to-date symlink: /home/mtl12345/autoware/install/dbw_ford_msgs/share/dbw_ford_msgs/msg/ThrottleReport.idl
[2.828s] -- Up-to-date symlink: /home/mtl12345/autoware/install/dbw_ford_msgs/share/dbw_ford_msgs/msg/TirePressureReport.idl
[2.828s] -- Up-to-date symlink: /home/mtl12345/autoware/install/dbw_ford_msgs/share/dbw_ford_msgs/msg/TurnSignal.idl
[2.828s] -- Up-to-date symlink: /home/mtl12345/autoware/install/dbw_ford_msgs/share/dbw_ford_msgs/msg/TwistCmd.idl
[2.828s] -- Up-to-date symlink: /home/mtl12345/autoware/install/dbw_ford_msgs/share/dbw_ford_msgs/msg/WatchdogCounter.idl
[2.828s] -- Up-to-date symlink: /home/mtl12345/autoware/install/dbw_ford_msgs/share/dbw_ford_msgs/msg/WheelPositionReport.idl
[2.828s] -- Up-to-date symlink: /home/mtl12345/autoware/install/dbw_ford_msgs/share/dbw_ford_msgs/msg/WheelSpeedReport.idl
[2.828s] -- Up-to-date symlink: /home/mtl12345/autoware/install/dbw_ford_msgs/share/dbw_ford_msgs/msg/Wiper.idl
[2.828s] -- Up-to-date symlink: /home/mtl12345/autoware/install/dbw_ford_msgs/share/dbw_ford_msgs/msg/AmbientLight.msg
[2.828s] -- Up-to-date symlink: /home/mtl12345/autoware/install/dbw_ford_msgs/share/dbw_ford_msgs/msg/BrakeCmd.msg
[2.828s] -- Up-to-date symlink: /home/mtl12345/autoware/install/dbw_ford_msgs/share/dbw_ford_msgs/msg/BrakeInfoReport.msg
[2.828s] -- Up-to-date symlink: /home/mtl12345/autoware/install/dbw_ford_msgs/share/dbw_ford_msgs/msg/BrakeReport.msg
[2.829s] -- Up-to-date symlink: /home/mtl12345/autoware/install/dbw_ford_msgs/share/dbw_ford_msgs/msg/DriverAssistReport.msg
[2.829s] -- Up-to-date symlink: /home/mtl12345/autoware/install/dbw_ford_msgs/share/dbw_ford_msgs/msg/FuelLevelReport.msg
[2.829s] -- Up-to-date symlink: /home/mtl12345/autoware/install/dbw_ford_msgs/share/dbw_ford_msgs/msg/GearCmd.msg
[2.829s] -- Up-to-date symlink: /home/mtl12345/autoware/install/dbw_ford_msgs/share/dbw_ford_msgs/msg/Gear.msg
[2.829s] -- Up-to-date symlink: /home/mtl12345/autoware/install/dbw_ford_msgs/share/dbw_ford_msgs/msg/GearNum.msg
[2.829s] -- Up-to-date symlink: /home/mtl12345/autoware/install/dbw_ford_msgs/share/dbw_ford_msgs/msg/GearReject.msg
[2.829s] -- Up-to-date symlink: /home/mtl12345/autoware/install/dbw_ford_msgs/share/dbw_ford_msgs/msg/GearReport.msg
[2.829s] -- Up-to-date symlink: /home/mtl12345/autoware/install/dbw_ford_msgs/share/dbw_ford_msgs/msg/HillStartAssist.msg
[2.829s] -- Up-to-date symlink: /home/mtl12345/autoware/install/dbw_ford_msgs/share/dbw_ford_msgs/msg/Ignition.msg
[2.829s] -- Up-to-date symlink: /home/mtl12345/autoware/install/dbw_ford_msgs/share/dbw_ford_msgs/msg/MiscCmd.msg
[2.829s] -- Up-to-date symlink: /home/mtl12345/autoware/install/dbw_ford_msgs/share/dbw_ford_msgs/msg/Misc1Report.msg
[2.830s] -- Up-to-date symlink: /home/mtl12345/autoware/install/dbw_ford_msgs/share/dbw_ford_msgs/msg/OnePedal.msg
[2.830s] -- Up-to-date symlink: /home/mtl12345/autoware/install/dbw_ford_msgs/share/dbw_ford_msgs/msg/ParkingBrake.msg
[2.830s] -- Up-to-date symlink: /home/mtl12345/autoware/install/dbw_ford_msgs/share/dbw_ford_msgs/msg/ParkingBrakeCmd.msg
[2.830s] -- Up-to-date symlink: /home/mtl12345/autoware/install/dbw_ford_msgs/share/dbw_ford_msgs/msg/QualityFactor.msg
[2.830s] -- Up-to-date symlink: /home/mtl12345/autoware/install/dbw_ford_msgs/share/dbw_ford_msgs/msg/SteeringCmd.msg
[2.830s] -- Up-to-date symlink: /home/mtl12345/autoware/install/dbw_ford_msgs/share/dbw_ford_msgs/msg/SteeringReport.msg
[2.830s] -- Up-to-date symlink: /home/mtl12345/autoware/install/dbw_ford_msgs/share/dbw_ford_msgs/msg/SurroundReport.msg
[2.831s] -- Up-to-date symlink: /home/mtl12345/autoware/install/dbw_ford_msgs/share/dbw_ford_msgs/msg/ThrottleCmd.msg
[2.831s] -- Up-to-date symlink: /home/mtl12345/autoware/install/dbw_ford_msgs/share/dbw_ford_msgs/msg/ThrottleInfoReport.msg
[2.831s] -- Up-to-date symlink: /home/mtl12345/autoware/install/dbw_ford_msgs/share/dbw_ford_msgs/msg/ThrottleReport.msg
[2.831s] -- Up-to-date symlink: /home/mtl12345/autoware/install/dbw_ford_msgs/share/dbw_ford_msgs/msg/TirePressureReport.msg
[2.831s] -- Up-to-date symlink: /home/mtl12345/autoware/install/dbw_ford_msgs/share/dbw_ford_msgs/msg/TurnSignal.msg
[2.831s] -- Up-to-date symlink: /home/mtl12345/autoware/install/dbw_ford_msgs/share/dbw_ford_msgs/msg/TwistCmd.msg
[2.832s] -- Up-to-date symlink: /home/mtl12345/autoware/install/dbw_ford_msgs/share/dbw_ford_msgs/msg/WatchdogCounter.msg
[2.832s] -- Up-to-date symlink: /home/mtl12345/autoware/install/dbw_ford_msgs/share/dbw_ford_msgs/msg/WheelPositionReport.msg
[2.832s] -- Up-to-date symlink: /home/mtl12345/autoware/install/dbw_ford_msgs/share/dbw_ford_msgs/msg/WheelSpeedReport.msg
[2.832s] -- Up-to-date symlink: /home/mtl12345/autoware/install/dbw_ford_msgs/share/dbw_ford_msgs/msg/Wiper.msg
[2.832s] -- Up-to-date symlink: /home/mtl12345/autoware/install/dbw_ford_msgs/share/dbw_ford_msgs/mapping_rules.yaml
[2.832s] -- Up-to-date symlink: /home/mtl12345/autoware/install/dbw_ford_msgs/share/ament_index/resource_index/package_run_dependencies/dbw_ford_msgs
[2.832s] -- Up-to-date symlink: /home/mtl12345/autoware/install/dbw_ford_msgs/share/ament_index/resource_index/parent_prefix_path/dbw_ford_msgs
[2.832s] -- Up-to-date symlink: /home/mtl12345/autoware/install/dbw_ford_msgs/share/dbw_ford_msgs/environment/ament_prefix_path.sh
[2.833s] -- Up-to-date symlink: /home/mtl12345/autoware/install/dbw_ford_msgs/share/dbw_ford_msgs/environment/ament_prefix_path.dsv
[2.833s] -- Up-to-date symlink: /home/mtl12345/autoware/install/dbw_ford_msgs/share/dbw_ford_msgs/environment/path.sh
[2.833s] -- Up-to-date symlink: /home/mtl12345/autoware/install/dbw_ford_msgs/share/dbw_ford_msgs/environment/path.dsv
[2.833s] -- Up-to-date symlink: /home/mtl12345/autoware/install/dbw_ford_msgs/share/dbw_ford_msgs/local_setup.bash
[2.833s] -- Up-to-date symlink: /home/mtl12345/autoware/install/dbw_ford_msgs/share/dbw_ford_msgs/local_setup.sh
[2.833s] -- Up-to-date symlink: /home/mtl12345/autoware/install/dbw_ford_msgs/share/dbw_ford_msgs/local_setup.zsh
[2.834s] -- Up-to-date symlink: /home/mtl12345/autoware/install/dbw_ford_msgs/share/dbw_ford_msgs/local_setup.dsv
[2.834s] -- Symlinking: /home/mtl12345/autoware/install/dbw_ford_msgs/share/dbw_ford_msgs/package.dsv
[2.840s] -- Up-to-date symlink: /home/mtl12345/autoware/install/dbw_ford_msgs/share/ament_index/resource_index/packages/dbw_ford_msgs
[2.841s] -- Up-to-date symlink: /home/mtl12345/autoware/install/dbw_ford_msgs/share/dbw_ford_msgs/cmake/rosidl_cmake-extras.cmake
[2.841s] -- Up-to-date symlink: /home/mtl12345/autoware/install/dbw_ford_msgs/share/dbw_ford_msgs/cmake/ament_cmake_export_dependencies-extras.cmake
[2.841s] -- Up-to-date symlink: /home/mtl12345/autoware/install/dbw_ford_msgs/share/dbw_ford_msgs/cmake/ament_cmake_export_include_directories-extras.cmake
[2.841s] -- Up-to-date symlink: /home/mtl12345/autoware/install/dbw_ford_msgs/share/dbw_ford_msgs/cmake/ament_cmake_export_libraries-extras.cmake
[2.842s] -- Up-to-date symlink: /home/mtl12345/autoware/install/dbw_ford_msgs/share/dbw_ford_msgs/cmake/ament_cmake_export_targets-extras.cmake
[2.842s] -- Up-to-date symlink: /home/mtl12345/autoware/install/dbw_ford_msgs/share/dbw_ford_msgs/cmake/rosidl_cmake_export_typesupport_targets-extras.cmake
[2.842s] -- Up-to-date symlink: /home/mtl12345/autoware/install/dbw_ford_msgs/share/dbw_ford_msgs/cmake/rosidl_cmake_export_typesupport_libraries-extras.cmake
[2.842s] -- Up-to-date symlink: /home/mtl12345/autoware/install/dbw_ford_msgs/share/dbw_ford_msgs/cmake/dbw_ford_msgsConfig.cmake
[2.842s] -- Up-to-date symlink: /home/mtl12345/autoware/install/dbw_ford_msgs/share/dbw_ford_msgs/cmake/dbw_ford_msgsConfig-version.cmake
[2.842s] -- Up-to-date symlink: /home/mtl12345/autoware/install/dbw_ford_msgs/share/dbw_ford_msgs/package.xml
[2.842s] -- Up-to-date: /home/mtl12345/autoware/install/dbw_ford_msgs/lib/libdbw_ford_msgs__rosidl_generator_c.so
[2.842s] -- Up-to-date: /home/mtl12345/autoware/install/dbw_ford_msgs/lib/libdbw_ford_msgs__rosidl_typesupport_fastrtps_c.so
[2.842s] -- Up-to-date: /home/mtl12345/autoware/install/dbw_ford_msgs/lib/libdbw_ford_msgs__rosidl_typesupport_introspection_c.so
[2.843s] -- Up-to-date: /home/mtl12345/autoware/install/dbw_ford_msgs/lib/libdbw_ford_msgs__rosidl_typesupport_c.so
[2.843s] -- Up-to-date: /home/mtl12345/autoware/install/dbw_ford_msgs/lib/libdbw_ford_msgs__rosidl_typesupport_fastrtps_cpp.so
[2.843s] -- Up-to-date: /home/mtl12345/autoware/install/dbw_ford_msgs/lib/libdbw_ford_msgs__rosidl_typesupport_introspection_cpp.so
[2.843s] -- Up-to-date: /home/mtl12345/autoware/install/dbw_ford_msgs/lib/libdbw_ford_msgs__rosidl_typesupport_cpp.so
[2.872s] Listing '/home/mtl12345/autoware/install/dbw_ford_msgs/local/lib/python3.10/dist-packages/dbw_ford_msgs'...
[2.872s] Listing '/home/mtl12345/autoware/install/dbw_ford_msgs/local/lib/python3.10/dist-packages/dbw_ford_msgs/msg'...
[2.875s] -- Up-to-date: /home/mtl12345/autoware/install/dbw_ford_msgs/lib/libdbw_ford_msgs__rosidl_generator_py.so
[2.876s] -- Up-to-date: /home/mtl12345/autoware/install/dbw_ford_msgs/share/dbw_ford_msgs/cmake/export_dbw_ford_msgs__rosidl_generator_cExport.cmake
[2.876s] -- Up-to-date: /home/mtl12345/autoware/install/dbw_ford_msgs/share/dbw_ford_msgs/cmake/export_dbw_ford_msgs__rosidl_generator_cExport-release.cmake
[2.876s] -- Up-to-date: /home/mtl12345/autoware/install/dbw_ford_msgs/share/dbw_ford_msgs/cmake/export_dbw_ford_msgs__rosidl_typesupport_fastrtps_cExport.cmake
[2.876s] -- Up-to-date: /home/mtl12345/autoware/install/dbw_ford_msgs/share/dbw_ford_msgs/cmake/export_dbw_ford_msgs__rosidl_typesupport_fastrtps_cExport-release.cmake
[2.876s] -- Up-to-date: /home/mtl12345/autoware/install/dbw_ford_msgs/share/dbw_ford_msgs/cmake/dbw_ford_msgs__rosidl_typesupport_introspection_cExport.cmake
[2.876s] -- Up-to-date: /home/mtl12345/autoware/install/dbw_ford_msgs/share/dbw_ford_msgs/cmake/dbw_ford_msgs__rosidl_typesupport_introspection_cExport-release.cmake
[2.876s] -- Up-to-date: /home/mtl12345/autoware/install/dbw_ford_msgs/share/dbw_ford_msgs/cmake/dbw_ford_msgs__rosidl_typesupport_cExport.cmake
[2.876s] -- Up-to-date: /home/mtl12345/autoware/install/dbw_ford_msgs/share/dbw_ford_msgs/cmake/dbw_ford_msgs__rosidl_typesupport_cExport-release.cmake
[2.877s] -- Up-to-date: /home/mtl12345/autoware/install/dbw_ford_msgs/share/dbw_ford_msgs/cmake/export_dbw_ford_msgs__rosidl_generator_cppExport.cmake
[2.877s] -- Up-to-date: /home/mtl12345/autoware/install/dbw_ford_msgs/share/dbw_ford_msgs/cmake/export_dbw_ford_msgs__rosidl_typesupport_fastrtps_cppExport.cmake
[2.877s] -- Up-to-date: /home/mtl12345/autoware/install/dbw_ford_msgs/share/dbw_ford_msgs/cmake/export_dbw_ford_msgs__rosidl_typesupport_fastrtps_cppExport-release.cmake
[2.877s] -- Up-to-date: /home/mtl12345/autoware/install/dbw_ford_msgs/share/dbw_ford_msgs/cmake/dbw_ford_msgs__rosidl_typesupport_introspection_cppExport.cmake
[2.877s] -- Up-to-date: /home/mtl12345/autoware/install/dbw_ford_msgs/share/dbw_ford_msgs/cmake/dbw_ford_msgs__rosidl_typesupport_introspection_cppExport-release.cmake
[2.877s] -- Up-to-date: /home/mtl12345/autoware/install/dbw_ford_msgs/share/dbw_ford_msgs/cmake/dbw_ford_msgs__rosidl_typesupport_cppExport.cmake
[2.877s] -- Up-to-date: /home/mtl12345/autoware/install/dbw_ford_msgs/share/dbw_ford_msgs/cmake/dbw_ford_msgs__rosidl_typesupport_cppExport-release.cmake
[2.877s] -- Up-to-date: /home/mtl12345/autoware/install/dbw_ford_msgs/share/dbw_ford_msgs/cmake/export_dbw_ford_msgs__rosidl_generator_pyExport.cmake
[2.877s] -- Up-to-date: /home/mtl12345/autoware/install/dbw_ford_msgs/share/dbw_ford_msgs/cmake/export_dbw_ford_msgs__rosidl_generator_pyExport-release.cmake
[3.137s] Invoked command in '/home/mtl12345/autoware/build/dbw_ford_msgs' returned '0': CMAKE_PREFIX_PATH=/opt/ros/humble /usr/bin/cmake --install /home/mtl12345/autoware/build/dbw_ford_msgs
