[35m[1mConsolidate compiler generated dependencies of target fix2kml[0m
[100%] Built target fix2kml
-- Install configuration: "Release"
-- Execute custom install script
-- Up-to-date symlink: /home/zhijie/autoware/install/eagleye_fix2kml/include/fix2kml/KmlGenerator.hpp
-- Up-to-date symlink: /home/zhijie/autoware/install/eagleye_fix2kml/lib/eagleye_fix2kml/fix2kml
-- Up-to-date symlink: /home/zhijie/autoware/install/eagleye_fix2kml/share/eagleye_fix2kml/launch/fix2kml.xml
-- Up-to-date symlink: /home/zhijie/autoware/install/eagleye_fix2kml/share/eagleye_fix2kml/kml/networklink.kml
-- Up-to-date symlink: /home/zhijie/autoware/install/eagleye_fix2kml/share/ament_index/resource_index/package_run_dependencies/eagleye_fix2kml
-- Up-to-date symlink: /home/zhijie/autoware/install/eagleye_fix2kml/share/ament_index/resource_index/parent_prefix_path/eagleye_fix2kml
-- Up-to-date symlink: /home/zhijie/autoware/install/eagleye_fix2kml/share/eagleye_fix2kml/environment/ament_prefix_path.sh
-- Up-to-date symlink: /home/zhijie/autoware/install/eagleye_fix2kml/share/eagleye_fix2kml/environment/ament_prefix_path.dsv
-- Up-to-date symlink: /home/zhijie/autoware/install/eagleye_fix2kml/share/eagleye_fix2kml/environment/path.sh
-- Up-to-date symlink: /home/zhijie/autoware/install/eagleye_fix2kml/share/eagleye_fix2kml/environment/path.dsv
-- Up-to-date symlink: /home/zhijie/autoware/install/eagleye_fix2kml/share/eagleye_fix2kml/local_setup.bash
-- Up-to-date symlink: /home/zhijie/autoware/install/eagleye_fix2kml/share/eagleye_fix2kml/local_setup.sh
-- Up-to-date symlink: /home/zhijie/autoware/install/eagleye_fix2kml/share/eagleye_fix2kml/local_setup.zsh
-- Up-to-date symlink: /home/zhijie/autoware/install/eagleye_fix2kml/share/eagleye_fix2kml/local_setup.dsv
-- Symlinking: /home/zhijie/autoware/install/eagleye_fix2kml/share/eagleye_fix2kml/package.dsv
-- Up-to-date symlink: /home/zhijie/autoware/install/eagleye_fix2kml/share/ament_index/resource_index/packages/eagleye_fix2kml
-- Up-to-date symlink: /home/zhijie/autoware/install/eagleye_fix2kml/share/eagleye_fix2kml/cmake/ament_cmake_export_dependencies-extras.cmake
-- Up-to-date symlink: /home/zhijie/autoware/install/eagleye_fix2kml/share/eagleye_fix2kml/cmake/ament_cmake_export_include_directories-extras.cmake
-- Up-to-date symlink: /home/zhijie/autoware/install/eagleye_fix2kml/share/eagleye_fix2kml/cmake/eagleye_fix2kmlConfig.cmake
-- Up-to-date symlink: /home/zhijie/autoware/install/eagleye_fix2kml/share/eagleye_fix2kml/cmake/eagleye_fix2kmlConfig-version.cmake
-- Up-to-date symlink: /home/zhijie/autoware/install/eagleye_fix2kml/share/eagleye_fix2kml/package.xml
