[ 20%] Built target gtest_main
[ 40%] Built target gtest
[ 60%] Built target dataspeed_dbw_common_test_module_version
[ 80%] Built target dataspeed_dbw_common_test_platform_map
[100%] Built target dataspeed_dbw_common_test_platform_version
-- Install configuration: "Release"
-- Execute custom install script
-- Up-to-date symlink: /home/mtl12345/autoware/install/dataspeed_dbw_common/include/dataspeed_dbw_common/ModuleVersion.hpp
-- Up-to-date symlink: /home/mtl12345/autoware/install/dataspeed_dbw_common/include/dataspeed_dbw_common/PlatformMap.hpp
-- Up-to-date symlink: /home/mtl12345/autoware/install/dataspeed_dbw_common/include/dataspeed_dbw_common/PlatformVersion.hpp
-- Up-to-date symlink: /home/mtl12345/autoware/install/dataspeed_dbw_common/share/dataspeed_dbw_common/launch/socket_can_receiver.launch.py
-- Up-to-date symlink: /home/mtl12345/autoware/install/dataspeed_dbw_common/share/dataspeed_dbw_common/launch/socket_can_sender.launch.py
-- Up-to-date symlink: /home/mtl12345/autoware/install/dataspeed_dbw_common/share/ament_index/resource_index/package_run_dependencies/dataspeed_dbw_common
-- Up-to-date symlink: /home/mtl12345/autoware/install/dataspeed_dbw_common/share/ament_index/resource_index/parent_prefix_path/dataspeed_dbw_common
-- Up-to-date symlink: /home/mtl12345/autoware/install/dataspeed_dbw_common/share/dataspeed_dbw_common/environment/ament_prefix_path.sh
-- Up-to-date symlink: /home/mtl12345/autoware/install/dataspeed_dbw_common/share/dataspeed_dbw_common/environment/ament_prefix_path.dsv
-- Up-to-date symlink: /home/mtl12345/autoware/install/dataspeed_dbw_common/share/dataspeed_dbw_common/environment/path.sh
-- Up-to-date symlink: /home/mtl12345/autoware/install/dataspeed_dbw_common/share/dataspeed_dbw_common/environment/path.dsv
-- Up-to-date symlink: /home/mtl12345/autoware/install/dataspeed_dbw_common/share/dataspeed_dbw_common/local_setup.bash
-- Up-to-date symlink: /home/mtl12345/autoware/install/dataspeed_dbw_common/share/dataspeed_dbw_common/local_setup.sh
-- Up-to-date symlink: /home/mtl12345/autoware/install/dataspeed_dbw_common/share/dataspeed_dbw_common/local_setup.zsh
-- Up-to-date symlink: /home/mtl12345/autoware/install/dataspeed_dbw_common/share/dataspeed_dbw_common/local_setup.dsv
-- Symlinking: /home/mtl12345/autoware/install/dataspeed_dbw_common/share/dataspeed_dbw_common/package.dsv
-- Up-to-date symlink: /home/mtl12345/autoware/install/dataspeed_dbw_common/share/ament_index/resource_index/packages/dataspeed_dbw_common
-- Up-to-date symlink: /home/mtl12345/autoware/install/dataspeed_dbw_common/share/dataspeed_dbw_common/cmake/ament_cmake_export_include_directories-extras.cmake
-- Up-to-date symlink: /home/mtl12345/autoware/install/dataspeed_dbw_common/share/dataspeed_dbw_common/cmake/dataspeed_dbw_commonConfig.cmake
-- Up-to-date symlink: /home/mtl12345/autoware/install/dataspeed_dbw_common/share/dataspeed_dbw_common/cmake/dataspeed_dbw_commonConfig-version.cmake
-- Up-to-date symlink: /home/mtl12345/autoware/install/dataspeed_dbw_common/share/dataspeed_dbw_common/package.xml
-- Up-to-date: /home/mtl12345/autoware/install/dataspeed_dbw_common/lib/dataspeed_dbw_common/scripts
-- Up-to-date: /home/mtl12345/autoware/install/dataspeed_dbw_common/lib/dataspeed_dbw_common/scripts/pub_dbw_enable.py
-- Up-to-date: /home/mtl12345/autoware/install/dataspeed_dbw_common/lib/dataspeed_dbw_common/scripts/sub_dbw_enable.py
-- Up-to-date: /home/mtl12345/autoware/install/dataspeed_dbw_common/lib/dataspeed_dbw_common/scripts/command.in.py
