[0.244s] Invoking command in '/home/mtl12345/autoware/build/dataspeed_dbw_common': CMAKE_PREFIX_PATH=/opt/ros/humble /usr/bin/cmake --build /home/mtl12345/autoware/build/dataspeed_dbw_common -- -j12 -l12
[0.394s] [ 20%] Built target gtest_main
[0.394s] [ 40%] Built target gtest
[0.429s] [ 60%] Built target dataspeed_dbw_common_test_module_version
[0.441s] [ 80%] Built target dataspeed_dbw_common_test_platform_map
[0.460s] [100%] Built target dataspeed_dbw_common_test_platform_version
[0.679s] Invoked command in '/home/mtl12345/autoware/build/dataspeed_dbw_common' returned '0': CMAKE_PREFIX_PATH=/opt/ros/humble /usr/bin/cmake --build /home/mtl12345/autoware/build/dataspeed_dbw_common -- -j12 -l12
[0.740s] Invoking command in '/home/mtl12345/autoware/build/dataspeed_dbw_common': CMAKE_PREFIX_PATH=/opt/ros/humble /usr/bin/cmake --install /home/mtl12345/autoware/build/dataspeed_dbw_common
[0.762s] -- Install configuration: "Release"
[0.762s] -- Execute custom install script
[0.763s] -- Up-to-date symlink: /home/mtl12345/autoware/install/dataspeed_dbw_common/include/dataspeed_dbw_common/ModuleVersion.hpp
[0.763s] -- Up-to-date symlink: /home/mtl12345/autoware/install/dataspeed_dbw_common/include/dataspeed_dbw_common/PlatformMap.hpp
[0.763s] -- Up-to-date symlink: /home/mtl12345/autoware/install/dataspeed_dbw_common/include/dataspeed_dbw_common/PlatformVersion.hpp
[0.763s] -- Up-to-date symlink: /home/mtl12345/autoware/install/dataspeed_dbw_common/share/dataspeed_dbw_common/launch/socket_can_receiver.launch.py
[0.763s] -- Up-to-date symlink: /home/mtl12345/autoware/install/dataspeed_dbw_common/share/dataspeed_dbw_common/launch/socket_can_sender.launch.py
[0.763s] -- Up-to-date symlink: /home/mtl12345/autoware/install/dataspeed_dbw_common/share/ament_index/resource_index/package_run_dependencies/dataspeed_dbw_common
[0.763s] -- Up-to-date symlink: /home/mtl12345/autoware/install/dataspeed_dbw_common/share/ament_index/resource_index/parent_prefix_path/dataspeed_dbw_common
[0.763s] -- Up-to-date symlink: /home/mtl12345/autoware/install/dataspeed_dbw_common/share/dataspeed_dbw_common/environment/ament_prefix_path.sh
[0.763s] -- Up-to-date symlink: /home/mtl12345/autoware/install/dataspeed_dbw_common/share/dataspeed_dbw_common/environment/ament_prefix_path.dsv
[0.764s] -- Up-to-date symlink: /home/mtl12345/autoware/install/dataspeed_dbw_common/share/dataspeed_dbw_common/environment/path.sh
[0.764s] -- Up-to-date symlink: /home/mtl12345/autoware/install/dataspeed_dbw_common/share/dataspeed_dbw_common/environment/path.dsv
[0.766s] -- Up-to-date symlink: /home/mtl12345/autoware/install/dataspeed_dbw_common/share/dataspeed_dbw_common/local_setup.bash
[0.766s] -- Up-to-date symlink: /home/mtl12345/autoware/install/dataspeed_dbw_common/share/dataspeed_dbw_common/local_setup.sh
[0.766s] -- Up-to-date symlink: /home/mtl12345/autoware/install/dataspeed_dbw_common/share/dataspeed_dbw_common/local_setup.zsh
[0.766s] -- Up-to-date symlink: /home/mtl12345/autoware/install/dataspeed_dbw_common/share/dataspeed_dbw_common/local_setup.dsv
[0.766s] -- Symlinking: /home/mtl12345/autoware/install/dataspeed_dbw_common/share/dataspeed_dbw_common/package.dsv
[0.780s] -- Up-to-date symlink: /home/mtl12345/autoware/install/dataspeed_dbw_common/share/ament_index/resource_index/packages/dataspeed_dbw_common
[0.780s] -- Up-to-date symlink: /home/mtl12345/autoware/install/dataspeed_dbw_common/share/dataspeed_dbw_common/cmake/ament_cmake_export_include_directories-extras.cmake
[0.780s] -- Up-to-date symlink: /home/mtl12345/autoware/install/dataspeed_dbw_common/share/dataspeed_dbw_common/cmake/dataspeed_dbw_commonConfig.cmake
[0.780s] -- Up-to-date symlink: /home/mtl12345/autoware/install/dataspeed_dbw_common/share/dataspeed_dbw_common/cmake/dataspeed_dbw_commonConfig-version.cmake
[0.780s] -- Up-to-date symlink: /home/mtl12345/autoware/install/dataspeed_dbw_common/share/dataspeed_dbw_common/package.xml
[0.780s] -- Up-to-date: /home/mtl12345/autoware/install/dataspeed_dbw_common/lib/dataspeed_dbw_common/scripts
[0.780s] -- Up-to-date: /home/mtl12345/autoware/install/dataspeed_dbw_common/lib/dataspeed_dbw_common/scripts/pub_dbw_enable.py
[0.781s] -- Up-to-date: /home/mtl12345/autoware/install/dataspeed_dbw_common/lib/dataspeed_dbw_common/scripts/sub_dbw_enable.py
[0.781s] -- Up-to-date: /home/mtl12345/autoware/install/dataspeed_dbw_common/lib/dataspeed_dbw_common/scripts/command.in.py
[0.784s] Invoked command in '/home/mtl12345/autoware/build/dataspeed_dbw_common' returned '0': CMAKE_PREFIX_PATH=/opt/ros/humble /usr/bin/cmake --install /home/mtl12345/autoware/build/dataspeed_dbw_common
