[0.017s] Invoking command in '/home/zhijie/autoware/build/camera_description': CMAKE_PREFIX_PATH=/opt/ros/humble /usr/bin/cmake /home/zhijie/autoware/src/sensor_component/external/sensor_component_description/camera_description -DCMAKE_BUILD_TYPE=Release -DAMENT_CMAKE_SYMLINK_INSTALL=1 -DCMAKE_INSTALL_PREFIX=/home/zhijie/autoware/install/camera_description
[9.551s] -- Found ament_cmake_auto: 1.3.5 (/opt/ros/humble/share/ament_cmake_auto/cmake)
[9.551s] -- Override CMake install command with custom implementation using symlinks instead of copying resources
[9.551s] -- Configuring done
[9.552s] -- Generating done
[9.552s] -- Build files have been written to: /home/zhijie/autoware/build/camera_description
[9.720s] Invoked command in '/home/zhijie/autoware/build/camera_description' returned '0': CMAKE_PREFIX_PATH=/opt/ros/humble /usr/bin/cmake /home/zhijie/autoware/src/sensor_component/external/sensor_component_description/camera_description -DCMAKE_BUILD_TYPE=Release -DAMENT_CMAKE_SYMLINK_INSTALL=1 -DCMAKE_INSTALL_PREFIX=/home/zhijie/autoware/install/camera_description
[9.726s] Invoking command in '/home/zhijie/autoware/build/camera_description': CMAKE_PREFIX_PATH=/opt/ros/humble /usr/bin/cmake --build /home/zhijie/autoware/build/camera_description -- -j16 -l16
[18.549s] Invoked command in '/home/zhijie/autoware/build/camera_description' returned '0': CMAKE_PREFIX_PATH=/opt/ros/humble /usr/bin/cmake --build /home/zhijie/autoware/build/camera_description -- -j16 -l16
[18.583s] Invoking command in '/home/zhijie/autoware/build/camera_description': CMAKE_PREFIX_PATH=/opt/ros/humble /usr/bin/cmake --install /home/zhijie/autoware/build/camera_description
[23.009s] -- Install configuration: "Release"
[23.009s] -- Execute custom install script
[23.009s] -- Up-to-date symlink: /home/zhijie/autoware/install/camera_description/share/camera_description/urdf/monocular_camera.xacro
[23.009s] -- Up-to-date symlink: /home/zhijie/autoware/install/camera_description/share/ament_index/resource_index/package_run_dependencies/camera_description
[23.009s] -- Up-to-date symlink: /home/zhijie/autoware/install/camera_description/share/ament_index/resource_index/parent_prefix_path/camera_description
[23.009s] -- Up-to-date symlink: /home/zhijie/autoware/install/camera_description/share/camera_description/environment/ament_prefix_path.sh
[23.009s] -- Up-to-date symlink: /home/zhijie/autoware/install/camera_description/share/camera_description/environment/ament_prefix_path.dsv
[23.009s] -- Up-to-date symlink: /home/zhijie/autoware/install/camera_description/share/camera_description/environment/path.sh
[23.010s] -- Up-to-date symlink: /home/zhijie/autoware/install/camera_description/share/camera_description/environment/path.dsv
[23.010s] -- Up-to-date symlink: /home/zhijie/autoware/install/camera_description/share/camera_description/local_setup.bash
[23.010s] -- Up-to-date symlink: /home/zhijie/autoware/install/camera_description/share/camera_description/local_setup.sh
[23.010s] -- Up-to-date symlink: /home/zhijie/autoware/install/camera_description/share/camera_description/local_setup.zsh
[23.010s] -- Up-to-date symlink: /home/zhijie/autoware/install/camera_description/share/camera_description/local_setup.dsv
[23.010s] -- Symlinking: /home/zhijie/autoware/install/camera_description/share/camera_description/package.dsv
[23.010s] -- Up-to-date symlink: /home/zhijie/autoware/install/camera_description/share/ament_index/resource_index/packages/camera_description
[23.010s] -- Up-to-date symlink: /home/zhijie/autoware/install/camera_description/share/camera_description/cmake/camera_descriptionConfig.cmake
[23.010s] -- Up-to-date symlink: /home/zhijie/autoware/install/camera_description/share/camera_description/cmake/camera_descriptionConfig-version.cmake
[23.011s] -- Up-to-date symlink: /home/zhijie/autoware/install/camera_description/share/camera_description/package.xml
[23.070s] Invoked command in '/home/zhijie/autoware/build/camera_description' returned '0': CMAKE_PREFIX_PATH=/opt/ros/humble /usr/bin/cmake --install /home/zhijie/autoware/build/camera_description
