[0.047s] Invoking command in '/home/zhijie/autoware/build/tier4_localization_msgs': CMAKE_PREFIX_PATH=/opt/ros/humble /usr/bin/cmake /home/zhijie/autoware/src/universe/external/tier4_autoware_msgs/tier4_localization_msgs -DCMAKE_BUILD_TYPE=Release -DAMENT_CMAKE_SYMLINK_INSTALL=1 -DCMAKE_INSTALL_PREFIX=/home/zhijie/autoware/install/tier4_localization_msgs
[5.995s] -- Found ament_cmake_auto: 1.3.5 (/opt/ros/humble/share/ament_cmake_auto/cmake)
[5.995s] -- Override CMake install command with custom implementation using symlinks instead of copying resources
[5.995s] -- Using all available rosidl_typesupport_c: rosidl_typesupport_fastrtps_c;rosidl_typesupport_introspection_c
[5.995s] -- Found rosidl_adapter: 3.1.5 (/opt/ros/humble/share/rosidl_adapter/cmake)
[5.995s] -- Using all available rosidl_typesupport_cpp: rosidl_typesupport_fastrtps_cpp;rosidl_typesupport_introspection_cpp
[5.995s] -- Found ament_cmake_ros: 0.10.0 (/opt/ros/humble/share/ament_cmake_ros/cmake)
[5.995s] -- Using all available rosidl_typesupport_c: rosidl_typesupport_fastrtps_c;rosidl_typesupport_introspection_c
[5.995s] -- Using all available rosidl_typesupport_cpp: rosidl_typesupport_fastrtps_cpp;rosidl_typesupport_introspection_cpp
[5.995s] -- Found python_cmake_module: 0.10.0 (/opt/ros/humble/share/python_cmake_module/cmake)
[5.995s] -- Using PYTHON_EXECUTABLE: /usr/bin/python3
[5.996s] -- Using PYTHON_INCLUDE_DIRS: /usr/include/python3.10
[5.996s] -- Using PYTHON_LIBRARIES: /usr/lib/x86_64-linux-gnu/libpython3.10.so
[5.996s] -- Found ament_lint_auto: 0.12.8 (/opt/ros/humble/share/ament_lint_auto/cmake)
[5.996s] -- Added test 'copyright' to check source files copyright and LICENSE
[5.996s] -- Added test 'lint_cmake' to check CMake code style
[5.996s] -- Added test 'xmllint' to check XML markup files
[5.996s] -- Configuring done
[5.996s] -- Generating done
[5.997s] -- Build files have been written to: /home/zhijie/autoware/build/tier4_localization_msgs
[6.027s] Invoked command in '/home/zhijie/autoware/build/tier4_localization_msgs' returned '0': CMAKE_PREFIX_PATH=/opt/ros/humble /usr/bin/cmake /home/zhijie/autoware/src/universe/external/tier4_autoware_msgs/tier4_localization_msgs -DCMAKE_BUILD_TYPE=Release -DAMENT_CMAKE_SYMLINK_INSTALL=1 -DCMAKE_INSTALL_PREFIX=/home/zhijie/autoware/install/tier4_localization_msgs
[6.028s] Invoking command in '/home/zhijie/autoware/build/tier4_localization_msgs': CMAKE_PREFIX_PATH=/opt/ros/humble /usr/bin/cmake --build /home/zhijie/autoware/build/tier4_localization_msgs -- -j16 -l16
[9.306s] [  3%] Built target tier4_localization_msgs__cpp
[9.306s] [  3%] Built target ament_cmake_python_symlink_tier4_localization_msgs
[9.306s] [35m[1mConsolidate compiler generated dependencies of target tier4_localization_msgs__rosidl_typesupport_introspection_cpp[0m
[9.307s] [  6%] [32mBuilding CXX object CMakeFiles/tier4_localization_msgs__rosidl_typesupport_introspection_cpp.dir/rosidl_typesupport_introspection_cpp/tier4_localization_msgs/srv/detail/pose_with_covariance_stamped__type_support.cpp.o[0m
[9.308s] [  9%] [32m[1mLinking CXX shared library libtier4_localization_msgs__rosidl_typesupport_introspection_cpp.so[0m
[9.308s] [ 12%] Built target tier4_localization_msgs__rosidl_typesupport_introspection_cpp
[9.308s] running egg_info
[9.308s] writing tier4_localization_msgs.egg-info/PKG-INFO
[9.308s] writing dependency_links to tier4_localization_msgs.egg-info/dependency_links.txt
[9.308s] writing top-level names to tier4_localization_msgs.egg-info/top_level.txt
[9.308s] reading manifest file 'tier4_localization_msgs.egg-info/SOURCES.txt'
[9.309s] writing manifest file 'tier4_localization_msgs.egg-info/SOURCES.txt'
[9.309s] [ 12%] Built target ament_cmake_python_build_tier4_localization_msgs_egg
[9.309s] [35m[1mConsolidate compiler generated dependencies of target tier4_localization_msgs__rosidl_typesupport_fastrtps_cpp[0m
[9.309s] [ 16%] [32mBuilding CXX object CMakeFiles/tier4_localization_msgs__rosidl_typesupport_fastrtps_cpp.dir/rosidl_typesupport_fastrtps_cpp/tier4_localization_msgs/srv/detail/dds_fastrtps/pose_with_covariance_stamped__type_support.cpp.o[0m
[9.309s] [ 19%] [32m[1mLinking CXX shared library libtier4_localization_msgs__rosidl_typesupport_fastrtps_cpp.so[0m
[9.309s] [ 22%] Built target tier4_localization_msgs__rosidl_typesupport_fastrtps_cpp
[9.309s] [35m[1mConsolidate compiler generated dependencies of target tier4_localization_msgs__rosidl_typesupport_cpp[0m
[9.309s] [ 25%] [32mBuilding CXX object CMakeFiles/tier4_localization_msgs__rosidl_typesupport_cpp.dir/rosidl_typesupport_cpp/tier4_localization_msgs/srv/pose_with_covariance_stamped__type_support.cpp.o[0m
[9.310s] [ 29%] [32m[1mLinking CXX shared library libtier4_localization_msgs__rosidl_typesupport_cpp.so[0m
[9.310s] [ 32%] Built target tier4_localization_msgs__rosidl_typesupport_cpp
[9.310s] [35m[1mConsolidate compiler generated dependencies of target tier4_localization_msgs__rosidl_generator_c[0m
[9.310s] [ 41%] Built target tier4_localization_msgs__rosidl_generator_c
[9.310s] [35m[1mConsolidate compiler generated dependencies of target tier4_localization_msgs__rosidl_typesupport_fastrtps_c[0m
[9.310s] [ 45%] [32mBuilding CXX object CMakeFiles/tier4_localization_msgs__rosidl_typesupport_fastrtps_c.dir/rosidl_typesupport_fastrtps_c/tier4_localization_msgs/srv/detail/pose_with_covariance_stamped__type_support_c.cpp.o[0m
[9.310s] [ 48%] [32m[1mLinking CXX shared library libtier4_localization_msgs__rosidl_typesupport_fastrtps_c.so[0m
[9.383s] [ 51%] Built target tier4_localization_msgs__rosidl_typesupport_fastrtps_c
[9.397s] [35m[1mConsolidate compiler generated dependencies of target tier4_localization_msgs__rosidl_typesupport_c[0m
[9.411s] [ 61%] Built target tier4_localization_msgs__rosidl_typesupport_c
[9.425s] [35m[1mConsolidate compiler generated dependencies of target tier4_localization_msgs__rosidl_typesupport_introspection_c[0m
[9.441s] [ 70%] Built target tier4_localization_msgs__rosidl_typesupport_introspection_c
[9.467s] [ 70%] Built target tier4_localization_msgs
[9.492s] [ 74%] Built target tier4_localization_msgs__py
[9.505s] [35m[1mConsolidate compiler generated dependencies of target tier4_localization_msgs__rosidl_generator_py[0m
[9.522s] [ 77%] [32mBuilding C object CMakeFiles/tier4_localization_msgs__rosidl_generator_py.dir/rosidl_generator_py/tier4_localization_msgs/srv/_pose_with_covariance_stamped_s.c.o[0m
[9.684s] [ 80%] [32m[1mLinking C shared library rosidl_generator_py/tier4_localization_msgs/libtier4_localization_msgs__rosidl_generator_py.so[0m
[9.717s] [ 80%] Built target tier4_localization_msgs__rosidl_generator_py
[9.730s] [35m[1mConsolidate compiler generated dependencies of target tier4_localization_msgs__rosidl_typesupport_fastrtps_c__pyext[0m
[9.744s] [ 83%] [32mBuilding C object CMakeFiles/tier4_localization_msgs__rosidl_typesupport_fastrtps_c__pyext.dir/rosidl_generator_py/tier4_localization_msgs/_tier4_localization_msgs_s.ep.rosidl_typesupport_fastrtps_c.c.o[0m
[9.864s] [ 87%] [32m[1mLinking C shared library rosidl_generator_py/tier4_localization_msgs/tier4_localization_msgs_s__rosidl_typesupport_fastrtps_c.cpython-310-x86_64-linux-gnu.so[0m
[9.899s] [ 87%] Built target tier4_localization_msgs__rosidl_typesupport_fastrtps_c__pyext
[9.908s] [35m[1mConsolidate compiler generated dependencies of target tier4_localization_msgs__rosidl_typesupport_c__pyext[0m
[9.921s] [ 90%] [32mBuilding C object CMakeFiles/tier4_localization_msgs__rosidl_typesupport_c__pyext.dir/rosidl_generator_py/tier4_localization_msgs/_tier4_localization_msgs_s.ep.rosidl_typesupport_c.c.o[0m
[10.091s] [ 93%] [32m[1mLinking C shared library rosidl_generator_py/tier4_localization_msgs/tier4_localization_msgs_s__rosidl_typesupport_c.cpython-310-x86_64-linux-gnu.so[0m
[10.125s] [ 93%] Built target tier4_localization_msgs__rosidl_typesupport_c__pyext
[10.137s] [35m[1mConsolidate compiler generated dependencies of target tier4_localization_msgs__rosidl_typesupport_introspection_c__pyext[0m
[10.148s] [ 96%] [32mBuilding C object CMakeFiles/tier4_localization_msgs__rosidl_typesupport_introspection_c__pyext.dir/rosidl_generator_py/tier4_localization_msgs/_tier4_localization_msgs_s.ep.rosidl_typesupport_introspection_c.c.o[0m
[10.315s] [100%] [32m[1mLinking C shared library rosidl_generator_py/tier4_localization_msgs/tier4_localization_msgs_s__rosidl_typesupport_introspection_c.cpython-310-x86_64-linux-gnu.so[0m
[10.377s] [100%] Built target tier4_localization_msgs__rosidl_typesupport_introspection_c__pyext
[10.401s] Invoked command in '/home/zhijie/autoware/build/tier4_localization_msgs' returned '0': CMAKE_PREFIX_PATH=/opt/ros/humble /usr/bin/cmake --build /home/zhijie/autoware/build/tier4_localization_msgs -- -j16 -l16
[10.477s] Invoking command in '/home/zhijie/autoware/build/tier4_localization_msgs': CMAKE_PREFIX_PATH=/opt/ros/humble /usr/bin/cmake --install /home/zhijie/autoware/build/tier4_localization_msgs
[12.655s] -- Install configuration: "Release"
[12.655s] -- Execute custom install script
[12.655s] -- Up-to-date symlink: /home/zhijie/autoware/install/tier4_localization_msgs/share/ament_index/resource_index/rosidl_interfaces/tier4_localization_msgs
[12.655s] -- Up-to-date symlink: /home/zhijie/autoware/install/tier4_localization_msgs/include/tier4_localization_msgs/tier4_localization_msgs/msg/rosidl_generator_c__visibility_control.h
[12.657s] -- Up-to-date symlink: /home/zhijie/autoware/install/tier4_localization_msgs/include/tier4_localization_msgs/tier4_localization_msgs/srv/detail/pose_with_covariance_stamped__functions.h
[12.657s] -- Up-to-date symlink: /home/zhijie/autoware/install/tier4_localization_msgs/include/tier4_localization_msgs/tier4_localization_msgs/srv/detail/pose_with_covariance_stamped__struct.h
[12.658s] -- Up-to-date symlink: /home/zhijie/autoware/install/tier4_localization_msgs/include/tier4_localization_msgs/tier4_localization_msgs/srv/detail/pose_with_covariance_stamped__type_support.h
[12.658s] -- Up-to-date symlink: /home/zhijie/autoware/install/tier4_localization_msgs/include/tier4_localization_msgs/tier4_localization_msgs/srv/pose_with_covariance_stamped.h
[12.658s] -- Up-to-date symlink: /home/zhijie/autoware/install/tier4_localization_msgs/share/tier4_localization_msgs/environment/library_path.sh
[12.658s] -- Up-to-date symlink: /home/zhijie/autoware/install/tier4_localization_msgs/share/tier4_localization_msgs/environment/library_path.dsv
[12.659s] -- Up-to-date symlink: /home/zhijie/autoware/install/tier4_localization_msgs/include/tier4_localization_msgs/tier4_localization_msgs/msg/rosidl_typesupport_fastrtps_c__visibility_control.h
[12.659s] -- Up-to-date symlink: /home/zhijie/autoware/install/tier4_localization_msgs/include/tier4_localization_msgs/tier4_localization_msgs/srv/detail/pose_with_covariance_stamped__rosidl_typesupport_fastrtps_c.h
[12.659s] -- Up-to-date symlink: /home/zhijie/autoware/install/tier4_localization_msgs/include/tier4_localization_msgs/tier4_localization_msgs/msg/rosidl_typesupport_introspection_c__visibility_control.h
[12.659s] -- Up-to-date symlink: /home/zhijie/autoware/install/tier4_localization_msgs/include/tier4_localization_msgs/tier4_localization_msgs/srv/detail/pose_with_covariance_stamped__rosidl_typesupport_introspection_c.h
[12.659s] -- Up-to-date symlink: /home/zhijie/autoware/install/tier4_localization_msgs/include/tier4_localization_msgs/tier4_localization_msgs/srv/detail/pose_with_covariance_stamped__builder.hpp
[12.659s] -- Up-to-date symlink: /home/zhijie/autoware/install/tier4_localization_msgs/include/tier4_localization_msgs/tier4_localization_msgs/srv/detail/pose_with_covariance_stamped__struct.hpp
[12.659s] -- Up-to-date symlink: /home/zhijie/autoware/install/tier4_localization_msgs/include/tier4_localization_msgs/tier4_localization_msgs/srv/detail/pose_with_covariance_stamped__traits.hpp
[12.659s] -- Up-to-date symlink: /home/zhijie/autoware/install/tier4_localization_msgs/include/tier4_localization_msgs/tier4_localization_msgs/srv/pose_with_covariance_stamped.hpp
[12.660s] -- Up-to-date symlink: /home/zhijie/autoware/install/tier4_localization_msgs/include/tier4_localization_msgs/tier4_localization_msgs/msg/rosidl_typesupport_fastrtps_cpp__visibility_control.h
[12.660s] -- Up-to-date symlink: /home/zhijie/autoware/install/tier4_localization_msgs/include/tier4_localization_msgs/tier4_localization_msgs/srv/detail/pose_with_covariance_stamped__rosidl_typesupport_fastrtps_cpp.hpp
[12.660s] -- Up-to-date symlink: /home/zhijie/autoware/install/tier4_localization_msgs/include/tier4_localization_msgs/tier4_localization_msgs/srv/detail/pose_with_covariance_stamped__rosidl_typesupport_introspection_cpp.hpp
[12.660s] -- Up-to-date symlink: /home/zhijie/autoware/install/tier4_localization_msgs/share/tier4_localization_msgs/environment/pythonpath.sh
[12.660s] -- Up-to-date symlink: /home/zhijie/autoware/install/tier4_localization_msgs/share/tier4_localization_msgs/environment/pythonpath.dsv
[12.660s] -- Up-to-date symlink: /home/zhijie/autoware/install/tier4_localization_msgs/local/lib/python3.10/dist-packages/tier4_localization_msgs-0.1.0-py3.10.egg-info/PKG-INFO
[12.660s] -- Up-to-date symlink: /home/zhijie/autoware/install/tier4_localization_msgs/local/lib/python3.10/dist-packages/tier4_localization_msgs-0.1.0-py3.10.egg-info/SOURCES.txt
[12.660s] -- Up-to-date symlink: /home/zhijie/autoware/install/tier4_localization_msgs/local/lib/python3.10/dist-packages/tier4_localization_msgs-0.1.0-py3.10.egg-info/dependency_links.txt
[12.660s] -- Up-to-date symlink: /home/zhijie/autoware/install/tier4_localization_msgs/local/lib/python3.10/dist-packages/tier4_localization_msgs-0.1.0-py3.10.egg-info/top_level.txt
[12.660s] -- Up-to-date symlink: /home/zhijie/autoware/install/tier4_localization_msgs/local/lib/python3.10/dist-packages/tier4_localization_msgs/__init__.py
[12.660s] -- Up-to-date symlink: /home/zhijie/autoware/install/tier4_localization_msgs/local/lib/python3.10/dist-packages/tier4_localization_msgs/_tier4_localization_msgs_s.ep.rosidl_typesupport_c.c
[12.660s] -- Up-to-date symlink: /home/zhijie/autoware/install/tier4_localization_msgs/local/lib/python3.10/dist-packages/tier4_localization_msgs/_tier4_localization_msgs_s.ep.rosidl_typesupport_fastrtps_c.c
[12.660s] -- Up-to-date symlink: /home/zhijie/autoware/install/tier4_localization_msgs/local/lib/python3.10/dist-packages/tier4_localization_msgs/_tier4_localization_msgs_s.ep.rosidl_typesupport_introspection_c.c
[12.660s] -- Up-to-date symlink: /home/zhijie/autoware/install/tier4_localization_msgs/local/lib/python3.10/dist-packages/tier4_localization_msgs/libtier4_localization_msgs__rosidl_generator_py.so
[12.660s] -- Up-to-date symlink: /home/zhijie/autoware/install/tier4_localization_msgs/local/lib/python3.10/dist-packages/tier4_localization_msgs/srv/__init__.py
[12.661s] -- Up-to-date symlink: /home/zhijie/autoware/install/tier4_localization_msgs/local/lib/python3.10/dist-packages/tier4_localization_msgs/srv/_pose_with_covariance_stamped.py
[12.661s] -- Up-to-date symlink: /home/zhijie/autoware/install/tier4_localization_msgs/local/lib/python3.10/dist-packages/tier4_localization_msgs/srv/_pose_with_covariance_stamped_s.c
[12.661s] -- Up-to-date symlink: /home/zhijie/autoware/install/tier4_localization_msgs/local/lib/python3.10/dist-packages/tier4_localization_msgs/tier4_localization_msgs_s__rosidl_typesupport_c.cpython-310-x86_64-linux-gnu.so
[12.661s] -- Up-to-date symlink: /home/zhijie/autoware/install/tier4_localization_msgs/local/lib/python3.10/dist-packages/tier4_localization_msgs/tier4_localization_msgs_s__rosidl_typesupport_fastrtps_c.cpython-310-x86_64-linux-gnu.so
[12.661s] -- Up-to-date symlink: /home/zhijie/autoware/install/tier4_localization_msgs/local/lib/python3.10/dist-packages/tier4_localization_msgs/tier4_localization_msgs_s__rosidl_typesupport_introspection_c.cpython-310-x86_64-linux-gnu.so
[12.661s] -- Up-to-date symlink: /home/zhijie/autoware/install/tier4_localization_msgs/local/lib/python3.10/dist-packages/tier4_localization_msgs/tier4_localization_msgs_s__rosidl_typesupport_fastrtps_c.cpython-310-x86_64-linux-gnu.so
[12.661s] -- Up-to-date symlink: /home/zhijie/autoware/install/tier4_localization_msgs/local/lib/python3.10/dist-packages/tier4_localization_msgs/tier4_localization_msgs_s__rosidl_typesupport_introspection_c.cpython-310-x86_64-linux-gnu.so
[12.661s] -- Up-to-date symlink: /home/zhijie/autoware/install/tier4_localization_msgs/local/lib/python3.10/dist-packages/tier4_localization_msgs/tier4_localization_msgs_s__rosidl_typesupport_c.cpython-310-x86_64-linux-gnu.so
[12.661s] -- Up-to-date symlink: /home/zhijie/autoware/install/tier4_localization_msgs/share/tier4_localization_msgs/srv/PoseWithCovarianceStamped.idl
[12.661s] -- Up-to-date symlink: /home/zhijie/autoware/install/tier4_localization_msgs/share/tier4_localization_msgs/srv/PoseWithCovarianceStamped.srv
[12.661s] -- Up-to-date symlink: /home/zhijie/autoware/install/tier4_localization_msgs/share/tier4_localization_msgs/srv/PoseWithCovarianceStamped_Request.msg
[12.661s] -- Up-to-date symlink: /home/zhijie/autoware/install/tier4_localization_msgs/share/tier4_localization_msgs/srv/PoseWithCovarianceStamped_Response.msg
[12.661s] -- Up-to-date symlink: /home/zhijie/autoware/install/tier4_localization_msgs/share/ament_index/resource_index/package_run_dependencies/tier4_localization_msgs
[12.661s] -- Up-to-date symlink: /home/zhijie/autoware/install/tier4_localization_msgs/share/ament_index/resource_index/parent_prefix_path/tier4_localization_msgs
[12.662s] -- Up-to-date symlink: /home/zhijie/autoware/install/tier4_localization_msgs/share/tier4_localization_msgs/environment/ament_prefix_path.sh
[12.662s] -- Up-to-date symlink: /home/zhijie/autoware/install/tier4_localization_msgs/share/tier4_localization_msgs/environment/ament_prefix_path.dsv
[12.662s] -- Up-to-date symlink: /home/zhijie/autoware/install/tier4_localization_msgs/share/tier4_localization_msgs/environment/path.sh
[12.662s] -- Up-to-date symlink: /home/zhijie/autoware/install/tier4_localization_msgs/share/tier4_localization_msgs/environment/path.dsv
[12.662s] -- Up-to-date symlink: /home/zhijie/autoware/install/tier4_localization_msgs/share/tier4_localization_msgs/local_setup.bash
[12.662s] -- Up-to-date symlink: /home/zhijie/autoware/install/tier4_localization_msgs/share/tier4_localization_msgs/local_setup.sh
[12.663s] -- Up-to-date symlink: /home/zhijie/autoware/install/tier4_localization_msgs/share/tier4_localization_msgs/local_setup.zsh
[12.663s] -- Up-to-date symlink: /home/zhijie/autoware/install/tier4_localization_msgs/share/tier4_localization_msgs/local_setup.dsv
[12.663s] -- Symlinking: /home/zhijie/autoware/install/tier4_localization_msgs/share/tier4_localization_msgs/package.dsv
[12.663s] -- Up-to-date symlink: /home/zhijie/autoware/install/tier4_localization_msgs/share/ament_index/resource_index/packages/tier4_localization_msgs
[12.663s] -- Up-to-date symlink: /home/zhijie/autoware/install/tier4_localization_msgs/share/tier4_localization_msgs/cmake/rosidl_cmake-extras.cmake
[12.664s] -- Up-to-date symlink: /home/zhijie/autoware/install/tier4_localization_msgs/share/tier4_localization_msgs/cmake/ament_cmake_export_dependencies-extras.cmake
[12.664s] -- Up-to-date symlink: /home/zhijie/autoware/install/tier4_localization_msgs/share/tier4_localization_msgs/cmake/ament_cmake_export_include_directories-extras.cmake
[12.664s] -- Up-to-date symlink: /home/zhijie/autoware/install/tier4_localization_msgs/share/tier4_localization_msgs/cmake/ament_cmake_export_libraries-extras.cmake
[12.664s] -- Up-to-date symlink: /home/zhijie/autoware/install/tier4_localization_msgs/share/tier4_localization_msgs/cmake/ament_cmake_export_targets-extras.cmake
[12.664s] -- Up-to-date symlink: /home/zhijie/autoware/install/tier4_localization_msgs/share/tier4_localization_msgs/cmake/rosidl_cmake_export_typesupport_targets-extras.cmake
[12.664s] -- Up-to-date symlink: /home/zhijie/autoware/install/tier4_localization_msgs/share/tier4_localization_msgs/cmake/rosidl_cmake_export_typesupport_libraries-extras.cmake
[12.664s] -- Up-to-date symlink: /home/zhijie/autoware/install/tier4_localization_msgs/share/tier4_localization_msgs/cmake/tier4_localization_msgsConfig.cmake
[12.664s] -- Up-to-date symlink: /home/zhijie/autoware/install/tier4_localization_msgs/share/tier4_localization_msgs/cmake/tier4_localization_msgsConfig-version.cmake
[12.665s] -- Up-to-date symlink: /home/zhijie/autoware/install/tier4_localization_msgs/share/tier4_localization_msgs/package.xml
[12.665s] -- Up-to-date: /home/zhijie/autoware/install/tier4_localization_msgs/lib/libtier4_localization_msgs__rosidl_generator_c.so
[12.665s] -- Installing: /home/zhijie/autoware/install/tier4_localization_msgs/lib/libtier4_localization_msgs__rosidl_typesupport_fastrtps_c.so
[12.665s] -- Set runtime path of "/home/zhijie/autoware/install/tier4_localization_msgs/lib/libtier4_localization_msgs__rosidl_typesupport_fastrtps_c.so" to ""
[12.665s] -- Up-to-date: /home/zhijie/autoware/install/tier4_localization_msgs/lib/libtier4_localization_msgs__rosidl_typesupport_introspection_c.so
[12.665s] -- Up-to-date: /home/zhijie/autoware/install/tier4_localization_msgs/lib/libtier4_localization_msgs__rosidl_typesupport_c.so
[12.665s] -- Installing: /home/zhijie/autoware/install/tier4_localization_msgs/lib/libtier4_localization_msgs__rosidl_typesupport_fastrtps_cpp.so
[12.665s] -- Set runtime path of "/home/zhijie/autoware/install/tier4_localization_msgs/lib/libtier4_localization_msgs__rosidl_typesupport_fastrtps_cpp.so" to ""
[12.665s] -- Installing: /home/zhijie/autoware/install/tier4_localization_msgs/lib/libtier4_localization_msgs__rosidl_typesupport_introspection_cpp.so
[12.665s] -- Set runtime path of "/home/zhijie/autoware/install/tier4_localization_msgs/lib/libtier4_localization_msgs__rosidl_typesupport_introspection_cpp.so" to ""
[12.665s] -- Installing: /home/zhijie/autoware/install/tier4_localization_msgs/lib/libtier4_localization_msgs__rosidl_typesupport_cpp.so
[12.666s] -- Set runtime path of "/home/zhijie/autoware/install/tier4_localization_msgs/lib/libtier4_localization_msgs__rosidl_typesupport_cpp.so" to ""
[12.666s] Listing '/home/zhijie/autoware/install/tier4_localization_msgs/local/lib/python3.10/dist-packages/tier4_localization_msgs'...
[12.666s] Compiling '/home/zhijie/autoware/install/tier4_localization_msgs/local/lib/python3.10/dist-packages/tier4_localization_msgs/__init__.py'...
[12.666s] Listing '/home/zhijie/autoware/install/tier4_localization_msgs/local/lib/python3.10/dist-packages/tier4_localization_msgs/srv'...
[12.667s] -- Installing: /home/zhijie/autoware/install/tier4_localization_msgs/lib/libtier4_localization_msgs__rosidl_generator_py.so
[12.667s] -- Set runtime path of "/home/zhijie/autoware/install/tier4_localization_msgs/lib/libtier4_localization_msgs__rosidl_generator_py.so" to ""
[12.667s] -- Up-to-date: /home/zhijie/autoware/install/tier4_localization_msgs/share/tier4_localization_msgs/cmake/export_tier4_localization_msgs__rosidl_generator_cExport.cmake
[12.667s] -- Up-to-date: /home/zhijie/autoware/install/tier4_localization_msgs/share/tier4_localization_msgs/cmake/export_tier4_localization_msgs__rosidl_generator_cExport-release.cmake
[12.667s] -- Up-to-date: /home/zhijie/autoware/install/tier4_localization_msgs/share/tier4_localization_msgs/cmake/export_tier4_localization_msgs__rosidl_typesupport_fastrtps_cExport.cmake
[12.667s] -- Up-to-date: /home/zhijie/autoware/install/tier4_localization_msgs/share/tier4_localization_msgs/cmake/export_tier4_localization_msgs__rosidl_typesupport_fastrtps_cExport-release.cmake
[12.667s] -- Up-to-date: /home/zhijie/autoware/install/tier4_localization_msgs/share/tier4_localization_msgs/cmake/tier4_localization_msgs__rosidl_typesupport_introspection_cExport.cmake
[12.668s] -- Up-to-date: /home/zhijie/autoware/install/tier4_localization_msgs/share/tier4_localization_msgs/cmake/tier4_localization_msgs__rosidl_typesupport_introspection_cExport-release.cmake
[12.669s] -- Up-to-date: /home/zhijie/autoware/install/tier4_localization_msgs/share/tier4_localization_msgs/cmake/tier4_localization_msgs__rosidl_typesupport_cExport.cmake
[12.669s] -- Up-to-date: /home/zhijie/autoware/install/tier4_localization_msgs/share/tier4_localization_msgs/cmake/tier4_localization_msgs__rosidl_typesupport_cExport-release.cmake
[12.669s] -- Up-to-date: /home/zhijie/autoware/install/tier4_localization_msgs/share/tier4_localization_msgs/cmake/export_tier4_localization_msgs__rosidl_generator_cppExport.cmake
[12.669s] -- Up-to-date: /home/zhijie/autoware/install/tier4_localization_msgs/share/tier4_localization_msgs/cmake/export_tier4_localization_msgs__rosidl_typesupport_fastrtps_cppExport.cmake
[12.669s] -- Up-to-date: /home/zhijie/autoware/install/tier4_localization_msgs/share/tier4_localization_msgs/cmake/export_tier4_localization_msgs__rosidl_typesupport_fastrtps_cppExport-release.cmake
[12.669s] -- Up-to-date: /home/zhijie/autoware/install/tier4_localization_msgs/share/tier4_localization_msgs/cmake/tier4_localization_msgs__rosidl_typesupport_introspection_cppExport.cmake
[12.669s] -- Up-to-date: /home/zhijie/autoware/install/tier4_localization_msgs/share/tier4_localization_msgs/cmake/tier4_localization_msgs__rosidl_typesupport_introspection_cppExport-release.cmake
[12.669s] -- Up-to-date: /home/zhijie/autoware/install/tier4_localization_msgs/share/tier4_localization_msgs/cmake/tier4_localization_msgs__rosidl_typesupport_cppExport.cmake
[12.670s] -- Up-to-date: /home/zhijie/autoware/install/tier4_localization_msgs/share/tier4_localization_msgs/cmake/tier4_localization_msgs__rosidl_typesupport_cppExport-release.cmake
[12.670s] -- Up-to-date: /home/zhijie/autoware/install/tier4_localization_msgs/share/tier4_localization_msgs/cmake/export_tier4_localization_msgs__rosidl_generator_pyExport.cmake
[12.670s] -- Up-to-date: /home/zhijie/autoware/install/tier4_localization_msgs/share/tier4_localization_msgs/cmake/export_tier4_localization_msgs__rosidl_generator_pyExport-release.cmake
[12.684s] Invoked command in '/home/zhijie/autoware/build/tier4_localization_msgs' returned '0': CMAKE_PREFIX_PATH=/opt/ros/humble /usr/bin/cmake --install /home/zhijie/autoware/build/tier4_localization_msgs
