[0.021s] Invoking command in '/home/zhijie/autoware/build/mussp': CMAKE_PREFIX_PATH=/opt/ros/humble /usr/bin/cmake /home/zhijie/autoware/src/universe/external/muSSP -DCMAKE_BUILD_TYPE=Release -DAMENT_CMAKE_SYMLINK_INSTALL=1 -DCMAKE_INSTALL_PREFIX=/home/zhijie/autoware/install/mussp
[13.847s] -- Found ament_cmake_auto: 1.3.5 (/opt/ros/humble/share/ament_cmake_auto/cmake)
[13.847s] -- Override CMake install command with custom implementation using symlinks instead of copying resources
[13.847s] -- Configuring done
[13.847s] -- Generating done
[13.847s] -- Build files have been written to: /home/zhijie/autoware/build/mussp
[13.901s] Invoked command in '/home/zhijie/autoware/build/mussp' returned '0': CMAKE_PREFIX_PATH=/opt/ros/humble /usr/bin/cmake /home/zhijie/autoware/src/universe/external/muSSP -DCMAKE_BUILD_TYPE=Release -DAMENT_CMAKE_SYMLINK_INSTALL=1 -DCMAKE_INSTALL_PREFIX=/home/zhijie/autoware/install/mussp
[13.902s] Invoking command in '/home/zhijie/autoware/build/mussp': CMAKE_PREFIX_PATH=/opt/ros/humble /usr/bin/cmake --build /home/zhijie/autoware/build/mussp -- -j16 -l16
[18.045s] [35m[1mConsolidate compiler generated dependencies of target mussp[0m
[18.045s] [ 20%] [32mBuilding CXX object CMakeFiles/mussp.dir/muSSP/Graph.cpp.o[0m
[18.045s] [ 40%] [32mBuilding CXX object CMakeFiles/mussp.dir/muSSP/mussp.cpp.o[0m
[18.953s] [ 60%] [32m[1mLinking CXX shared library libmussp.so[0m
[19.218s] [100%] Built target mussp
[19.233s] Invoked command in '/home/zhijie/autoware/build/mussp' returned '0': CMAKE_PREFIX_PATH=/opt/ros/humble /usr/bin/cmake --build /home/zhijie/autoware/build/mussp -- -j16 -l16
[19.382s] Invoking command in '/home/zhijie/autoware/build/mussp': CMAKE_PREFIX_PATH=/opt/ros/humble /usr/bin/cmake --install /home/zhijie/autoware/build/mussp
[25.498s] -- Install configuration: "Release"
[25.498s] -- Execute custom install script
[25.498s] -- Up-to-date symlink: /home/zhijie/autoware/install/mussp/include/mussp/Graph.h
[25.498s] -- Up-to-date symlink: /home/zhijie/autoware/install/mussp/include/mussp/Node.h
[25.500s] -- Up-to-date symlink: /home/zhijie/autoware/install/mussp/include/mussp/Sink.h
[25.500s] -- Up-to-date symlink: /home/zhijie/autoware/install/mussp/include/mussp/mussp.h
[25.500s] -- Up-to-date symlink: /home/zhijie/autoware/install/mussp/share/mussp/environment/library_path.sh
[25.501s] -- Up-to-date symlink: /home/zhijie/autoware/install/mussp/share/mussp/environment/library_path.dsv
[25.501s] -- Up-to-date symlink: /home/zhijie/autoware/install/mussp/lib/libmussp.so
[25.504s] -- Up-to-date symlink: /home/zhijie/autoware/install/mussp/share/ament_index/resource_index/package_run_dependencies/mussp
[25.505s] -- Up-to-date symlink: /home/zhijie/autoware/install/mussp/share/ament_index/resource_index/parent_prefix_path/mussp
[25.505s] -- Up-to-date symlink: /home/zhijie/autoware/install/mussp/share/mussp/environment/ament_prefix_path.sh
[25.505s] -- Up-to-date symlink: /home/zhijie/autoware/install/mussp/share/mussp/environment/ament_prefix_path.dsv
[25.505s] -- Up-to-date symlink: /home/zhijie/autoware/install/mussp/share/mussp/environment/path.sh
[25.505s] -- Up-to-date symlink: /home/zhijie/autoware/install/mussp/share/mussp/environment/path.dsv
[25.505s] -- Up-to-date symlink: /home/zhijie/autoware/install/mussp/share/mussp/local_setup.bash
[25.506s] -- Up-to-date symlink: /home/zhijie/autoware/install/mussp/share/mussp/local_setup.sh
[25.506s] -- Up-to-date symlink: /home/zhijie/autoware/install/mussp/share/mussp/local_setup.zsh
[25.506s] -- Up-to-date symlink: /home/zhijie/autoware/install/mussp/share/mussp/local_setup.dsv
[25.506s] -- Symlinking: /home/zhijie/autoware/install/mussp/share/mussp/package.dsv
[25.506s] -- Up-to-date symlink: /home/zhijie/autoware/install/mussp/share/ament_index/resource_index/packages/mussp
[25.506s] -- Up-to-date symlink: /home/zhijie/autoware/install/mussp/share/mussp/cmake/ament_cmake_export_include_directories-extras.cmake
[25.506s] -- Up-to-date symlink: /home/zhijie/autoware/install/mussp/share/mussp/cmake/ament_cmake_export_libraries-extras.cmake
[25.506s] -- Up-to-date symlink: /home/zhijie/autoware/install/mussp/share/mussp/cmake/musspConfig.cmake
[25.506s] -- Up-to-date symlink: /home/zhijie/autoware/install/mussp/share/mussp/cmake/musspConfig-version.cmake
[25.507s] -- Up-to-date symlink: /home/zhijie/autoware/install/mussp/share/mussp/package.xml
[25.594s] Invoked command in '/home/zhijie/autoware/build/mussp' returned '0': CMAKE_PREFIX_PATH=/opt/ros/humble /usr/bin/cmake --install /home/zhijie/autoware/build/mussp
