[0.123s] Invoking command in '/home/zhijie/autoware/build/autoware_auto_msgs_adapter': AMENT_PREFIX_PATH=/home/zhijie/autoware/install/autoware_cmake:/home/zhijie/autoware/install/autoware_auto_perception_msgs:/home/zhijie/autoware/install/autoware_perception_msgs:/home/zhijie/autoware/install/autoware_lint_common:/home/zhijie/autoware/install/autoware_control_msgs:/home/zhijie/autoware/install/autoware_auto_geometry_msgs:/home/zhijie/autoware/install/autoware_auto_control_msgs:${AMENT_PREFIX_PATH} CMAKE_PREFIX_PATH=/home/zhijie/autoware/install/autoware_cmake:/home/zhijie/autoware/install/autoware_auto_perception_msgs:/home/zhijie/autoware/install/autoware_perception_msgs:/home/zhijie/autoware/install/autoware_lint_common:/home/zhijie/autoware/install/autoware_control_msgs:/home/zhijie/autoware/install/autoware_auto_geometry_msgs:/home/zhijie/autoware/install/autoware_auto_control_msgs:/opt/ros/humble LD_LIBRARY_PATH=/home/zhijie/autoware/install/autoware_auto_perception_msgs/lib:/home/zhijie/autoware/install/autoware_perception_msgs/lib:/home/zhijie/autoware/install/autoware_control_msgs/lib:/home/zhijie/autoware/install/autoware_auto_geometry_msgs/lib:/home/zhijie/autoware/install/autoware_auto_control_msgs/lib:${LD_LIBRARY_PATH} PYTHONPATH=/home/zhijie/autoware/install/autoware_auto_perception_msgs/local/lib/python3.10/dist-packages:/home/zhijie/autoware/install/autoware_perception_msgs/local/lib/python3.10/dist-packages:/home/zhijie/autoware/install/autoware_control_msgs/local/lib/python3.10/dist-packages:/home/zhijie/autoware/install/autoware_auto_geometry_msgs/local/lib/python3.10/dist-packages:/home/zhijie/autoware/install/autoware_auto_control_msgs/local/lib/python3.10/dist-packages:${PYTHONPATH} /usr/bin/cmake /home/zhijie/autoware/src/universe/autoware.universe/system/autoware_auto_msgs_adapter -DCMAKE_BUILD_TYPE=Release -DAMENT_CMAKE_SYMLINK_INSTALL=1 -DCMAKE_INSTALL_PREFIX=/home/zhijie/autoware/install/autoware_auto_msgs_adapter
[4.429s] -- Found autoware_cmake: 0.1.0 (/home/zhijie/autoware/install/autoware_cmake/share/autoware_cmake/cmake)
[4.429s] -- Override CMake install command with custom implementation using symlinks instead of copying resources
[4.429s] -- Using all available rosidl_typesupport_c: rosidl_typesupport_fastrtps_c;rosidl_typesupport_introspection_c
[4.429s] -- Found rosidl_adapter: 3.1.5 (/opt/ros/humble/share/rosidl_adapter/cmake)
[4.429s] -- Using all available rosidl_typesupport_cpp: rosidl_typesupport_fastrtps_cpp;rosidl_typesupport_introspection_cpp
[4.429s] -- Found rmw_implementation_cmake: 6.1.1 (/opt/ros/humble/share/rmw_implementation_cmake/cmake)
[4.429s] -- Found rmw_cyclonedds_cpp: 1.3.4 (/opt/ros/humble/share/rmw_cyclonedds_cpp/cmake)
[4.429s] -- Using RMW implementation 'rmw_cyclonedds_cpp' as default
[4.429s] -- Found ament_lint_auto: 0.12.8 (/opt/ros/humble/share/ament_lint_auto/cmake)
[4.430s] -- Found gtest sources under '/opt/ros/humble/src/gtest_vendor': C++ tests using 'Google Test' will be built
[4.430s] -- Added test 'copyright' to check source files copyright and LICENSE
[4.430s] -- Added test 'cppcheck' to perform static code analysis on C / C++ code
[4.430s] -- Configured cppcheck include dirs: /home/zhijie/autoware/src/universe/autoware.universe/system/autoware_auto_msgs_adapter/src/include
[4.430s] -- Configured cppcheck exclude dirs and/or files: 
[4.430s] -- Added test 'lint_cmake' to check CMake code style
[4.430s] -- Added test 'xmllint' to check XML markup files
[4.430s] -- Configuring done
[4.430s] -- Generating done
[4.431s] -- Build files have been written to: /home/zhijie/autoware/build/autoware_auto_msgs_adapter
[4.471s] Invoked command in '/home/zhijie/autoware/build/autoware_auto_msgs_adapter' returned '0': AMENT_PREFIX_PATH=/home/zhijie/autoware/install/autoware_cmake:/home/zhijie/autoware/install/autoware_auto_perception_msgs:/home/zhijie/autoware/install/autoware_perception_msgs:/home/zhijie/autoware/install/autoware_lint_common:/home/zhijie/autoware/install/autoware_control_msgs:/home/zhijie/autoware/install/autoware_auto_geometry_msgs:/home/zhijie/autoware/install/autoware_auto_control_msgs:${AMENT_PREFIX_PATH} CMAKE_PREFIX_PATH=/home/zhijie/autoware/install/autoware_cmake:/home/zhijie/autoware/install/autoware_auto_perception_msgs:/home/zhijie/autoware/install/autoware_perception_msgs:/home/zhijie/autoware/install/autoware_lint_common:/home/zhijie/autoware/install/autoware_control_msgs:/home/zhijie/autoware/install/autoware_auto_geometry_msgs:/home/zhijie/autoware/install/autoware_auto_control_msgs:/opt/ros/humble LD_LIBRARY_PATH=/home/zhijie/autoware/install/autoware_auto_perception_msgs/lib:/home/zhijie/autoware/install/autoware_perception_msgs/lib:/home/zhijie/autoware/install/autoware_control_msgs/lib:/home/zhijie/autoware/install/autoware_auto_geometry_msgs/lib:/home/zhijie/autoware/install/autoware_auto_control_msgs/lib:${LD_LIBRARY_PATH} PYTHONPATH=/home/zhijie/autoware/install/autoware_auto_perception_msgs/local/lib/python3.10/dist-packages:/home/zhijie/autoware/install/autoware_perception_msgs/local/lib/python3.10/dist-packages:/home/zhijie/autoware/install/autoware_control_msgs/local/lib/python3.10/dist-packages:/home/zhijie/autoware/install/autoware_auto_geometry_msgs/local/lib/python3.10/dist-packages:/home/zhijie/autoware/install/autoware_auto_control_msgs/local/lib/python3.10/dist-packages:${PYTHONPATH} /usr/bin/cmake /home/zhijie/autoware/src/universe/autoware.universe/system/autoware_auto_msgs_adapter -DCMAKE_BUILD_TYPE=Release -DAMENT_CMAKE_SYMLINK_INSTALL=1 -DCMAKE_INSTALL_PREFIX=/home/zhijie/autoware/install/autoware_auto_msgs_adapter
[4.471s] Invoking command in '/home/zhijie/autoware/build/autoware_auto_msgs_adapter': AMENT_PREFIX_PATH=/home/zhijie/autoware/install/autoware_cmake:/home/zhijie/autoware/install/autoware_auto_perception_msgs:/home/zhijie/autoware/install/autoware_perception_msgs:/home/zhijie/autoware/install/autoware_lint_common:/home/zhijie/autoware/install/autoware_control_msgs:/home/zhijie/autoware/install/autoware_auto_geometry_msgs:/home/zhijie/autoware/install/autoware_auto_control_msgs:${AMENT_PREFIX_PATH} CMAKE_PREFIX_PATH=/home/zhijie/autoware/install/autoware_cmake:/home/zhijie/autoware/install/autoware_auto_perception_msgs:/home/zhijie/autoware/install/autoware_perception_msgs:/home/zhijie/autoware/install/autoware_lint_common:/home/zhijie/autoware/install/autoware_control_msgs:/home/zhijie/autoware/install/autoware_auto_geometry_msgs:/home/zhijie/autoware/install/autoware_auto_control_msgs:/opt/ros/humble LD_LIBRARY_PATH=/home/zhijie/autoware/install/autoware_auto_perception_msgs/lib:/home/zhijie/autoware/install/autoware_perception_msgs/lib:/home/zhijie/autoware/install/autoware_control_msgs/lib:/home/zhijie/autoware/install/autoware_auto_geometry_msgs/lib:/home/zhijie/autoware/install/autoware_auto_control_msgs/lib:${LD_LIBRARY_PATH} PYTHONPATH=/home/zhijie/autoware/install/autoware_auto_perception_msgs/local/lib/python3.10/dist-packages:/home/zhijie/autoware/install/autoware_perception_msgs/local/lib/python3.10/dist-packages:/home/zhijie/autoware/install/autoware_control_msgs/local/lib/python3.10/dist-packages:/home/zhijie/autoware/install/autoware_auto_geometry_msgs/local/lib/python3.10/dist-packages:/home/zhijie/autoware/install/autoware_auto_control_msgs/local/lib/python3.10/dist-packages:${PYTHONPATH} /usr/bin/cmake --build /home/zhijie/autoware/build/autoware_auto_msgs_adapter -- -j16 -l16
[8.057s] [35m[1mConsolidate compiler generated dependencies of target autoware_auto_msgs_adapter_node[0m
[8.058s] [  8%] [32mBuilding CXX object CMakeFiles/autoware_auto_msgs_adapter_node.dir/src/autoware_auto_msgs_adapter_core.cpp.o[0m
[29.335s] [ 16%] [32m[1mLinking CXX shared library libautoware_auto_msgs_adapter_node.so[0m
[29.686s] [ 16%] Built target autoware_auto_msgs_adapter_node
[29.703s] [35m[1mConsolidate compiler generated dependencies of target gtest[0m
[29.725s] [ 25%] [32mBuilding CXX object gtest/CMakeFiles/gtest.dir/src/gtest-all.cc.o[0m
[38.455s] [ 33%] [32m[1mLinking CXX static library libgtest.a[0m
[38.532s] [ 33%] Built target gtest
[38.548s] [35m[1mConsolidate compiler generated dependencies of target gtest_main[0m
[38.578s] [ 41%] [32mBuilding CXX object gtest/CMakeFiles/gtest_main.dir/src/gtest_main.cc.o[0m
[40.019s] [ 50%] [32m[1mLinking CXX static library libgtest_main.a[0m
[40.063s] [ 50%] Built target gtest_main
[40.079s] [35m[1mConsolidate compiler generated dependencies of target autoware_auto_msgs_adapter_exe[0m
[40.101s] [ 58%] [32mBuilding CXX object CMakeFiles/autoware_auto_msgs_adapter_exe.dir/rclcpp_components/node_main_autoware_auto_msgs_adapter_exe.cpp.o[0m
[43.456s] [ 66%] [32m[1mLinking CXX executable autoware_auto_msgs_adapter_exe[0m
[43.570s] [ 66%] Built target autoware_auto_msgs_adapter_exe
[43.583s] [35m[1mConsolidate compiler generated dependencies of target test_autoware_auto_msgs_adapter[0m
[43.606s] [ 75%] [32mBuilding CXX object CMakeFiles/test_autoware_auto_msgs_adapter.dir/test/test_msg_predicted_objects.cpp.o[0m
[43.607s] [ 83%] [32mBuilding CXX object CMakeFiles/test_autoware_auto_msgs_adapter.dir/test/test_autoware_auto_msgs_adapter.cpp.o[0m
[43.608s] [ 91%] [32mBuilding CXX object CMakeFiles/test_autoware_auto_msgs_adapter.dir/test/test_msg_ackermann_control_command.cpp.o[0m
[78.353s] [100%] [32m[1mLinking CXX executable test_autoware_auto_msgs_adapter[0m
[79.101s] [100%] Built target test_autoware_auto_msgs_adapter
[79.135s] Invoked command in '/home/zhijie/autoware/build/autoware_auto_msgs_adapter' returned '0': AMENT_PREFIX_PATH=/home/zhijie/autoware/install/autoware_cmake:/home/zhijie/autoware/install/autoware_auto_perception_msgs:/home/zhijie/autoware/install/autoware_perception_msgs:/home/zhijie/autoware/install/autoware_lint_common:/home/zhijie/autoware/install/autoware_control_msgs:/home/zhijie/autoware/install/autoware_auto_geometry_msgs:/home/zhijie/autoware/install/autoware_auto_control_msgs:${AMENT_PREFIX_PATH} CMAKE_PREFIX_PATH=/home/zhijie/autoware/install/autoware_cmake:/home/zhijie/autoware/install/autoware_auto_perception_msgs:/home/zhijie/autoware/install/autoware_perception_msgs:/home/zhijie/autoware/install/autoware_lint_common:/home/zhijie/autoware/install/autoware_control_msgs:/home/zhijie/autoware/install/autoware_auto_geometry_msgs:/home/zhijie/autoware/install/autoware_auto_control_msgs:/opt/ros/humble LD_LIBRARY_PATH=/home/zhijie/autoware/install/autoware_auto_perception_msgs/lib:/home/zhijie/autoware/install/autoware_perception_msgs/lib:/home/zhijie/autoware/install/autoware_control_msgs/lib:/home/zhijie/autoware/install/autoware_auto_geometry_msgs/lib:/home/zhijie/autoware/install/autoware_auto_control_msgs/lib:${LD_LIBRARY_PATH} PYTHONPATH=/home/zhijie/autoware/install/autoware_auto_perception_msgs/local/lib/python3.10/dist-packages:/home/zhijie/autoware/install/autoware_perception_msgs/local/lib/python3.10/dist-packages:/home/zhijie/autoware/install/autoware_control_msgs/local/lib/python3.10/dist-packages:/home/zhijie/autoware/install/autoware_auto_geometry_msgs/local/lib/python3.10/dist-packages:/home/zhijie/autoware/install/autoware_auto_control_msgs/local/lib/python3.10/dist-packages:${PYTHONPATH} /usr/bin/cmake --build /home/zhijie/autoware/build/autoware_auto_msgs_adapter -- -j16 -l16
[79.495s] Invoking command in '/home/zhijie/autoware/build/autoware_auto_msgs_adapter': AMENT_PREFIX_PATH=/home/zhijie/autoware/install/autoware_cmake:/home/zhijie/autoware/install/autoware_auto_perception_msgs:/home/zhijie/autoware/install/autoware_perception_msgs:/home/zhijie/autoware/install/autoware_lint_common:/home/zhijie/autoware/install/autoware_control_msgs:/home/zhijie/autoware/install/autoware_auto_geometry_msgs:/home/zhijie/autoware/install/autoware_auto_control_msgs:${AMENT_PREFIX_PATH} CMAKE_PREFIX_PATH=/home/zhijie/autoware/install/autoware_cmake:/home/zhijie/autoware/install/autoware_auto_perception_msgs:/home/zhijie/autoware/install/autoware_perception_msgs:/home/zhijie/autoware/install/autoware_lint_common:/home/zhijie/autoware/install/autoware_control_msgs:/home/zhijie/autoware/install/autoware_auto_geometry_msgs:/home/zhijie/autoware/install/autoware_auto_control_msgs:/opt/ros/humble LD_LIBRARY_PATH=/home/zhijie/autoware/install/autoware_auto_perception_msgs/lib:/home/zhijie/autoware/install/autoware_perception_msgs/lib:/home/zhijie/autoware/install/autoware_control_msgs/lib:/home/zhijie/autoware/install/autoware_auto_geometry_msgs/lib:/home/zhijie/autoware/install/autoware_auto_control_msgs/lib:${LD_LIBRARY_PATH} PYTHONPATH=/home/zhijie/autoware/install/autoware_auto_perception_msgs/local/lib/python3.10/dist-packages:/home/zhijie/autoware/install/autoware_perception_msgs/local/lib/python3.10/dist-packages:/home/zhijie/autoware/install/autoware_control_msgs/local/lib/python3.10/dist-packages:/home/zhijie/autoware/install/autoware_auto_geometry_msgs/local/lib/python3.10/dist-packages:/home/zhijie/autoware/install/autoware_auto_control_msgs/local/lib/python3.10/dist-packages:${PYTHONPATH} /usr/bin/cmake --install /home/zhijie/autoware/build/autoware_auto_msgs_adapter
[86.662s] -- Install configuration: "Release"
[86.662s] -- Execute custom install script
[86.662s] -- Up-to-date symlink: /home/zhijie/autoware/install/autoware_auto_msgs_adapter/lib/autoware_auto_msgs_adapter/autoware_auto_msgs_adapter_exe
[86.662s] -- Up-to-date symlink: /home/zhijie/autoware/install/autoware_auto_msgs_adapter/share/autoware_auto_msgs_adapter/environment/library_path.sh
[86.662s] -- Up-to-date symlink: /home/zhijie/autoware/install/autoware_auto_msgs_adapter/share/autoware_auto_msgs_adapter/environment/library_path.dsv
[86.663s] -- Up-to-date symlink: /home/zhijie/autoware/install/autoware_auto_msgs_adapter/lib/libautoware_auto_msgs_adapter_node.so
[86.663s] -- Up-to-date symlink: /home/zhijie/autoware/install/autoware_auto_msgs_adapter/share/autoware_auto_msgs_adapter/launch/autoware_auto_msgs_adapter.launch.xml
[86.663s] -- Up-to-date symlink: /home/zhijie/autoware/install/autoware_auto_msgs_adapter/share/autoware_auto_msgs_adapter/config/adapter_control.param.yaml
[86.663s] -- Up-to-date symlink: /home/zhijie/autoware/install/autoware_auto_msgs_adapter/share/autoware_auto_msgs_adapter/config/adapter_perception.param.yaml
[86.663s] -- Up-to-date symlink: /home/zhijie/autoware/install/autoware_auto_msgs_adapter/share/ament_index/resource_index/package_run_dependencies/autoware_auto_msgs_adapter
[86.663s] -- Up-to-date symlink: /home/zhijie/autoware/install/autoware_auto_msgs_adapter/share/ament_index/resource_index/parent_prefix_path/autoware_auto_msgs_adapter
[86.663s] -- Up-to-date symlink: /home/zhijie/autoware/install/autoware_auto_msgs_adapter/share/autoware_auto_msgs_adapter/environment/ament_prefix_path.sh
[86.663s] -- Up-to-date symlink: /home/zhijie/autoware/install/autoware_auto_msgs_adapter/share/autoware_auto_msgs_adapter/environment/ament_prefix_path.dsv
[86.664s] -- Up-to-date symlink: /home/zhijie/autoware/install/autoware_auto_msgs_adapter/share/autoware_auto_msgs_adapter/environment/path.sh
[86.664s] -- Up-to-date symlink: /home/zhijie/autoware/install/autoware_auto_msgs_adapter/share/autoware_auto_msgs_adapter/environment/path.dsv
[86.664s] -- Up-to-date symlink: /home/zhijie/autoware/install/autoware_auto_msgs_adapter/share/autoware_auto_msgs_adapter/local_setup.bash
[86.664s] -- Up-to-date symlink: /home/zhijie/autoware/install/autoware_auto_msgs_adapter/share/autoware_auto_msgs_adapter/local_setup.sh
[86.664s] -- Up-to-date symlink: /home/zhijie/autoware/install/autoware_auto_msgs_adapter/share/autoware_auto_msgs_adapter/local_setup.zsh
[86.664s] -- Up-to-date symlink: /home/zhijie/autoware/install/autoware_auto_msgs_adapter/share/autoware_auto_msgs_adapter/local_setup.dsv
[86.664s] -- Symlinking: /home/zhijie/autoware/install/autoware_auto_msgs_adapter/share/autoware_auto_msgs_adapter/package.dsv
[86.664s] -- Up-to-date symlink: /home/zhijie/autoware/install/autoware_auto_msgs_adapter/share/ament_index/resource_index/packages/autoware_auto_msgs_adapter
[86.664s] -- Up-to-date symlink: /home/zhijie/autoware/install/autoware_auto_msgs_adapter/share/ament_index/resource_index/rclcpp_components/autoware_auto_msgs_adapter
[86.664s] -- Up-to-date symlink: /home/zhijie/autoware/install/autoware_auto_msgs_adapter/share/autoware_auto_msgs_adapter/cmake/ament_cmake_export_dependencies-extras.cmake
[86.665s] -- Up-to-date symlink: /home/zhijie/autoware/install/autoware_auto_msgs_adapter/share/autoware_auto_msgs_adapter/cmake/ament_cmake_export_libraries-extras.cmake
[86.665s] -- Up-to-date symlink: /home/zhijie/autoware/install/autoware_auto_msgs_adapter/share/autoware_auto_msgs_adapter/cmake/autoware_auto_msgs_adapterConfig.cmake
[86.665s] -- Up-to-date symlink: /home/zhijie/autoware/install/autoware_auto_msgs_adapter/share/autoware_auto_msgs_adapter/cmake/autoware_auto_msgs_adapterConfig-version.cmake
[86.665s] -- Up-to-date symlink: /home/zhijie/autoware/install/autoware_auto_msgs_adapter/share/autoware_auto_msgs_adapter/package.xml
[86.690s] Invoked command in '/home/zhijie/autoware/build/autoware_auto_msgs_adapter' returned '0': AMENT_PREFIX_PATH=/home/zhijie/autoware/install/autoware_cmake:/home/zhijie/autoware/install/autoware_auto_perception_msgs:/home/zhijie/autoware/install/autoware_perception_msgs:/home/zhijie/autoware/install/autoware_lint_common:/home/zhijie/autoware/install/autoware_control_msgs:/home/zhijie/autoware/install/autoware_auto_geometry_msgs:/home/zhijie/autoware/install/autoware_auto_control_msgs:${AMENT_PREFIX_PATH} CMAKE_PREFIX_PATH=/home/zhijie/autoware/install/autoware_cmake:/home/zhijie/autoware/install/autoware_auto_perception_msgs:/home/zhijie/autoware/install/autoware_perception_msgs:/home/zhijie/autoware/install/autoware_lint_common:/home/zhijie/autoware/install/autoware_control_msgs:/home/zhijie/autoware/install/autoware_auto_geometry_msgs:/home/zhijie/autoware/install/autoware_auto_control_msgs:/opt/ros/humble LD_LIBRARY_PATH=/home/zhijie/autoware/install/autoware_auto_perception_msgs/lib:/home/zhijie/autoware/install/autoware_perception_msgs/lib:/home/zhijie/autoware/install/autoware_control_msgs/lib:/home/zhijie/autoware/install/autoware_auto_geometry_msgs/lib:/home/zhijie/autoware/install/autoware_auto_control_msgs/lib:${LD_LIBRARY_PATH} PYTHONPATH=/home/zhijie/autoware/install/autoware_auto_perception_msgs/local/lib/python3.10/dist-packages:/home/zhijie/autoware/install/autoware_perception_msgs/local/lib/python3.10/dist-packages:/home/zhijie/autoware/install/autoware_control_msgs/local/lib/python3.10/dist-packages:/home/zhijie/autoware/install/autoware_auto_geometry_msgs/local/lib/python3.10/dist-packages:/home/zhijie/autoware/install/autoware_auto_control_msgs/local/lib/python3.10/dist-packages:${PYTHONPATH} /usr/bin/cmake --install /home/zhijie/autoware/build/autoware_auto_msgs_adapter
