[  6%] Built target sumo_autoware_cosim
[ 18%] Built target dbw_ulc_converter
[ 18%] Built target sumo_autoware_real
[ 25%] Built target cav_context_replay
[ 37%] Built target gnss_to_pose_twist
[ 37%] Built target cav_context_converter
[ 43%] Built target cav_info_converter
[ 56%] Built target traffic_signal_control_component
[ 56%] Built target traffic_signal_control
[ 62%] Built target cav_info_converter_component
[ 68%] Built target cav_context_converter_component
[ 75%] Built target cav_context_replay_component
[ 81%] Built target sumo_autoware_cosim_component
[ 87%] Built target sumo_autoware_real_component
[35m[1mConsolidate compiler generated dependencies of target gnss_to_pose_twist_component[0m
[ 90%] [32mBuilding CXX object CMakeFiles/gnss_to_pose_twist_component.dir/src/gnss_to_pose_twist.cpp.o[0m
[01m[K/home/zhijie/autoware/src/terasim/mcity_terasim/src/gnss_to_pose_twist.cpp:[m[K In member function ‘[01m[Kvoid gnss_to_pose_twist::GnssToPoseTwist::calc_vehicle_quaternion(float&, float&, float&, float&)[m[K’:
[01m[K/home/zhijie/autoware/src/terasim/mcity_terasim/src/gnss_to_pose_twist.cpp:67:11:[m[K [01;31m[Kerror: [m[Kredeclaration of ‘[01m[Kfloat angleInRadians[m[K’
   67 |     float [01;31m[KangleInRadians[m[K = glm::radians(90.0);
      |           [01;31m[K^~~~~~~~~~~~~~[m[K
[01m[K/home/zhijie/autoware/src/terasim/mcity_terasim/src/gnss_to_pose_twist.cpp:63:11:[m[K [01;36m[Knote: [m[K‘[01m[Kfloat angleInRadians[m[K’ previously declared here
   63 |     float [01;36m[KangleInRadians[m[K = glm::radians(-90.0);
      |           [01;36m[K^~~~~~~~~~~~~~[m[K
[01m[K/home/zhijie/autoware/src/terasim/mcity_terasim/src/gnss_to_pose_twist.cpp:68:15:[m[K [01;31m[Kerror: [m[Kredeclaration of ‘[01m[Kglm::quat rotateQuat[m[K’
   68 |     glm::quat [01;31m[KrotateQuat[m[K = glm::angleAxis(angleInRadians, glm::vec3(0.0f, 1.0f, 0.0f)); // Rotate around y axis
      |               [01;31m[K^~~~~~~~~~[m[K
[01m[K/home/zhijie/autoware/src/terasim/mcity_terasim/src/gnss_to_pose_twist.cpp:64:15:[m[K [01;36m[Knote: [m[K‘[01m[Kglm::quat rotateQuat[m[K’ previously declared here
   64 |     glm::quat [01;36m[KrotateQuat[m[K = glm::angleAxis(angleInRadians, glm::vec3(1.0f, 0.0f, 0.0f)); // Rotate around y axis
      |               [01;36m[K^~~~~~~~~~[m[K
[01m[K/home/zhijie/autoware/src/terasim/mcity_terasim/src/gnss_to_pose_twist.cpp:69:15:[m[K [01;31m[Kerror: [m[Kredeclaration of ‘[01m[Kglm::quat rotatedQuat[m[K’
   69 |     glm::quat [01;31m[KrotatedQuat[m[K = glm::normalize(rotateQuat * originalQuat);
      |               [01;31m[K^~~~~~~~~~~[m[K
[01m[K/home/zhijie/autoware/src/terasim/mcity_terasim/src/gnss_to_pose_twist.cpp:65:15:[m[K [01;36m[Knote: [m[K‘[01m[Kglm::quat rotatedQuat[m[K’ previously declared here
   65 |     glm::quat [01;36m[KrotatedQuat[m[K = glm::normalize(rotateQuat * originalQuat);
      |               [01;36m[K^~~~~~~~~~~[m[K
[01m[K/home/zhijie/autoware/src/terasim/mcity_terasim/src/gnss_to_pose_twist.cpp:71:11:[m[K [01;31m[Kerror: [m[Kredeclaration of ‘[01m[Kfloat angleInRadians[m[K’
   71 |     float [01;31m[KangleInRadians[m[K = glm::radians(-90.0);
      |           [01;31m[K^~~~~~~~~~~~~~[m[K
[01m[K/home/zhijie/autoware/src/terasim/mcity_terasim/src/gnss_to_pose_twist.cpp:63:11:[m[K [01;36m[Knote: [m[K‘[01m[Kfloat angleInRadians[m[K’ previously declared here
   63 |     float [01;36m[KangleInRadians[m[K = glm::radians(-90.0);
      |           [01;36m[K^~~~~~~~~~~~~~[m[K
[01m[K/home/zhijie/autoware/src/terasim/mcity_terasim/src/gnss_to_pose_twist.cpp:72:15:[m[K [01;31m[Kerror: [m[Kredeclaration of ‘[01m[Kglm::quat rotateQuat[m[K’
   72 |     glm::quat [01;31m[KrotateQuat[m[K = glm::angleAxis(angleInRadians, glm::vec3(0.0f, 0.0f, 1.0f)); // Rotate around y axis
      |               [01;31m[K^~~~~~~~~~[m[K
[01m[K/home/zhijie/autoware/src/terasim/mcity_terasim/src/gnss_to_pose_twist.cpp:64:15:[m[K [01;36m[Knote: [m[K‘[01m[Kglm::quat rotateQuat[m[K’ previously declared here
   64 |     glm::quat [01;36m[KrotateQuat[m[K = glm::angleAxis(angleInRadians, glm::vec3(1.0f, 0.0f, 0.0f)); // Rotate around y axis
      |               [01;36m[K^~~~~~~~~~[m[K
[01m[K/home/zhijie/autoware/src/terasim/mcity_terasim/src/gnss_to_pose_twist.cpp:73:15:[m[K [01;31m[Kerror: [m[Kredeclaration of ‘[01m[Kglm::quat rotatedQuat[m[K’
   73 |     glm::quat [01;31m[KrotatedQuat[m[K = glm::normalize(rotateQuat * originalQuat);
      |               [01;31m[K^~~~~~~~~~~[m[K
[01m[K/home/zhijie/autoware/src/terasim/mcity_terasim/src/gnss_to_pose_twist.cpp:65:15:[m[K [01;36m[Knote: [m[K‘[01m[Kglm::quat rotatedQuat[m[K’ previously declared here
   65 |     glm::quat [01;36m[KrotatedQuat[m[K = glm::normalize(rotateQuat * originalQuat);
      |               [01;36m[K^~~~~~~~~~~[m[K
gmake[2]: *** [CMakeFiles/gnss_to_pose_twist_component.dir/build.make:76: CMakeFiles/gnss_to_pose_twist_component.dir/src/gnss_to_pose_twist.cpp.o] Error 1
gmake[1]: *** [CMakeFiles/Makefile2:494: CMakeFiles/gnss_to_pose_twist_component.dir/all] Error 2
gmake: *** [Makefile:146: all] Error 2
