-- Found autoware_cmake: 0.1.0 (/home/zhijie/autoware/install/autoware_cmake/share/autoware_cmake/cmake)
-- Override CMake install command with custom implementation using symlinks instead of copying resources
-- Found rosidl_generator_c: 3.1.5 (/opt/ros/humble/share/rosidl_generator_c/cmake)
-- Found rosidl_adapter: 3.1.5 (/opt/ros/humble/share/rosidl_adapter/cmake)
-- Found rosidl_generator_cpp: 3.1.5 (/opt/ros/humble/share/rosidl_generator_cpp/cmake)
-- Using all available rosidl_typesupport_c: rosidl_typesupport_fastrtps_c;rosidl_typesupport_introspection_c
-- Using all available rosidl_typesupport_cpp: rosidl_typesupport_fastrtps_cpp;rosidl_typesupport_introspection_cpp
-- Found rmw_implementation_cmake: 6.1.1 (/opt/ros/humble/share/rmw_implementation_cmake/cmake)
-- Found rmw_cyclonedds_cpp: 1.3.4 (/opt/ros/humble/share/rmw_cyclonedds_cpp/cmake)
-- Using RMW implementation 'rmw_cyclonedds_cpp' as default
-- Found eigen3_cmake_module: 0.1.1 (/opt/ros/humble/share/eigen3_cmake_module/cmake)
-- Ensuring Eigen3 include directory is part of orocos-kdl CMake target
-- Found ament_lint_auto: 0.12.8 (/opt/ros/humble/share/ament_lint_auto/cmake)
-- Found gtest sources under '/opt/ros/humble/src/gtest_vendor': C++ tests using 'Google Test' will be built
-- Added test 'copyright' to check source files copyright and LICENSE
-- Added test 'cppcheck' to perform static code analysis on C / C++ code
-- Configured cppcheck include dirs: /home/zhijie/autoware/src/universe/autoware.universe/localization/localization_error_monitor/include
-- Configured cppcheck exclude dirs and/or files: 
-- Added test 'lint_cmake' to check CMake code style
-- Added test 'xmllint' to check XML markup files
-- Configuring done
-- Generating done
-- Build files have been written to: /home/zhijie/autoware/build/localization_error_monitor
[35m[1mConsolidate compiler generated dependencies of target localization_error_monitor_module[0m
[35m[1mConsolidate compiler generated dependencies of target gtest_main[0m
[35m[1mConsolidate compiler generated dependencies of target gtest[0m
[ 18%] [32mBuilding CXX object gtest/CMakeFiles/gtest_main.dir/src/gtest_main.cc.o[0m
[ 18%] [32mBuilding CXX object CMakeFiles/localization_error_monitor_module.dir/src/diagnostics.cpp.o[0m
[ 27%] [32mBuilding CXX object gtest/CMakeFiles/gtest.dir/src/gtest-all.cc.o[0m
[ 36%] [32m[1mLinking CXX shared library liblocalization_error_monitor_module.so[0m
[ 45%] [32m[1mLinking CXX static library libgtest_main.a[0m
[ 45%] Built target gtest_main
[ 45%] Built target localization_error_monitor_module
[35m[1mConsolidate compiler generated dependencies of target localization_error_monitor[0m
[ 54%] [32mBuilding CXX object CMakeFiles/localization_error_monitor.dir/src/main.cpp.o[0m
[ 63%] [32mBuilding CXX object CMakeFiles/localization_error_monitor.dir/src/node.cpp.o[0m
[ 72%] [32m[1mLinking CXX static library libgtest.a[0m
[ 72%] Built target gtest
[ 81%] [32m[1mLinking CXX executable localization_error_monitor[0m
[ 81%] Built target localization_error_monitor
[35m[1mConsolidate compiler generated dependencies of target test_diagnostics[0m
[ 90%] [32mBuilding CXX object CMakeFiles/test_diagnostics.dir/test/test_diagnostics.cpp.o[0m
[100%] [32m[1mLinking CXX executable test_diagnostics[0m
[100%] Built target test_diagnostics
-- Install configuration: "Release"
-- Execute custom install script
-- Up-to-date symlink: /home/zhijie/autoware/install/localization_error_monitor/include/localization_error_monitor/diagnostics.hpp
-- Up-to-date symlink: /home/zhijie/autoware/install/localization_error_monitor/include/localization_error_monitor/node.hpp
-- Up-to-date symlink: /home/zhijie/autoware/install/localization_error_monitor/share/localization_error_monitor/environment/library_path.sh
-- Up-to-date symlink: /home/zhijie/autoware/install/localization_error_monitor/share/localization_error_monitor/environment/library_path.dsv
-- Up-to-date symlink: /home/zhijie/autoware/install/localization_error_monitor/lib/liblocalization_error_monitor_module.so
-- Up-to-date symlink: /home/zhijie/autoware/install/localization_error_monitor/lib/localization_error_monitor/localization_error_monitor
-- Up-to-date symlink: /home/zhijie/autoware/install/localization_error_monitor/share/localization_error_monitor/config/localization_error_monitor.param.yaml
-- Up-to-date symlink: /home/zhijie/autoware/install/localization_error_monitor/share/localization_error_monitor/launch/localization_error_monitor.launch.xml
-- Up-to-date symlink: /home/zhijie/autoware/install/localization_error_monitor/share/ament_index/resource_index/package_run_dependencies/localization_error_monitor
-- Up-to-date symlink: /home/zhijie/autoware/install/localization_error_monitor/share/ament_index/resource_index/parent_prefix_path/localization_error_monitor
-- Up-to-date symlink: /home/zhijie/autoware/install/localization_error_monitor/share/localization_error_monitor/environment/ament_prefix_path.sh
-- Up-to-date symlink: /home/zhijie/autoware/install/localization_error_monitor/share/localization_error_monitor/environment/ament_prefix_path.dsv
-- Up-to-date symlink: /home/zhijie/autoware/install/localization_error_monitor/share/localization_error_monitor/environment/path.sh
-- Up-to-date symlink: /home/zhijie/autoware/install/localization_error_monitor/share/localization_error_monitor/environment/path.dsv
-- Up-to-date symlink: /home/zhijie/autoware/install/localization_error_monitor/share/localization_error_monitor/local_setup.bash
-- Up-to-date symlink: /home/zhijie/autoware/install/localization_error_monitor/share/localization_error_monitor/local_setup.sh
-- Up-to-date symlink: /home/zhijie/autoware/install/localization_error_monitor/share/localization_error_monitor/local_setup.zsh
-- Up-to-date symlink: /home/zhijie/autoware/install/localization_error_monitor/share/localization_error_monitor/local_setup.dsv
-- Symlinking: /home/zhijie/autoware/install/localization_error_monitor/share/localization_error_monitor/package.dsv
-- Up-to-date symlink: /home/zhijie/autoware/install/localization_error_monitor/share/ament_index/resource_index/packages/localization_error_monitor
-- Up-to-date symlink: /home/zhijie/autoware/install/localization_error_monitor/share/localization_error_monitor/cmake/ament_cmake_export_dependencies-extras.cmake
-- Up-to-date symlink: /home/zhijie/autoware/install/localization_error_monitor/share/localization_error_monitor/cmake/ament_cmake_export_include_directories-extras.cmake
-- Up-to-date symlink: /home/zhijie/autoware/install/localization_error_monitor/share/localization_error_monitor/cmake/ament_cmake_export_libraries-extras.cmake
-- Up-to-date symlink: /home/zhijie/autoware/install/localization_error_monitor/share/localization_error_monitor/cmake/localization_error_monitorConfig.cmake
-- Up-to-date symlink: /home/zhijie/autoware/install/localization_error_monitor/share/localization_error_monitor/cmake/localization_error_monitorConfig-version.cmake
-- Up-to-date symlink: /home/zhijie/autoware/install/localization_error_monitor/share/localization_error_monitor/package.xml
