[0.074s] Invoking command in '/home/zhijie/autoware/build/localization_error_monitor': AMENT_PREFIX_PATH=/home/zhijie/autoware/install/autoware_cmake:/home/zhijie/autoware/install/autoware_lint_common:${AMENT_PREFIX_PATH} CMAKE_PREFIX_PATH=/home/zhijie/autoware/install/autoware_cmake:/home/zhijie/autoware/install/autoware_lint_common:/opt/ros/humble /usr/bin/cmake /home/zhijie/autoware/src/universe/autoware.universe/localization/localization_error_monitor -DCMAKE_BUILD_TYPE=Release -DAMENT_CMAKE_SYMLINK_INSTALL=1 -DCMAKE_INSTALL_PREFIX=/home/zhijie/autoware/install/localization_error_monitor
[16.487s] -- Found autoware_cmake: 0.1.0 (/home/zhijie/autoware/install/autoware_cmake/share/autoware_cmake/cmake)
[16.487s] -- Override CMake install command with custom implementation using symlinks instead of copying resources
[16.487s] -- Found rosidl_generator_c: 3.1.5 (/opt/ros/humble/share/rosidl_generator_c/cmake)
[16.487s] -- Found rosidl_adapter: 3.1.5 (/opt/ros/humble/share/rosidl_adapter/cmake)
[16.487s] -- Found rosidl_generator_cpp: 3.1.5 (/opt/ros/humble/share/rosidl_generator_cpp/cmake)
[16.487s] -- Using all available rosidl_typesupport_c: rosidl_typesupport_fastrtps_c;rosidl_typesupport_introspection_c
[16.487s] -- Using all available rosidl_typesupport_cpp: rosidl_typesupport_fastrtps_cpp;rosidl_typesupport_introspection_cpp
[16.487s] -- Found rmw_implementation_cmake: 6.1.1 (/opt/ros/humble/share/rmw_implementation_cmake/cmake)
[16.487s] -- Found rmw_cyclonedds_cpp: 1.3.4 (/opt/ros/humble/share/rmw_cyclonedds_cpp/cmake)
[16.488s] -- Using RMW implementation 'rmw_cyclonedds_cpp' as default
[16.488s] -- Found eigen3_cmake_module: 0.1.1 (/opt/ros/humble/share/eigen3_cmake_module/cmake)
[16.488s] -- Ensuring Eigen3 include directory is part of orocos-kdl CMake target
[16.488s] -- Found ament_lint_auto: 0.12.8 (/opt/ros/humble/share/ament_lint_auto/cmake)
[16.488s] -- Found gtest sources under '/opt/ros/humble/src/gtest_vendor': C++ tests using 'Google Test' will be built
[16.488s] -- Added test 'copyright' to check source files copyright and LICENSE
[16.488s] -- Added test 'cppcheck' to perform static code analysis on C / C++ code
[16.488s] -- Configured cppcheck include dirs: /home/zhijie/autoware/src/universe/autoware.universe/localization/localization_error_monitor/include
[16.488s] -- Configured cppcheck exclude dirs and/or files: 
[16.488s] -- Added test 'lint_cmake' to check CMake code style
[16.488s] -- Added test 'xmllint' to check XML markup files
[16.489s] -- Configuring done
[16.489s] -- Generating done
[16.489s] -- Build files have been written to: /home/zhijie/autoware/build/localization_error_monitor
[16.589s] Invoked command in '/home/zhijie/autoware/build/localization_error_monitor' returned '0': AMENT_PREFIX_PATH=/home/zhijie/autoware/install/autoware_cmake:/home/zhijie/autoware/install/autoware_lint_common:${AMENT_PREFIX_PATH} CMAKE_PREFIX_PATH=/home/zhijie/autoware/install/autoware_cmake:/home/zhijie/autoware/install/autoware_lint_common:/opt/ros/humble /usr/bin/cmake /home/zhijie/autoware/src/universe/autoware.universe/localization/localization_error_monitor -DCMAKE_BUILD_TYPE=Release -DAMENT_CMAKE_SYMLINK_INSTALL=1 -DCMAKE_INSTALL_PREFIX=/home/zhijie/autoware/install/localization_error_monitor
[16.601s] Invoking command in '/home/zhijie/autoware/build/localization_error_monitor': AMENT_PREFIX_PATH=/home/zhijie/autoware/install/autoware_cmake:/home/zhijie/autoware/install/autoware_lint_common:${AMENT_PREFIX_PATH} CMAKE_PREFIX_PATH=/home/zhijie/autoware/install/autoware_cmake:/home/zhijie/autoware/install/autoware_lint_common:/opt/ros/humble /usr/bin/cmake --build /home/zhijie/autoware/build/localization_error_monitor -- -j16 -l16
[47.409s] [35m[1mConsolidate compiler generated dependencies of target localization_error_monitor_module[0m
[47.409s] [35m[1mConsolidate compiler generated dependencies of target gtest_main[0m
[47.409s] [35m[1mConsolidate compiler generated dependencies of target gtest[0m
[47.410s] [ 18%] [32mBuilding CXX object gtest/CMakeFiles/gtest_main.dir/src/gtest_main.cc.o[0m
[47.410s] [ 18%] [32mBuilding CXX object CMakeFiles/localization_error_monitor_module.dir/src/diagnostics.cpp.o[0m
[47.411s] [ 27%] [32mBuilding CXX object gtest/CMakeFiles/gtest.dir/src/gtest-all.cc.o[0m
[47.411s] [ 36%] [32m[1mLinking CXX shared library liblocalization_error_monitor_module.so[0m
[47.411s] [ 45%] [32m[1mLinking CXX static library libgtest_main.a[0m
[47.411s] [ 45%] Built target gtest_main
[47.411s] [ 45%] Built target localization_error_monitor_module
[47.412s] [35m[1mConsolidate compiler generated dependencies of target localization_error_monitor[0m
[47.412s] [ 54%] [32mBuilding CXX object CMakeFiles/localization_error_monitor.dir/src/main.cpp.o[0m
[47.412s] [ 63%] [32mBuilding CXX object CMakeFiles/localization_error_monitor.dir/src/node.cpp.o[0m
[47.412s] [ 72%] [32m[1mLinking CXX static library libgtest.a[0m
[47.412s] [ 72%] Built target gtest
[53.875s] [ 81%] [32m[1mLinking CXX executable localization_error_monitor[0m
[54.225s] [ 81%] Built target localization_error_monitor
[54.242s] [35m[1mConsolidate compiler generated dependencies of target test_diagnostics[0m
[54.257s] [ 90%] [32mBuilding CXX object CMakeFiles/test_diagnostics.dir/test/test_diagnostics.cpp.o[0m
[57.531s] [100%] [32m[1mLinking CXX executable test_diagnostics[0m
[57.883s] [100%] Built target test_diagnostics
[57.904s] Invoked command in '/home/zhijie/autoware/build/localization_error_monitor' returned '0': AMENT_PREFIX_PATH=/home/zhijie/autoware/install/autoware_cmake:/home/zhijie/autoware/install/autoware_lint_common:${AMENT_PREFIX_PATH} CMAKE_PREFIX_PATH=/home/zhijie/autoware/install/autoware_cmake:/home/zhijie/autoware/install/autoware_lint_common:/opt/ros/humble /usr/bin/cmake --build /home/zhijie/autoware/build/localization_error_monitor -- -j16 -l16
[57.972s] Invoking command in '/home/zhijie/autoware/build/localization_error_monitor': AMENT_PREFIX_PATH=/home/zhijie/autoware/install/autoware_cmake:/home/zhijie/autoware/install/autoware_lint_common:${AMENT_PREFIX_PATH} CMAKE_PREFIX_PATH=/home/zhijie/autoware/install/autoware_cmake:/home/zhijie/autoware/install/autoware_lint_common:/opt/ros/humble /usr/bin/cmake --install /home/zhijie/autoware/build/localization_error_monitor
[72.666s] -- Install configuration: "Release"
[72.667s] -- Execute custom install script
[72.671s] -- Up-to-date symlink: /home/zhijie/autoware/install/localization_error_monitor/include/localization_error_monitor/diagnostics.hpp
[72.672s] -- Up-to-date symlink: /home/zhijie/autoware/install/localization_error_monitor/include/localization_error_monitor/node.hpp
[72.672s] -- Up-to-date symlink: /home/zhijie/autoware/install/localization_error_monitor/share/localization_error_monitor/environment/library_path.sh
[72.672s] -- Up-to-date symlink: /home/zhijie/autoware/install/localization_error_monitor/share/localization_error_monitor/environment/library_path.dsv
[72.672s] -- Up-to-date symlink: /home/zhijie/autoware/install/localization_error_monitor/lib/liblocalization_error_monitor_module.so
[72.672s] -- Up-to-date symlink: /home/zhijie/autoware/install/localization_error_monitor/lib/localization_error_monitor/localization_error_monitor
[72.673s] -- Up-to-date symlink: /home/zhijie/autoware/install/localization_error_monitor/share/localization_error_monitor/config/localization_error_monitor.param.yaml
[72.673s] -- Up-to-date symlink: /home/zhijie/autoware/install/localization_error_monitor/share/localization_error_monitor/launch/localization_error_monitor.launch.xml
[72.673s] -- Up-to-date symlink: /home/zhijie/autoware/install/localization_error_monitor/share/ament_index/resource_index/package_run_dependencies/localization_error_monitor
[72.673s] -- Up-to-date symlink: /home/zhijie/autoware/install/localization_error_monitor/share/ament_index/resource_index/parent_prefix_path/localization_error_monitor
[72.673s] -- Up-to-date symlink: /home/zhijie/autoware/install/localization_error_monitor/share/localization_error_monitor/environment/ament_prefix_path.sh
[72.673s] -- Up-to-date symlink: /home/zhijie/autoware/install/localization_error_monitor/share/localization_error_monitor/environment/ament_prefix_path.dsv
[72.674s] -- Up-to-date symlink: /home/zhijie/autoware/install/localization_error_monitor/share/localization_error_monitor/environment/path.sh
[72.674s] -- Up-to-date symlink: /home/zhijie/autoware/install/localization_error_monitor/share/localization_error_monitor/environment/path.dsv
[72.674s] -- Up-to-date symlink: /home/zhijie/autoware/install/localization_error_monitor/share/localization_error_monitor/local_setup.bash
[72.674s] -- Up-to-date symlink: /home/zhijie/autoware/install/localization_error_monitor/share/localization_error_monitor/local_setup.sh
[72.674s] -- Up-to-date symlink: /home/zhijie/autoware/install/localization_error_monitor/share/localization_error_monitor/local_setup.zsh
[72.675s] -- Up-to-date symlink: /home/zhijie/autoware/install/localization_error_monitor/share/localization_error_monitor/local_setup.dsv
[72.675s] -- Symlinking: /home/zhijie/autoware/install/localization_error_monitor/share/localization_error_monitor/package.dsv
[72.675s] -- Up-to-date symlink: /home/zhijie/autoware/install/localization_error_monitor/share/ament_index/resource_index/packages/localization_error_monitor
[72.675s] -- Up-to-date symlink: /home/zhijie/autoware/install/localization_error_monitor/share/localization_error_monitor/cmake/ament_cmake_export_dependencies-extras.cmake
[72.675s] -- Up-to-date symlink: /home/zhijie/autoware/install/localization_error_monitor/share/localization_error_monitor/cmake/ament_cmake_export_include_directories-extras.cmake
[72.675s] -- Up-to-date symlink: /home/zhijie/autoware/install/localization_error_monitor/share/localization_error_monitor/cmake/ament_cmake_export_libraries-extras.cmake
[72.676s] -- Up-to-date symlink: /home/zhijie/autoware/install/localization_error_monitor/share/localization_error_monitor/cmake/localization_error_monitorConfig.cmake
[72.676s] -- Up-to-date symlink: /home/zhijie/autoware/install/localization_error_monitor/share/localization_error_monitor/cmake/localization_error_monitorConfig-version.cmake
[72.676s] -- Up-to-date symlink: /home/zhijie/autoware/install/localization_error_monitor/share/localization_error_monitor/package.xml
[72.710s] Invoked command in '/home/zhijie/autoware/build/localization_error_monitor' returned '0': AMENT_PREFIX_PATH=/home/zhijie/autoware/install/autoware_cmake:/home/zhijie/autoware/install/autoware_lint_common:${AMENT_PREFIX_PATH} CMAKE_PREFIX_PATH=/home/zhijie/autoware/install/autoware_cmake:/home/zhijie/autoware/install/autoware_lint_common:/opt/ros/humble /usr/bin/cmake --install /home/zhijie/autoware/build/localization_error_monitor
