[0.622s] Invoking command in '/home/mtl12345/autoware/build/velodyne_msgs': CMAKE_PREFIX_PATH=/opt/ros/humble /usr/bin/cmake --build /home/mtl12345/autoware/build/velodyne_msgs -- -j12 -l12
[0.668s] [  2%] Built target velodyne_msgs__cpp
[0.678s] [  5%] Built target ament_cmake_python_symlink_velodyne_msgs
[0.678s] [ 12%] Built target velodyne_msgs__rosidl_generator_c
[0.702s] [ 23%] Built target velodyne_msgs__rosidl_typesupport_cpp
[0.714s] [ 33%] Built target velodyne_msgs__rosidl_typesupport_fastrtps_cpp
[0.725s] [ 43%] Built target velodyne_msgs__rosidl_typesupport_fastrtps_c
[0.732s] [ 53%] Built target velodyne_msgs__rosidl_typesupport_introspection_c
[0.736s] [ 74%] Built target velodyne_msgs__rosidl_typesupport_introspection_cpp
[0.736s] [ 74%] Built target velodyne_msgs__rosidl_typesupport_c
[0.757s] [ 74%] Built target velodyne_msgs
[0.776s] [ 76%] Built target velodyne_msgs__py
[0.794s] [ 84%] Built target velodyne_msgs__rosidl_generator_py
[0.819s] [100%] Built target velodyne_msgs__rosidl_typesupport_fastrtps_c__pyext
[0.820s] [100%] Built target velodyne_msgs__rosidl_typesupport_introspection_c__pyext
[0.820s] [100%] Built target velodyne_msgs__rosidl_typesupport_c__pyext
[1.084s] running egg_info
[1.087s] writing velodyne_msgs.egg-info/PKG-INFO
[1.087s] writing dependency_links to velodyne_msgs.egg-info/dependency_links.txt
[1.087s] writing top-level names to velodyne_msgs.egg-info/top_level.txt
[1.092s] reading manifest file 'velodyne_msgs.egg-info/SOURCES.txt'
[1.097s] writing manifest file 'velodyne_msgs.egg-info/SOURCES.txt'
[1.130s] [100%] Built target ament_cmake_python_build_velodyne_msgs_egg
[1.378s] Invoked command in '/home/mtl12345/autoware/build/velodyne_msgs' returned '0': CMAKE_PREFIX_PATH=/opt/ros/humble /usr/bin/cmake --build /home/mtl12345/autoware/build/velodyne_msgs -- -j12 -l12
[1.927s] Invoking command in '/home/mtl12345/autoware/build/velodyne_msgs': CMAKE_PREFIX_PATH=/opt/ros/humble /usr/bin/cmake --install /home/mtl12345/autoware/build/velodyne_msgs
[2.309s] -- Install configuration: "Release"
[2.310s] -- Execute custom install script
[2.310s] -- Up-to-date symlink: /home/mtl12345/autoware/install/velodyne_msgs/share/ament_index/resource_index/rosidl_interfaces/velodyne_msgs
[2.310s] -- Up-to-date symlink: /home/mtl12345/autoware/install/velodyne_msgs/include/velodyne_msgs/velodyne_msgs/msg/detail/velodyne_packet__functions.h
[2.311s] -- Up-to-date symlink: /home/mtl12345/autoware/install/velodyne_msgs/include/velodyne_msgs/velodyne_msgs/msg/detail/velodyne_packet__struct.h
[2.311s] -- Up-to-date symlink: /home/mtl12345/autoware/install/velodyne_msgs/include/velodyne_msgs/velodyne_msgs/msg/detail/velodyne_packet__type_support.h
[2.311s] -- Up-to-date symlink: /home/mtl12345/autoware/install/velodyne_msgs/include/velodyne_msgs/velodyne_msgs/msg/detail/velodyne_scan__functions.h
[2.311s] -- Up-to-date symlink: /home/mtl12345/autoware/install/velodyne_msgs/include/velodyne_msgs/velodyne_msgs/msg/detail/velodyne_scan__struct.h
[2.311s] -- Up-to-date symlink: /home/mtl12345/autoware/install/velodyne_msgs/include/velodyne_msgs/velodyne_msgs/msg/detail/velodyne_scan__type_support.h
[2.311s] -- Up-to-date symlink: /home/mtl12345/autoware/install/velodyne_msgs/include/velodyne_msgs/velodyne_msgs/msg/rosidl_generator_c__visibility_control.h
[2.311s] -- Up-to-date symlink: /home/mtl12345/autoware/install/velodyne_msgs/include/velodyne_msgs/velodyne_msgs/msg/velodyne_packet.h
[2.311s] -- Up-to-date symlink: /home/mtl12345/autoware/install/velodyne_msgs/include/velodyne_msgs/velodyne_msgs/msg/velodyne_scan.h
[2.311s] -- Up-to-date symlink: /home/mtl12345/autoware/install/velodyne_msgs/share/velodyne_msgs/environment/library_path.sh
[2.311s] -- Up-to-date symlink: /home/mtl12345/autoware/install/velodyne_msgs/share/velodyne_msgs/environment/library_path.dsv
[2.311s] -- Up-to-date symlink: /home/mtl12345/autoware/install/velodyne_msgs/include/velodyne_msgs/velodyne_msgs/msg/detail/velodyne_packet__rosidl_typesupport_fastrtps_c.h
[2.311s] -- Up-to-date symlink: /home/mtl12345/autoware/install/velodyne_msgs/include/velodyne_msgs/velodyne_msgs/msg/detail/velodyne_scan__rosidl_typesupport_fastrtps_c.h
[2.312s] -- Up-to-date symlink: /home/mtl12345/autoware/install/velodyne_msgs/include/velodyne_msgs/velodyne_msgs/msg/rosidl_typesupport_fastrtps_c__visibility_control.h
[2.312s] -- Up-to-date symlink: /home/mtl12345/autoware/install/velodyne_msgs/include/velodyne_msgs/velodyne_msgs/msg/detail/velodyne_packet__builder.hpp
[2.312s] -- Up-to-date symlink: /home/mtl12345/autoware/install/velodyne_msgs/include/velodyne_msgs/velodyne_msgs/msg/detail/velodyne_packet__struct.hpp
[2.312s] -- Up-to-date symlink: /home/mtl12345/autoware/install/velodyne_msgs/include/velodyne_msgs/velodyne_msgs/msg/detail/velodyne_packet__traits.hpp
[2.313s] -- Up-to-date symlink: /home/mtl12345/autoware/install/velodyne_msgs/include/velodyne_msgs/velodyne_msgs/msg/detail/velodyne_scan__builder.hpp
[2.313s] -- Up-to-date symlink: /home/mtl12345/autoware/install/velodyne_msgs/include/velodyne_msgs/velodyne_msgs/msg/detail/velodyne_scan__struct.hpp
[2.313s] -- Up-to-date symlink: /home/mtl12345/autoware/install/velodyne_msgs/include/velodyne_msgs/velodyne_msgs/msg/detail/velodyne_scan__traits.hpp
[2.314s] -- Up-to-date symlink: /home/mtl12345/autoware/install/velodyne_msgs/include/velodyne_msgs/velodyne_msgs/msg/velodyne_packet.hpp
[2.314s] -- Up-to-date symlink: /home/mtl12345/autoware/install/velodyne_msgs/include/velodyne_msgs/velodyne_msgs/msg/velodyne_scan.hpp
[2.314s] -- Up-to-date symlink: /home/mtl12345/autoware/install/velodyne_msgs/include/velodyne_msgs/velodyne_msgs/msg/detail/velodyne_packet__rosidl_typesupport_fastrtps_cpp.hpp
[2.314s] -- Up-to-date symlink: /home/mtl12345/autoware/install/velodyne_msgs/include/velodyne_msgs/velodyne_msgs/msg/detail/velodyne_scan__rosidl_typesupport_fastrtps_cpp.hpp
[2.314s] -- Up-to-date symlink: /home/mtl12345/autoware/install/velodyne_msgs/include/velodyne_msgs/velodyne_msgs/msg/rosidl_typesupport_fastrtps_cpp__visibility_control.h
[2.314s] -- Up-to-date symlink: /home/mtl12345/autoware/install/velodyne_msgs/include/velodyne_msgs/velodyne_msgs/msg/detail/velodyne_packet__rosidl_typesupport_introspection_c.h
[2.314s] -- Up-to-date symlink: /home/mtl12345/autoware/install/velodyne_msgs/include/velodyne_msgs/velodyne_msgs/msg/detail/velodyne_scan__rosidl_typesupport_introspection_c.h
[2.314s] -- Up-to-date symlink: /home/mtl12345/autoware/install/velodyne_msgs/include/velodyne_msgs/velodyne_msgs/msg/rosidl_typesupport_introspection_c__visibility_control.h
[2.314s] -- Up-to-date symlink: /home/mtl12345/autoware/install/velodyne_msgs/include/velodyne_msgs/velodyne_msgs/msg/detail/velodyne_packet__rosidl_typesupport_introspection_cpp.hpp
[2.314s] -- Up-to-date symlink: /home/mtl12345/autoware/install/velodyne_msgs/include/velodyne_msgs/velodyne_msgs/msg/detail/velodyne_scan__rosidl_typesupport_introspection_cpp.hpp
[2.314s] -- Up-to-date symlink: /home/mtl12345/autoware/install/velodyne_msgs/share/velodyne_msgs/environment/pythonpath.sh
[2.314s] -- Up-to-date symlink: /home/mtl12345/autoware/install/velodyne_msgs/share/velodyne_msgs/environment/pythonpath.dsv
[2.314s] -- Up-to-date symlink: /home/mtl12345/autoware/install/velodyne_msgs/local/lib/python3.10/dist-packages/velodyne_msgs-1.3.12-py3.10.egg-info/PKG-INFO
[2.315s] -- Up-to-date symlink: /home/mtl12345/autoware/install/velodyne_msgs/local/lib/python3.10/dist-packages/velodyne_msgs-1.3.12-py3.10.egg-info/SOURCES.txt
[2.315s] -- Up-to-date symlink: /home/mtl12345/autoware/install/velodyne_msgs/local/lib/python3.10/dist-packages/velodyne_msgs-1.3.12-py3.10.egg-info/dependency_links.txt
[2.315s] -- Up-to-date symlink: /home/mtl12345/autoware/install/velodyne_msgs/local/lib/python3.10/dist-packages/velodyne_msgs-1.3.12-py3.10.egg-info/top_level.txt
[2.316s] -- Up-to-date symlink: /home/mtl12345/autoware/install/velodyne_msgs/local/lib/python3.10/dist-packages/velodyne_msgs/__init__.py
[2.316s] -- Up-to-date symlink: /home/mtl12345/autoware/install/velodyne_msgs/local/lib/python3.10/dist-packages/velodyne_msgs/_velodyne_msgs_s.ep.rosidl_typesupport_c.c
[2.316s] -- Up-to-date symlink: /home/mtl12345/autoware/install/velodyne_msgs/local/lib/python3.10/dist-packages/velodyne_msgs/_velodyne_msgs_s.ep.rosidl_typesupport_fastrtps_c.c
[2.316s] -- Up-to-date symlink: /home/mtl12345/autoware/install/velodyne_msgs/local/lib/python3.10/dist-packages/velodyne_msgs/_velodyne_msgs_s.ep.rosidl_typesupport_introspection_c.c
[2.316s] -- Up-to-date symlink: /home/mtl12345/autoware/install/velodyne_msgs/local/lib/python3.10/dist-packages/velodyne_msgs/libvelodyne_msgs__rosidl_generator_py.so
[2.316s] -- Up-to-date symlink: /home/mtl12345/autoware/install/velodyne_msgs/local/lib/python3.10/dist-packages/velodyne_msgs/msg/__init__.py
[2.316s] -- Up-to-date symlink: /home/mtl12345/autoware/install/velodyne_msgs/local/lib/python3.10/dist-packages/velodyne_msgs/msg/_velodyne_packet.py
[2.317s] -- Up-to-date symlink: /home/mtl12345/autoware/install/velodyne_msgs/local/lib/python3.10/dist-packages/velodyne_msgs/msg/_velodyne_packet_s.c
[2.317s] -- Up-to-date symlink: /home/mtl12345/autoware/install/velodyne_msgs/local/lib/python3.10/dist-packages/velodyne_msgs/msg/_velodyne_scan.py
[2.317s] -- Up-to-date symlink: /home/mtl12345/autoware/install/velodyne_msgs/local/lib/python3.10/dist-packages/velodyne_msgs/msg/_velodyne_scan_s.c
[2.317s] -- Up-to-date symlink: /home/mtl12345/autoware/install/velodyne_msgs/local/lib/python3.10/dist-packages/velodyne_msgs/velodyne_msgs_s__rosidl_typesupport_c.cpython-310-x86_64-linux-gnu.so
[2.317s] -- Up-to-date symlink: /home/mtl12345/autoware/install/velodyne_msgs/local/lib/python3.10/dist-packages/velodyne_msgs/velodyne_msgs_s__rosidl_typesupport_fastrtps_c.cpython-310-x86_64-linux-gnu.so
[2.317s] -- Up-to-date symlink: /home/mtl12345/autoware/install/velodyne_msgs/local/lib/python3.10/dist-packages/velodyne_msgs/velodyne_msgs_s__rosidl_typesupport_introspection_c.cpython-310-x86_64-linux-gnu.so
[2.318s] -- Up-to-date symlink: /home/mtl12345/autoware/install/velodyne_msgs/local/lib/python3.10/dist-packages/velodyne_msgs/velodyne_msgs_s__rosidl_typesupport_fastrtps_c.cpython-310-x86_64-linux-gnu.so
[2.318s] -- Up-to-date symlink: /home/mtl12345/autoware/install/velodyne_msgs/local/lib/python3.10/dist-packages/velodyne_msgs/velodyne_msgs_s__rosidl_typesupport_introspection_c.cpython-310-x86_64-linux-gnu.so
[2.318s] -- Up-to-date symlink: /home/mtl12345/autoware/install/velodyne_msgs/local/lib/python3.10/dist-packages/velodyne_msgs/velodyne_msgs_s__rosidl_typesupport_c.cpython-310-x86_64-linux-gnu.so
[2.319s] -- Up-to-date symlink: /home/mtl12345/autoware/install/velodyne_msgs/share/velodyne_msgs/msg/VelodynePacket.idl
[2.319s] -- Up-to-date symlink: /home/mtl12345/autoware/install/velodyne_msgs/share/velodyne_msgs/msg/VelodyneScan.idl
[2.319s] -- Up-to-date symlink: /home/mtl12345/autoware/install/velodyne_msgs/share/velodyne_msgs/msg/VelodynePacket.msg
[2.319s] -- Up-to-date symlink: /home/mtl12345/autoware/install/velodyne_msgs/share/velodyne_msgs/msg/VelodyneScan.msg
[2.320s] -- Up-to-date symlink: /home/mtl12345/autoware/install/velodyne_msgs/share/ament_index/resource_index/package_run_dependencies/velodyne_msgs
[2.320s] -- Up-to-date symlink: /home/mtl12345/autoware/install/velodyne_msgs/share/ament_index/resource_index/parent_prefix_path/velodyne_msgs
[2.320s] -- Up-to-date symlink: /home/mtl12345/autoware/install/velodyne_msgs/share/velodyne_msgs/environment/ament_prefix_path.sh
[2.320s] -- Up-to-date symlink: /home/mtl12345/autoware/install/velodyne_msgs/share/velodyne_msgs/environment/ament_prefix_path.dsv
[2.320s] -- Up-to-date symlink: /home/mtl12345/autoware/install/velodyne_msgs/share/velodyne_msgs/environment/path.sh
[2.320s] -- Up-to-date symlink: /home/mtl12345/autoware/install/velodyne_msgs/share/velodyne_msgs/environment/path.dsv
[2.320s] -- Up-to-date symlink: /home/mtl12345/autoware/install/velodyne_msgs/share/velodyne_msgs/local_setup.bash
[2.320s] -- Up-to-date symlink: /home/mtl12345/autoware/install/velodyne_msgs/share/velodyne_msgs/local_setup.sh
[2.321s] -- Up-to-date symlink: /home/mtl12345/autoware/install/velodyne_msgs/share/velodyne_msgs/local_setup.zsh
[2.321s] -- Up-to-date symlink: /home/mtl12345/autoware/install/velodyne_msgs/share/velodyne_msgs/local_setup.dsv
[2.321s] -- Symlinking: /home/mtl12345/autoware/install/velodyne_msgs/share/velodyne_msgs/package.dsv
[2.321s] -- Up-to-date symlink: /home/mtl12345/autoware/install/velodyne_msgs/share/ament_index/resource_index/packages/velodyne_msgs
[2.322s] -- Up-to-date symlink: /home/mtl12345/autoware/install/velodyne_msgs/share/velodyne_msgs/cmake/rosidl_cmake-extras.cmake
[2.322s] -- Up-to-date symlink: /home/mtl12345/autoware/install/velodyne_msgs/share/velodyne_msgs/cmake/ament_cmake_export_dependencies-extras.cmake
[2.322s] -- Up-to-date symlink: /home/mtl12345/autoware/install/velodyne_msgs/share/velodyne_msgs/cmake/ament_cmake_export_include_directories-extras.cmake
[2.322s] -- Up-to-date symlink: /home/mtl12345/autoware/install/velodyne_msgs/share/velodyne_msgs/cmake/ament_cmake_export_libraries-extras.cmake
[2.322s] -- Up-to-date symlink: /home/mtl12345/autoware/install/velodyne_msgs/share/velodyne_msgs/cmake/ament_cmake_export_targets-extras.cmake
[2.322s] -- Up-to-date symlink: /home/mtl12345/autoware/install/velodyne_msgs/share/velodyne_msgs/cmake/rosidl_cmake_export_typesupport_targets-extras.cmake
[2.322s] -- Up-to-date symlink: /home/mtl12345/autoware/install/velodyne_msgs/share/velodyne_msgs/cmake/rosidl_cmake_export_typesupport_libraries-extras.cmake
[2.322s] -- Up-to-date symlink: /home/mtl12345/autoware/install/velodyne_msgs/share/velodyne_msgs/cmake/velodyne_msgsConfig.cmake
[2.322s] -- Up-to-date symlink: /home/mtl12345/autoware/install/velodyne_msgs/share/velodyne_msgs/cmake/velodyne_msgsConfig-version.cmake
[2.322s] -- Up-to-date symlink: /home/mtl12345/autoware/install/velodyne_msgs/share/velodyne_msgs/package.xml
[2.323s] -- Up-to-date: /home/mtl12345/autoware/install/velodyne_msgs/lib/libvelodyne_msgs__rosidl_generator_c.so
[2.323s] -- Up-to-date: /home/mtl12345/autoware/install/velodyne_msgs/lib/libvelodyne_msgs__rosidl_typesupport_fastrtps_c.so
[2.323s] -- Up-to-date: /home/mtl12345/autoware/install/velodyne_msgs/lib/libvelodyne_msgs__rosidl_typesupport_fastrtps_cpp.so
[2.323s] -- Up-to-date: /home/mtl12345/autoware/install/velodyne_msgs/lib/libvelodyne_msgs__rosidl_typesupport_introspection_c.so
[2.323s] -- Up-to-date: /home/mtl12345/autoware/install/velodyne_msgs/lib/libvelodyne_msgs__rosidl_typesupport_c.so
[2.324s] -- Up-to-date: /home/mtl12345/autoware/install/velodyne_msgs/lib/libvelodyne_msgs__rosidl_typesupport_introspection_cpp.so
[2.324s] -- Up-to-date: /home/mtl12345/autoware/install/velodyne_msgs/lib/libvelodyne_msgs__rosidl_typesupport_cpp.so
[2.324s] Listing '/home/mtl12345/autoware/install/velodyne_msgs/local/lib/python3.10/dist-packages/velodyne_msgs'...
[2.324s] Listing '/home/mtl12345/autoware/install/velodyne_msgs/local/lib/python3.10/dist-packages/velodyne_msgs/msg'...
[2.324s] -- Up-to-date: /home/mtl12345/autoware/install/velodyne_msgs/lib/libvelodyne_msgs__rosidl_generator_py.so
[2.324s] -- Up-to-date: /home/mtl12345/autoware/install/velodyne_msgs/share/velodyne_msgs/cmake/export_velodyne_msgs__rosidl_generator_cExport.cmake
[2.324s] -- Up-to-date: /home/mtl12345/autoware/install/velodyne_msgs/share/velodyne_msgs/cmake/export_velodyne_msgs__rosidl_generator_cExport-release.cmake
[2.324s] -- Up-to-date: /home/mtl12345/autoware/install/velodyne_msgs/share/velodyne_msgs/cmake/export_velodyne_msgs__rosidl_typesupport_fastrtps_cExport.cmake
[2.324s] -- Up-to-date: /home/mtl12345/autoware/install/velodyne_msgs/share/velodyne_msgs/cmake/export_velodyne_msgs__rosidl_typesupport_fastrtps_cExport-release.cmake
[2.324s] -- Up-to-date: /home/mtl12345/autoware/install/velodyne_msgs/share/velodyne_msgs/cmake/export_velodyne_msgs__rosidl_generator_cppExport.cmake
[2.324s] -- Up-to-date: /home/mtl12345/autoware/install/velodyne_msgs/share/velodyne_msgs/cmake/export_velodyne_msgs__rosidl_typesupport_fastrtps_cppExport.cmake
[2.324s] -- Up-to-date: /home/mtl12345/autoware/install/velodyne_msgs/share/velodyne_msgs/cmake/export_velodyne_msgs__rosidl_typesupport_fastrtps_cppExport-release.cmake
[2.324s] -- Up-to-date: /home/mtl12345/autoware/install/velodyne_msgs/share/velodyne_msgs/cmake/velodyne_msgs__rosidl_typesupport_introspection_cExport.cmake
[2.325s] -- Up-to-date: /home/mtl12345/autoware/install/velodyne_msgs/share/velodyne_msgs/cmake/velodyne_msgs__rosidl_typesupport_introspection_cExport-release.cmake
[2.325s] -- Up-to-date: /home/mtl12345/autoware/install/velodyne_msgs/share/velodyne_msgs/cmake/velodyne_msgs__rosidl_typesupport_cExport.cmake
[2.325s] -- Up-to-date: /home/mtl12345/autoware/install/velodyne_msgs/share/velodyne_msgs/cmake/velodyne_msgs__rosidl_typesupport_cExport-release.cmake
[2.325s] -- Up-to-date: /home/mtl12345/autoware/install/velodyne_msgs/share/velodyne_msgs/cmake/velodyne_msgs__rosidl_typesupport_introspection_cppExport.cmake
[2.325s] -- Up-to-date: /home/mtl12345/autoware/install/velodyne_msgs/share/velodyne_msgs/cmake/velodyne_msgs__rosidl_typesupport_introspection_cppExport-release.cmake
[2.325s] -- Up-to-date: /home/mtl12345/autoware/install/velodyne_msgs/share/velodyne_msgs/cmake/velodyne_msgs__rosidl_typesupport_cppExport.cmake
[2.325s] -- Up-to-date: /home/mtl12345/autoware/install/velodyne_msgs/share/velodyne_msgs/cmake/velodyne_msgs__rosidl_typesupport_cppExport-release.cmake
[2.325s] -- Up-to-date: /home/mtl12345/autoware/install/velodyne_msgs/share/velodyne_msgs/cmake/export_velodyne_msgs__rosidl_generator_pyExport.cmake
[2.325s] -- Up-to-date: /home/mtl12345/autoware/install/velodyne_msgs/share/velodyne_msgs/cmake/export_velodyne_msgs__rosidl_generator_pyExport-release.cmake
[2.384s] Invoked command in '/home/mtl12345/autoware/build/velodyne_msgs' returned '0': CMAKE_PREFIX_PATH=/opt/ros/humble /usr/bin/cmake --install /home/mtl12345/autoware/build/velodyne_msgs
