[0.050s] Invoking command in '/home/zhijie/autoware/build/eagleye_fix2kml': AMENT_PREFIX_PATH=/home/zhijie/autoware/install/eagleye_msgs:/home/zhijie/autoware/install/rtklib_msgs:${AMENT_PREFIX_PATH} CMAKE_PREFIX_PATH=/home/zhijie/autoware/install/eagleye_msgs:/home/zhijie/autoware/install/rtklib_msgs:/opt/ros/humble LD_LIBRARY_PATH=/home/zhijie/autoware/install/eagleye_msgs/lib:/home/zhijie/autoware/install/rtklib_msgs/lib:${LD_LIBRARY_PATH} PYTHONPATH=/home/zhijie/autoware/install/eagleye_msgs/local/lib/python3.10/dist-packages:/home/zhijie/autoware/install/rtklib_msgs/local/lib/python3.10/dist-packages:${PYTHONPATH} /usr/bin/cmake /home/zhijie/autoware/src/universe/external/eagleye/eagleye_util/fix2kml -DCMAKE_BUILD_TYPE=Release -DAMENT_CMAKE_SYMLINK_INSTALL=1 -DCMAKE_INSTALL_PREFIX=/home/zhijie/autoware/install/eagleye_fix2kml
[16.493s] -- Found ament_cmake_auto: 1.3.5 (/opt/ros/humble/share/ament_cmake_auto/cmake)
[16.493s] -- Override CMake install command with custom implementation using symlinks instead of copying resources
[16.493s] -- Found rosidl_generator_c: 3.1.5 (/opt/ros/humble/share/rosidl_generator_c/cmake)
[16.493s] -- Found rosidl_adapter: 3.1.5 (/opt/ros/humble/share/rosidl_adapter/cmake)
[16.493s] -- Found rosidl_generator_cpp: 3.1.5 (/opt/ros/humble/share/rosidl_generator_cpp/cmake)
[16.493s] -- Using all available rosidl_typesupport_c: rosidl_typesupport_fastrtps_c;rosidl_typesupport_introspection_c
[16.493s] -- Using all available rosidl_typesupport_cpp: rosidl_typesupport_fastrtps_cpp;rosidl_typesupport_introspection_cpp
[16.493s] -- Found rmw_implementation_cmake: 6.1.1 (/opt/ros/humble/share/rmw_implementation_cmake/cmake)
[16.493s] -- Found rmw_cyclonedds_cpp: 1.3.4 (/opt/ros/humble/share/rmw_cyclonedds_cpp/cmake)
[16.493s] -- Using RMW implementation 'rmw_cyclonedds_cpp' as default
[16.493s] -- Found ament_lint_auto: 0.12.8 (/opt/ros/humble/share/ament_lint_auto/cmake)
[16.494s] -- Added test 'copyright' to check source files copyright and LICENSE
[16.494s] -- Added test 'cppcheck' to perform static code analysis on C / C++ code
[16.494s] -- Configured cppcheck include dirs: /home/zhijie/autoware/src/universe/external/eagleye/eagleye_util/fix2kml/include
[16.494s] -- Configured cppcheck exclude dirs and/or files: 
[16.494s] -- Added test 'cpplint' to check C / C++ code against the Google style
[16.494s] -- Configured cpplint exclude dirs and/or files: 
[16.494s] -- Added test 'lint_cmake' to check CMake code style
[16.494s] -- Added test 'uncrustify' to check C / C++ code style
[16.494s] -- Configured uncrustify additional arguments: 
[16.494s] -- Added test 'xmllint' to check XML markup files
[16.494s] -- Configuring done
[16.494s] -- Generating done
[16.495s] -- Build files have been written to: /home/zhijie/autoware/build/eagleye_fix2kml
[16.587s] Invoked command in '/home/zhijie/autoware/build/eagleye_fix2kml' returned '0': AMENT_PREFIX_PATH=/home/zhijie/autoware/install/eagleye_msgs:/home/zhijie/autoware/install/rtklib_msgs:${AMENT_PREFIX_PATH} CMAKE_PREFIX_PATH=/home/zhijie/autoware/install/eagleye_msgs:/home/zhijie/autoware/install/rtklib_msgs:/opt/ros/humble LD_LIBRARY_PATH=/home/zhijie/autoware/install/eagleye_msgs/lib:/home/zhijie/autoware/install/rtklib_msgs/lib:${LD_LIBRARY_PATH} PYTHONPATH=/home/zhijie/autoware/install/eagleye_msgs/local/lib/python3.10/dist-packages:/home/zhijie/autoware/install/rtklib_msgs/local/lib/python3.10/dist-packages:${PYTHONPATH} /usr/bin/cmake /home/zhijie/autoware/src/universe/external/eagleye/eagleye_util/fix2kml -DCMAKE_BUILD_TYPE=Release -DAMENT_CMAKE_SYMLINK_INSTALL=1 -DCMAKE_INSTALL_PREFIX=/home/zhijie/autoware/install/eagleye_fix2kml
[16.588s] Invoking command in '/home/zhijie/autoware/build/eagleye_fix2kml': AMENT_PREFIX_PATH=/home/zhijie/autoware/install/eagleye_msgs:/home/zhijie/autoware/install/rtklib_msgs:${AMENT_PREFIX_PATH} CMAKE_PREFIX_PATH=/home/zhijie/autoware/install/eagleye_msgs:/home/zhijie/autoware/install/rtklib_msgs:/opt/ros/humble LD_LIBRARY_PATH=/home/zhijie/autoware/install/eagleye_msgs/lib:/home/zhijie/autoware/install/rtklib_msgs/lib:${LD_LIBRARY_PATH} PYTHONPATH=/home/zhijie/autoware/install/eagleye_msgs/local/lib/python3.10/dist-packages:/home/zhijie/autoware/install/rtklib_msgs/local/lib/python3.10/dist-packages:${PYTHONPATH} /usr/bin/cmake --build /home/zhijie/autoware/build/eagleye_fix2kml -- -j16 -l16
[42.165s] [35m[1mConsolidate compiler generated dependencies of target fix2kml[0m
[42.165s] [ 50%] [32mBuilding CXX object CMakeFiles/fix2kml.dir/src/fix2kml.cpp.o[0m
[47.131s] [100%] [32m[1mLinking CXX executable fix2kml[0m
[47.407s] [100%] Built target fix2kml
[47.425s] Invoked command in '/home/zhijie/autoware/build/eagleye_fix2kml' returned '0': AMENT_PREFIX_PATH=/home/zhijie/autoware/install/eagleye_msgs:/home/zhijie/autoware/install/rtklib_msgs:${AMENT_PREFIX_PATH} CMAKE_PREFIX_PATH=/home/zhijie/autoware/install/eagleye_msgs:/home/zhijie/autoware/install/rtklib_msgs:/opt/ros/humble LD_LIBRARY_PATH=/home/zhijie/autoware/install/eagleye_msgs/lib:/home/zhijie/autoware/install/rtklib_msgs/lib:${LD_LIBRARY_PATH} PYTHONPATH=/home/zhijie/autoware/install/eagleye_msgs/local/lib/python3.10/dist-packages:/home/zhijie/autoware/install/rtklib_msgs/local/lib/python3.10/dist-packages:${PYTHONPATH} /usr/bin/cmake --build /home/zhijie/autoware/build/eagleye_fix2kml -- -j16 -l16
[47.454s] Invoking command in '/home/zhijie/autoware/build/eagleye_fix2kml': AMENT_PREFIX_PATH=/home/zhijie/autoware/install/eagleye_msgs:/home/zhijie/autoware/install/rtklib_msgs:${AMENT_PREFIX_PATH} CMAKE_PREFIX_PATH=/home/zhijie/autoware/install/eagleye_msgs:/home/zhijie/autoware/install/rtklib_msgs:/opt/ros/humble LD_LIBRARY_PATH=/home/zhijie/autoware/install/eagleye_msgs/lib:/home/zhijie/autoware/install/rtklib_msgs/lib:${LD_LIBRARY_PATH} PYTHONPATH=/home/zhijie/autoware/install/eagleye_msgs/local/lib/python3.10/dist-packages:/home/zhijie/autoware/install/rtklib_msgs/local/lib/python3.10/dist-packages:${PYTHONPATH} /usr/bin/cmake --install /home/zhijie/autoware/build/eagleye_fix2kml
[49.713s] -- Install configuration: "Release"
[49.714s] -- Execute custom install script
[49.714s] -- Up-to-date symlink: /home/zhijie/autoware/install/eagleye_fix2kml/include/fix2kml/KmlGenerator.hpp
[49.714s] -- Up-to-date symlink: /home/zhijie/autoware/install/eagleye_fix2kml/lib/eagleye_fix2kml/fix2kml
[49.714s] -- Up-to-date symlink: /home/zhijie/autoware/install/eagleye_fix2kml/share/eagleye_fix2kml/launch/fix2kml.xml
[49.715s] -- Up-to-date symlink: /home/zhijie/autoware/install/eagleye_fix2kml/share/eagleye_fix2kml/kml/networklink.kml
[49.715s] -- Up-to-date symlink: /home/zhijie/autoware/install/eagleye_fix2kml/share/ament_index/resource_index/package_run_dependencies/eagleye_fix2kml
[49.715s] -- Up-to-date symlink: /home/zhijie/autoware/install/eagleye_fix2kml/share/ament_index/resource_index/parent_prefix_path/eagleye_fix2kml
[49.715s] -- Up-to-date symlink: /home/zhijie/autoware/install/eagleye_fix2kml/share/eagleye_fix2kml/environment/ament_prefix_path.sh
[49.715s] -- Up-to-date symlink: /home/zhijie/autoware/install/eagleye_fix2kml/share/eagleye_fix2kml/environment/ament_prefix_path.dsv
[49.715s] -- Up-to-date symlink: /home/zhijie/autoware/install/eagleye_fix2kml/share/eagleye_fix2kml/environment/path.sh
[49.716s] -- Up-to-date symlink: /home/zhijie/autoware/install/eagleye_fix2kml/share/eagleye_fix2kml/environment/path.dsv
[49.716s] -- Up-to-date symlink: /home/zhijie/autoware/install/eagleye_fix2kml/share/eagleye_fix2kml/local_setup.bash
[49.716s] -- Up-to-date symlink: /home/zhijie/autoware/install/eagleye_fix2kml/share/eagleye_fix2kml/local_setup.sh
[49.716s] -- Up-to-date symlink: /home/zhijie/autoware/install/eagleye_fix2kml/share/eagleye_fix2kml/local_setup.zsh
[49.717s] -- Up-to-date symlink: /home/zhijie/autoware/install/eagleye_fix2kml/share/eagleye_fix2kml/local_setup.dsv
[49.717s] -- Symlinking: /home/zhijie/autoware/install/eagleye_fix2kml/share/eagleye_fix2kml/package.dsv
[49.717s] -- Up-to-date symlink: /home/zhijie/autoware/install/eagleye_fix2kml/share/ament_index/resource_index/packages/eagleye_fix2kml
[49.717s] -- Up-to-date symlink: /home/zhijie/autoware/install/eagleye_fix2kml/share/eagleye_fix2kml/cmake/ament_cmake_export_dependencies-extras.cmake
[49.717s] -- Up-to-date symlink: /home/zhijie/autoware/install/eagleye_fix2kml/share/eagleye_fix2kml/cmake/ament_cmake_export_include_directories-extras.cmake
[49.718s] -- Up-to-date symlink: /home/zhijie/autoware/install/eagleye_fix2kml/share/eagleye_fix2kml/cmake/eagleye_fix2kmlConfig.cmake
[49.718s] -- Up-to-date symlink: /home/zhijie/autoware/install/eagleye_fix2kml/share/eagleye_fix2kml/cmake/eagleye_fix2kmlConfig-version.cmake
[49.718s] -- Up-to-date symlink: /home/zhijie/autoware/install/eagleye_fix2kml/share/eagleye_fix2kml/package.xml
[49.767s] Invoked command in '/home/zhijie/autoware/build/eagleye_fix2kml' returned '0': AMENT_PREFIX_PATH=/home/zhijie/autoware/install/eagleye_msgs:/home/zhijie/autoware/install/rtklib_msgs:${AMENT_PREFIX_PATH} CMAKE_PREFIX_PATH=/home/zhijie/autoware/install/eagleye_msgs:/home/zhijie/autoware/install/rtklib_msgs:/opt/ros/humble LD_LIBRARY_PATH=/home/zhijie/autoware/install/eagleye_msgs/lib:/home/zhijie/autoware/install/rtklib_msgs/lib:${LD_LIBRARY_PATH} PYTHONPATH=/home/zhijie/autoware/install/eagleye_msgs/local/lib/python3.10/dist-packages:/home/zhijie/autoware/install/rtklib_msgs/local/lib/python3.10/dist-packages:${PYTHONPATH} /usr/bin/cmake --install /home/zhijie/autoware/build/eagleye_fix2kml
