[0.402s] Invoking command in '/home/zhijie/autoware/build/lanelet2_map_preprocessor': AMENT_PREFIX_PATH=/home/zhijie/autoware/install/lanelet2_extension:/home/zhijie/autoware/install/autoware_utils:/home/zhijie/autoware/install/autoware_cmake:/home/zhijie/autoware/install/autoware_auto_planning_msgs:/home/zhijie/autoware/install/autoware_planning_msgs:/home/zhijie/autoware/install/autoware_lint_common:/home/zhijie/autoware/install/autoware_auto_mapping_msgs:/home/zhijie/autoware/install/autoware_auto_geometry_msgs:${AMENT_PREFIX_PATH} CMAKE_PREFIX_PATH=/home/zhijie/autoware/install/lanelet2_extension:/home/zhijie/autoware/install/autoware_utils:/home/zhijie/autoware/install/autoware_cmake:/home/zhijie/autoware/install/autoware_auto_planning_msgs:/home/zhijie/autoware/install/autoware_planning_msgs:/home/zhijie/autoware/install/autoware_lint_common:/home/zhijie/autoware/install/autoware_auto_mapping_msgs:/home/zhijie/autoware/install/autoware_auto_geometry_msgs:/opt/ros/humble LD_LIBRARY_PATH=/home/zhijie/autoware/install/lanelet2_extension/lib:/home/zhijie/autoware/install/autoware_utils/lib:/home/zhijie/autoware/install/autoware_auto_planning_msgs/lib:/home/zhijie/autoware/install/autoware_planning_msgs/lib:/home/zhijie/autoware/install/autoware_auto_mapping_msgs/lib:/home/zhijie/autoware/install/autoware_auto_geometry_msgs/lib:${LD_LIBRARY_PATH} PYTHONPATH=/home/zhijie/autoware/install/autoware_auto_planning_msgs/local/lib/python3.10/dist-packages:/home/zhijie/autoware/install/autoware_planning_msgs/local/lib/python3.10/dist-packages:/home/zhijie/autoware/install/autoware_auto_mapping_msgs/local/lib/python3.10/dist-packages:/home/zhijie/autoware/install/autoware_auto_geometry_msgs/local/lib/python3.10/dist-packages:${PYTHONPATH} /usr/bin/cmake /home/zhijie/autoware/src/universe/autoware.universe/map/util/lanelet2_map_preprocessor -DCMAKE_BUILD_TYPE=Release -DAMENT_CMAKE_SYMLINK_INSTALL=1 -DCMAKE_INSTALL_PREFIX=/home/zhijie/autoware/install/lanelet2_map_preprocessor
[15.771s] -- Found autoware_cmake: 0.1.0 (/home/zhijie/autoware/install/autoware_cmake/share/autoware_cmake/cmake)
[15.771s] -- Override CMake install command with custom implementation using symlinks instead of copying resources
[15.773s] -- Found rosidl_generator_c: 3.1.5 (/opt/ros/humble/share/rosidl_generator_c/cmake)
[15.777s] -- Found rosidl_adapter: 3.1.5 (/opt/ros/humble/share/rosidl_adapter/cmake)
[15.778s] -- Found rosidl_generator_cpp: 3.1.5 (/opt/ros/humble/share/rosidl_generator_cpp/cmake)
[15.778s] -- Using all available rosidl_typesupport_c: rosidl_typesupport_fastrtps_c;rosidl_typesupport_introspection_c
[15.779s] -- Using all available rosidl_typesupport_cpp: rosidl_typesupport_fastrtps_cpp;rosidl_typesupport_introspection_cpp
[15.780s] -- Found rmw_implementation_cmake: 6.1.1 (/opt/ros/humble/share/rmw_implementation_cmake/cmake)
[15.781s] -- Found rmw_cyclonedds_cpp: 1.3.4 (/opt/ros/humble/share/rmw_cyclonedds_cpp/cmake)
[15.781s] -- Using RMW implementation 'rmw_cyclonedds_cpp' as default
[15.782s] -- Found mrt_cmake_modules: 1.0.9 (/opt/ros/humble/share/mrt_cmake_modules/cmake)
[15.783s] -- Found eigen3_cmake_module: 0.1.1 (/opt/ros/humble/share/eigen3_cmake_module/cmake)
[15.783s] -- Ensuring Eigen3 include directory is part of orocos-kdl CMake target
[15.784s] -- Eigen found (include: /usr/include/eigen3, version: 3.4.0)
[15.785s] -- OpenNI found (version: 1.5.4.0, include: /usr/include/ni, lib: /usr/lib/libOpenNI.so;libusb::libusb)
[15.785s] -- OpenNI2 found (version: 2.2.0.33, include: /usr/include/openni2, lib: /usr/lib/x86_64-linux-gnu/libOpenNI2.so;libusb::libusb)
[15.786s] -- Eigen found (include: /usr/include/eigen3, version: 3.4.0)
[15.787s] -- OpenNI found (version: 1.5.4.0, include: /usr/include/ni, lib: /usr/lib/libOpenNI.so;libusb::libusb)
[15.788s] -- OpenNI2 found (version: 2.2.0.33, include: /usr/include/openni2, lib: /usr/lib/x86_64-linux-gnu/libOpenNI2.so;libusb::libusb)
[15.788s] -- Found Qhull version 8.0.2
[15.789s] -- OpenNI found (version: 1.5.4.0, include: /usr/include/ni, lib: /usr/lib/libOpenNI.so;libusb::libusb)
[15.790s] -- Found ament_lint_auto: 0.12.8 (/opt/ros/humble/share/ament_lint_auto/cmake)
[15.790s] -- Added test 'copyright' to check source files copyright and LICENSE
[15.795s] -- Added test 'cppcheck' to perform static code analysis on C / C++ code
[15.796s] -- Configured cppcheck include dirs: /home/zhijie/autoware/src/universe/autoware.universe/map/util/lanelet2_map_preprocessor/include
[15.797s] -- Configured cppcheck exclude dirs and/or files: 
[15.798s] -- Added test 'lint_cmake' to check CMake code style
[15.798s] -- Added test 'xmllint' to check XML markup files
[15.799s] -- Configuring done
[15.872s] -- Generating done
[15.873s] -- Build files have been written to: /home/zhijie/autoware/build/lanelet2_map_preprocessor
[15.904s] Invoked command in '/home/zhijie/autoware/build/lanelet2_map_preprocessor' returned '0': AMENT_PREFIX_PATH=/home/zhijie/autoware/install/lanelet2_extension:/home/zhijie/autoware/install/autoware_utils:/home/zhijie/autoware/install/autoware_cmake:/home/zhijie/autoware/install/autoware_auto_planning_msgs:/home/zhijie/autoware/install/autoware_planning_msgs:/home/zhijie/autoware/install/autoware_lint_common:/home/zhijie/autoware/install/autoware_auto_mapping_msgs:/home/zhijie/autoware/install/autoware_auto_geometry_msgs:${AMENT_PREFIX_PATH} CMAKE_PREFIX_PATH=/home/zhijie/autoware/install/lanelet2_extension:/home/zhijie/autoware/install/autoware_utils:/home/zhijie/autoware/install/autoware_cmake:/home/zhijie/autoware/install/autoware_auto_planning_msgs:/home/zhijie/autoware/install/autoware_planning_msgs:/home/zhijie/autoware/install/autoware_lint_common:/home/zhijie/autoware/install/autoware_auto_mapping_msgs:/home/zhijie/autoware/install/autoware_auto_geometry_msgs:/opt/ros/humble LD_LIBRARY_PATH=/home/zhijie/autoware/install/lanelet2_extension/lib:/home/zhijie/autoware/install/autoware_utils/lib:/home/zhijie/autoware/install/autoware_auto_planning_msgs/lib:/home/zhijie/autoware/install/autoware_planning_msgs/lib:/home/zhijie/autoware/install/autoware_auto_mapping_msgs/lib:/home/zhijie/autoware/install/autoware_auto_geometry_msgs/lib:${LD_LIBRARY_PATH} PYTHONPATH=/home/zhijie/autoware/install/autoware_auto_planning_msgs/local/lib/python3.10/dist-packages:/home/zhijie/autoware/install/autoware_planning_msgs/local/lib/python3.10/dist-packages:/home/zhijie/autoware/install/autoware_auto_mapping_msgs/local/lib/python3.10/dist-packages:/home/zhijie/autoware/install/autoware_auto_geometry_msgs/local/lib/python3.10/dist-packages:${PYTHONPATH} /usr/bin/cmake /home/zhijie/autoware/src/universe/autoware.universe/map/util/lanelet2_map_preprocessor -DCMAKE_BUILD_TYPE=Release -DAMENT_CMAKE_SYMLINK_INSTALL=1 -DCMAKE_INSTALL_PREFIX=/home/zhijie/autoware/install/lanelet2_map_preprocessor
[15.904s] Invoking command in '/home/zhijie/autoware/build/lanelet2_map_preprocessor': AMENT_PREFIX_PATH=/home/zhijie/autoware/install/lanelet2_extension:/home/zhijie/autoware/install/autoware_utils:/home/zhijie/autoware/install/autoware_cmake:/home/zhijie/autoware/install/autoware_auto_planning_msgs:/home/zhijie/autoware/install/autoware_planning_msgs:/home/zhijie/autoware/install/autoware_lint_common:/home/zhijie/autoware/install/autoware_auto_mapping_msgs:/home/zhijie/autoware/install/autoware_auto_geometry_msgs:${AMENT_PREFIX_PATH} CMAKE_PREFIX_PATH=/home/zhijie/autoware/install/lanelet2_extension:/home/zhijie/autoware/install/autoware_utils:/home/zhijie/autoware/install/autoware_cmake:/home/zhijie/autoware/install/autoware_auto_planning_msgs:/home/zhijie/autoware/install/autoware_planning_msgs:/home/zhijie/autoware/install/autoware_lint_common:/home/zhijie/autoware/install/autoware_auto_mapping_msgs:/home/zhijie/autoware/install/autoware_auto_geometry_msgs:/opt/ros/humble LD_LIBRARY_PATH=/home/zhijie/autoware/install/lanelet2_extension/lib:/home/zhijie/autoware/install/autoware_utils/lib:/home/zhijie/autoware/install/autoware_auto_planning_msgs/lib:/home/zhijie/autoware/install/autoware_planning_msgs/lib:/home/zhijie/autoware/install/autoware_auto_mapping_msgs/lib:/home/zhijie/autoware/install/autoware_auto_geometry_msgs/lib:${LD_LIBRARY_PATH} PYTHONPATH=/home/zhijie/autoware/install/autoware_auto_planning_msgs/local/lib/python3.10/dist-packages:/home/zhijie/autoware/install/autoware_planning_msgs/local/lib/python3.10/dist-packages:/home/zhijie/autoware/install/autoware_auto_mapping_msgs/local/lib/python3.10/dist-packages:/home/zhijie/autoware/install/autoware_auto_geometry_msgs/local/lib/python3.10/dist-packages:${PYTHONPATH} /usr/bin/cmake --build /home/zhijie/autoware/build/lanelet2_map_preprocessor -- -j16 -l16
[22.555s] [35m[1mConsolidate compiler generated dependencies of target fix_z_value_by_pcd[0m
[22.555s] [  8%] [32mBuilding CXX object CMakeFiles/fix_z_value_by_pcd.dir/src/fix_z_value_by_pcd.cpp.o[0m
[27.880s] [ 16%] [32m[1mLinking CXX executable fix_z_value_by_pcd[0m
[29.072s] [ 16%] Built target fix_z_value_by_pcd
[29.155s] [35m[1mConsolidate compiler generated dependencies of target fix_lane_change_tags[0m
[29.291s] [ 25%] [32mBuilding CXX object CMakeFiles/fix_lane_change_tags.dir/src/fix_lane_change_tags.cpp.o[0m
[44.134s] [ 33%] [32m[1mLinking CXX executable fix_lane_change_tags[0m
[44.870s] [ 33%] Built target fix_lane_change_tags
[44.888s] [35m[1mConsolidate compiler generated dependencies of target remove_unreferenced_geometry[0m
[44.947s] [ 41%] [32mBuilding CXX object CMakeFiles/remove_unreferenced_geometry.dir/src/remove_unreferenced_geometry.cpp.o[0m
[56.057s] [ 50%] [32m[1mLinking CXX executable remove_unreferenced_geometry[0m
[56.511s] [ 50%] Built target remove_unreferenced_geometry
[56.524s] [35m[1mConsolidate compiler generated dependencies of target merge_close_points[0m
[56.529s] [35m[1mConsolidate compiler generated dependencies of target merge_close_lines[0m
[56.585s] [ 66%] [32mBuilding CXX object CMakeFiles/merge_close_points.dir/src/merge_close_points.cpp.o[0m
[56.586s] [ 66%] [32mBuilding CXX object CMakeFiles/merge_close_lines.dir/src/merge_close_lines.cpp.o[0m
[72.942s] [ 75%] [32m[1mLinking CXX executable merge_close_points[0m
[73.886s] [ 75%] Built target merge_close_points
[75.045s] [ 83%] [32m[1mLinking CXX executable merge_close_lines[0m
[75.928s] [ 83%] Built target merge_close_lines
[75.948s] [35m[1mConsolidate compiler generated dependencies of target transform_maps[0m
[76.023s] [ 91%] [32mBuilding CXX object CMakeFiles/transform_maps.dir/src/transform_maps.cpp.o[0m
[91.457s] [100%] [32m[1mLinking CXX executable transform_maps[0m
[92.458s] [100%] Built target transform_maps
[92.478s] Invoked command in '/home/zhijie/autoware/build/lanelet2_map_preprocessor' returned '0': AMENT_PREFIX_PATH=/home/zhijie/autoware/install/lanelet2_extension:/home/zhijie/autoware/install/autoware_utils:/home/zhijie/autoware/install/autoware_cmake:/home/zhijie/autoware/install/autoware_auto_planning_msgs:/home/zhijie/autoware/install/autoware_planning_msgs:/home/zhijie/autoware/install/autoware_lint_common:/home/zhijie/autoware/install/autoware_auto_mapping_msgs:/home/zhijie/autoware/install/autoware_auto_geometry_msgs:${AMENT_PREFIX_PATH} CMAKE_PREFIX_PATH=/home/zhijie/autoware/install/lanelet2_extension:/home/zhijie/autoware/install/autoware_utils:/home/zhijie/autoware/install/autoware_cmake:/home/zhijie/autoware/install/autoware_auto_planning_msgs:/home/zhijie/autoware/install/autoware_planning_msgs:/home/zhijie/autoware/install/autoware_lint_common:/home/zhijie/autoware/install/autoware_auto_mapping_msgs:/home/zhijie/autoware/install/autoware_auto_geometry_msgs:/opt/ros/humble LD_LIBRARY_PATH=/home/zhijie/autoware/install/lanelet2_extension/lib:/home/zhijie/autoware/install/autoware_utils/lib:/home/zhijie/autoware/install/autoware_auto_planning_msgs/lib:/home/zhijie/autoware/install/autoware_planning_msgs/lib:/home/zhijie/autoware/install/autoware_auto_mapping_msgs/lib:/home/zhijie/autoware/install/autoware_auto_geometry_msgs/lib:${LD_LIBRARY_PATH} PYTHONPATH=/home/zhijie/autoware/install/autoware_auto_planning_msgs/local/lib/python3.10/dist-packages:/home/zhijie/autoware/install/autoware_planning_msgs/local/lib/python3.10/dist-packages:/home/zhijie/autoware/install/autoware_auto_mapping_msgs/local/lib/python3.10/dist-packages:/home/zhijie/autoware/install/autoware_auto_geometry_msgs/local/lib/python3.10/dist-packages:${PYTHONPATH} /usr/bin/cmake --build /home/zhijie/autoware/build/lanelet2_map_preprocessor -- -j16 -l16
[92.737s] Invoking command in '/home/zhijie/autoware/build/lanelet2_map_preprocessor': AMENT_PREFIX_PATH=/home/zhijie/autoware/install/lanelet2_extension:/home/zhijie/autoware/install/autoware_utils:/home/zhijie/autoware/install/autoware_cmake:/home/zhijie/autoware/install/autoware_auto_planning_msgs:/home/zhijie/autoware/install/autoware_planning_msgs:/home/zhijie/autoware/install/autoware_lint_common:/home/zhijie/autoware/install/autoware_auto_mapping_msgs:/home/zhijie/autoware/install/autoware_auto_geometry_msgs:${AMENT_PREFIX_PATH} CMAKE_PREFIX_PATH=/home/zhijie/autoware/install/lanelet2_extension:/home/zhijie/autoware/install/autoware_utils:/home/zhijie/autoware/install/autoware_cmake:/home/zhijie/autoware/install/autoware_auto_planning_msgs:/home/zhijie/autoware/install/autoware_planning_msgs:/home/zhijie/autoware/install/autoware_lint_common:/home/zhijie/autoware/install/autoware_auto_mapping_msgs:/home/zhijie/autoware/install/autoware_auto_geometry_msgs:/opt/ros/humble LD_LIBRARY_PATH=/home/zhijie/autoware/install/lanelet2_extension/lib:/home/zhijie/autoware/install/autoware_utils/lib:/home/zhijie/autoware/install/autoware_auto_planning_msgs/lib:/home/zhijie/autoware/install/autoware_planning_msgs/lib:/home/zhijie/autoware/install/autoware_auto_mapping_msgs/lib:/home/zhijie/autoware/install/autoware_auto_geometry_msgs/lib:${LD_LIBRARY_PATH} PYTHONPATH=/home/zhijie/autoware/install/autoware_auto_planning_msgs/local/lib/python3.10/dist-packages:/home/zhijie/autoware/install/autoware_planning_msgs/local/lib/python3.10/dist-packages:/home/zhijie/autoware/install/autoware_auto_mapping_msgs/local/lib/python3.10/dist-packages:/home/zhijie/autoware/install/autoware_auto_geometry_msgs/local/lib/python3.10/dist-packages:${PYTHONPATH} /usr/bin/cmake --install /home/zhijie/autoware/build/lanelet2_map_preprocessor
[96.593s] -- Install configuration: "Release"
[96.593s] -- Execute custom install script
[96.593s] -- Up-to-date symlink: /home/zhijie/autoware/install/lanelet2_map_preprocessor/lib/lanelet2_map_preprocessor/fix_z_value_by_pcd
[96.593s] -- Up-to-date symlink: /home/zhijie/autoware/install/lanelet2_map_preprocessor/lib/lanelet2_map_preprocessor/transform_maps
[96.593s] -- Up-to-date symlink: /home/zhijie/autoware/install/lanelet2_map_preprocessor/lib/lanelet2_map_preprocessor/merge_close_lines
[96.593s] -- Up-to-date symlink: /home/zhijie/autoware/install/lanelet2_map_preprocessor/lib/lanelet2_map_preprocessor/merge_close_points
[96.594s] -- Up-to-date symlink: /home/zhijie/autoware/install/lanelet2_map_preprocessor/lib/lanelet2_map_preprocessor/remove_unreferenced_geometry
[96.594s] -- Up-to-date symlink: /home/zhijie/autoware/install/lanelet2_map_preprocessor/lib/lanelet2_map_preprocessor/fix_lane_change_tags
[96.594s] -- Up-to-date symlink: /home/zhijie/autoware/install/lanelet2_map_preprocessor/share/lanelet2_map_preprocessor/launch/fix_z_value_by_pcd.launch.xml
[96.594s] -- Up-to-date symlink: /home/zhijie/autoware/install/lanelet2_map_preprocessor/share/lanelet2_map_preprocessor/launch/transform_maps.launch.xml
[96.594s] -- Up-to-date symlink: /home/zhijie/autoware/install/lanelet2_map_preprocessor/share/ament_index/resource_index/package_run_dependencies/lanelet2_map_preprocessor
[96.594s] -- Up-to-date symlink: /home/zhijie/autoware/install/lanelet2_map_preprocessor/share/ament_index/resource_index/parent_prefix_path/lanelet2_map_preprocessor
[96.594s] -- Up-to-date symlink: /home/zhijie/autoware/install/lanelet2_map_preprocessor/share/lanelet2_map_preprocessor/environment/ament_prefix_path.sh
[96.594s] -- Up-to-date symlink: /home/zhijie/autoware/install/lanelet2_map_preprocessor/share/lanelet2_map_preprocessor/environment/ament_prefix_path.dsv
[96.594s] -- Up-to-date symlink: /home/zhijie/autoware/install/lanelet2_map_preprocessor/share/lanelet2_map_preprocessor/environment/path.sh
[96.594s] -- Up-to-date symlink: /home/zhijie/autoware/install/lanelet2_map_preprocessor/share/lanelet2_map_preprocessor/environment/path.dsv
[96.594s] -- Up-to-date symlink: /home/zhijie/autoware/install/lanelet2_map_preprocessor/share/lanelet2_map_preprocessor/local_setup.bash
[96.595s] -- Up-to-date symlink: /home/zhijie/autoware/install/lanelet2_map_preprocessor/share/lanelet2_map_preprocessor/local_setup.sh
[96.595s] -- Up-to-date symlink: /home/zhijie/autoware/install/lanelet2_map_preprocessor/share/lanelet2_map_preprocessor/local_setup.zsh
[96.595s] -- Up-to-date symlink: /home/zhijie/autoware/install/lanelet2_map_preprocessor/share/lanelet2_map_preprocessor/local_setup.dsv
[96.595s] -- Symlinking: /home/zhijie/autoware/install/lanelet2_map_preprocessor/share/lanelet2_map_preprocessor/package.dsv
[96.595s] -- Up-to-date symlink: /home/zhijie/autoware/install/lanelet2_map_preprocessor/share/ament_index/resource_index/packages/lanelet2_map_preprocessor
[96.595s] -- Up-to-date symlink: /home/zhijie/autoware/install/lanelet2_map_preprocessor/share/lanelet2_map_preprocessor/cmake/ament_cmake_export_dependencies-extras.cmake
[96.595s] -- Up-to-date symlink: /home/zhijie/autoware/install/lanelet2_map_preprocessor/share/lanelet2_map_preprocessor/cmake/lanelet2_map_preprocessorConfig.cmake
[96.595s] -- Up-to-date symlink: /home/zhijie/autoware/install/lanelet2_map_preprocessor/share/lanelet2_map_preprocessor/cmake/lanelet2_map_preprocessorConfig-version.cmake
[96.595s] -- Up-to-date symlink: /home/zhijie/autoware/install/lanelet2_map_preprocessor/share/lanelet2_map_preprocessor/package.xml
[96.634s] Invoked command in '/home/zhijie/autoware/build/lanelet2_map_preprocessor' returned '0': AMENT_PREFIX_PATH=/home/zhijie/autoware/install/lanelet2_extension:/home/zhijie/autoware/install/autoware_utils:/home/zhijie/autoware/install/autoware_cmake:/home/zhijie/autoware/install/autoware_auto_planning_msgs:/home/zhijie/autoware/install/autoware_planning_msgs:/home/zhijie/autoware/install/autoware_lint_common:/home/zhijie/autoware/install/autoware_auto_mapping_msgs:/home/zhijie/autoware/install/autoware_auto_geometry_msgs:${AMENT_PREFIX_PATH} CMAKE_PREFIX_PATH=/home/zhijie/autoware/install/lanelet2_extension:/home/zhijie/autoware/install/autoware_utils:/home/zhijie/autoware/install/autoware_cmake:/home/zhijie/autoware/install/autoware_auto_planning_msgs:/home/zhijie/autoware/install/autoware_planning_msgs:/home/zhijie/autoware/install/autoware_lint_common:/home/zhijie/autoware/install/autoware_auto_mapping_msgs:/home/zhijie/autoware/install/autoware_auto_geometry_msgs:/opt/ros/humble LD_LIBRARY_PATH=/home/zhijie/autoware/install/lanelet2_extension/lib:/home/zhijie/autoware/install/autoware_utils/lib:/home/zhijie/autoware/install/autoware_auto_planning_msgs/lib:/home/zhijie/autoware/install/autoware_planning_msgs/lib:/home/zhijie/autoware/install/autoware_auto_mapping_msgs/lib:/home/zhijie/autoware/install/autoware_auto_geometry_msgs/lib:${LD_LIBRARY_PATH} PYTHONPATH=/home/zhijie/autoware/install/autoware_auto_planning_msgs/local/lib/python3.10/dist-packages:/home/zhijie/autoware/install/autoware_planning_msgs/local/lib/python3.10/dist-packages:/home/zhijie/autoware/install/autoware_auto_mapping_msgs/local/lib/python3.10/dist-packages:/home/zhijie/autoware/install/autoware_auto_geometry_msgs/local/lib/python3.10/dist-packages:${PYTHONPATH} /usr/bin/cmake --install /home/zhijie/autoware/build/lanelet2_map_preprocessor
