[0.150s] Invoking command in '/home/zhijie/autoware/build/dataspeed_dbw_msgs': CMAKE_PREFIX_PATH=/opt/ros/humble /usr/bin/cmake --build /home/zhijie/autoware/build/dataspeed_dbw_msgs -- -j16 -l16
[0.178s] [  1%] [34m[1mGenerating C code for ROS interfaces[0m
[0.181s] [  1%] [34m[1mGenerating C++ code for ROS interfaces[0m
[0.192s] [  1%] Built target ament_cmake_python_symlink_dataspeed_dbw_msgs
[0.581s] running egg_info
[0.581s] creating dataspeed_dbw_msgs.egg-info
[0.582s] writing dataspeed_dbw_msgs.egg-info/PKG-INFO
[0.582s] writing dependency_links to dataspeed_dbw_msgs.egg-info/dependency_links.txt
[0.582s] writing top-level names to dataspeed_dbw_msgs.egg-info/top_level.txt
[0.583s] writing manifest file 'dataspeed_dbw_msgs.egg-info/SOURCES.txt'
[0.586s] reading manifest file 'dataspeed_dbw_msgs.egg-info/SOURCES.txt'
[0.587s] writing manifest file 'dataspeed_dbw_msgs.egg-info/SOURCES.txt'
[0.638s] [  1%] Built target ament_cmake_python_build_dataspeed_dbw_msgs_egg
[4.220s] [  1%] Built target dataspeed_dbw_msgs__cpp
[4.255s] [  3%] [34m[1mGenerating C++ type support for eProsima Fast-RTPS[0m
[4.255s] [  3%] [34m[1mGenerating C++ type support dispatch for ROS interfaces[0m
[4.260s] [  3%] [32mBuilding C object CMakeFiles/dataspeed_dbw_msgs__rosidl_generator_c.dir/rosidl_generator_c/dataspeed_dbw_msgs/msg/detail/brake_cmd__functions.c.o[0m
[4.272s] [  3%] [34m[1mGenerating C++ introspection for ROS interfaces[0m
[4.273s] [  4%] [32mBuilding C object CMakeFiles/dataspeed_dbw_msgs__rosidl_generator_c.dir/rosidl_generator_c/dataspeed_dbw_msgs/msg/detail/brake_report__functions.c.o[0m
[4.296s] [  5%] [32mBuilding C object CMakeFiles/dataspeed_dbw_msgs__rosidl_generator_c.dir/rosidl_generator_c/dataspeed_dbw_msgs/msg/detail/gear_cmd__functions.c.o[0m
[4.311s] [  6%] [32mBuilding C object CMakeFiles/dataspeed_dbw_msgs__rosidl_generator_c.dir/rosidl_generator_c/dataspeed_dbw_msgs/msg/detail/gear__functions.c.o[0m
[4.329s] [  6%] [32mBuilding C object CMakeFiles/dataspeed_dbw_msgs__rosidl_generator_c.dir/rosidl_generator_c/dataspeed_dbw_msgs/msg/detail/gear_reject__functions.c.o[0m
[4.357s] [  7%] [32mBuilding C object CMakeFiles/dataspeed_dbw_msgs__rosidl_generator_c.dir/rosidl_generator_c/dataspeed_dbw_msgs/msg/detail/gear_report__functions.c.o[0m
[4.426s] [  8%] [32mBuilding C object CMakeFiles/dataspeed_dbw_msgs__rosidl_generator_c.dir/rosidl_generator_c/dataspeed_dbw_msgs/msg/detail/misc_cmd__functions.c.o[0m
[4.448s] [  9%] [32mBuilding C object CMakeFiles/dataspeed_dbw_msgs__rosidl_generator_c.dir/rosidl_generator_c/dataspeed_dbw_msgs/msg/detail/misc_report__functions.c.o[0m
[4.464s] [  9%] [32mBuilding C object CMakeFiles/dataspeed_dbw_msgs__rosidl_generator_c.dir/rosidl_generator_c/dataspeed_dbw_msgs/msg/detail/steering_cmd__functions.c.o[0m
[4.501s] [ 10%] [32mBuilding C object CMakeFiles/dataspeed_dbw_msgs__rosidl_generator_c.dir/rosidl_generator_c/dataspeed_dbw_msgs/msg/detail/steering_report__functions.c.o[0m
[4.505s] [ 10%] [32mBuilding C object CMakeFiles/dataspeed_dbw_msgs__rosidl_generator_c.dir/rosidl_generator_c/dataspeed_dbw_msgs/msg/detail/turn_signal__functions.c.o[0m
[4.514s] [ 11%] [32mBuilding C object CMakeFiles/dataspeed_dbw_msgs__rosidl_generator_c.dir/rosidl_generator_c/dataspeed_dbw_msgs/msg/detail/throttle_report__functions.c.o[0m
[4.526s] [ 12%] [32mBuilding C object CMakeFiles/dataspeed_dbw_msgs__rosidl_generator_c.dir/rosidl_generator_c/dataspeed_dbw_msgs/msg/detail/throttle_cmd__functions.c.o[0m
[4.535s] [ 13%] [32mBuilding C object CMakeFiles/dataspeed_dbw_msgs__rosidl_generator_c.dir/rosidl_generator_c/dataspeed_dbw_msgs/msg/detail/watchdog_counter__functions.c.o[0m
[4.874s] [ 14%] [32m[1mLinking C shared library libdataspeed_dbw_msgs__rosidl_generator_c.so[0m
[5.021s] [ 14%] Built target dataspeed_dbw_msgs__rosidl_generator_c
[5.094s] [ 15%] [34m[1mGenerating C type support for eProsima Fast-RTPS[0m
[5.125s] [ 16%] [34m[1mGenerating C introspection for ROS interfaces[0m
[5.137s] [ 17%] [34m[1mGenerating C type support dispatch for ROS interfaces[0m
[10.434s] [ 18%] [32mBuilding CXX object CMakeFiles/dataspeed_dbw_msgs__rosidl_typesupport_cpp.dir/rosidl_typesupport_cpp/dataspeed_dbw_msgs/msg/brake_cmd__type_support.cpp.o[0m
[10.441s] [ 19%] [32mBuilding CXX object CMakeFiles/dataspeed_dbw_msgs__rosidl_typesupport_cpp.dir/rosidl_typesupport_cpp/dataspeed_dbw_msgs/msg/brake_report__type_support.cpp.o[0m
[10.469s] [ 19%] [32mBuilding CXX object CMakeFiles/dataspeed_dbw_msgs__rosidl_typesupport_cpp.dir/rosidl_typesupport_cpp/dataspeed_dbw_msgs/msg/gear_cmd__type_support.cpp.o[0m
[10.485s] [ 20%] [32mBuilding CXX object CMakeFiles/dataspeed_dbw_msgs__rosidl_typesupport_cpp.dir/rosidl_typesupport_cpp/dataspeed_dbw_msgs/msg/gear__type_support.cpp.o[0m
[10.573s] [ 21%] [32mBuilding CXX object CMakeFiles/dataspeed_dbw_msgs__rosidl_typesupport_cpp.dir/rosidl_typesupport_cpp/dataspeed_dbw_msgs/msg/gear_reject__type_support.cpp.o[0m
[10.597s] [ 21%] [32mBuilding CXX object CMakeFiles/dataspeed_dbw_msgs__rosidl_typesupport_cpp.dir/rosidl_typesupport_cpp/dataspeed_dbw_msgs/msg/gear_report__type_support.cpp.o[0m
[10.625s] [ 22%] [32mBuilding CXX object CMakeFiles/dataspeed_dbw_msgs__rosidl_typesupport_cpp.dir/rosidl_typesupport_cpp/dataspeed_dbw_msgs/msg/misc_cmd__type_support.cpp.o[0m
[10.674s] [ 23%] [32mBuilding CXX object CMakeFiles/dataspeed_dbw_msgs__rosidl_typesupport_cpp.dir/rosidl_typesupport_cpp/dataspeed_dbw_msgs/msg/misc_report__type_support.cpp.o[0m
[10.702s] [ 24%] [32mBuilding CXX object CMakeFiles/dataspeed_dbw_msgs__rosidl_typesupport_cpp.dir/rosidl_typesupport_cpp/dataspeed_dbw_msgs/msg/steering_cmd__type_support.cpp.o[0m
[10.718s] [ 24%] [32mBuilding CXX object CMakeFiles/dataspeed_dbw_msgs__rosidl_typesupport_cpp.dir/rosidl_typesupport_cpp/dataspeed_dbw_msgs/msg/steering_report__type_support.cpp.o[0m
[10.821s] [ 25%] [32mBuilding CXX object CMakeFiles/dataspeed_dbw_msgs__rosidl_typesupport_cpp.dir/rosidl_typesupport_cpp/dataspeed_dbw_msgs/msg/throttle_cmd__type_support.cpp.o[0m
[11.116s] [ 26%] [32mBuilding CXX object CMakeFiles/dataspeed_dbw_msgs__rosidl_typesupport_cpp.dir/rosidl_typesupport_cpp/dataspeed_dbw_msgs/msg/throttle_report__type_support.cpp.o[0m
[11.374s] [ 27%] [32mBuilding CXX object CMakeFiles/dataspeed_dbw_msgs__rosidl_typesupport_cpp.dir/rosidl_typesupport_cpp/dataspeed_dbw_msgs/msg/turn_signal__type_support.cpp.o[0m
[11.413s] [ 27%] [32mBuilding CXX object CMakeFiles/dataspeed_dbw_msgs__rosidl_typesupport_cpp.dir/rosidl_typesupport_cpp/dataspeed_dbw_msgs/msg/watchdog_counter__type_support.cpp.o[0m
[11.642s] [ 28%] [32mBuilding CXX object CMakeFiles/dataspeed_dbw_msgs__rosidl_typesupport_introspection_cpp.dir/rosidl_typesupport_introspection_cpp/dataspeed_dbw_msgs/msg/detail/brake_cmd__type_support.cpp.o[0m
[11.649s] [ 29%] [32mBuilding CXX object CMakeFiles/dataspeed_dbw_msgs__rosidl_typesupport_introspection_cpp.dir/rosidl_typesupport_introspection_cpp/dataspeed_dbw_msgs/msg/detail/brake_report__type_support.cpp.o[0m
[11.658s] [ 30%] [32mBuilding CXX object CMakeFiles/dataspeed_dbw_msgs__rosidl_typesupport_introspection_cpp.dir/rosidl_typesupport_introspection_cpp/dataspeed_dbw_msgs/msg/detail/gear_cmd__type_support.cpp.o[0m
[11.663s] [ 30%] [32mBuilding CXX object CMakeFiles/dataspeed_dbw_msgs__rosidl_typesupport_c.dir/rosidl_typesupport_c/dataspeed_dbw_msgs/msg/brake_cmd__type_support.cpp.o[0m
[11.677s] [ 31%] [32mBuilding CXX object CMakeFiles/dataspeed_dbw_msgs__rosidl_typesupport_c.dir/rosidl_typesupport_c/dataspeed_dbw_msgs/msg/gear_cmd__type_support.cpp.o[0m
[11.677s] [ 32%] [32mBuilding CXX object CMakeFiles/dataspeed_dbw_msgs__rosidl_typesupport_c.dir/rosidl_typesupport_c/dataspeed_dbw_msgs/msg/brake_report__type_support.cpp.o[0m
[11.681s] [ 33%] [32mBuilding CXX object CMakeFiles/dataspeed_dbw_msgs__rosidl_typesupport_c.dir/rosidl_typesupport_c/dataspeed_dbw_msgs/msg/gear__type_support.cpp.o[0m
[11.691s] [ 33%] [32mBuilding CXX object CMakeFiles/dataspeed_dbw_msgs__rosidl_typesupport_introspection_cpp.dir/rosidl_typesupport_introspection_cpp/dataspeed_dbw_msgs/msg/detail/gear__type_support.cpp.o[0m
[11.727s] [ 34%] [32mBuilding CXX object CMakeFiles/dataspeed_dbw_msgs__rosidl_typesupport_fastrtps_cpp.dir/rosidl_typesupport_fastrtps_cpp/dataspeed_dbw_msgs/msg/detail/dds_fastrtps/brake_cmd__type_support.cpp.o[0m
[11.729s] [ 34%] [32mBuilding CXX object CMakeFiles/dataspeed_dbw_msgs__rosidl_typesupport_c.dir/rosidl_typesupport_c/dataspeed_dbw_msgs/msg/gear_reject__type_support.cpp.o[0m
[11.755s] [ 35%] [32mBuilding CXX object CMakeFiles/dataspeed_dbw_msgs__rosidl_typesupport_fastrtps_cpp.dir/rosidl_typesupport_fastrtps_cpp/dataspeed_dbw_msgs/msg/detail/dds_fastrtps/brake_report__type_support.cpp.o[0m
[11.797s] [ 36%] [32mBuilding CXX object CMakeFiles/dataspeed_dbw_msgs__rosidl_typesupport_introspection_cpp.dir/rosidl_typesupport_introspection_cpp/dataspeed_dbw_msgs/msg/detail/gear_reject__type_support.cpp.o[0m
[11.832s] [ 37%] [32mBuilding CXX object CMakeFiles/dataspeed_dbw_msgs__rosidl_typesupport_c.dir/rosidl_typesupport_c/dataspeed_dbw_msgs/msg/gear_report__type_support.cpp.o[0m
[11.844s] [ 38%] [32mBuilding CXX object CMakeFiles/dataspeed_dbw_msgs__rosidl_typesupport_c.dir/rosidl_typesupport_c/dataspeed_dbw_msgs/msg/misc_cmd__type_support.cpp.o[0m
[11.860s] [ 39%] [32mBuilding CXX object CMakeFiles/dataspeed_dbw_msgs__rosidl_typesupport_c.dir/rosidl_typesupport_c/dataspeed_dbw_msgs/msg/misc_report__type_support.cpp.o[0m
[11.937s] [ 39%] [32mBuilding CXX object CMakeFiles/dataspeed_dbw_msgs__rosidl_typesupport_c.dir/rosidl_typesupport_c/dataspeed_dbw_msgs/msg/steering_cmd__type_support.cpp.o[0m
[11.949s] [ 39%] [32mBuilding CXX object CMakeFiles/dataspeed_dbw_msgs__rosidl_typesupport_fastrtps_cpp.dir/rosidl_typesupport_fastrtps_cpp/dataspeed_dbw_msgs/msg/detail/dds_fastrtps/gear_cmd__type_support.cpp.o[0m
[11.956s] [ 40%] [32mBuilding CXX object CMakeFiles/dataspeed_dbw_msgs__rosidl_typesupport_c.dir/rosidl_typesupport_c/dataspeed_dbw_msgs/msg/steering_report__type_support.cpp.o[0m
[11.965s] [ 41%] [32mBuilding CXX object CMakeFiles/dataspeed_dbw_msgs__rosidl_typesupport_c.dir/rosidl_typesupport_c/dataspeed_dbw_msgs/msg/throttle_cmd__type_support.cpp.o[0m
[12.085s] [ 42%] [32mBuilding CXX object CMakeFiles/dataspeed_dbw_msgs__rosidl_typesupport_fastrtps_cpp.dir/rosidl_typesupport_fastrtps_cpp/dataspeed_dbw_msgs/msg/detail/dds_fastrtps/gear__type_support.cpp.o[0m
[12.092s] [ 43%] [32mBuilding CXX object CMakeFiles/dataspeed_dbw_msgs__rosidl_typesupport_c.dir/rosidl_typesupport_c/dataspeed_dbw_msgs/msg/throttle_report__type_support.cpp.o[0m
[12.109s] [ 44%] [32mBuilding CXX object CMakeFiles/dataspeed_dbw_msgs__rosidl_typesupport_introspection_cpp.dir/rosidl_typesupport_introspection_cpp/dataspeed_dbw_msgs/msg/detail/gear_report__type_support.cpp.o[0m
[12.157s] [ 45%] [32mBuilding CXX object CMakeFiles/dataspeed_dbw_msgs__rosidl_typesupport_fastrtps_cpp.dir/rosidl_typesupport_fastrtps_cpp/dataspeed_dbw_msgs/msg/detail/dds_fastrtps/gear_reject__type_support.cpp.o[0m
[12.189s] [ 46%] [32mBuilding CXX object CMakeFiles/dataspeed_dbw_msgs__rosidl_typesupport_fastrtps_cpp.dir/rosidl_typesupport_fastrtps_cpp/dataspeed_dbw_msgs/msg/detail/dds_fastrtps/gear_report__type_support.cpp.o[0m
[12.260s] [ 46%] [32mBuilding CXX object CMakeFiles/dataspeed_dbw_msgs__rosidl_typesupport_c.dir/rosidl_typesupport_c/dataspeed_dbw_msgs/msg/turn_signal__type_support.cpp.o[0m
[12.320s] [ 47%] [32m[1mLinking CXX shared library libdataspeed_dbw_msgs__rosidl_typesupport_cpp.so[0m
[12.414s] [ 48%] [32mBuilding CXX object CMakeFiles/dataspeed_dbw_msgs__rosidl_typesupport_c.dir/rosidl_typesupport_c/dataspeed_dbw_msgs/msg/watchdog_counter__type_support.cpp.o[0m
[12.448s] [ 49%] [32mBuilding C object CMakeFiles/dataspeed_dbw_msgs__rosidl_typesupport_introspection_c.dir/rosidl_typesupport_introspection_c/dataspeed_dbw_msgs/msg/detail/brake_cmd__type_support.c.o[0m
[12.575s] [ 49%] Built target dataspeed_dbw_msgs__rosidl_typesupport_cpp
[12.579s] [ 50%] [32m[1mLinking CXX shared library libdataspeed_dbw_msgs__rosidl_typesupport_c.so[0m
[12.618s] [ 51%] [32mBuilding C object CMakeFiles/dataspeed_dbw_msgs__rosidl_typesupport_introspection_c.dir/rosidl_typesupport_introspection_c/dataspeed_dbw_msgs/msg/detail/brake_report__type_support.c.o[0m
[12.624s] [ 52%] [32mBuilding CXX object CMakeFiles/dataspeed_dbw_msgs__rosidl_typesupport_introspection_cpp.dir/rosidl_typesupport_introspection_cpp/dataspeed_dbw_msgs/msg/detail/misc_cmd__type_support.cpp.o[0m
[12.760s] [ 52%] Built target dataspeed_dbw_msgs__rosidl_typesupport_c
[12.793s] [ 52%] [32mBuilding CXX object CMakeFiles/dataspeed_dbw_msgs__rosidl_typesupport_fastrtps_cpp.dir/rosidl_typesupport_fastrtps_cpp/dataspeed_dbw_msgs/msg/detail/dds_fastrtps/misc_cmd__type_support.cpp.o[0m
[12.796s] [ 52%] [32mBuilding C object CMakeFiles/dataspeed_dbw_msgs__rosidl_typesupport_introspection_c.dir/rosidl_typesupport_introspection_c/dataspeed_dbw_msgs/msg/detail/gear_cmd__type_support.c.o[0m
[12.987s] [ 53%] [32mBuilding C object CMakeFiles/dataspeed_dbw_msgs__rosidl_typesupport_introspection_c.dir/rosidl_typesupport_introspection_c/dataspeed_dbw_msgs/msg/detail/gear__type_support.c.o[0m
[13.026s] [ 54%] [32mBuilding CXX object CMakeFiles/dataspeed_dbw_msgs__rosidl_typesupport_fastrtps_cpp.dir/rosidl_typesupport_fastrtps_cpp/dataspeed_dbw_msgs/msg/detail/dds_fastrtps/misc_report__type_support.cpp.o[0m
[13.096s] [ 55%] [32mBuilding CXX object CMakeFiles/dataspeed_dbw_msgs__rosidl_typesupport_introspection_cpp.dir/rosidl_typesupport_introspection_cpp/dataspeed_dbw_msgs/msg/detail/steering_cmd__type_support.cpp.o[0m
[13.103s] [ 55%] [32mBuilding CXX object CMakeFiles/dataspeed_dbw_msgs__rosidl_typesupport_introspection_cpp.dir/rosidl_typesupport_introspection_cpp/dataspeed_dbw_msgs/msg/detail/misc_report__type_support.cpp.o[0m
[13.191s] [ 56%] [32mBuilding CXX object CMakeFiles/dataspeed_dbw_msgs__rosidl_typesupport_fastrtps_cpp.dir/rosidl_typesupport_fastrtps_cpp/dataspeed_dbw_msgs/msg/detail/dds_fastrtps/steering_cmd__type_support.cpp.o[0m
[13.193s] [ 57%] [32mBuilding CXX object CMakeFiles/dataspeed_dbw_msgs__rosidl_typesupport_introspection_cpp.dir/rosidl_typesupport_introspection_cpp/dataspeed_dbw_msgs/msg/detail/steering_report__type_support.cpp.o[0m
[13.194s] [ 58%] [32mBuilding C object CMakeFiles/dataspeed_dbw_msgs__rosidl_typesupport_introspection_c.dir/rosidl_typesupport_introspection_c/dataspeed_dbw_msgs/msg/detail/gear_reject__type_support.c.o[0m
[13.312s] [ 59%] [32mBuilding CXX object CMakeFiles/dataspeed_dbw_msgs__rosidl_typesupport_introspection_cpp.dir/rosidl_typesupport_introspection_cpp/dataspeed_dbw_msgs/msg/detail/throttle_cmd__type_support.cpp.o[0m
[13.372s] [ 60%] [32mBuilding C object CMakeFiles/dataspeed_dbw_msgs__rosidl_typesupport_introspection_c.dir/rosidl_typesupport_introspection_c/dataspeed_dbw_msgs/msg/detail/gear_report__type_support.c.o[0m
[13.478s] [ 61%] [32mBuilding CXX object CMakeFiles/dataspeed_dbw_msgs__rosidl_typesupport_fastrtps_cpp.dir/rosidl_typesupport_fastrtps_cpp/dataspeed_dbw_msgs/msg/detail/dds_fastrtps/steering_report__type_support.cpp.o[0m
[13.544s] [ 61%] [32mBuilding CXX object CMakeFiles/dataspeed_dbw_msgs__rosidl_typesupport_fastrtps_cpp.dir/rosidl_typesupport_fastrtps_cpp/dataspeed_dbw_msgs/msg/detail/dds_fastrtps/throttle_cmd__type_support.cpp.o[0m
[13.596s] [ 61%] [32mBuilding C object CMakeFiles/dataspeed_dbw_msgs__rosidl_typesupport_introspection_c.dir/rosidl_typesupport_introspection_c/dataspeed_dbw_msgs/msg/detail/misc_cmd__type_support.c.o[0m
[13.628s] [ 61%] [32mBuilding CXX object CMakeFiles/dataspeed_dbw_msgs__rosidl_typesupport_introspection_cpp.dir/rosidl_typesupport_introspection_cpp/dataspeed_dbw_msgs/msg/detail/throttle_report__type_support.cpp.o[0m
[13.689s] [ 62%] [32mBuilding CXX object CMakeFiles/dataspeed_dbw_msgs__rosidl_typesupport_introspection_cpp.dir/rosidl_typesupport_introspection_cpp/dataspeed_dbw_msgs/msg/detail/turn_signal__type_support.cpp.o[0m
[13.690s] [ 63%] [32mBuilding CXX object CMakeFiles/dataspeed_dbw_msgs__rosidl_typesupport_fastrtps_cpp.dir/rosidl_typesupport_fastrtps_cpp/dataspeed_dbw_msgs/msg/detail/dds_fastrtps/throttle_report__type_support.cpp.o[0m
[13.695s] [ 64%] [32mBuilding CXX object CMakeFiles/dataspeed_dbw_msgs__rosidl_typesupport_fastrtps_cpp.dir/rosidl_typesupport_fastrtps_cpp/dataspeed_dbw_msgs/msg/detail/dds_fastrtps/turn_signal__type_support.cpp.o[0m
[13.736s] [ 65%] [32mBuilding C object CMakeFiles/dataspeed_dbw_msgs__rosidl_typesupport_introspection_c.dir/rosidl_typesupport_introspection_c/dataspeed_dbw_msgs/msg/detail/misc_report__type_support.c.o[0m
[13.906s] [ 66%] [32mBuilding C object CMakeFiles/dataspeed_dbw_msgs__rosidl_typesupport_introspection_c.dir/rosidl_typesupport_introspection_c/dataspeed_dbw_msgs/msg/detail/steering_cmd__type_support.c.o[0m
[14.074s] [ 66%] [32mBuilding C object CMakeFiles/dataspeed_dbw_msgs__rosidl_typesupport_introspection_c.dir/rosidl_typesupport_introspection_c/dataspeed_dbw_msgs/msg/detail/steering_report__type_support.c.o[0m
[14.235s] [ 67%] [32mBuilding C object CMakeFiles/dataspeed_dbw_msgs__rosidl_typesupport_introspection_c.dir/rosidl_typesupport_introspection_c/dataspeed_dbw_msgs/msg/detail/throttle_cmd__type_support.c.o[0m
[14.415s] [ 68%] [32mBuilding C object CMakeFiles/dataspeed_dbw_msgs__rosidl_typesupport_introspection_c.dir/rosidl_typesupport_introspection_c/dataspeed_dbw_msgs/msg/detail/throttle_report__type_support.c.o[0m
[14.511s] [ 69%] [32mBuilding CXX object CMakeFiles/dataspeed_dbw_msgs__rosidl_typesupport_fastrtps_c.dir/rosidl_typesupport_fastrtps_c/dataspeed_dbw_msgs/msg/detail/brake_cmd__type_support_c.cpp.o[0m
[14.574s] [ 70%] [32mBuilding CXX object CMakeFiles/dataspeed_dbw_msgs__rosidl_typesupport_introspection_cpp.dir/rosidl_typesupport_introspection_cpp/dataspeed_dbw_msgs/msg/detail/watchdog_counter__type_support.cpp.o[0m
[14.579s] [ 71%] [32mBuilding CXX object CMakeFiles/dataspeed_dbw_msgs__rosidl_typesupport_fastrtps_cpp.dir/rosidl_typesupport_fastrtps_cpp/dataspeed_dbw_msgs/msg/detail/dds_fastrtps/watchdog_counter__type_support.cpp.o[0m
[14.580s] [ 72%] [32mBuilding C object CMakeFiles/dataspeed_dbw_msgs__rosidl_typesupport_introspection_c.dir/rosidl_typesupport_introspection_c/dataspeed_dbw_msgs/msg/detail/turn_signal__type_support.c.o[0m
[14.619s] [ 72%] [32mBuilding CXX object CMakeFiles/dataspeed_dbw_msgs__rosidl_typesupport_fastrtps_c.dir/rosidl_typesupport_fastrtps_c/dataspeed_dbw_msgs/msg/detail/brake_report__type_support_c.cpp.o[0m
[14.622s] [ 72%] [32mBuilding C object CMakeFiles/dataspeed_dbw_msgs__rosidl_typesupport_introspection_c.dir/rosidl_typesupport_introspection_c/dataspeed_dbw_msgs/msg/detail/watchdog_counter__type_support.c.o[0m
[14.726s] [ 73%] [32mBuilding CXX object CMakeFiles/dataspeed_dbw_msgs__rosidl_typesupport_fastrtps_c.dir/rosidl_typesupport_fastrtps_c/dataspeed_dbw_msgs/msg/detail/gear_cmd__type_support_c.cpp.o[0m
[14.776s] [ 74%] [32mBuilding CXX object CMakeFiles/dataspeed_dbw_msgs__rosidl_typesupport_fastrtps_c.dir/rosidl_typesupport_fastrtps_c/dataspeed_dbw_msgs/msg/detail/gear_reject__type_support_c.cpp.o[0m
[14.778s] [ 75%] [32mBuilding CXX object CMakeFiles/dataspeed_dbw_msgs__rosidl_typesupport_fastrtps_c.dir/rosidl_typesupport_fastrtps_c/dataspeed_dbw_msgs/msg/detail/gear__type_support_c.cpp.o[0m
[14.894s] [ 76%] [32m[1mLinking C shared library libdataspeed_dbw_msgs__rosidl_typesupport_introspection_c.so[0m
[15.038s] [ 76%] Built target dataspeed_dbw_msgs__rosidl_typesupport_introspection_c
[15.574s] [ 76%] [32mBuilding CXX object CMakeFiles/dataspeed_dbw_msgs__rosidl_typesupport_fastrtps_c.dir/rosidl_typesupport_fastrtps_c/dataspeed_dbw_msgs/msg/detail/watchdog_counter__type_support_c.cpp.o[0m
[15.610s] [ 77%] [32mBuilding CXX object CMakeFiles/dataspeed_dbw_msgs__rosidl_typesupport_fastrtps_c.dir/rosidl_typesupport_fastrtps_c/dataspeed_dbw_msgs/msg/detail/turn_signal__type_support_c.cpp.o[0m
[15.622s] [ 78%] [32mBuilding CXX object CMakeFiles/dataspeed_dbw_msgs__rosidl_typesupport_fastrtps_c.dir/rosidl_typesupport_fastrtps_c/dataspeed_dbw_msgs/msg/detail/throttle_report__type_support_c.cpp.o[0m
[15.748s] [ 79%] [32m[1mLinking CXX shared library libdataspeed_dbw_msgs__rosidl_typesupport_introspection_cpp.so[0m
[15.842s] [ 80%] [32mBuilding CXX object CMakeFiles/dataspeed_dbw_msgs__rosidl_typesupport_fastrtps_c.dir/rosidl_typesupport_fastrtps_c/dataspeed_dbw_msgs/msg/detail/throttle_cmd__type_support_c.cpp.o[0m
[15.893s] [ 80%] [32mBuilding CXX object CMakeFiles/dataspeed_dbw_msgs__rosidl_typesupport_fastrtps_c.dir/rosidl_typesupport_fastrtps_c/dataspeed_dbw_msgs/msg/detail/steering_report__type_support_c.cpp.o[0m
[15.989s] [ 80%] Built target dataspeed_dbw_msgs__rosidl_typesupport_introspection_cpp
[16.052s] [ 81%] [32mBuilding CXX object CMakeFiles/dataspeed_dbw_msgs__rosidl_typesupport_fastrtps_c.dir/rosidl_typesupport_fastrtps_c/dataspeed_dbw_msgs/msg/detail/steering_cmd__type_support_c.cpp.o[0m
[16.055s] [ 82%] [32mBuilding CXX object CMakeFiles/dataspeed_dbw_msgs__rosidl_typesupport_fastrtps_c.dir/rosidl_typesupport_fastrtps_c/dataspeed_dbw_msgs/msg/detail/misc_report__type_support_c.cpp.o[0m
[16.167s] [ 82%] [32m[1mLinking CXX shared library libdataspeed_dbw_msgs__rosidl_typesupport_fastrtps_cpp.so[0m
[16.499s] [ 82%] Built target dataspeed_dbw_msgs__rosidl_typesupport_fastrtps_cpp
[16.654s] [ 83%] [32mBuilding CXX object CMakeFiles/dataspeed_dbw_msgs__rosidl_typesupport_fastrtps_c.dir/rosidl_typesupport_fastrtps_c/dataspeed_dbw_msgs/msg/detail/misc_cmd__type_support_c.cpp.o[0m
[16.679s] [ 83%] [32mBuilding CXX object CMakeFiles/dataspeed_dbw_msgs__rosidl_typesupport_fastrtps_c.dir/rosidl_typesupport_fastrtps_c/dataspeed_dbw_msgs/msg/detail/gear_report__type_support_c.cpp.o[0m
[17.787s] [ 84%] [32m[1mLinking CXX shared library libdataspeed_dbw_msgs__rosidl_typesupport_fastrtps_c.so[0m
[18.135s] [ 84%] Built target dataspeed_dbw_msgs__rosidl_typesupport_fastrtps_c
[18.263s] [ 84%] Built target dataspeed_dbw_msgs
[18.386s] [ 85%] [34m[1mGenerating Python code for ROS interfaces[0m
[27.694s] [ 85%] Built target dataspeed_dbw_msgs__py
[27.792s] [ 86%] [32mBuilding C object CMakeFiles/dataspeed_dbw_msgs__rosidl_generator_py.dir/rosidl_generator_py/dataspeed_dbw_msgs/msg/_brake_cmd_s.c.o[0m
[28.062s] [ 87%] [32mBuilding C object CMakeFiles/dataspeed_dbw_msgs__rosidl_generator_py.dir/rosidl_generator_py/dataspeed_dbw_msgs/msg/_watchdog_counter_s.c.o[0m
[28.253s] [ 87%] [32mBuilding C object CMakeFiles/dataspeed_dbw_msgs__rosidl_generator_py.dir/rosidl_generator_py/dataspeed_dbw_msgs/msg/_turn_signal_s.c.o[0m
[28.433s] [ 88%] [32mBuilding C object CMakeFiles/dataspeed_dbw_msgs__rosidl_generator_py.dir/rosidl_generator_py/dataspeed_dbw_msgs/msg/_throttle_report_s.c.o[0m
[28.686s] [ 89%] [32mBuilding C object CMakeFiles/dataspeed_dbw_msgs__rosidl_generator_py.dir/rosidl_generator_py/dataspeed_dbw_msgs/msg/_throttle_cmd_s.c.o[0m
[28.904s] [ 89%] [32mBuilding C object CMakeFiles/dataspeed_dbw_msgs__rosidl_generator_py.dir/rosidl_generator_py/dataspeed_dbw_msgs/msg/_steering_report_s.c.o[0m
[29.133s] [ 90%] [32mBuilding C object CMakeFiles/dataspeed_dbw_msgs__rosidl_generator_py.dir/rosidl_generator_py/dataspeed_dbw_msgs/msg/_steering_cmd_s.c.o[0m
[29.414s] [ 91%] [32mBuilding C object CMakeFiles/dataspeed_dbw_msgs__rosidl_generator_py.dir/rosidl_generator_py/dataspeed_dbw_msgs/msg/_misc_report_s.c.o[0m
[29.779s] [ 92%] [32mBuilding C object CMakeFiles/dataspeed_dbw_msgs__rosidl_generator_py.dir/rosidl_generator_py/dataspeed_dbw_msgs/msg/_misc_cmd_s.c.o[0m
[30.017s] [ 92%] [32mBuilding C object CMakeFiles/dataspeed_dbw_msgs__rosidl_generator_py.dir/rosidl_generator_py/dataspeed_dbw_msgs/msg/_gear_report_s.c.o[0m
[30.274s] [ 93%] [32mBuilding C object CMakeFiles/dataspeed_dbw_msgs__rosidl_generator_py.dir/rosidl_generator_py/dataspeed_dbw_msgs/msg/_gear_reject_s.c.o[0m
[30.536s] [ 94%] [32mBuilding C object CMakeFiles/dataspeed_dbw_msgs__rosidl_generator_py.dir/rosidl_generator_py/dataspeed_dbw_msgs/msg/_gear_s.c.o[0m
[30.760s] [ 95%] [32mBuilding C object CMakeFiles/dataspeed_dbw_msgs__rosidl_generator_py.dir/rosidl_generator_py/dataspeed_dbw_msgs/msg/_gear_cmd_s.c.o[0m
[30.972s] [ 95%] [32mBuilding C object CMakeFiles/dataspeed_dbw_msgs__rosidl_generator_py.dir/rosidl_generator_py/dataspeed_dbw_msgs/msg/_brake_report_s.c.o[0m
[31.349s] [ 96%] [32m[1mLinking C shared library rosidl_generator_py/dataspeed_dbw_msgs/libdataspeed_dbw_msgs__rosidl_generator_py.so[0m
[31.471s] [ 96%] Built target dataspeed_dbw_msgs__rosidl_generator_py
[31.547s] [ 97%] [32mBuilding C object CMakeFiles/dataspeed_dbw_msgs__rosidl_typesupport_fastrtps_c__pyext.dir/rosidl_generator_py/dataspeed_dbw_msgs/_dataspeed_dbw_msgs_s.ep.rosidl_typesupport_fastrtps_c.c.o[0m
[31.985s] [ 97%] [32m[1mLinking C shared library rosidl_generator_py/dataspeed_dbw_msgs/dataspeed_dbw_msgs_s__rosidl_typesupport_fastrtps_c.cpython-310-x86_64-linux-gnu.so[0m
[32.085s] [ 97%] Built target dataspeed_dbw_msgs__rosidl_typesupport_fastrtps_c__pyext
[32.135s] [ 98%] [32mBuilding C object CMakeFiles/dataspeed_dbw_msgs__rosidl_typesupport_c__pyext.dir/rosidl_generator_py/dataspeed_dbw_msgs/_dataspeed_dbw_msgs_s.ep.rosidl_typesupport_c.c.o[0m
[32.557s] [ 98%] [32m[1mLinking C shared library rosidl_generator_py/dataspeed_dbw_msgs/dataspeed_dbw_msgs_s__rosidl_typesupport_c.cpython-310-x86_64-linux-gnu.so[0m
[32.613s] [ 98%] Built target dataspeed_dbw_msgs__rosidl_typesupport_c__pyext
[32.659s] [ 99%] [32mBuilding C object CMakeFiles/dataspeed_dbw_msgs__rosidl_typesupport_introspection_c__pyext.dir/rosidl_generator_py/dataspeed_dbw_msgs/_dataspeed_dbw_msgs_s.ep.rosidl_typesupport_introspection_c.c.o[0m
[33.099s] [100%] [32m[1mLinking C shared library rosidl_generator_py/dataspeed_dbw_msgs/dataspeed_dbw_msgs_s__rosidl_typesupport_introspection_c.cpython-310-x86_64-linux-gnu.so[0m
[33.158s] [100%] Built target dataspeed_dbw_msgs__rosidl_typesupport_introspection_c__pyext
[33.207s] Invoked command in '/home/zhijie/autoware/build/dataspeed_dbw_msgs' returned '0': CMAKE_PREFIX_PATH=/opt/ros/humble /usr/bin/cmake --build /home/zhijie/autoware/build/dataspeed_dbw_msgs -- -j16 -l16
[34.048s] Invoking command in '/home/zhijie/autoware/build/dataspeed_dbw_msgs': CMAKE_PREFIX_PATH=/opt/ros/humble /usr/bin/cmake --install /home/zhijie/autoware/build/dataspeed_dbw_msgs
[34.119s] -- Install configuration: "Release"
[34.119s] -- Execute custom install script
[34.119s] -- Symlinking: /home/zhijie/autoware/install/dataspeed_dbw_msgs/share/ament_index/resource_index/rosidl_interfaces/dataspeed_dbw_msgs
[34.119s] -- Symlinking: /home/zhijie/autoware/install/dataspeed_dbw_msgs/include/dataspeed_dbw_msgs/dataspeed_dbw_msgs/msg/brake_cmd.h
[34.119s] -- Symlinking: /home/zhijie/autoware/install/dataspeed_dbw_msgs/include/dataspeed_dbw_msgs/dataspeed_dbw_msgs/msg/brake_report.h
[34.119s] -- Symlinking: /home/zhijie/autoware/install/dataspeed_dbw_msgs/include/dataspeed_dbw_msgs/dataspeed_dbw_msgs/msg/detail/brake_cmd__functions.h
[34.120s] -- Symlinking: /home/zhijie/autoware/install/dataspeed_dbw_msgs/include/dataspeed_dbw_msgs/dataspeed_dbw_msgs/msg/detail/brake_cmd__struct.h
[34.125s] -- Symlinking: /home/zhijie/autoware/install/dataspeed_dbw_msgs/include/dataspeed_dbw_msgs/dataspeed_dbw_msgs/msg/detail/brake_cmd__type_support.h
[34.132s] -- Symlinking: /home/zhijie/autoware/install/dataspeed_dbw_msgs/include/dataspeed_dbw_msgs/dataspeed_dbw_msgs/msg/detail/brake_report__functions.h
[34.144s] -- Symlinking: /home/zhijie/autoware/install/dataspeed_dbw_msgs/include/dataspeed_dbw_msgs/dataspeed_dbw_msgs/msg/detail/brake_report__struct.h
[34.156s] -- Symlinking: /home/zhijie/autoware/install/dataspeed_dbw_msgs/include/dataspeed_dbw_msgs/dataspeed_dbw_msgs/msg/detail/brake_report__type_support.h
[34.166s] -- Symlinking: /home/zhijie/autoware/install/dataspeed_dbw_msgs/include/dataspeed_dbw_msgs/dataspeed_dbw_msgs/msg/detail/gear__functions.h
[34.177s] -- Symlinking: /home/zhijie/autoware/install/dataspeed_dbw_msgs/include/dataspeed_dbw_msgs/dataspeed_dbw_msgs/msg/detail/gear__struct.h
[34.193s] -- Symlinking: /home/zhijie/autoware/install/dataspeed_dbw_msgs/include/dataspeed_dbw_msgs/dataspeed_dbw_msgs/msg/detail/gear__type_support.h
[34.198s] -- Symlinking: /home/zhijie/autoware/install/dataspeed_dbw_msgs/include/dataspeed_dbw_msgs/dataspeed_dbw_msgs/msg/detail/gear_cmd__functions.h
[34.212s] -- Symlinking: /home/zhijie/autoware/install/dataspeed_dbw_msgs/include/dataspeed_dbw_msgs/dataspeed_dbw_msgs/msg/detail/gear_cmd__struct.h
[34.221s] -- Symlinking: /home/zhijie/autoware/install/dataspeed_dbw_msgs/include/dataspeed_dbw_msgs/dataspeed_dbw_msgs/msg/detail/gear_cmd__type_support.h
[34.231s] -- Symlinking: /home/zhijie/autoware/install/dataspeed_dbw_msgs/include/dataspeed_dbw_msgs/dataspeed_dbw_msgs/msg/detail/gear_reject__functions.h
[34.247s] -- Symlinking: /home/zhijie/autoware/install/dataspeed_dbw_msgs/include/dataspeed_dbw_msgs/dataspeed_dbw_msgs/msg/detail/gear_reject__struct.h
[34.253s] -- Symlinking: /home/zhijie/autoware/install/dataspeed_dbw_msgs/include/dataspeed_dbw_msgs/dataspeed_dbw_msgs/msg/detail/gear_reject__type_support.h
[34.263s] -- Symlinking: /home/zhijie/autoware/install/dataspeed_dbw_msgs/include/dataspeed_dbw_msgs/dataspeed_dbw_msgs/msg/detail/gear_report__functions.h
[34.276s] -- Symlinking: /home/zhijie/autoware/install/dataspeed_dbw_msgs/include/dataspeed_dbw_msgs/dataspeed_dbw_msgs/msg/detail/gear_report__struct.h
[34.286s] -- Symlinking: /home/zhijie/autoware/install/dataspeed_dbw_msgs/include/dataspeed_dbw_msgs/dataspeed_dbw_msgs/msg/detail/gear_report__type_support.h
[34.297s] -- Symlinking: /home/zhijie/autoware/install/dataspeed_dbw_msgs/include/dataspeed_dbw_msgs/dataspeed_dbw_msgs/msg/detail/misc_cmd__functions.h
[34.311s] -- Symlinking: /home/zhijie/autoware/install/dataspeed_dbw_msgs/include/dataspeed_dbw_msgs/dataspeed_dbw_msgs/msg/detail/misc_cmd__struct.h
[34.321s] -- Symlinking: /home/zhijie/autoware/install/dataspeed_dbw_msgs/include/dataspeed_dbw_msgs/dataspeed_dbw_msgs/msg/detail/misc_cmd__type_support.h
[34.334s] -- Symlinking: /home/zhijie/autoware/install/dataspeed_dbw_msgs/include/dataspeed_dbw_msgs/dataspeed_dbw_msgs/msg/detail/misc_report__functions.h
[34.341s] -- Symlinking: /home/zhijie/autoware/install/dataspeed_dbw_msgs/include/dataspeed_dbw_msgs/dataspeed_dbw_msgs/msg/detail/misc_report__struct.h
[34.353s] -- Symlinking: /home/zhijie/autoware/install/dataspeed_dbw_msgs/include/dataspeed_dbw_msgs/dataspeed_dbw_msgs/msg/detail/misc_report__type_support.h
[34.365s] -- Symlinking: /home/zhijie/autoware/install/dataspeed_dbw_msgs/include/dataspeed_dbw_msgs/dataspeed_dbw_msgs/msg/detail/steering_cmd__functions.h
[34.376s] -- Symlinking: /home/zhijie/autoware/install/dataspeed_dbw_msgs/include/dataspeed_dbw_msgs/dataspeed_dbw_msgs/msg/detail/steering_cmd__struct.h
[34.413s] -- Symlinking: /home/zhijie/autoware/install/dataspeed_dbw_msgs/include/dataspeed_dbw_msgs/dataspeed_dbw_msgs/msg/detail/steering_cmd__type_support.h
[34.414s] -- Symlinking: /home/zhijie/autoware/install/dataspeed_dbw_msgs/include/dataspeed_dbw_msgs/dataspeed_dbw_msgs/msg/detail/steering_report__functions.h
[34.443s] -- Symlinking: /home/zhijie/autoware/install/dataspeed_dbw_msgs/include/dataspeed_dbw_msgs/dataspeed_dbw_msgs/msg/detail/steering_report__struct.h
[34.443s] -- Symlinking: /home/zhijie/autoware/install/dataspeed_dbw_msgs/include/dataspeed_dbw_msgs/dataspeed_dbw_msgs/msg/detail/steering_report__type_support.h
[34.445s] -- Symlinking: /home/zhijie/autoware/install/dataspeed_dbw_msgs/include/dataspeed_dbw_msgs/dataspeed_dbw_msgs/msg/detail/throttle_cmd__functions.h
[34.455s] -- Symlinking: /home/zhijie/autoware/install/dataspeed_dbw_msgs/include/dataspeed_dbw_msgs/dataspeed_dbw_msgs/msg/detail/throttle_cmd__struct.h
[34.469s] -- Symlinking: /home/zhijie/autoware/install/dataspeed_dbw_msgs/include/dataspeed_dbw_msgs/dataspeed_dbw_msgs/msg/detail/throttle_cmd__type_support.h
[34.477s] -- Symlinking: /home/zhijie/autoware/install/dataspeed_dbw_msgs/include/dataspeed_dbw_msgs/dataspeed_dbw_msgs/msg/detail/throttle_report__functions.h
[34.495s] -- Symlinking: /home/zhijie/autoware/install/dataspeed_dbw_msgs/include/dataspeed_dbw_msgs/dataspeed_dbw_msgs/msg/detail/throttle_report__struct.h
[34.506s] -- Symlinking: /home/zhijie/autoware/install/dataspeed_dbw_msgs/include/dataspeed_dbw_msgs/dataspeed_dbw_msgs/msg/detail/throttle_report__type_support.h
[34.518s] -- Symlinking: /home/zhijie/autoware/install/dataspeed_dbw_msgs/include/dataspeed_dbw_msgs/dataspeed_dbw_msgs/msg/detail/turn_signal__functions.h
[34.527s] -- Symlinking: /home/zhijie/autoware/install/dataspeed_dbw_msgs/include/dataspeed_dbw_msgs/dataspeed_dbw_msgs/msg/detail/turn_signal__struct.h
[34.546s] -- Symlinking: /home/zhijie/autoware/install/dataspeed_dbw_msgs/include/dataspeed_dbw_msgs/dataspeed_dbw_msgs/msg/detail/turn_signal__type_support.h
[34.557s] -- Symlinking: /home/zhijie/autoware/install/dataspeed_dbw_msgs/include/dataspeed_dbw_msgs/dataspeed_dbw_msgs/msg/detail/watchdog_counter__functions.h
[34.564s] -- Symlinking: /home/zhijie/autoware/install/dataspeed_dbw_msgs/include/dataspeed_dbw_msgs/dataspeed_dbw_msgs/msg/detail/watchdog_counter__struct.h
[34.578s] -- Symlinking: /home/zhijie/autoware/install/dataspeed_dbw_msgs/include/dataspeed_dbw_msgs/dataspeed_dbw_msgs/msg/detail/watchdog_counter__type_support.h
[34.590s] -- Symlinking: /home/zhijie/autoware/install/dataspeed_dbw_msgs/include/dataspeed_dbw_msgs/dataspeed_dbw_msgs/msg/gear.h
[34.608s] -- Symlinking: /home/zhijie/autoware/install/dataspeed_dbw_msgs/include/dataspeed_dbw_msgs/dataspeed_dbw_msgs/msg/gear_cmd.h
[34.634s] -- Symlinking: /home/zhijie/autoware/install/dataspeed_dbw_msgs/include/dataspeed_dbw_msgs/dataspeed_dbw_msgs/msg/gear_reject.h
[34.649s] -- Symlinking: /home/zhijie/autoware/install/dataspeed_dbw_msgs/include/dataspeed_dbw_msgs/dataspeed_dbw_msgs/msg/gear_report.h
[34.668s] -- Symlinking: /home/zhijie/autoware/install/dataspeed_dbw_msgs/include/dataspeed_dbw_msgs/dataspeed_dbw_msgs/msg/misc_cmd.h
[34.681s] -- Symlinking: /home/zhijie/autoware/install/dataspeed_dbw_msgs/include/dataspeed_dbw_msgs/dataspeed_dbw_msgs/msg/misc_report.h
[34.697s] -- Symlinking: /home/zhijie/autoware/install/dataspeed_dbw_msgs/include/dataspeed_dbw_msgs/dataspeed_dbw_msgs/msg/rosidl_generator_c__visibility_control.h
[34.706s] -- Symlinking: /home/zhijie/autoware/install/dataspeed_dbw_msgs/include/dataspeed_dbw_msgs/dataspeed_dbw_msgs/msg/steering_cmd.h
[34.717s] -- Symlinking: /home/zhijie/autoware/install/dataspeed_dbw_msgs/include/dataspeed_dbw_msgs/dataspeed_dbw_msgs/msg/steering_report.h
[34.731s] -- Symlinking: /home/zhijie/autoware/install/dataspeed_dbw_msgs/include/dataspeed_dbw_msgs/dataspeed_dbw_msgs/msg/throttle_cmd.h
[34.755s] -- Symlinking: /home/zhijie/autoware/install/dataspeed_dbw_msgs/include/dataspeed_dbw_msgs/dataspeed_dbw_msgs/msg/throttle_report.h
[34.776s] -- Symlinking: /home/zhijie/autoware/install/dataspeed_dbw_msgs/include/dataspeed_dbw_msgs/dataspeed_dbw_msgs/msg/turn_signal.h
[34.785s] -- Symlinking: /home/zhijie/autoware/install/dataspeed_dbw_msgs/include/dataspeed_dbw_msgs/dataspeed_dbw_msgs/msg/watchdog_counter.h
[34.801s] -- Symlinking: /home/zhijie/autoware/install/dataspeed_dbw_msgs/share/dataspeed_dbw_msgs/environment/library_path.sh
[34.827s] -- Symlinking: /home/zhijie/autoware/install/dataspeed_dbw_msgs/share/dataspeed_dbw_msgs/environment/library_path.dsv
[34.843s] -- Symlinking: /home/zhijie/autoware/install/dataspeed_dbw_msgs/include/dataspeed_dbw_msgs/dataspeed_dbw_msgs/msg/detail/brake_cmd__rosidl_typesupport_fastrtps_c.h
[34.853s] -- Symlinking: /home/zhijie/autoware/install/dataspeed_dbw_msgs/include/dataspeed_dbw_msgs/dataspeed_dbw_msgs/msg/detail/brake_report__rosidl_typesupport_fastrtps_c.h
[34.868s] -- Symlinking: /home/zhijie/autoware/install/dataspeed_dbw_msgs/include/dataspeed_dbw_msgs/dataspeed_dbw_msgs/msg/detail/gear__rosidl_typesupport_fastrtps_c.h
[34.889s] -- Symlinking: /home/zhijie/autoware/install/dataspeed_dbw_msgs/include/dataspeed_dbw_msgs/dataspeed_dbw_msgs/msg/detail/gear_cmd__rosidl_typesupport_fastrtps_c.h
[34.900s] -- Symlinking: /home/zhijie/autoware/install/dataspeed_dbw_msgs/include/dataspeed_dbw_msgs/dataspeed_dbw_msgs/msg/detail/gear_reject__rosidl_typesupport_fastrtps_c.h
[34.912s] -- Symlinking: /home/zhijie/autoware/install/dataspeed_dbw_msgs/include/dataspeed_dbw_msgs/dataspeed_dbw_msgs/msg/detail/gear_report__rosidl_typesupport_fastrtps_c.h
[34.924s] -- Symlinking: /home/zhijie/autoware/install/dataspeed_dbw_msgs/include/dataspeed_dbw_msgs/dataspeed_dbw_msgs/msg/detail/misc_cmd__rosidl_typesupport_fastrtps_c.h
[34.937s] -- Symlinking: /home/zhijie/autoware/install/dataspeed_dbw_msgs/include/dataspeed_dbw_msgs/dataspeed_dbw_msgs/msg/detail/misc_report__rosidl_typesupport_fastrtps_c.h
[34.953s] -- Symlinking: /home/zhijie/autoware/install/dataspeed_dbw_msgs/include/dataspeed_dbw_msgs/dataspeed_dbw_msgs/msg/detail/steering_cmd__rosidl_typesupport_fastrtps_c.h
[34.974s] -- Symlinking: /home/zhijie/autoware/install/dataspeed_dbw_msgs/include/dataspeed_dbw_msgs/dataspeed_dbw_msgs/msg/detail/steering_report__rosidl_typesupport_fastrtps_c.h
[34.991s] -- Symlinking: /home/zhijie/autoware/install/dataspeed_dbw_msgs/include/dataspeed_dbw_msgs/dataspeed_dbw_msgs/msg/detail/throttle_cmd__rosidl_typesupport_fastrtps_c.h
[35.018s] -- Symlinking: /home/zhijie/autoware/install/dataspeed_dbw_msgs/include/dataspeed_dbw_msgs/dataspeed_dbw_msgs/msg/detail/throttle_report__rosidl_typesupport_fastrtps_c.h
[35.051s] -- Symlinking: /home/zhijie/autoware/install/dataspeed_dbw_msgs/include/dataspeed_dbw_msgs/dataspeed_dbw_msgs/msg/detail/turn_signal__rosidl_typesupport_fastrtps_c.h
[35.051s] -- Symlinking: /home/zhijie/autoware/install/dataspeed_dbw_msgs/include/dataspeed_dbw_msgs/dataspeed_dbw_msgs/msg/detail/watchdog_counter__rosidl_typesupport_fastrtps_c.h
[35.069s] -- Symlinking: /home/zhijie/autoware/install/dataspeed_dbw_msgs/include/dataspeed_dbw_msgs/dataspeed_dbw_msgs/msg/rosidl_typesupport_fastrtps_c__visibility_control.h
[35.105s] -- Symlinking: /home/zhijie/autoware/install/dataspeed_dbw_msgs/include/dataspeed_dbw_msgs/dataspeed_dbw_msgs/msg/detail/brake_cmd__rosidl_typesupport_introspection_c.h
[35.116s] -- Symlinking: /home/zhijie/autoware/install/dataspeed_dbw_msgs/include/dataspeed_dbw_msgs/dataspeed_dbw_msgs/msg/detail/brake_report__rosidl_typesupport_introspection_c.h
[35.133s] -- Symlinking: /home/zhijie/autoware/install/dataspeed_dbw_msgs/include/dataspeed_dbw_msgs/dataspeed_dbw_msgs/msg/detail/gear__rosidl_typesupport_introspection_c.h
[35.146s] -- Symlinking: /home/zhijie/autoware/install/dataspeed_dbw_msgs/include/dataspeed_dbw_msgs/dataspeed_dbw_msgs/msg/detail/gear_cmd__rosidl_typesupport_introspection_c.h
[35.162s] -- Symlinking: /home/zhijie/autoware/install/dataspeed_dbw_msgs/include/dataspeed_dbw_msgs/dataspeed_dbw_msgs/msg/detail/gear_reject__rosidl_typesupport_introspection_c.h
[35.174s] -- Symlinking: /home/zhijie/autoware/install/dataspeed_dbw_msgs/include/dataspeed_dbw_msgs/dataspeed_dbw_msgs/msg/detail/gear_report__rosidl_typesupport_introspection_c.h
[35.193s] -- Symlinking: /home/zhijie/autoware/install/dataspeed_dbw_msgs/include/dataspeed_dbw_msgs/dataspeed_dbw_msgs/msg/detail/misc_cmd__rosidl_typesupport_introspection_c.h
[35.208s] -- Symlinking: /home/zhijie/autoware/install/dataspeed_dbw_msgs/include/dataspeed_dbw_msgs/dataspeed_dbw_msgs/msg/detail/misc_report__rosidl_typesupport_introspection_c.h
[35.221s] -- Symlinking: /home/zhijie/autoware/install/dataspeed_dbw_msgs/include/dataspeed_dbw_msgs/dataspeed_dbw_msgs/msg/detail/steering_cmd__rosidl_typesupport_introspection_c.h
[35.231s] -- Symlinking: /home/zhijie/autoware/install/dataspeed_dbw_msgs/include/dataspeed_dbw_msgs/dataspeed_dbw_msgs/msg/detail/steering_report__rosidl_typesupport_introspection_c.h
[35.247s] -- Symlinking: /home/zhijie/autoware/install/dataspeed_dbw_msgs/include/dataspeed_dbw_msgs/dataspeed_dbw_msgs/msg/detail/throttle_cmd__rosidl_typesupport_introspection_c.h
[35.257s] -- Symlinking: /home/zhijie/autoware/install/dataspeed_dbw_msgs/include/dataspeed_dbw_msgs/dataspeed_dbw_msgs/msg/detail/throttle_report__rosidl_typesupport_introspection_c.h
[35.272s] -- Symlinking: /home/zhijie/autoware/install/dataspeed_dbw_msgs/include/dataspeed_dbw_msgs/dataspeed_dbw_msgs/msg/detail/turn_signal__rosidl_typesupport_introspection_c.h
[35.289s] -- Symlinking: /home/zhijie/autoware/install/dataspeed_dbw_msgs/include/dataspeed_dbw_msgs/dataspeed_dbw_msgs/msg/detail/watchdog_counter__rosidl_typesupport_introspection_c.h
[35.298s] -- Symlinking: /home/zhijie/autoware/install/dataspeed_dbw_msgs/include/dataspeed_dbw_msgs/dataspeed_dbw_msgs/msg/rosidl_typesupport_introspection_c__visibility_control.h
[35.313s] -- Symlinking: /home/zhijie/autoware/install/dataspeed_dbw_msgs/include/dataspeed_dbw_msgs/dataspeed_dbw_msgs/msg/brake_cmd.hpp
[35.331s] -- Symlinking: /home/zhijie/autoware/install/dataspeed_dbw_msgs/include/dataspeed_dbw_msgs/dataspeed_dbw_msgs/msg/brake_report.hpp
[35.346s] -- Symlinking: /home/zhijie/autoware/install/dataspeed_dbw_msgs/include/dataspeed_dbw_msgs/dataspeed_dbw_msgs/msg/detail/brake_cmd__builder.hpp
[35.354s] -- Symlinking: /home/zhijie/autoware/install/dataspeed_dbw_msgs/include/dataspeed_dbw_msgs/dataspeed_dbw_msgs/msg/detail/brake_cmd__struct.hpp
[35.381s] -- Symlinking: /home/zhijie/autoware/install/dataspeed_dbw_msgs/include/dataspeed_dbw_msgs/dataspeed_dbw_msgs/msg/detail/brake_cmd__traits.hpp
[35.381s] -- Symlinking: /home/zhijie/autoware/install/dataspeed_dbw_msgs/include/dataspeed_dbw_msgs/dataspeed_dbw_msgs/msg/detail/brake_report__builder.hpp
[35.394s] -- Symlinking: /home/zhijie/autoware/install/dataspeed_dbw_msgs/include/dataspeed_dbw_msgs/dataspeed_dbw_msgs/msg/detail/brake_report__struct.hpp
[35.411s] -- Symlinking: /home/zhijie/autoware/install/dataspeed_dbw_msgs/include/dataspeed_dbw_msgs/dataspeed_dbw_msgs/msg/detail/brake_report__traits.hpp
[35.422s] -- Symlinking: /home/zhijie/autoware/install/dataspeed_dbw_msgs/include/dataspeed_dbw_msgs/dataspeed_dbw_msgs/msg/detail/gear__builder.hpp
[35.434s] -- Symlinking: /home/zhijie/autoware/install/dataspeed_dbw_msgs/include/dataspeed_dbw_msgs/dataspeed_dbw_msgs/msg/detail/gear__struct.hpp
[35.451s] -- Symlinking: /home/zhijie/autoware/install/dataspeed_dbw_msgs/include/dataspeed_dbw_msgs/dataspeed_dbw_msgs/msg/detail/gear__traits.hpp
[35.462s] -- Symlinking: /home/zhijie/autoware/install/dataspeed_dbw_msgs/include/dataspeed_dbw_msgs/dataspeed_dbw_msgs/msg/detail/gear_cmd__builder.hpp
[35.474s] -- Symlinking: /home/zhijie/autoware/install/dataspeed_dbw_msgs/include/dataspeed_dbw_msgs/dataspeed_dbw_msgs/msg/detail/gear_cmd__struct.hpp
[35.496s] -- Symlinking: /home/zhijie/autoware/install/dataspeed_dbw_msgs/include/dataspeed_dbw_msgs/dataspeed_dbw_msgs/msg/detail/gear_cmd__traits.hpp
[35.515s] -- Symlinking: /home/zhijie/autoware/install/dataspeed_dbw_msgs/include/dataspeed_dbw_msgs/dataspeed_dbw_msgs/msg/detail/gear_reject__builder.hpp
[35.527s] -- Symlinking: /home/zhijie/autoware/install/dataspeed_dbw_msgs/include/dataspeed_dbw_msgs/dataspeed_dbw_msgs/msg/detail/gear_reject__struct.hpp
[35.543s] -- Symlinking: /home/zhijie/autoware/install/dataspeed_dbw_msgs/include/dataspeed_dbw_msgs/dataspeed_dbw_msgs/msg/detail/gear_reject__traits.hpp
[35.580s] -- Symlinking: /home/zhijie/autoware/install/dataspeed_dbw_msgs/include/dataspeed_dbw_msgs/dataspeed_dbw_msgs/msg/detail/gear_report__builder.hpp
[35.581s] -- Symlinking: /home/zhijie/autoware/install/dataspeed_dbw_msgs/include/dataspeed_dbw_msgs/dataspeed_dbw_msgs/msg/detail/gear_report__struct.hpp
[35.619s] -- Symlinking: /home/zhijie/autoware/install/dataspeed_dbw_msgs/include/dataspeed_dbw_msgs/dataspeed_dbw_msgs/msg/detail/gear_report__traits.hpp
[35.634s] -- Symlinking: /home/zhijie/autoware/install/dataspeed_dbw_msgs/include/dataspeed_dbw_msgs/dataspeed_dbw_msgs/msg/detail/misc_cmd__builder.hpp
[35.654s] -- Symlinking: /home/zhijie/autoware/install/dataspeed_dbw_msgs/include/dataspeed_dbw_msgs/dataspeed_dbw_msgs/msg/detail/misc_cmd__struct.hpp
[35.667s] -- Symlinking: /home/zhijie/autoware/install/dataspeed_dbw_msgs/include/dataspeed_dbw_msgs/dataspeed_dbw_msgs/msg/detail/misc_cmd__traits.hpp
[35.680s] -- Symlinking: /home/zhijie/autoware/install/dataspeed_dbw_msgs/include/dataspeed_dbw_msgs/dataspeed_dbw_msgs/msg/detail/misc_report__builder.hpp
[35.699s] -- Symlinking: /home/zhijie/autoware/install/dataspeed_dbw_msgs/include/dataspeed_dbw_msgs/dataspeed_dbw_msgs/msg/detail/misc_report__struct.hpp
[35.718s] -- Symlinking: /home/zhijie/autoware/install/dataspeed_dbw_msgs/include/dataspeed_dbw_msgs/dataspeed_dbw_msgs/msg/detail/misc_report__traits.hpp
[35.730s] -- Symlinking: /home/zhijie/autoware/install/dataspeed_dbw_msgs/include/dataspeed_dbw_msgs/dataspeed_dbw_msgs/msg/detail/steering_cmd__builder.hpp
[35.752s] -- Symlinking: /home/zhijie/autoware/install/dataspeed_dbw_msgs/include/dataspeed_dbw_msgs/dataspeed_dbw_msgs/msg/detail/steering_cmd__struct.hpp
[35.779s] -- Symlinking: /home/zhijie/autoware/install/dataspeed_dbw_msgs/include/dataspeed_dbw_msgs/dataspeed_dbw_msgs/msg/detail/steering_cmd__traits.hpp
[35.794s] -- Symlinking: /home/zhijie/autoware/install/dataspeed_dbw_msgs/include/dataspeed_dbw_msgs/dataspeed_dbw_msgs/msg/detail/steering_report__builder.hpp
[35.800s] -- Symlinking: /home/zhijie/autoware/install/dataspeed_dbw_msgs/include/dataspeed_dbw_msgs/dataspeed_dbw_msgs/msg/detail/steering_report__struct.hpp
[35.819s] -- Symlinking: /home/zhijie/autoware/install/dataspeed_dbw_msgs/include/dataspeed_dbw_msgs/dataspeed_dbw_msgs/msg/detail/steering_report__traits.hpp
[35.843s] -- Symlinking: /home/zhijie/autoware/install/dataspeed_dbw_msgs/include/dataspeed_dbw_msgs/dataspeed_dbw_msgs/msg/detail/throttle_cmd__builder.hpp
[35.868s] -- Symlinking: /home/zhijie/autoware/install/dataspeed_dbw_msgs/include/dataspeed_dbw_msgs/dataspeed_dbw_msgs/msg/detail/throttle_cmd__struct.hpp
[35.887s] -- Symlinking: /home/zhijie/autoware/install/dataspeed_dbw_msgs/include/dataspeed_dbw_msgs/dataspeed_dbw_msgs/msg/detail/throttle_cmd__traits.hpp
[35.901s] -- Symlinking: /home/zhijie/autoware/install/dataspeed_dbw_msgs/include/dataspeed_dbw_msgs/dataspeed_dbw_msgs/msg/detail/throttle_report__builder.hpp
[35.914s] -- Symlinking: /home/zhijie/autoware/install/dataspeed_dbw_msgs/include/dataspeed_dbw_msgs/dataspeed_dbw_msgs/msg/detail/throttle_report__struct.hpp
[35.935s] -- Symlinking: /home/zhijie/autoware/install/dataspeed_dbw_msgs/include/dataspeed_dbw_msgs/dataspeed_dbw_msgs/msg/detail/throttle_report__traits.hpp
[35.945s] -- Symlinking: /home/zhijie/autoware/install/dataspeed_dbw_msgs/include/dataspeed_dbw_msgs/dataspeed_dbw_msgs/msg/detail/turn_signal__builder.hpp
[35.957s] -- Symlinking: /home/zhijie/autoware/install/dataspeed_dbw_msgs/include/dataspeed_dbw_msgs/dataspeed_dbw_msgs/msg/detail/turn_signal__struct.hpp
[35.972s] -- Symlinking: /home/zhijie/autoware/install/dataspeed_dbw_msgs/include/dataspeed_dbw_msgs/dataspeed_dbw_msgs/msg/detail/turn_signal__traits.hpp
[35.986s] -- Symlinking: /home/zhijie/autoware/install/dataspeed_dbw_msgs/include/dataspeed_dbw_msgs/dataspeed_dbw_msgs/msg/detail/watchdog_counter__builder.hpp
[36.008s] -- Symlinking: /home/zhijie/autoware/install/dataspeed_dbw_msgs/include/dataspeed_dbw_msgs/dataspeed_dbw_msgs/msg/detail/watchdog_counter__struct.hpp
[36.012s] -- Symlinking: /home/zhijie/autoware/install/dataspeed_dbw_msgs/include/dataspeed_dbw_msgs/dataspeed_dbw_msgs/msg/detail/watchdog_counter__traits.hpp
[36.023s] -- Symlinking: /home/zhijie/autoware/install/dataspeed_dbw_msgs/include/dataspeed_dbw_msgs/dataspeed_dbw_msgs/msg/gear.hpp
[36.075s] -- Symlinking: /home/zhijie/autoware/install/dataspeed_dbw_msgs/include/dataspeed_dbw_msgs/dataspeed_dbw_msgs/msg/gear_cmd.hpp
[36.089s] -- Symlinking: /home/zhijie/autoware/install/dataspeed_dbw_msgs/include/dataspeed_dbw_msgs/dataspeed_dbw_msgs/msg/gear_reject.hpp
[36.116s] -- Symlinking: /home/zhijie/autoware/install/dataspeed_dbw_msgs/include/dataspeed_dbw_msgs/dataspeed_dbw_msgs/msg/gear_report.hpp
[36.130s] -- Symlinking: /home/zhijie/autoware/install/dataspeed_dbw_msgs/include/dataspeed_dbw_msgs/dataspeed_dbw_msgs/msg/misc_cmd.hpp
[36.168s] -- Symlinking: /home/zhijie/autoware/install/dataspeed_dbw_msgs/include/dataspeed_dbw_msgs/dataspeed_dbw_msgs/msg/misc_report.hpp
[36.183s] -- Symlinking: /home/zhijie/autoware/install/dataspeed_dbw_msgs/include/dataspeed_dbw_msgs/dataspeed_dbw_msgs/msg/steering_cmd.hpp
[36.206s] -- Symlinking: /home/zhijie/autoware/install/dataspeed_dbw_msgs/include/dataspeed_dbw_msgs/dataspeed_dbw_msgs/msg/steering_report.hpp
[36.224s] -- Symlinking: /home/zhijie/autoware/install/dataspeed_dbw_msgs/include/dataspeed_dbw_msgs/dataspeed_dbw_msgs/msg/throttle_cmd.hpp
[36.239s] -- Symlinking: /home/zhijie/autoware/install/dataspeed_dbw_msgs/include/dataspeed_dbw_msgs/dataspeed_dbw_msgs/msg/throttle_report.hpp
[36.252s] -- Symlinking: /home/zhijie/autoware/install/dataspeed_dbw_msgs/include/dataspeed_dbw_msgs/dataspeed_dbw_msgs/msg/turn_signal.hpp
[36.262s] -- Symlinking: /home/zhijie/autoware/install/dataspeed_dbw_msgs/include/dataspeed_dbw_msgs/dataspeed_dbw_msgs/msg/watchdog_counter.hpp
[36.307s] -- Symlinking: /home/zhijie/autoware/install/dataspeed_dbw_msgs/include/dataspeed_dbw_msgs/dataspeed_dbw_msgs/msg/detail/brake_cmd__rosidl_typesupport_fastrtps_cpp.hpp
[36.318s] -- Symlinking: /home/zhijie/autoware/install/dataspeed_dbw_msgs/include/dataspeed_dbw_msgs/dataspeed_dbw_msgs/msg/detail/brake_report__rosidl_typesupport_fastrtps_cpp.hpp
[36.353s] -- Symlinking: /home/zhijie/autoware/install/dataspeed_dbw_msgs/include/dataspeed_dbw_msgs/dataspeed_dbw_msgs/msg/detail/gear__rosidl_typesupport_fastrtps_cpp.hpp
[36.355s] -- Symlinking: /home/zhijie/autoware/install/dataspeed_dbw_msgs/include/dataspeed_dbw_msgs/dataspeed_dbw_msgs/msg/detail/gear_cmd__rosidl_typesupport_fastrtps_cpp.hpp
[36.374s] -- Symlinking: /home/zhijie/autoware/install/dataspeed_dbw_msgs/include/dataspeed_dbw_msgs/dataspeed_dbw_msgs/msg/detail/gear_reject__rosidl_typesupport_fastrtps_cpp.hpp
[36.388s] -- Symlinking: /home/zhijie/autoware/install/dataspeed_dbw_msgs/include/dataspeed_dbw_msgs/dataspeed_dbw_msgs/msg/detail/gear_report__rosidl_typesupport_fastrtps_cpp.hpp
[36.405s] -- Symlinking: /home/zhijie/autoware/install/dataspeed_dbw_msgs/include/dataspeed_dbw_msgs/dataspeed_dbw_msgs/msg/detail/misc_cmd__rosidl_typesupport_fastrtps_cpp.hpp
[36.422s] -- Symlinking: /home/zhijie/autoware/install/dataspeed_dbw_msgs/include/dataspeed_dbw_msgs/dataspeed_dbw_msgs/msg/detail/misc_report__rosidl_typesupport_fastrtps_cpp.hpp
[36.430s] -- Symlinking: /home/zhijie/autoware/install/dataspeed_dbw_msgs/include/dataspeed_dbw_msgs/dataspeed_dbw_msgs/msg/detail/steering_cmd__rosidl_typesupport_fastrtps_cpp.hpp
[36.444s] -- Symlinking: /home/zhijie/autoware/install/dataspeed_dbw_msgs/include/dataspeed_dbw_msgs/dataspeed_dbw_msgs/msg/detail/steering_report__rosidl_typesupport_fastrtps_cpp.hpp
[36.459s] -- Symlinking: /home/zhijie/autoware/install/dataspeed_dbw_msgs/include/dataspeed_dbw_msgs/dataspeed_dbw_msgs/msg/detail/throttle_cmd__rosidl_typesupport_fastrtps_cpp.hpp
[36.469s] -- Symlinking: /home/zhijie/autoware/install/dataspeed_dbw_msgs/include/dataspeed_dbw_msgs/dataspeed_dbw_msgs/msg/detail/throttle_report__rosidl_typesupport_fastrtps_cpp.hpp
[36.490s] -- Symlinking: /home/zhijie/autoware/install/dataspeed_dbw_msgs/include/dataspeed_dbw_msgs/dataspeed_dbw_msgs/msg/detail/turn_signal__rosidl_typesupport_fastrtps_cpp.hpp
[36.526s] -- Symlinking: /home/zhijie/autoware/install/dataspeed_dbw_msgs/include/dataspeed_dbw_msgs/dataspeed_dbw_msgs/msg/detail/watchdog_counter__rosidl_typesupport_fastrtps_cpp.hpp
[36.526s] -- Symlinking: /home/zhijie/autoware/install/dataspeed_dbw_msgs/include/dataspeed_dbw_msgs/dataspeed_dbw_msgs/msg/rosidl_typesupport_fastrtps_cpp__visibility_control.h
[36.533s] -- Symlinking: /home/zhijie/autoware/install/dataspeed_dbw_msgs/include/dataspeed_dbw_msgs/dataspeed_dbw_msgs/msg/detail/brake_cmd__rosidl_typesupport_introspection_cpp.hpp
[36.552s] -- Symlinking: /home/zhijie/autoware/install/dataspeed_dbw_msgs/include/dataspeed_dbw_msgs/dataspeed_dbw_msgs/msg/detail/brake_report__rosidl_typesupport_introspection_cpp.hpp
[36.578s] -- Symlinking: /home/zhijie/autoware/install/dataspeed_dbw_msgs/include/dataspeed_dbw_msgs/dataspeed_dbw_msgs/msg/detail/gear__rosidl_typesupport_introspection_cpp.hpp
[36.608s] -- Symlinking: /home/zhijie/autoware/install/dataspeed_dbw_msgs/include/dataspeed_dbw_msgs/dataspeed_dbw_msgs/msg/detail/gear_cmd__rosidl_typesupport_introspection_cpp.hpp
[36.620s] -- Symlinking: /home/zhijie/autoware/install/dataspeed_dbw_msgs/include/dataspeed_dbw_msgs/dataspeed_dbw_msgs/msg/detail/gear_reject__rosidl_typesupport_introspection_cpp.hpp
[36.640s] -- Symlinking: /home/zhijie/autoware/install/dataspeed_dbw_msgs/include/dataspeed_dbw_msgs/dataspeed_dbw_msgs/msg/detail/gear_report__rosidl_typesupport_introspection_cpp.hpp
[36.654s] -- Symlinking: /home/zhijie/autoware/install/dataspeed_dbw_msgs/include/dataspeed_dbw_msgs/dataspeed_dbw_msgs/msg/detail/misc_cmd__rosidl_typesupport_introspection_cpp.hpp
[36.666s] -- Symlinking: /home/zhijie/autoware/install/dataspeed_dbw_msgs/include/dataspeed_dbw_msgs/dataspeed_dbw_msgs/msg/detail/misc_report__rosidl_typesupport_introspection_cpp.hpp
[36.695s] -- Symlinking: /home/zhijie/autoware/install/dataspeed_dbw_msgs/include/dataspeed_dbw_msgs/dataspeed_dbw_msgs/msg/detail/steering_cmd__rosidl_typesupport_introspection_cpp.hpp
[36.706s] -- Symlinking: /home/zhijie/autoware/install/dataspeed_dbw_msgs/include/dataspeed_dbw_msgs/dataspeed_dbw_msgs/msg/detail/steering_report__rosidl_typesupport_introspection_cpp.hpp
[36.720s] -- Symlinking: /home/zhijie/autoware/install/dataspeed_dbw_msgs/include/dataspeed_dbw_msgs/dataspeed_dbw_msgs/msg/detail/throttle_cmd__rosidl_typesupport_introspection_cpp.hpp
[36.747s] -- Symlinking: /home/zhijie/autoware/install/dataspeed_dbw_msgs/include/dataspeed_dbw_msgs/dataspeed_dbw_msgs/msg/detail/throttle_report__rosidl_typesupport_introspection_cpp.hpp
[36.766s] -- Symlinking: /home/zhijie/autoware/install/dataspeed_dbw_msgs/include/dataspeed_dbw_msgs/dataspeed_dbw_msgs/msg/detail/turn_signal__rosidl_typesupport_introspection_cpp.hpp
[36.785s] -- Symlinking: /home/zhijie/autoware/install/dataspeed_dbw_msgs/include/dataspeed_dbw_msgs/dataspeed_dbw_msgs/msg/detail/watchdog_counter__rosidl_typesupport_introspection_cpp.hpp
[36.797s] -- Symlinking: /home/zhijie/autoware/install/dataspeed_dbw_msgs/share/dataspeed_dbw_msgs/environment/pythonpath.sh
[36.810s] -- Symlinking: /home/zhijie/autoware/install/dataspeed_dbw_msgs/share/dataspeed_dbw_msgs/environment/pythonpath.dsv
[36.838s] -- Symlinking: /home/zhijie/autoware/install/dataspeed_dbw_msgs/local/lib/python3.10/dist-packages/dataspeed_dbw_msgs-2.1.3-py3.10.egg-info/PKG-INFO
[36.862s] -- Symlinking: /home/zhijie/autoware/install/dataspeed_dbw_msgs/local/lib/python3.10/dist-packages/dataspeed_dbw_msgs-2.1.3-py3.10.egg-info/SOURCES.txt
[36.876s] -- Symlinking: /home/zhijie/autoware/install/dataspeed_dbw_msgs/local/lib/python3.10/dist-packages/dataspeed_dbw_msgs-2.1.3-py3.10.egg-info/dependency_links.txt
[36.885s] -- Symlinking: /home/zhijie/autoware/install/dataspeed_dbw_msgs/local/lib/python3.10/dist-packages/dataspeed_dbw_msgs-2.1.3-py3.10.egg-info/top_level.txt
[36.896s] -- Symlinking: /home/zhijie/autoware/install/dataspeed_dbw_msgs/local/lib/python3.10/dist-packages/dataspeed_dbw_msgs/__init__.py
[36.908s] -- Symlinking: /home/zhijie/autoware/install/dataspeed_dbw_msgs/local/lib/python3.10/dist-packages/dataspeed_dbw_msgs/_dataspeed_dbw_msgs_s.ep.rosidl_typesupport_c.c
[36.938s] -- Symlinking: /home/zhijie/autoware/install/dataspeed_dbw_msgs/local/lib/python3.10/dist-packages/dataspeed_dbw_msgs/_dataspeed_dbw_msgs_s.ep.rosidl_typesupport_fastrtps_c.c
[36.956s] -- Symlinking: /home/zhijie/autoware/install/dataspeed_dbw_msgs/local/lib/python3.10/dist-packages/dataspeed_dbw_msgs/_dataspeed_dbw_msgs_s.ep.rosidl_typesupport_introspection_c.c
[36.984s] -- Symlinking: /home/zhijie/autoware/install/dataspeed_dbw_msgs/local/lib/python3.10/dist-packages/dataspeed_dbw_msgs/dataspeed_dbw_msgs_s__rosidl_typesupport_c.cpython-310-x86_64-linux-gnu.so
[37.017s] -- Symlinking: /home/zhijie/autoware/install/dataspeed_dbw_msgs/local/lib/python3.10/dist-packages/dataspeed_dbw_msgs/dataspeed_dbw_msgs_s__rosidl_typesupport_fastrtps_c.cpython-310-x86_64-linux-gnu.so
[37.018s] -- Symlinking: /home/zhijie/autoware/install/dataspeed_dbw_msgs/local/lib/python3.10/dist-packages/dataspeed_dbw_msgs/dataspeed_dbw_msgs_s__rosidl_typesupport_introspection_c.cpython-310-x86_64-linux-gnu.so
[37.036s] -- Symlinking: /home/zhijie/autoware/install/dataspeed_dbw_msgs/local/lib/python3.10/dist-packages/dataspeed_dbw_msgs/libdataspeed_dbw_msgs__rosidl_generator_py.so
[37.048s] -- Symlinking: /home/zhijie/autoware/install/dataspeed_dbw_msgs/local/lib/python3.10/dist-packages/dataspeed_dbw_msgs/msg/__init__.py
[37.062s] -- Symlinking: /home/zhijie/autoware/install/dataspeed_dbw_msgs/local/lib/python3.10/dist-packages/dataspeed_dbw_msgs/msg/_brake_cmd.py
[37.075s] -- Symlinking: /home/zhijie/autoware/install/dataspeed_dbw_msgs/local/lib/python3.10/dist-packages/dataspeed_dbw_msgs/msg/_brake_cmd_s.c
[37.103s] -- Symlinking: /home/zhijie/autoware/install/dataspeed_dbw_msgs/local/lib/python3.10/dist-packages/dataspeed_dbw_msgs/msg/_brake_report.py
[37.142s] -- Symlinking: /home/zhijie/autoware/install/dataspeed_dbw_msgs/local/lib/python3.10/dist-packages/dataspeed_dbw_msgs/msg/_brake_report_s.c
[37.158s] -- Symlinking: /home/zhijie/autoware/install/dataspeed_dbw_msgs/local/lib/python3.10/dist-packages/dataspeed_dbw_msgs/msg/_gear.py
[37.190s] -- Symlinking: /home/zhijie/autoware/install/dataspeed_dbw_msgs/local/lib/python3.10/dist-packages/dataspeed_dbw_msgs/msg/_gear_cmd.py
[37.208s] -- Symlinking: /home/zhijie/autoware/install/dataspeed_dbw_msgs/local/lib/python3.10/dist-packages/dataspeed_dbw_msgs/msg/_gear_cmd_s.c
[37.218s] -- Symlinking: /home/zhijie/autoware/install/dataspeed_dbw_msgs/local/lib/python3.10/dist-packages/dataspeed_dbw_msgs/msg/_gear_reject.py
[37.233s] -- Symlinking: /home/zhijie/autoware/install/dataspeed_dbw_msgs/local/lib/python3.10/dist-packages/dataspeed_dbw_msgs/msg/_gear_reject_s.c
[37.253s] -- Symlinking: /home/zhijie/autoware/install/dataspeed_dbw_msgs/local/lib/python3.10/dist-packages/dataspeed_dbw_msgs/msg/_gear_report.py
[37.283s] -- Symlinking: /home/zhijie/autoware/install/dataspeed_dbw_msgs/local/lib/python3.10/dist-packages/dataspeed_dbw_msgs/msg/_gear_report_s.c
[37.311s] -- Symlinking: /home/zhijie/autoware/install/dataspeed_dbw_msgs/local/lib/python3.10/dist-packages/dataspeed_dbw_msgs/msg/_gear_s.c
[37.324s] -- Symlinking: /home/zhijie/autoware/install/dataspeed_dbw_msgs/local/lib/python3.10/dist-packages/dataspeed_dbw_msgs/msg/_misc_cmd.py
[37.340s] -- Symlinking: /home/zhijie/autoware/install/dataspeed_dbw_msgs/local/lib/python3.10/dist-packages/dataspeed_dbw_msgs/msg/_misc_cmd_s.c
[37.357s] -- Symlinking: /home/zhijie/autoware/install/dataspeed_dbw_msgs/local/lib/python3.10/dist-packages/dataspeed_dbw_msgs/msg/_misc_report.py
[37.366s] -- Symlinking: /home/zhijie/autoware/install/dataspeed_dbw_msgs/local/lib/python3.10/dist-packages/dataspeed_dbw_msgs/msg/_misc_report_s.c
[37.379s] -- Symlinking: /home/zhijie/autoware/install/dataspeed_dbw_msgs/local/lib/python3.10/dist-packages/dataspeed_dbw_msgs/msg/_steering_cmd.py
[37.397s] -- Symlinking: /home/zhijie/autoware/install/dataspeed_dbw_msgs/local/lib/python3.10/dist-packages/dataspeed_dbw_msgs/msg/_steering_cmd_s.c
[37.430s] -- Symlinking: /home/zhijie/autoware/install/dataspeed_dbw_msgs/local/lib/python3.10/dist-packages/dataspeed_dbw_msgs/msg/_steering_report.py
[37.441s] -- Symlinking: /home/zhijie/autoware/install/dataspeed_dbw_msgs/local/lib/python3.10/dist-packages/dataspeed_dbw_msgs/msg/_steering_report_s.c
[37.471s] -- Symlinking: /home/zhijie/autoware/install/dataspeed_dbw_msgs/local/lib/python3.10/dist-packages/dataspeed_dbw_msgs/msg/_throttle_cmd.py
[37.501s] -- Symlinking: /home/zhijie/autoware/install/dataspeed_dbw_msgs/local/lib/python3.10/dist-packages/dataspeed_dbw_msgs/msg/_throttle_cmd_s.c
[37.527s] -- Symlinking: /home/zhijie/autoware/install/dataspeed_dbw_msgs/local/lib/python3.10/dist-packages/dataspeed_dbw_msgs/msg/_throttle_report.py
[37.550s] -- Symlinking: /home/zhijie/autoware/install/dataspeed_dbw_msgs/local/lib/python3.10/dist-packages/dataspeed_dbw_msgs/msg/_throttle_report_s.c
[37.554s] -- Symlinking: /home/zhijie/autoware/install/dataspeed_dbw_msgs/local/lib/python3.10/dist-packages/dataspeed_dbw_msgs/msg/_turn_signal.py
[37.567s] -- Symlinking: /home/zhijie/autoware/install/dataspeed_dbw_msgs/local/lib/python3.10/dist-packages/dataspeed_dbw_msgs/msg/_turn_signal_s.c
[37.582s] -- Symlinking: /home/zhijie/autoware/install/dataspeed_dbw_msgs/local/lib/python3.10/dist-packages/dataspeed_dbw_msgs/msg/_watchdog_counter.py
[37.596s] -- Symlinking: /home/zhijie/autoware/install/dataspeed_dbw_msgs/local/lib/python3.10/dist-packages/dataspeed_dbw_msgs/msg/_watchdog_counter_s.c
[37.615s] -- Up-to-date symlink: /home/zhijie/autoware/install/dataspeed_dbw_msgs/local/lib/python3.10/dist-packages/dataspeed_dbw_msgs/dataspeed_dbw_msgs_s__rosidl_typesupport_fastrtps_c.cpython-310-x86_64-linux-gnu.so
[37.615s] -- Up-to-date symlink: /home/zhijie/autoware/install/dataspeed_dbw_msgs/local/lib/python3.10/dist-packages/dataspeed_dbw_msgs/dataspeed_dbw_msgs_s__rosidl_typesupport_introspection_c.cpython-310-x86_64-linux-gnu.so
[37.615s] -- Up-to-date symlink: /home/zhijie/autoware/install/dataspeed_dbw_msgs/local/lib/python3.10/dist-packages/dataspeed_dbw_msgs/dataspeed_dbw_msgs_s__rosidl_typesupport_c.cpython-310-x86_64-linux-gnu.so
[37.616s] -- Symlinking: /home/zhijie/autoware/install/dataspeed_dbw_msgs/share/dataspeed_dbw_msgs/msg/BrakeCmd.idl
[37.627s] -- Symlinking: /home/zhijie/autoware/install/dataspeed_dbw_msgs/share/dataspeed_dbw_msgs/msg/BrakeReport.idl
[37.639s] -- Symlinking: /home/zhijie/autoware/install/dataspeed_dbw_msgs/share/dataspeed_dbw_msgs/msg/GearCmd.idl
[37.668s] -- Symlinking: /home/zhijie/autoware/install/dataspeed_dbw_msgs/share/dataspeed_dbw_msgs/msg/Gear.idl
[37.684s] -- Symlinking: /home/zhijie/autoware/install/dataspeed_dbw_msgs/share/dataspeed_dbw_msgs/msg/GearReject.idl
[37.700s] -- Symlinking: /home/zhijie/autoware/install/dataspeed_dbw_msgs/share/dataspeed_dbw_msgs/msg/GearReport.idl
[37.717s] -- Symlinking: /home/zhijie/autoware/install/dataspeed_dbw_msgs/share/dataspeed_dbw_msgs/msg/MiscCmd.idl
[37.732s] -- Symlinking: /home/zhijie/autoware/install/dataspeed_dbw_msgs/share/dataspeed_dbw_msgs/msg/MiscReport.idl
[37.739s] -- Symlinking: /home/zhijie/autoware/install/dataspeed_dbw_msgs/share/dataspeed_dbw_msgs/msg/SteeringCmd.idl
[37.762s] -- Symlinking: /home/zhijie/autoware/install/dataspeed_dbw_msgs/share/dataspeed_dbw_msgs/msg/SteeringReport.idl
[37.803s] -- Symlinking: /home/zhijie/autoware/install/dataspeed_dbw_msgs/share/dataspeed_dbw_msgs/msg/ThrottleCmd.idl
[37.825s] -- Symlinking: /home/zhijie/autoware/install/dataspeed_dbw_msgs/share/dataspeed_dbw_msgs/msg/ThrottleReport.idl
[37.843s] -- Symlinking: /home/zhijie/autoware/install/dataspeed_dbw_msgs/share/dataspeed_dbw_msgs/msg/TurnSignal.idl
[37.853s] -- Symlinking: /home/zhijie/autoware/install/dataspeed_dbw_msgs/share/dataspeed_dbw_msgs/msg/WatchdogCounter.idl
[37.866s] -- Symlinking: /home/zhijie/autoware/install/dataspeed_dbw_msgs/share/dataspeed_dbw_msgs/msg/BrakeCmd.msg
[37.885s] -- Symlinking: /home/zhijie/autoware/install/dataspeed_dbw_msgs/share/dataspeed_dbw_msgs/msg/BrakeReport.msg
[37.899s] -- Symlinking: /home/zhijie/autoware/install/dataspeed_dbw_msgs/share/dataspeed_dbw_msgs/msg/GearCmd.msg
[37.912s] -- Symlinking: /home/zhijie/autoware/install/dataspeed_dbw_msgs/share/dataspeed_dbw_msgs/msg/Gear.msg
[37.936s] -- Symlinking: /home/zhijie/autoware/install/dataspeed_dbw_msgs/share/dataspeed_dbw_msgs/msg/GearReject.msg
[37.954s] -- Symlinking: /home/zhijie/autoware/install/dataspeed_dbw_msgs/share/dataspeed_dbw_msgs/msg/GearReport.msg
[37.966s] -- Symlinking: /home/zhijie/autoware/install/dataspeed_dbw_msgs/share/dataspeed_dbw_msgs/msg/MiscCmd.msg
[37.980s] -- Symlinking: /home/zhijie/autoware/install/dataspeed_dbw_msgs/share/dataspeed_dbw_msgs/msg/MiscReport.msg
[37.993s] -- Symlinking: /home/zhijie/autoware/install/dataspeed_dbw_msgs/share/dataspeed_dbw_msgs/msg/SteeringCmd.msg
[38.047s] -- Symlinking: /home/zhijie/autoware/install/dataspeed_dbw_msgs/share/dataspeed_dbw_msgs/msg/SteeringReport.msg
[38.047s] -- Symlinking: /home/zhijie/autoware/install/dataspeed_dbw_msgs/share/dataspeed_dbw_msgs/msg/ThrottleCmd.msg
[38.067s] -- Symlinking: /home/zhijie/autoware/install/dataspeed_dbw_msgs/share/dataspeed_dbw_msgs/msg/ThrottleReport.msg
[38.079s] -- Symlinking: /home/zhijie/autoware/install/dataspeed_dbw_msgs/share/dataspeed_dbw_msgs/msg/TurnSignal.msg
[38.101s] -- Symlinking: /home/zhijie/autoware/install/dataspeed_dbw_msgs/share/dataspeed_dbw_msgs/msg/WatchdogCounter.msg
[38.130s] -- Symlinking: /home/zhijie/autoware/install/dataspeed_dbw_msgs/share/ament_index/resource_index/package_run_dependencies/dataspeed_dbw_msgs
[38.147s] -- Symlinking: /home/zhijie/autoware/install/dataspeed_dbw_msgs/share/ament_index/resource_index/parent_prefix_path/dataspeed_dbw_msgs
[38.165s] -- Symlinking: /home/zhijie/autoware/install/dataspeed_dbw_msgs/share/dataspeed_dbw_msgs/environment/ament_prefix_path.sh
[38.202s] -- Symlinking: /home/zhijie/autoware/install/dataspeed_dbw_msgs/share/dataspeed_dbw_msgs/environment/ament_prefix_path.dsv
[38.226s] -- Symlinking: /home/zhijie/autoware/install/dataspeed_dbw_msgs/share/dataspeed_dbw_msgs/environment/path.sh
[38.239s] -- Symlinking: /home/zhijie/autoware/install/dataspeed_dbw_msgs/share/dataspeed_dbw_msgs/environment/path.dsv
[38.253s] -- Symlinking: /home/zhijie/autoware/install/dataspeed_dbw_msgs/share/dataspeed_dbw_msgs/local_setup.bash
[38.268s] -- Symlinking: /home/zhijie/autoware/install/dataspeed_dbw_msgs/share/dataspeed_dbw_msgs/local_setup.sh
[38.283s] -- Symlinking: /home/zhijie/autoware/install/dataspeed_dbw_msgs/share/dataspeed_dbw_msgs/local_setup.zsh
[38.309s] -- Symlinking: /home/zhijie/autoware/install/dataspeed_dbw_msgs/share/dataspeed_dbw_msgs/local_setup.dsv
[38.319s] -- Symlinking: /home/zhijie/autoware/install/dataspeed_dbw_msgs/share/dataspeed_dbw_msgs/package.dsv
[38.326s] -- Symlinking: /home/zhijie/autoware/install/dataspeed_dbw_msgs/share/ament_index/resource_index/packages/dataspeed_dbw_msgs
[38.341s] -- Symlinking: /home/zhijie/autoware/install/dataspeed_dbw_msgs/share/dataspeed_dbw_msgs/cmake/rosidl_cmake-extras.cmake
[38.362s] -- Symlinking: /home/zhijie/autoware/install/dataspeed_dbw_msgs/share/dataspeed_dbw_msgs/cmake/ament_cmake_export_dependencies-extras.cmake
[38.368s] -- Symlinking: /home/zhijie/autoware/install/dataspeed_dbw_msgs/share/dataspeed_dbw_msgs/cmake/ament_cmake_export_include_directories-extras.cmake
[38.379s] -- Symlinking: /home/zhijie/autoware/install/dataspeed_dbw_msgs/share/dataspeed_dbw_msgs/cmake/ament_cmake_export_libraries-extras.cmake
[38.396s] -- Symlinking: /home/zhijie/autoware/install/dataspeed_dbw_msgs/share/dataspeed_dbw_msgs/cmake/ament_cmake_export_targets-extras.cmake
[38.429s] -- Symlinking: /home/zhijie/autoware/install/dataspeed_dbw_msgs/share/dataspeed_dbw_msgs/cmake/rosidl_cmake_export_typesupport_targets-extras.cmake
[38.440s] -- Symlinking: /home/zhijie/autoware/install/dataspeed_dbw_msgs/share/dataspeed_dbw_msgs/cmake/rosidl_cmake_export_typesupport_libraries-extras.cmake
[38.462s] -- Symlinking: /home/zhijie/autoware/install/dataspeed_dbw_msgs/share/dataspeed_dbw_msgs/cmake/dataspeed_dbw_msgsConfig.cmake
[38.469s] -- Symlinking: /home/zhijie/autoware/install/dataspeed_dbw_msgs/share/dataspeed_dbw_msgs/cmake/dataspeed_dbw_msgsConfig-version.cmake
[38.492s] -- Symlinking: /home/zhijie/autoware/install/dataspeed_dbw_msgs/share/dataspeed_dbw_msgs/package.xml
[38.505s] -- Installing: /home/zhijie/autoware/install/dataspeed_dbw_msgs/lib/libdataspeed_dbw_msgs__rosidl_generator_c.so
[38.506s] -- Set runtime path of "/home/zhijie/autoware/install/dataspeed_dbw_msgs/lib/libdataspeed_dbw_msgs__rosidl_generator_c.so" to ""
[38.506s] -- Installing: /home/zhijie/autoware/install/dataspeed_dbw_msgs/lib/libdataspeed_dbw_msgs__rosidl_typesupport_fastrtps_c.so
[38.506s] -- Set runtime path of "/home/zhijie/autoware/install/dataspeed_dbw_msgs/lib/libdataspeed_dbw_msgs__rosidl_typesupport_fastrtps_c.so" to ""
[38.506s] -- Installing: /home/zhijie/autoware/install/dataspeed_dbw_msgs/lib/libdataspeed_dbw_msgs__rosidl_typesupport_introspection_c.so
[38.506s] -- Set runtime path of "/home/zhijie/autoware/install/dataspeed_dbw_msgs/lib/libdataspeed_dbw_msgs__rosidl_typesupport_introspection_c.so" to ""
[38.506s] -- Installing: /home/zhijie/autoware/install/dataspeed_dbw_msgs/lib/libdataspeed_dbw_msgs__rosidl_typesupport_c.so
[38.506s] -- Set runtime path of "/home/zhijie/autoware/install/dataspeed_dbw_msgs/lib/libdataspeed_dbw_msgs__rosidl_typesupport_c.so" to ""
[38.506s] -- Installing: /home/zhijie/autoware/install/dataspeed_dbw_msgs/lib/libdataspeed_dbw_msgs__rosidl_typesupport_fastrtps_cpp.so
[38.506s] -- Set runtime path of "/home/zhijie/autoware/install/dataspeed_dbw_msgs/lib/libdataspeed_dbw_msgs__rosidl_typesupport_fastrtps_cpp.so" to ""
[38.507s] -- Installing: /home/zhijie/autoware/install/dataspeed_dbw_msgs/lib/libdataspeed_dbw_msgs__rosidl_typesupport_introspection_cpp.so
[38.507s] -- Set runtime path of "/home/zhijie/autoware/install/dataspeed_dbw_msgs/lib/libdataspeed_dbw_msgs__rosidl_typesupport_introspection_cpp.so" to ""
[38.507s] -- Installing: /home/zhijie/autoware/install/dataspeed_dbw_msgs/lib/libdataspeed_dbw_msgs__rosidl_typesupport_cpp.so
[38.507s] -- Set runtime path of "/home/zhijie/autoware/install/dataspeed_dbw_msgs/lib/libdataspeed_dbw_msgs__rosidl_typesupport_cpp.so" to ""
[38.701s] Listing '/home/zhijie/autoware/install/dataspeed_dbw_msgs/local/lib/python3.10/dist-packages/dataspeed_dbw_msgs'...
[38.701s] Compiling '/home/zhijie/autoware/install/dataspeed_dbw_msgs/local/lib/python3.10/dist-packages/dataspeed_dbw_msgs/__init__.py'...
[38.701s] Listing '/home/zhijie/autoware/install/dataspeed_dbw_msgs/local/lib/python3.10/dist-packages/dataspeed_dbw_msgs/msg'...
[38.702s] Compiling '/home/zhijie/autoware/install/dataspeed_dbw_msgs/local/lib/python3.10/dist-packages/dataspeed_dbw_msgs/msg/__init__.py'...
[38.702s] Compiling '/home/zhijie/autoware/install/dataspeed_dbw_msgs/local/lib/python3.10/dist-packages/dataspeed_dbw_msgs/msg/_brake_cmd.py'...
[38.702s] Compiling '/home/zhijie/autoware/install/dataspeed_dbw_msgs/local/lib/python3.10/dist-packages/dataspeed_dbw_msgs/msg/_brake_report.py'...
[38.702s] Compiling '/home/zhijie/autoware/install/dataspeed_dbw_msgs/local/lib/python3.10/dist-packages/dataspeed_dbw_msgs/msg/_gear.py'...
[38.702s] Compiling '/home/zhijie/autoware/install/dataspeed_dbw_msgs/local/lib/python3.10/dist-packages/dataspeed_dbw_msgs/msg/_gear_cmd.py'...
[38.702s] Compiling '/home/zhijie/autoware/install/dataspeed_dbw_msgs/local/lib/python3.10/dist-packages/dataspeed_dbw_msgs/msg/_gear_reject.py'...
[38.702s] Compiling '/home/zhijie/autoware/install/dataspeed_dbw_msgs/local/lib/python3.10/dist-packages/dataspeed_dbw_msgs/msg/_gear_report.py'...
[38.702s] Compiling '/home/zhijie/autoware/install/dataspeed_dbw_msgs/local/lib/python3.10/dist-packages/dataspeed_dbw_msgs/msg/_misc_cmd.py'...
[38.702s] Compiling '/home/zhijie/autoware/install/dataspeed_dbw_msgs/local/lib/python3.10/dist-packages/dataspeed_dbw_msgs/msg/_misc_report.py'...
[38.702s] Compiling '/home/zhijie/autoware/install/dataspeed_dbw_msgs/local/lib/python3.10/dist-packages/dataspeed_dbw_msgs/msg/_steering_cmd.py'...
[38.703s] Compiling '/home/zhijie/autoware/install/dataspeed_dbw_msgs/local/lib/python3.10/dist-packages/dataspeed_dbw_msgs/msg/_steering_report.py'...
[38.703s] Compiling '/home/zhijie/autoware/install/dataspeed_dbw_msgs/local/lib/python3.10/dist-packages/dataspeed_dbw_msgs/msg/_throttle_cmd.py'...
[38.703s] Compiling '/home/zhijie/autoware/install/dataspeed_dbw_msgs/local/lib/python3.10/dist-packages/dataspeed_dbw_msgs/msg/_throttle_report.py'...
[38.703s] Compiling '/home/zhijie/autoware/install/dataspeed_dbw_msgs/local/lib/python3.10/dist-packages/dataspeed_dbw_msgs/msg/_turn_signal.py'...
[38.703s] Compiling '/home/zhijie/autoware/install/dataspeed_dbw_msgs/local/lib/python3.10/dist-packages/dataspeed_dbw_msgs/msg/_watchdog_counter.py'...
[38.713s] -- Installing: /home/zhijie/autoware/install/dataspeed_dbw_msgs/lib/libdataspeed_dbw_msgs__rosidl_generator_py.so
[38.713s] -- Set runtime path of "/home/zhijie/autoware/install/dataspeed_dbw_msgs/lib/libdataspeed_dbw_msgs__rosidl_generator_py.so" to ""
[38.714s] -- Installing: /home/zhijie/autoware/install/dataspeed_dbw_msgs/share/dataspeed_dbw_msgs/cmake/export_dataspeed_dbw_msgs__rosidl_generator_cExport.cmake
[38.714s] -- Installing: /home/zhijie/autoware/install/dataspeed_dbw_msgs/share/dataspeed_dbw_msgs/cmake/export_dataspeed_dbw_msgs__rosidl_generator_cExport-release.cmake
[38.714s] -- Installing: /home/zhijie/autoware/install/dataspeed_dbw_msgs/share/dataspeed_dbw_msgs/cmake/export_dataspeed_dbw_msgs__rosidl_typesupport_fastrtps_cExport.cmake
[38.714s] -- Installing: /home/zhijie/autoware/install/dataspeed_dbw_msgs/share/dataspeed_dbw_msgs/cmake/export_dataspeed_dbw_msgs__rosidl_typesupport_fastrtps_cExport-release.cmake
[38.714s] -- Installing: /home/zhijie/autoware/install/dataspeed_dbw_msgs/share/dataspeed_dbw_msgs/cmake/dataspeed_dbw_msgs__rosidl_typesupport_introspection_cExport.cmake
[38.715s] -- Installing: /home/zhijie/autoware/install/dataspeed_dbw_msgs/share/dataspeed_dbw_msgs/cmake/dataspeed_dbw_msgs__rosidl_typesupport_introspection_cExport-release.cmake
[38.715s] -- Installing: /home/zhijie/autoware/install/dataspeed_dbw_msgs/share/dataspeed_dbw_msgs/cmake/dataspeed_dbw_msgs__rosidl_typesupport_cExport.cmake
[38.715s] -- Installing: /home/zhijie/autoware/install/dataspeed_dbw_msgs/share/dataspeed_dbw_msgs/cmake/dataspeed_dbw_msgs__rosidl_typesupport_cExport-release.cmake
[38.715s] -- Installing: /home/zhijie/autoware/install/dataspeed_dbw_msgs/share/dataspeed_dbw_msgs/cmake/export_dataspeed_dbw_msgs__rosidl_generator_cppExport.cmake
[38.715s] -- Installing: /home/zhijie/autoware/install/dataspeed_dbw_msgs/share/dataspeed_dbw_msgs/cmake/export_dataspeed_dbw_msgs__rosidl_typesupport_fastrtps_cppExport.cmake
[38.715s] -- Installing: /home/zhijie/autoware/install/dataspeed_dbw_msgs/share/dataspeed_dbw_msgs/cmake/export_dataspeed_dbw_msgs__rosidl_typesupport_fastrtps_cppExport-release.cmake
[38.716s] -- Installing: /home/zhijie/autoware/install/dataspeed_dbw_msgs/share/dataspeed_dbw_msgs/cmake/dataspeed_dbw_msgs__rosidl_typesupport_introspection_cppExport.cmake
[38.716s] -- Installing: /home/zhijie/autoware/install/dataspeed_dbw_msgs/share/dataspeed_dbw_msgs/cmake/dataspeed_dbw_msgs__rosidl_typesupport_introspection_cppExport-release.cmake
[38.716s] -- Installing: /home/zhijie/autoware/install/dataspeed_dbw_msgs/share/dataspeed_dbw_msgs/cmake/dataspeed_dbw_msgs__rosidl_typesupport_cppExport.cmake
[38.716s] -- Installing: /home/zhijie/autoware/install/dataspeed_dbw_msgs/share/dataspeed_dbw_msgs/cmake/dataspeed_dbw_msgs__rosidl_typesupport_cppExport-release.cmake
[38.716s] -- Installing: /home/zhijie/autoware/install/dataspeed_dbw_msgs/share/dataspeed_dbw_msgs/cmake/export_dataspeed_dbw_msgs__rosidl_generator_pyExport.cmake
[38.717s] -- Installing: /home/zhijie/autoware/install/dataspeed_dbw_msgs/share/dataspeed_dbw_msgs/cmake/export_dataspeed_dbw_msgs__rosidl_generator_pyExport-release.cmake
[38.804s] Invoked command in '/home/zhijie/autoware/build/dataspeed_dbw_msgs' returned '0': CMAKE_PREFIX_PATH=/opt/ros/humble /usr/bin/cmake --install /home/zhijie/autoware/build/dataspeed_dbw_msgs
