[0.796s] Invoking command in '/home/mtl12345/autoware/build/autoware_auto_perception_msgs': AMENT_PREFIX_PATH=/home/mtl12345/autoware/install/autoware_auto_geometry_msgs:${AMENT_PREFIX_PATH} CMAKE_PREFIX_PATH=/home/mtl12345/autoware/install/autoware_auto_geometry_msgs:/opt/ros/humble LD_LIBRARY_PATH=/home/mtl12345/autoware/install/autoware_auto_geometry_msgs/lib:${LD_LIBRARY_PATH} PYTHONPATH=/home/mtl12345/autoware/install/autoware_auto_geometry_msgs/local/lib/python3.10/dist-packages:${PYTHONPATH} /usr/bin/cmake --build /home/mtl12345/autoware/build/autoware_auto_perception_msgs -- -j12 -l12
[1.029s] [  0%] Built target autoware_auto_perception_msgs__cpp
[1.029s] [ 12%] Built target autoware_auto_perception_msgs__rosidl_generator_c
[1.029s] [ 12%] Built target ament_cmake_python_symlink_autoware_auto_perception_msgs
[1.029s] [ 24%] Built target autoware_auto_perception_msgs__rosidl_typesupport_cpp
[1.029s] [ 37%] Built target autoware_auto_perception_msgs__rosidl_typesupport_introspection_cpp
[1.029s] [ 50%] Built target autoware_auto_perception_msgs__rosidl_typesupport_introspection_c
[1.029s] [ 62%] Built target autoware_auto_perception_msgs__rosidl_typesupport_fastrtps_cpp
[1.029s] [ 74%] Built target autoware_auto_perception_msgs__rosidl_typesupport_c
[1.029s] [ 86%] Built target autoware_auto_perception_msgs__rosidl_typesupport_fastrtps_c
[1.029s] [ 86%] Built target autoware_auto_perception_msgs
[1.029s] [ 86%] Built target autoware_auto_perception_msgs__py
[1.029s] [ 98%] Built target autoware_auto_perception_msgs__rosidl_generator_py
[1.029s] [100%] Built target autoware_auto_perception_msgs__rosidl_typesupport_fastrtps_c__pyext
[1.029s] [100%] Built target autoware_auto_perception_msgs__rosidl_typesupport_introspection_c__pyext
[1.029s] [100%] Built target autoware_auto_perception_msgs__rosidl_typesupport_c__pyext
[1.170s] running egg_info
[1.171s] writing autoware_auto_perception_msgs.egg-info/PKG-INFO
[1.171s] writing dependency_links to autoware_auto_perception_msgs.egg-info/dependency_links.txt
[1.171s] writing top-level names to autoware_auto_perception_msgs.egg-info/top_level.txt
[1.174s] reading manifest file 'autoware_auto_perception_msgs.egg-info/SOURCES.txt'
[1.174s] writing manifest file 'autoware_auto_perception_msgs.egg-info/SOURCES.txt'
[1.198s] [100%] Built target ament_cmake_python_build_autoware_auto_perception_msgs_egg
[2.085s] Invoked command in '/home/mtl12345/autoware/build/autoware_auto_perception_msgs' returned '0': AMENT_PREFIX_PATH=/home/mtl12345/autoware/install/autoware_auto_geometry_msgs:${AMENT_PREFIX_PATH} CMAKE_PREFIX_PATH=/home/mtl12345/autoware/install/autoware_auto_geometry_msgs:/opt/ros/humble LD_LIBRARY_PATH=/home/mtl12345/autoware/install/autoware_auto_geometry_msgs/lib:${LD_LIBRARY_PATH} PYTHONPATH=/home/mtl12345/autoware/install/autoware_auto_geometry_msgs/local/lib/python3.10/dist-packages:${PYTHONPATH} /usr/bin/cmake --build /home/mtl12345/autoware/build/autoware_auto_perception_msgs -- -j12 -l12
[2.967s] Invoking command in '/home/mtl12345/autoware/build/autoware_auto_perception_msgs': AMENT_PREFIX_PATH=/home/mtl12345/autoware/install/autoware_auto_geometry_msgs:${AMENT_PREFIX_PATH} CMAKE_PREFIX_PATH=/home/mtl12345/autoware/install/autoware_auto_geometry_msgs:/opt/ros/humble LD_LIBRARY_PATH=/home/mtl12345/autoware/install/autoware_auto_geometry_msgs/lib:${LD_LIBRARY_PATH} PYTHONPATH=/home/mtl12345/autoware/install/autoware_auto_geometry_msgs/local/lib/python3.10/dist-packages:${PYTHONPATH} /usr/bin/cmake --install /home/mtl12345/autoware/build/autoware_auto_perception_msgs
[3.246s] -- Install configuration: "Release"
[3.246s] -- Execute custom install script
[3.246s] -- Up-to-date symlink: /home/mtl12345/autoware/install/autoware_auto_perception_msgs/share/ament_index/resource_index/rosidl_interfaces/autoware_auto_perception_msgs
[3.246s] -- Up-to-date symlink: /home/mtl12345/autoware/install/autoware_auto_perception_msgs/include/autoware_auto_perception_msgs/autoware_auto_perception_msgs/msg/bounding_box.h
[3.246s] -- Up-to-date symlink: /home/mtl12345/autoware/install/autoware_auto_perception_msgs/include/autoware_auto_perception_msgs/autoware_auto_perception_msgs/msg/bounding_box_array.h
[3.247s] -- Up-to-date symlink: /home/mtl12345/autoware/install/autoware_auto_perception_msgs/include/autoware_auto_perception_msgs/autoware_auto_perception_msgs/msg/classified_roi.h
[3.247s] -- Up-to-date symlink: /home/mtl12345/autoware/install/autoware_auto_perception_msgs/include/autoware_auto_perception_msgs/autoware_auto_perception_msgs/msg/classified_roi_array.h
[3.247s] -- Up-to-date symlink: /home/mtl12345/autoware/install/autoware_auto_perception_msgs/include/autoware_auto_perception_msgs/autoware_auto_perception_msgs/msg/detail/bounding_box__functions.h
[3.247s] -- Up-to-date symlink: /home/mtl12345/autoware/install/autoware_auto_perception_msgs/include/autoware_auto_perception_msgs/autoware_auto_perception_msgs/msg/detail/bounding_box__struct.h
[3.247s] -- Up-to-date symlink: /home/mtl12345/autoware/install/autoware_auto_perception_msgs/include/autoware_auto_perception_msgs/autoware_auto_perception_msgs/msg/detail/bounding_box__type_support.h
[3.247s] -- Up-to-date symlink: /home/mtl12345/autoware/install/autoware_auto_perception_msgs/include/autoware_auto_perception_msgs/autoware_auto_perception_msgs/msg/detail/bounding_box_array__functions.h
[3.248s] -- Up-to-date symlink: /home/mtl12345/autoware/install/autoware_auto_perception_msgs/include/autoware_auto_perception_msgs/autoware_auto_perception_msgs/msg/detail/bounding_box_array__struct.h
[3.248s] -- Up-to-date symlink: /home/mtl12345/autoware/install/autoware_auto_perception_msgs/include/autoware_auto_perception_msgs/autoware_auto_perception_msgs/msg/detail/bounding_box_array__type_support.h
[3.248s] -- Up-to-date symlink: /home/mtl12345/autoware/install/autoware_auto_perception_msgs/include/autoware_auto_perception_msgs/autoware_auto_perception_msgs/msg/detail/classified_roi__functions.h
[3.248s] -- Up-to-date symlink: /home/mtl12345/autoware/install/autoware_auto_perception_msgs/include/autoware_auto_perception_msgs/autoware_auto_perception_msgs/msg/detail/classified_roi__struct.h
[3.248s] -- Up-to-date symlink: /home/mtl12345/autoware/install/autoware_auto_perception_msgs/include/autoware_auto_perception_msgs/autoware_auto_perception_msgs/msg/detail/classified_roi__type_support.h
[3.248s] -- Up-to-date symlink: /home/mtl12345/autoware/install/autoware_auto_perception_msgs/include/autoware_auto_perception_msgs/autoware_auto_perception_msgs/msg/detail/classified_roi_array__functions.h
[3.248s] -- Up-to-date symlink: /home/mtl12345/autoware/install/autoware_auto_perception_msgs/include/autoware_auto_perception_msgs/autoware_auto_perception_msgs/msg/detail/classified_roi_array__struct.h
[3.248s] -- Up-to-date symlink: /home/mtl12345/autoware/install/autoware_auto_perception_msgs/include/autoware_auto_perception_msgs/autoware_auto_perception_msgs/msg/detail/classified_roi_array__type_support.h
[3.248s] -- Up-to-date symlink: /home/mtl12345/autoware/install/autoware_auto_perception_msgs/include/autoware_auto_perception_msgs/autoware_auto_perception_msgs/msg/detail/detected_object__functions.h
[3.249s] -- Up-to-date symlink: /home/mtl12345/autoware/install/autoware_auto_perception_msgs/include/autoware_auto_perception_msgs/autoware_auto_perception_msgs/msg/detail/detected_object__struct.h
[3.249s] -- Up-to-date symlink: /home/mtl12345/autoware/install/autoware_auto_perception_msgs/include/autoware_auto_perception_msgs/autoware_auto_perception_msgs/msg/detail/detected_object__type_support.h
[3.249s] -- Up-to-date symlink: /home/mtl12345/autoware/install/autoware_auto_perception_msgs/include/autoware_auto_perception_msgs/autoware_auto_perception_msgs/msg/detail/detected_object_kinematics__functions.h
[3.253s] -- Up-to-date symlink: /home/mtl12345/autoware/install/autoware_auto_perception_msgs/include/autoware_auto_perception_msgs/autoware_auto_perception_msgs/msg/detail/detected_object_kinematics__struct.h
[3.253s] -- Up-to-date symlink: /home/mtl12345/autoware/install/autoware_auto_perception_msgs/include/autoware_auto_perception_msgs/autoware_auto_perception_msgs/msg/detail/detected_object_kinematics__type_support.h
[3.254s] -- Up-to-date symlink: /home/mtl12345/autoware/install/autoware_auto_perception_msgs/include/autoware_auto_perception_msgs/autoware_auto_perception_msgs/msg/detail/detected_objects__functions.h
[3.254s] -- Up-to-date symlink: /home/mtl12345/autoware/install/autoware_auto_perception_msgs/include/autoware_auto_perception_msgs/autoware_auto_perception_msgs/msg/detail/detected_objects__struct.h
[3.254s] -- Up-to-date symlink: /home/mtl12345/autoware/install/autoware_auto_perception_msgs/include/autoware_auto_perception_msgs/autoware_auto_perception_msgs/msg/detail/detected_objects__type_support.h
[3.255s] -- Up-to-date symlink: /home/mtl12345/autoware/install/autoware_auto_perception_msgs/include/autoware_auto_perception_msgs/autoware_auto_perception_msgs/msg/detail/looking_traffic_signal__functions.h
[3.255s] -- Up-to-date symlink: /home/mtl12345/autoware/install/autoware_auto_perception_msgs/include/autoware_auto_perception_msgs/autoware_auto_perception_msgs/msg/detail/looking_traffic_signal__struct.h
[3.255s] -- Up-to-date symlink: /home/mtl12345/autoware/install/autoware_auto_perception_msgs/include/autoware_auto_perception_msgs/autoware_auto_perception_msgs/msg/detail/looking_traffic_signal__type_support.h
[3.256s] -- Up-to-date symlink: /home/mtl12345/autoware/install/autoware_auto_perception_msgs/include/autoware_auto_perception_msgs/autoware_auto_perception_msgs/msg/detail/object_classification__functions.h
[3.256s] -- Up-to-date symlink: /home/mtl12345/autoware/install/autoware_auto_perception_msgs/include/autoware_auto_perception_msgs/autoware_auto_perception_msgs/msg/detail/object_classification__struct.h
[3.256s] -- Up-to-date symlink: /home/mtl12345/autoware/install/autoware_auto_perception_msgs/include/autoware_auto_perception_msgs/autoware_auto_perception_msgs/msg/detail/object_classification__type_support.h
[3.256s] -- Up-to-date symlink: /home/mtl12345/autoware/install/autoware_auto_perception_msgs/include/autoware_auto_perception_msgs/autoware_auto_perception_msgs/msg/detail/point_clusters__functions.h
[3.256s] -- Up-to-date symlink: /home/mtl12345/autoware/install/autoware_auto_perception_msgs/include/autoware_auto_perception_msgs/autoware_auto_perception_msgs/msg/detail/point_clusters__struct.h
[3.257s] -- Up-to-date symlink: /home/mtl12345/autoware/install/autoware_auto_perception_msgs/include/autoware_auto_perception_msgs/autoware_auto_perception_msgs/msg/detail/point_clusters__type_support.h
[3.257s] -- Up-to-date symlink: /home/mtl12345/autoware/install/autoware_auto_perception_msgs/include/autoware_auto_perception_msgs/autoware_auto_perception_msgs/msg/detail/point_xyzif__functions.h
[3.257s] -- Up-to-date symlink: /home/mtl12345/autoware/install/autoware_auto_perception_msgs/include/autoware_auto_perception_msgs/autoware_auto_perception_msgs/msg/detail/point_xyzif__struct.h
[3.257s] -- Up-to-date symlink: /home/mtl12345/autoware/install/autoware_auto_perception_msgs/include/autoware_auto_perception_msgs/autoware_auto_perception_msgs/msg/detail/point_xyzif__type_support.h
[3.257s] -- Up-to-date symlink: /home/mtl12345/autoware/install/autoware_auto_perception_msgs/include/autoware_auto_perception_msgs/autoware_auto_perception_msgs/msg/detail/predicted_object__functions.h
[3.257s] -- Up-to-date symlink: /home/mtl12345/autoware/install/autoware_auto_perception_msgs/include/autoware_auto_perception_msgs/autoware_auto_perception_msgs/msg/detail/predicted_object__struct.h
[3.257s] -- Up-to-date symlink: /home/mtl12345/autoware/install/autoware_auto_perception_msgs/include/autoware_auto_perception_msgs/autoware_auto_perception_msgs/msg/detail/predicted_object__type_support.h
[3.265s] -- Up-to-date symlink: /home/mtl12345/autoware/install/autoware_auto_perception_msgs/include/autoware_auto_perception_msgs/autoware_auto_perception_msgs/msg/detail/predicted_object_kinematics__functions.h
[3.265s] -- Up-to-date symlink: /home/mtl12345/autoware/install/autoware_auto_perception_msgs/include/autoware_auto_perception_msgs/autoware_auto_perception_msgs/msg/detail/predicted_object_kinematics__struct.h
[3.265s] -- Up-to-date symlink: /home/mtl12345/autoware/install/autoware_auto_perception_msgs/include/autoware_auto_perception_msgs/autoware_auto_perception_msgs/msg/detail/predicted_object_kinematics__type_support.h
[3.265s] -- Up-to-date symlink: /home/mtl12345/autoware/install/autoware_auto_perception_msgs/include/autoware_auto_perception_msgs/autoware_auto_perception_msgs/msg/detail/predicted_objects__functions.h
[3.265s] -- Up-to-date symlink: /home/mtl12345/autoware/install/autoware_auto_perception_msgs/include/autoware_auto_perception_msgs/autoware_auto_perception_msgs/msg/detail/predicted_objects__struct.h
[3.266s] -- Up-to-date symlink: /home/mtl12345/autoware/install/autoware_auto_perception_msgs/include/autoware_auto_perception_msgs/autoware_auto_perception_msgs/msg/detail/predicted_objects__type_support.h
[3.266s] -- Up-to-date symlink: /home/mtl12345/autoware/install/autoware_auto_perception_msgs/include/autoware_auto_perception_msgs/autoware_auto_perception_msgs/msg/detail/predicted_path__functions.h
[3.266s] -- Up-to-date symlink: /home/mtl12345/autoware/install/autoware_auto_perception_msgs/include/autoware_auto_perception_msgs/autoware_auto_perception_msgs/msg/detail/predicted_path__struct.h
[3.266s] -- Up-to-date symlink: /home/mtl12345/autoware/install/autoware_auto_perception_msgs/include/autoware_auto_perception_msgs/autoware_auto_perception_msgs/msg/detail/predicted_path__type_support.h
[3.266s] -- Up-to-date symlink: /home/mtl12345/autoware/install/autoware_auto_perception_msgs/include/autoware_auto_perception_msgs/autoware_auto_perception_msgs/msg/detail/shape__functions.h
[3.266s] -- Up-to-date symlink: /home/mtl12345/autoware/install/autoware_auto_perception_msgs/include/autoware_auto_perception_msgs/autoware_auto_perception_msgs/msg/detail/shape__struct.h
[3.266s] -- Up-to-date symlink: /home/mtl12345/autoware/install/autoware_auto_perception_msgs/include/autoware_auto_perception_msgs/autoware_auto_perception_msgs/msg/detail/shape__type_support.h
[3.266s] -- Up-to-date symlink: /home/mtl12345/autoware/install/autoware_auto_perception_msgs/include/autoware_auto_perception_msgs/autoware_auto_perception_msgs/msg/detail/tracked_object__functions.h
[3.267s] -- Up-to-date symlink: /home/mtl12345/autoware/install/autoware_auto_perception_msgs/include/autoware_auto_perception_msgs/autoware_auto_perception_msgs/msg/detail/tracked_object__struct.h
[3.267s] -- Up-to-date symlink: /home/mtl12345/autoware/install/autoware_auto_perception_msgs/include/autoware_auto_perception_msgs/autoware_auto_perception_msgs/msg/detail/tracked_object__type_support.h
[3.267s] -- Up-to-date symlink: /home/mtl12345/autoware/install/autoware_auto_perception_msgs/include/autoware_auto_perception_msgs/autoware_auto_perception_msgs/msg/detail/tracked_object_kinematics__functions.h
[3.268s] -- Up-to-date symlink: /home/mtl12345/autoware/install/autoware_auto_perception_msgs/include/autoware_auto_perception_msgs/autoware_auto_perception_msgs/msg/detail/tracked_object_kinematics__struct.h
[3.268s] -- Up-to-date symlink: /home/mtl12345/autoware/install/autoware_auto_perception_msgs/include/autoware_auto_perception_msgs/autoware_auto_perception_msgs/msg/detail/tracked_object_kinematics__type_support.h
[3.268s] -- Up-to-date symlink: /home/mtl12345/autoware/install/autoware_auto_perception_msgs/include/autoware_auto_perception_msgs/autoware_auto_perception_msgs/msg/detail/tracked_objects__functions.h
[3.268s] -- Up-to-date symlink: /home/mtl12345/autoware/install/autoware_auto_perception_msgs/include/autoware_auto_perception_msgs/autoware_auto_perception_msgs/msg/detail/tracked_objects__struct.h
[3.268s] -- Up-to-date symlink: /home/mtl12345/autoware/install/autoware_auto_perception_msgs/include/autoware_auto_perception_msgs/autoware_auto_perception_msgs/msg/detail/tracked_objects__type_support.h
[3.275s] -- Up-to-date symlink: /home/mtl12345/autoware/install/autoware_auto_perception_msgs/include/autoware_auto_perception_msgs/autoware_auto_perception_msgs/msg/detail/traffic_light__functions.h
[3.275s] -- Up-to-date symlink: /home/mtl12345/autoware/install/autoware_auto_perception_msgs/include/autoware_auto_perception_msgs/autoware_auto_perception_msgs/msg/detail/traffic_light__struct.h
[3.276s] -- Up-to-date symlink: /home/mtl12345/autoware/install/autoware_auto_perception_msgs/include/autoware_auto_perception_msgs/autoware_auto_perception_msgs/msg/detail/traffic_light__type_support.h
[3.276s] -- Up-to-date symlink: /home/mtl12345/autoware/install/autoware_auto_perception_msgs/include/autoware_auto_perception_msgs/autoware_auto_perception_msgs/msg/detail/traffic_light_roi__functions.h
[3.276s] -- Up-to-date symlink: /home/mtl12345/autoware/install/autoware_auto_perception_msgs/include/autoware_auto_perception_msgs/autoware_auto_perception_msgs/msg/detail/traffic_light_roi__struct.h
[3.276s] -- Up-to-date symlink: /home/mtl12345/autoware/install/autoware_auto_perception_msgs/include/autoware_auto_perception_msgs/autoware_auto_perception_msgs/msg/detail/traffic_light_roi__type_support.h
[3.276s] -- Up-to-date symlink: /home/mtl12345/autoware/install/autoware_auto_perception_msgs/include/autoware_auto_perception_msgs/autoware_auto_perception_msgs/msg/detail/traffic_light_roi_array__functions.h
[3.276s] -- Up-to-date symlink: /home/mtl12345/autoware/install/autoware_auto_perception_msgs/include/autoware_auto_perception_msgs/autoware_auto_perception_msgs/msg/detail/traffic_light_roi_array__struct.h
[3.276s] -- Up-to-date symlink: /home/mtl12345/autoware/install/autoware_auto_perception_msgs/include/autoware_auto_perception_msgs/autoware_auto_perception_msgs/msg/detail/traffic_light_roi_array__type_support.h
[3.277s] -- Up-to-date symlink: /home/mtl12345/autoware/install/autoware_auto_perception_msgs/include/autoware_auto_perception_msgs/autoware_auto_perception_msgs/msg/detail/traffic_signal__functions.h
[3.277s] -- Up-to-date symlink: /home/mtl12345/autoware/install/autoware_auto_perception_msgs/include/autoware_auto_perception_msgs/autoware_auto_perception_msgs/msg/detail/traffic_signal__struct.h
[3.277s] -- Up-to-date symlink: /home/mtl12345/autoware/install/autoware_auto_perception_msgs/include/autoware_auto_perception_msgs/autoware_auto_perception_msgs/msg/detail/traffic_signal__type_support.h
[3.277s] -- Up-to-date symlink: /home/mtl12345/autoware/install/autoware_auto_perception_msgs/include/autoware_auto_perception_msgs/autoware_auto_perception_msgs/msg/detail/traffic_signal_array__functions.h
[3.277s] -- Up-to-date symlink: /home/mtl12345/autoware/install/autoware_auto_perception_msgs/include/autoware_auto_perception_msgs/autoware_auto_perception_msgs/msg/detail/traffic_signal_array__struct.h
[3.277s] -- Up-to-date symlink: /home/mtl12345/autoware/install/autoware_auto_perception_msgs/include/autoware_auto_perception_msgs/autoware_auto_perception_msgs/msg/detail/traffic_signal_array__type_support.h
[3.278s] -- Up-to-date symlink: /home/mtl12345/autoware/install/autoware_auto_perception_msgs/include/autoware_auto_perception_msgs/autoware_auto_perception_msgs/msg/detail/traffic_signal_stamped__functions.h
[3.278s] -- Up-to-date symlink: /home/mtl12345/autoware/install/autoware_auto_perception_msgs/include/autoware_auto_perception_msgs/autoware_auto_perception_msgs/msg/detail/traffic_signal_stamped__struct.h
[3.280s] -- Up-to-date symlink: /home/mtl12345/autoware/install/autoware_auto_perception_msgs/include/autoware_auto_perception_msgs/autoware_auto_perception_msgs/msg/detail/traffic_signal_stamped__type_support.h
[3.280s] -- Up-to-date symlink: /home/mtl12345/autoware/install/autoware_auto_perception_msgs/include/autoware_auto_perception_msgs/autoware_auto_perception_msgs/msg/detail/traffic_signal_with_judge__functions.h
[3.280s] -- Up-to-date symlink: /home/mtl12345/autoware/install/autoware_auto_perception_msgs/include/autoware_auto_perception_msgs/autoware_auto_perception_msgs/msg/detail/traffic_signal_with_judge__struct.h
[3.280s] -- Up-to-date symlink: /home/mtl12345/autoware/install/autoware_auto_perception_msgs/include/autoware_auto_perception_msgs/autoware_auto_perception_msgs/msg/detail/traffic_signal_with_judge__type_support.h
[3.280s] -- Up-to-date symlink: /home/mtl12345/autoware/install/autoware_auto_perception_msgs/include/autoware_auto_perception_msgs/autoware_auto_perception_msgs/msg/detected_object.h
[3.280s] -- Up-to-date symlink: /home/mtl12345/autoware/install/autoware_auto_perception_msgs/include/autoware_auto_perception_msgs/autoware_auto_perception_msgs/msg/detected_object_kinematics.h
[3.281s] -- Up-to-date symlink: /home/mtl12345/autoware/install/autoware_auto_perception_msgs/include/autoware_auto_perception_msgs/autoware_auto_perception_msgs/msg/detected_objects.h
[3.282s] -- Up-to-date symlink: /home/mtl12345/autoware/install/autoware_auto_perception_msgs/include/autoware_auto_perception_msgs/autoware_auto_perception_msgs/msg/looking_traffic_signal.h
[3.282s] -- Up-to-date symlink: /home/mtl12345/autoware/install/autoware_auto_perception_msgs/include/autoware_auto_perception_msgs/autoware_auto_perception_msgs/msg/object_classification.h
[3.282s] -- Up-to-date symlink: /home/mtl12345/autoware/install/autoware_auto_perception_msgs/include/autoware_auto_perception_msgs/autoware_auto_perception_msgs/msg/point_clusters.h
[3.282s] -- Up-to-date symlink: /home/mtl12345/autoware/install/autoware_auto_perception_msgs/include/autoware_auto_perception_msgs/autoware_auto_perception_msgs/msg/point_xyzif.h
[3.282s] -- Up-to-date symlink: /home/mtl12345/autoware/install/autoware_auto_perception_msgs/include/autoware_auto_perception_msgs/autoware_auto_perception_msgs/msg/predicted_object.h
[3.282s] -- Up-to-date symlink: /home/mtl12345/autoware/install/autoware_auto_perception_msgs/include/autoware_auto_perception_msgs/autoware_auto_perception_msgs/msg/predicted_object_kinematics.h
[3.282s] -- Up-to-date symlink: /home/mtl12345/autoware/install/autoware_auto_perception_msgs/include/autoware_auto_perception_msgs/autoware_auto_perception_msgs/msg/predicted_objects.h
[3.282s] -- Up-to-date symlink: /home/mtl12345/autoware/install/autoware_auto_perception_msgs/include/autoware_auto_perception_msgs/autoware_auto_perception_msgs/msg/predicted_path.h
[3.284s] -- Up-to-date symlink: /home/mtl12345/autoware/install/autoware_auto_perception_msgs/include/autoware_auto_perception_msgs/autoware_auto_perception_msgs/msg/rosidl_generator_c__visibility_control.h
[3.284s] -- Up-to-date symlink: /home/mtl12345/autoware/install/autoware_auto_perception_msgs/include/autoware_auto_perception_msgs/autoware_auto_perception_msgs/msg/shape.h
[3.284s] -- Up-to-date symlink: /home/mtl12345/autoware/install/autoware_auto_perception_msgs/include/autoware_auto_perception_msgs/autoware_auto_perception_msgs/msg/tracked_object.h
[3.284s] -- Up-to-date symlink: /home/mtl12345/autoware/install/autoware_auto_perception_msgs/include/autoware_auto_perception_msgs/autoware_auto_perception_msgs/msg/tracked_object_kinematics.h
[3.284s] -- Up-to-date symlink: /home/mtl12345/autoware/install/autoware_auto_perception_msgs/include/autoware_auto_perception_msgs/autoware_auto_perception_msgs/msg/tracked_objects.h
[3.284s] -- Up-to-date symlink: /home/mtl12345/autoware/install/autoware_auto_perception_msgs/include/autoware_auto_perception_msgs/autoware_auto_perception_msgs/msg/traffic_light.h
[3.285s] -- Up-to-date symlink: /home/mtl12345/autoware/install/autoware_auto_perception_msgs/include/autoware_auto_perception_msgs/autoware_auto_perception_msgs/msg/traffic_light_roi.h
[3.285s] -- Up-to-date symlink: /home/mtl12345/autoware/install/autoware_auto_perception_msgs/include/autoware_auto_perception_msgs/autoware_auto_perception_msgs/msg/traffic_light_roi_array.h
[3.285s] -- Up-to-date symlink: /home/mtl12345/autoware/install/autoware_auto_perception_msgs/include/autoware_auto_perception_msgs/autoware_auto_perception_msgs/msg/traffic_signal.h
[3.285s] -- Up-to-date symlink: /home/mtl12345/autoware/install/autoware_auto_perception_msgs/include/autoware_auto_perception_msgs/autoware_auto_perception_msgs/msg/traffic_signal_array.h
[3.285s] -- Up-to-date symlink: /home/mtl12345/autoware/install/autoware_auto_perception_msgs/include/autoware_auto_perception_msgs/autoware_auto_perception_msgs/msg/traffic_signal_stamped.h
[3.285s] -- Up-to-date symlink: /home/mtl12345/autoware/install/autoware_auto_perception_msgs/include/autoware_auto_perception_msgs/autoware_auto_perception_msgs/msg/traffic_signal_with_judge.h
[3.286s] -- Up-to-date symlink: /home/mtl12345/autoware/install/autoware_auto_perception_msgs/share/autoware_auto_perception_msgs/environment/library_path.sh
[3.286s] -- Up-to-date symlink: /home/mtl12345/autoware/install/autoware_auto_perception_msgs/share/autoware_auto_perception_msgs/environment/library_path.dsv
[3.286s] -- Up-to-date symlink: /home/mtl12345/autoware/install/autoware_auto_perception_msgs/include/autoware_auto_perception_msgs/autoware_auto_perception_msgs/msg/detail/bounding_box__rosidl_typesupport_fastrtps_c.h
[3.286s] -- Up-to-date symlink: /home/mtl12345/autoware/install/autoware_auto_perception_msgs/include/autoware_auto_perception_msgs/autoware_auto_perception_msgs/msg/detail/bounding_box_array__rosidl_typesupport_fastrtps_c.h
[3.286s] -- Up-to-date symlink: /home/mtl12345/autoware/install/autoware_auto_perception_msgs/include/autoware_auto_perception_msgs/autoware_auto_perception_msgs/msg/detail/classified_roi__rosidl_typesupport_fastrtps_c.h
[3.286s] -- Up-to-date symlink: /home/mtl12345/autoware/install/autoware_auto_perception_msgs/include/autoware_auto_perception_msgs/autoware_auto_perception_msgs/msg/detail/classified_roi_array__rosidl_typesupport_fastrtps_c.h
[3.286s] -- Up-to-date symlink: /home/mtl12345/autoware/install/autoware_auto_perception_msgs/include/autoware_auto_perception_msgs/autoware_auto_perception_msgs/msg/detail/detected_object__rosidl_typesupport_fastrtps_c.h
[3.286s] -- Up-to-date symlink: /home/mtl12345/autoware/install/autoware_auto_perception_msgs/include/autoware_auto_perception_msgs/autoware_auto_perception_msgs/msg/detail/detected_object_kinematics__rosidl_typesupport_fastrtps_c.h
[3.286s] -- Up-to-date symlink: /home/mtl12345/autoware/install/autoware_auto_perception_msgs/include/autoware_auto_perception_msgs/autoware_auto_perception_msgs/msg/detail/detected_objects__rosidl_typesupport_fastrtps_c.h
[3.286s] -- Up-to-date symlink: /home/mtl12345/autoware/install/autoware_auto_perception_msgs/include/autoware_auto_perception_msgs/autoware_auto_perception_msgs/msg/detail/looking_traffic_signal__rosidl_typesupport_fastrtps_c.h
[3.286s] -- Up-to-date symlink: /home/mtl12345/autoware/install/autoware_auto_perception_msgs/include/autoware_auto_perception_msgs/autoware_auto_perception_msgs/msg/detail/object_classification__rosidl_typesupport_fastrtps_c.h
[3.287s] -- Up-to-date symlink: /home/mtl12345/autoware/install/autoware_auto_perception_msgs/include/autoware_auto_perception_msgs/autoware_auto_perception_msgs/msg/detail/point_clusters__rosidl_typesupport_fastrtps_c.h
[3.287s] -- Up-to-date symlink: /home/mtl12345/autoware/install/autoware_auto_perception_msgs/include/autoware_auto_perception_msgs/autoware_auto_perception_msgs/msg/detail/point_xyzif__rosidl_typesupport_fastrtps_c.h
[3.287s] -- Up-to-date symlink: /home/mtl12345/autoware/install/autoware_auto_perception_msgs/include/autoware_auto_perception_msgs/autoware_auto_perception_msgs/msg/detail/predicted_object__rosidl_typesupport_fastrtps_c.h
[3.287s] -- Up-to-date symlink: /home/mtl12345/autoware/install/autoware_auto_perception_msgs/include/autoware_auto_perception_msgs/autoware_auto_perception_msgs/msg/detail/predicted_object_kinematics__rosidl_typesupport_fastrtps_c.h
[3.287s] -- Up-to-date symlink: /home/mtl12345/autoware/install/autoware_auto_perception_msgs/include/autoware_auto_perception_msgs/autoware_auto_perception_msgs/msg/detail/predicted_objects__rosidl_typesupport_fastrtps_c.h
[3.287s] -- Up-to-date symlink: /home/mtl12345/autoware/install/autoware_auto_perception_msgs/include/autoware_auto_perception_msgs/autoware_auto_perception_msgs/msg/detail/predicted_path__rosidl_typesupport_fastrtps_c.h
[3.287s] -- Up-to-date symlink: /home/mtl12345/autoware/install/autoware_auto_perception_msgs/include/autoware_auto_perception_msgs/autoware_auto_perception_msgs/msg/detail/shape__rosidl_typesupport_fastrtps_c.h
[3.287s] -- Up-to-date symlink: /home/mtl12345/autoware/install/autoware_auto_perception_msgs/include/autoware_auto_perception_msgs/autoware_auto_perception_msgs/msg/detail/tracked_object__rosidl_typesupport_fastrtps_c.h
[3.287s] -- Up-to-date symlink: /home/mtl12345/autoware/install/autoware_auto_perception_msgs/include/autoware_auto_perception_msgs/autoware_auto_perception_msgs/msg/detail/tracked_object_kinematics__rosidl_typesupport_fastrtps_c.h
[3.288s] -- Up-to-date symlink: /home/mtl12345/autoware/install/autoware_auto_perception_msgs/include/autoware_auto_perception_msgs/autoware_auto_perception_msgs/msg/detail/tracked_objects__rosidl_typesupport_fastrtps_c.h
[3.288s] -- Up-to-date symlink: /home/mtl12345/autoware/install/autoware_auto_perception_msgs/include/autoware_auto_perception_msgs/autoware_auto_perception_msgs/msg/detail/traffic_light__rosidl_typesupport_fastrtps_c.h
[3.288s] -- Up-to-date symlink: /home/mtl12345/autoware/install/autoware_auto_perception_msgs/include/autoware_auto_perception_msgs/autoware_auto_perception_msgs/msg/detail/traffic_light_roi__rosidl_typesupport_fastrtps_c.h
[3.288s] -- Up-to-date symlink: /home/mtl12345/autoware/install/autoware_auto_perception_msgs/include/autoware_auto_perception_msgs/autoware_auto_perception_msgs/msg/detail/traffic_light_roi_array__rosidl_typesupport_fastrtps_c.h
[3.288s] -- Up-to-date symlink: /home/mtl12345/autoware/install/autoware_auto_perception_msgs/include/autoware_auto_perception_msgs/autoware_auto_perception_msgs/msg/detail/traffic_signal__rosidl_typesupport_fastrtps_c.h
[3.288s] -- Up-to-date symlink: /home/mtl12345/autoware/install/autoware_auto_perception_msgs/include/autoware_auto_perception_msgs/autoware_auto_perception_msgs/msg/detail/traffic_signal_array__rosidl_typesupport_fastrtps_c.h
[3.288s] -- Up-to-date symlink: /home/mtl12345/autoware/install/autoware_auto_perception_msgs/include/autoware_auto_perception_msgs/autoware_auto_perception_msgs/msg/detail/traffic_signal_stamped__rosidl_typesupport_fastrtps_c.h
[3.288s] -- Up-to-date symlink: /home/mtl12345/autoware/install/autoware_auto_perception_msgs/include/autoware_auto_perception_msgs/autoware_auto_perception_msgs/msg/detail/traffic_signal_with_judge__rosidl_typesupport_fastrtps_c.h
[3.288s] -- Up-to-date symlink: /home/mtl12345/autoware/install/autoware_auto_perception_msgs/include/autoware_auto_perception_msgs/autoware_auto_perception_msgs/msg/rosidl_typesupport_fastrtps_c__visibility_control.h
[3.288s] -- Up-to-date symlink: /home/mtl12345/autoware/install/autoware_auto_perception_msgs/include/autoware_auto_perception_msgs/autoware_auto_perception_msgs/msg/detail/bounding_box__rosidl_typesupport_introspection_c.h
[3.289s] -- Up-to-date symlink: /home/mtl12345/autoware/install/autoware_auto_perception_msgs/include/autoware_auto_perception_msgs/autoware_auto_perception_msgs/msg/detail/bounding_box_array__rosidl_typesupport_introspection_c.h
[3.289s] -- Up-to-date symlink: /home/mtl12345/autoware/install/autoware_auto_perception_msgs/include/autoware_auto_perception_msgs/autoware_auto_perception_msgs/msg/detail/classified_roi__rosidl_typesupport_introspection_c.h
[3.289s] -- Up-to-date symlink: /home/mtl12345/autoware/install/autoware_auto_perception_msgs/include/autoware_auto_perception_msgs/autoware_auto_perception_msgs/msg/detail/classified_roi_array__rosidl_typesupport_introspection_c.h
[3.289s] -- Up-to-date symlink: /home/mtl12345/autoware/install/autoware_auto_perception_msgs/include/autoware_auto_perception_msgs/autoware_auto_perception_msgs/msg/detail/detected_object__rosidl_typesupport_introspection_c.h
[3.289s] -- Up-to-date symlink: /home/mtl12345/autoware/install/autoware_auto_perception_msgs/include/autoware_auto_perception_msgs/autoware_auto_perception_msgs/msg/detail/detected_object_kinematics__rosidl_typesupport_introspection_c.h
[3.289s] -- Up-to-date symlink: /home/mtl12345/autoware/install/autoware_auto_perception_msgs/include/autoware_auto_perception_msgs/autoware_auto_perception_msgs/msg/detail/detected_objects__rosidl_typesupport_introspection_c.h
[3.290s] -- Up-to-date symlink: /home/mtl12345/autoware/install/autoware_auto_perception_msgs/include/autoware_auto_perception_msgs/autoware_auto_perception_msgs/msg/detail/looking_traffic_signal__rosidl_typesupport_introspection_c.h
[3.290s] -- Up-to-date symlink: /home/mtl12345/autoware/install/autoware_auto_perception_msgs/include/autoware_auto_perception_msgs/autoware_auto_perception_msgs/msg/detail/object_classification__rosidl_typesupport_introspection_c.h
[3.290s] -- Up-to-date symlink: /home/mtl12345/autoware/install/autoware_auto_perception_msgs/include/autoware_auto_perception_msgs/autoware_auto_perception_msgs/msg/detail/point_clusters__rosidl_typesupport_introspection_c.h
[3.291s] -- Up-to-date symlink: /home/mtl12345/autoware/install/autoware_auto_perception_msgs/include/autoware_auto_perception_msgs/autoware_auto_perception_msgs/msg/detail/point_xyzif__rosidl_typesupport_introspection_c.h
[3.292s] -- Up-to-date symlink: /home/mtl12345/autoware/install/autoware_auto_perception_msgs/include/autoware_auto_perception_msgs/autoware_auto_perception_msgs/msg/detail/predicted_object__rosidl_typesupport_introspection_c.h
[3.293s] -- Up-to-date symlink: /home/mtl12345/autoware/install/autoware_auto_perception_msgs/include/autoware_auto_perception_msgs/autoware_auto_perception_msgs/msg/detail/predicted_object_kinematics__rosidl_typesupport_introspection_c.h
[3.293s] -- Up-to-date symlink: /home/mtl12345/autoware/install/autoware_auto_perception_msgs/include/autoware_auto_perception_msgs/autoware_auto_perception_msgs/msg/detail/predicted_objects__rosidl_typesupport_introspection_c.h
[3.293s] -- Up-to-date symlink: /home/mtl12345/autoware/install/autoware_auto_perception_msgs/include/autoware_auto_perception_msgs/autoware_auto_perception_msgs/msg/detail/predicted_path__rosidl_typesupport_introspection_c.h
[3.293s] -- Up-to-date symlink: /home/mtl12345/autoware/install/autoware_auto_perception_msgs/include/autoware_auto_perception_msgs/autoware_auto_perception_msgs/msg/detail/shape__rosidl_typesupport_introspection_c.h
[3.295s] -- Up-to-date symlink: /home/mtl12345/autoware/install/autoware_auto_perception_msgs/include/autoware_auto_perception_msgs/autoware_auto_perception_msgs/msg/detail/tracked_object__rosidl_typesupport_introspection_c.h
[3.295s] -- Up-to-date symlink: /home/mtl12345/autoware/install/autoware_auto_perception_msgs/include/autoware_auto_perception_msgs/autoware_auto_perception_msgs/msg/detail/tracked_object_kinematics__rosidl_typesupport_introspection_c.h
[3.295s] -- Up-to-date symlink: /home/mtl12345/autoware/install/autoware_auto_perception_msgs/include/autoware_auto_perception_msgs/autoware_auto_perception_msgs/msg/detail/tracked_objects__rosidl_typesupport_introspection_c.h
[3.295s] -- Up-to-date symlink: /home/mtl12345/autoware/install/autoware_auto_perception_msgs/include/autoware_auto_perception_msgs/autoware_auto_perception_msgs/msg/detail/traffic_light__rosidl_typesupport_introspection_c.h
[3.296s] -- Up-to-date symlink: /home/mtl12345/autoware/install/autoware_auto_perception_msgs/include/autoware_auto_perception_msgs/autoware_auto_perception_msgs/msg/detail/traffic_light_roi__rosidl_typesupport_introspection_c.h
[3.296s] -- Up-to-date symlink: /home/mtl12345/autoware/install/autoware_auto_perception_msgs/include/autoware_auto_perception_msgs/autoware_auto_perception_msgs/msg/detail/traffic_light_roi_array__rosidl_typesupport_introspection_c.h
[3.298s] -- Up-to-date symlink: /home/mtl12345/autoware/install/autoware_auto_perception_msgs/include/autoware_auto_perception_msgs/autoware_auto_perception_msgs/msg/detail/traffic_signal__rosidl_typesupport_introspection_c.h
[3.298s] -- Up-to-date symlink: /home/mtl12345/autoware/install/autoware_auto_perception_msgs/include/autoware_auto_perception_msgs/autoware_auto_perception_msgs/msg/detail/traffic_signal_array__rosidl_typesupport_introspection_c.h
[3.298s] -- Up-to-date symlink: /home/mtl12345/autoware/install/autoware_auto_perception_msgs/include/autoware_auto_perception_msgs/autoware_auto_perception_msgs/msg/detail/traffic_signal_stamped__rosidl_typesupport_introspection_c.h
[3.298s] -- Up-to-date symlink: /home/mtl12345/autoware/install/autoware_auto_perception_msgs/include/autoware_auto_perception_msgs/autoware_auto_perception_msgs/msg/detail/traffic_signal_with_judge__rosidl_typesupport_introspection_c.h
[3.298s] -- Up-to-date symlink: /home/mtl12345/autoware/install/autoware_auto_perception_msgs/include/autoware_auto_perception_msgs/autoware_auto_perception_msgs/msg/rosidl_typesupport_introspection_c__visibility_control.h
[3.298s] -- Up-to-date symlink: /home/mtl12345/autoware/install/autoware_auto_perception_msgs/include/autoware_auto_perception_msgs/autoware_auto_perception_msgs/msg/bounding_box.hpp
[3.298s] -- Up-to-date symlink: /home/mtl12345/autoware/install/autoware_auto_perception_msgs/include/autoware_auto_perception_msgs/autoware_auto_perception_msgs/msg/bounding_box_array.hpp
[3.298s] -- Up-to-date symlink: /home/mtl12345/autoware/install/autoware_auto_perception_msgs/include/autoware_auto_perception_msgs/autoware_auto_perception_msgs/msg/classified_roi.hpp
[3.298s] -- Up-to-date symlink: /home/mtl12345/autoware/install/autoware_auto_perception_msgs/include/autoware_auto_perception_msgs/autoware_auto_perception_msgs/msg/classified_roi_array.hpp
[3.298s] -- Up-to-date symlink: /home/mtl12345/autoware/install/autoware_auto_perception_msgs/include/autoware_auto_perception_msgs/autoware_auto_perception_msgs/msg/detail/bounding_box__builder.hpp
[3.298s] -- Up-to-date symlink: /home/mtl12345/autoware/install/autoware_auto_perception_msgs/include/autoware_auto_perception_msgs/autoware_auto_perception_msgs/msg/detail/bounding_box__struct.hpp
[3.298s] -- Up-to-date symlink: /home/mtl12345/autoware/install/autoware_auto_perception_msgs/include/autoware_auto_perception_msgs/autoware_auto_perception_msgs/msg/detail/bounding_box__traits.hpp
[3.298s] -- Up-to-date symlink: /home/mtl12345/autoware/install/autoware_auto_perception_msgs/include/autoware_auto_perception_msgs/autoware_auto_perception_msgs/msg/detail/bounding_box_array__builder.hpp
[3.299s] -- Up-to-date symlink: /home/mtl12345/autoware/install/autoware_auto_perception_msgs/include/autoware_auto_perception_msgs/autoware_auto_perception_msgs/msg/detail/bounding_box_array__struct.hpp
[3.299s] -- Up-to-date symlink: /home/mtl12345/autoware/install/autoware_auto_perception_msgs/include/autoware_auto_perception_msgs/autoware_auto_perception_msgs/msg/detail/bounding_box_array__traits.hpp
[3.299s] -- Up-to-date symlink: /home/mtl12345/autoware/install/autoware_auto_perception_msgs/include/autoware_auto_perception_msgs/autoware_auto_perception_msgs/msg/detail/classified_roi__builder.hpp
[3.299s] -- Up-to-date symlink: /home/mtl12345/autoware/install/autoware_auto_perception_msgs/include/autoware_auto_perception_msgs/autoware_auto_perception_msgs/msg/detail/classified_roi__struct.hpp
[3.299s] -- Up-to-date symlink: /home/mtl12345/autoware/install/autoware_auto_perception_msgs/include/autoware_auto_perception_msgs/autoware_auto_perception_msgs/msg/detail/classified_roi__traits.hpp
[3.299s] -- Up-to-date symlink: /home/mtl12345/autoware/install/autoware_auto_perception_msgs/include/autoware_auto_perception_msgs/autoware_auto_perception_msgs/msg/detail/classified_roi_array__builder.hpp
[3.299s] -- Up-to-date symlink: /home/mtl12345/autoware/install/autoware_auto_perception_msgs/include/autoware_auto_perception_msgs/autoware_auto_perception_msgs/msg/detail/classified_roi_array__struct.hpp
[3.299s] -- Up-to-date symlink: /home/mtl12345/autoware/install/autoware_auto_perception_msgs/include/autoware_auto_perception_msgs/autoware_auto_perception_msgs/msg/detail/classified_roi_array__traits.hpp
[3.300s] -- Up-to-date symlink: /home/mtl12345/autoware/install/autoware_auto_perception_msgs/include/autoware_auto_perception_msgs/autoware_auto_perception_msgs/msg/detail/detected_object__builder.hpp
[3.300s] -- Up-to-date symlink: /home/mtl12345/autoware/install/autoware_auto_perception_msgs/include/autoware_auto_perception_msgs/autoware_auto_perception_msgs/msg/detail/detected_object__struct.hpp
[3.300s] -- Up-to-date symlink: /home/mtl12345/autoware/install/autoware_auto_perception_msgs/include/autoware_auto_perception_msgs/autoware_auto_perception_msgs/msg/detail/detected_object__traits.hpp
[3.300s] -- Up-to-date symlink: /home/mtl12345/autoware/install/autoware_auto_perception_msgs/include/autoware_auto_perception_msgs/autoware_auto_perception_msgs/msg/detail/detected_object_kinematics__builder.hpp
[3.300s] -- Up-to-date symlink: /home/mtl12345/autoware/install/autoware_auto_perception_msgs/include/autoware_auto_perception_msgs/autoware_auto_perception_msgs/msg/detail/detected_object_kinematics__struct.hpp
[3.300s] -- Up-to-date symlink: /home/mtl12345/autoware/install/autoware_auto_perception_msgs/include/autoware_auto_perception_msgs/autoware_auto_perception_msgs/msg/detail/detected_object_kinematics__traits.hpp
[3.300s] -- Up-to-date symlink: /home/mtl12345/autoware/install/autoware_auto_perception_msgs/include/autoware_auto_perception_msgs/autoware_auto_perception_msgs/msg/detail/detected_objects__builder.hpp
[3.301s] -- Up-to-date symlink: /home/mtl12345/autoware/install/autoware_auto_perception_msgs/include/autoware_auto_perception_msgs/autoware_auto_perception_msgs/msg/detail/detected_objects__struct.hpp
[3.301s] -- Up-to-date symlink: /home/mtl12345/autoware/install/autoware_auto_perception_msgs/include/autoware_auto_perception_msgs/autoware_auto_perception_msgs/msg/detail/detected_objects__traits.hpp
[3.301s] -- Up-to-date symlink: /home/mtl12345/autoware/install/autoware_auto_perception_msgs/include/autoware_auto_perception_msgs/autoware_auto_perception_msgs/msg/detail/looking_traffic_signal__builder.hpp
[3.301s] -- Up-to-date symlink: /home/mtl12345/autoware/install/autoware_auto_perception_msgs/include/autoware_auto_perception_msgs/autoware_auto_perception_msgs/msg/detail/looking_traffic_signal__struct.hpp
[3.301s] -- Up-to-date symlink: /home/mtl12345/autoware/install/autoware_auto_perception_msgs/include/autoware_auto_perception_msgs/autoware_auto_perception_msgs/msg/detail/looking_traffic_signal__traits.hpp
[3.301s] -- Up-to-date symlink: /home/mtl12345/autoware/install/autoware_auto_perception_msgs/include/autoware_auto_perception_msgs/autoware_auto_perception_msgs/msg/detail/object_classification__builder.hpp
[3.301s] -- Up-to-date symlink: /home/mtl12345/autoware/install/autoware_auto_perception_msgs/include/autoware_auto_perception_msgs/autoware_auto_perception_msgs/msg/detail/object_classification__struct.hpp
[3.301s] -- Up-to-date symlink: /home/mtl12345/autoware/install/autoware_auto_perception_msgs/include/autoware_auto_perception_msgs/autoware_auto_perception_msgs/msg/detail/object_classification__traits.hpp
[3.301s] -- Up-to-date symlink: /home/mtl12345/autoware/install/autoware_auto_perception_msgs/include/autoware_auto_perception_msgs/autoware_auto_perception_msgs/msg/detail/point_clusters__builder.hpp
[3.301s] -- Up-to-date symlink: /home/mtl12345/autoware/install/autoware_auto_perception_msgs/include/autoware_auto_perception_msgs/autoware_auto_perception_msgs/msg/detail/point_clusters__struct.hpp
[3.301s] -- Up-to-date symlink: /home/mtl12345/autoware/install/autoware_auto_perception_msgs/include/autoware_auto_perception_msgs/autoware_auto_perception_msgs/msg/detail/point_clusters__traits.hpp
[3.301s] -- Up-to-date symlink: /home/mtl12345/autoware/install/autoware_auto_perception_msgs/include/autoware_auto_perception_msgs/autoware_auto_perception_msgs/msg/detail/point_xyzif__builder.hpp
[3.302s] -- Up-to-date symlink: /home/mtl12345/autoware/install/autoware_auto_perception_msgs/include/autoware_auto_perception_msgs/autoware_auto_perception_msgs/msg/detail/point_xyzif__struct.hpp
[3.302s] -- Up-to-date symlink: /home/mtl12345/autoware/install/autoware_auto_perception_msgs/include/autoware_auto_perception_msgs/autoware_auto_perception_msgs/msg/detail/point_xyzif__traits.hpp
[3.302s] -- Up-to-date symlink: /home/mtl12345/autoware/install/autoware_auto_perception_msgs/include/autoware_auto_perception_msgs/autoware_auto_perception_msgs/msg/detail/predicted_object__builder.hpp
[3.302s] -- Up-to-date symlink: /home/mtl12345/autoware/install/autoware_auto_perception_msgs/include/autoware_auto_perception_msgs/autoware_auto_perception_msgs/msg/detail/predicted_object__struct.hpp
[3.302s] -- Up-to-date symlink: /home/mtl12345/autoware/install/autoware_auto_perception_msgs/include/autoware_auto_perception_msgs/autoware_auto_perception_msgs/msg/detail/predicted_object__traits.hpp
[3.302s] -- Up-to-date symlink: /home/mtl12345/autoware/install/autoware_auto_perception_msgs/include/autoware_auto_perception_msgs/autoware_auto_perception_msgs/msg/detail/predicted_object_kinematics__builder.hpp
[3.302s] -- Up-to-date symlink: /home/mtl12345/autoware/install/autoware_auto_perception_msgs/include/autoware_auto_perception_msgs/autoware_auto_perception_msgs/msg/detail/predicted_object_kinematics__struct.hpp
[3.302s] -- Up-to-date symlink: /home/mtl12345/autoware/install/autoware_auto_perception_msgs/include/autoware_auto_perception_msgs/autoware_auto_perception_msgs/msg/detail/predicted_object_kinematics__traits.hpp
[3.302s] -- Up-to-date symlink: /home/mtl12345/autoware/install/autoware_auto_perception_msgs/include/autoware_auto_perception_msgs/autoware_auto_perception_msgs/msg/detail/predicted_objects__builder.hpp
[3.302s] -- Up-to-date symlink: /home/mtl12345/autoware/install/autoware_auto_perception_msgs/include/autoware_auto_perception_msgs/autoware_auto_perception_msgs/msg/detail/predicted_objects__struct.hpp
[3.302s] -- Up-to-date symlink: /home/mtl12345/autoware/install/autoware_auto_perception_msgs/include/autoware_auto_perception_msgs/autoware_auto_perception_msgs/msg/detail/predicted_objects__traits.hpp
[3.302s] -- Up-to-date symlink: /home/mtl12345/autoware/install/autoware_auto_perception_msgs/include/autoware_auto_perception_msgs/autoware_auto_perception_msgs/msg/detail/predicted_path__builder.hpp
[3.303s] -- Up-to-date symlink: /home/mtl12345/autoware/install/autoware_auto_perception_msgs/include/autoware_auto_perception_msgs/autoware_auto_perception_msgs/msg/detail/predicted_path__struct.hpp
[3.303s] -- Up-to-date symlink: /home/mtl12345/autoware/install/autoware_auto_perception_msgs/include/autoware_auto_perception_msgs/autoware_auto_perception_msgs/msg/detail/predicted_path__traits.hpp
[3.303s] -- Up-to-date symlink: /home/mtl12345/autoware/install/autoware_auto_perception_msgs/include/autoware_auto_perception_msgs/autoware_auto_perception_msgs/msg/detail/shape__builder.hpp
[3.303s] -- Up-to-date symlink: /home/mtl12345/autoware/install/autoware_auto_perception_msgs/include/autoware_auto_perception_msgs/autoware_auto_perception_msgs/msg/detail/shape__struct.hpp
[3.303s] -- Up-to-date symlink: /home/mtl12345/autoware/install/autoware_auto_perception_msgs/include/autoware_auto_perception_msgs/autoware_auto_perception_msgs/msg/detail/shape__traits.hpp
[3.303s] -- Up-to-date symlink: /home/mtl12345/autoware/install/autoware_auto_perception_msgs/include/autoware_auto_perception_msgs/autoware_auto_perception_msgs/msg/detail/tracked_object__builder.hpp
[3.303s] -- Up-to-date symlink: /home/mtl12345/autoware/install/autoware_auto_perception_msgs/include/autoware_auto_perception_msgs/autoware_auto_perception_msgs/msg/detail/tracked_object__struct.hpp
[3.304s] -- Up-to-date symlink: /home/mtl12345/autoware/install/autoware_auto_perception_msgs/include/autoware_auto_perception_msgs/autoware_auto_perception_msgs/msg/detail/tracked_object__traits.hpp
[3.304s] -- Up-to-date symlink: /home/mtl12345/autoware/install/autoware_auto_perception_msgs/include/autoware_auto_perception_msgs/autoware_auto_perception_msgs/msg/detail/tracked_object_kinematics__builder.hpp
[3.304s] -- Up-to-date symlink: /home/mtl12345/autoware/install/autoware_auto_perception_msgs/include/autoware_auto_perception_msgs/autoware_auto_perception_msgs/msg/detail/tracked_object_kinematics__struct.hpp
[3.304s] -- Up-to-date symlink: /home/mtl12345/autoware/install/autoware_auto_perception_msgs/include/autoware_auto_perception_msgs/autoware_auto_perception_msgs/msg/detail/tracked_object_kinematics__traits.hpp
[3.304s] -- Up-to-date symlink: /home/mtl12345/autoware/install/autoware_auto_perception_msgs/include/autoware_auto_perception_msgs/autoware_auto_perception_msgs/msg/detail/tracked_objects__builder.hpp
[3.304s] -- Up-to-date symlink: /home/mtl12345/autoware/install/autoware_auto_perception_msgs/include/autoware_auto_perception_msgs/autoware_auto_perception_msgs/msg/detail/tracked_objects__struct.hpp
[3.304s] -- Up-to-date symlink: /home/mtl12345/autoware/install/autoware_auto_perception_msgs/include/autoware_auto_perception_msgs/autoware_auto_perception_msgs/msg/detail/tracked_objects__traits.hpp
[3.304s] -- Up-to-date symlink: /home/mtl12345/autoware/install/autoware_auto_perception_msgs/include/autoware_auto_perception_msgs/autoware_auto_perception_msgs/msg/detail/traffic_light__builder.hpp
[3.305s] -- Up-to-date symlink: /home/mtl12345/autoware/install/autoware_auto_perception_msgs/include/autoware_auto_perception_msgs/autoware_auto_perception_msgs/msg/detail/traffic_light__struct.hpp
[3.305s] -- Up-to-date symlink: /home/mtl12345/autoware/install/autoware_auto_perception_msgs/include/autoware_auto_perception_msgs/autoware_auto_perception_msgs/msg/detail/traffic_light__traits.hpp
[3.305s] -- Up-to-date symlink: /home/mtl12345/autoware/install/autoware_auto_perception_msgs/include/autoware_auto_perception_msgs/autoware_auto_perception_msgs/msg/detail/traffic_light_roi__builder.hpp
[3.305s] -- Up-to-date symlink: /home/mtl12345/autoware/install/autoware_auto_perception_msgs/include/autoware_auto_perception_msgs/autoware_auto_perception_msgs/msg/detail/traffic_light_roi__struct.hpp
[3.305s] -- Up-to-date symlink: /home/mtl12345/autoware/install/autoware_auto_perception_msgs/include/autoware_auto_perception_msgs/autoware_auto_perception_msgs/msg/detail/traffic_light_roi__traits.hpp
[3.305s] -- Up-to-date symlink: /home/mtl12345/autoware/install/autoware_auto_perception_msgs/include/autoware_auto_perception_msgs/autoware_auto_perception_msgs/msg/detail/traffic_light_roi_array__builder.hpp
[3.305s] -- Up-to-date symlink: /home/mtl12345/autoware/install/autoware_auto_perception_msgs/include/autoware_auto_perception_msgs/autoware_auto_perception_msgs/msg/detail/traffic_light_roi_array__struct.hpp
[3.305s] -- Up-to-date symlink: /home/mtl12345/autoware/install/autoware_auto_perception_msgs/include/autoware_auto_perception_msgs/autoware_auto_perception_msgs/msg/detail/traffic_light_roi_array__traits.hpp
[3.305s] -- Up-to-date symlink: /home/mtl12345/autoware/install/autoware_auto_perception_msgs/include/autoware_auto_perception_msgs/autoware_auto_perception_msgs/msg/detail/traffic_signal__builder.hpp
[3.305s] -- Up-to-date symlink: /home/mtl12345/autoware/install/autoware_auto_perception_msgs/include/autoware_auto_perception_msgs/autoware_auto_perception_msgs/msg/detail/traffic_signal__struct.hpp
[3.305s] -- Up-to-date symlink: /home/mtl12345/autoware/install/autoware_auto_perception_msgs/include/autoware_auto_perception_msgs/autoware_auto_perception_msgs/msg/detail/traffic_signal__traits.hpp
[3.305s] -- Up-to-date symlink: /home/mtl12345/autoware/install/autoware_auto_perception_msgs/include/autoware_auto_perception_msgs/autoware_auto_perception_msgs/msg/detail/traffic_signal_array__builder.hpp
[3.305s] -- Up-to-date symlink: /home/mtl12345/autoware/install/autoware_auto_perception_msgs/include/autoware_auto_perception_msgs/autoware_auto_perception_msgs/msg/detail/traffic_signal_array__struct.hpp
[3.305s] -- Up-to-date symlink: /home/mtl12345/autoware/install/autoware_auto_perception_msgs/include/autoware_auto_perception_msgs/autoware_auto_perception_msgs/msg/detail/traffic_signal_array__traits.hpp
[3.306s] -- Up-to-date symlink: /home/mtl12345/autoware/install/autoware_auto_perception_msgs/include/autoware_auto_perception_msgs/autoware_auto_perception_msgs/msg/detail/traffic_signal_stamped__builder.hpp
[3.306s] -- Up-to-date symlink: /home/mtl12345/autoware/install/autoware_auto_perception_msgs/include/autoware_auto_perception_msgs/autoware_auto_perception_msgs/msg/detail/traffic_signal_stamped__struct.hpp
[3.306s] -- Up-to-date symlink: /home/mtl12345/autoware/install/autoware_auto_perception_msgs/include/autoware_auto_perception_msgs/autoware_auto_perception_msgs/msg/detail/traffic_signal_stamped__traits.hpp
[3.306s] -- Up-to-date symlink: /home/mtl12345/autoware/install/autoware_auto_perception_msgs/include/autoware_auto_perception_msgs/autoware_auto_perception_msgs/msg/detail/traffic_signal_with_judge__builder.hpp
[3.306s] -- Up-to-date symlink: /home/mtl12345/autoware/install/autoware_auto_perception_msgs/include/autoware_auto_perception_msgs/autoware_auto_perception_msgs/msg/detail/traffic_signal_with_judge__struct.hpp
[3.306s] -- Up-to-date symlink: /home/mtl12345/autoware/install/autoware_auto_perception_msgs/include/autoware_auto_perception_msgs/autoware_auto_perception_msgs/msg/detail/traffic_signal_with_judge__traits.hpp
[3.306s] -- Up-to-date symlink: /home/mtl12345/autoware/install/autoware_auto_perception_msgs/include/autoware_auto_perception_msgs/autoware_auto_perception_msgs/msg/detected_object.hpp
[3.306s] -- Up-to-date symlink: /home/mtl12345/autoware/install/autoware_auto_perception_msgs/include/autoware_auto_perception_msgs/autoware_auto_perception_msgs/msg/detected_object_kinematics.hpp
[3.306s] -- Up-to-date symlink: /home/mtl12345/autoware/install/autoware_auto_perception_msgs/include/autoware_auto_perception_msgs/autoware_auto_perception_msgs/msg/detected_objects.hpp
[3.306s] -- Up-to-date symlink: /home/mtl12345/autoware/install/autoware_auto_perception_msgs/include/autoware_auto_perception_msgs/autoware_auto_perception_msgs/msg/looking_traffic_signal.hpp
[3.306s] -- Up-to-date symlink: /home/mtl12345/autoware/install/autoware_auto_perception_msgs/include/autoware_auto_perception_msgs/autoware_auto_perception_msgs/msg/object_classification.hpp
[3.306s] -- Up-to-date symlink: /home/mtl12345/autoware/install/autoware_auto_perception_msgs/include/autoware_auto_perception_msgs/autoware_auto_perception_msgs/msg/point_clusters.hpp
[3.307s] -- Up-to-date symlink: /home/mtl12345/autoware/install/autoware_auto_perception_msgs/include/autoware_auto_perception_msgs/autoware_auto_perception_msgs/msg/point_xyzif.hpp
[3.308s] -- Up-to-date symlink: /home/mtl12345/autoware/install/autoware_auto_perception_msgs/include/autoware_auto_perception_msgs/autoware_auto_perception_msgs/msg/predicted_object.hpp
[3.308s] -- Up-to-date symlink: /home/mtl12345/autoware/install/autoware_auto_perception_msgs/include/autoware_auto_perception_msgs/autoware_auto_perception_msgs/msg/predicted_object_kinematics.hpp
[3.308s] -- Up-to-date symlink: /home/mtl12345/autoware/install/autoware_auto_perception_msgs/include/autoware_auto_perception_msgs/autoware_auto_perception_msgs/msg/predicted_objects.hpp
[3.308s] -- Up-to-date symlink: /home/mtl12345/autoware/install/autoware_auto_perception_msgs/include/autoware_auto_perception_msgs/autoware_auto_perception_msgs/msg/predicted_path.hpp
[3.308s] -- Up-to-date symlink: /home/mtl12345/autoware/install/autoware_auto_perception_msgs/include/autoware_auto_perception_msgs/autoware_auto_perception_msgs/msg/shape.hpp
[3.308s] -- Up-to-date symlink: /home/mtl12345/autoware/install/autoware_auto_perception_msgs/include/autoware_auto_perception_msgs/autoware_auto_perception_msgs/msg/tracked_object.hpp
[3.309s] -- Up-to-date symlink: /home/mtl12345/autoware/install/autoware_auto_perception_msgs/include/autoware_auto_perception_msgs/autoware_auto_perception_msgs/msg/tracked_object_kinematics.hpp
[3.309s] -- Up-to-date symlink: /home/mtl12345/autoware/install/autoware_auto_perception_msgs/include/autoware_auto_perception_msgs/autoware_auto_perception_msgs/msg/tracked_objects.hpp
[3.309s] -- Up-to-date symlink: /home/mtl12345/autoware/install/autoware_auto_perception_msgs/include/autoware_auto_perception_msgs/autoware_auto_perception_msgs/msg/traffic_light.hpp
[3.309s] -- Up-to-date symlink: /home/mtl12345/autoware/install/autoware_auto_perception_msgs/include/autoware_auto_perception_msgs/autoware_auto_perception_msgs/msg/traffic_light_roi.hpp
[3.309s] -- Up-to-date symlink: /home/mtl12345/autoware/install/autoware_auto_perception_msgs/include/autoware_auto_perception_msgs/autoware_auto_perception_msgs/msg/traffic_light_roi_array.hpp
[3.309s] -- Up-to-date symlink: /home/mtl12345/autoware/install/autoware_auto_perception_msgs/include/autoware_auto_perception_msgs/autoware_auto_perception_msgs/msg/traffic_signal.hpp
[3.309s] -- Up-to-date symlink: /home/mtl12345/autoware/install/autoware_auto_perception_msgs/include/autoware_auto_perception_msgs/autoware_auto_perception_msgs/msg/traffic_signal_array.hpp
[3.309s] -- Up-to-date symlink: /home/mtl12345/autoware/install/autoware_auto_perception_msgs/include/autoware_auto_perception_msgs/autoware_auto_perception_msgs/msg/traffic_signal_stamped.hpp
[3.309s] -- Up-to-date symlink: /home/mtl12345/autoware/install/autoware_auto_perception_msgs/include/autoware_auto_perception_msgs/autoware_auto_perception_msgs/msg/traffic_signal_with_judge.hpp
[3.309s] -- Up-to-date symlink: /home/mtl12345/autoware/install/autoware_auto_perception_msgs/include/autoware_auto_perception_msgs/autoware_auto_perception_msgs/msg/detail/bounding_box__rosidl_typesupport_fastrtps_cpp.hpp
[3.309s] -- Up-to-date symlink: /home/mtl12345/autoware/install/autoware_auto_perception_msgs/include/autoware_auto_perception_msgs/autoware_auto_perception_msgs/msg/detail/bounding_box_array__rosidl_typesupport_fastrtps_cpp.hpp
[3.310s] -- Up-to-date symlink: /home/mtl12345/autoware/install/autoware_auto_perception_msgs/include/autoware_auto_perception_msgs/autoware_auto_perception_msgs/msg/detail/classified_roi__rosidl_typesupport_fastrtps_cpp.hpp
[3.310s] -- Up-to-date symlink: /home/mtl12345/autoware/install/autoware_auto_perception_msgs/include/autoware_auto_perception_msgs/autoware_auto_perception_msgs/msg/detail/classified_roi_array__rosidl_typesupport_fastrtps_cpp.hpp
[3.310s] -- Up-to-date symlink: /home/mtl12345/autoware/install/autoware_auto_perception_msgs/include/autoware_auto_perception_msgs/autoware_auto_perception_msgs/msg/detail/detected_object__rosidl_typesupport_fastrtps_cpp.hpp
[3.310s] -- Up-to-date symlink: /home/mtl12345/autoware/install/autoware_auto_perception_msgs/include/autoware_auto_perception_msgs/autoware_auto_perception_msgs/msg/detail/detected_object_kinematics__rosidl_typesupport_fastrtps_cpp.hpp
[3.310s] -- Up-to-date symlink: /home/mtl12345/autoware/install/autoware_auto_perception_msgs/include/autoware_auto_perception_msgs/autoware_auto_perception_msgs/msg/detail/detected_objects__rosidl_typesupport_fastrtps_cpp.hpp
[3.310s] -- Up-to-date symlink: /home/mtl12345/autoware/install/autoware_auto_perception_msgs/include/autoware_auto_perception_msgs/autoware_auto_perception_msgs/msg/detail/looking_traffic_signal__rosidl_typesupport_fastrtps_cpp.hpp
[3.310s] -- Up-to-date symlink: /home/mtl12345/autoware/install/autoware_auto_perception_msgs/include/autoware_auto_perception_msgs/autoware_auto_perception_msgs/msg/detail/object_classification__rosidl_typesupport_fastrtps_cpp.hpp
[3.310s] -- Up-to-date symlink: /home/mtl12345/autoware/install/autoware_auto_perception_msgs/include/autoware_auto_perception_msgs/autoware_auto_perception_msgs/msg/detail/point_clusters__rosidl_typesupport_fastrtps_cpp.hpp
[3.310s] -- Up-to-date symlink: /home/mtl12345/autoware/install/autoware_auto_perception_msgs/include/autoware_auto_perception_msgs/autoware_auto_perception_msgs/msg/detail/point_xyzif__rosidl_typesupport_fastrtps_cpp.hpp
[3.310s] -- Up-to-date symlink: /home/mtl12345/autoware/install/autoware_auto_perception_msgs/include/autoware_auto_perception_msgs/autoware_auto_perception_msgs/msg/detail/predicted_object__rosidl_typesupport_fastrtps_cpp.hpp
[3.310s] -- Up-to-date symlink: /home/mtl12345/autoware/install/autoware_auto_perception_msgs/include/autoware_auto_perception_msgs/autoware_auto_perception_msgs/msg/detail/predicted_object_kinematics__rosidl_typesupport_fastrtps_cpp.hpp
[3.310s] -- Up-to-date symlink: /home/mtl12345/autoware/install/autoware_auto_perception_msgs/include/autoware_auto_perception_msgs/autoware_auto_perception_msgs/msg/detail/predicted_objects__rosidl_typesupport_fastrtps_cpp.hpp
[3.310s] -- Up-to-date symlink: /home/mtl12345/autoware/install/autoware_auto_perception_msgs/include/autoware_auto_perception_msgs/autoware_auto_perception_msgs/msg/detail/predicted_path__rosidl_typesupport_fastrtps_cpp.hpp
[3.310s] -- Up-to-date symlink: /home/mtl12345/autoware/install/autoware_auto_perception_msgs/include/autoware_auto_perception_msgs/autoware_auto_perception_msgs/msg/detail/shape__rosidl_typesupport_fastrtps_cpp.hpp
[3.311s] -- Up-to-date symlink: /home/mtl12345/autoware/install/autoware_auto_perception_msgs/include/autoware_auto_perception_msgs/autoware_auto_perception_msgs/msg/detail/tracked_object__rosidl_typesupport_fastrtps_cpp.hpp
[3.311s] -- Up-to-date symlink: /home/mtl12345/autoware/install/autoware_auto_perception_msgs/include/autoware_auto_perception_msgs/autoware_auto_perception_msgs/msg/detail/tracked_object_kinematics__rosidl_typesupport_fastrtps_cpp.hpp
[3.311s] -- Up-to-date symlink: /home/mtl12345/autoware/install/autoware_auto_perception_msgs/include/autoware_auto_perception_msgs/autoware_auto_perception_msgs/msg/detail/tracked_objects__rosidl_typesupport_fastrtps_cpp.hpp
[3.311s] -- Up-to-date symlink: /home/mtl12345/autoware/install/autoware_auto_perception_msgs/include/autoware_auto_perception_msgs/autoware_auto_perception_msgs/msg/detail/traffic_light__rosidl_typesupport_fastrtps_cpp.hpp
[3.311s] -- Up-to-date symlink: /home/mtl12345/autoware/install/autoware_auto_perception_msgs/include/autoware_auto_perception_msgs/autoware_auto_perception_msgs/msg/detail/traffic_light_roi__rosidl_typesupport_fastrtps_cpp.hpp
[3.311s] -- Up-to-date symlink: /home/mtl12345/autoware/install/autoware_auto_perception_msgs/include/autoware_auto_perception_msgs/autoware_auto_perception_msgs/msg/detail/traffic_light_roi_array__rosidl_typesupport_fastrtps_cpp.hpp
[3.311s] -- Up-to-date symlink: /home/mtl12345/autoware/install/autoware_auto_perception_msgs/include/autoware_auto_perception_msgs/autoware_auto_perception_msgs/msg/detail/traffic_signal__rosidl_typesupport_fastrtps_cpp.hpp
[3.312s] -- Up-to-date symlink: /home/mtl12345/autoware/install/autoware_auto_perception_msgs/include/autoware_auto_perception_msgs/autoware_auto_perception_msgs/msg/detail/traffic_signal_array__rosidl_typesupport_fastrtps_cpp.hpp
[3.312s] -- Up-to-date symlink: /home/mtl12345/autoware/install/autoware_auto_perception_msgs/include/autoware_auto_perception_msgs/autoware_auto_perception_msgs/msg/detail/traffic_signal_stamped__rosidl_typesupport_fastrtps_cpp.hpp
[3.312s] -- Up-to-date symlink: /home/mtl12345/autoware/install/autoware_auto_perception_msgs/include/autoware_auto_perception_msgs/autoware_auto_perception_msgs/msg/detail/traffic_signal_with_judge__rosidl_typesupport_fastrtps_cpp.hpp
[3.312s] -- Up-to-date symlink: /home/mtl12345/autoware/install/autoware_auto_perception_msgs/include/autoware_auto_perception_msgs/autoware_auto_perception_msgs/msg/rosidl_typesupport_fastrtps_cpp__visibility_control.h
[3.312s] -- Up-to-date symlink: /home/mtl12345/autoware/install/autoware_auto_perception_msgs/include/autoware_auto_perception_msgs/autoware_auto_perception_msgs/msg/detail/bounding_box__rosidl_typesupport_introspection_cpp.hpp
[3.312s] -- Up-to-date symlink: /home/mtl12345/autoware/install/autoware_auto_perception_msgs/include/autoware_auto_perception_msgs/autoware_auto_perception_msgs/msg/detail/bounding_box_array__rosidl_typesupport_introspection_cpp.hpp
[3.312s] -- Up-to-date symlink: /home/mtl12345/autoware/install/autoware_auto_perception_msgs/include/autoware_auto_perception_msgs/autoware_auto_perception_msgs/msg/detail/classified_roi__rosidl_typesupport_introspection_cpp.hpp
[3.312s] -- Up-to-date symlink: /home/mtl12345/autoware/install/autoware_auto_perception_msgs/include/autoware_auto_perception_msgs/autoware_auto_perception_msgs/msg/detail/classified_roi_array__rosidl_typesupport_introspection_cpp.hpp
[3.312s] -- Up-to-date symlink: /home/mtl12345/autoware/install/autoware_auto_perception_msgs/include/autoware_auto_perception_msgs/autoware_auto_perception_msgs/msg/detail/detected_object__rosidl_typesupport_introspection_cpp.hpp
[3.313s] -- Up-to-date symlink: /home/mtl12345/autoware/install/autoware_auto_perception_msgs/include/autoware_auto_perception_msgs/autoware_auto_perception_msgs/msg/detail/detected_object_kinematics__rosidl_typesupport_introspection_cpp.hpp
[3.313s] -- Up-to-date symlink: /home/mtl12345/autoware/install/autoware_auto_perception_msgs/include/autoware_auto_perception_msgs/autoware_auto_perception_msgs/msg/detail/detected_objects__rosidl_typesupport_introspection_cpp.hpp
[3.313s] -- Up-to-date symlink: /home/mtl12345/autoware/install/autoware_auto_perception_msgs/include/autoware_auto_perception_msgs/autoware_auto_perception_msgs/msg/detail/looking_traffic_signal__rosidl_typesupport_introspection_cpp.hpp
[3.313s] -- Up-to-date symlink: /home/mtl12345/autoware/install/autoware_auto_perception_msgs/include/autoware_auto_perception_msgs/autoware_auto_perception_msgs/msg/detail/object_classification__rosidl_typesupport_introspection_cpp.hpp
[3.313s] -- Up-to-date symlink: /home/mtl12345/autoware/install/autoware_auto_perception_msgs/include/autoware_auto_perception_msgs/autoware_auto_perception_msgs/msg/detail/point_clusters__rosidl_typesupport_introspection_cpp.hpp
[3.313s] -- Up-to-date symlink: /home/mtl12345/autoware/install/autoware_auto_perception_msgs/include/autoware_auto_perception_msgs/autoware_auto_perception_msgs/msg/detail/point_xyzif__rosidl_typesupport_introspection_cpp.hpp
[3.313s] -- Up-to-date symlink: /home/mtl12345/autoware/install/autoware_auto_perception_msgs/include/autoware_auto_perception_msgs/autoware_auto_perception_msgs/msg/detail/predicted_object__rosidl_typesupport_introspection_cpp.hpp
[3.313s] -- Up-to-date symlink: /home/mtl12345/autoware/install/autoware_auto_perception_msgs/include/autoware_auto_perception_msgs/autoware_auto_perception_msgs/msg/detail/predicted_object_kinematics__rosidl_typesupport_introspection_cpp.hpp
[3.313s] -- Up-to-date symlink: /home/mtl12345/autoware/install/autoware_auto_perception_msgs/include/autoware_auto_perception_msgs/autoware_auto_perception_msgs/msg/detail/predicted_objects__rosidl_typesupport_introspection_cpp.hpp
[3.313s] -- Up-to-date symlink: /home/mtl12345/autoware/install/autoware_auto_perception_msgs/include/autoware_auto_perception_msgs/autoware_auto_perception_msgs/msg/detail/predicted_path__rosidl_typesupport_introspection_cpp.hpp
[3.313s] -- Up-to-date symlink: /home/mtl12345/autoware/install/autoware_auto_perception_msgs/include/autoware_auto_perception_msgs/autoware_auto_perception_msgs/msg/detail/shape__rosidl_typesupport_introspection_cpp.hpp
[3.313s] -- Up-to-date symlink: /home/mtl12345/autoware/install/autoware_auto_perception_msgs/include/autoware_auto_perception_msgs/autoware_auto_perception_msgs/msg/detail/tracked_object__rosidl_typesupport_introspection_cpp.hpp
[3.314s] -- Up-to-date symlink: /home/mtl12345/autoware/install/autoware_auto_perception_msgs/include/autoware_auto_perception_msgs/autoware_auto_perception_msgs/msg/detail/tracked_object_kinematics__rosidl_typesupport_introspection_cpp.hpp
[3.314s] -- Up-to-date symlink: /home/mtl12345/autoware/install/autoware_auto_perception_msgs/include/autoware_auto_perception_msgs/autoware_auto_perception_msgs/msg/detail/tracked_objects__rosidl_typesupport_introspection_cpp.hpp
[3.314s] -- Up-to-date symlink: /home/mtl12345/autoware/install/autoware_auto_perception_msgs/include/autoware_auto_perception_msgs/autoware_auto_perception_msgs/msg/detail/traffic_light__rosidl_typesupport_introspection_cpp.hpp
[3.314s] -- Up-to-date symlink: /home/mtl12345/autoware/install/autoware_auto_perception_msgs/include/autoware_auto_perception_msgs/autoware_auto_perception_msgs/msg/detail/traffic_light_roi__rosidl_typesupport_introspection_cpp.hpp
[3.314s] -- Up-to-date symlink: /home/mtl12345/autoware/install/autoware_auto_perception_msgs/include/autoware_auto_perception_msgs/autoware_auto_perception_msgs/msg/detail/traffic_light_roi_array__rosidl_typesupport_introspection_cpp.hpp
[3.314s] -- Up-to-date symlink: /home/mtl12345/autoware/install/autoware_auto_perception_msgs/include/autoware_auto_perception_msgs/autoware_auto_perception_msgs/msg/detail/traffic_signal__rosidl_typesupport_introspection_cpp.hpp
[3.314s] -- Up-to-date symlink: /home/mtl12345/autoware/install/autoware_auto_perception_msgs/include/autoware_auto_perception_msgs/autoware_auto_perception_msgs/msg/detail/traffic_signal_array__rosidl_typesupport_introspection_cpp.hpp
[3.314s] -- Up-to-date symlink: /home/mtl12345/autoware/install/autoware_auto_perception_msgs/include/autoware_auto_perception_msgs/autoware_auto_perception_msgs/msg/detail/traffic_signal_stamped__rosidl_typesupport_introspection_cpp.hpp
[3.314s] -- Up-to-date symlink: /home/mtl12345/autoware/install/autoware_auto_perception_msgs/include/autoware_auto_perception_msgs/autoware_auto_perception_msgs/msg/detail/traffic_signal_with_judge__rosidl_typesupport_introspection_cpp.hpp
[3.314s] -- Up-to-date symlink: /home/mtl12345/autoware/install/autoware_auto_perception_msgs/share/autoware_auto_perception_msgs/environment/pythonpath.sh
[3.314s] -- Up-to-date symlink: /home/mtl12345/autoware/install/autoware_auto_perception_msgs/share/autoware_auto_perception_msgs/environment/pythonpath.dsv
[3.314s] -- Up-to-date symlink: /home/mtl12345/autoware/install/autoware_auto_perception_msgs/local/lib/python3.10/dist-packages/autoware_auto_perception_msgs-1.0.0-py3.10.egg-info/PKG-INFO
[3.314s] -- Up-to-date symlink: /home/mtl12345/autoware/install/autoware_auto_perception_msgs/local/lib/python3.10/dist-packages/autoware_auto_perception_msgs-1.0.0-py3.10.egg-info/SOURCES.txt
[3.315s] -- Up-to-date symlink: /home/mtl12345/autoware/install/autoware_auto_perception_msgs/local/lib/python3.10/dist-packages/autoware_auto_perception_msgs-1.0.0-py3.10.egg-info/dependency_links.txt
[3.315s] -- Up-to-date symlink: /home/mtl12345/autoware/install/autoware_auto_perception_msgs/local/lib/python3.10/dist-packages/autoware_auto_perception_msgs-1.0.0-py3.10.egg-info/top_level.txt
[3.315s] -- Up-to-date symlink: /home/mtl12345/autoware/install/autoware_auto_perception_msgs/local/lib/python3.10/dist-packages/autoware_auto_perception_msgs/__init__.py
[3.315s] -- Up-to-date symlink: /home/mtl12345/autoware/install/autoware_auto_perception_msgs/local/lib/python3.10/dist-packages/autoware_auto_perception_msgs/_autoware_auto_perception_msgs_s.ep.rosidl_typesupport_c.c
[3.315s] -- Up-to-date symlink: /home/mtl12345/autoware/install/autoware_auto_perception_msgs/local/lib/python3.10/dist-packages/autoware_auto_perception_msgs/_autoware_auto_perception_msgs_s.ep.rosidl_typesupport_fastrtps_c.c
[3.315s] -- Up-to-date symlink: /home/mtl12345/autoware/install/autoware_auto_perception_msgs/local/lib/python3.10/dist-packages/autoware_auto_perception_msgs/_autoware_auto_perception_msgs_s.ep.rosidl_typesupport_introspection_c.c
[3.315s] -- Up-to-date symlink: /home/mtl12345/autoware/install/autoware_auto_perception_msgs/local/lib/python3.10/dist-packages/autoware_auto_perception_msgs/autoware_auto_perception_msgs_s__rosidl_typesupport_c.cpython-310-x86_64-linux-gnu.so
[3.315s] -- Up-to-date symlink: /home/mtl12345/autoware/install/autoware_auto_perception_msgs/local/lib/python3.10/dist-packages/autoware_auto_perception_msgs/autoware_auto_perception_msgs_s__rosidl_typesupport_fastrtps_c.cpython-310-x86_64-linux-gnu.so
[3.316s] -- Up-to-date symlink: /home/mtl12345/autoware/install/autoware_auto_perception_msgs/local/lib/python3.10/dist-packages/autoware_auto_perception_msgs/autoware_auto_perception_msgs_s__rosidl_typesupport_introspection_c.cpython-310-x86_64-linux-gnu.so
[3.316s] -- Up-to-date symlink: /home/mtl12345/autoware/install/autoware_auto_perception_msgs/local/lib/python3.10/dist-packages/autoware_auto_perception_msgs/libautoware_auto_perception_msgs__rosidl_generator_py.so
[3.316s] -- Up-to-date symlink: /home/mtl12345/autoware/install/autoware_auto_perception_msgs/local/lib/python3.10/dist-packages/autoware_auto_perception_msgs/msg/__init__.py
[3.316s] -- Up-to-date symlink: /home/mtl12345/autoware/install/autoware_auto_perception_msgs/local/lib/python3.10/dist-packages/autoware_auto_perception_msgs/msg/_bounding_box.py
[3.316s] -- Up-to-date symlink: /home/mtl12345/autoware/install/autoware_auto_perception_msgs/local/lib/python3.10/dist-packages/autoware_auto_perception_msgs/msg/_bounding_box_array.py
[3.316s] -- Up-to-date symlink: /home/mtl12345/autoware/install/autoware_auto_perception_msgs/local/lib/python3.10/dist-packages/autoware_auto_perception_msgs/msg/_bounding_box_array_s.c
[3.316s] -- Up-to-date symlink: /home/mtl12345/autoware/install/autoware_auto_perception_msgs/local/lib/python3.10/dist-packages/autoware_auto_perception_msgs/msg/_bounding_box_s.c
[3.316s] -- Up-to-date symlink: /home/mtl12345/autoware/install/autoware_auto_perception_msgs/local/lib/python3.10/dist-packages/autoware_auto_perception_msgs/msg/_classified_roi.py
[3.316s] -- Up-to-date symlink: /home/mtl12345/autoware/install/autoware_auto_perception_msgs/local/lib/python3.10/dist-packages/autoware_auto_perception_msgs/msg/_classified_roi_array.py
[3.316s] -- Up-to-date symlink: /home/mtl12345/autoware/install/autoware_auto_perception_msgs/local/lib/python3.10/dist-packages/autoware_auto_perception_msgs/msg/_classified_roi_array_s.c
[3.316s] -- Up-to-date symlink: /home/mtl12345/autoware/install/autoware_auto_perception_msgs/local/lib/python3.10/dist-packages/autoware_auto_perception_msgs/msg/_classified_roi_s.c
[3.316s] -- Up-to-date symlink: /home/mtl12345/autoware/install/autoware_auto_perception_msgs/local/lib/python3.10/dist-packages/autoware_auto_perception_msgs/msg/_detected_object.py
[3.316s] -- Up-to-date symlink: /home/mtl12345/autoware/install/autoware_auto_perception_msgs/local/lib/python3.10/dist-packages/autoware_auto_perception_msgs/msg/_detected_object_kinematics.py
[3.317s] -- Up-to-date symlink: /home/mtl12345/autoware/install/autoware_auto_perception_msgs/local/lib/python3.10/dist-packages/autoware_auto_perception_msgs/msg/_detected_object_kinematics_s.c
[3.317s] -- Up-to-date symlink: /home/mtl12345/autoware/install/autoware_auto_perception_msgs/local/lib/python3.10/dist-packages/autoware_auto_perception_msgs/msg/_detected_object_s.c
[3.317s] -- Up-to-date symlink: /home/mtl12345/autoware/install/autoware_auto_perception_msgs/local/lib/python3.10/dist-packages/autoware_auto_perception_msgs/msg/_detected_objects.py
[3.317s] -- Up-to-date symlink: /home/mtl12345/autoware/install/autoware_auto_perception_msgs/local/lib/python3.10/dist-packages/autoware_auto_perception_msgs/msg/_detected_objects_s.c
[3.317s] -- Up-to-date symlink: /home/mtl12345/autoware/install/autoware_auto_perception_msgs/local/lib/python3.10/dist-packages/autoware_auto_perception_msgs/msg/_looking_traffic_signal.py
[3.317s] -- Up-to-date symlink: /home/mtl12345/autoware/install/autoware_auto_perception_msgs/local/lib/python3.10/dist-packages/autoware_auto_perception_msgs/msg/_looking_traffic_signal_s.c
[3.317s] -- Up-to-date symlink: /home/mtl12345/autoware/install/autoware_auto_perception_msgs/local/lib/python3.10/dist-packages/autoware_auto_perception_msgs/msg/_object_classification.py
[3.317s] -- Up-to-date symlink: /home/mtl12345/autoware/install/autoware_auto_perception_msgs/local/lib/python3.10/dist-packages/autoware_auto_perception_msgs/msg/_object_classification_s.c
[3.317s] -- Up-to-date symlink: /home/mtl12345/autoware/install/autoware_auto_perception_msgs/local/lib/python3.10/dist-packages/autoware_auto_perception_msgs/msg/_point_clusters.py
[3.317s] -- Up-to-date symlink: /home/mtl12345/autoware/install/autoware_auto_perception_msgs/local/lib/python3.10/dist-packages/autoware_auto_perception_msgs/msg/_point_clusters_s.c
[3.317s] -- Up-to-date symlink: /home/mtl12345/autoware/install/autoware_auto_perception_msgs/local/lib/python3.10/dist-packages/autoware_auto_perception_msgs/msg/_point_xyzif.py
[3.317s] -- Up-to-date symlink: /home/mtl12345/autoware/install/autoware_auto_perception_msgs/local/lib/python3.10/dist-packages/autoware_auto_perception_msgs/msg/_point_xyzif_s.c
[3.317s] -- Up-to-date symlink: /home/mtl12345/autoware/install/autoware_auto_perception_msgs/local/lib/python3.10/dist-packages/autoware_auto_perception_msgs/msg/_predicted_object.py
[3.317s] -- Up-to-date symlink: /home/mtl12345/autoware/install/autoware_auto_perception_msgs/local/lib/python3.10/dist-packages/autoware_auto_perception_msgs/msg/_predicted_object_kinematics.py
[3.317s] -- Up-to-date symlink: /home/mtl12345/autoware/install/autoware_auto_perception_msgs/local/lib/python3.10/dist-packages/autoware_auto_perception_msgs/msg/_predicted_object_kinematics_s.c
[3.317s] -- Up-to-date symlink: /home/mtl12345/autoware/install/autoware_auto_perception_msgs/local/lib/python3.10/dist-packages/autoware_auto_perception_msgs/msg/_predicted_object_s.c
[3.318s] -- Up-to-date symlink: /home/mtl12345/autoware/install/autoware_auto_perception_msgs/local/lib/python3.10/dist-packages/autoware_auto_perception_msgs/msg/_predicted_objects.py
[3.318s] -- Up-to-date symlink: /home/mtl12345/autoware/install/autoware_auto_perception_msgs/local/lib/python3.10/dist-packages/autoware_auto_perception_msgs/msg/_predicted_objects_s.c
[3.318s] -- Up-to-date symlink: /home/mtl12345/autoware/install/autoware_auto_perception_msgs/local/lib/python3.10/dist-packages/autoware_auto_perception_msgs/msg/_predicted_path.py
[3.318s] -- Up-to-date symlink: /home/mtl12345/autoware/install/autoware_auto_perception_msgs/local/lib/python3.10/dist-packages/autoware_auto_perception_msgs/msg/_predicted_path_s.c
[3.318s] -- Up-to-date symlink: /home/mtl12345/autoware/install/autoware_auto_perception_msgs/local/lib/python3.10/dist-packages/autoware_auto_perception_msgs/msg/_shape.py
[3.318s] -- Up-to-date symlink: /home/mtl12345/autoware/install/autoware_auto_perception_msgs/local/lib/python3.10/dist-packages/autoware_auto_perception_msgs/msg/_shape_s.c
[3.318s] -- Up-to-date symlink: /home/mtl12345/autoware/install/autoware_auto_perception_msgs/local/lib/python3.10/dist-packages/autoware_auto_perception_msgs/msg/_tracked_object.py
[3.318s] -- Up-to-date symlink: /home/mtl12345/autoware/install/autoware_auto_perception_msgs/local/lib/python3.10/dist-packages/autoware_auto_perception_msgs/msg/_tracked_object_kinematics.py
[3.318s] -- Up-to-date symlink: /home/mtl12345/autoware/install/autoware_auto_perception_msgs/local/lib/python3.10/dist-packages/autoware_auto_perception_msgs/msg/_tracked_object_kinematics_s.c
[3.318s] -- Up-to-date symlink: /home/mtl12345/autoware/install/autoware_auto_perception_msgs/local/lib/python3.10/dist-packages/autoware_auto_perception_msgs/msg/_tracked_object_s.c
[3.319s] -- Up-to-date symlink: /home/mtl12345/autoware/install/autoware_auto_perception_msgs/local/lib/python3.10/dist-packages/autoware_auto_perception_msgs/msg/_tracked_objects.py
[3.319s] -- Up-to-date symlink: /home/mtl12345/autoware/install/autoware_auto_perception_msgs/local/lib/python3.10/dist-packages/autoware_auto_perception_msgs/msg/_tracked_objects_s.c
[3.319s] -- Up-to-date symlink: /home/mtl12345/autoware/install/autoware_auto_perception_msgs/local/lib/python3.10/dist-packages/autoware_auto_perception_msgs/msg/_traffic_light.py
[3.319s] -- Up-to-date symlink: /home/mtl12345/autoware/install/autoware_auto_perception_msgs/local/lib/python3.10/dist-packages/autoware_auto_perception_msgs/msg/_traffic_light_roi.py
[3.319s] -- Up-to-date symlink: /home/mtl12345/autoware/install/autoware_auto_perception_msgs/local/lib/python3.10/dist-packages/autoware_auto_perception_msgs/msg/_traffic_light_roi_array.py
[3.319s] -- Up-to-date symlink: /home/mtl12345/autoware/install/autoware_auto_perception_msgs/local/lib/python3.10/dist-packages/autoware_auto_perception_msgs/msg/_traffic_light_roi_array_s.c
[3.319s] -- Up-to-date symlink: /home/mtl12345/autoware/install/autoware_auto_perception_msgs/local/lib/python3.10/dist-packages/autoware_auto_perception_msgs/msg/_traffic_light_roi_s.c
[3.319s] -- Up-to-date symlink: /home/mtl12345/autoware/install/autoware_auto_perception_msgs/local/lib/python3.10/dist-packages/autoware_auto_perception_msgs/msg/_traffic_light_s.c
[3.319s] -- Up-to-date symlink: /home/mtl12345/autoware/install/autoware_auto_perception_msgs/local/lib/python3.10/dist-packages/autoware_auto_perception_msgs/msg/_traffic_signal.py
[3.319s] -- Up-to-date symlink: /home/mtl12345/autoware/install/autoware_auto_perception_msgs/local/lib/python3.10/dist-packages/autoware_auto_perception_msgs/msg/_traffic_signal_array.py
[3.319s] -- Up-to-date symlink: /home/mtl12345/autoware/install/autoware_auto_perception_msgs/local/lib/python3.10/dist-packages/autoware_auto_perception_msgs/msg/_traffic_signal_array_s.c
[3.319s] -- Up-to-date symlink: /home/mtl12345/autoware/install/autoware_auto_perception_msgs/local/lib/python3.10/dist-packages/autoware_auto_perception_msgs/msg/_traffic_signal_s.c
[3.319s] -- Up-to-date symlink: /home/mtl12345/autoware/install/autoware_auto_perception_msgs/local/lib/python3.10/dist-packages/autoware_auto_perception_msgs/msg/_traffic_signal_stamped.py
[3.319s] -- Up-to-date symlink: /home/mtl12345/autoware/install/autoware_auto_perception_msgs/local/lib/python3.10/dist-packages/autoware_auto_perception_msgs/msg/_traffic_signal_stamped_s.c
[3.319s] -- Up-to-date symlink: /home/mtl12345/autoware/install/autoware_auto_perception_msgs/local/lib/python3.10/dist-packages/autoware_auto_perception_msgs/msg/_traffic_signal_with_judge.py
[3.320s] -- Up-to-date symlink: /home/mtl12345/autoware/install/autoware_auto_perception_msgs/local/lib/python3.10/dist-packages/autoware_auto_perception_msgs/msg/_traffic_signal_with_judge_s.c
[3.320s] -- Up-to-date symlink: /home/mtl12345/autoware/install/autoware_auto_perception_msgs/local/lib/python3.10/dist-packages/autoware_auto_perception_msgs/autoware_auto_perception_msgs_s__rosidl_typesupport_fastrtps_c.cpython-310-x86_64-linux-gnu.so
[3.320s] -- Up-to-date symlink: /home/mtl12345/autoware/install/autoware_auto_perception_msgs/local/lib/python3.10/dist-packages/autoware_auto_perception_msgs/autoware_auto_perception_msgs_s__rosidl_typesupport_introspection_c.cpython-310-x86_64-linux-gnu.so
[3.320s] -- Up-to-date symlink: /home/mtl12345/autoware/install/autoware_auto_perception_msgs/local/lib/python3.10/dist-packages/autoware_auto_perception_msgs/autoware_auto_perception_msgs_s__rosidl_typesupport_c.cpython-310-x86_64-linux-gnu.so
[3.320s] -- Up-to-date symlink: /home/mtl12345/autoware/install/autoware_auto_perception_msgs/share/autoware_auto_perception_msgs/msg/BoundingBox.idl
[3.320s] -- Up-to-date symlink: /home/mtl12345/autoware/install/autoware_auto_perception_msgs/share/autoware_auto_perception_msgs/msg/BoundingBoxArray.idl
[3.320s] -- Up-to-date symlink: /home/mtl12345/autoware/install/autoware_auto_perception_msgs/share/autoware_auto_perception_msgs/msg/ClassifiedRoi.idl
[3.320s] -- Up-to-date symlink: /home/mtl12345/autoware/install/autoware_auto_perception_msgs/share/autoware_auto_perception_msgs/msg/ClassifiedRoiArray.idl
[3.320s] -- Up-to-date symlink: /home/mtl12345/autoware/install/autoware_auto_perception_msgs/share/autoware_auto_perception_msgs/msg/DetectedObject.idl
[3.320s] -- Up-to-date symlink: /home/mtl12345/autoware/install/autoware_auto_perception_msgs/share/autoware_auto_perception_msgs/msg/DetectedObjectKinematics.idl
[3.320s] -- Up-to-date symlink: /home/mtl12345/autoware/install/autoware_auto_perception_msgs/share/autoware_auto_perception_msgs/msg/DetectedObjects.idl
[3.320s] -- Up-to-date symlink: /home/mtl12345/autoware/install/autoware_auto_perception_msgs/share/autoware_auto_perception_msgs/msg/LookingTrafficSignal.idl
[3.320s] -- Up-to-date symlink: /home/mtl12345/autoware/install/autoware_auto_perception_msgs/share/autoware_auto_perception_msgs/msg/ObjectClassification.idl
[3.320s] -- Up-to-date symlink: /home/mtl12345/autoware/install/autoware_auto_perception_msgs/share/autoware_auto_perception_msgs/msg/PointClusters.idl
[3.320s] -- Up-to-date symlink: /home/mtl12345/autoware/install/autoware_auto_perception_msgs/share/autoware_auto_perception_msgs/msg/PointXYZIF.idl
[3.321s] -- Up-to-date symlink: /home/mtl12345/autoware/install/autoware_auto_perception_msgs/share/autoware_auto_perception_msgs/msg/PredictedObject.idl
[3.321s] -- Up-to-date symlink: /home/mtl12345/autoware/install/autoware_auto_perception_msgs/share/autoware_auto_perception_msgs/msg/PredictedObjectKinematics.idl
[3.321s] -- Up-to-date symlink: /home/mtl12345/autoware/install/autoware_auto_perception_msgs/share/autoware_auto_perception_msgs/msg/PredictedObjects.idl
[3.321s] -- Up-to-date symlink: /home/mtl12345/autoware/install/autoware_auto_perception_msgs/share/autoware_auto_perception_msgs/msg/PredictedPath.idl
[3.321s] -- Up-to-date symlink: /home/mtl12345/autoware/install/autoware_auto_perception_msgs/share/autoware_auto_perception_msgs/msg/Shape.idl
[3.321s] -- Up-to-date symlink: /home/mtl12345/autoware/install/autoware_auto_perception_msgs/share/autoware_auto_perception_msgs/msg/TrackedObject.idl
[3.321s] -- Up-to-date symlink: /home/mtl12345/autoware/install/autoware_auto_perception_msgs/share/autoware_auto_perception_msgs/msg/TrackedObjectKinematics.idl
[3.321s] -- Up-to-date symlink: /home/mtl12345/autoware/install/autoware_auto_perception_msgs/share/autoware_auto_perception_msgs/msg/TrackedObjects.idl
[3.321s] -- Up-to-date symlink: /home/mtl12345/autoware/install/autoware_auto_perception_msgs/share/autoware_auto_perception_msgs/msg/TrafficLight.idl
[3.321s] -- Up-to-date symlink: /home/mtl12345/autoware/install/autoware_auto_perception_msgs/share/autoware_auto_perception_msgs/msg/TrafficLightRoi.idl
[3.321s] -- Up-to-date symlink: /home/mtl12345/autoware/install/autoware_auto_perception_msgs/share/autoware_auto_perception_msgs/msg/TrafficLightRoiArray.idl
[3.321s] -- Up-to-date symlink: /home/mtl12345/autoware/install/autoware_auto_perception_msgs/share/autoware_auto_perception_msgs/msg/TrafficSignal.idl
[3.321s] -- Up-to-date symlink: /home/mtl12345/autoware/install/autoware_auto_perception_msgs/share/autoware_auto_perception_msgs/msg/TrafficSignalArray.idl
[3.321s] -- Up-to-date symlink: /home/mtl12345/autoware/install/autoware_auto_perception_msgs/share/autoware_auto_perception_msgs/msg/TrafficSignalStamped.idl
[3.322s] -- Up-to-date symlink: /home/mtl12345/autoware/install/autoware_auto_perception_msgs/share/autoware_auto_perception_msgs/msg/TrafficSignalWithJudge.idl
[3.322s] -- Up-to-date symlink: /home/mtl12345/autoware/install/autoware_auto_perception_msgs/share/ament_index/resource_index/package_run_dependencies/autoware_auto_perception_msgs
[3.322s] -- Up-to-date symlink: /home/mtl12345/autoware/install/autoware_auto_perception_msgs/share/ament_index/resource_index/parent_prefix_path/autoware_auto_perception_msgs
[3.322s] -- Up-to-date symlink: /home/mtl12345/autoware/install/autoware_auto_perception_msgs/share/autoware_auto_perception_msgs/environment/ament_prefix_path.sh
[3.322s] -- Up-to-date symlink: /home/mtl12345/autoware/install/autoware_auto_perception_msgs/share/autoware_auto_perception_msgs/environment/ament_prefix_path.dsv
[3.322s] -- Up-to-date symlink: /home/mtl12345/autoware/install/autoware_auto_perception_msgs/share/autoware_auto_perception_msgs/environment/path.sh
[3.322s] -- Up-to-date symlink: /home/mtl12345/autoware/install/autoware_auto_perception_msgs/share/autoware_auto_perception_msgs/environment/path.dsv
[3.322s] -- Up-to-date symlink: /home/mtl12345/autoware/install/autoware_auto_perception_msgs/share/autoware_auto_perception_msgs/local_setup.bash
[3.322s] -- Up-to-date symlink: /home/mtl12345/autoware/install/autoware_auto_perception_msgs/share/autoware_auto_perception_msgs/local_setup.sh
[3.322s] -- Up-to-date symlink: /home/mtl12345/autoware/install/autoware_auto_perception_msgs/share/autoware_auto_perception_msgs/local_setup.zsh
[3.322s] -- Up-to-date symlink: /home/mtl12345/autoware/install/autoware_auto_perception_msgs/share/autoware_auto_perception_msgs/local_setup.dsv
[3.322s] -- Symlinking: /home/mtl12345/autoware/install/autoware_auto_perception_msgs/share/autoware_auto_perception_msgs/package.dsv
[3.324s] -- Up-to-date symlink: /home/mtl12345/autoware/install/autoware_auto_perception_msgs/share/ament_index/resource_index/packages/autoware_auto_perception_msgs
[3.324s] -- Up-to-date symlink: /home/mtl12345/autoware/install/autoware_auto_perception_msgs/share/autoware_auto_perception_msgs/cmake/rosidl_cmake-extras.cmake
[3.324s] -- Up-to-date symlink: /home/mtl12345/autoware/install/autoware_auto_perception_msgs/share/autoware_auto_perception_msgs/cmake/ament_cmake_export_dependencies-extras.cmake
[3.324s] -- Up-to-date symlink: /home/mtl12345/autoware/install/autoware_auto_perception_msgs/share/autoware_auto_perception_msgs/cmake/ament_cmake_export_include_directories-extras.cmake
[3.325s] -- Up-to-date symlink: /home/mtl12345/autoware/install/autoware_auto_perception_msgs/share/autoware_auto_perception_msgs/cmake/ament_cmake_export_libraries-extras.cmake
[3.325s] -- Up-to-date symlink: /home/mtl12345/autoware/install/autoware_auto_perception_msgs/share/autoware_auto_perception_msgs/cmake/ament_cmake_export_targets-extras.cmake
[3.325s] -- Up-to-date symlink: /home/mtl12345/autoware/install/autoware_auto_perception_msgs/share/autoware_auto_perception_msgs/cmake/rosidl_cmake_export_typesupport_targets-extras.cmake
[3.325s] -- Up-to-date symlink: /home/mtl12345/autoware/install/autoware_auto_perception_msgs/share/autoware_auto_perception_msgs/cmake/rosidl_cmake_export_typesupport_libraries-extras.cmake
[3.325s] -- Up-to-date symlink: /home/mtl12345/autoware/install/autoware_auto_perception_msgs/share/autoware_auto_perception_msgs/cmake/autoware_auto_perception_msgsConfig.cmake
[3.325s] -- Up-to-date symlink: /home/mtl12345/autoware/install/autoware_auto_perception_msgs/share/autoware_auto_perception_msgs/cmake/autoware_auto_perception_msgsConfig-version.cmake
[3.326s] -- Up-to-date symlink: /home/mtl12345/autoware/install/autoware_auto_perception_msgs/share/autoware_auto_perception_msgs/package.xml
[3.326s] -- Up-to-date: /home/mtl12345/autoware/install/autoware_auto_perception_msgs/lib/libautoware_auto_perception_msgs__rosidl_generator_c.so
[3.326s] -- Up-to-date: /home/mtl12345/autoware/install/autoware_auto_perception_msgs/lib/libautoware_auto_perception_msgs__rosidl_typesupport_fastrtps_c.so
[3.326s] -- Up-to-date: /home/mtl12345/autoware/install/autoware_auto_perception_msgs/lib/libautoware_auto_perception_msgs__rosidl_typesupport_introspection_c.so
[3.326s] -- Up-to-date: /home/mtl12345/autoware/install/autoware_auto_perception_msgs/lib/libautoware_auto_perception_msgs__rosidl_typesupport_c.so
[3.326s] -- Up-to-date: /home/mtl12345/autoware/install/autoware_auto_perception_msgs/lib/libautoware_auto_perception_msgs__rosidl_typesupport_fastrtps_cpp.so
[3.326s] -- Up-to-date: /home/mtl12345/autoware/install/autoware_auto_perception_msgs/lib/libautoware_auto_perception_msgs__rosidl_typesupport_introspection_cpp.so
[3.326s] -- Up-to-date: /home/mtl12345/autoware/install/autoware_auto_perception_msgs/lib/libautoware_auto_perception_msgs__rosidl_typesupport_cpp.so
[3.349s] Listing '/home/mtl12345/autoware/install/autoware_auto_perception_msgs/local/lib/python3.10/dist-packages/autoware_auto_perception_msgs'...
[3.349s] Listing '/home/mtl12345/autoware/install/autoware_auto_perception_msgs/local/lib/python3.10/dist-packages/autoware_auto_perception_msgs/msg'...
[3.355s] -- Up-to-date: /home/mtl12345/autoware/install/autoware_auto_perception_msgs/lib/libautoware_auto_perception_msgs__rosidl_generator_py.so
[3.355s] -- Up-to-date: /home/mtl12345/autoware/install/autoware_auto_perception_msgs/share/autoware_auto_perception_msgs/cmake/export_autoware_auto_perception_msgs__rosidl_generator_cExport.cmake
[3.355s] -- Up-to-date: /home/mtl12345/autoware/install/autoware_auto_perception_msgs/share/autoware_auto_perception_msgs/cmake/export_autoware_auto_perception_msgs__rosidl_generator_cExport-release.cmake
[3.355s] -- Up-to-date: /home/mtl12345/autoware/install/autoware_auto_perception_msgs/share/autoware_auto_perception_msgs/cmake/export_autoware_auto_perception_msgs__rosidl_typesupport_fastrtps_cExport.cmake
[3.355s] -- Up-to-date: /home/mtl12345/autoware/install/autoware_auto_perception_msgs/share/autoware_auto_perception_msgs/cmake/export_autoware_auto_perception_msgs__rosidl_typesupport_fastrtps_cExport-release.cmake
[3.355s] -- Up-to-date: /home/mtl12345/autoware/install/autoware_auto_perception_msgs/share/autoware_auto_perception_msgs/cmake/autoware_auto_perception_msgs__rosidl_typesupport_introspection_cExport.cmake
[3.356s] -- Up-to-date: /home/mtl12345/autoware/install/autoware_auto_perception_msgs/share/autoware_auto_perception_msgs/cmake/autoware_auto_perception_msgs__rosidl_typesupport_introspection_cExport-release.cmake
[3.356s] -- Up-to-date: /home/mtl12345/autoware/install/autoware_auto_perception_msgs/share/autoware_auto_perception_msgs/cmake/autoware_auto_perception_msgs__rosidl_typesupport_cExport.cmake
[3.356s] -- Up-to-date: /home/mtl12345/autoware/install/autoware_auto_perception_msgs/share/autoware_auto_perception_msgs/cmake/autoware_auto_perception_msgs__rosidl_typesupport_cExport-release.cmake
[3.356s] -- Up-to-date: /home/mtl12345/autoware/install/autoware_auto_perception_msgs/share/autoware_auto_perception_msgs/cmake/export_autoware_auto_perception_msgs__rosidl_generator_cppExport.cmake
[3.356s] -- Up-to-date: /home/mtl12345/autoware/install/autoware_auto_perception_msgs/share/autoware_auto_perception_msgs/cmake/export_autoware_auto_perception_msgs__rosidl_typesupport_fastrtps_cppExport.cmake
[3.356s] -- Up-to-date: /home/mtl12345/autoware/install/autoware_auto_perception_msgs/share/autoware_auto_perception_msgs/cmake/export_autoware_auto_perception_msgs__rosidl_typesupport_fastrtps_cppExport-release.cmake
[3.356s] -- Up-to-date: /home/mtl12345/autoware/install/autoware_auto_perception_msgs/share/autoware_auto_perception_msgs/cmake/autoware_auto_perception_msgs__rosidl_typesupport_introspection_cppExport.cmake
[3.356s] -- Up-to-date: /home/mtl12345/autoware/install/autoware_auto_perception_msgs/share/autoware_auto_perception_msgs/cmake/autoware_auto_perception_msgs__rosidl_typesupport_introspection_cppExport-release.cmake
[3.356s] -- Up-to-date: /home/mtl12345/autoware/install/autoware_auto_perception_msgs/share/autoware_auto_perception_msgs/cmake/autoware_auto_perception_msgs__rosidl_typesupport_cppExport.cmake
[3.356s] -- Up-to-date: /home/mtl12345/autoware/install/autoware_auto_perception_msgs/share/autoware_auto_perception_msgs/cmake/autoware_auto_perception_msgs__rosidl_typesupport_cppExport-release.cmake
[3.357s] -- Up-to-date: /home/mtl12345/autoware/install/autoware_auto_perception_msgs/share/autoware_auto_perception_msgs/cmake/export_autoware_auto_perception_msgs__rosidl_generator_pyExport.cmake
[3.357s] -- Up-to-date: /home/mtl12345/autoware/install/autoware_auto_perception_msgs/share/autoware_auto_perception_msgs/cmake/export_autoware_auto_perception_msgs__rosidl_generator_pyExport-release.cmake
[3.506s] Invoked command in '/home/mtl12345/autoware/build/autoware_auto_perception_msgs' returned '0': AMENT_PREFIX_PATH=/home/mtl12345/autoware/install/autoware_auto_geometry_msgs:${AMENT_PREFIX_PATH} CMAKE_PREFIX_PATH=/home/mtl12345/autoware/install/autoware_auto_geometry_msgs:/opt/ros/humble LD_LIBRARY_PATH=/home/mtl12345/autoware/install/autoware_auto_geometry_msgs/lib:${LD_LIBRARY_PATH} PYTHONPATH=/home/mtl12345/autoware/install/autoware_auto_geometry_msgs/local/lib/python3.10/dist-packages:${PYTHONPATH} /usr/bin/cmake --install /home/mtl12345/autoware/build/autoware_auto_perception_msgs
