[0.170s] Invoking command in '/home/mtl12345/autoware/build/planning_debug_tools': AMENT_PREFIX_PATH=/home/mtl12345/autoware/install/motion_utils:/home/mtl12345/autoware/install/interpolation:/home/mtl12345/autoware/install/tier4_autoware_utils:/home/mtl12345/autoware/install/autoware_auto_vehicle_msgs:/home/mtl12345/autoware/install/autoware_cmake:/home/mtl12345/autoware/install/autoware_auto_planning_msgs:/home/mtl12345/autoware/install/autoware_auto_perception_msgs:/home/mtl12345/autoware/install/tier4_planning_msgs:/home/mtl12345/autoware/install/tier4_debug_msgs:/home/mtl12345/autoware/install/autoware_lint_common:/home/mtl12345/autoware/install/autoware_auto_mapping_msgs:/home/mtl12345/autoware/install/autoware_auto_geometry_msgs:${AMENT_PREFIX_PATH} CMAKE_PREFIX_PATH=/home/mtl12345/autoware/install/motion_utils:/home/mtl12345/autoware/install/interpolation:/home/mtl12345/autoware/install/tier4_autoware_utils:/home/mtl12345/autoware/install/autoware_auto_vehicle_msgs:/home/mtl12345/autoware/install/autoware_cmake:/home/mtl12345/autoware/install/autoware_auto_planning_msgs:/home/mtl12345/autoware/install/autoware_auto_perception_msgs:/home/mtl12345/autoware/install/tier4_planning_msgs:/home/mtl12345/autoware/install/tier4_debug_msgs:/home/mtl12345/autoware/install/autoware_lint_common:/home/mtl12345/autoware/install/autoware_auto_mapping_msgs:/home/mtl12345/autoware/install/autoware_auto_geometry_msgs:/opt/ros/humble LD_LIBRARY_PATH=/home/mtl12345/autoware/install/motion_utils/lib:/home/mtl12345/autoware/install/interpolation/lib:/home/mtl12345/autoware/install/tier4_autoware_utils/lib:/home/mtl12345/autoware/install/autoware_auto_vehicle_msgs/lib:/home/mtl12345/autoware/install/autoware_auto_planning_msgs/lib:/home/mtl12345/autoware/install/autoware_auto_perception_msgs/lib:/home/mtl12345/autoware/install/tier4_planning_msgs/lib:/home/mtl12345/autoware/install/tier4_debug_msgs/lib:/home/mtl12345/autoware/install/autoware_auto_mapping_msgs/lib:/home/mtl12345/autoware/install/autoware_auto_geometry_msgs/lib:${LD_LIBRARY_PATH} PYTHONPATH=/home/mtl12345/autoware/install/autoware_auto_vehicle_msgs/local/lib/python3.10/dist-packages:/home/mtl12345/autoware/install/autoware_auto_planning_msgs/local/lib/python3.10/dist-packages:/home/mtl12345/autoware/install/autoware_auto_perception_msgs/local/lib/python3.10/dist-packages:/home/mtl12345/autoware/install/tier4_planning_msgs/local/lib/python3.10/dist-packages:/home/mtl12345/autoware/install/tier4_debug_msgs/local/lib/python3.10/dist-packages:/home/mtl12345/autoware/install/autoware_auto_mapping_msgs/local/lib/python3.10/dist-packages:/home/mtl12345/autoware/install/autoware_auto_geometry_msgs/local/lib/python3.10/dist-packages:${PYTHONPATH} /usr/bin/cmake /home/mtl12345/autoware/src/universe/autoware.universe/planning/planning_debug_tools -DCMAKE_BUILD_TYPE=Release -DAMENT_CMAKE_SYMLINK_INSTALL=1 -DCMAKE_INSTALL_PREFIX=/home/mtl12345/autoware/install/planning_debug_tools
[11.378s] -- Found autoware_cmake: 0.1.0 (/home/mtl12345/autoware/install/autoware_cmake/share/autoware_cmake/cmake)
[11.378s] -- Override CMake install command with custom implementation using symlinks instead of copying resources
[11.378s] -- Using all available rosidl_typesupport_c: rosidl_typesupport_fastrtps_c;rosidl_typesupport_introspection_c
[11.378s] -- Found rosidl_adapter: 3.1.5 (/opt/ros/humble/share/rosidl_adapter/cmake)
[11.378s] -- Using all available rosidl_typesupport_cpp: rosidl_typesupport_fastrtps_cpp;rosidl_typesupport_introspection_cpp
[11.378s] -- Found rmw_implementation_cmake: 6.1.1 (/opt/ros/humble/share/rmw_implementation_cmake/cmake)
[11.378s] -- Found rmw_cyclonedds_cpp: 1.3.4 (/opt/ros/humble/share/rmw_cyclonedds_cpp/cmake)
[11.378s] -- Using RMW implementation 'rmw_cyclonedds_cpp' as default
[11.379s] -- Found eigen3_cmake_module: 0.1.1 (/opt/ros/humble/share/eigen3_cmake_module/cmake)
[11.379s] -- Ensuring Eigen3 include directory is part of orocos-kdl CMake target
[11.379s] -- Eigen found (include: /usr/include/eigen3, version: 3.4.0)
[11.379s] -- FLANN found (include: /usr/include, lib: /usr/lib/x86_64-linux-gnu/libflann_cpp.so)
[11.379s] -- OpenNI found (version: 1.5.4.0, include: /usr/include/ni, lib: /usr/lib/libOpenNI.so;libusb::libusb)
[11.379s] -- OpenNI2 found (version: 2.2.0.33, include: /usr/include/openni2, lib: /usr/lib/x86_64-linux-gnu/libOpenNI2.so;libusb::libusb)
[11.379s] -- Eigen found (include: /usr/include/eigen3, version: 3.4.0)
[11.379s] -- OpenNI found (version: 1.5.4.0, include: /usr/include/ni, lib: /usr/lib/libOpenNI.so;libusb::libusb)
[11.379s] -- OpenNI2 found (version: 2.2.0.33, include: /usr/include/openni2, lib: /usr/lib/x86_64-linux-gnu/libOpenNI2.so;libusb::libusb)
[11.379s] -- Found Qhull version 8.0.2
[11.380s] -- OpenNI found (version: 1.5.4.0, include: /usr/include/ni, lib: /usr/lib/libOpenNI.so;libusb::libusb)
[11.380s] -- Found ament_lint_auto: 0.12.8 (/opt/ros/humble/share/ament_lint_auto/cmake)
[11.380s] -- Found ament_cmake_ros: 0.10.0 (/opt/ros/humble/share/ament_cmake_ros/cmake)
[11.380s] -- Using all available rosidl_typesupport_c: rosidl_typesupport_fastrtps_c;rosidl_typesupport_introspection_c
[11.380s] -- Using all available rosidl_typesupport_cpp: rosidl_typesupport_fastrtps_cpp;rosidl_typesupport_introspection_cpp
[11.380s] -- Found python_cmake_module: 0.10.0 (/opt/ros/humble/share/python_cmake_module/cmake)
[11.380s] -- Using PYTHON_EXECUTABLE: /usr/bin/python3
[11.380s] -- Using PYTHON_INCLUDE_DIRS: /usr/include/python3.10
[11.380s] -- Using PYTHON_LIBRARIES: /usr/lib/x86_64-linux-gnu/libpython3.10.so
[29.898s] -- Added test 'copyright' to check source files copyright and LICENSE
[29.901s] -- Added test 'cppcheck' to perform static code analysis on C / C++ code
[29.904s] -- Configured cppcheck include dirs: /home/mtl12345/autoware/src/universe/autoware.universe/planning/planning_debug_tools/include
[29.904s] -- Configured cppcheck exclude dirs and/or files: 
[29.905s] -- Added test 'lint_cmake' to check CMake code style
[29.905s] -- Added test 'xmllint' to check XML markup files
[29.916s] -- Configuring done
[30.195s] -- Generating done
[30.204s] -- Build files have been written to: /home/mtl12345/autoware/build/planning_debug_tools
[30.244s] Invoked command in '/home/mtl12345/autoware/build/planning_debug_tools' returned '0': AMENT_PREFIX_PATH=/home/mtl12345/autoware/install/motion_utils:/home/mtl12345/autoware/install/interpolation:/home/mtl12345/autoware/install/tier4_autoware_utils:/home/mtl12345/autoware/install/autoware_auto_vehicle_msgs:/home/mtl12345/autoware/install/autoware_cmake:/home/mtl12345/autoware/install/autoware_auto_planning_msgs:/home/mtl12345/autoware/install/autoware_auto_perception_msgs:/home/mtl12345/autoware/install/tier4_planning_msgs:/home/mtl12345/autoware/install/tier4_debug_msgs:/home/mtl12345/autoware/install/autoware_lint_common:/home/mtl12345/autoware/install/autoware_auto_mapping_msgs:/home/mtl12345/autoware/install/autoware_auto_geometry_msgs:${AMENT_PREFIX_PATH} CMAKE_PREFIX_PATH=/home/mtl12345/autoware/install/motion_utils:/home/mtl12345/autoware/install/interpolation:/home/mtl12345/autoware/install/tier4_autoware_utils:/home/mtl12345/autoware/install/autoware_auto_vehicle_msgs:/home/mtl12345/autoware/install/autoware_cmake:/home/mtl12345/autoware/install/autoware_auto_planning_msgs:/home/mtl12345/autoware/install/autoware_auto_perception_msgs:/home/mtl12345/autoware/install/tier4_planning_msgs:/home/mtl12345/autoware/install/tier4_debug_msgs:/home/mtl12345/autoware/install/autoware_lint_common:/home/mtl12345/autoware/install/autoware_auto_mapping_msgs:/home/mtl12345/autoware/install/autoware_auto_geometry_msgs:/opt/ros/humble LD_LIBRARY_PATH=/home/mtl12345/autoware/install/motion_utils/lib:/home/mtl12345/autoware/install/interpolation/lib:/home/mtl12345/autoware/install/tier4_autoware_utils/lib:/home/mtl12345/autoware/install/autoware_auto_vehicle_msgs/lib:/home/mtl12345/autoware/install/autoware_auto_planning_msgs/lib:/home/mtl12345/autoware/install/autoware_auto_perception_msgs/lib:/home/mtl12345/autoware/install/tier4_planning_msgs/lib:/home/mtl12345/autoware/install/tier4_debug_msgs/lib:/home/mtl12345/autoware/install/autoware_auto_mapping_msgs/lib:/home/mtl12345/autoware/install/autoware_auto_geometry_msgs/lib:${LD_LIBRARY_PATH} PYTHONPATH=/home/mtl12345/autoware/install/autoware_auto_vehicle_msgs/local/lib/python3.10/dist-packages:/home/mtl12345/autoware/install/autoware_auto_planning_msgs/local/lib/python3.10/dist-packages:/home/mtl12345/autoware/install/autoware_auto_perception_msgs/local/lib/python3.10/dist-packages:/home/mtl12345/autoware/install/tier4_planning_msgs/local/lib/python3.10/dist-packages:/home/mtl12345/autoware/install/tier4_debug_msgs/local/lib/python3.10/dist-packages:/home/mtl12345/autoware/install/autoware_auto_mapping_msgs/local/lib/python3.10/dist-packages:/home/mtl12345/autoware/install/autoware_auto_geometry_msgs/local/lib/python3.10/dist-packages:${PYTHONPATH} /usr/bin/cmake /home/mtl12345/autoware/src/universe/autoware.universe/planning/planning_debug_tools -DCMAKE_BUILD_TYPE=Release -DAMENT_CMAKE_SYMLINK_INSTALL=1 -DCMAKE_INSTALL_PREFIX=/home/mtl12345/autoware/install/planning_debug_tools
[30.285s] Invoking command in '/home/mtl12345/autoware/build/planning_debug_tools': AMENT_PREFIX_PATH=/home/mtl12345/autoware/install/motion_utils:/home/mtl12345/autoware/install/interpolation:/home/mtl12345/autoware/install/tier4_autoware_utils:/home/mtl12345/autoware/install/autoware_auto_vehicle_msgs:/home/mtl12345/autoware/install/autoware_cmake:/home/mtl12345/autoware/install/autoware_auto_planning_msgs:/home/mtl12345/autoware/install/autoware_auto_perception_msgs:/home/mtl12345/autoware/install/tier4_planning_msgs:/home/mtl12345/autoware/install/tier4_debug_msgs:/home/mtl12345/autoware/install/autoware_lint_common:/home/mtl12345/autoware/install/autoware_auto_mapping_msgs:/home/mtl12345/autoware/install/autoware_auto_geometry_msgs:${AMENT_PREFIX_PATH} CMAKE_PREFIX_PATH=/home/mtl12345/autoware/install/motion_utils:/home/mtl12345/autoware/install/interpolation:/home/mtl12345/autoware/install/tier4_autoware_utils:/home/mtl12345/autoware/install/autoware_auto_vehicle_msgs:/home/mtl12345/autoware/install/autoware_cmake:/home/mtl12345/autoware/install/autoware_auto_planning_msgs:/home/mtl12345/autoware/install/autoware_auto_perception_msgs:/home/mtl12345/autoware/install/tier4_planning_msgs:/home/mtl12345/autoware/install/tier4_debug_msgs:/home/mtl12345/autoware/install/autoware_lint_common:/home/mtl12345/autoware/install/autoware_auto_mapping_msgs:/home/mtl12345/autoware/install/autoware_auto_geometry_msgs:/opt/ros/humble LD_LIBRARY_PATH=/home/mtl12345/autoware/install/motion_utils/lib:/home/mtl12345/autoware/install/interpolation/lib:/home/mtl12345/autoware/install/tier4_autoware_utils/lib:/home/mtl12345/autoware/install/autoware_auto_vehicle_msgs/lib:/home/mtl12345/autoware/install/autoware_auto_planning_msgs/lib:/home/mtl12345/autoware/install/autoware_auto_perception_msgs/lib:/home/mtl12345/autoware/install/tier4_planning_msgs/lib:/home/mtl12345/autoware/install/tier4_debug_msgs/lib:/home/mtl12345/autoware/install/autoware_auto_mapping_msgs/lib:/home/mtl12345/autoware/install/autoware_auto_geometry_msgs/lib:${LD_LIBRARY_PATH} PYTHONPATH=/home/mtl12345/autoware/install/autoware_auto_vehicle_msgs/local/lib/python3.10/dist-packages:/home/mtl12345/autoware/install/autoware_auto_planning_msgs/local/lib/python3.10/dist-packages:/home/mtl12345/autoware/install/autoware_auto_perception_msgs/local/lib/python3.10/dist-packages:/home/mtl12345/autoware/install/tier4_planning_msgs/local/lib/python3.10/dist-packages:/home/mtl12345/autoware/install/tier4_debug_msgs/local/lib/python3.10/dist-packages:/home/mtl12345/autoware/install/autoware_auto_mapping_msgs/local/lib/python3.10/dist-packages:/home/mtl12345/autoware/install/autoware_auto_geometry_msgs/local/lib/python3.10/dist-packages:${PYTHONPATH} /usr/bin/cmake --build /home/mtl12345/autoware/build/planning_debug_tools -- -j12 -l12
[30.879s] [35m[1mConsolidate compiler generated dependencies of target trajectory_analyzer_exe[0m
[30.879s] [35m[1mConsolidate compiler generated dependencies of target stop_reason_visualizer_exe[0m
[30.879s] [35m[1mConsolidate compiler generated dependencies of target planning_debug_tools__rosidl_generator_c[0m
[30.880s] [  7%] Built target planning_debug_tools__cpp
[30.880s] [  5%] Built target trajectory_analyzer_exe
[30.880s] [ 12%] Built target stop_reason_visualizer_exe
[30.880s] [ 20%] Built target planning_debug_tools__rosidl_generator_c
[30.880s] [ 20%] Built target ament_cmake_python_symlink_planning_debug_tools
[30.881s] [35m[1mConsolidate compiler generated dependencies of target planning_debug_tools__rosidl_typesupport_introspection_cpp[0m
[30.881s] [35m[1mConsolidate compiler generated dependencies of target planning_debug_tools__rosidl_typesupport_cpp[0m
[30.881s] [35m[1mConsolidate compiler generated dependencies of target planning_debug_tools__rosidl_typesupport_fastrtps_cpp[0m
[30.881s] [35m[1mConsolidate compiler generated dependencies of target planning_debug_tools__rosidl_typesupport_c[0m
[30.881s] [35m[1mConsolidate compiler generated dependencies of target planning_debug_tools__rosidl_typesupport_introspection_c[0m
[30.882s] [35m[1mConsolidate compiler generated dependencies of target planning_debug_tools__rosidl_typesupport_fastrtps_c[0m
[30.882s] [ 28%] Built target planning_debug_tools__rosidl_typesupport_cpp
[30.882s] [ 35%] Built target planning_debug_tools__rosidl_typesupport_introspection_cpp
[30.882s] [ 43%] Built target planning_debug_tools__rosidl_typesupport_fastrtps_cpp
[30.882s] [ 51%] Built target planning_debug_tools__rosidl_typesupport_introspection_c
[30.882s] [ 58%] Built target planning_debug_tools__rosidl_typesupport_c
[30.882s] [35m[1mConsolidate compiler generated dependencies of target trajectory_analyzer_node[0m
[30.882s] [ 66%] Built target planning_debug_tools__rosidl_typesupport_fastrtps_c
[30.883s] [ 66%] Built target planning_debug_tools
[30.883s] [ 71%] Built target trajectory_analyzer_node
[30.883s] [35m[1mConsolidate compiler generated dependencies of target stop_reason_visualizer_node[0m
[30.883s] [ 74%] Built target planning_debug_tools__py
[30.884s] [35m[1mConsolidate compiler generated dependencies of target planning_debug_tools__rosidl_generator_py[0m
[30.884s] [ 79%] Built target stop_reason_visualizer_node
[30.884s] [ 84%] Built target planning_debug_tools__rosidl_generator_py
[30.884s] [35m[1mConsolidate compiler generated dependencies of target planning_debug_tools__rosidl_typesupport_fastrtps_c__pyext[0m
[30.884s] [35m[1mConsolidate compiler generated dependencies of target planning_debug_tools__rosidl_typesupport_introspection_c__pyext[0m
[30.885s] [35m[1mConsolidate compiler generated dependencies of target planning_debug_tools__rosidl_typesupport_c__pyext[0m
[30.885s] [ 89%] Built target planning_debug_tools__rosidl_typesupport_fastrtps_c__pyext
[30.885s] [ 94%] Built target planning_debug_tools__rosidl_typesupport_c__pyext
[30.885s] [100%] Built target planning_debug_tools__rosidl_typesupport_introspection_c__pyext
[30.946s] running egg_info
[30.949s] writing planning_debug_tools.egg-info/PKG-INFO
[30.949s] writing dependency_links to planning_debug_tools.egg-info/dependency_links.txt
[30.949s] writing top-level names to planning_debug_tools.egg-info/top_level.txt
[30.953s] reading manifest file 'planning_debug_tools.egg-info/SOURCES.txt'
[30.954s] writing manifest file 'planning_debug_tools.egg-info/SOURCES.txt'
[31.009s] [100%] Built target ament_cmake_python_build_planning_debug_tools_egg
[31.244s] Invoked command in '/home/mtl12345/autoware/build/planning_debug_tools' returned '0': AMENT_PREFIX_PATH=/home/mtl12345/autoware/install/motion_utils:/home/mtl12345/autoware/install/interpolation:/home/mtl12345/autoware/install/tier4_autoware_utils:/home/mtl12345/autoware/install/autoware_auto_vehicle_msgs:/home/mtl12345/autoware/install/autoware_cmake:/home/mtl12345/autoware/install/autoware_auto_planning_msgs:/home/mtl12345/autoware/install/autoware_auto_perception_msgs:/home/mtl12345/autoware/install/tier4_planning_msgs:/home/mtl12345/autoware/install/tier4_debug_msgs:/home/mtl12345/autoware/install/autoware_lint_common:/home/mtl12345/autoware/install/autoware_auto_mapping_msgs:/home/mtl12345/autoware/install/autoware_auto_geometry_msgs:${AMENT_PREFIX_PATH} CMAKE_PREFIX_PATH=/home/mtl12345/autoware/install/motion_utils:/home/mtl12345/autoware/install/interpolation:/home/mtl12345/autoware/install/tier4_autoware_utils:/home/mtl12345/autoware/install/autoware_auto_vehicle_msgs:/home/mtl12345/autoware/install/autoware_cmake:/home/mtl12345/autoware/install/autoware_auto_planning_msgs:/home/mtl12345/autoware/install/autoware_auto_perception_msgs:/home/mtl12345/autoware/install/tier4_planning_msgs:/home/mtl12345/autoware/install/tier4_debug_msgs:/home/mtl12345/autoware/install/autoware_lint_common:/home/mtl12345/autoware/install/autoware_auto_mapping_msgs:/home/mtl12345/autoware/install/autoware_auto_geometry_msgs:/opt/ros/humble LD_LIBRARY_PATH=/home/mtl12345/autoware/install/motion_utils/lib:/home/mtl12345/autoware/install/interpolation/lib:/home/mtl12345/autoware/install/tier4_autoware_utils/lib:/home/mtl12345/autoware/install/autoware_auto_vehicle_msgs/lib:/home/mtl12345/autoware/install/autoware_auto_planning_msgs/lib:/home/mtl12345/autoware/install/autoware_auto_perception_msgs/lib:/home/mtl12345/autoware/install/tier4_planning_msgs/lib:/home/mtl12345/autoware/install/tier4_debug_msgs/lib:/home/mtl12345/autoware/install/autoware_auto_mapping_msgs/lib:/home/mtl12345/autoware/install/autoware_auto_geometry_msgs/lib:${LD_LIBRARY_PATH} PYTHONPATH=/home/mtl12345/autoware/install/autoware_auto_vehicle_msgs/local/lib/python3.10/dist-packages:/home/mtl12345/autoware/install/autoware_auto_planning_msgs/local/lib/python3.10/dist-packages:/home/mtl12345/autoware/install/autoware_auto_perception_msgs/local/lib/python3.10/dist-packages:/home/mtl12345/autoware/install/tier4_planning_msgs/local/lib/python3.10/dist-packages:/home/mtl12345/autoware/install/tier4_debug_msgs/local/lib/python3.10/dist-packages:/home/mtl12345/autoware/install/autoware_auto_mapping_msgs/local/lib/python3.10/dist-packages:/home/mtl12345/autoware/install/autoware_auto_geometry_msgs/local/lib/python3.10/dist-packages:${PYTHONPATH} /usr/bin/cmake --build /home/mtl12345/autoware/build/planning_debug_tools -- -j12 -l12
[31.369s] Invoking command in '/home/mtl12345/autoware/build/planning_debug_tools': AMENT_PREFIX_PATH=/home/mtl12345/autoware/install/motion_utils:/home/mtl12345/autoware/install/interpolation:/home/mtl12345/autoware/install/tier4_autoware_utils:/home/mtl12345/autoware/install/autoware_auto_vehicle_msgs:/home/mtl12345/autoware/install/autoware_cmake:/home/mtl12345/autoware/install/autoware_auto_planning_msgs:/home/mtl12345/autoware/install/autoware_auto_perception_msgs:/home/mtl12345/autoware/install/tier4_planning_msgs:/home/mtl12345/autoware/install/tier4_debug_msgs:/home/mtl12345/autoware/install/autoware_lint_common:/home/mtl12345/autoware/install/autoware_auto_mapping_msgs:/home/mtl12345/autoware/install/autoware_auto_geometry_msgs:${AMENT_PREFIX_PATH} CMAKE_PREFIX_PATH=/home/mtl12345/autoware/install/motion_utils:/home/mtl12345/autoware/install/interpolation:/home/mtl12345/autoware/install/tier4_autoware_utils:/home/mtl12345/autoware/install/autoware_auto_vehicle_msgs:/home/mtl12345/autoware/install/autoware_cmake:/home/mtl12345/autoware/install/autoware_auto_planning_msgs:/home/mtl12345/autoware/install/autoware_auto_perception_msgs:/home/mtl12345/autoware/install/tier4_planning_msgs:/home/mtl12345/autoware/install/tier4_debug_msgs:/home/mtl12345/autoware/install/autoware_lint_common:/home/mtl12345/autoware/install/autoware_auto_mapping_msgs:/home/mtl12345/autoware/install/autoware_auto_geometry_msgs:/opt/ros/humble LD_LIBRARY_PATH=/home/mtl12345/autoware/install/motion_utils/lib:/home/mtl12345/autoware/install/interpolation/lib:/home/mtl12345/autoware/install/tier4_autoware_utils/lib:/home/mtl12345/autoware/install/autoware_auto_vehicle_msgs/lib:/home/mtl12345/autoware/install/autoware_auto_planning_msgs/lib:/home/mtl12345/autoware/install/autoware_auto_perception_msgs/lib:/home/mtl12345/autoware/install/tier4_planning_msgs/lib:/home/mtl12345/autoware/install/tier4_debug_msgs/lib:/home/mtl12345/autoware/install/autoware_auto_mapping_msgs/lib:/home/mtl12345/autoware/install/autoware_auto_geometry_msgs/lib:${LD_LIBRARY_PATH} PYTHONPATH=/home/mtl12345/autoware/install/autoware_auto_vehicle_msgs/local/lib/python3.10/dist-packages:/home/mtl12345/autoware/install/autoware_auto_planning_msgs/local/lib/python3.10/dist-packages:/home/mtl12345/autoware/install/autoware_auto_perception_msgs/local/lib/python3.10/dist-packages:/home/mtl12345/autoware/install/tier4_planning_msgs/local/lib/python3.10/dist-packages:/home/mtl12345/autoware/install/tier4_debug_msgs/local/lib/python3.10/dist-packages:/home/mtl12345/autoware/install/autoware_auto_mapping_msgs/local/lib/python3.10/dist-packages:/home/mtl12345/autoware/install/autoware_auto_geometry_msgs/local/lib/python3.10/dist-packages:${PYTHONPATH} /usr/bin/cmake --install /home/mtl12345/autoware/build/planning_debug_tools
[34.216s] -- Install configuration: "Release"
[34.218s] -- Execute custom install script
[34.219s] -- Up-to-date symlink: /home/mtl12345/autoware/install/planning_debug_tools/share/ament_index/resource_index/rosidl_interfaces/planning_debug_tools
[34.220s] -- Up-to-date symlink: /home/mtl12345/autoware/install/planning_debug_tools/include/planning_debug_tools/planning_debug_tools/msg/detail/trajectory_debug_info__functions.h
[34.220s] -- Up-to-date symlink: /home/mtl12345/autoware/install/planning_debug_tools/include/planning_debug_tools/planning_debug_tools/msg/detail/trajectory_debug_info__struct.h
[34.220s] -- Up-to-date symlink: /home/mtl12345/autoware/install/planning_debug_tools/include/planning_debug_tools/planning_debug_tools/msg/detail/trajectory_debug_info__type_support.h
[34.220s] -- Up-to-date symlink: /home/mtl12345/autoware/install/planning_debug_tools/include/planning_debug_tools/planning_debug_tools/msg/rosidl_generator_c__visibility_control.h
[34.220s] -- Up-to-date symlink: /home/mtl12345/autoware/install/planning_debug_tools/include/planning_debug_tools/planning_debug_tools/msg/trajectory_debug_info.h
[34.220s] -- Up-to-date symlink: /home/mtl12345/autoware/install/planning_debug_tools/share/planning_debug_tools/environment/library_path.sh
[34.220s] -- Up-to-date symlink: /home/mtl12345/autoware/install/planning_debug_tools/share/planning_debug_tools/environment/library_path.dsv
[34.221s] -- Up-to-date symlink: /home/mtl12345/autoware/install/planning_debug_tools/include/planning_debug_tools/planning_debug_tools/msg/detail/trajectory_debug_info__rosidl_typesupport_fastrtps_c.h
[34.221s] -- Up-to-date symlink: /home/mtl12345/autoware/install/planning_debug_tools/include/planning_debug_tools/planning_debug_tools/msg/rosidl_typesupport_fastrtps_c__visibility_control.h
[34.221s] -- Up-to-date symlink: /home/mtl12345/autoware/install/planning_debug_tools/include/planning_debug_tools/planning_debug_tools/msg/detail/trajectory_debug_info__rosidl_typesupport_introspection_c.h
[34.221s] -- Up-to-date symlink: /home/mtl12345/autoware/install/planning_debug_tools/include/planning_debug_tools/planning_debug_tools/msg/rosidl_typesupport_introspection_c__visibility_control.h
[34.221s] -- Up-to-date symlink: /home/mtl12345/autoware/install/planning_debug_tools/include/planning_debug_tools/planning_debug_tools/msg/detail/trajectory_debug_info__builder.hpp
[34.221s] -- Up-to-date symlink: /home/mtl12345/autoware/install/planning_debug_tools/include/planning_debug_tools/planning_debug_tools/msg/detail/trajectory_debug_info__struct.hpp
[34.221s] -- Up-to-date symlink: /home/mtl12345/autoware/install/planning_debug_tools/include/planning_debug_tools/planning_debug_tools/msg/detail/trajectory_debug_info__traits.hpp
[34.221s] -- Up-to-date symlink: /home/mtl12345/autoware/install/planning_debug_tools/include/planning_debug_tools/planning_debug_tools/msg/trajectory_debug_info.hpp
[34.221s] -- Up-to-date symlink: /home/mtl12345/autoware/install/planning_debug_tools/include/planning_debug_tools/planning_debug_tools/msg/detail/trajectory_debug_info__rosidl_typesupport_fastrtps_cpp.hpp
[34.222s] -- Up-to-date symlink: /home/mtl12345/autoware/install/planning_debug_tools/include/planning_debug_tools/planning_debug_tools/msg/rosidl_typesupport_fastrtps_cpp__visibility_control.h
[34.222s] -- Up-to-date symlink: /home/mtl12345/autoware/install/planning_debug_tools/include/planning_debug_tools/planning_debug_tools/msg/detail/trajectory_debug_info__rosidl_typesupport_introspection_cpp.hpp
[34.222s] -- Up-to-date symlink: /home/mtl12345/autoware/install/planning_debug_tools/share/planning_debug_tools/environment/pythonpath.sh
[34.222s] -- Up-to-date symlink: /home/mtl12345/autoware/install/planning_debug_tools/share/planning_debug_tools/environment/pythonpath.dsv
[34.222s] -- Up-to-date symlink: /home/mtl12345/autoware/install/planning_debug_tools/local/lib/python3.10/dist-packages/planning_debug_tools-0.1.0-py3.10.egg-info/PKG-INFO
[34.222s] -- Up-to-date symlink: /home/mtl12345/autoware/install/planning_debug_tools/local/lib/python3.10/dist-packages/planning_debug_tools-0.1.0-py3.10.egg-info/SOURCES.txt
[34.222s] -- Up-to-date symlink: /home/mtl12345/autoware/install/planning_debug_tools/local/lib/python3.10/dist-packages/planning_debug_tools-0.1.0-py3.10.egg-info/dependency_links.txt
[34.222s] -- Up-to-date symlink: /home/mtl12345/autoware/install/planning_debug_tools/local/lib/python3.10/dist-packages/planning_debug_tools-0.1.0-py3.10.egg-info/top_level.txt
[34.222s] -- Up-to-date symlink: /home/mtl12345/autoware/install/planning_debug_tools/local/lib/python3.10/dist-packages/planning_debug_tools/__init__.py
[34.222s] -- Up-to-date symlink: /home/mtl12345/autoware/install/planning_debug_tools/local/lib/python3.10/dist-packages/planning_debug_tools/_planning_debug_tools_s.ep.rosidl_typesupport_c.c
[34.223s] -- Up-to-date symlink: /home/mtl12345/autoware/install/planning_debug_tools/local/lib/python3.10/dist-packages/planning_debug_tools/_planning_debug_tools_s.ep.rosidl_typesupport_fastrtps_c.c
[34.223s] -- Up-to-date symlink: /home/mtl12345/autoware/install/planning_debug_tools/local/lib/python3.10/dist-packages/planning_debug_tools/_planning_debug_tools_s.ep.rosidl_typesupport_introspection_c.c
[34.223s] -- Up-to-date symlink: /home/mtl12345/autoware/install/planning_debug_tools/local/lib/python3.10/dist-packages/planning_debug_tools/libplanning_debug_tools__rosidl_generator_py.so
[34.223s] -- Up-to-date symlink: /home/mtl12345/autoware/install/planning_debug_tools/local/lib/python3.10/dist-packages/planning_debug_tools/msg/__init__.py
[34.223s] -- Up-to-date symlink: /home/mtl12345/autoware/install/planning_debug_tools/local/lib/python3.10/dist-packages/planning_debug_tools/msg/_trajectory_debug_info.py
[34.223s] -- Up-to-date symlink: /home/mtl12345/autoware/install/planning_debug_tools/local/lib/python3.10/dist-packages/planning_debug_tools/msg/_trajectory_debug_info_s.c
[34.223s] -- Up-to-date symlink: /home/mtl12345/autoware/install/planning_debug_tools/local/lib/python3.10/dist-packages/planning_debug_tools/planning_debug_tools_s__rosidl_typesupport_c.cpython-310-x86_64-linux-gnu.so
[34.223s] -- Up-to-date symlink: /home/mtl12345/autoware/install/planning_debug_tools/local/lib/python3.10/dist-packages/planning_debug_tools/planning_debug_tools_s__rosidl_typesupport_fastrtps_c.cpython-310-x86_64-linux-gnu.so
[34.224s] -- Up-to-date symlink: /home/mtl12345/autoware/install/planning_debug_tools/local/lib/python3.10/dist-packages/planning_debug_tools/planning_debug_tools_s__rosidl_typesupport_introspection_c.cpython-310-x86_64-linux-gnu.so
[34.224s] -- Up-to-date symlink: /home/mtl12345/autoware/install/planning_debug_tools/local/lib/python3.10/dist-packages/planning_debug_tools/planning_debug_tools_s__rosidl_typesupport_fastrtps_c.cpython-310-x86_64-linux-gnu.so
[34.224s] -- Up-to-date symlink: /home/mtl12345/autoware/install/planning_debug_tools/local/lib/python3.10/dist-packages/planning_debug_tools/planning_debug_tools_s__rosidl_typesupport_introspection_c.cpython-310-x86_64-linux-gnu.so
[34.224s] -- Up-to-date symlink: /home/mtl12345/autoware/install/planning_debug_tools/local/lib/python3.10/dist-packages/planning_debug_tools/planning_debug_tools_s__rosidl_typesupport_c.cpython-310-x86_64-linux-gnu.so
[34.224s] -- Up-to-date symlink: /home/mtl12345/autoware/install/planning_debug_tools/share/planning_debug_tools/msg/TrajectoryDebugInfo.idl
[34.224s] -- Up-to-date symlink: /home/mtl12345/autoware/install/planning_debug_tools/share/planning_debug_tools/msg/TrajectoryDebugInfo.msg
[34.224s] -- Up-to-date symlink: /home/mtl12345/autoware/install/planning_debug_tools/lib/planning_debug_tools/trajectory_analyzer_exe
[34.224s] -- Up-to-date symlink: /home/mtl12345/autoware/install/planning_debug_tools/lib/planning_debug_tools/stop_reason_visualizer_exe
[34.225s] -- Up-to-date symlink: /home/mtl12345/autoware/install/planning_debug_tools/include/planning_debug_tools/trajectory_analyzer.hpp
[34.225s] -- Up-to-date symlink: /home/mtl12345/autoware/install/planning_debug_tools/include/planning_debug_tools/util.hpp
[34.225s] -- Up-to-date symlink: /home/mtl12345/autoware/install/planning_debug_tools/lib/libtrajectory_analyzer_node.so
[34.225s] -- Up-to-date symlink: /home/mtl12345/autoware/install/planning_debug_tools/lib/libstop_reason_visualizer_node.so
[34.225s] -- Up-to-date symlink: /home/mtl12345/autoware/install/planning_debug_tools/share/planning_debug_tools/launch/behavior_velocity_analyzer.launch.xml
[34.225s] -- Up-to-date symlink: /home/mtl12345/autoware/install/planning_debug_tools/share/planning_debug_tools/launch/stop_reason_visualizer.launch.xml
[34.225s] -- Up-to-date symlink: /home/mtl12345/autoware/install/planning_debug_tools/share/planning_debug_tools/launch/trajectory_analyzer.launch.xml
[34.225s] -- Up-to-date symlink: /home/mtl12345/autoware/install/planning_debug_tools/share/ament_index/resource_index/package_run_dependencies/planning_debug_tools
[34.225s] -- Up-to-date symlink: /home/mtl12345/autoware/install/planning_debug_tools/share/ament_index/resource_index/parent_prefix_path/planning_debug_tools
[34.225s] -- Up-to-date symlink: /home/mtl12345/autoware/install/planning_debug_tools/share/planning_debug_tools/environment/ament_prefix_path.sh
[34.226s] -- Up-to-date symlink: /home/mtl12345/autoware/install/planning_debug_tools/share/planning_debug_tools/environment/ament_prefix_path.dsv
[34.226s] -- Up-to-date symlink: /home/mtl12345/autoware/install/planning_debug_tools/share/planning_debug_tools/environment/path.sh
[34.226s] -- Up-to-date symlink: /home/mtl12345/autoware/install/planning_debug_tools/share/planning_debug_tools/environment/path.dsv
[34.226s] -- Up-to-date symlink: /home/mtl12345/autoware/install/planning_debug_tools/share/planning_debug_tools/local_setup.bash
[34.226s] -- Up-to-date symlink: /home/mtl12345/autoware/install/planning_debug_tools/share/planning_debug_tools/local_setup.sh
[34.226s] -- Up-to-date symlink: /home/mtl12345/autoware/install/planning_debug_tools/share/planning_debug_tools/local_setup.zsh
[34.226s] -- Up-to-date symlink: /home/mtl12345/autoware/install/planning_debug_tools/share/planning_debug_tools/local_setup.dsv
[34.226s] -- Symlinking: /home/mtl12345/autoware/install/planning_debug_tools/share/planning_debug_tools/package.dsv
[34.226s] -- Up-to-date symlink: /home/mtl12345/autoware/install/planning_debug_tools/share/ament_index/resource_index/packages/planning_debug_tools
[34.226s] -- Up-to-date symlink: /home/mtl12345/autoware/install/planning_debug_tools/share/ament_index/resource_index/rclcpp_components/planning_debug_tools
[34.226s] -- Up-to-date symlink: /home/mtl12345/autoware/install/planning_debug_tools/share/planning_debug_tools/cmake/rosidl_cmake-extras.cmake
[34.227s] -- Up-to-date symlink: /home/mtl12345/autoware/install/planning_debug_tools/share/planning_debug_tools/cmake/ament_cmake_export_dependencies-extras.cmake
[34.227s] -- Up-to-date symlink: /home/mtl12345/autoware/install/planning_debug_tools/share/planning_debug_tools/cmake/ament_cmake_export_include_directories-extras.cmake
[34.227s] -- Up-to-date symlink: /home/mtl12345/autoware/install/planning_debug_tools/share/planning_debug_tools/cmake/ament_cmake_export_libraries-extras.cmake
[34.227s] -- Up-to-date symlink: /home/mtl12345/autoware/install/planning_debug_tools/share/planning_debug_tools/cmake/ament_cmake_export_targets-extras.cmake
[34.227s] -- Up-to-date symlink: /home/mtl12345/autoware/install/planning_debug_tools/share/planning_debug_tools/cmake/rosidl_cmake_export_typesupport_targets-extras.cmake
[34.227s] -- Up-to-date symlink: /home/mtl12345/autoware/install/planning_debug_tools/share/planning_debug_tools/cmake/rosidl_cmake_export_typesupport_libraries-extras.cmake
[34.228s] -- Up-to-date symlink: /home/mtl12345/autoware/install/planning_debug_tools/share/planning_debug_tools/cmake/planning_debug_toolsConfig.cmake
[34.228s] -- Up-to-date symlink: /home/mtl12345/autoware/install/planning_debug_tools/share/planning_debug_tools/cmake/planning_debug_toolsConfig-version.cmake
[34.228s] -- Up-to-date symlink: /home/mtl12345/autoware/install/planning_debug_tools/share/planning_debug_tools/package.xml
[34.228s] -- Up-to-date symlink: /home/mtl12345/autoware/install/planning_debug_tools/lib/planning_debug_tools/trajectory_visualizer.py
[34.228s] -- Up-to-date symlink: /home/mtl12345/autoware/install/planning_debug_tools/lib/planning_debug_tools/closest_velocity_checker.py
[34.228s] -- Up-to-date symlink: /home/mtl12345/autoware/install/planning_debug_tools/lib/planning_debug_tools/perception_reproducer.py
[34.228s] -- Up-to-date symlink: /home/mtl12345/autoware/install/planning_debug_tools/lib/planning_debug_tools/perception_replayer.py
[34.228s] -- Up-to-date: /home/mtl12345/autoware/install/planning_debug_tools/lib/libplanning_debug_tools__rosidl_generator_c.so
[34.229s] -- Up-to-date: /home/mtl12345/autoware/install/planning_debug_tools/lib/libplanning_debug_tools__rosidl_typesupport_fastrtps_c.so
[34.229s] -- Up-to-date: /home/mtl12345/autoware/install/planning_debug_tools/lib/libplanning_debug_tools__rosidl_typesupport_introspection_c.so
[34.229s] -- Up-to-date: /home/mtl12345/autoware/install/planning_debug_tools/lib/libplanning_debug_tools__rosidl_typesupport_c.so
[34.229s] -- Up-to-date: /home/mtl12345/autoware/install/planning_debug_tools/lib/libplanning_debug_tools__rosidl_typesupport_fastrtps_cpp.so
[34.229s] -- Up-to-date: /home/mtl12345/autoware/install/planning_debug_tools/lib/libplanning_debug_tools__rosidl_typesupport_introspection_cpp.so
[34.229s] -- Up-to-date: /home/mtl12345/autoware/install/planning_debug_tools/lib/libplanning_debug_tools__rosidl_typesupport_cpp.so
[34.229s] Listing '/home/mtl12345/autoware/install/planning_debug_tools/local/lib/python3.10/dist-packages/planning_debug_tools'...
[34.229s] Compiling '/home/mtl12345/autoware/install/planning_debug_tools/local/lib/python3.10/dist-packages/planning_debug_tools/__init__.py'...
[34.229s] Listing '/home/mtl12345/autoware/install/planning_debug_tools/local/lib/python3.10/dist-packages/planning_debug_tools/msg'...
[34.229s] -- Up-to-date: /home/mtl12345/autoware/install/planning_debug_tools/lib/libplanning_debug_tools__rosidl_generator_py.so
[34.230s] -- Up-to-date: /home/mtl12345/autoware/install/planning_debug_tools/share/planning_debug_tools/cmake/export_planning_debug_tools__rosidl_generator_cExport.cmake
[34.230s] -- Up-to-date: /home/mtl12345/autoware/install/planning_debug_tools/share/planning_debug_tools/cmake/export_planning_debug_tools__rosidl_generator_cExport-release.cmake
[34.230s] -- Up-to-date: /home/mtl12345/autoware/install/planning_debug_tools/share/planning_debug_tools/cmake/export_planning_debug_tools__rosidl_typesupport_fastrtps_cExport.cmake
[34.230s] -- Up-to-date: /home/mtl12345/autoware/install/planning_debug_tools/share/planning_debug_tools/cmake/export_planning_debug_tools__rosidl_typesupport_fastrtps_cExport-release.cmake
[34.230s] -- Up-to-date: /home/mtl12345/autoware/install/planning_debug_tools/share/planning_debug_tools/cmake/planning_debug_tools__rosidl_typesupport_introspection_cExport.cmake
[34.230s] -- Up-to-date: /home/mtl12345/autoware/install/planning_debug_tools/share/planning_debug_tools/cmake/planning_debug_tools__rosidl_typesupport_introspection_cExport-release.cmake
[34.230s] -- Up-to-date: /home/mtl12345/autoware/install/planning_debug_tools/share/planning_debug_tools/cmake/planning_debug_tools__rosidl_typesupport_cExport.cmake
[34.230s] -- Up-to-date: /home/mtl12345/autoware/install/planning_debug_tools/share/planning_debug_tools/cmake/planning_debug_tools__rosidl_typesupport_cExport-release.cmake
[34.231s] -- Up-to-date: /home/mtl12345/autoware/install/planning_debug_tools/share/planning_debug_tools/cmake/export_planning_debug_tools__rosidl_generator_cppExport.cmake
[34.231s] -- Up-to-date: /home/mtl12345/autoware/install/planning_debug_tools/share/planning_debug_tools/cmake/export_planning_debug_tools__rosidl_typesupport_fastrtps_cppExport.cmake
[34.231s] -- Up-to-date: /home/mtl12345/autoware/install/planning_debug_tools/share/planning_debug_tools/cmake/export_planning_debug_tools__rosidl_typesupport_fastrtps_cppExport-release.cmake
[34.231s] -- Up-to-date: /home/mtl12345/autoware/install/planning_debug_tools/share/planning_debug_tools/cmake/planning_debug_tools__rosidl_typesupport_introspection_cppExport.cmake
[34.231s] -- Up-to-date: /home/mtl12345/autoware/install/planning_debug_tools/share/planning_debug_tools/cmake/planning_debug_tools__rosidl_typesupport_introspection_cppExport-release.cmake
[34.231s] -- Up-to-date: /home/mtl12345/autoware/install/planning_debug_tools/share/planning_debug_tools/cmake/planning_debug_tools__rosidl_typesupport_cppExport.cmake
[34.231s] -- Up-to-date: /home/mtl12345/autoware/install/planning_debug_tools/share/planning_debug_tools/cmake/planning_debug_tools__rosidl_typesupport_cppExport-release.cmake
[34.231s] -- Up-to-date: /home/mtl12345/autoware/install/planning_debug_tools/share/planning_debug_tools/cmake/export_planning_debug_tools__rosidl_generator_pyExport.cmake
[34.231s] -- Up-to-date: /home/mtl12345/autoware/install/planning_debug_tools/share/planning_debug_tools/cmake/export_planning_debug_tools__rosidl_generator_pyExport-release.cmake
[34.241s] Invoked command in '/home/mtl12345/autoware/build/planning_debug_tools' returned '0': AMENT_PREFIX_PATH=/home/mtl12345/autoware/install/motion_utils:/home/mtl12345/autoware/install/interpolation:/home/mtl12345/autoware/install/tier4_autoware_utils:/home/mtl12345/autoware/install/autoware_auto_vehicle_msgs:/home/mtl12345/autoware/install/autoware_cmake:/home/mtl12345/autoware/install/autoware_auto_planning_msgs:/home/mtl12345/autoware/install/autoware_auto_perception_msgs:/home/mtl12345/autoware/install/tier4_planning_msgs:/home/mtl12345/autoware/install/tier4_debug_msgs:/home/mtl12345/autoware/install/autoware_lint_common:/home/mtl12345/autoware/install/autoware_auto_mapping_msgs:/home/mtl12345/autoware/install/autoware_auto_geometry_msgs:${AMENT_PREFIX_PATH} CMAKE_PREFIX_PATH=/home/mtl12345/autoware/install/motion_utils:/home/mtl12345/autoware/install/interpolation:/home/mtl12345/autoware/install/tier4_autoware_utils:/home/mtl12345/autoware/install/autoware_auto_vehicle_msgs:/home/mtl12345/autoware/install/autoware_cmake:/home/mtl12345/autoware/install/autoware_auto_planning_msgs:/home/mtl12345/autoware/install/autoware_auto_perception_msgs:/home/mtl12345/autoware/install/tier4_planning_msgs:/home/mtl12345/autoware/install/tier4_debug_msgs:/home/mtl12345/autoware/install/autoware_lint_common:/home/mtl12345/autoware/install/autoware_auto_mapping_msgs:/home/mtl12345/autoware/install/autoware_auto_geometry_msgs:/opt/ros/humble LD_LIBRARY_PATH=/home/mtl12345/autoware/install/motion_utils/lib:/home/mtl12345/autoware/install/interpolation/lib:/home/mtl12345/autoware/install/tier4_autoware_utils/lib:/home/mtl12345/autoware/install/autoware_auto_vehicle_msgs/lib:/home/mtl12345/autoware/install/autoware_auto_planning_msgs/lib:/home/mtl12345/autoware/install/autoware_auto_perception_msgs/lib:/home/mtl12345/autoware/install/tier4_planning_msgs/lib:/home/mtl12345/autoware/install/tier4_debug_msgs/lib:/home/mtl12345/autoware/install/autoware_auto_mapping_msgs/lib:/home/mtl12345/autoware/install/autoware_auto_geometry_msgs/lib:${LD_LIBRARY_PATH} PYTHONPATH=/home/mtl12345/autoware/install/autoware_auto_vehicle_msgs/local/lib/python3.10/dist-packages:/home/mtl12345/autoware/install/autoware_auto_planning_msgs/local/lib/python3.10/dist-packages:/home/mtl12345/autoware/install/autoware_auto_perception_msgs/local/lib/python3.10/dist-packages:/home/mtl12345/autoware/install/tier4_planning_msgs/local/lib/python3.10/dist-packages:/home/mtl12345/autoware/install/tier4_debug_msgs/local/lib/python3.10/dist-packages:/home/mtl12345/autoware/install/autoware_auto_mapping_msgs/local/lib/python3.10/dist-packages:/home/mtl12345/autoware/install/autoware_auto_geometry_msgs/local/lib/python3.10/dist-packages:${PYTHONPATH} /usr/bin/cmake --install /home/mtl12345/autoware/build/planning_debug_tools
