[0.022s] Invoking command in '/home/zhijie/autoware/build/tier4_screen_capture_rviz_plugin': AMENT_PREFIX_PATH=/home/zhijie/autoware/install/autoware_cmake:/home/zhijie/autoware/install/autoware_lint_common:${AMENT_PREFIX_PATH} CMAKE_PREFIX_PATH=/home/zhijie/autoware/install/autoware_cmake:/home/zhijie/autoware/install/autoware_lint_common:/opt/ros/humble /usr/bin/cmake /home/zhijie/autoware/src/universe/autoware.universe/common/tier4_screen_capture_rviz_plugin -DCMAKE_BUILD_TYPE=Release -DAMENT_CMAKE_SYMLINK_INSTALL=1 -DCMAKE_INSTALL_PREFIX=/home/zhijie/autoware/install/tier4_screen_capture_rviz_plugin
[14.125s] -- Found autoware_cmake: 0.1.0 (/home/zhijie/autoware/install/autoware_cmake/share/autoware_cmake/cmake)
[14.126s] -- Override CMake install command with custom implementation using symlinks instead of copying resources
[14.126s] -- Found rosidl_generator_c: 3.1.5 (/opt/ros/humble/share/rosidl_generator_c/cmake)
[14.126s] -- Found rosidl_adapter: 3.1.5 (/opt/ros/humble/share/rosidl_adapter/cmake)
[14.126s] -- Found rosidl_generator_cpp: 3.1.5 (/opt/ros/humble/share/rosidl_generator_cpp/cmake)
[14.126s] -- Using all available rosidl_typesupport_c: rosidl_typesupport_fastrtps_c;rosidl_typesupport_introspection_c
[14.126s] -- Using all available rosidl_typesupport_cpp: rosidl_typesupport_fastrtps_cpp;rosidl_typesupport_introspection_cpp
[14.126s] -- Found rmw_implementation_cmake: 6.1.1 (/opt/ros/humble/share/rmw_implementation_cmake/cmake)
[14.126s] -- Found rmw_cyclonedds_cpp: 1.3.4 (/opt/ros/humble/share/rmw_cyclonedds_cpp/cmake)
[14.127s] -- Using RMW implementation 'rmw_cyclonedds_cpp' as default
[14.127s] -- Setting OGRE_DIR to: '/opt/ros/humble/share/rviz_ogre_vendor/cmake/../../../opt/rviz_ogre_vendor/lib/OGRE/cmake'
[14.127s] -- Found OGRE
[14.130s] --   static     : OFF
[14.130s] --   components : HLMS;MeshLodGenerator;Overlay;Paging;Property;RTShaderSystem;Terrain;Volume
[14.130s] --   plugins    : Plugin_BSPSceneManager;Plugin_OctreeSceneManager;Plugin_PCZSceneManager;Plugin_ParticleFX;RenderSystem_GL;RenderSystem_GL3Plus;Codec_STBI
[14.130s] --   media      : /opt/ros/humble/opt/rviz_ogre_vendor/share/OGRE/Media
[14.130s] -- OGRE_LIBRARIES: OgreHLMS;OgreMeshLodGenerator;OgreOverlay;OgrePaging;OgreProperty;OgreRTShaderSystem;OgreTerrain;OgreVolume;OgreMain
[14.131s] -- OGRE_LIBRARY_DIRS: /opt/ros/humble/opt/rviz_ogre_vendor/lib
[14.131s] -- OGRE_PLUGINS: Plugin_BSPSceneManager;Plugin_OctreeSceneManager;Plugin_PCZSceneManager;Plugin_ParticleFX;RenderSystem_GL;RenderSystem_GL3Plus;Codec_STBI
[14.131s] -- OGRE_PLUGIN_DIR: /opt/ros/humble/opt/rviz_ogre_vendor/lib/OGRE
[14.131s] -- rviz_ogre_vendor::OgreOverlay for IMPORTED_LOCATION_RELEASE: /opt/ros/humble/opt/rviz_ogre_vendor/lib/libOgreOverlay.so
[14.131s] -- rviz_ogre_vendor::OgreOverlay for IMPORTED_LOCATION_DEBUG: /opt/ros/humble/opt/rviz_ogre_vendor/lib/libOgreOverlay.so
[14.131s] -- rviz_ogre_vendor::OgreMain for IMPORTED_LOCATION_RELEASE: /opt/ros/humble/opt/rviz_ogre_vendor/lib/libOgreMain.so
[14.131s] -- rviz_ogre_vendor::OgreMain for IMPORTED_LOCATION_DEBUG: /opt/ros/humble/opt/rviz_ogre_vendor/lib/libOgreMain.so
[14.132s] -- Could not find freeimage library
[14.132s] -- rviz_ogre_vendor::RenderSystem_GL for IMPORTED_LOCATION_RELEASE: _render_system_gl_static_library_abs-NOTFOUND
[14.132s] -- rviz_ogre_vendor::RenderSystem_GL for IMPORTED_LOCATION_DEBUG: _render_system_gl_static_library_abs-NOTFOUND
[14.132s] -- library: /usr/lib/x86_64-linux-gnu/libcurl.so
[14.132s] -- Ensuring Eigen3 include directory is part of orocos-kdl CMake target
[14.132s] -- Found ament_lint_auto: 0.12.8 (/opt/ros/humble/share/ament_lint_auto/cmake)
[14.133s] -- Added test 'copyright' to check source files copyright and LICENSE
[14.133s] -- Added test 'cppcheck' to perform static code analysis on C / C++ code
[14.133s] -- Configured cppcheck include dirs: 
[14.133s] -- Configured cppcheck exclude dirs and/or files: 
[14.133s] -- Added test 'lint_cmake' to check CMake code style
[14.133s] -- Added test 'xmllint' to check XML markup files
[14.133s] -- Configuring done
[14.133s] -- Generating done
[14.133s] -- Build files have been written to: /home/zhijie/autoware/build/tier4_screen_capture_rviz_plugin
[14.171s] Invoked command in '/home/zhijie/autoware/build/tier4_screen_capture_rviz_plugin' returned '0': AMENT_PREFIX_PATH=/home/zhijie/autoware/install/autoware_cmake:/home/zhijie/autoware/install/autoware_lint_common:${AMENT_PREFIX_PATH} CMAKE_PREFIX_PATH=/home/zhijie/autoware/install/autoware_cmake:/home/zhijie/autoware/install/autoware_lint_common:/opt/ros/humble /usr/bin/cmake /home/zhijie/autoware/src/universe/autoware.universe/common/tier4_screen_capture_rviz_plugin -DCMAKE_BUILD_TYPE=Release -DAMENT_CMAKE_SYMLINK_INSTALL=1 -DCMAKE_INSTALL_PREFIX=/home/zhijie/autoware/install/tier4_screen_capture_rviz_plugin
[14.172s] Invoking command in '/home/zhijie/autoware/build/tier4_screen_capture_rviz_plugin': AMENT_PREFIX_PATH=/home/zhijie/autoware/install/autoware_cmake:/home/zhijie/autoware/install/autoware_lint_common:${AMENT_PREFIX_PATH} CMAKE_PREFIX_PATH=/home/zhijie/autoware/install/autoware_cmake:/home/zhijie/autoware/install/autoware_lint_common:/opt/ros/humble /usr/bin/cmake --build /home/zhijie/autoware/build/tier4_screen_capture_rviz_plugin -- -j16 -l16
[14.230s] [ 25%] [34m[1mAutomatic MOC for target tier4_screen_capture_rviz_plugin[0m
[14.876s] [ 25%] Built target tier4_screen_capture_rviz_plugin_autogen
[14.894s] [35m[1mConsolidate compiler generated dependencies of target tier4_screen_capture_rviz_plugin[0m
[14.929s] [ 50%] [32mBuilding CXX object CMakeFiles/tier4_screen_capture_rviz_plugin.dir/tier4_screen_capture_rviz_plugin_autogen/mocs_compilation.cpp.o[0m
[14.931s] [ 75%] [32mBuilding CXX object CMakeFiles/tier4_screen_capture_rviz_plugin.dir/src/screen_capture_panel.cpp.o[0m
[27.944s] [100%] [32m[1mLinking CXX shared library libtier4_screen_capture_rviz_plugin.so[0m
[31.586s] [100%] Built target tier4_screen_capture_rviz_plugin
[31.607s] Invoked command in '/home/zhijie/autoware/build/tier4_screen_capture_rviz_plugin' returned '0': AMENT_PREFIX_PATH=/home/zhijie/autoware/install/autoware_cmake:/home/zhijie/autoware/install/autoware_lint_common:${AMENT_PREFIX_PATH} CMAKE_PREFIX_PATH=/home/zhijie/autoware/install/autoware_cmake:/home/zhijie/autoware/install/autoware_lint_common:/opt/ros/humble /usr/bin/cmake --build /home/zhijie/autoware/build/tier4_screen_capture_rviz_plugin -- -j16 -l16
[31.644s] Invoking command in '/home/zhijie/autoware/build/tier4_screen_capture_rviz_plugin': AMENT_PREFIX_PATH=/home/zhijie/autoware/install/autoware_cmake:/home/zhijie/autoware/install/autoware_lint_common:${AMENT_PREFIX_PATH} CMAKE_PREFIX_PATH=/home/zhijie/autoware/install/autoware_cmake:/home/zhijie/autoware/install/autoware_lint_common:/opt/ros/humble /usr/bin/cmake --install /home/zhijie/autoware/build/tier4_screen_capture_rviz_plugin
[37.351s] -- Install configuration: "Release"
[37.351s] -- Execute custom install script
[37.351s] -- Up-to-date symlink: /home/zhijie/autoware/install/tier4_screen_capture_rviz_plugin/share/tier4_screen_capture_rviz_plugin/plugins/plugin_description.xml
[37.351s] -- Up-to-date symlink: /home/zhijie/autoware/install/tier4_screen_capture_rviz_plugin/share/tier4_screen_capture_rviz_plugin/environment/library_path.sh
[37.352s] -- Up-to-date symlink: /home/zhijie/autoware/install/tier4_screen_capture_rviz_plugin/share/tier4_screen_capture_rviz_plugin/environment/library_path.dsv
[37.352s] -- Up-to-date symlink: /home/zhijie/autoware/install/tier4_screen_capture_rviz_plugin/lib/libtier4_screen_capture_rviz_plugin.so
[37.352s] -- Up-to-date symlink: /home/zhijie/autoware/install/tier4_screen_capture_rviz_plugin/share/tier4_screen_capture_rviz_plugin/plugins/plugin_description.xml
[37.352s] -- Up-to-date symlink: /home/zhijie/autoware/install/tier4_screen_capture_rviz_plugin/share/ament_index/resource_index/package_run_dependencies/tier4_screen_capture_rviz_plugin
[37.353s] -- Up-to-date symlink: /home/zhijie/autoware/install/tier4_screen_capture_rviz_plugin/share/ament_index/resource_index/parent_prefix_path/tier4_screen_capture_rviz_plugin
[37.353s] -- Up-to-date symlink: /home/zhijie/autoware/install/tier4_screen_capture_rviz_plugin/share/tier4_screen_capture_rviz_plugin/environment/ament_prefix_path.sh
[37.353s] -- Up-to-date symlink: /home/zhijie/autoware/install/tier4_screen_capture_rviz_plugin/share/tier4_screen_capture_rviz_plugin/environment/ament_prefix_path.dsv
[37.353s] -- Up-to-date symlink: /home/zhijie/autoware/install/tier4_screen_capture_rviz_plugin/share/tier4_screen_capture_rviz_plugin/environment/path.sh
[37.353s] -- Up-to-date symlink: /home/zhijie/autoware/install/tier4_screen_capture_rviz_plugin/share/tier4_screen_capture_rviz_plugin/environment/path.dsv
[37.353s] -- Up-to-date symlink: /home/zhijie/autoware/install/tier4_screen_capture_rviz_plugin/share/tier4_screen_capture_rviz_plugin/local_setup.bash
[37.354s] -- Up-to-date symlink: /home/zhijie/autoware/install/tier4_screen_capture_rviz_plugin/share/tier4_screen_capture_rviz_plugin/local_setup.sh
[37.354s] -- Up-to-date symlink: /home/zhijie/autoware/install/tier4_screen_capture_rviz_plugin/share/tier4_screen_capture_rviz_plugin/local_setup.zsh
[37.354s] -- Up-to-date symlink: /home/zhijie/autoware/install/tier4_screen_capture_rviz_plugin/share/tier4_screen_capture_rviz_plugin/local_setup.dsv
[37.354s] -- Symlinking: /home/zhijie/autoware/install/tier4_screen_capture_rviz_plugin/share/tier4_screen_capture_rviz_plugin/package.dsv
[37.354s] -- Up-to-date symlink: /home/zhijie/autoware/install/tier4_screen_capture_rviz_plugin/share/ament_index/resource_index/packages/tier4_screen_capture_rviz_plugin
[37.354s] -- Up-to-date symlink: /home/zhijie/autoware/install/tier4_screen_capture_rviz_plugin/share/ament_index/resource_index/rviz_common__pluginlib__plugin/tier4_screen_capture_rviz_plugin
[37.355s] -- Up-to-date symlink: /home/zhijie/autoware/install/tier4_screen_capture_rviz_plugin/share/tier4_screen_capture_rviz_plugin/cmake/ament_cmake_export_dependencies-extras.cmake
[37.355s] -- Up-to-date symlink: /home/zhijie/autoware/install/tier4_screen_capture_rviz_plugin/share/tier4_screen_capture_rviz_plugin/cmake/ament_cmake_export_libraries-extras.cmake
[37.355s] -- Up-to-date symlink: /home/zhijie/autoware/install/tier4_screen_capture_rviz_plugin/share/tier4_screen_capture_rviz_plugin/cmake/tier4_screen_capture_rviz_pluginConfig.cmake
[37.356s] -- Up-to-date symlink: /home/zhijie/autoware/install/tier4_screen_capture_rviz_plugin/share/tier4_screen_capture_rviz_plugin/cmake/tier4_screen_capture_rviz_pluginConfig-version.cmake
[37.360s] -- Up-to-date symlink: /home/zhijie/autoware/install/tier4_screen_capture_rviz_plugin/share/tier4_screen_capture_rviz_plugin/package.xml
[37.396s] Invoked command in '/home/zhijie/autoware/build/tier4_screen_capture_rviz_plugin' returned '0': AMENT_PREFIX_PATH=/home/zhijie/autoware/install/autoware_cmake:/home/zhijie/autoware/install/autoware_lint_common:${AMENT_PREFIX_PATH} CMAKE_PREFIX_PATH=/home/zhijie/autoware/install/autoware_cmake:/home/zhijie/autoware/install/autoware_lint_common:/opt/ros/humble /usr/bin/cmake --install /home/zhijie/autoware/build/tier4_screen_capture_rviz_plugin
