[0.365s] Invoking command in '/home/mtl12345/autoware/build/time_utils': AMENT_PREFIX_PATH=/home/mtl12345/autoware/install/autoware_cmake:/home/mtl12345/autoware/install/autoware_lint_common:${AMENT_PREFIX_PATH} CMAKE_PREFIX_PATH=/home/mtl12345/autoware/install/autoware_cmake:/home/mtl12345/autoware/install/autoware_lint_common:/opt/ros/humble /usr/bin/cmake /home/mtl12345/autoware/src/universe/autoware.universe/common/time_utils -DCMAKE_BUILD_TYPE=Release -DAMENT_CMAKE_SYMLINK_INSTALL=1 -DCMAKE_INSTALL_PREFIX=/home/mtl12345/autoware/install/time_utils
[0.381s] -- Found autoware_cmake: 0.1.0 (/home/mtl12345/autoware/install/autoware_cmake/share/autoware_cmake/cmake)
[0.571s] -- Override CMake install command with custom implementation using symlinks instead of copying resources
[0.708s] -- Found rosidl_generator_c: 3.1.5 (/opt/ros/humble/share/rosidl_generator_c/cmake)
[0.711s] -- Found rosidl_adapter: 3.1.5 (/opt/ros/humble/share/rosidl_adapter/cmake)
[0.720s] -- Found rosidl_generator_cpp: 3.1.5 (/opt/ros/humble/share/rosidl_generator_cpp/cmake)
[0.739s] -- Using all available rosidl_typesupport_c: rosidl_typesupport_fastrtps_c;rosidl_typesupport_introspection_c
[0.765s] -- Using all available rosidl_typesupport_cpp: rosidl_typesupport_fastrtps_cpp;rosidl_typesupport_introspection_cpp
[0.790s] -- Found ament_lint_auto: 0.12.8 (/opt/ros/humble/share/ament_lint_auto/cmake)
[0.808s] -- Added test 'copyright' to check source files copyright and LICENSE
[0.809s] -- Added test 'cppcheck' to perform static code analysis on C / C++ code
[0.809s] -- Configured cppcheck include dirs: /home/mtl12345/autoware/src/universe/autoware.universe/common/time_utils/include
[0.809s] -- Configured cppcheck exclude dirs and/or files: 
[0.810s] -- Added test 'lint_cmake' to check CMake code style
[0.810s] -- Added test 'xmllint' to check XML markup files
[0.814s] -- Configuring done
[0.823s] -- Generating done
[0.825s] -- Build files have been written to: /home/mtl12345/autoware/build/time_utils
[0.834s] Invoked command in '/home/mtl12345/autoware/build/time_utils' returned '0': AMENT_PREFIX_PATH=/home/mtl12345/autoware/install/autoware_cmake:/home/mtl12345/autoware/install/autoware_lint_common:${AMENT_PREFIX_PATH} CMAKE_PREFIX_PATH=/home/mtl12345/autoware/install/autoware_cmake:/home/mtl12345/autoware/install/autoware_lint_common:/opt/ros/humble /usr/bin/cmake /home/mtl12345/autoware/src/universe/autoware.universe/common/time_utils -DCMAKE_BUILD_TYPE=Release -DAMENT_CMAKE_SYMLINK_INSTALL=1 -DCMAKE_INSTALL_PREFIX=/home/mtl12345/autoware/install/time_utils
[0.838s] Invoking command in '/home/mtl12345/autoware/build/time_utils': AMENT_PREFIX_PATH=/home/mtl12345/autoware/install/autoware_cmake:/home/mtl12345/autoware/install/autoware_lint_common:${AMENT_PREFIX_PATH} CMAKE_PREFIX_PATH=/home/mtl12345/autoware/install/autoware_cmake:/home/mtl12345/autoware/install/autoware_lint_common:/opt/ros/humble /usr/bin/cmake --build /home/mtl12345/autoware/build/time_utils -- -j12 -l12
[1.140s] [35m[1mConsolidate compiler generated dependencies of target time_utils[0m
[1.141s] [100%] Built target time_utils
[1.144s] Invoked command in '/home/mtl12345/autoware/build/time_utils' returned '0': AMENT_PREFIX_PATH=/home/mtl12345/autoware/install/autoware_cmake:/home/mtl12345/autoware/install/autoware_lint_common:${AMENT_PREFIX_PATH} CMAKE_PREFIX_PATH=/home/mtl12345/autoware/install/autoware_cmake:/home/mtl12345/autoware/install/autoware_lint_common:/opt/ros/humble /usr/bin/cmake --build /home/mtl12345/autoware/build/time_utils -- -j12 -l12
[1.477s] Invoking command in '/home/mtl12345/autoware/build/time_utils': AMENT_PREFIX_PATH=/home/mtl12345/autoware/install/autoware_cmake:/home/mtl12345/autoware/install/autoware_lint_common:${AMENT_PREFIX_PATH} CMAKE_PREFIX_PATH=/home/mtl12345/autoware/install/autoware_cmake:/home/mtl12345/autoware/install/autoware_lint_common:/opt/ros/humble /usr/bin/cmake --install /home/mtl12345/autoware/build/time_utils
[1.560s] -- Install configuration: "Release"
[1.561s] -- Execute custom install script
[1.561s] -- Up-to-date symlink: /home/mtl12345/autoware/install/time_utils/include/time_utils/stopwatch.hpp
[1.561s] -- Up-to-date symlink: /home/mtl12345/autoware/install/time_utils/include/time_utils/time_utils.hpp
[1.561s] -- Up-to-date symlink: /home/mtl12345/autoware/install/time_utils/include/time_utils/visibility_control.hpp
[1.561s] -- Up-to-date symlink: /home/mtl12345/autoware/install/time_utils/share/time_utils/environment/library_path.sh
[1.561s] -- Up-to-date symlink: /home/mtl12345/autoware/install/time_utils/share/time_utils/environment/library_path.dsv
[1.561s] -- Up-to-date symlink: /home/mtl12345/autoware/install/time_utils/lib/libtime_utils.so
[1.561s] -- Up-to-date symlink: /home/mtl12345/autoware/install/time_utils/share/ament_index/resource_index/package_run_dependencies/time_utils
[1.561s] -- Up-to-date symlink: /home/mtl12345/autoware/install/time_utils/share/ament_index/resource_index/parent_prefix_path/time_utils
[1.562s] -- Up-to-date symlink: /home/mtl12345/autoware/install/time_utils/share/time_utils/environment/ament_prefix_path.sh
[1.562s] -- Up-to-date symlink: /home/mtl12345/autoware/install/time_utils/share/time_utils/environment/ament_prefix_path.dsv
[1.562s] -- Up-to-date symlink: /home/mtl12345/autoware/install/time_utils/share/time_utils/environment/path.sh
[1.562s] -- Up-to-date symlink: /home/mtl12345/autoware/install/time_utils/share/time_utils/environment/path.dsv
[1.562s] -- Up-to-date symlink: /home/mtl12345/autoware/install/time_utils/share/time_utils/local_setup.bash
[1.563s] -- Up-to-date symlink: /home/mtl12345/autoware/install/time_utils/share/time_utils/local_setup.sh
[1.563s] -- Up-to-date symlink: /home/mtl12345/autoware/install/time_utils/share/time_utils/local_setup.zsh
[1.563s] -- Up-to-date symlink: /home/mtl12345/autoware/install/time_utils/share/time_utils/local_setup.dsv
[1.563s] -- Symlinking: /home/mtl12345/autoware/install/time_utils/share/time_utils/package.dsv
[1.564s] -- Up-to-date symlink: /home/mtl12345/autoware/install/time_utils/share/ament_index/resource_index/packages/time_utils
[1.564s] -- Up-to-date symlink: /home/mtl12345/autoware/install/time_utils/share/time_utils/cmake/ament_cmake_export_include_directories-extras.cmake
[1.565s] -- Up-to-date symlink: /home/mtl12345/autoware/install/time_utils/share/time_utils/cmake/ament_cmake_export_libraries-extras.cmake
[1.566s] -- Up-to-date symlink: /home/mtl12345/autoware/install/time_utils/share/time_utils/cmake/time_utilsConfig.cmake
[1.566s] -- Up-to-date symlink: /home/mtl12345/autoware/install/time_utils/share/time_utils/cmake/time_utilsConfig-version.cmake
[1.566s] -- Up-to-date symlink: /home/mtl12345/autoware/install/time_utils/share/time_utils/package.xml
[1.571s] Invoked command in '/home/mtl12345/autoware/build/time_utils' returned '0': AMENT_PREFIX_PATH=/home/mtl12345/autoware/install/autoware_cmake:/home/mtl12345/autoware/install/autoware_lint_common:${AMENT_PREFIX_PATH} CMAKE_PREFIX_PATH=/home/mtl12345/autoware/install/autoware_cmake:/home/mtl12345/autoware/install/autoware_lint_common:/opt/ros/humble /usr/bin/cmake --install /home/mtl12345/autoware/build/time_utils
