[0.453s] Invoking command in '/home/mtl12345/autoware/build/traffic_light_ssd_fine_detector': AMENT_PREFIX_PATH=/home/mtl12345/autoware/install/tier4_perception_msgs:/home/mtl12345/autoware/install/autoware_cmake:/home/mtl12345/autoware/install/autoware_auto_perception_msgs:/home/mtl12345/autoware/install/tier4_debug_msgs:/home/mtl12345/autoware/install/autoware_lint_common:/home/mtl12345/autoware/install/autoware_auto_geometry_msgs:${AMENT_PREFIX_PATH} CMAKE_PREFIX_PATH=/home/mtl12345/autoware/install/tier4_perception_msgs:/home/mtl12345/autoware/install/autoware_cmake:/home/mtl12345/autoware/install/autoware_auto_perception_msgs:/home/mtl12345/autoware/install/tier4_debug_msgs:/home/mtl12345/autoware/install/autoware_lint_common:/home/mtl12345/autoware/install/autoware_auto_geometry_msgs:/opt/ros/humble LD_LIBRARY_PATH=/home/mtl12345/autoware/install/tier4_perception_msgs/lib:/home/mtl12345/autoware/install/autoware_auto_perception_msgs/lib:/home/mtl12345/autoware/install/tier4_debug_msgs/lib:/home/mtl12345/autoware/install/autoware_auto_geometry_msgs/lib:${LD_LIBRARY_PATH} PYTHONPATH=/home/mtl12345/autoware/install/tier4_perception_msgs/local/lib/python3.10/dist-packages:/home/mtl12345/autoware/install/autoware_auto_perception_msgs/local/lib/python3.10/dist-packages:/home/mtl12345/autoware/install/tier4_debug_msgs/local/lib/python3.10/dist-packages:/home/mtl12345/autoware/install/autoware_auto_geometry_msgs/local/lib/python3.10/dist-packages:${PYTHONPATH} /usr/bin/cmake /home/mtl12345/autoware/src/universe/autoware.universe/perception/traffic_light_ssd_fine_detector -DCMAKE_BUILD_TYPE=Release -DAMENT_CMAKE_SYMLINK_INSTALL=1 -DCMAKE_INSTALL_PREFIX=/home/mtl12345/autoware/install/traffic_light_ssd_fine_detector
[0.469s] -- Found autoware_cmake: 0.1.0 (/home/mtl12345/autoware/install/autoware_cmake/share/autoware_cmake/cmake)
[0.673s] -- Override CMake install command with custom implementation using symlinks instead of copying resources
[0.827s] -- Found rosidl_generator_c: 3.1.5 (/opt/ros/humble/share/rosidl_generator_c/cmake)
[0.831s] -- Found rosidl_adapter: 3.1.5 (/opt/ros/humble/share/rosidl_adapter/cmake)
[0.840s] -- Found rosidl_generator_cpp: 3.1.5 (/opt/ros/humble/share/rosidl_generator_cpp/cmake)
[0.860s] -- Using all available rosidl_typesupport_c: rosidl_typesupport_fastrtps_c;rosidl_typesupport_introspection_c
[0.886s] -- Using all available rosidl_typesupport_cpp: rosidl_typesupport_fastrtps_cpp;rosidl_typesupport_introspection_cpp
[1.351s] -- Found rmw_implementation_cmake: 6.1.1 (/opt/ros/humble/share/rmw_implementation_cmake/cmake)
[1.353s] -- Found rmw_cyclonedds_cpp: 1.3.4 (/opt/ros/humble/share/rmw_cyclonedds_cpp/cmake)
[1.403s] -- Using RMW implementation 'rmw_cyclonedds_cpp' as default
[2.641s] -- Found ament_lint_auto: 0.12.8 (/opt/ros/humble/share/ament_lint_auto/cmake)
[2.675s] -- Added test 'copyright' to check source files copyright and LICENSE
[2.677s] -- Added test 'cppcheck' to perform static code analysis on C / C++ code
[2.677s] -- Configured cppcheck include dirs: /home/mtl12345/autoware/src/universe/autoware.universe/perception/traffic_light_ssd_fine_detector/lib/include;/home/mtl12345/autoware/src/universe/autoware.universe/perception/traffic_light_ssd_fine_detector/include
[2.677s] -- Configured cppcheck exclude dirs and/or files: 
[2.677s] -- Added test 'lint_cmake' to check CMake code style
[2.678s] -- Added test 'xmllint' to check XML markup files
[2.682s] -- Configuring done
[2.720s] -- Generating done
[2.721s] -- Build files have been written to: /home/mtl12345/autoware/build/traffic_light_ssd_fine_detector
[3.062s] Invoked command in '/home/mtl12345/autoware/build/traffic_light_ssd_fine_detector' returned '0': AMENT_PREFIX_PATH=/home/mtl12345/autoware/install/tier4_perception_msgs:/home/mtl12345/autoware/install/autoware_cmake:/home/mtl12345/autoware/install/autoware_auto_perception_msgs:/home/mtl12345/autoware/install/tier4_debug_msgs:/home/mtl12345/autoware/install/autoware_lint_common:/home/mtl12345/autoware/install/autoware_auto_geometry_msgs:${AMENT_PREFIX_PATH} CMAKE_PREFIX_PATH=/home/mtl12345/autoware/install/tier4_perception_msgs:/home/mtl12345/autoware/install/autoware_cmake:/home/mtl12345/autoware/install/autoware_auto_perception_msgs:/home/mtl12345/autoware/install/tier4_debug_msgs:/home/mtl12345/autoware/install/autoware_lint_common:/home/mtl12345/autoware/install/autoware_auto_geometry_msgs:/opt/ros/humble LD_LIBRARY_PATH=/home/mtl12345/autoware/install/tier4_perception_msgs/lib:/home/mtl12345/autoware/install/autoware_auto_perception_msgs/lib:/home/mtl12345/autoware/install/tier4_debug_msgs/lib:/home/mtl12345/autoware/install/autoware_auto_geometry_msgs/lib:${LD_LIBRARY_PATH} PYTHONPATH=/home/mtl12345/autoware/install/tier4_perception_msgs/local/lib/python3.10/dist-packages:/home/mtl12345/autoware/install/autoware_auto_perception_msgs/local/lib/python3.10/dist-packages:/home/mtl12345/autoware/install/tier4_debug_msgs/local/lib/python3.10/dist-packages:/home/mtl12345/autoware/install/autoware_auto_geometry_msgs/local/lib/python3.10/dist-packages:${PYTHONPATH} /usr/bin/cmake /home/mtl12345/autoware/src/universe/autoware.universe/perception/traffic_light_ssd_fine_detector -DCMAKE_BUILD_TYPE=Release -DAMENT_CMAKE_SYMLINK_INSTALL=1 -DCMAKE_INSTALL_PREFIX=/home/mtl12345/autoware/install/traffic_light_ssd_fine_detector
[3.064s] Invoking command in '/home/mtl12345/autoware/build/traffic_light_ssd_fine_detector': AMENT_PREFIX_PATH=/home/mtl12345/autoware/install/tier4_perception_msgs:/home/mtl12345/autoware/install/autoware_cmake:/home/mtl12345/autoware/install/autoware_auto_perception_msgs:/home/mtl12345/autoware/install/tier4_debug_msgs:/home/mtl12345/autoware/install/autoware_lint_common:/home/mtl12345/autoware/install/autoware_auto_geometry_msgs:${AMENT_PREFIX_PATH} CMAKE_PREFIX_PATH=/home/mtl12345/autoware/install/tier4_perception_msgs:/home/mtl12345/autoware/install/autoware_cmake:/home/mtl12345/autoware/install/autoware_auto_perception_msgs:/home/mtl12345/autoware/install/tier4_debug_msgs:/home/mtl12345/autoware/install/autoware_lint_common:/home/mtl12345/autoware/install/autoware_auto_geometry_msgs:/opt/ros/humble LD_LIBRARY_PATH=/home/mtl12345/autoware/install/tier4_perception_msgs/lib:/home/mtl12345/autoware/install/autoware_auto_perception_msgs/lib:/home/mtl12345/autoware/install/tier4_debug_msgs/lib:/home/mtl12345/autoware/install/autoware_auto_geometry_msgs/lib:${LD_LIBRARY_PATH} PYTHONPATH=/home/mtl12345/autoware/install/tier4_perception_msgs/local/lib/python3.10/dist-packages:/home/mtl12345/autoware/install/autoware_auto_perception_msgs/local/lib/python3.10/dist-packages:/home/mtl12345/autoware/install/tier4_debug_msgs/local/lib/python3.10/dist-packages:/home/mtl12345/autoware/install/autoware_auto_geometry_msgs/local/lib/python3.10/dist-packages:${PYTHONPATH} /usr/bin/cmake --build /home/mtl12345/autoware/build/traffic_light_ssd_fine_detector -- -j12 -l12
[3.211s] [35m[1mConsolidate compiler generated dependencies of target gather_topk_plugin[0m
[3.212s] [35m[1mConsolidate compiler generated dependencies of target grid_priors_plugin[0m
[3.212s] [35m[1mConsolidate compiler generated dependencies of target traffic_light_ssd_fine_detector_node[0m
[3.212s] [ 25%] Built target gather_topk_plugin
[3.212s] [ 50%] Built target grid_priors_plugin
[3.212s] [ 66%] Built target traffic_light_ssd_fine_detector_node
[3.212s] [35m[1mConsolidate compiler generated dependencies of target ssd[0m
[3.213s] [ 83%] Built target ssd
[3.213s] [35m[1mConsolidate compiler generated dependencies of target traffic_light_ssd_fine_detector_nodelet[0m
[3.213s] [100%] Built target traffic_light_ssd_fine_detector_nodelet
[3.219s] Invoked command in '/home/mtl12345/autoware/build/traffic_light_ssd_fine_detector' returned '0': AMENT_PREFIX_PATH=/home/mtl12345/autoware/install/tier4_perception_msgs:/home/mtl12345/autoware/install/autoware_cmake:/home/mtl12345/autoware/install/autoware_auto_perception_msgs:/home/mtl12345/autoware/install/tier4_debug_msgs:/home/mtl12345/autoware/install/autoware_lint_common:/home/mtl12345/autoware/install/autoware_auto_geometry_msgs:${AMENT_PREFIX_PATH} CMAKE_PREFIX_PATH=/home/mtl12345/autoware/install/tier4_perception_msgs:/home/mtl12345/autoware/install/autoware_cmake:/home/mtl12345/autoware/install/autoware_auto_perception_msgs:/home/mtl12345/autoware/install/tier4_debug_msgs:/home/mtl12345/autoware/install/autoware_lint_common:/home/mtl12345/autoware/install/autoware_auto_geometry_msgs:/opt/ros/humble LD_LIBRARY_PATH=/home/mtl12345/autoware/install/tier4_perception_msgs/lib:/home/mtl12345/autoware/install/autoware_auto_perception_msgs/lib:/home/mtl12345/autoware/install/tier4_debug_msgs/lib:/home/mtl12345/autoware/install/autoware_auto_geometry_msgs/lib:${LD_LIBRARY_PATH} PYTHONPATH=/home/mtl12345/autoware/install/tier4_perception_msgs/local/lib/python3.10/dist-packages:/home/mtl12345/autoware/install/autoware_auto_perception_msgs/local/lib/python3.10/dist-packages:/home/mtl12345/autoware/install/tier4_debug_msgs/local/lib/python3.10/dist-packages:/home/mtl12345/autoware/install/autoware_auto_geometry_msgs/local/lib/python3.10/dist-packages:${PYTHONPATH} /usr/bin/cmake --build /home/mtl12345/autoware/build/traffic_light_ssd_fine_detector -- -j12 -l12
[3.663s] Invoking command in '/home/mtl12345/autoware/build/traffic_light_ssd_fine_detector': AMENT_PREFIX_PATH=/home/mtl12345/autoware/install/tier4_perception_msgs:/home/mtl12345/autoware/install/autoware_cmake:/home/mtl12345/autoware/install/autoware_auto_perception_msgs:/home/mtl12345/autoware/install/tier4_debug_msgs:/home/mtl12345/autoware/install/autoware_lint_common:/home/mtl12345/autoware/install/autoware_auto_geometry_msgs:${AMENT_PREFIX_PATH} CMAKE_PREFIX_PATH=/home/mtl12345/autoware/install/tier4_perception_msgs:/home/mtl12345/autoware/install/autoware_cmake:/home/mtl12345/autoware/install/autoware_auto_perception_msgs:/home/mtl12345/autoware/install/tier4_debug_msgs:/home/mtl12345/autoware/install/autoware_lint_common:/home/mtl12345/autoware/install/autoware_auto_geometry_msgs:/opt/ros/humble LD_LIBRARY_PATH=/home/mtl12345/autoware/install/tier4_perception_msgs/lib:/home/mtl12345/autoware/install/autoware_auto_perception_msgs/lib:/home/mtl12345/autoware/install/tier4_debug_msgs/lib:/home/mtl12345/autoware/install/autoware_auto_geometry_msgs/lib:${LD_LIBRARY_PATH} PYTHONPATH=/home/mtl12345/autoware/install/tier4_perception_msgs/local/lib/python3.10/dist-packages:/home/mtl12345/autoware/install/autoware_auto_perception_msgs/local/lib/python3.10/dist-packages:/home/mtl12345/autoware/install/tier4_debug_msgs/local/lib/python3.10/dist-packages:/home/mtl12345/autoware/install/autoware_auto_geometry_msgs/local/lib/python3.10/dist-packages:${PYTHONPATH} /usr/bin/cmake --install /home/mtl12345/autoware/build/traffic_light_ssd_fine_detector
[3.675s] -- Install configuration: "Release"
[3.675s] -- Execute custom install script
[3.676s] -- Up-to-date symlink: /home/mtl12345/autoware/install/traffic_light_ssd_fine_detector/lib/traffic_light_ssd_fine_detector/traffic_light_ssd_fine_detector_node
[3.677s] -- Up-to-date symlink: /home/mtl12345/autoware/install/traffic_light_ssd_fine_detector/include/traffic_light_ssd_fine_detector/nodelet.hpp
[3.677s] -- Up-to-date symlink: /home/mtl12345/autoware/install/traffic_light_ssd_fine_detector/share/traffic_light_ssd_fine_detector/environment/library_path.sh
[3.677s] -- Up-to-date symlink: /home/mtl12345/autoware/install/traffic_light_ssd_fine_detector/share/traffic_light_ssd_fine_detector/environment/library_path.dsv
[3.677s] -- Up-to-date symlink: /home/mtl12345/autoware/install/traffic_light_ssd_fine_detector/lib/libssd.so
[3.677s] -- Up-to-date symlink: /home/mtl12345/autoware/install/traffic_light_ssd_fine_detector/lib/libtraffic_light_ssd_fine_detector_nodelet.so
[3.678s] -- Up-to-date symlink: /home/mtl12345/autoware/install/traffic_light_ssd_fine_detector/share/traffic_light_ssd_fine_detector/launch/traffic_light_ssd_fine_detector.launch.xml
[3.678s] -- Up-to-date symlink: /home/mtl12345/autoware/install/traffic_light_ssd_fine_detector/share/ament_index/resource_index/package_run_dependencies/traffic_light_ssd_fine_detector
[3.678s] -- Up-to-date symlink: /home/mtl12345/autoware/install/traffic_light_ssd_fine_detector/share/ament_index/resource_index/parent_prefix_path/traffic_light_ssd_fine_detector
[3.679s] -- Up-to-date symlink: /home/mtl12345/autoware/install/traffic_light_ssd_fine_detector/share/traffic_light_ssd_fine_detector/environment/ament_prefix_path.sh
[3.680s] -- Up-to-date symlink: /home/mtl12345/autoware/install/traffic_light_ssd_fine_detector/share/traffic_light_ssd_fine_detector/environment/ament_prefix_path.dsv
[3.681s] -- Up-to-date symlink: /home/mtl12345/autoware/install/traffic_light_ssd_fine_detector/share/traffic_light_ssd_fine_detector/environment/path.sh
[3.681s] -- Up-to-date symlink: /home/mtl12345/autoware/install/traffic_light_ssd_fine_detector/share/traffic_light_ssd_fine_detector/environment/path.dsv
[3.681s] -- Up-to-date symlink: /home/mtl12345/autoware/install/traffic_light_ssd_fine_detector/share/traffic_light_ssd_fine_detector/local_setup.bash
[3.681s] -- Up-to-date symlink: /home/mtl12345/autoware/install/traffic_light_ssd_fine_detector/share/traffic_light_ssd_fine_detector/local_setup.sh
[3.681s] -- Up-to-date symlink: /home/mtl12345/autoware/install/traffic_light_ssd_fine_detector/share/traffic_light_ssd_fine_detector/local_setup.zsh
[3.682s] -- Up-to-date symlink: /home/mtl12345/autoware/install/traffic_light_ssd_fine_detector/share/traffic_light_ssd_fine_detector/local_setup.dsv
[3.682s] -- Symlinking: /home/mtl12345/autoware/install/traffic_light_ssd_fine_detector/share/traffic_light_ssd_fine_detector/package.dsv
[3.692s] -- Up-to-date symlink: /home/mtl12345/autoware/install/traffic_light_ssd_fine_detector/share/ament_index/resource_index/packages/traffic_light_ssd_fine_detector
[3.692s] -- Up-to-date symlink: /home/mtl12345/autoware/install/traffic_light_ssd_fine_detector/share/ament_index/resource_index/rclcpp_components/traffic_light_ssd_fine_detector
[3.692s] -- Up-to-date symlink: /home/mtl12345/autoware/install/traffic_light_ssd_fine_detector/share/traffic_light_ssd_fine_detector/cmake/ament_cmake_export_dependencies-extras.cmake
[3.693s] -- Up-to-date symlink: /home/mtl12345/autoware/install/traffic_light_ssd_fine_detector/share/traffic_light_ssd_fine_detector/cmake/ament_cmake_export_include_directories-extras.cmake
[3.693s] -- Up-to-date symlink: /home/mtl12345/autoware/install/traffic_light_ssd_fine_detector/share/traffic_light_ssd_fine_detector/cmake/ament_cmake_export_libraries-extras.cmake
[3.694s] -- Up-to-date symlink: /home/mtl12345/autoware/install/traffic_light_ssd_fine_detector/share/traffic_light_ssd_fine_detector/cmake/traffic_light_ssd_fine_detectorConfig.cmake
[3.694s] -- Up-to-date symlink: /home/mtl12345/autoware/install/traffic_light_ssd_fine_detector/share/traffic_light_ssd_fine_detector/cmake/traffic_light_ssd_fine_detectorConfig-version.cmake
[3.694s] -- Up-to-date symlink: /home/mtl12345/autoware/install/traffic_light_ssd_fine_detector/share/traffic_light_ssd_fine_detector/package.xml
[3.695s] -- Up-to-date symlink: /home/mtl12345/autoware/install/traffic_light_ssd_fine_detector/lib/libgather_topk_plugin.so
[3.696s] -- Up-to-date symlink: /home/mtl12345/autoware/install/traffic_light_ssd_fine_detector/lib/libgrid_priors_plugin.so
[3.702s] Invoked command in '/home/mtl12345/autoware/build/traffic_light_ssd_fine_detector' returned '0': AMENT_PREFIX_PATH=/home/mtl12345/autoware/install/tier4_perception_msgs:/home/mtl12345/autoware/install/autoware_cmake:/home/mtl12345/autoware/install/autoware_auto_perception_msgs:/home/mtl12345/autoware/install/tier4_debug_msgs:/home/mtl12345/autoware/install/autoware_lint_common:/home/mtl12345/autoware/install/autoware_auto_geometry_msgs:${AMENT_PREFIX_PATH} CMAKE_PREFIX_PATH=/home/mtl12345/autoware/install/tier4_perception_msgs:/home/mtl12345/autoware/install/autoware_cmake:/home/mtl12345/autoware/install/autoware_auto_perception_msgs:/home/mtl12345/autoware/install/tier4_debug_msgs:/home/mtl12345/autoware/install/autoware_lint_common:/home/mtl12345/autoware/install/autoware_auto_geometry_msgs:/opt/ros/humble LD_LIBRARY_PATH=/home/mtl12345/autoware/install/tier4_perception_msgs/lib:/home/mtl12345/autoware/install/autoware_auto_perception_msgs/lib:/home/mtl12345/autoware/install/tier4_debug_msgs/lib:/home/mtl12345/autoware/install/autoware_auto_geometry_msgs/lib:${LD_LIBRARY_PATH} PYTHONPATH=/home/mtl12345/autoware/install/tier4_perception_msgs/local/lib/python3.10/dist-packages:/home/mtl12345/autoware/install/autoware_auto_perception_msgs/local/lib/python3.10/dist-packages:/home/mtl12345/autoware/install/tier4_debug_msgs/local/lib/python3.10/dist-packages:/home/mtl12345/autoware/install/autoware_auto_geometry_msgs/local/lib/python3.10/dist-packages:${PYTHONPATH} /usr/bin/cmake --install /home/mtl12345/autoware/build/traffic_light_ssd_fine_detector
