[0.166s] Invoking command in '/home/zhijie/autoware/build/topic_state_monitor': AMENT_PREFIX_PATH=/home/zhijie/autoware/install/autoware_cmake:/home/zhijie/autoware/install/autoware_lint_common:${AMENT_PREFIX_PATH} CMAKE_PREFIX_PATH=/home/zhijie/autoware/install/autoware_cmake:/home/zhijie/autoware/install/autoware_lint_common:/opt/ros/humble /usr/bin/cmake --build /home/zhijie/autoware/build/topic_state_monitor -- -j16 -l16
[0.418s] [35m[1mConsolidate compiler generated dependencies of target topic_state_monitor[0m
[0.482s] [ 60%] Built target topic_state_monitor
[0.567s] [35m[1mConsolidate compiler generated dependencies of target topic_state_monitor_node[0m
[0.638s] [100%] Built target topic_state_monitor_node
[0.690s] Invoked command in '/home/zhijie/autoware/build/topic_state_monitor' returned '0': AMENT_PREFIX_PATH=/home/zhijie/autoware/install/autoware_cmake:/home/zhijie/autoware/install/autoware_lint_common:${AMENT_PREFIX_PATH} CMAKE_PREFIX_PATH=/home/zhijie/autoware/install/autoware_cmake:/home/zhijie/autoware/install/autoware_lint_common:/opt/ros/humble /usr/bin/cmake --build /home/zhijie/autoware/build/topic_state_monitor -- -j16 -l16
[1.165s] Invoking command in '/home/zhijie/autoware/build/topic_state_monitor': AMENT_PREFIX_PATH=/home/zhijie/autoware/install/autoware_cmake:/home/zhijie/autoware/install/autoware_lint_common:${AMENT_PREFIX_PATH} CMAKE_PREFIX_PATH=/home/zhijie/autoware/install/autoware_cmake:/home/zhijie/autoware/install/autoware_lint_common:/opt/ros/humble /usr/bin/cmake --install /home/zhijie/autoware/build/topic_state_monitor
[1.189s] -- Install configuration: "Release"
[1.189s] -- Execute custom install script
[1.189s] -- Up-to-date symlink: /home/zhijie/autoware/install/topic_state_monitor/lib/topic_state_monitor/topic_state_monitor_node
[1.189s] -- Up-to-date symlink: /home/zhijie/autoware/install/topic_state_monitor/include/topic_state_monitor/topic_state_monitor.hpp
[1.190s] -- Up-to-date symlink: /home/zhijie/autoware/install/topic_state_monitor/include/topic_state_monitor/topic_state_monitor_core.hpp
[1.190s] -- Up-to-date symlink: /home/zhijie/autoware/install/topic_state_monitor/share/topic_state_monitor/environment/library_path.sh
[1.190s] -- Up-to-date symlink: /home/zhijie/autoware/install/topic_state_monitor/share/topic_state_monitor/environment/library_path.dsv
[1.190s] -- Up-to-date symlink: /home/zhijie/autoware/install/topic_state_monitor/lib/libtopic_state_monitor.so
[1.190s] -- Up-to-date symlink: /home/zhijie/autoware/install/topic_state_monitor/share/topic_state_monitor/launch/topic_state_monitor.launch.xml
[1.190s] -- Up-to-date symlink: /home/zhijie/autoware/install/topic_state_monitor/share/topic_state_monitor/launch/topic_state_monitor_tf.launch.xml
[1.190s] -- Up-to-date symlink: /home/zhijie/autoware/install/topic_state_monitor/share/ament_index/resource_index/package_run_dependencies/topic_state_monitor
[1.191s] -- Up-to-date symlink: /home/zhijie/autoware/install/topic_state_monitor/share/ament_index/resource_index/parent_prefix_path/topic_state_monitor
[1.191s] -- Up-to-date symlink: /home/zhijie/autoware/install/topic_state_monitor/share/topic_state_monitor/environment/ament_prefix_path.sh
[1.191s] -- Up-to-date symlink: /home/zhijie/autoware/install/topic_state_monitor/share/topic_state_monitor/environment/ament_prefix_path.dsv
[1.191s] -- Up-to-date symlink: /home/zhijie/autoware/install/topic_state_monitor/share/topic_state_monitor/environment/path.sh
[1.195s] -- Up-to-date symlink: /home/zhijie/autoware/install/topic_state_monitor/share/topic_state_monitor/environment/path.dsv
[1.195s] -- Up-to-date symlink: /home/zhijie/autoware/install/topic_state_monitor/share/topic_state_monitor/local_setup.bash
[1.199s] -- Up-to-date symlink: /home/zhijie/autoware/install/topic_state_monitor/share/topic_state_monitor/local_setup.sh
[1.199s] -- Up-to-date symlink: /home/zhijie/autoware/install/topic_state_monitor/share/topic_state_monitor/local_setup.zsh
[1.199s] -- Up-to-date symlink: /home/zhijie/autoware/install/topic_state_monitor/share/topic_state_monitor/local_setup.dsv
[1.199s] -- Symlinking: /home/zhijie/autoware/install/topic_state_monitor/share/topic_state_monitor/package.dsv
[1.253s] -- Up-to-date symlink: /home/zhijie/autoware/install/topic_state_monitor/share/ament_index/resource_index/packages/topic_state_monitor
[1.253s] -- Up-to-date symlink: /home/zhijie/autoware/install/topic_state_monitor/share/ament_index/resource_index/rclcpp_components/topic_state_monitor
[1.253s] -- Up-to-date symlink: /home/zhijie/autoware/install/topic_state_monitor/share/topic_state_monitor/cmake/ament_cmake_export_dependencies-extras.cmake
[1.253s] -- Up-to-date symlink: /home/zhijie/autoware/install/topic_state_monitor/share/topic_state_monitor/cmake/ament_cmake_export_include_directories-extras.cmake
[1.254s] -- Up-to-date symlink: /home/zhijie/autoware/install/topic_state_monitor/share/topic_state_monitor/cmake/ament_cmake_export_libraries-extras.cmake
[1.254s] -- Up-to-date symlink: /home/zhijie/autoware/install/topic_state_monitor/share/topic_state_monitor/cmake/topic_state_monitorConfig.cmake
[1.254s] -- Up-to-date symlink: /home/zhijie/autoware/install/topic_state_monitor/share/topic_state_monitor/cmake/topic_state_monitorConfig-version.cmake
[1.254s] -- Up-to-date symlink: /home/zhijie/autoware/install/topic_state_monitor/share/topic_state_monitor/package.xml
[1.432s] Invoked command in '/home/zhijie/autoware/build/topic_state_monitor' returned '0': AMENT_PREFIX_PATH=/home/zhijie/autoware/install/autoware_cmake:/home/zhijie/autoware/install/autoware_lint_common:${AMENT_PREFIX_PATH} CMAKE_PREFIX_PATH=/home/zhijie/autoware/install/autoware_cmake:/home/zhijie/autoware/install/autoware_lint_common:/opt/ros/humble /usr/bin/cmake --install /home/zhijie/autoware/build/topic_state_monitor
