[0.078s] Invoking command in '/home/zhijie/autoware/build/tier4_debug_rviz_plugin': AMENT_PREFIX_PATH=/home/zhijie/autoware/install/autoware_cmake:/home/zhijie/autoware/install/tier4_debug_msgs:/home/zhijie/autoware/install/autoware_lint_common:${AMENT_PREFIX_PATH} CMAKE_PREFIX_PATH=/home/zhijie/autoware/install/autoware_cmake:/home/zhijie/autoware/install/tier4_debug_msgs:/home/zhijie/autoware/install/autoware_lint_common:/opt/ros/humble LD_LIBRARY_PATH=/home/zhijie/autoware/install/tier4_debug_msgs/lib:${LD_LIBRARY_PATH} PYTHONPATH=/home/zhijie/autoware/install/tier4_debug_msgs/local/lib/python3.10/dist-packages:${PYTHONPATH} /usr/bin/cmake /home/zhijie/autoware/src/universe/autoware.universe/common/tier4_debug_rviz_plugin -DCMAKE_BUILD_TYPE=Release -DAMENT_CMAKE_SYMLINK_INSTALL=1 -DCMAKE_INSTALL_PREFIX=/home/zhijie/autoware/install/tier4_debug_rviz_plugin
[7.506s] -- Found autoware_cmake: 0.1.0 (/home/zhijie/autoware/install/autoware_cmake/share/autoware_cmake/cmake)
[7.506s] -- Override CMake install command with custom implementation using symlinks instead of copying resources
[7.506s] -- Found rosidl_generator_c: 3.1.5 (/opt/ros/humble/share/rosidl_generator_c/cmake)
[7.506s] -- Found rosidl_adapter: 3.1.5 (/opt/ros/humble/share/rosidl_adapter/cmake)
[7.506s] -- Found rosidl_generator_cpp: 3.1.5 (/opt/ros/humble/share/rosidl_generator_cpp/cmake)
[7.507s] -- Using all available rosidl_typesupport_c: rosidl_typesupport_fastrtps_c;rosidl_typesupport_introspection_c
[7.507s] -- Using all available rosidl_typesupport_cpp: rosidl_typesupport_fastrtps_cpp;rosidl_typesupport_introspection_cpp
[7.507s] -- Found rmw_implementation_cmake: 6.1.1 (/opt/ros/humble/share/rmw_implementation_cmake/cmake)
[7.507s] -- Found rmw_cyclonedds_cpp: 1.3.4 (/opt/ros/humble/share/rmw_cyclonedds_cpp/cmake)
[7.507s] -- Using RMW implementation 'rmw_cyclonedds_cpp' as default
[7.507s] -- Setting OGRE_DIR to: '/opt/ros/humble/share/rviz_ogre_vendor/cmake/../../../opt/rviz_ogre_vendor/lib/OGRE/cmake'
[7.507s] -- Found OGRE
[7.507s] --   static     : OFF
[7.507s] --   components : HLMS;MeshLodGenerator;Overlay;Paging;Property;RTShaderSystem;Terrain;Volume
[7.507s] --   plugins    : Plugin_BSPSceneManager;Plugin_OctreeSceneManager;Plugin_PCZSceneManager;Plugin_ParticleFX;RenderSystem_GL;RenderSystem_GL3Plus;Codec_STBI
[7.508s] --   media      : /opt/ros/humble/opt/rviz_ogre_vendor/share/OGRE/Media
[7.510s] -- OGRE_LIBRARIES: OgreHLMS;OgreMeshLodGenerator;OgreOverlay;OgrePaging;OgreProperty;OgreRTShaderSystem;OgreTerrain;OgreVolume;OgreMain
[7.510s] -- OGRE_LIBRARY_DIRS: /opt/ros/humble/opt/rviz_ogre_vendor/lib
[7.510s] -- OGRE_PLUGINS: Plugin_BSPSceneManager;Plugin_OctreeSceneManager;Plugin_PCZSceneManager;Plugin_ParticleFX;RenderSystem_GL;RenderSystem_GL3Plus;Codec_STBI
[7.510s] -- OGRE_PLUGIN_DIR: /opt/ros/humble/opt/rviz_ogre_vendor/lib/OGRE
[7.510s] -- rviz_ogre_vendor::OgreOverlay for IMPORTED_LOCATION_RELEASE: /opt/ros/humble/opt/rviz_ogre_vendor/lib/libOgreOverlay.so
[7.510s] -- rviz_ogre_vendor::OgreOverlay for IMPORTED_LOCATION_DEBUG: /opt/ros/humble/opt/rviz_ogre_vendor/lib/libOgreOverlay.so
[7.510s] -- rviz_ogre_vendor::OgreMain for IMPORTED_LOCATION_RELEASE: /opt/ros/humble/opt/rviz_ogre_vendor/lib/libOgreMain.so
[7.511s] -- rviz_ogre_vendor::OgreMain for IMPORTED_LOCATION_DEBUG: /opt/ros/humble/opt/rviz_ogre_vendor/lib/libOgreMain.so
[7.511s] -- Could not find freeimage library
[7.511s] -- rviz_ogre_vendor::RenderSystem_GL for IMPORTED_LOCATION_RELEASE: _render_system_gl_static_library_abs-NOTFOUND
[7.511s] -- rviz_ogre_vendor::RenderSystem_GL for IMPORTED_LOCATION_DEBUG: _render_system_gl_static_library_abs-NOTFOUND
[7.511s] -- library: /usr/lib/x86_64-linux-gnu/libcurl.so
[7.511s] -- Ensuring Eigen3 include directory is part of orocos-kdl CMake target
[7.511s] -- Found ament_lint_auto: 0.12.8 (/opt/ros/humble/share/ament_lint_auto/cmake)
[7.511s] -- Added test 'copyright' to check source files copyright and LICENSE
[7.511s] -- Added test 'cppcheck' to perform static code analysis on C / C++ code
[7.512s] -- Configured cppcheck include dirs: /home/zhijie/autoware/src/universe/autoware.universe/common/tier4_debug_rviz_plugin/include
[7.523s] -- Configured cppcheck exclude dirs and/or files: 
[7.523s] -- Added test 'lint_cmake' to check CMake code style
[7.523s] -- Added test 'xmllint' to check XML markup files
[7.523s] -- Configuring done
[7.523s] -- Generating done
[7.523s] -- Build files have been written to: /home/zhijie/autoware/build/tier4_debug_rviz_plugin
[7.543s] Invoked command in '/home/zhijie/autoware/build/tier4_debug_rviz_plugin' returned '0': AMENT_PREFIX_PATH=/home/zhijie/autoware/install/autoware_cmake:/home/zhijie/autoware/install/tier4_debug_msgs:/home/zhijie/autoware/install/autoware_lint_common:${AMENT_PREFIX_PATH} CMAKE_PREFIX_PATH=/home/zhijie/autoware/install/autoware_cmake:/home/zhijie/autoware/install/tier4_debug_msgs:/home/zhijie/autoware/install/autoware_lint_common:/opt/ros/humble LD_LIBRARY_PATH=/home/zhijie/autoware/install/tier4_debug_msgs/lib:${LD_LIBRARY_PATH} PYTHONPATH=/home/zhijie/autoware/install/tier4_debug_msgs/local/lib/python3.10/dist-packages:${PYTHONPATH} /usr/bin/cmake /home/zhijie/autoware/src/universe/autoware.universe/common/tier4_debug_rviz_plugin -DCMAKE_BUILD_TYPE=Release -DAMENT_CMAKE_SYMLINK_INSTALL=1 -DCMAKE_INSTALL_PREFIX=/home/zhijie/autoware/install/tier4_debug_rviz_plugin
[7.544s] Invoking command in '/home/zhijie/autoware/build/tier4_debug_rviz_plugin': AMENT_PREFIX_PATH=/home/zhijie/autoware/install/autoware_cmake:/home/zhijie/autoware/install/tier4_debug_msgs:/home/zhijie/autoware/install/autoware_lint_common:${AMENT_PREFIX_PATH} CMAKE_PREFIX_PATH=/home/zhijie/autoware/install/autoware_cmake:/home/zhijie/autoware/install/tier4_debug_msgs:/home/zhijie/autoware/install/autoware_lint_common:/opt/ros/humble LD_LIBRARY_PATH=/home/zhijie/autoware/install/tier4_debug_msgs/lib:${LD_LIBRARY_PATH} PYTHONPATH=/home/zhijie/autoware/install/tier4_debug_msgs/local/lib/python3.10/dist-packages:${PYTHONPATH} /usr/bin/cmake --build /home/zhijie/autoware/build/tier4_debug_rviz_plugin -- -j16 -l16
[16.624s] [ 20%] [34m[1mAutomatic MOC for target tier4_debug_rviz_plugin[0m
[16.624s] [ 20%] Built target tier4_debug_rviz_plugin_autogen
[16.624s] [35m[1mConsolidate compiler generated dependencies of target tier4_debug_rviz_plugin[0m
[16.624s] [ 40%] [32mBuilding CXX object CMakeFiles/tier4_debug_rviz_plugin.dir/tier4_debug_rviz_plugin_autogen/mocs_compilation.cpp.o[0m
[16.624s] [ 60%] [32mBuilding CXX object CMakeFiles/tier4_debug_rviz_plugin.dir/src/jsk_overlay_utils.cpp.o[0m
[20.151s] [ 80%] [32mBuilding CXX object CMakeFiles/tier4_debug_rviz_plugin.dir/src/float32_multi_array_stamped_pie_chart.cpp.o[0m
[42.683s] [100%] [32m[1mLinking CXX shared library libtier4_debug_rviz_plugin.so[0m
[44.930s] [100%] Built target tier4_debug_rviz_plugin
[44.941s] Invoked command in '/home/zhijie/autoware/build/tier4_debug_rviz_plugin' returned '0': AMENT_PREFIX_PATH=/home/zhijie/autoware/install/autoware_cmake:/home/zhijie/autoware/install/tier4_debug_msgs:/home/zhijie/autoware/install/autoware_lint_common:${AMENT_PREFIX_PATH} CMAKE_PREFIX_PATH=/home/zhijie/autoware/install/autoware_cmake:/home/zhijie/autoware/install/tier4_debug_msgs:/home/zhijie/autoware/install/autoware_lint_common:/opt/ros/humble LD_LIBRARY_PATH=/home/zhijie/autoware/install/tier4_debug_msgs/lib:${LD_LIBRARY_PATH} PYTHONPATH=/home/zhijie/autoware/install/tier4_debug_msgs/local/lib/python3.10/dist-packages:${PYTHONPATH} /usr/bin/cmake --build /home/zhijie/autoware/build/tier4_debug_rviz_plugin -- -j16 -l16
[45.038s] Invoking command in '/home/zhijie/autoware/build/tier4_debug_rviz_plugin': AMENT_PREFIX_PATH=/home/zhijie/autoware/install/autoware_cmake:/home/zhijie/autoware/install/tier4_debug_msgs:/home/zhijie/autoware/install/autoware_lint_common:${AMENT_PREFIX_PATH} CMAKE_PREFIX_PATH=/home/zhijie/autoware/install/autoware_cmake:/home/zhijie/autoware/install/tier4_debug_msgs:/home/zhijie/autoware/install/autoware_lint_common:/opt/ros/humble LD_LIBRARY_PATH=/home/zhijie/autoware/install/tier4_debug_msgs/lib:${LD_LIBRARY_PATH} PYTHONPATH=/home/zhijie/autoware/install/tier4_debug_msgs/local/lib/python3.10/dist-packages:${PYTHONPATH} /usr/bin/cmake --install /home/zhijie/autoware/build/tier4_debug_rviz_plugin
[62.385s] -- Install configuration: "Release"
[62.386s] -- Execute custom install script
[62.386s] -- Up-to-date symlink: /home/zhijie/autoware/install/tier4_debug_rviz_plugin/share/tier4_debug_rviz_plugin/plugins/plugin_description.xml
[62.387s] -- Up-to-date symlink: /home/zhijie/autoware/install/tier4_debug_rviz_plugin/include/tier4_debug_rviz_plugin/float32_multi_array_stamped_pie_chart.hpp
[62.387s] -- Up-to-date symlink: /home/zhijie/autoware/install/tier4_debug_rviz_plugin/include/tier4_debug_rviz_plugin/jsk_overlay_utils.hpp
[62.387s] -- Up-to-date symlink: /home/zhijie/autoware/install/tier4_debug_rviz_plugin/share/tier4_debug_rviz_plugin/environment/library_path.sh
[62.387s] -- Up-to-date symlink: /home/zhijie/autoware/install/tier4_debug_rviz_plugin/share/tier4_debug_rviz_plugin/environment/library_path.dsv
[62.387s] -- Up-to-date symlink: /home/zhijie/autoware/install/tier4_debug_rviz_plugin/lib/libtier4_debug_rviz_plugin.so
[62.387s] -- Up-to-date symlink: /home/zhijie/autoware/install/tier4_debug_rviz_plugin/share/tier4_debug_rviz_plugin/icons/classes/Float32MultiArrayStampedPieChart.png
[62.388s] -- Up-to-date symlink: /home/zhijie/autoware/install/tier4_debug_rviz_plugin/share/tier4_debug_rviz_plugin/plugins/plugin_description.xml
[62.388s] -- Up-to-date symlink: /home/zhijie/autoware/install/tier4_debug_rviz_plugin/share/ament_index/resource_index/package_run_dependencies/tier4_debug_rviz_plugin
[62.388s] -- Up-to-date symlink: /home/zhijie/autoware/install/tier4_debug_rviz_plugin/share/ament_index/resource_index/parent_prefix_path/tier4_debug_rviz_plugin
[62.388s] -- Up-to-date symlink: /home/zhijie/autoware/install/tier4_debug_rviz_plugin/share/tier4_debug_rviz_plugin/environment/ament_prefix_path.sh
[62.388s] -- Up-to-date symlink: /home/zhijie/autoware/install/tier4_debug_rviz_plugin/share/tier4_debug_rviz_plugin/environment/ament_prefix_path.dsv
[62.388s] -- Up-to-date symlink: /home/zhijie/autoware/install/tier4_debug_rviz_plugin/share/tier4_debug_rviz_plugin/environment/path.sh
[62.388s] -- Up-to-date symlink: /home/zhijie/autoware/install/tier4_debug_rviz_plugin/share/tier4_debug_rviz_plugin/environment/path.dsv
[62.389s] -- Up-to-date symlink: /home/zhijie/autoware/install/tier4_debug_rviz_plugin/share/tier4_debug_rviz_plugin/local_setup.bash
[62.389s] -- Up-to-date symlink: /home/zhijie/autoware/install/tier4_debug_rviz_plugin/share/tier4_debug_rviz_plugin/local_setup.sh
[62.389s] -- Up-to-date symlink: /home/zhijie/autoware/install/tier4_debug_rviz_plugin/share/tier4_debug_rviz_plugin/local_setup.zsh
[62.389s] -- Up-to-date symlink: /home/zhijie/autoware/install/tier4_debug_rviz_plugin/share/tier4_debug_rviz_plugin/local_setup.dsv
[62.389s] -- Symlinking: /home/zhijie/autoware/install/tier4_debug_rviz_plugin/share/tier4_debug_rviz_plugin/package.dsv
[62.389s] -- Up-to-date symlink: /home/zhijie/autoware/install/tier4_debug_rviz_plugin/share/ament_index/resource_index/packages/tier4_debug_rviz_plugin
[62.390s] -- Up-to-date symlink: /home/zhijie/autoware/install/tier4_debug_rviz_plugin/share/ament_index/resource_index/rviz_common__pluginlib__plugin/tier4_debug_rviz_plugin
[62.390s] -- Up-to-date symlink: /home/zhijie/autoware/install/tier4_debug_rviz_plugin/share/tier4_debug_rviz_plugin/cmake/ament_cmake_export_dependencies-extras.cmake
[62.390s] -- Up-to-date symlink: /home/zhijie/autoware/install/tier4_debug_rviz_plugin/share/tier4_debug_rviz_plugin/cmake/ament_cmake_export_include_directories-extras.cmake
[62.390s] -- Up-to-date symlink: /home/zhijie/autoware/install/tier4_debug_rviz_plugin/share/tier4_debug_rviz_plugin/cmake/ament_cmake_export_libraries-extras.cmake
[62.390s] -- Up-to-date symlink: /home/zhijie/autoware/install/tier4_debug_rviz_plugin/share/tier4_debug_rviz_plugin/cmake/tier4_debug_rviz_pluginConfig.cmake
[62.403s] -- Up-to-date symlink: /home/zhijie/autoware/install/tier4_debug_rviz_plugin/share/tier4_debug_rviz_plugin/cmake/tier4_debug_rviz_pluginConfig-version.cmake
[62.403s] -- Up-to-date symlink: /home/zhijie/autoware/install/tier4_debug_rviz_plugin/share/tier4_debug_rviz_plugin/package.xml
[62.411s] Invoked command in '/home/zhijie/autoware/build/tier4_debug_rviz_plugin' returned '0': AMENT_PREFIX_PATH=/home/zhijie/autoware/install/autoware_cmake:/home/zhijie/autoware/install/tier4_debug_msgs:/home/zhijie/autoware/install/autoware_lint_common:${AMENT_PREFIX_PATH} CMAKE_PREFIX_PATH=/home/zhijie/autoware/install/autoware_cmake:/home/zhijie/autoware/install/tier4_debug_msgs:/home/zhijie/autoware/install/autoware_lint_common:/opt/ros/humble LD_LIBRARY_PATH=/home/zhijie/autoware/install/tier4_debug_msgs/lib:${LD_LIBRARY_PATH} PYTHONPATH=/home/zhijie/autoware/install/tier4_debug_msgs/local/lib/python3.10/dist-packages:${PYTHONPATH} /usr/bin/cmake --install /home/zhijie/autoware/build/tier4_debug_rviz_plugin
