-- Found ament_cmake_auto: 1.3.5 (/opt/ros/humble/share/ament_cmake_auto/cmake)
-- Override CMake install command with custom implementation using symlinks instead of copying resources
-- Using all available rosidl_typesupport_c: rosidl_typesupport_fastrtps_c;rosidl_typesupport_introspection_c
-- Found rosidl_adapter: 3.1.5 (/opt/ros/humble/share/rosidl_adapter/cmake)
-- Using all available rosidl_typesupport_cpp: rosidl_typesupport_fastrtps_cpp;rosidl_typesupport_introspection_cpp
-- Found ament_cmake_ros: 0.10.0 (/opt/ros/humble/share/ament_cmake_ros/cmake)
-- Using all available rosidl_typesupport_c: rosidl_typesupport_fastrtps_c;rosidl_typesupport_introspection_c
-- Using all available rosidl_typesupport_cpp: rosidl_typesupport_fastrtps_cpp;rosidl_typesupport_introspection_cpp
-- Found python_cmake_module: 0.10.0 (/opt/ros/humble/share/python_cmake_module/cmake)
-- Using PYTHON_EXECUTABLE: /usr/bin/python3
-- Using PYTHON_INCLUDE_DIRS: /usr/include/python3.10
-- Using PYTHON_LIBRARIES: /usr/lib/x86_64-linux-gnu/libpython3.10.so
-- Found ament_lint_auto: 0.12.8 (/opt/ros/humble/share/ament_lint_auto/cmake)
-- Added test 'copyright' to check source files copyright and LICENSE
-- Added test 'lint_cmake' to check CMake code style
-- Added test 'xmllint' to check XML markup files
-- Configuring done
-- Generating done
-- Build files have been written to: /home/zhijie/autoware/build/tier4_perception_msgs
[  0%] Built target tier4_perception_msgs__cpp
[  0%] Built target ament_cmake_python_symlink_tier4_perception_msgs
[35m[1mConsolidate compiler generated dependencies of target tier4_perception_msgs__rosidl_typesupport_introspection_cpp[0m
[  1%] [32mBuilding CXX object CMakeFiles/tier4_perception_msgs__rosidl_typesupport_introspection_cpp.dir/rosidl_typesupport_introspection_cpp/tier4_perception_msgs/msg/detail/detected_object_with_feature__type_support.cpp.o[0m
[  1%] [32mBuilding CXX object CMakeFiles/tier4_perception_msgs__rosidl_typesupport_introspection_cpp.dir/rosidl_typesupport_introspection_cpp/tier4_perception_msgs/msg/detail/traffic_light_roi_array__type_support.cpp.o[0m
[  2%] [32mBuilding CXX object CMakeFiles/tier4_perception_msgs__rosidl_typesupport_introspection_cpp.dir/rosidl_typesupport_introspection_cpp/tier4_perception_msgs/msg/detail/traffic_signal__type_support.cpp.o[0m
[  3%] [32mBuilding CXX object CMakeFiles/tier4_perception_msgs__rosidl_typesupport_introspection_cpp.dir/rosidl_typesupport_introspection_cpp/tier4_perception_msgs/msg/detail/traffic_signal_array__type_support.cpp.o[0m
[  4%] [32mBuilding CXX object CMakeFiles/tier4_perception_msgs__rosidl_typesupport_introspection_cpp.dir/rosidl_typesupport_introspection_cpp/tier4_perception_msgs/msg/detail/traffic_light_roi__type_support.cpp.o[0m
[  5%] [32mBuilding CXX object CMakeFiles/tier4_perception_msgs__rosidl_typesupport_introspection_cpp.dir/rosidl_typesupport_introspection_cpp/tier4_perception_msgs/msg/detail/traffic_light_element__type_support.cpp.o[0m
[  6%] [32mBuilding CXX object CMakeFiles/tier4_perception_msgs__rosidl_typesupport_introspection_cpp.dir/rosidl_typesupport_introspection_cpp/tier4_perception_msgs/msg/detail/state__type_support.cpp.o[0m
[  6%] [32mBuilding CXX object CMakeFiles/tier4_perception_msgs__rosidl_typesupport_introspection_cpp.dir/rosidl_typesupport_introspection_cpp/tier4_perception_msgs/msg/detail/shape__type_support.cpp.o[0m
[  7%] [32mBuilding CXX object CMakeFiles/tier4_perception_msgs__rosidl_typesupport_introspection_cpp.dir/rosidl_typesupport_introspection_cpp/tier4_perception_msgs/msg/detail/semantic__type_support.cpp.o[0m
[  8%] [32mBuilding CXX object CMakeFiles/tier4_perception_msgs__rosidl_typesupport_introspection_cpp.dir/rosidl_typesupport_introspection_cpp/tier4_perception_msgs/msg/detail/predicted_path__type_support.cpp.o[0m
[  9%] [32mBuilding CXX object CMakeFiles/tier4_perception_msgs__rosidl_typesupport_introspection_cpp.dir/rosidl_typesupport_introspection_cpp/tier4_perception_msgs/msg/detail/feature__type_support.cpp.o[0m
[  9%] [32mBuilding CXX object CMakeFiles/tier4_perception_msgs__rosidl_typesupport_introspection_cpp.dir/rosidl_typesupport_introspection_cpp/tier4_perception_msgs/msg/detail/dynamic_object_array__type_support.cpp.o[0m
[ 10%] [32mBuilding CXX object CMakeFiles/tier4_perception_msgs__rosidl_typesupport_introspection_cpp.dir/rosidl_typesupport_introspection_cpp/tier4_perception_msgs/msg/detail/dynamic_object__type_support.cpp.o[0m
[ 11%] [32mBuilding CXX object CMakeFiles/tier4_perception_msgs__rosidl_typesupport_introspection_cpp.dir/rosidl_typesupport_introspection_cpp/tier4_perception_msgs/msg/detail/detected_objects_with_feature__type_support.cpp.o[0m
[ 12%] [32m[1mLinking CXX shared library libtier4_perception_msgs__rosidl_typesupport_introspection_cpp.so[0m
[ 12%] Built target tier4_perception_msgs__rosidl_typesupport_introspection_cpp
running egg_info
writing tier4_perception_msgs.egg-info/PKG-INFO
writing dependency_links to tier4_perception_msgs.egg-info/dependency_links.txt
writing top-level names to tier4_perception_msgs.egg-info/top_level.txt
reading manifest file 'tier4_perception_msgs.egg-info/SOURCES.txt'
writing manifest file 'tier4_perception_msgs.egg-info/SOURCES.txt'
[ 12%] Built target ament_cmake_python_build_tier4_perception_msgs_egg
[35m[1mConsolidate compiler generated dependencies of target tier4_perception_msgs__rosidl_typesupport_fastrtps_cpp[0m
[ 13%] [32mBuilding CXX object CMakeFiles/tier4_perception_msgs__rosidl_typesupport_fastrtps_cpp.dir/rosidl_typesupport_fastrtps_cpp/tier4_perception_msgs/msg/detail/dds_fastrtps/detected_object_with_feature__type_support.cpp.o[0m
[ 14%] [32mBuilding CXX object CMakeFiles/tier4_perception_msgs__rosidl_typesupport_fastrtps_cpp.dir/rosidl_typesupport_fastrtps_cpp/tier4_perception_msgs/msg/detail/dds_fastrtps/traffic_signal_array__type_support.cpp.o[0m
[ 15%] [32mBuilding CXX object CMakeFiles/tier4_perception_msgs__rosidl_typesupport_fastrtps_cpp.dir/rosidl_typesupport_fastrtps_cpp/tier4_perception_msgs/msg/detail/dds_fastrtps/traffic_signal__type_support.cpp.o[0m
[ 16%] [32mBuilding CXX object CMakeFiles/tier4_perception_msgs__rosidl_typesupport_fastrtps_cpp.dir/rosidl_typesupport_fastrtps_cpp/tier4_perception_msgs/msg/detail/dds_fastrtps/traffic_light_roi_array__type_support.cpp.o[0m
[ 16%] [32mBuilding CXX object CMakeFiles/tier4_perception_msgs__rosidl_typesupport_fastrtps_cpp.dir/rosidl_typesupport_fastrtps_cpp/tier4_perception_msgs/msg/detail/dds_fastrtps/traffic_light_roi__type_support.cpp.o[0m
[ 17%] [32mBuilding CXX object CMakeFiles/tier4_perception_msgs__rosidl_typesupport_fastrtps_cpp.dir/rosidl_typesupport_fastrtps_cpp/tier4_perception_msgs/msg/detail/dds_fastrtps/traffic_light_element__type_support.cpp.o[0m
[ 18%] [32mBuilding CXX object CMakeFiles/tier4_perception_msgs__rosidl_typesupport_fastrtps_cpp.dir/rosidl_typesupport_fastrtps_cpp/tier4_perception_msgs/msg/detail/dds_fastrtps/state__type_support.cpp.o[0m
[ 19%] [32mBuilding CXX object CMakeFiles/tier4_perception_msgs__rosidl_typesupport_fastrtps_cpp.dir/rosidl_typesupport_fastrtps_cpp/tier4_perception_msgs/msg/detail/dds_fastrtps/shape__type_support.cpp.o[0m
[ 19%] [32mBuilding CXX object CMakeFiles/tier4_perception_msgs__rosidl_typesupport_fastrtps_cpp.dir/rosidl_typesupport_fastrtps_cpp/tier4_perception_msgs/msg/detail/dds_fastrtps/semantic__type_support.cpp.o[0m
[ 20%] [32mBuilding CXX object CMakeFiles/tier4_perception_msgs__rosidl_typesupport_fastrtps_cpp.dir/rosidl_typesupport_fastrtps_cpp/tier4_perception_msgs/msg/detail/dds_fastrtps/predicted_path__type_support.cpp.o[0m
[ 21%] [32mBuilding CXX object CMakeFiles/tier4_perception_msgs__rosidl_typesupport_fastrtps_cpp.dir/rosidl_typesupport_fastrtps_cpp/tier4_perception_msgs/msg/detail/dds_fastrtps/feature__type_support.cpp.o[0m
[ 22%] [32mBuilding CXX object CMakeFiles/tier4_perception_msgs__rosidl_typesupport_fastrtps_cpp.dir/rosidl_typesupport_fastrtps_cpp/tier4_perception_msgs/msg/detail/dds_fastrtps/dynamic_object_array__type_support.cpp.o[0m
[ 22%] [32mBuilding CXX object CMakeFiles/tier4_perception_msgs__rosidl_typesupport_fastrtps_cpp.dir/rosidl_typesupport_fastrtps_cpp/tier4_perception_msgs/msg/detail/dds_fastrtps/dynamic_object__type_support.cpp.o[0m
[ 23%] [32mBuilding CXX object CMakeFiles/tier4_perception_msgs__rosidl_typesupport_fastrtps_cpp.dir/rosidl_typesupport_fastrtps_cpp/tier4_perception_msgs/msg/detail/dds_fastrtps/detected_objects_with_feature__type_support.cpp.o[0m
[ 23%] [32m[1mLinking CXX shared library libtier4_perception_msgs__rosidl_typesupport_fastrtps_cpp.so[0m
[ 24%] Built target tier4_perception_msgs__rosidl_typesupport_fastrtps_cpp
[35m[1mConsolidate compiler generated dependencies of target tier4_perception_msgs__rosidl_typesupport_cpp[0m
[ 25%] [32mBuilding CXX object CMakeFiles/tier4_perception_msgs__rosidl_typesupport_cpp.dir/rosidl_typesupport_cpp/tier4_perception_msgs/msg/detected_object_with_feature__type_support.cpp.o[0m
[ 25%] [32mBuilding CXX object CMakeFiles/tier4_perception_msgs__rosidl_typesupport_cpp.dir/rosidl_typesupport_cpp/tier4_perception_msgs/msg/traffic_signal_array__type_support.cpp.o[0m
[ 26%] [32mBuilding CXX object CMakeFiles/tier4_perception_msgs__rosidl_typesupport_cpp.dir/rosidl_typesupport_cpp/tier4_perception_msgs/msg/traffic_signal__type_support.cpp.o[0m
[ 27%] [32mBuilding CXX object CMakeFiles/tier4_perception_msgs__rosidl_typesupport_cpp.dir/rosidl_typesupport_cpp/tier4_perception_msgs/msg/traffic_light_roi_array__type_support.cpp.o[0m
[ 28%] [32mBuilding CXX object CMakeFiles/tier4_perception_msgs__rosidl_typesupport_cpp.dir/rosidl_typesupport_cpp/tier4_perception_msgs/msg/traffic_light_roi__type_support.cpp.o[0m
[ 28%] [32mBuilding CXX object CMakeFiles/tier4_perception_msgs__rosidl_typesupport_cpp.dir/rosidl_typesupport_cpp/tier4_perception_msgs/msg/traffic_light_element__type_support.cpp.o[0m
[ 29%] [32mBuilding CXX object CMakeFiles/tier4_perception_msgs__rosidl_typesupport_cpp.dir/rosidl_typesupport_cpp/tier4_perception_msgs/msg/state__type_support.cpp.o[0m
[ 30%] [32mBuilding CXX object CMakeFiles/tier4_perception_msgs__rosidl_typesupport_cpp.dir/rosidl_typesupport_cpp/tier4_perception_msgs/msg/shape__type_support.cpp.o[0m
[ 31%] [32mBuilding CXX object CMakeFiles/tier4_perception_msgs__rosidl_typesupport_cpp.dir/rosidl_typesupport_cpp/tier4_perception_msgs/msg/semantic__type_support.cpp.o[0m
[ 31%] [32mBuilding CXX object CMakeFiles/tier4_perception_msgs__rosidl_typesupport_cpp.dir/rosidl_typesupport_cpp/tier4_perception_msgs/msg/predicted_path__type_support.cpp.o[0m
[ 32%] [32mBuilding CXX object CMakeFiles/tier4_perception_msgs__rosidl_typesupport_cpp.dir/rosidl_typesupport_cpp/tier4_perception_msgs/msg/feature__type_support.cpp.o[0m
[ 33%] [32mBuilding CXX object CMakeFiles/tier4_perception_msgs__rosidl_typesupport_cpp.dir/rosidl_typesupport_cpp/tier4_perception_msgs/msg/dynamic_object_array__type_support.cpp.o[0m
[ 33%] [32mBuilding CXX object CMakeFiles/tier4_perception_msgs__rosidl_typesupport_cpp.dir/rosidl_typesupport_cpp/tier4_perception_msgs/msg/dynamic_object__type_support.cpp.o[0m
[ 34%] [32mBuilding CXX object CMakeFiles/tier4_perception_msgs__rosidl_typesupport_cpp.dir/rosidl_typesupport_cpp/tier4_perception_msgs/msg/detected_objects_with_feature__type_support.cpp.o[0m
[ 35%] [32m[1mLinking CXX shared library libtier4_perception_msgs__rosidl_typesupport_cpp.so[0m
[ 36%] Built target tier4_perception_msgs__rosidl_typesupport_cpp
[35m[1mConsolidate compiler generated dependencies of target tier4_perception_msgs__rosidl_generator_c[0m
[ 48%] Built target tier4_perception_msgs__rosidl_generator_c
[35m[1mConsolidate compiler generated dependencies of target tier4_perception_msgs__rosidl_typesupport_c[0m
[35m[1mConsolidate compiler generated dependencies of target tier4_perception_msgs__rosidl_typesupport_introspection_c[0m
[35m[1mConsolidate compiler generated dependencies of target tier4_perception_msgs__rosidl_typesupport_fastrtps_c[0m
[ 60%] Built target tier4_perception_msgs__rosidl_typesupport_c
[ 72%] Built target tier4_perception_msgs__rosidl_typesupport_introspection_c
[ 74%] [32mBuilding CXX object CMakeFiles/tier4_perception_msgs__rosidl_typesupport_fastrtps_c.dir/rosidl_typesupport_fastrtps_c/tier4_perception_msgs/msg/detail/detected_object_with_feature__type_support_c.cpp.o[0m
[ 74%] [32mBuilding CXX object CMakeFiles/tier4_perception_msgs__rosidl_typesupport_fastrtps_c.dir/rosidl_typesupport_fastrtps_c/tier4_perception_msgs/msg/detail/detected_objects_with_feature__type_support_c.cpp.o[0m
[ 74%] [32mBuilding CXX object CMakeFiles/tier4_perception_msgs__rosidl_typesupport_fastrtps_c.dir/rosidl_typesupport_fastrtps_c/tier4_perception_msgs/msg/detail/dynamic_object__type_support_c.cpp.o[0m
[ 74%] [32mBuilding CXX object CMakeFiles/tier4_perception_msgs__rosidl_typesupport_fastrtps_c.dir/rosidl_typesupport_fastrtps_c/tier4_perception_msgs/msg/detail/traffic_signal_array__type_support_c.cpp.o[0m
[ 76%] [32mBuilding CXX object CMakeFiles/tier4_perception_msgs__rosidl_typesupport_fastrtps_c.dir/rosidl_typesupport_fastrtps_c/tier4_perception_msgs/msg/detail/traffic_signal__type_support_c.cpp.o[0m
[ 76%] [32mBuilding CXX object CMakeFiles/tier4_perception_msgs__rosidl_typesupport_fastrtps_c.dir/rosidl_typesupport_fastrtps_c/tier4_perception_msgs/msg/detail/traffic_light_roi_array__type_support_c.cpp.o[0m
[ 77%] [32mBuilding CXX object CMakeFiles/tier4_perception_msgs__rosidl_typesupport_fastrtps_c.dir/rosidl_typesupport_fastrtps_c/tier4_perception_msgs/msg/detail/traffic_light_roi__type_support_c.cpp.o[0m
[ 77%] [32mBuilding CXX object CMakeFiles/tier4_perception_msgs__rosidl_typesupport_fastrtps_c.dir/rosidl_typesupport_fastrtps_c/tier4_perception_msgs/msg/detail/traffic_light_element__type_support_c.cpp.o[0m
[ 78%] [32mBuilding CXX object CMakeFiles/tier4_perception_msgs__rosidl_typesupport_fastrtps_c.dir/rosidl_typesupport_fastrtps_c/tier4_perception_msgs/msg/detail/state__type_support_c.cpp.o[0m
[ 79%] [32mBuilding CXX object CMakeFiles/tier4_perception_msgs__rosidl_typesupport_fastrtps_c.dir/rosidl_typesupport_fastrtps_c/tier4_perception_msgs/msg/detail/shape__type_support_c.cpp.o[0m
[ 80%] [32mBuilding CXX object CMakeFiles/tier4_perception_msgs__rosidl_typesupport_fastrtps_c.dir/rosidl_typesupport_fastrtps_c/tier4_perception_msgs/msg/detail/semantic__type_support_c.cpp.o[0m
[ 80%] [32mBuilding CXX object CMakeFiles/tier4_perception_msgs__rosidl_typesupport_fastrtps_c.dir/rosidl_typesupport_fastrtps_c/tier4_perception_msgs/msg/detail/predicted_path__type_support_c.cpp.o[0m
[ 81%] [32mBuilding CXX object CMakeFiles/tier4_perception_msgs__rosidl_typesupport_fastrtps_c.dir/rosidl_typesupport_fastrtps_c/tier4_perception_msgs/msg/detail/feature__type_support_c.cpp.o[0m
[ 82%] [32mBuilding CXX object CMakeFiles/tier4_perception_msgs__rosidl_typesupport_fastrtps_c.dir/rosidl_typesupport_fastrtps_c/tier4_perception_msgs/msg/detail/dynamic_object_array__type_support_c.cpp.o[0m
[ 83%] [32m[1mLinking CXX shared library libtier4_perception_msgs__rosidl_typesupport_fastrtps_c.so[0m
[ 84%] Built target tier4_perception_msgs__rosidl_typesupport_fastrtps_c
[ 84%] Built target tier4_perception_msgs
[ 85%] Built target tier4_perception_msgs__py
[35m[1mConsolidate compiler generated dependencies of target tier4_perception_msgs__rosidl_generator_py[0m
[ 86%] [32mBuilding C object CMakeFiles/tier4_perception_msgs__rosidl_generator_py.dir/rosidl_generator_py/tier4_perception_msgs/msg/_detected_object_with_feature_s.c.o[0m
[ 86%] [32mBuilding C object CMakeFiles/tier4_perception_msgs__rosidl_generator_py.dir/rosidl_generator_py/tier4_perception_msgs/msg/_detected_objects_with_feature_s.c.o[0m
[ 87%] [32mBuilding C object CMakeFiles/tier4_perception_msgs__rosidl_generator_py.dir/rosidl_generator_py/tier4_perception_msgs/msg/_dynamic_object_s.c.o[0m
[ 88%] [32mBuilding C object CMakeFiles/tier4_perception_msgs__rosidl_generator_py.dir/rosidl_generator_py/tier4_perception_msgs/msg/_traffic_signal_array_s.c.o[0m
[ 88%] [32mBuilding C object CMakeFiles/tier4_perception_msgs__rosidl_generator_py.dir/rosidl_generator_py/tier4_perception_msgs/msg/_traffic_signal_s.c.o[0m
[ 89%] [32mBuilding C object CMakeFiles/tier4_perception_msgs__rosidl_generator_py.dir/rosidl_generator_py/tier4_perception_msgs/msg/_traffic_light_roi_array_s.c.o[0m
[ 90%] [32mBuilding C object CMakeFiles/tier4_perception_msgs__rosidl_generator_py.dir/rosidl_generator_py/tier4_perception_msgs/msg/_traffic_light_roi_s.c.o[0m
[ 90%] [32mBuilding C object CMakeFiles/tier4_perception_msgs__rosidl_generator_py.dir/rosidl_generator_py/tier4_perception_msgs/msg/_traffic_light_element_s.c.o[0m
[ 91%] [32mBuilding C object CMakeFiles/tier4_perception_msgs__rosidl_generator_py.dir/rosidl_generator_py/tier4_perception_msgs/msg/_state_s.c.o[0m
[ 92%] [32mBuilding C object CMakeFiles/tier4_perception_msgs__rosidl_generator_py.dir/rosidl_generator_py/tier4_perception_msgs/msg/_shape_s.c.o[0m
[ 93%] [32mBuilding C object CMakeFiles/tier4_perception_msgs__rosidl_generator_py.dir/rosidl_generator_py/tier4_perception_msgs/msg/_semantic_s.c.o[0m
[ 93%] [32mBuilding C object CMakeFiles/tier4_perception_msgs__rosidl_generator_py.dir/rosidl_generator_py/tier4_perception_msgs/msg/_predicted_path_s.c.o[0m
[ 94%] [32mBuilding C object CMakeFiles/tier4_perception_msgs__rosidl_generator_py.dir/rosidl_generator_py/tier4_perception_msgs/msg/_feature_s.c.o[0m
[ 95%] [32mBuilding C object CMakeFiles/tier4_perception_msgs__rosidl_generator_py.dir/rosidl_generator_py/tier4_perception_msgs/msg/_dynamic_object_array_s.c.o[0m
[ 96%] [32m[1mLinking C shared library rosidl_generator_py/tier4_perception_msgs/libtier4_perception_msgs__rosidl_generator_py.so[0m
[ 96%] Built target tier4_perception_msgs__rosidl_generator_py
[35m[1mConsolidate compiler generated dependencies of target tier4_perception_msgs__rosidl_typesupport_fastrtps_c__pyext[0m
[ 97%] [32mBuilding C object CMakeFiles/tier4_perception_msgs__rosidl_typesupport_fastrtps_c__pyext.dir/rosidl_generator_py/tier4_perception_msgs/_tier4_perception_msgs_s.ep.rosidl_typesupport_fastrtps_c.c.o[0m
[ 97%] [32m[1mLinking C shared library rosidl_generator_py/tier4_perception_msgs/tier4_perception_msgs_s__rosidl_typesupport_fastrtps_c.cpython-310-x86_64-linux-gnu.so[0m
[ 97%] Built target tier4_perception_msgs__rosidl_typesupport_fastrtps_c__pyext
[35m[1mConsolidate compiler generated dependencies of target tier4_perception_msgs__rosidl_typesupport_c__pyext[0m
[ 98%] [32mBuilding C object CMakeFiles/tier4_perception_msgs__rosidl_typesupport_c__pyext.dir/rosidl_generator_py/tier4_perception_msgs/_tier4_perception_msgs_s.ep.rosidl_typesupport_c.c.o[0m
[ 98%] [32m[1mLinking C shared library rosidl_generator_py/tier4_perception_msgs/tier4_perception_msgs_s__rosidl_typesupport_c.cpython-310-x86_64-linux-gnu.so[0m
[ 98%] Built target tier4_perception_msgs__rosidl_typesupport_c__pyext
[35m[1mConsolidate compiler generated dependencies of target tier4_perception_msgs__rosidl_typesupport_introspection_c__pyext[0m
[ 99%] [32mBuilding C object CMakeFiles/tier4_perception_msgs__rosidl_typesupport_introspection_c__pyext.dir/rosidl_generator_py/tier4_perception_msgs/_tier4_perception_msgs_s.ep.rosidl_typesupport_introspection_c.c.o[0m
[100%] [32m[1mLinking C shared library rosidl_generator_py/tier4_perception_msgs/tier4_perception_msgs_s__rosidl_typesupport_introspection_c.cpython-310-x86_64-linux-gnu.so[0m
[100%] Built target tier4_perception_msgs__rosidl_typesupport_introspection_c__pyext
-- Install configuration: "Release"
-- Execute custom install script
-- Up-to-date symlink: /home/zhijie/autoware/install/tier4_perception_msgs/share/ament_index/resource_index/rosidl_interfaces/tier4_perception_msgs
-- Up-to-date symlink: /home/zhijie/autoware/install/tier4_perception_msgs/include/tier4_perception_msgs/tier4_perception_msgs/msg/detail/detected_object_with_feature__functions.h
-- Up-to-date symlink: /home/zhijie/autoware/install/tier4_perception_msgs/include/tier4_perception_msgs/tier4_perception_msgs/msg/detail/detected_object_with_feature__struct.h
-- Up-to-date symlink: /home/zhijie/autoware/install/tier4_perception_msgs/include/tier4_perception_msgs/tier4_perception_msgs/msg/detail/detected_object_with_feature__type_support.h
-- Up-to-date symlink: /home/zhijie/autoware/install/tier4_perception_msgs/include/tier4_perception_msgs/tier4_perception_msgs/msg/detail/detected_objects_with_feature__functions.h
-- Up-to-date symlink: /home/zhijie/autoware/install/tier4_perception_msgs/include/tier4_perception_msgs/tier4_perception_msgs/msg/detail/detected_objects_with_feature__struct.h
-- Up-to-date symlink: /home/zhijie/autoware/install/tier4_perception_msgs/include/tier4_perception_msgs/tier4_perception_msgs/msg/detail/detected_objects_with_feature__type_support.h
-- Up-to-date symlink: /home/zhijie/autoware/install/tier4_perception_msgs/include/tier4_perception_msgs/tier4_perception_msgs/msg/detail/dynamic_object__functions.h
-- Up-to-date symlink: /home/zhijie/autoware/install/tier4_perception_msgs/include/tier4_perception_msgs/tier4_perception_msgs/msg/detail/dynamic_object__struct.h
-- Up-to-date symlink: /home/zhijie/autoware/install/tier4_perception_msgs/include/tier4_perception_msgs/tier4_perception_msgs/msg/detail/dynamic_object__type_support.h
-- Up-to-date symlink: /home/zhijie/autoware/install/tier4_perception_msgs/include/tier4_perception_msgs/tier4_perception_msgs/msg/detail/dynamic_object_array__functions.h
-- Up-to-date symlink: /home/zhijie/autoware/install/tier4_perception_msgs/include/tier4_perception_msgs/tier4_perception_msgs/msg/detail/dynamic_object_array__struct.h
-- Up-to-date symlink: /home/zhijie/autoware/install/tier4_perception_msgs/include/tier4_perception_msgs/tier4_perception_msgs/msg/detail/dynamic_object_array__type_support.h
-- Up-to-date symlink: /home/zhijie/autoware/install/tier4_perception_msgs/include/tier4_perception_msgs/tier4_perception_msgs/msg/detail/feature__functions.h
-- Up-to-date symlink: /home/zhijie/autoware/install/tier4_perception_msgs/include/tier4_perception_msgs/tier4_perception_msgs/msg/detail/feature__struct.h
-- Up-to-date symlink: /home/zhijie/autoware/install/tier4_perception_msgs/include/tier4_perception_msgs/tier4_perception_msgs/msg/detail/feature__type_support.h
-- Up-to-date symlink: /home/zhijie/autoware/install/tier4_perception_msgs/include/tier4_perception_msgs/tier4_perception_msgs/msg/detail/predicted_path__functions.h
-- Up-to-date symlink: /home/zhijie/autoware/install/tier4_perception_msgs/include/tier4_perception_msgs/tier4_perception_msgs/msg/detail/predicted_path__struct.h
-- Up-to-date symlink: /home/zhijie/autoware/install/tier4_perception_msgs/include/tier4_perception_msgs/tier4_perception_msgs/msg/detail/predicted_path__type_support.h
-- Up-to-date symlink: /home/zhijie/autoware/install/tier4_perception_msgs/include/tier4_perception_msgs/tier4_perception_msgs/msg/detail/semantic__functions.h
-- Up-to-date symlink: /home/zhijie/autoware/install/tier4_perception_msgs/include/tier4_perception_msgs/tier4_perception_msgs/msg/detail/semantic__struct.h
-- Up-to-date symlink: /home/zhijie/autoware/install/tier4_perception_msgs/include/tier4_perception_msgs/tier4_perception_msgs/msg/detail/semantic__type_support.h
-- Up-to-date symlink: /home/zhijie/autoware/install/tier4_perception_msgs/include/tier4_perception_msgs/tier4_perception_msgs/msg/detail/shape__functions.h
-- Up-to-date symlink: /home/zhijie/autoware/install/tier4_perception_msgs/include/tier4_perception_msgs/tier4_perception_msgs/msg/detail/shape__struct.h
-- Up-to-date symlink: /home/zhijie/autoware/install/tier4_perception_msgs/include/tier4_perception_msgs/tier4_perception_msgs/msg/detail/shape__type_support.h
-- Up-to-date symlink: /home/zhijie/autoware/install/tier4_perception_msgs/include/tier4_perception_msgs/tier4_perception_msgs/msg/detail/state__functions.h
-- Up-to-date symlink: /home/zhijie/autoware/install/tier4_perception_msgs/include/tier4_perception_msgs/tier4_perception_msgs/msg/detail/state__struct.h
-- Up-to-date symlink: /home/zhijie/autoware/install/tier4_perception_msgs/include/tier4_perception_msgs/tier4_perception_msgs/msg/detail/state__type_support.h
-- Up-to-date symlink: /home/zhijie/autoware/install/tier4_perception_msgs/include/tier4_perception_msgs/tier4_perception_msgs/msg/detail/traffic_light_element__functions.h
-- Up-to-date symlink: /home/zhijie/autoware/install/tier4_perception_msgs/include/tier4_perception_msgs/tier4_perception_msgs/msg/detail/traffic_light_element__struct.h
-- Up-to-date symlink: /home/zhijie/autoware/install/tier4_perception_msgs/include/tier4_perception_msgs/tier4_perception_msgs/msg/detail/traffic_light_element__type_support.h
-- Up-to-date symlink: /home/zhijie/autoware/install/tier4_perception_msgs/include/tier4_perception_msgs/tier4_perception_msgs/msg/detail/traffic_light_roi__functions.h
-- Up-to-date symlink: /home/zhijie/autoware/install/tier4_perception_msgs/include/tier4_perception_msgs/tier4_perception_msgs/msg/detail/traffic_light_roi__struct.h
-- Up-to-date symlink: /home/zhijie/autoware/install/tier4_perception_msgs/include/tier4_perception_msgs/tier4_perception_msgs/msg/detail/traffic_light_roi__type_support.h
-- Up-to-date symlink: /home/zhijie/autoware/install/tier4_perception_msgs/include/tier4_perception_msgs/tier4_perception_msgs/msg/detail/traffic_light_roi_array__functions.h
-- Up-to-date symlink: /home/zhijie/autoware/install/tier4_perception_msgs/include/tier4_perception_msgs/tier4_perception_msgs/msg/detail/traffic_light_roi_array__struct.h
-- Up-to-date symlink: /home/zhijie/autoware/install/tier4_perception_msgs/include/tier4_perception_msgs/tier4_perception_msgs/msg/detail/traffic_light_roi_array__type_support.h
-- Up-to-date symlink: /home/zhijie/autoware/install/tier4_perception_msgs/include/tier4_perception_msgs/tier4_perception_msgs/msg/detail/traffic_signal__functions.h
-- Up-to-date symlink: /home/zhijie/autoware/install/tier4_perception_msgs/include/tier4_perception_msgs/tier4_perception_msgs/msg/detail/traffic_signal__struct.h
-- Up-to-date symlink: /home/zhijie/autoware/install/tier4_perception_msgs/include/tier4_perception_msgs/tier4_perception_msgs/msg/detail/traffic_signal__type_support.h
-- Up-to-date symlink: /home/zhijie/autoware/install/tier4_perception_msgs/include/tier4_perception_msgs/tier4_perception_msgs/msg/detail/traffic_signal_array__functions.h
-- Up-to-date symlink: /home/zhijie/autoware/install/tier4_perception_msgs/include/tier4_perception_msgs/tier4_perception_msgs/msg/detail/traffic_signal_array__struct.h
-- Up-to-date symlink: /home/zhijie/autoware/install/tier4_perception_msgs/include/tier4_perception_msgs/tier4_perception_msgs/msg/detail/traffic_signal_array__type_support.h
-- Up-to-date symlink: /home/zhijie/autoware/install/tier4_perception_msgs/include/tier4_perception_msgs/tier4_perception_msgs/msg/detected_object_with_feature.h
-- Up-to-date symlink: /home/zhijie/autoware/install/tier4_perception_msgs/include/tier4_perception_msgs/tier4_perception_msgs/msg/detected_objects_with_feature.h
-- Up-to-date symlink: /home/zhijie/autoware/install/tier4_perception_msgs/include/tier4_perception_msgs/tier4_perception_msgs/msg/dynamic_object.h
-- Up-to-date symlink: /home/zhijie/autoware/install/tier4_perception_msgs/include/tier4_perception_msgs/tier4_perception_msgs/msg/dynamic_object_array.h
-- Up-to-date symlink: /home/zhijie/autoware/install/tier4_perception_msgs/include/tier4_perception_msgs/tier4_perception_msgs/msg/feature.h
-- Up-to-date symlink: /home/zhijie/autoware/install/tier4_perception_msgs/include/tier4_perception_msgs/tier4_perception_msgs/msg/predicted_path.h
-- Up-to-date symlink: /home/zhijie/autoware/install/tier4_perception_msgs/include/tier4_perception_msgs/tier4_perception_msgs/msg/rosidl_generator_c__visibility_control.h
-- Up-to-date symlink: /home/zhijie/autoware/install/tier4_perception_msgs/include/tier4_perception_msgs/tier4_perception_msgs/msg/semantic.h
-- Up-to-date symlink: /home/zhijie/autoware/install/tier4_perception_msgs/include/tier4_perception_msgs/tier4_perception_msgs/msg/shape.h
-- Up-to-date symlink: /home/zhijie/autoware/install/tier4_perception_msgs/include/tier4_perception_msgs/tier4_perception_msgs/msg/state.h
-- Up-to-date symlink: /home/zhijie/autoware/install/tier4_perception_msgs/include/tier4_perception_msgs/tier4_perception_msgs/msg/traffic_light_element.h
-- Up-to-date symlink: /home/zhijie/autoware/install/tier4_perception_msgs/include/tier4_perception_msgs/tier4_perception_msgs/msg/traffic_light_roi.h
-- Up-to-date symlink: /home/zhijie/autoware/install/tier4_perception_msgs/include/tier4_perception_msgs/tier4_perception_msgs/msg/traffic_light_roi_array.h
-- Up-to-date symlink: /home/zhijie/autoware/install/tier4_perception_msgs/include/tier4_perception_msgs/tier4_perception_msgs/msg/traffic_signal.h
-- Up-to-date symlink: /home/zhijie/autoware/install/tier4_perception_msgs/include/tier4_perception_msgs/tier4_perception_msgs/msg/traffic_signal_array.h
-- Up-to-date symlink: /home/zhijie/autoware/install/tier4_perception_msgs/share/tier4_perception_msgs/environment/library_path.sh
-- Up-to-date symlink: /home/zhijie/autoware/install/tier4_perception_msgs/share/tier4_perception_msgs/environment/library_path.dsv
-- Up-to-date symlink: /home/zhijie/autoware/install/tier4_perception_msgs/include/tier4_perception_msgs/tier4_perception_msgs/msg/detail/detected_object_with_feature__rosidl_typesupport_fastrtps_c.h
-- Up-to-date symlink: /home/zhijie/autoware/install/tier4_perception_msgs/include/tier4_perception_msgs/tier4_perception_msgs/msg/detail/detected_objects_with_feature__rosidl_typesupport_fastrtps_c.h
-- Up-to-date symlink: /home/zhijie/autoware/install/tier4_perception_msgs/include/tier4_perception_msgs/tier4_perception_msgs/msg/detail/dynamic_object__rosidl_typesupport_fastrtps_c.h
-- Up-to-date symlink: /home/zhijie/autoware/install/tier4_perception_msgs/include/tier4_perception_msgs/tier4_perception_msgs/msg/detail/dynamic_object_array__rosidl_typesupport_fastrtps_c.h
-- Up-to-date symlink: /home/zhijie/autoware/install/tier4_perception_msgs/include/tier4_perception_msgs/tier4_perception_msgs/msg/detail/feature__rosidl_typesupport_fastrtps_c.h
-- Up-to-date symlink: /home/zhijie/autoware/install/tier4_perception_msgs/include/tier4_perception_msgs/tier4_perception_msgs/msg/detail/predicted_path__rosidl_typesupport_fastrtps_c.h
-- Up-to-date symlink: /home/zhijie/autoware/install/tier4_perception_msgs/include/tier4_perception_msgs/tier4_perception_msgs/msg/detail/semantic__rosidl_typesupport_fastrtps_c.h
-- Up-to-date symlink: /home/zhijie/autoware/install/tier4_perception_msgs/include/tier4_perception_msgs/tier4_perception_msgs/msg/detail/shape__rosidl_typesupport_fastrtps_c.h
-- Up-to-date symlink: /home/zhijie/autoware/install/tier4_perception_msgs/include/tier4_perception_msgs/tier4_perception_msgs/msg/detail/state__rosidl_typesupport_fastrtps_c.h
-- Up-to-date symlink: /home/zhijie/autoware/install/tier4_perception_msgs/include/tier4_perception_msgs/tier4_perception_msgs/msg/detail/traffic_light_element__rosidl_typesupport_fastrtps_c.h
-- Up-to-date symlink: /home/zhijie/autoware/install/tier4_perception_msgs/include/tier4_perception_msgs/tier4_perception_msgs/msg/detail/traffic_light_roi__rosidl_typesupport_fastrtps_c.h
-- Up-to-date symlink: /home/zhijie/autoware/install/tier4_perception_msgs/include/tier4_perception_msgs/tier4_perception_msgs/msg/detail/traffic_light_roi_array__rosidl_typesupport_fastrtps_c.h
-- Up-to-date symlink: /home/zhijie/autoware/install/tier4_perception_msgs/include/tier4_perception_msgs/tier4_perception_msgs/msg/detail/traffic_signal__rosidl_typesupport_fastrtps_c.h
-- Up-to-date symlink: /home/zhijie/autoware/install/tier4_perception_msgs/include/tier4_perception_msgs/tier4_perception_msgs/msg/detail/traffic_signal_array__rosidl_typesupport_fastrtps_c.h
-- Up-to-date symlink: /home/zhijie/autoware/install/tier4_perception_msgs/include/tier4_perception_msgs/tier4_perception_msgs/msg/rosidl_typesupport_fastrtps_c__visibility_control.h
-- Up-to-date symlink: /home/zhijie/autoware/install/tier4_perception_msgs/include/tier4_perception_msgs/tier4_perception_msgs/msg/detail/detected_object_with_feature__rosidl_typesupport_introspection_c.h
-- Up-to-date symlink: /home/zhijie/autoware/install/tier4_perception_msgs/include/tier4_perception_msgs/tier4_perception_msgs/msg/detail/detected_objects_with_feature__rosidl_typesupport_introspection_c.h
-- Up-to-date symlink: /home/zhijie/autoware/install/tier4_perception_msgs/include/tier4_perception_msgs/tier4_perception_msgs/msg/detail/dynamic_object__rosidl_typesupport_introspection_c.h
-- Up-to-date symlink: /home/zhijie/autoware/install/tier4_perception_msgs/include/tier4_perception_msgs/tier4_perception_msgs/msg/detail/dynamic_object_array__rosidl_typesupport_introspection_c.h
-- Up-to-date symlink: /home/zhijie/autoware/install/tier4_perception_msgs/include/tier4_perception_msgs/tier4_perception_msgs/msg/detail/feature__rosidl_typesupport_introspection_c.h
-- Up-to-date symlink: /home/zhijie/autoware/install/tier4_perception_msgs/include/tier4_perception_msgs/tier4_perception_msgs/msg/detail/predicted_path__rosidl_typesupport_introspection_c.h
-- Up-to-date symlink: /home/zhijie/autoware/install/tier4_perception_msgs/include/tier4_perception_msgs/tier4_perception_msgs/msg/detail/semantic__rosidl_typesupport_introspection_c.h
-- Up-to-date symlink: /home/zhijie/autoware/install/tier4_perception_msgs/include/tier4_perception_msgs/tier4_perception_msgs/msg/detail/shape__rosidl_typesupport_introspection_c.h
-- Up-to-date symlink: /home/zhijie/autoware/install/tier4_perception_msgs/include/tier4_perception_msgs/tier4_perception_msgs/msg/detail/state__rosidl_typesupport_introspection_c.h
-- Up-to-date symlink: /home/zhijie/autoware/install/tier4_perception_msgs/include/tier4_perception_msgs/tier4_perception_msgs/msg/detail/traffic_light_element__rosidl_typesupport_introspection_c.h
-- Up-to-date symlink: /home/zhijie/autoware/install/tier4_perception_msgs/include/tier4_perception_msgs/tier4_perception_msgs/msg/detail/traffic_light_roi__rosidl_typesupport_introspection_c.h
-- Up-to-date symlink: /home/zhijie/autoware/install/tier4_perception_msgs/include/tier4_perception_msgs/tier4_perception_msgs/msg/detail/traffic_light_roi_array__rosidl_typesupport_introspection_c.h
-- Up-to-date symlink: /home/zhijie/autoware/install/tier4_perception_msgs/include/tier4_perception_msgs/tier4_perception_msgs/msg/detail/traffic_signal__rosidl_typesupport_introspection_c.h
-- Up-to-date symlink: /home/zhijie/autoware/install/tier4_perception_msgs/include/tier4_perception_msgs/tier4_perception_msgs/msg/detail/traffic_signal_array__rosidl_typesupport_introspection_c.h
-- Up-to-date symlink: /home/zhijie/autoware/install/tier4_perception_msgs/include/tier4_perception_msgs/tier4_perception_msgs/msg/rosidl_typesupport_introspection_c__visibility_control.h
-- Up-to-date symlink: /home/zhijie/autoware/install/tier4_perception_msgs/include/tier4_perception_msgs/tier4_perception_msgs/msg/detail/detected_object_with_feature__builder.hpp
-- Up-to-date symlink: /home/zhijie/autoware/install/tier4_perception_msgs/include/tier4_perception_msgs/tier4_perception_msgs/msg/detail/detected_object_with_feature__struct.hpp
-- Up-to-date symlink: /home/zhijie/autoware/install/tier4_perception_msgs/include/tier4_perception_msgs/tier4_perception_msgs/msg/detail/detected_object_with_feature__traits.hpp
-- Up-to-date symlink: /home/zhijie/autoware/install/tier4_perception_msgs/include/tier4_perception_msgs/tier4_perception_msgs/msg/detail/detected_objects_with_feature__builder.hpp
-- Up-to-date symlink: /home/zhijie/autoware/install/tier4_perception_msgs/include/tier4_perception_msgs/tier4_perception_msgs/msg/detail/detected_objects_with_feature__struct.hpp
-- Up-to-date symlink: /home/zhijie/autoware/install/tier4_perception_msgs/include/tier4_perception_msgs/tier4_perception_msgs/msg/detail/detected_objects_with_feature__traits.hpp
-- Up-to-date symlink: /home/zhijie/autoware/install/tier4_perception_msgs/include/tier4_perception_msgs/tier4_perception_msgs/msg/detail/dynamic_object__builder.hpp
-- Up-to-date symlink: /home/zhijie/autoware/install/tier4_perception_msgs/include/tier4_perception_msgs/tier4_perception_msgs/msg/detail/dynamic_object__struct.hpp
-- Up-to-date symlink: /home/zhijie/autoware/install/tier4_perception_msgs/include/tier4_perception_msgs/tier4_perception_msgs/msg/detail/dynamic_object__traits.hpp
-- Up-to-date symlink: /home/zhijie/autoware/install/tier4_perception_msgs/include/tier4_perception_msgs/tier4_perception_msgs/msg/detail/dynamic_object_array__builder.hpp
-- Up-to-date symlink: /home/zhijie/autoware/install/tier4_perception_msgs/include/tier4_perception_msgs/tier4_perception_msgs/msg/detail/dynamic_object_array__struct.hpp
-- Up-to-date symlink: /home/zhijie/autoware/install/tier4_perception_msgs/include/tier4_perception_msgs/tier4_perception_msgs/msg/detail/dynamic_object_array__traits.hpp
-- Up-to-date symlink: /home/zhijie/autoware/install/tier4_perception_msgs/include/tier4_perception_msgs/tier4_perception_msgs/msg/detail/feature__builder.hpp
-- Up-to-date symlink: /home/zhijie/autoware/install/tier4_perception_msgs/include/tier4_perception_msgs/tier4_perception_msgs/msg/detail/feature__struct.hpp
-- Up-to-date symlink: /home/zhijie/autoware/install/tier4_perception_msgs/include/tier4_perception_msgs/tier4_perception_msgs/msg/detail/feature__traits.hpp
-- Up-to-date symlink: /home/zhijie/autoware/install/tier4_perception_msgs/include/tier4_perception_msgs/tier4_perception_msgs/msg/detail/predicted_path__builder.hpp
-- Up-to-date symlink: /home/zhijie/autoware/install/tier4_perception_msgs/include/tier4_perception_msgs/tier4_perception_msgs/msg/detail/predicted_path__struct.hpp
-- Up-to-date symlink: /home/zhijie/autoware/install/tier4_perception_msgs/include/tier4_perception_msgs/tier4_perception_msgs/msg/detail/predicted_path__traits.hpp
-- Up-to-date symlink: /home/zhijie/autoware/install/tier4_perception_msgs/include/tier4_perception_msgs/tier4_perception_msgs/msg/detail/semantic__builder.hpp
-- Up-to-date symlink: /home/zhijie/autoware/install/tier4_perception_msgs/include/tier4_perception_msgs/tier4_perception_msgs/msg/detail/semantic__struct.hpp
-- Up-to-date symlink: /home/zhijie/autoware/install/tier4_perception_msgs/include/tier4_perception_msgs/tier4_perception_msgs/msg/detail/semantic__traits.hpp
-- Up-to-date symlink: /home/zhijie/autoware/install/tier4_perception_msgs/include/tier4_perception_msgs/tier4_perception_msgs/msg/detail/shape__builder.hpp
-- Up-to-date symlink: /home/zhijie/autoware/install/tier4_perception_msgs/include/tier4_perception_msgs/tier4_perception_msgs/msg/detail/shape__struct.hpp
-- Up-to-date symlink: /home/zhijie/autoware/install/tier4_perception_msgs/include/tier4_perception_msgs/tier4_perception_msgs/msg/detail/shape__traits.hpp
-- Up-to-date symlink: /home/zhijie/autoware/install/tier4_perception_msgs/include/tier4_perception_msgs/tier4_perception_msgs/msg/detail/state__builder.hpp
-- Up-to-date symlink: /home/zhijie/autoware/install/tier4_perception_msgs/include/tier4_perception_msgs/tier4_perception_msgs/msg/detail/state__struct.hpp
-- Up-to-date symlink: /home/zhijie/autoware/install/tier4_perception_msgs/include/tier4_perception_msgs/tier4_perception_msgs/msg/detail/state__traits.hpp
-- Up-to-date symlink: /home/zhijie/autoware/install/tier4_perception_msgs/include/tier4_perception_msgs/tier4_perception_msgs/msg/detail/traffic_light_element__builder.hpp
-- Up-to-date symlink: /home/zhijie/autoware/install/tier4_perception_msgs/include/tier4_perception_msgs/tier4_perception_msgs/msg/detail/traffic_light_element__struct.hpp
-- Up-to-date symlink: /home/zhijie/autoware/install/tier4_perception_msgs/include/tier4_perception_msgs/tier4_perception_msgs/msg/detail/traffic_light_element__traits.hpp
-- Up-to-date symlink: /home/zhijie/autoware/install/tier4_perception_msgs/include/tier4_perception_msgs/tier4_perception_msgs/msg/detail/traffic_light_roi__builder.hpp
-- Up-to-date symlink: /home/zhijie/autoware/install/tier4_perception_msgs/include/tier4_perception_msgs/tier4_perception_msgs/msg/detail/traffic_light_roi__struct.hpp
-- Up-to-date symlink: /home/zhijie/autoware/install/tier4_perception_msgs/include/tier4_perception_msgs/tier4_perception_msgs/msg/detail/traffic_light_roi__traits.hpp
-- Up-to-date symlink: /home/zhijie/autoware/install/tier4_perception_msgs/include/tier4_perception_msgs/tier4_perception_msgs/msg/detail/traffic_light_roi_array__builder.hpp
-- Up-to-date symlink: /home/zhijie/autoware/install/tier4_perception_msgs/include/tier4_perception_msgs/tier4_perception_msgs/msg/detail/traffic_light_roi_array__struct.hpp
-- Up-to-date symlink: /home/zhijie/autoware/install/tier4_perception_msgs/include/tier4_perception_msgs/tier4_perception_msgs/msg/detail/traffic_light_roi_array__traits.hpp
-- Up-to-date symlink: /home/zhijie/autoware/install/tier4_perception_msgs/include/tier4_perception_msgs/tier4_perception_msgs/msg/detail/traffic_signal__builder.hpp
-- Up-to-date symlink: /home/zhijie/autoware/install/tier4_perception_msgs/include/tier4_perception_msgs/tier4_perception_msgs/msg/detail/traffic_signal__struct.hpp
-- Up-to-date symlink: /home/zhijie/autoware/install/tier4_perception_msgs/include/tier4_perception_msgs/tier4_perception_msgs/msg/detail/traffic_signal__traits.hpp
-- Up-to-date symlink: /home/zhijie/autoware/install/tier4_perception_msgs/include/tier4_perception_msgs/tier4_perception_msgs/msg/detail/traffic_signal_array__builder.hpp
-- Up-to-date symlink: /home/zhijie/autoware/install/tier4_perception_msgs/include/tier4_perception_msgs/tier4_perception_msgs/msg/detail/traffic_signal_array__struct.hpp
-- Up-to-date symlink: /home/zhijie/autoware/install/tier4_perception_msgs/include/tier4_perception_msgs/tier4_perception_msgs/msg/detail/traffic_signal_array__traits.hpp
-- Up-to-date symlink: /home/zhijie/autoware/install/tier4_perception_msgs/include/tier4_perception_msgs/tier4_perception_msgs/msg/detected_object_with_feature.hpp
-- Up-to-date symlink: /home/zhijie/autoware/install/tier4_perception_msgs/include/tier4_perception_msgs/tier4_perception_msgs/msg/detected_objects_with_feature.hpp
-- Up-to-date symlink: /home/zhijie/autoware/install/tier4_perception_msgs/include/tier4_perception_msgs/tier4_perception_msgs/msg/dynamic_object.hpp
-- Up-to-date symlink: /home/zhijie/autoware/install/tier4_perception_msgs/include/tier4_perception_msgs/tier4_perception_msgs/msg/dynamic_object_array.hpp
-- Up-to-date symlink: /home/zhijie/autoware/install/tier4_perception_msgs/include/tier4_perception_msgs/tier4_perception_msgs/msg/feature.hpp
-- Up-to-date symlink: /home/zhijie/autoware/install/tier4_perception_msgs/include/tier4_perception_msgs/tier4_perception_msgs/msg/predicted_path.hpp
-- Up-to-date symlink: /home/zhijie/autoware/install/tier4_perception_msgs/include/tier4_perception_msgs/tier4_perception_msgs/msg/semantic.hpp
-- Up-to-date symlink: /home/zhijie/autoware/install/tier4_perception_msgs/include/tier4_perception_msgs/tier4_perception_msgs/msg/shape.hpp
-- Up-to-date symlink: /home/zhijie/autoware/install/tier4_perception_msgs/include/tier4_perception_msgs/tier4_perception_msgs/msg/state.hpp
-- Up-to-date symlink: /home/zhijie/autoware/install/tier4_perception_msgs/include/tier4_perception_msgs/tier4_perception_msgs/msg/traffic_light_element.hpp
-- Up-to-date symlink: /home/zhijie/autoware/install/tier4_perception_msgs/include/tier4_perception_msgs/tier4_perception_msgs/msg/traffic_light_roi.hpp
-- Up-to-date symlink: /home/zhijie/autoware/install/tier4_perception_msgs/include/tier4_perception_msgs/tier4_perception_msgs/msg/traffic_light_roi_array.hpp
-- Up-to-date symlink: /home/zhijie/autoware/install/tier4_perception_msgs/include/tier4_perception_msgs/tier4_perception_msgs/msg/traffic_signal.hpp
-- Up-to-date symlink: /home/zhijie/autoware/install/tier4_perception_msgs/include/tier4_perception_msgs/tier4_perception_msgs/msg/traffic_signal_array.hpp
-- Up-to-date symlink: /home/zhijie/autoware/install/tier4_perception_msgs/include/tier4_perception_msgs/tier4_perception_msgs/msg/detail/detected_object_with_feature__rosidl_typesupport_fastrtps_cpp.hpp
-- Up-to-date symlink: /home/zhijie/autoware/install/tier4_perception_msgs/include/tier4_perception_msgs/tier4_perception_msgs/msg/detail/detected_objects_with_feature__rosidl_typesupport_fastrtps_cpp.hpp
-- Up-to-date symlink: /home/zhijie/autoware/install/tier4_perception_msgs/include/tier4_perception_msgs/tier4_perception_msgs/msg/detail/dynamic_object__rosidl_typesupport_fastrtps_cpp.hpp
-- Up-to-date symlink: /home/zhijie/autoware/install/tier4_perception_msgs/include/tier4_perception_msgs/tier4_perception_msgs/msg/detail/dynamic_object_array__rosidl_typesupport_fastrtps_cpp.hpp
-- Up-to-date symlink: /home/zhijie/autoware/install/tier4_perception_msgs/include/tier4_perception_msgs/tier4_perception_msgs/msg/detail/feature__rosidl_typesupport_fastrtps_cpp.hpp
-- Up-to-date symlink: /home/zhijie/autoware/install/tier4_perception_msgs/include/tier4_perception_msgs/tier4_perception_msgs/msg/detail/predicted_path__rosidl_typesupport_fastrtps_cpp.hpp
-- Up-to-date symlink: /home/zhijie/autoware/install/tier4_perception_msgs/include/tier4_perception_msgs/tier4_perception_msgs/msg/detail/semantic__rosidl_typesupport_fastrtps_cpp.hpp
-- Up-to-date symlink: /home/zhijie/autoware/install/tier4_perception_msgs/include/tier4_perception_msgs/tier4_perception_msgs/msg/detail/shape__rosidl_typesupport_fastrtps_cpp.hpp
-- Up-to-date symlink: /home/zhijie/autoware/install/tier4_perception_msgs/include/tier4_perception_msgs/tier4_perception_msgs/msg/detail/state__rosidl_typesupport_fastrtps_cpp.hpp
-- Up-to-date symlink: /home/zhijie/autoware/install/tier4_perception_msgs/include/tier4_perception_msgs/tier4_perception_msgs/msg/detail/traffic_light_element__rosidl_typesupport_fastrtps_cpp.hpp
-- Up-to-date symlink: /home/zhijie/autoware/install/tier4_perception_msgs/include/tier4_perception_msgs/tier4_perception_msgs/msg/detail/traffic_light_roi__rosidl_typesupport_fastrtps_cpp.hpp
-- Up-to-date symlink: /home/zhijie/autoware/install/tier4_perception_msgs/include/tier4_perception_msgs/tier4_perception_msgs/msg/detail/traffic_light_roi_array__rosidl_typesupport_fastrtps_cpp.hpp
-- Up-to-date symlink: /home/zhijie/autoware/install/tier4_perception_msgs/include/tier4_perception_msgs/tier4_perception_msgs/msg/detail/traffic_signal__rosidl_typesupport_fastrtps_cpp.hpp
-- Up-to-date symlink: /home/zhijie/autoware/install/tier4_perception_msgs/include/tier4_perception_msgs/tier4_perception_msgs/msg/detail/traffic_signal_array__rosidl_typesupport_fastrtps_cpp.hpp
-- Up-to-date symlink: /home/zhijie/autoware/install/tier4_perception_msgs/include/tier4_perception_msgs/tier4_perception_msgs/msg/rosidl_typesupport_fastrtps_cpp__visibility_control.h
-- Up-to-date symlink: /home/zhijie/autoware/install/tier4_perception_msgs/include/tier4_perception_msgs/tier4_perception_msgs/msg/detail/detected_object_with_feature__rosidl_typesupport_introspection_cpp.hpp
-- Up-to-date symlink: /home/zhijie/autoware/install/tier4_perception_msgs/include/tier4_perception_msgs/tier4_perception_msgs/msg/detail/detected_objects_with_feature__rosidl_typesupport_introspection_cpp.hpp
-- Up-to-date symlink: /home/zhijie/autoware/install/tier4_perception_msgs/include/tier4_perception_msgs/tier4_perception_msgs/msg/detail/dynamic_object__rosidl_typesupport_introspection_cpp.hpp
-- Up-to-date symlink: /home/zhijie/autoware/install/tier4_perception_msgs/include/tier4_perception_msgs/tier4_perception_msgs/msg/detail/dynamic_object_array__rosidl_typesupport_introspection_cpp.hpp
-- Up-to-date symlink: /home/zhijie/autoware/install/tier4_perception_msgs/include/tier4_perception_msgs/tier4_perception_msgs/msg/detail/feature__rosidl_typesupport_introspection_cpp.hpp
-- Up-to-date symlink: /home/zhijie/autoware/install/tier4_perception_msgs/include/tier4_perception_msgs/tier4_perception_msgs/msg/detail/predicted_path__rosidl_typesupport_introspection_cpp.hpp
-- Up-to-date symlink: /home/zhijie/autoware/install/tier4_perception_msgs/include/tier4_perception_msgs/tier4_perception_msgs/msg/detail/semantic__rosidl_typesupport_introspection_cpp.hpp
-- Up-to-date symlink: /home/zhijie/autoware/install/tier4_perception_msgs/include/tier4_perception_msgs/tier4_perception_msgs/msg/detail/shape__rosidl_typesupport_introspection_cpp.hpp
-- Up-to-date symlink: /home/zhijie/autoware/install/tier4_perception_msgs/include/tier4_perception_msgs/tier4_perception_msgs/msg/detail/state__rosidl_typesupport_introspection_cpp.hpp
-- Up-to-date symlink: /home/zhijie/autoware/install/tier4_perception_msgs/include/tier4_perception_msgs/tier4_perception_msgs/msg/detail/traffic_light_element__rosidl_typesupport_introspection_cpp.hpp
-- Up-to-date symlink: /home/zhijie/autoware/install/tier4_perception_msgs/include/tier4_perception_msgs/tier4_perception_msgs/msg/detail/traffic_light_roi__rosidl_typesupport_introspection_cpp.hpp
-- Up-to-date symlink: /home/zhijie/autoware/install/tier4_perception_msgs/include/tier4_perception_msgs/tier4_perception_msgs/msg/detail/traffic_light_roi_array__rosidl_typesupport_introspection_cpp.hpp
-- Up-to-date symlink: /home/zhijie/autoware/install/tier4_perception_msgs/include/tier4_perception_msgs/tier4_perception_msgs/msg/detail/traffic_signal__rosidl_typesupport_introspection_cpp.hpp
-- Up-to-date symlink: /home/zhijie/autoware/install/tier4_perception_msgs/include/tier4_perception_msgs/tier4_perception_msgs/msg/detail/traffic_signal_array__rosidl_typesupport_introspection_cpp.hpp
-- Up-to-date symlink: /home/zhijie/autoware/install/tier4_perception_msgs/share/tier4_perception_msgs/environment/pythonpath.sh
-- Up-to-date symlink: /home/zhijie/autoware/install/tier4_perception_msgs/share/tier4_perception_msgs/environment/pythonpath.dsv
-- Up-to-date symlink: /home/zhijie/autoware/install/tier4_perception_msgs/local/lib/python3.10/dist-packages/tier4_perception_msgs-0.1.0-py3.10.egg-info/PKG-INFO
-- Up-to-date symlink: /home/zhijie/autoware/install/tier4_perception_msgs/local/lib/python3.10/dist-packages/tier4_perception_msgs-0.1.0-py3.10.egg-info/SOURCES.txt
-- Up-to-date symlink: /home/zhijie/autoware/install/tier4_perception_msgs/local/lib/python3.10/dist-packages/tier4_perception_msgs-0.1.0-py3.10.egg-info/dependency_links.txt
-- Up-to-date symlink: /home/zhijie/autoware/install/tier4_perception_msgs/local/lib/python3.10/dist-packages/tier4_perception_msgs-0.1.0-py3.10.egg-info/top_level.txt
-- Up-to-date symlink: /home/zhijie/autoware/install/tier4_perception_msgs/local/lib/python3.10/dist-packages/tier4_perception_msgs/__init__.py
-- Up-to-date symlink: /home/zhijie/autoware/install/tier4_perception_msgs/local/lib/python3.10/dist-packages/tier4_perception_msgs/_tier4_perception_msgs_s.ep.rosidl_typesupport_c.c
-- Up-to-date symlink: /home/zhijie/autoware/install/tier4_perception_msgs/local/lib/python3.10/dist-packages/tier4_perception_msgs/_tier4_perception_msgs_s.ep.rosidl_typesupport_fastrtps_c.c
-- Up-to-date symlink: /home/zhijie/autoware/install/tier4_perception_msgs/local/lib/python3.10/dist-packages/tier4_perception_msgs/_tier4_perception_msgs_s.ep.rosidl_typesupport_introspection_c.c
-- Up-to-date symlink: /home/zhijie/autoware/install/tier4_perception_msgs/local/lib/python3.10/dist-packages/tier4_perception_msgs/libtier4_perception_msgs__rosidl_generator_py.so
-- Up-to-date symlink: /home/zhijie/autoware/install/tier4_perception_msgs/local/lib/python3.10/dist-packages/tier4_perception_msgs/msg/__init__.py
-- Up-to-date symlink: /home/zhijie/autoware/install/tier4_perception_msgs/local/lib/python3.10/dist-packages/tier4_perception_msgs/msg/_detected_object_with_feature.py
-- Up-to-date symlink: /home/zhijie/autoware/install/tier4_perception_msgs/local/lib/python3.10/dist-packages/tier4_perception_msgs/msg/_detected_object_with_feature_s.c
-- Up-to-date symlink: /home/zhijie/autoware/install/tier4_perception_msgs/local/lib/python3.10/dist-packages/tier4_perception_msgs/msg/_detected_objects_with_feature.py
-- Up-to-date symlink: /home/zhijie/autoware/install/tier4_perception_msgs/local/lib/python3.10/dist-packages/tier4_perception_msgs/msg/_detected_objects_with_feature_s.c
-- Up-to-date symlink: /home/zhijie/autoware/install/tier4_perception_msgs/local/lib/python3.10/dist-packages/tier4_perception_msgs/msg/_dynamic_object.py
-- Up-to-date symlink: /home/zhijie/autoware/install/tier4_perception_msgs/local/lib/python3.10/dist-packages/tier4_perception_msgs/msg/_dynamic_object_array.py
-- Up-to-date symlink: /home/zhijie/autoware/install/tier4_perception_msgs/local/lib/python3.10/dist-packages/tier4_perception_msgs/msg/_dynamic_object_array_s.c
-- Up-to-date symlink: /home/zhijie/autoware/install/tier4_perception_msgs/local/lib/python3.10/dist-packages/tier4_perception_msgs/msg/_dynamic_object_s.c
-- Up-to-date symlink: /home/zhijie/autoware/install/tier4_perception_msgs/local/lib/python3.10/dist-packages/tier4_perception_msgs/msg/_feature.py
-- Up-to-date symlink: /home/zhijie/autoware/install/tier4_perception_msgs/local/lib/python3.10/dist-packages/tier4_perception_msgs/msg/_feature_s.c
-- Up-to-date symlink: /home/zhijie/autoware/install/tier4_perception_msgs/local/lib/python3.10/dist-packages/tier4_perception_msgs/msg/_predicted_path.py
-- Up-to-date symlink: /home/zhijie/autoware/install/tier4_perception_msgs/local/lib/python3.10/dist-packages/tier4_perception_msgs/msg/_predicted_path_s.c
-- Up-to-date symlink: /home/zhijie/autoware/install/tier4_perception_msgs/local/lib/python3.10/dist-packages/tier4_perception_msgs/msg/_semantic.py
-- Up-to-date symlink: /home/zhijie/autoware/install/tier4_perception_msgs/local/lib/python3.10/dist-packages/tier4_perception_msgs/msg/_semantic_s.c
-- Up-to-date symlink: /home/zhijie/autoware/install/tier4_perception_msgs/local/lib/python3.10/dist-packages/tier4_perception_msgs/msg/_shape.py
-- Up-to-date symlink: /home/zhijie/autoware/install/tier4_perception_msgs/local/lib/python3.10/dist-packages/tier4_perception_msgs/msg/_shape_s.c
-- Up-to-date symlink: /home/zhijie/autoware/install/tier4_perception_msgs/local/lib/python3.10/dist-packages/tier4_perception_msgs/msg/_state.py
-- Up-to-date symlink: /home/zhijie/autoware/install/tier4_perception_msgs/local/lib/python3.10/dist-packages/tier4_perception_msgs/msg/_state_s.c
-- Up-to-date symlink: /home/zhijie/autoware/install/tier4_perception_msgs/local/lib/python3.10/dist-packages/tier4_perception_msgs/msg/_traffic_light_element.py
-- Up-to-date symlink: /home/zhijie/autoware/install/tier4_perception_msgs/local/lib/python3.10/dist-packages/tier4_perception_msgs/msg/_traffic_light_element_s.c
-- Up-to-date symlink: /home/zhijie/autoware/install/tier4_perception_msgs/local/lib/python3.10/dist-packages/tier4_perception_msgs/msg/_traffic_light_roi.py
-- Up-to-date symlink: /home/zhijie/autoware/install/tier4_perception_msgs/local/lib/python3.10/dist-packages/tier4_perception_msgs/msg/_traffic_light_roi_array.py
-- Up-to-date symlink: /home/zhijie/autoware/install/tier4_perception_msgs/local/lib/python3.10/dist-packages/tier4_perception_msgs/msg/_traffic_light_roi_array_s.c
-- Up-to-date symlink: /home/zhijie/autoware/install/tier4_perception_msgs/local/lib/python3.10/dist-packages/tier4_perception_msgs/msg/_traffic_light_roi_s.c
-- Up-to-date symlink: /home/zhijie/autoware/install/tier4_perception_msgs/local/lib/python3.10/dist-packages/tier4_perception_msgs/msg/_traffic_signal.py
-- Up-to-date symlink: /home/zhijie/autoware/install/tier4_perception_msgs/local/lib/python3.10/dist-packages/tier4_perception_msgs/msg/_traffic_signal_array.py
-- Up-to-date symlink: /home/zhijie/autoware/install/tier4_perception_msgs/local/lib/python3.10/dist-packages/tier4_perception_msgs/msg/_traffic_signal_array_s.c
-- Up-to-date symlink: /home/zhijie/autoware/install/tier4_perception_msgs/local/lib/python3.10/dist-packages/tier4_perception_msgs/msg/_traffic_signal_s.c
-- Up-to-date symlink: /home/zhijie/autoware/install/tier4_perception_msgs/local/lib/python3.10/dist-packages/tier4_perception_msgs/tier4_perception_msgs_s__rosidl_typesupport_c.cpython-310-x86_64-linux-gnu.so
-- Up-to-date symlink: /home/zhijie/autoware/install/tier4_perception_msgs/local/lib/python3.10/dist-packages/tier4_perception_msgs/tier4_perception_msgs_s__rosidl_typesupport_fastrtps_c.cpython-310-x86_64-linux-gnu.so
-- Up-to-date symlink: /home/zhijie/autoware/install/tier4_perception_msgs/local/lib/python3.10/dist-packages/tier4_perception_msgs/tier4_perception_msgs_s__rosidl_typesupport_introspection_c.cpython-310-x86_64-linux-gnu.so
-- Up-to-date symlink: /home/zhijie/autoware/install/tier4_perception_msgs/local/lib/python3.10/dist-packages/tier4_perception_msgs/tier4_perception_msgs_s__rosidl_typesupport_fastrtps_c.cpython-310-x86_64-linux-gnu.so
-- Up-to-date symlink: /home/zhijie/autoware/install/tier4_perception_msgs/local/lib/python3.10/dist-packages/tier4_perception_msgs/tier4_perception_msgs_s__rosidl_typesupport_introspection_c.cpython-310-x86_64-linux-gnu.so
-- Up-to-date symlink: /home/zhijie/autoware/install/tier4_perception_msgs/local/lib/python3.10/dist-packages/tier4_perception_msgs/tier4_perception_msgs_s__rosidl_typesupport_c.cpython-310-x86_64-linux-gnu.so
-- Up-to-date symlink: /home/zhijie/autoware/install/tier4_perception_msgs/share/tier4_perception_msgs/msg/DetectedObjectWithFeature.idl
-- Up-to-date symlink: /home/zhijie/autoware/install/tier4_perception_msgs/share/tier4_perception_msgs/msg/DetectedObjectsWithFeature.idl
-- Up-to-date symlink: /home/zhijie/autoware/install/tier4_perception_msgs/share/tier4_perception_msgs/msg/DynamicObject.idl
-- Up-to-date symlink: /home/zhijie/autoware/install/tier4_perception_msgs/share/tier4_perception_msgs/msg/DynamicObjectArray.idl
-- Up-to-date symlink: /home/zhijie/autoware/install/tier4_perception_msgs/share/tier4_perception_msgs/msg/Feature.idl
-- Up-to-date symlink: /home/zhijie/autoware/install/tier4_perception_msgs/share/tier4_perception_msgs/msg/PredictedPath.idl
-- Up-to-date symlink: /home/zhijie/autoware/install/tier4_perception_msgs/share/tier4_perception_msgs/msg/Semantic.idl
-- Up-to-date symlink: /home/zhijie/autoware/install/tier4_perception_msgs/share/tier4_perception_msgs/msg/Shape.idl
-- Up-to-date symlink: /home/zhijie/autoware/install/tier4_perception_msgs/share/tier4_perception_msgs/msg/State.idl
-- Up-to-date symlink: /home/zhijie/autoware/install/tier4_perception_msgs/share/tier4_perception_msgs/msg/TrafficLightElement.idl
-- Up-to-date symlink: /home/zhijie/autoware/install/tier4_perception_msgs/share/tier4_perception_msgs/msg/TrafficLightRoi.idl
-- Up-to-date symlink: /home/zhijie/autoware/install/tier4_perception_msgs/share/tier4_perception_msgs/msg/TrafficLightRoiArray.idl
-- Up-to-date symlink: /home/zhijie/autoware/install/tier4_perception_msgs/share/tier4_perception_msgs/msg/TrafficSignal.idl
-- Up-to-date symlink: /home/zhijie/autoware/install/tier4_perception_msgs/share/tier4_perception_msgs/msg/TrafficSignalArray.idl
-- Up-to-date symlink: /home/zhijie/autoware/install/tier4_perception_msgs/share/tier4_perception_msgs/object_recognition/DetectedObjectWithFeature.msg
-- Up-to-date symlink: /home/zhijie/autoware/install/tier4_perception_msgs/share/tier4_perception_msgs/object_recognition/DetectedObjectsWithFeature.msg
-- Up-to-date symlink: /home/zhijie/autoware/install/tier4_perception_msgs/share/tier4_perception_msgs/object_recognition/DynamicObject.msg
-- Up-to-date symlink: /home/zhijie/autoware/install/tier4_perception_msgs/share/tier4_perception_msgs/object_recognition/DynamicObjectArray.msg
-- Up-to-date symlink: /home/zhijie/autoware/install/tier4_perception_msgs/share/tier4_perception_msgs/object_recognition/Feature.msg
-- Up-to-date symlink: /home/zhijie/autoware/install/tier4_perception_msgs/share/tier4_perception_msgs/object_recognition/PredictedPath.msg
-- Up-to-date symlink: /home/zhijie/autoware/install/tier4_perception_msgs/share/tier4_perception_msgs/object_recognition/Semantic.msg
-- Up-to-date symlink: /home/zhijie/autoware/install/tier4_perception_msgs/share/tier4_perception_msgs/object_recognition/Shape.msg
-- Up-to-date symlink: /home/zhijie/autoware/install/tier4_perception_msgs/share/tier4_perception_msgs/object_recognition/State.msg
-- Up-to-date symlink: /home/zhijie/autoware/install/tier4_perception_msgs/share/tier4_perception_msgs/traffic_light/TrafficLightElement.msg
-- Up-to-date symlink: /home/zhijie/autoware/install/tier4_perception_msgs/share/tier4_perception_msgs/traffic_light/TrafficLightRoi.msg
-- Up-to-date symlink: /home/zhijie/autoware/install/tier4_perception_msgs/share/tier4_perception_msgs/traffic_light/TrafficLightRoiArray.msg
-- Up-to-date symlink: /home/zhijie/autoware/install/tier4_perception_msgs/share/tier4_perception_msgs/traffic_light/TrafficSignal.msg
-- Up-to-date symlink: /home/zhijie/autoware/install/tier4_perception_msgs/share/tier4_perception_msgs/traffic_light/TrafficSignalArray.msg
-- Up-to-date symlink: /home/zhijie/autoware/install/tier4_perception_msgs/share/ament_index/resource_index/package_run_dependencies/tier4_perception_msgs
-- Up-to-date symlink: /home/zhijie/autoware/install/tier4_perception_msgs/share/ament_index/resource_index/parent_prefix_path/tier4_perception_msgs
-- Up-to-date symlink: /home/zhijie/autoware/install/tier4_perception_msgs/share/tier4_perception_msgs/environment/ament_prefix_path.sh
-- Up-to-date symlink: /home/zhijie/autoware/install/tier4_perception_msgs/share/tier4_perception_msgs/environment/ament_prefix_path.dsv
-- Up-to-date symlink: /home/zhijie/autoware/install/tier4_perception_msgs/share/tier4_perception_msgs/environment/path.sh
-- Up-to-date symlink: /home/zhijie/autoware/install/tier4_perception_msgs/share/tier4_perception_msgs/environment/path.dsv
-- Up-to-date symlink: /home/zhijie/autoware/install/tier4_perception_msgs/share/tier4_perception_msgs/local_setup.bash
-- Up-to-date symlink: /home/zhijie/autoware/install/tier4_perception_msgs/share/tier4_perception_msgs/local_setup.sh
-- Up-to-date symlink: /home/zhijie/autoware/install/tier4_perception_msgs/share/tier4_perception_msgs/local_setup.zsh
-- Up-to-date symlink: /home/zhijie/autoware/install/tier4_perception_msgs/share/tier4_perception_msgs/local_setup.dsv
-- Symlinking: /home/zhijie/autoware/install/tier4_perception_msgs/share/tier4_perception_msgs/package.dsv
-- Up-to-date symlink: /home/zhijie/autoware/install/tier4_perception_msgs/share/ament_index/resource_index/packages/tier4_perception_msgs
-- Up-to-date symlink: /home/zhijie/autoware/install/tier4_perception_msgs/share/tier4_perception_msgs/cmake/rosidl_cmake-extras.cmake
-- Up-to-date symlink: /home/zhijie/autoware/install/tier4_perception_msgs/share/tier4_perception_msgs/cmake/ament_cmake_export_dependencies-extras.cmake
-- Up-to-date symlink: /home/zhijie/autoware/install/tier4_perception_msgs/share/tier4_perception_msgs/cmake/ament_cmake_export_include_directories-extras.cmake
-- Up-to-date symlink: /home/zhijie/autoware/install/tier4_perception_msgs/share/tier4_perception_msgs/cmake/ament_cmake_export_libraries-extras.cmake
-- Up-to-date symlink: /home/zhijie/autoware/install/tier4_perception_msgs/share/tier4_perception_msgs/cmake/ament_cmake_export_targets-extras.cmake
-- Up-to-date symlink: /home/zhijie/autoware/install/tier4_perception_msgs/share/tier4_perception_msgs/cmake/rosidl_cmake_export_typesupport_targets-extras.cmake
-- Up-to-date symlink: /home/zhijie/autoware/install/tier4_perception_msgs/share/tier4_perception_msgs/cmake/rosidl_cmake_export_typesupport_libraries-extras.cmake
-- Up-to-date symlink: /home/zhijie/autoware/install/tier4_perception_msgs/share/tier4_perception_msgs/cmake/tier4_perception_msgsConfig.cmake
-- Up-to-date symlink: /home/zhijie/autoware/install/tier4_perception_msgs/share/tier4_perception_msgs/cmake/tier4_perception_msgsConfig-version.cmake
-- Up-to-date symlink: /home/zhijie/autoware/install/tier4_perception_msgs/share/tier4_perception_msgs/package.xml
-- Up-to-date: /home/zhijie/autoware/install/tier4_perception_msgs/lib/libtier4_perception_msgs__rosidl_generator_c.so
-- Installing: /home/zhijie/autoware/install/tier4_perception_msgs/lib/libtier4_perception_msgs__rosidl_typesupport_fastrtps_c.so
-- Set runtime path of "/home/zhijie/autoware/install/tier4_perception_msgs/lib/libtier4_perception_msgs__rosidl_typesupport_fastrtps_c.so" to ""
-- Up-to-date: /home/zhijie/autoware/install/tier4_perception_msgs/lib/libtier4_perception_msgs__rosidl_typesupport_introspection_c.so
-- Up-to-date: /home/zhijie/autoware/install/tier4_perception_msgs/lib/libtier4_perception_msgs__rosidl_typesupport_c.so
-- Installing: /home/zhijie/autoware/install/tier4_perception_msgs/lib/libtier4_perception_msgs__rosidl_typesupport_fastrtps_cpp.so
-- Set runtime path of "/home/zhijie/autoware/install/tier4_perception_msgs/lib/libtier4_perception_msgs__rosidl_typesupport_fastrtps_cpp.so" to ""
-- Installing: /home/zhijie/autoware/install/tier4_perception_msgs/lib/libtier4_perception_msgs__rosidl_typesupport_introspection_cpp.so
-- Set runtime path of "/home/zhijie/autoware/install/tier4_perception_msgs/lib/libtier4_perception_msgs__rosidl_typesupport_introspection_cpp.so" to ""
-- Installing: /home/zhijie/autoware/install/tier4_perception_msgs/lib/libtier4_perception_msgs__rosidl_typesupport_cpp.so
-- Set runtime path of "/home/zhijie/autoware/install/tier4_perception_msgs/lib/libtier4_perception_msgs__rosidl_typesupport_cpp.so" to ""
Listing '/home/zhijie/autoware/install/tier4_perception_msgs/local/lib/python3.10/dist-packages/tier4_perception_msgs'...
Compiling '/home/zhijie/autoware/install/tier4_perception_msgs/local/lib/python3.10/dist-packages/tier4_perception_msgs/__init__.py'...
Listing '/home/zhijie/autoware/install/tier4_perception_msgs/local/lib/python3.10/dist-packages/tier4_perception_msgs/msg'...
-- Installing: /home/zhijie/autoware/install/tier4_perception_msgs/lib/libtier4_perception_msgs__rosidl_generator_py.so
-- Set runtime path of "/home/zhijie/autoware/install/tier4_perception_msgs/lib/libtier4_perception_msgs__rosidl_generator_py.so" to ""
-- Up-to-date: /home/zhijie/autoware/install/tier4_perception_msgs/share/tier4_perception_msgs/cmake/export_tier4_perception_msgs__rosidl_generator_cExport.cmake
-- Up-to-date: /home/zhijie/autoware/install/tier4_perception_msgs/share/tier4_perception_msgs/cmake/export_tier4_perception_msgs__rosidl_generator_cExport-release.cmake
-- Up-to-date: /home/zhijie/autoware/install/tier4_perception_msgs/share/tier4_perception_msgs/cmake/export_tier4_perception_msgs__rosidl_typesupport_fastrtps_cExport.cmake
-- Up-to-date: /home/zhijie/autoware/install/tier4_perception_msgs/share/tier4_perception_msgs/cmake/export_tier4_perception_msgs__rosidl_typesupport_fastrtps_cExport-release.cmake
-- Up-to-date: /home/zhijie/autoware/install/tier4_perception_msgs/share/tier4_perception_msgs/cmake/tier4_perception_msgs__rosidl_typesupport_introspection_cExport.cmake
-- Up-to-date: /home/zhijie/autoware/install/tier4_perception_msgs/share/tier4_perception_msgs/cmake/tier4_perception_msgs__rosidl_typesupport_introspection_cExport-release.cmake
-- Up-to-date: /home/zhijie/autoware/install/tier4_perception_msgs/share/tier4_perception_msgs/cmake/tier4_perception_msgs__rosidl_typesupport_cExport.cmake
-- Up-to-date: /home/zhijie/autoware/install/tier4_perception_msgs/share/tier4_perception_msgs/cmake/tier4_perception_msgs__rosidl_typesupport_cExport-release.cmake
-- Up-to-date: /home/zhijie/autoware/install/tier4_perception_msgs/share/tier4_perception_msgs/cmake/export_tier4_perception_msgs__rosidl_generator_cppExport.cmake
-- Up-to-date: /home/zhijie/autoware/install/tier4_perception_msgs/share/tier4_perception_msgs/cmake/export_tier4_perception_msgs__rosidl_typesupport_fastrtps_cppExport.cmake
-- Up-to-date: /home/zhijie/autoware/install/tier4_perception_msgs/share/tier4_perception_msgs/cmake/export_tier4_perception_msgs__rosidl_typesupport_fastrtps_cppExport-release.cmake
-- Up-to-date: /home/zhijie/autoware/install/tier4_perception_msgs/share/tier4_perception_msgs/cmake/tier4_perception_msgs__rosidl_typesupport_introspection_cppExport.cmake
-- Up-to-date: /home/zhijie/autoware/install/tier4_perception_msgs/share/tier4_perception_msgs/cmake/tier4_perception_msgs__rosidl_typesupport_introspection_cppExport-release.cmake
-- Up-to-date: /home/zhijie/autoware/install/tier4_perception_msgs/share/tier4_perception_msgs/cmake/tier4_perception_msgs__rosidl_typesupport_cppExport.cmake
-- Up-to-date: /home/zhijie/autoware/install/tier4_perception_msgs/share/tier4_perception_msgs/cmake/tier4_perception_msgs__rosidl_typesupport_cppExport-release.cmake
-- Up-to-date: /home/zhijie/autoware/install/tier4_perception_msgs/share/tier4_perception_msgs/cmake/export_tier4_perception_msgs__rosidl_generator_pyExport.cmake
-- Up-to-date: /home/zhijie/autoware/install/tier4_perception_msgs/share/tier4_perception_msgs/cmake/export_tier4_perception_msgs__rosidl_generator_pyExport-release.cmake
