[0.112s] Invoking command in '/home/zhijie/autoware/build/tier4_perception_msgs': AMENT_PREFIX_PATH=/home/zhijie/autoware/install/autoware_auto_perception_msgs:/home/zhijie/autoware/install/autoware_auto_geometry_msgs:${AMENT_PREFIX_PATH} CMAKE_PREFIX_PATH=/home/zhijie/autoware/install/autoware_auto_perception_msgs:/home/zhijie/autoware/install/autoware_auto_geometry_msgs:/opt/ros/humble LD_LIBRARY_PATH=/home/zhijie/autoware/install/autoware_auto_perception_msgs/lib:/home/zhijie/autoware/install/autoware_auto_geometry_msgs/lib:${LD_LIBRARY_PATH} PYTHONPATH=/home/zhijie/autoware/install/autoware_auto_perception_msgs/local/lib/python3.10/dist-packages:/home/zhijie/autoware/install/autoware_auto_geometry_msgs/local/lib/python3.10/dist-packages:${PYTHONPATH} /usr/bin/cmake /home/zhijie/autoware/src/universe/external/tier4_autoware_msgs/tier4_perception_msgs -DCMAKE_BUILD_TYPE=Release -DAMENT_CMAKE_SYMLINK_INSTALL=1 -DCMAKE_INSTALL_PREFIX=/home/zhijie/autoware/install/tier4_perception_msgs
[13.681s] -- Found ament_cmake_auto: 1.3.5 (/opt/ros/humble/share/ament_cmake_auto/cmake)
[13.681s] -- Override CMake install command with custom implementation using symlinks instead of copying resources
[13.681s] -- Using all available rosidl_typesupport_c: rosidl_typesupport_fastrtps_c;rosidl_typesupport_introspection_c
[13.681s] -- Found rosidl_adapter: 3.1.5 (/opt/ros/humble/share/rosidl_adapter/cmake)
[13.682s] -- Using all available rosidl_typesupport_cpp: rosidl_typesupport_fastrtps_cpp;rosidl_typesupport_introspection_cpp
[13.682s] -- Found ament_cmake_ros: 0.10.0 (/opt/ros/humble/share/ament_cmake_ros/cmake)
[13.682s] -- Using all available rosidl_typesupport_c: rosidl_typesupport_fastrtps_c;rosidl_typesupport_introspection_c
[13.682s] -- Using all available rosidl_typesupport_cpp: rosidl_typesupport_fastrtps_cpp;rosidl_typesupport_introspection_cpp
[13.682s] -- Found python_cmake_module: 0.10.0 (/opt/ros/humble/share/python_cmake_module/cmake)
[13.682s] -- Using PYTHON_EXECUTABLE: /usr/bin/python3
[13.682s] -- Using PYTHON_INCLUDE_DIRS: /usr/include/python3.10
[13.682s] -- Using PYTHON_LIBRARIES: /usr/lib/x86_64-linux-gnu/libpython3.10.so
[13.682s] -- Found ament_lint_auto: 0.12.8 (/opt/ros/humble/share/ament_lint_auto/cmake)
[13.682s] -- Added test 'copyright' to check source files copyright and LICENSE
[13.682s] -- Added test 'lint_cmake' to check CMake code style
[13.683s] -- Added test 'xmllint' to check XML markup files
[13.683s] -- Configuring done
[13.683s] -- Generating done
[13.683s] -- Build files have been written to: /home/zhijie/autoware/build/tier4_perception_msgs
[13.736s] Invoked command in '/home/zhijie/autoware/build/tier4_perception_msgs' returned '0': AMENT_PREFIX_PATH=/home/zhijie/autoware/install/autoware_auto_perception_msgs:/home/zhijie/autoware/install/autoware_auto_geometry_msgs:${AMENT_PREFIX_PATH} CMAKE_PREFIX_PATH=/home/zhijie/autoware/install/autoware_auto_perception_msgs:/home/zhijie/autoware/install/autoware_auto_geometry_msgs:/opt/ros/humble LD_LIBRARY_PATH=/home/zhijie/autoware/install/autoware_auto_perception_msgs/lib:/home/zhijie/autoware/install/autoware_auto_geometry_msgs/lib:${LD_LIBRARY_PATH} PYTHONPATH=/home/zhijie/autoware/install/autoware_auto_perception_msgs/local/lib/python3.10/dist-packages:/home/zhijie/autoware/install/autoware_auto_geometry_msgs/local/lib/python3.10/dist-packages:${PYTHONPATH} /usr/bin/cmake /home/zhijie/autoware/src/universe/external/tier4_autoware_msgs/tier4_perception_msgs -DCMAKE_BUILD_TYPE=Release -DAMENT_CMAKE_SYMLINK_INSTALL=1 -DCMAKE_INSTALL_PREFIX=/home/zhijie/autoware/install/tier4_perception_msgs
[13.737s] Invoking command in '/home/zhijie/autoware/build/tier4_perception_msgs': AMENT_PREFIX_PATH=/home/zhijie/autoware/install/autoware_auto_perception_msgs:/home/zhijie/autoware/install/autoware_auto_geometry_msgs:${AMENT_PREFIX_PATH} CMAKE_PREFIX_PATH=/home/zhijie/autoware/install/autoware_auto_perception_msgs:/home/zhijie/autoware/install/autoware_auto_geometry_msgs:/opt/ros/humble LD_LIBRARY_PATH=/home/zhijie/autoware/install/autoware_auto_perception_msgs/lib:/home/zhijie/autoware/install/autoware_auto_geometry_msgs/lib:${LD_LIBRARY_PATH} PYTHONPATH=/home/zhijie/autoware/install/autoware_auto_perception_msgs/local/lib/python3.10/dist-packages:/home/zhijie/autoware/install/autoware_auto_geometry_msgs/local/lib/python3.10/dist-packages:${PYTHONPATH} /usr/bin/cmake --build /home/zhijie/autoware/build/tier4_perception_msgs -- -j16 -l16
[14.907s] [  0%] Built target tier4_perception_msgs__cpp
[14.908s] [  0%] Built target ament_cmake_python_symlink_tier4_perception_msgs
[14.908s] [35m[1mConsolidate compiler generated dependencies of target tier4_perception_msgs__rosidl_typesupport_introspection_cpp[0m
[14.908s] [  1%] [32mBuilding CXX object CMakeFiles/tier4_perception_msgs__rosidl_typesupport_introspection_cpp.dir/rosidl_typesupport_introspection_cpp/tier4_perception_msgs/msg/detail/detected_object_with_feature__type_support.cpp.o[0m
[14.908s] [  1%] [32mBuilding CXX object CMakeFiles/tier4_perception_msgs__rosidl_typesupport_introspection_cpp.dir/rosidl_typesupport_introspection_cpp/tier4_perception_msgs/msg/detail/traffic_light_roi_array__type_support.cpp.o[0m
[14.999s] [  2%] [32mBuilding CXX object CMakeFiles/tier4_perception_msgs__rosidl_typesupport_introspection_cpp.dir/rosidl_typesupport_introspection_cpp/tier4_perception_msgs/msg/detail/traffic_signal__type_support.cpp.o[0m
[15.631s] [  3%] [32mBuilding CXX object CMakeFiles/tier4_perception_msgs__rosidl_typesupport_introspection_cpp.dir/rosidl_typesupport_introspection_cpp/tier4_perception_msgs/msg/detail/traffic_signal_array__type_support.cpp.o[0m
[16.243s] [  4%] [32mBuilding CXX object CMakeFiles/tier4_perception_msgs__rosidl_typesupport_introspection_cpp.dir/rosidl_typesupport_introspection_cpp/tier4_perception_msgs/msg/detail/traffic_light_roi__type_support.cpp.o[0m
[16.750s] [  5%] [32mBuilding CXX object CMakeFiles/tier4_perception_msgs__rosidl_typesupport_introspection_cpp.dir/rosidl_typesupport_introspection_cpp/tier4_perception_msgs/msg/detail/traffic_light_element__type_support.cpp.o[0m
[17.099s] [  6%] [32mBuilding CXX object CMakeFiles/tier4_perception_msgs__rosidl_typesupport_introspection_cpp.dir/rosidl_typesupport_introspection_cpp/tier4_perception_msgs/msg/detail/state__type_support.cpp.o[0m
[17.605s] [  6%] [32mBuilding CXX object CMakeFiles/tier4_perception_msgs__rosidl_typesupport_introspection_cpp.dir/rosidl_typesupport_introspection_cpp/tier4_perception_msgs/msg/detail/shape__type_support.cpp.o[0m
[18.111s] [  7%] [32mBuilding CXX object CMakeFiles/tier4_perception_msgs__rosidl_typesupport_introspection_cpp.dir/rosidl_typesupport_introspection_cpp/tier4_perception_msgs/msg/detail/semantic__type_support.cpp.o[0m
[18.702s] [  8%] [32mBuilding CXX object CMakeFiles/tier4_perception_msgs__rosidl_typesupport_introspection_cpp.dir/rosidl_typesupport_introspection_cpp/tier4_perception_msgs/msg/detail/predicted_path__type_support.cpp.o[0m
[19.384s] [  9%] [32mBuilding CXX object CMakeFiles/tier4_perception_msgs__rosidl_typesupport_introspection_cpp.dir/rosidl_typesupport_introspection_cpp/tier4_perception_msgs/msg/detail/feature__type_support.cpp.o[0m
[19.955s] [  9%] [32mBuilding CXX object CMakeFiles/tier4_perception_msgs__rosidl_typesupport_introspection_cpp.dir/rosidl_typesupport_introspection_cpp/tier4_perception_msgs/msg/detail/dynamic_object_array__type_support.cpp.o[0m
[20.719s] [ 10%] [32mBuilding CXX object CMakeFiles/tier4_perception_msgs__rosidl_typesupport_introspection_cpp.dir/rosidl_typesupport_introspection_cpp/tier4_perception_msgs/msg/detail/dynamic_object__type_support.cpp.o[0m
[21.154s] [ 11%] [32mBuilding CXX object CMakeFiles/tier4_perception_msgs__rosidl_typesupport_introspection_cpp.dir/rosidl_typesupport_introspection_cpp/tier4_perception_msgs/msg/detail/detected_objects_with_feature__type_support.cpp.o[0m
[21.848s] [ 12%] [32m[1mLinking CXX shared library libtier4_perception_msgs__rosidl_typesupport_introspection_cpp.so[0m
[21.924s] [ 12%] Built target tier4_perception_msgs__rosidl_typesupport_introspection_cpp
[22.407s] running egg_info
[22.408s] writing tier4_perception_msgs.egg-info/PKG-INFO
[22.408s] writing dependency_links to tier4_perception_msgs.egg-info/dependency_links.txt
[22.408s] writing top-level names to tier4_perception_msgs.egg-info/top_level.txt
[22.413s] reading manifest file 'tier4_perception_msgs.egg-info/SOURCES.txt'
[22.415s] writing manifest file 'tier4_perception_msgs.egg-info/SOURCES.txt'
[22.454s] [ 12%] Built target ament_cmake_python_build_tier4_perception_msgs_egg
[22.474s] [35m[1mConsolidate compiler generated dependencies of target tier4_perception_msgs__rosidl_typesupport_fastrtps_cpp[0m
[22.510s] [ 13%] [32mBuilding CXX object CMakeFiles/tier4_perception_msgs__rosidl_typesupport_fastrtps_cpp.dir/rosidl_typesupport_fastrtps_cpp/tier4_perception_msgs/msg/detail/dds_fastrtps/detected_object_with_feature__type_support.cpp.o[0m
[23.122s] [ 14%] [32mBuilding CXX object CMakeFiles/tier4_perception_msgs__rosidl_typesupport_fastrtps_cpp.dir/rosidl_typesupport_fastrtps_cpp/tier4_perception_msgs/msg/detail/dds_fastrtps/traffic_signal_array__type_support.cpp.o[0m
[23.666s] [ 15%] [32mBuilding CXX object CMakeFiles/tier4_perception_msgs__rosidl_typesupport_fastrtps_cpp.dir/rosidl_typesupport_fastrtps_cpp/tier4_perception_msgs/msg/detail/dds_fastrtps/traffic_signal__type_support.cpp.o[0m
[24.150s] [ 16%] [32mBuilding CXX object CMakeFiles/tier4_perception_msgs__rosidl_typesupport_fastrtps_cpp.dir/rosidl_typesupport_fastrtps_cpp/tier4_perception_msgs/msg/detail/dds_fastrtps/traffic_light_roi_array__type_support.cpp.o[0m
[24.657s] [ 16%] [32mBuilding CXX object CMakeFiles/tier4_perception_msgs__rosidl_typesupport_fastrtps_cpp.dir/rosidl_typesupport_fastrtps_cpp/tier4_perception_msgs/msg/detail/dds_fastrtps/traffic_light_roi__type_support.cpp.o[0m
[25.114s] [ 17%] [32mBuilding CXX object CMakeFiles/tier4_perception_msgs__rosidl_typesupport_fastrtps_cpp.dir/rosidl_typesupport_fastrtps_cpp/tier4_perception_msgs/msg/detail/dds_fastrtps/traffic_light_element__type_support.cpp.o[0m
[25.589s] [ 18%] [32mBuilding CXX object CMakeFiles/tier4_perception_msgs__rosidl_typesupport_fastrtps_cpp.dir/rosidl_typesupport_fastrtps_cpp/tier4_perception_msgs/msg/detail/dds_fastrtps/state__type_support.cpp.o[0m
[26.317s] [ 19%] [32mBuilding CXX object CMakeFiles/tier4_perception_msgs__rosidl_typesupport_fastrtps_cpp.dir/rosidl_typesupport_fastrtps_cpp/tier4_perception_msgs/msg/detail/dds_fastrtps/shape__type_support.cpp.o[0m
[26.707s] [ 19%] [32mBuilding CXX object CMakeFiles/tier4_perception_msgs__rosidl_typesupport_fastrtps_cpp.dir/rosidl_typesupport_fastrtps_cpp/tier4_perception_msgs/msg/detail/dds_fastrtps/semantic__type_support.cpp.o[0m
[27.092s] [ 20%] [32mBuilding CXX object CMakeFiles/tier4_perception_msgs__rosidl_typesupport_fastrtps_cpp.dir/rosidl_typesupport_fastrtps_cpp/tier4_perception_msgs/msg/detail/dds_fastrtps/predicted_path__type_support.cpp.o[0m
[27.551s] [ 21%] [32mBuilding CXX object CMakeFiles/tier4_perception_msgs__rosidl_typesupport_fastrtps_cpp.dir/rosidl_typesupport_fastrtps_cpp/tier4_perception_msgs/msg/detail/dds_fastrtps/feature__type_support.cpp.o[0m
[27.962s] [ 22%] [32mBuilding CXX object CMakeFiles/tier4_perception_msgs__rosidl_typesupport_fastrtps_cpp.dir/rosidl_typesupport_fastrtps_cpp/tier4_perception_msgs/msg/detail/dds_fastrtps/dynamic_object_array__type_support.cpp.o[0m
[28.464s] [ 22%] [32mBuilding CXX object CMakeFiles/tier4_perception_msgs__rosidl_typesupport_fastrtps_cpp.dir/rosidl_typesupport_fastrtps_cpp/tier4_perception_msgs/msg/detail/dds_fastrtps/dynamic_object__type_support.cpp.o[0m
[28.868s] [ 23%] [32mBuilding CXX object CMakeFiles/tier4_perception_msgs__rosidl_typesupport_fastrtps_cpp.dir/rosidl_typesupport_fastrtps_cpp/tier4_perception_msgs/msg/detail/dds_fastrtps/detected_objects_with_feature__type_support.cpp.o[0m
[29.515s] [ 23%] [32m[1mLinking CXX shared library libtier4_perception_msgs__rosidl_typesupport_fastrtps_cpp.so[0m
[29.593s] [ 24%] Built target tier4_perception_msgs__rosidl_typesupport_fastrtps_cpp
[29.607s] [35m[1mConsolidate compiler generated dependencies of target tier4_perception_msgs__rosidl_typesupport_cpp[0m
[29.629s] [ 25%] [32mBuilding CXX object CMakeFiles/tier4_perception_msgs__rosidl_typesupport_cpp.dir/rosidl_typesupport_cpp/tier4_perception_msgs/msg/detected_object_with_feature__type_support.cpp.o[0m
[30.012s] [ 25%] [32mBuilding CXX object CMakeFiles/tier4_perception_msgs__rosidl_typesupport_cpp.dir/rosidl_typesupport_cpp/tier4_perception_msgs/msg/traffic_signal_array__type_support.cpp.o[0m
[30.403s] [ 26%] [32mBuilding CXX object CMakeFiles/tier4_perception_msgs__rosidl_typesupport_cpp.dir/rosidl_typesupport_cpp/tier4_perception_msgs/msg/traffic_signal__type_support.cpp.o[0m
[30.779s] [ 27%] [32mBuilding CXX object CMakeFiles/tier4_perception_msgs__rosidl_typesupport_cpp.dir/rosidl_typesupport_cpp/tier4_perception_msgs/msg/traffic_light_roi_array__type_support.cpp.o[0m
[31.098s] [ 28%] [32mBuilding CXX object CMakeFiles/tier4_perception_msgs__rosidl_typesupport_cpp.dir/rosidl_typesupport_cpp/tier4_perception_msgs/msg/traffic_light_roi__type_support.cpp.o[0m
[31.358s] [ 28%] [32mBuilding CXX object CMakeFiles/tier4_perception_msgs__rosidl_typesupport_cpp.dir/rosidl_typesupport_cpp/tier4_perception_msgs/msg/traffic_light_element__type_support.cpp.o[0m
[31.638s] [ 29%] [32mBuilding CXX object CMakeFiles/tier4_perception_msgs__rosidl_typesupport_cpp.dir/rosidl_typesupport_cpp/tier4_perception_msgs/msg/state__type_support.cpp.o[0m
[31.911s] [ 30%] [32mBuilding CXX object CMakeFiles/tier4_perception_msgs__rosidl_typesupport_cpp.dir/rosidl_typesupport_cpp/tier4_perception_msgs/msg/shape__type_support.cpp.o[0m
[32.214s] [ 31%] [32mBuilding CXX object CMakeFiles/tier4_perception_msgs__rosidl_typesupport_cpp.dir/rosidl_typesupport_cpp/tier4_perception_msgs/msg/semantic__type_support.cpp.o[0m
[32.484s] [ 31%] [32mBuilding CXX object CMakeFiles/tier4_perception_msgs__rosidl_typesupport_cpp.dir/rosidl_typesupport_cpp/tier4_perception_msgs/msg/predicted_path__type_support.cpp.o[0m
[32.837s] [ 32%] [32mBuilding CXX object CMakeFiles/tier4_perception_msgs__rosidl_typesupport_cpp.dir/rosidl_typesupport_cpp/tier4_perception_msgs/msg/feature__type_support.cpp.o[0m
[33.254s] [ 33%] [32mBuilding CXX object CMakeFiles/tier4_perception_msgs__rosidl_typesupport_cpp.dir/rosidl_typesupport_cpp/tier4_perception_msgs/msg/dynamic_object_array__type_support.cpp.o[0m
[33.677s] [ 33%] [32mBuilding CXX object CMakeFiles/tier4_perception_msgs__rosidl_typesupport_cpp.dir/rosidl_typesupport_cpp/tier4_perception_msgs/msg/dynamic_object__type_support.cpp.o[0m
[33.958s] [ 34%] [32mBuilding CXX object CMakeFiles/tier4_perception_msgs__rosidl_typesupport_cpp.dir/rosidl_typesupport_cpp/tier4_perception_msgs/msg/detected_objects_with_feature__type_support.cpp.o[0m
[34.233s] [ 35%] [32m[1mLinking CXX shared library libtier4_perception_msgs__rosidl_typesupport_cpp.so[0m
[34.272s] [ 36%] Built target tier4_perception_msgs__rosidl_typesupport_cpp
[34.287s] [35m[1mConsolidate compiler generated dependencies of target tier4_perception_msgs__rosidl_generator_c[0m
[34.303s] [ 48%] Built target tier4_perception_msgs__rosidl_generator_c
[34.321s] [35m[1mConsolidate compiler generated dependencies of target tier4_perception_msgs__rosidl_typesupport_c[0m
[34.322s] [35m[1mConsolidate compiler generated dependencies of target tier4_perception_msgs__rosidl_typesupport_introspection_c[0m
[34.324s] [35m[1mConsolidate compiler generated dependencies of target tier4_perception_msgs__rosidl_typesupport_fastrtps_c[0m
[34.336s] [ 60%] Built target tier4_perception_msgs__rosidl_typesupport_c
[34.343s] [ 72%] Built target tier4_perception_msgs__rosidl_typesupport_introspection_c
[34.362s] [ 74%] [32mBuilding CXX object CMakeFiles/tier4_perception_msgs__rosidl_typesupport_fastrtps_c.dir/rosidl_typesupport_fastrtps_c/tier4_perception_msgs/msg/detail/detected_object_with_feature__type_support_c.cpp.o[0m
[34.362s] [ 74%] [32mBuilding CXX object CMakeFiles/tier4_perception_msgs__rosidl_typesupport_fastrtps_c.dir/rosidl_typesupport_fastrtps_c/tier4_perception_msgs/msg/detail/detected_objects_with_feature__type_support_c.cpp.o[0m
[34.362s] [ 74%] [32mBuilding CXX object CMakeFiles/tier4_perception_msgs__rosidl_typesupport_fastrtps_c.dir/rosidl_typesupport_fastrtps_c/tier4_perception_msgs/msg/detail/dynamic_object__type_support_c.cpp.o[0m
[34.905s] [ 74%] [32mBuilding CXX object CMakeFiles/tier4_perception_msgs__rosidl_typesupport_fastrtps_c.dir/rosidl_typesupport_fastrtps_c/tier4_perception_msgs/msg/detail/traffic_signal_array__type_support_c.cpp.o[0m
[34.925s] [ 76%] [32mBuilding CXX object CMakeFiles/tier4_perception_msgs__rosidl_typesupport_fastrtps_c.dir/rosidl_typesupport_fastrtps_c/tier4_perception_msgs/msg/detail/traffic_signal__type_support_c.cpp.o[0m
[34.926s] [ 76%] [32mBuilding CXX object CMakeFiles/tier4_perception_msgs__rosidl_typesupport_fastrtps_c.dir/rosidl_typesupport_fastrtps_c/tier4_perception_msgs/msg/detail/traffic_light_roi_array__type_support_c.cpp.o[0m
[35.466s] [ 77%] [32mBuilding CXX object CMakeFiles/tier4_perception_msgs__rosidl_typesupport_fastrtps_c.dir/rosidl_typesupport_fastrtps_c/tier4_perception_msgs/msg/detail/traffic_light_roi__type_support_c.cpp.o[0m
[35.472s] [ 77%] [32mBuilding CXX object CMakeFiles/tier4_perception_msgs__rosidl_typesupport_fastrtps_c.dir/rosidl_typesupport_fastrtps_c/tier4_perception_msgs/msg/detail/traffic_light_element__type_support_c.cpp.o[0m
[35.494s] [ 78%] [32mBuilding CXX object CMakeFiles/tier4_perception_msgs__rosidl_typesupport_fastrtps_c.dir/rosidl_typesupport_fastrtps_c/tier4_perception_msgs/msg/detail/state__type_support_c.cpp.o[0m
[35.954s] [ 79%] [32mBuilding CXX object CMakeFiles/tier4_perception_msgs__rosidl_typesupport_fastrtps_c.dir/rosidl_typesupport_fastrtps_c/tier4_perception_msgs/msg/detail/shape__type_support_c.cpp.o[0m
[36.087s] [ 80%] [32mBuilding CXX object CMakeFiles/tier4_perception_msgs__rosidl_typesupport_fastrtps_c.dir/rosidl_typesupport_fastrtps_c/tier4_perception_msgs/msg/detail/semantic__type_support_c.cpp.o[0m
[36.174s] [ 80%] [32mBuilding CXX object CMakeFiles/tier4_perception_msgs__rosidl_typesupport_fastrtps_c.dir/rosidl_typesupport_fastrtps_c/tier4_perception_msgs/msg/detail/predicted_path__type_support_c.cpp.o[0m
[36.187s] [ 81%] [32mBuilding CXX object CMakeFiles/tier4_perception_msgs__rosidl_typesupport_fastrtps_c.dir/rosidl_typesupport_fastrtps_c/tier4_perception_msgs/msg/detail/feature__type_support_c.cpp.o[0m
[36.551s] [ 82%] [32mBuilding CXX object CMakeFiles/tier4_perception_msgs__rosidl_typesupport_fastrtps_c.dir/rosidl_typesupport_fastrtps_c/tier4_perception_msgs/msg/detail/dynamic_object_array__type_support_c.cpp.o[0m
[37.330s] [ 83%] [32m[1mLinking CXX shared library libtier4_perception_msgs__rosidl_typesupport_fastrtps_c.so[0m
[37.671s] [ 84%] Built target tier4_perception_msgs__rosidl_typesupport_fastrtps_c
[37.799s] [ 84%] Built target tier4_perception_msgs
[37.875s] [ 85%] Built target tier4_perception_msgs__py
[37.928s] [35m[1mConsolidate compiler generated dependencies of target tier4_perception_msgs__rosidl_generator_py[0m
[38.026s] [ 86%] [32mBuilding C object CMakeFiles/tier4_perception_msgs__rosidl_generator_py.dir/rosidl_generator_py/tier4_perception_msgs/msg/_detected_object_with_feature_s.c.o[0m
[38.026s] [ 86%] [32mBuilding C object CMakeFiles/tier4_perception_msgs__rosidl_generator_py.dir/rosidl_generator_py/tier4_perception_msgs/msg/_detected_objects_with_feature_s.c.o[0m
[38.047s] [ 87%] [32mBuilding C object CMakeFiles/tier4_perception_msgs__rosidl_generator_py.dir/rosidl_generator_py/tier4_perception_msgs/msg/_dynamic_object_s.c.o[0m
[38.349s] [ 88%] [32mBuilding C object CMakeFiles/tier4_perception_msgs__rosidl_generator_py.dir/rosidl_generator_py/tier4_perception_msgs/msg/_traffic_signal_array_s.c.o[0m
[38.512s] [ 88%] [32mBuilding C object CMakeFiles/tier4_perception_msgs__rosidl_generator_py.dir/rosidl_generator_py/tier4_perception_msgs/msg/_traffic_signal_s.c.o[0m
[38.527s] [ 89%] [32mBuilding C object CMakeFiles/tier4_perception_msgs__rosidl_generator_py.dir/rosidl_generator_py/tier4_perception_msgs/msg/_traffic_light_roi_array_s.c.o[0m
[38.640s] [ 90%] [32mBuilding C object CMakeFiles/tier4_perception_msgs__rosidl_generator_py.dir/rosidl_generator_py/tier4_perception_msgs/msg/_traffic_light_roi_s.c.o[0m
[38.903s] [ 90%] [32mBuilding C object CMakeFiles/tier4_perception_msgs__rosidl_generator_py.dir/rosidl_generator_py/tier4_perception_msgs/msg/_traffic_light_element_s.c.o[0m
[39.107s] [ 91%] [32mBuilding C object CMakeFiles/tier4_perception_msgs__rosidl_generator_py.dir/rosidl_generator_py/tier4_perception_msgs/msg/_state_s.c.o[0m
[39.123s] [ 92%] [32mBuilding C object CMakeFiles/tier4_perception_msgs__rosidl_generator_py.dir/rosidl_generator_py/tier4_perception_msgs/msg/_shape_s.c.o[0m
[39.149s] [ 93%] [32mBuilding C object CMakeFiles/tier4_perception_msgs__rosidl_generator_py.dir/rosidl_generator_py/tier4_perception_msgs/msg/_semantic_s.c.o[0m
[39.502s] [ 93%] [32mBuilding C object CMakeFiles/tier4_perception_msgs__rosidl_generator_py.dir/rosidl_generator_py/tier4_perception_msgs/msg/_predicted_path_s.c.o[0m
[39.771s] [ 94%] [32mBuilding C object CMakeFiles/tier4_perception_msgs__rosidl_generator_py.dir/rosidl_generator_py/tier4_perception_msgs/msg/_feature_s.c.o[0m
[40.074s] [ 95%] [32mBuilding C object CMakeFiles/tier4_perception_msgs__rosidl_generator_py.dir/rosidl_generator_py/tier4_perception_msgs/msg/_dynamic_object_array_s.c.o[0m
[40.302s] [ 96%] [32m[1mLinking C shared library rosidl_generator_py/tier4_perception_msgs/libtier4_perception_msgs__rosidl_generator_py.so[0m
[40.372s] [ 96%] Built target tier4_perception_msgs__rosidl_generator_py
[40.389s] [35m[1mConsolidate compiler generated dependencies of target tier4_perception_msgs__rosidl_typesupport_fastrtps_c__pyext[0m
[40.431s] [ 97%] [32mBuilding C object CMakeFiles/tier4_perception_msgs__rosidl_typesupport_fastrtps_c__pyext.dir/rosidl_generator_py/tier4_perception_msgs/_tier4_perception_msgs_s.ep.rosidl_typesupport_fastrtps_c.c.o[0m
[41.067s] [ 97%] [32m[1mLinking C shared library rosidl_generator_py/tier4_perception_msgs/tier4_perception_msgs_s__rosidl_typesupport_fastrtps_c.cpython-310-x86_64-linux-gnu.so[0m
[41.147s] [ 97%] Built target tier4_perception_msgs__rosidl_typesupport_fastrtps_c__pyext
[41.164s] [35m[1mConsolidate compiler generated dependencies of target tier4_perception_msgs__rosidl_typesupport_c__pyext[0m
[41.183s] [ 98%] [32mBuilding C object CMakeFiles/tier4_perception_msgs__rosidl_typesupport_c__pyext.dir/rosidl_generator_py/tier4_perception_msgs/_tier4_perception_msgs_s.ep.rosidl_typesupport_c.c.o[0m
[41.599s] [ 98%] [32m[1mLinking C shared library rosidl_generator_py/tier4_perception_msgs/tier4_perception_msgs_s__rosidl_typesupport_c.cpython-310-x86_64-linux-gnu.so[0m
[41.682s] [ 98%] Built target tier4_perception_msgs__rosidl_typesupport_c__pyext
[41.698s] [35m[1mConsolidate compiler generated dependencies of target tier4_perception_msgs__rosidl_typesupport_introspection_c__pyext[0m
[41.731s] [ 99%] [32mBuilding C object CMakeFiles/tier4_perception_msgs__rosidl_typesupport_introspection_c__pyext.dir/rosidl_generator_py/tier4_perception_msgs/_tier4_perception_msgs_s.ep.rosidl_typesupport_introspection_c.c.o[0m
[42.108s] [100%] [32m[1mLinking C shared library rosidl_generator_py/tier4_perception_msgs/tier4_perception_msgs_s__rosidl_typesupport_introspection_c.cpython-310-x86_64-linux-gnu.so[0m
[42.172s] [100%] Built target tier4_perception_msgs__rosidl_typesupport_introspection_c__pyext
[42.212s] Invoked command in '/home/zhijie/autoware/build/tier4_perception_msgs' returned '0': AMENT_PREFIX_PATH=/home/zhijie/autoware/install/autoware_auto_perception_msgs:/home/zhijie/autoware/install/autoware_auto_geometry_msgs:${AMENT_PREFIX_PATH} CMAKE_PREFIX_PATH=/home/zhijie/autoware/install/autoware_auto_perception_msgs:/home/zhijie/autoware/install/autoware_auto_geometry_msgs:/opt/ros/humble LD_LIBRARY_PATH=/home/zhijie/autoware/install/autoware_auto_perception_msgs/lib:/home/zhijie/autoware/install/autoware_auto_geometry_msgs/lib:${LD_LIBRARY_PATH} PYTHONPATH=/home/zhijie/autoware/install/autoware_auto_perception_msgs/local/lib/python3.10/dist-packages:/home/zhijie/autoware/install/autoware_auto_geometry_msgs/local/lib/python3.10/dist-packages:${PYTHONPATH} /usr/bin/cmake --build /home/zhijie/autoware/build/tier4_perception_msgs -- -j16 -l16
[43.602s] Invoking command in '/home/zhijie/autoware/build/tier4_perception_msgs': AMENT_PREFIX_PATH=/home/zhijie/autoware/install/autoware_auto_perception_msgs:/home/zhijie/autoware/install/autoware_auto_geometry_msgs:${AMENT_PREFIX_PATH} CMAKE_PREFIX_PATH=/home/zhijie/autoware/install/autoware_auto_perception_msgs:/home/zhijie/autoware/install/autoware_auto_geometry_msgs:/opt/ros/humble LD_LIBRARY_PATH=/home/zhijie/autoware/install/autoware_auto_perception_msgs/lib:/home/zhijie/autoware/install/autoware_auto_geometry_msgs/lib:${LD_LIBRARY_PATH} PYTHONPATH=/home/zhijie/autoware/install/autoware_auto_perception_msgs/local/lib/python3.10/dist-packages:/home/zhijie/autoware/install/autoware_auto_geometry_msgs/local/lib/python3.10/dist-packages:${PYTHONPATH} /usr/bin/cmake --install /home/zhijie/autoware/build/tier4_perception_msgs
[46.835s] -- Install configuration: "Release"
[46.837s] -- Execute custom install script
[46.837s] -- Up-to-date symlink: /home/zhijie/autoware/install/tier4_perception_msgs/share/ament_index/resource_index/rosidl_interfaces/tier4_perception_msgs
[46.837s] -- Up-to-date symlink: /home/zhijie/autoware/install/tier4_perception_msgs/include/tier4_perception_msgs/tier4_perception_msgs/msg/detail/detected_object_with_feature__functions.h
[46.837s] -- Up-to-date symlink: /home/zhijie/autoware/install/tier4_perception_msgs/include/tier4_perception_msgs/tier4_perception_msgs/msg/detail/detected_object_with_feature__struct.h
[46.839s] -- Up-to-date symlink: /home/zhijie/autoware/install/tier4_perception_msgs/include/tier4_perception_msgs/tier4_perception_msgs/msg/detail/detected_object_with_feature__type_support.h
[46.839s] -- Up-to-date symlink: /home/zhijie/autoware/install/tier4_perception_msgs/include/tier4_perception_msgs/tier4_perception_msgs/msg/detail/detected_objects_with_feature__functions.h
[46.839s] -- Up-to-date symlink: /home/zhijie/autoware/install/tier4_perception_msgs/include/tier4_perception_msgs/tier4_perception_msgs/msg/detail/detected_objects_with_feature__struct.h
[46.839s] -- Up-to-date symlink: /home/zhijie/autoware/install/tier4_perception_msgs/include/tier4_perception_msgs/tier4_perception_msgs/msg/detail/detected_objects_with_feature__type_support.h
[46.839s] -- Up-to-date symlink: /home/zhijie/autoware/install/tier4_perception_msgs/include/tier4_perception_msgs/tier4_perception_msgs/msg/detail/dynamic_object__functions.h
[46.839s] -- Up-to-date symlink: /home/zhijie/autoware/install/tier4_perception_msgs/include/tier4_perception_msgs/tier4_perception_msgs/msg/detail/dynamic_object__struct.h
[46.840s] -- Up-to-date symlink: /home/zhijie/autoware/install/tier4_perception_msgs/include/tier4_perception_msgs/tier4_perception_msgs/msg/detail/dynamic_object__type_support.h
[46.840s] -- Up-to-date symlink: /home/zhijie/autoware/install/tier4_perception_msgs/include/tier4_perception_msgs/tier4_perception_msgs/msg/detail/dynamic_object_array__functions.h
[46.840s] -- Up-to-date symlink: /home/zhijie/autoware/install/tier4_perception_msgs/include/tier4_perception_msgs/tier4_perception_msgs/msg/detail/dynamic_object_array__struct.h
[46.841s] -- Up-to-date symlink: /home/zhijie/autoware/install/tier4_perception_msgs/include/tier4_perception_msgs/tier4_perception_msgs/msg/detail/dynamic_object_array__type_support.h
[46.841s] -- Up-to-date symlink: /home/zhijie/autoware/install/tier4_perception_msgs/include/tier4_perception_msgs/tier4_perception_msgs/msg/detail/feature__functions.h
[46.841s] -- Up-to-date symlink: /home/zhijie/autoware/install/tier4_perception_msgs/include/tier4_perception_msgs/tier4_perception_msgs/msg/detail/feature__struct.h
[46.841s] -- Up-to-date symlink: /home/zhijie/autoware/install/tier4_perception_msgs/include/tier4_perception_msgs/tier4_perception_msgs/msg/detail/feature__type_support.h
[46.842s] -- Up-to-date symlink: /home/zhijie/autoware/install/tier4_perception_msgs/include/tier4_perception_msgs/tier4_perception_msgs/msg/detail/predicted_path__functions.h
[46.842s] -- Up-to-date symlink: /home/zhijie/autoware/install/tier4_perception_msgs/include/tier4_perception_msgs/tier4_perception_msgs/msg/detail/predicted_path__struct.h
[46.843s] -- Up-to-date symlink: /home/zhijie/autoware/install/tier4_perception_msgs/include/tier4_perception_msgs/tier4_perception_msgs/msg/detail/predicted_path__type_support.h
[46.843s] -- Up-to-date symlink: /home/zhijie/autoware/install/tier4_perception_msgs/include/tier4_perception_msgs/tier4_perception_msgs/msg/detail/semantic__functions.h
[46.843s] -- Up-to-date symlink: /home/zhijie/autoware/install/tier4_perception_msgs/include/tier4_perception_msgs/tier4_perception_msgs/msg/detail/semantic__struct.h
[46.843s] -- Up-to-date symlink: /home/zhijie/autoware/install/tier4_perception_msgs/include/tier4_perception_msgs/tier4_perception_msgs/msg/detail/semantic__type_support.h
[46.843s] -- Up-to-date symlink: /home/zhijie/autoware/install/tier4_perception_msgs/include/tier4_perception_msgs/tier4_perception_msgs/msg/detail/shape__functions.h
[46.843s] -- Up-to-date symlink: /home/zhijie/autoware/install/tier4_perception_msgs/include/tier4_perception_msgs/tier4_perception_msgs/msg/detail/shape__struct.h
[46.844s] -- Up-to-date symlink: /home/zhijie/autoware/install/tier4_perception_msgs/include/tier4_perception_msgs/tier4_perception_msgs/msg/detail/shape__type_support.h
[46.844s] -- Up-to-date symlink: /home/zhijie/autoware/install/tier4_perception_msgs/include/tier4_perception_msgs/tier4_perception_msgs/msg/detail/state__functions.h
[46.844s] -- Up-to-date symlink: /home/zhijie/autoware/install/tier4_perception_msgs/include/tier4_perception_msgs/tier4_perception_msgs/msg/detail/state__struct.h
[46.844s] -- Up-to-date symlink: /home/zhijie/autoware/install/tier4_perception_msgs/include/tier4_perception_msgs/tier4_perception_msgs/msg/detail/state__type_support.h
[46.844s] -- Up-to-date symlink: /home/zhijie/autoware/install/tier4_perception_msgs/include/tier4_perception_msgs/tier4_perception_msgs/msg/detail/traffic_light_element__functions.h
[46.844s] -- Up-to-date symlink: /home/zhijie/autoware/install/tier4_perception_msgs/include/tier4_perception_msgs/tier4_perception_msgs/msg/detail/traffic_light_element__struct.h
[46.844s] -- Up-to-date symlink: /home/zhijie/autoware/install/tier4_perception_msgs/include/tier4_perception_msgs/tier4_perception_msgs/msg/detail/traffic_light_element__type_support.h
[46.845s] -- Up-to-date symlink: /home/zhijie/autoware/install/tier4_perception_msgs/include/tier4_perception_msgs/tier4_perception_msgs/msg/detail/traffic_light_roi__functions.h
[46.845s] -- Up-to-date symlink: /home/zhijie/autoware/install/tier4_perception_msgs/include/tier4_perception_msgs/tier4_perception_msgs/msg/detail/traffic_light_roi__struct.h
[46.845s] -- Up-to-date symlink: /home/zhijie/autoware/install/tier4_perception_msgs/include/tier4_perception_msgs/tier4_perception_msgs/msg/detail/traffic_light_roi__type_support.h
[46.845s] -- Up-to-date symlink: /home/zhijie/autoware/install/tier4_perception_msgs/include/tier4_perception_msgs/tier4_perception_msgs/msg/detail/traffic_light_roi_array__functions.h
[46.845s] -- Up-to-date symlink: /home/zhijie/autoware/install/tier4_perception_msgs/include/tier4_perception_msgs/tier4_perception_msgs/msg/detail/traffic_light_roi_array__struct.h
[46.845s] -- Up-to-date symlink: /home/zhijie/autoware/install/tier4_perception_msgs/include/tier4_perception_msgs/tier4_perception_msgs/msg/detail/traffic_light_roi_array__type_support.h
[46.845s] -- Up-to-date symlink: /home/zhijie/autoware/install/tier4_perception_msgs/include/tier4_perception_msgs/tier4_perception_msgs/msg/detail/traffic_signal__functions.h
[46.845s] -- Up-to-date symlink: /home/zhijie/autoware/install/tier4_perception_msgs/include/tier4_perception_msgs/tier4_perception_msgs/msg/detail/traffic_signal__struct.h
[46.846s] -- Up-to-date symlink: /home/zhijie/autoware/install/tier4_perception_msgs/include/tier4_perception_msgs/tier4_perception_msgs/msg/detail/traffic_signal__type_support.h
[46.846s] -- Up-to-date symlink: /home/zhijie/autoware/install/tier4_perception_msgs/include/tier4_perception_msgs/tier4_perception_msgs/msg/detail/traffic_signal_array__functions.h
[46.846s] -- Up-to-date symlink: /home/zhijie/autoware/install/tier4_perception_msgs/include/tier4_perception_msgs/tier4_perception_msgs/msg/detail/traffic_signal_array__struct.h
[46.846s] -- Up-to-date symlink: /home/zhijie/autoware/install/tier4_perception_msgs/include/tier4_perception_msgs/tier4_perception_msgs/msg/detail/traffic_signal_array__type_support.h
[46.846s] -- Up-to-date symlink: /home/zhijie/autoware/install/tier4_perception_msgs/include/tier4_perception_msgs/tier4_perception_msgs/msg/detected_object_with_feature.h
[46.846s] -- Up-to-date symlink: /home/zhijie/autoware/install/tier4_perception_msgs/include/tier4_perception_msgs/tier4_perception_msgs/msg/detected_objects_with_feature.h
[46.846s] -- Up-to-date symlink: /home/zhijie/autoware/install/tier4_perception_msgs/include/tier4_perception_msgs/tier4_perception_msgs/msg/dynamic_object.h
[46.847s] -- Up-to-date symlink: /home/zhijie/autoware/install/tier4_perception_msgs/include/tier4_perception_msgs/tier4_perception_msgs/msg/dynamic_object_array.h
[46.847s] -- Up-to-date symlink: /home/zhijie/autoware/install/tier4_perception_msgs/include/tier4_perception_msgs/tier4_perception_msgs/msg/feature.h
[46.847s] -- Up-to-date symlink: /home/zhijie/autoware/install/tier4_perception_msgs/include/tier4_perception_msgs/tier4_perception_msgs/msg/predicted_path.h
[46.847s] -- Up-to-date symlink: /home/zhijie/autoware/install/tier4_perception_msgs/include/tier4_perception_msgs/tier4_perception_msgs/msg/rosidl_generator_c__visibility_control.h
[46.847s] -- Up-to-date symlink: /home/zhijie/autoware/install/tier4_perception_msgs/include/tier4_perception_msgs/tier4_perception_msgs/msg/semantic.h
[46.847s] -- Up-to-date symlink: /home/zhijie/autoware/install/tier4_perception_msgs/include/tier4_perception_msgs/tier4_perception_msgs/msg/shape.h
[46.847s] -- Up-to-date symlink: /home/zhijie/autoware/install/tier4_perception_msgs/include/tier4_perception_msgs/tier4_perception_msgs/msg/state.h
[46.847s] -- Up-to-date symlink: /home/zhijie/autoware/install/tier4_perception_msgs/include/tier4_perception_msgs/tier4_perception_msgs/msg/traffic_light_element.h
[46.847s] -- Up-to-date symlink: /home/zhijie/autoware/install/tier4_perception_msgs/include/tier4_perception_msgs/tier4_perception_msgs/msg/traffic_light_roi.h
[46.847s] -- Up-to-date symlink: /home/zhijie/autoware/install/tier4_perception_msgs/include/tier4_perception_msgs/tier4_perception_msgs/msg/traffic_light_roi_array.h
[46.848s] -- Up-to-date symlink: /home/zhijie/autoware/install/tier4_perception_msgs/include/tier4_perception_msgs/tier4_perception_msgs/msg/traffic_signal.h
[46.848s] -- Up-to-date symlink: /home/zhijie/autoware/install/tier4_perception_msgs/include/tier4_perception_msgs/tier4_perception_msgs/msg/traffic_signal_array.h
[46.848s] -- Up-to-date symlink: /home/zhijie/autoware/install/tier4_perception_msgs/share/tier4_perception_msgs/environment/library_path.sh
[46.848s] -- Up-to-date symlink: /home/zhijie/autoware/install/tier4_perception_msgs/share/tier4_perception_msgs/environment/library_path.dsv
[46.848s] -- Up-to-date symlink: /home/zhijie/autoware/install/tier4_perception_msgs/include/tier4_perception_msgs/tier4_perception_msgs/msg/detail/detected_object_with_feature__rosidl_typesupport_fastrtps_c.h
[46.848s] -- Up-to-date symlink: /home/zhijie/autoware/install/tier4_perception_msgs/include/tier4_perception_msgs/tier4_perception_msgs/msg/detail/detected_objects_with_feature__rosidl_typesupport_fastrtps_c.h
[46.848s] -- Up-to-date symlink: /home/zhijie/autoware/install/tier4_perception_msgs/include/tier4_perception_msgs/tier4_perception_msgs/msg/detail/dynamic_object__rosidl_typesupport_fastrtps_c.h
[46.848s] -- Up-to-date symlink: /home/zhijie/autoware/install/tier4_perception_msgs/include/tier4_perception_msgs/tier4_perception_msgs/msg/detail/dynamic_object_array__rosidl_typesupport_fastrtps_c.h
[46.848s] -- Up-to-date symlink: /home/zhijie/autoware/install/tier4_perception_msgs/include/tier4_perception_msgs/tier4_perception_msgs/msg/detail/feature__rosidl_typesupport_fastrtps_c.h
[46.848s] -- Up-to-date symlink: /home/zhijie/autoware/install/tier4_perception_msgs/include/tier4_perception_msgs/tier4_perception_msgs/msg/detail/predicted_path__rosidl_typesupport_fastrtps_c.h
[46.849s] -- Up-to-date symlink: /home/zhijie/autoware/install/tier4_perception_msgs/include/tier4_perception_msgs/tier4_perception_msgs/msg/detail/semantic__rosidl_typesupport_fastrtps_c.h
[46.849s] -- Up-to-date symlink: /home/zhijie/autoware/install/tier4_perception_msgs/include/tier4_perception_msgs/tier4_perception_msgs/msg/detail/shape__rosidl_typesupport_fastrtps_c.h
[46.849s] -- Up-to-date symlink: /home/zhijie/autoware/install/tier4_perception_msgs/include/tier4_perception_msgs/tier4_perception_msgs/msg/detail/state__rosidl_typesupport_fastrtps_c.h
[46.849s] -- Up-to-date symlink: /home/zhijie/autoware/install/tier4_perception_msgs/include/tier4_perception_msgs/tier4_perception_msgs/msg/detail/traffic_light_element__rosidl_typesupport_fastrtps_c.h
[46.849s] -- Up-to-date symlink: /home/zhijie/autoware/install/tier4_perception_msgs/include/tier4_perception_msgs/tier4_perception_msgs/msg/detail/traffic_light_roi__rosidl_typesupport_fastrtps_c.h
[46.849s] -- Up-to-date symlink: /home/zhijie/autoware/install/tier4_perception_msgs/include/tier4_perception_msgs/tier4_perception_msgs/msg/detail/traffic_light_roi_array__rosidl_typesupport_fastrtps_c.h
[46.849s] -- Up-to-date symlink: /home/zhijie/autoware/install/tier4_perception_msgs/include/tier4_perception_msgs/tier4_perception_msgs/msg/detail/traffic_signal__rosidl_typesupport_fastrtps_c.h
[46.849s] -- Up-to-date symlink: /home/zhijie/autoware/install/tier4_perception_msgs/include/tier4_perception_msgs/tier4_perception_msgs/msg/detail/traffic_signal_array__rosidl_typesupport_fastrtps_c.h
[46.849s] -- Up-to-date symlink: /home/zhijie/autoware/install/tier4_perception_msgs/include/tier4_perception_msgs/tier4_perception_msgs/msg/rosidl_typesupport_fastrtps_c__visibility_control.h
[46.849s] -- Up-to-date symlink: /home/zhijie/autoware/install/tier4_perception_msgs/include/tier4_perception_msgs/tier4_perception_msgs/msg/detail/detected_object_with_feature__rosidl_typesupport_introspection_c.h
[46.850s] -- Up-to-date symlink: /home/zhijie/autoware/install/tier4_perception_msgs/include/tier4_perception_msgs/tier4_perception_msgs/msg/detail/detected_objects_with_feature__rosidl_typesupport_introspection_c.h
[46.850s] -- Up-to-date symlink: /home/zhijie/autoware/install/tier4_perception_msgs/include/tier4_perception_msgs/tier4_perception_msgs/msg/detail/dynamic_object__rosidl_typesupport_introspection_c.h
[46.850s] -- Up-to-date symlink: /home/zhijie/autoware/install/tier4_perception_msgs/include/tier4_perception_msgs/tier4_perception_msgs/msg/detail/dynamic_object_array__rosidl_typesupport_introspection_c.h
[46.850s] -- Up-to-date symlink: /home/zhijie/autoware/install/tier4_perception_msgs/include/tier4_perception_msgs/tier4_perception_msgs/msg/detail/feature__rosidl_typesupport_introspection_c.h
[46.850s] -- Up-to-date symlink: /home/zhijie/autoware/install/tier4_perception_msgs/include/tier4_perception_msgs/tier4_perception_msgs/msg/detail/predicted_path__rosidl_typesupport_introspection_c.h
[46.850s] -- Up-to-date symlink: /home/zhijie/autoware/install/tier4_perception_msgs/include/tier4_perception_msgs/tier4_perception_msgs/msg/detail/semantic__rosidl_typesupport_introspection_c.h
[46.850s] -- Up-to-date symlink: /home/zhijie/autoware/install/tier4_perception_msgs/include/tier4_perception_msgs/tier4_perception_msgs/msg/detail/shape__rosidl_typesupport_introspection_c.h
[46.850s] -- Up-to-date symlink: /home/zhijie/autoware/install/tier4_perception_msgs/include/tier4_perception_msgs/tier4_perception_msgs/msg/detail/state__rosidl_typesupport_introspection_c.h
[46.850s] -- Up-to-date symlink: /home/zhijie/autoware/install/tier4_perception_msgs/include/tier4_perception_msgs/tier4_perception_msgs/msg/detail/traffic_light_element__rosidl_typesupport_introspection_c.h
[46.850s] -- Up-to-date symlink: /home/zhijie/autoware/install/tier4_perception_msgs/include/tier4_perception_msgs/tier4_perception_msgs/msg/detail/traffic_light_roi__rosidl_typesupport_introspection_c.h
[46.853s] -- Up-to-date symlink: /home/zhijie/autoware/install/tier4_perception_msgs/include/tier4_perception_msgs/tier4_perception_msgs/msg/detail/traffic_light_roi_array__rosidl_typesupport_introspection_c.h
[46.853s] -- Up-to-date symlink: /home/zhijie/autoware/install/tier4_perception_msgs/include/tier4_perception_msgs/tier4_perception_msgs/msg/detail/traffic_signal__rosidl_typesupport_introspection_c.h
[46.853s] -- Up-to-date symlink: /home/zhijie/autoware/install/tier4_perception_msgs/include/tier4_perception_msgs/tier4_perception_msgs/msg/detail/traffic_signal_array__rosidl_typesupport_introspection_c.h
[46.853s] -- Up-to-date symlink: /home/zhijie/autoware/install/tier4_perception_msgs/include/tier4_perception_msgs/tier4_perception_msgs/msg/rosidl_typesupport_introspection_c__visibility_control.h
[46.853s] -- Up-to-date symlink: /home/zhijie/autoware/install/tier4_perception_msgs/include/tier4_perception_msgs/tier4_perception_msgs/msg/detail/detected_object_with_feature__builder.hpp
[46.854s] -- Up-to-date symlink: /home/zhijie/autoware/install/tier4_perception_msgs/include/tier4_perception_msgs/tier4_perception_msgs/msg/detail/detected_object_with_feature__struct.hpp
[46.854s] -- Up-to-date symlink: /home/zhijie/autoware/install/tier4_perception_msgs/include/tier4_perception_msgs/tier4_perception_msgs/msg/detail/detected_object_with_feature__traits.hpp
[46.854s] -- Up-to-date symlink: /home/zhijie/autoware/install/tier4_perception_msgs/include/tier4_perception_msgs/tier4_perception_msgs/msg/detail/detected_objects_with_feature__builder.hpp
[46.854s] -- Up-to-date symlink: /home/zhijie/autoware/install/tier4_perception_msgs/include/tier4_perception_msgs/tier4_perception_msgs/msg/detail/detected_objects_with_feature__struct.hpp
[46.854s] -- Up-to-date symlink: /home/zhijie/autoware/install/tier4_perception_msgs/include/tier4_perception_msgs/tier4_perception_msgs/msg/detail/detected_objects_with_feature__traits.hpp
[46.856s] -- Up-to-date symlink: /home/zhijie/autoware/install/tier4_perception_msgs/include/tier4_perception_msgs/tier4_perception_msgs/msg/detail/dynamic_object__builder.hpp
[46.856s] -- Up-to-date symlink: /home/zhijie/autoware/install/tier4_perception_msgs/include/tier4_perception_msgs/tier4_perception_msgs/msg/detail/dynamic_object__struct.hpp
[46.856s] -- Up-to-date symlink: /home/zhijie/autoware/install/tier4_perception_msgs/include/tier4_perception_msgs/tier4_perception_msgs/msg/detail/dynamic_object__traits.hpp
[46.857s] -- Up-to-date symlink: /home/zhijie/autoware/install/tier4_perception_msgs/include/tier4_perception_msgs/tier4_perception_msgs/msg/detail/dynamic_object_array__builder.hpp
[46.857s] -- Up-to-date symlink: /home/zhijie/autoware/install/tier4_perception_msgs/include/tier4_perception_msgs/tier4_perception_msgs/msg/detail/dynamic_object_array__struct.hpp
[46.857s] -- Up-to-date symlink: /home/zhijie/autoware/install/tier4_perception_msgs/include/tier4_perception_msgs/tier4_perception_msgs/msg/detail/dynamic_object_array__traits.hpp
[46.857s] -- Up-to-date symlink: /home/zhijie/autoware/install/tier4_perception_msgs/include/tier4_perception_msgs/tier4_perception_msgs/msg/detail/feature__builder.hpp
[46.858s] -- Up-to-date symlink: /home/zhijie/autoware/install/tier4_perception_msgs/include/tier4_perception_msgs/tier4_perception_msgs/msg/detail/feature__struct.hpp
[46.858s] -- Up-to-date symlink: /home/zhijie/autoware/install/tier4_perception_msgs/include/tier4_perception_msgs/tier4_perception_msgs/msg/detail/feature__traits.hpp
[46.858s] -- Up-to-date symlink: /home/zhijie/autoware/install/tier4_perception_msgs/include/tier4_perception_msgs/tier4_perception_msgs/msg/detail/predicted_path__builder.hpp
[46.858s] -- Up-to-date symlink: /home/zhijie/autoware/install/tier4_perception_msgs/include/tier4_perception_msgs/tier4_perception_msgs/msg/detail/predicted_path__struct.hpp
[46.859s] -- Up-to-date symlink: /home/zhijie/autoware/install/tier4_perception_msgs/include/tier4_perception_msgs/tier4_perception_msgs/msg/detail/predicted_path__traits.hpp
[46.859s] -- Up-to-date symlink: /home/zhijie/autoware/install/tier4_perception_msgs/include/tier4_perception_msgs/tier4_perception_msgs/msg/detail/semantic__builder.hpp
[46.859s] -- Up-to-date symlink: /home/zhijie/autoware/install/tier4_perception_msgs/include/tier4_perception_msgs/tier4_perception_msgs/msg/detail/semantic__struct.hpp
[46.860s] -- Up-to-date symlink: /home/zhijie/autoware/install/tier4_perception_msgs/include/tier4_perception_msgs/tier4_perception_msgs/msg/detail/semantic__traits.hpp
[46.860s] -- Up-to-date symlink: /home/zhijie/autoware/install/tier4_perception_msgs/include/tier4_perception_msgs/tier4_perception_msgs/msg/detail/shape__builder.hpp
[46.861s] -- Up-to-date symlink: /home/zhijie/autoware/install/tier4_perception_msgs/include/tier4_perception_msgs/tier4_perception_msgs/msg/detail/shape__struct.hpp
[46.861s] -- Up-to-date symlink: /home/zhijie/autoware/install/tier4_perception_msgs/include/tier4_perception_msgs/tier4_perception_msgs/msg/detail/shape__traits.hpp
[46.861s] -- Up-to-date symlink: /home/zhijie/autoware/install/tier4_perception_msgs/include/tier4_perception_msgs/tier4_perception_msgs/msg/detail/state__builder.hpp
[46.861s] -- Up-to-date symlink: /home/zhijie/autoware/install/tier4_perception_msgs/include/tier4_perception_msgs/tier4_perception_msgs/msg/detail/state__struct.hpp
[46.861s] -- Up-to-date symlink: /home/zhijie/autoware/install/tier4_perception_msgs/include/tier4_perception_msgs/tier4_perception_msgs/msg/detail/state__traits.hpp
[46.861s] -- Up-to-date symlink: /home/zhijie/autoware/install/tier4_perception_msgs/include/tier4_perception_msgs/tier4_perception_msgs/msg/detail/traffic_light_element__builder.hpp
[46.861s] -- Up-to-date symlink: /home/zhijie/autoware/install/tier4_perception_msgs/include/tier4_perception_msgs/tier4_perception_msgs/msg/detail/traffic_light_element__struct.hpp
[46.861s] -- Up-to-date symlink: /home/zhijie/autoware/install/tier4_perception_msgs/include/tier4_perception_msgs/tier4_perception_msgs/msg/detail/traffic_light_element__traits.hpp
[46.861s] -- Up-to-date symlink: /home/zhijie/autoware/install/tier4_perception_msgs/include/tier4_perception_msgs/tier4_perception_msgs/msg/detail/traffic_light_roi__builder.hpp
[46.862s] -- Up-to-date symlink: /home/zhijie/autoware/install/tier4_perception_msgs/include/tier4_perception_msgs/tier4_perception_msgs/msg/detail/traffic_light_roi__struct.hpp
[46.862s] -- Up-to-date symlink: /home/zhijie/autoware/install/tier4_perception_msgs/include/tier4_perception_msgs/tier4_perception_msgs/msg/detail/traffic_light_roi__traits.hpp
[46.862s] -- Up-to-date symlink: /home/zhijie/autoware/install/tier4_perception_msgs/include/tier4_perception_msgs/tier4_perception_msgs/msg/detail/traffic_light_roi_array__builder.hpp
[46.862s] -- Up-to-date symlink: /home/zhijie/autoware/install/tier4_perception_msgs/include/tier4_perception_msgs/tier4_perception_msgs/msg/detail/traffic_light_roi_array__struct.hpp
[46.862s] -- Up-to-date symlink: /home/zhijie/autoware/install/tier4_perception_msgs/include/tier4_perception_msgs/tier4_perception_msgs/msg/detail/traffic_light_roi_array__traits.hpp
[46.863s] -- Up-to-date symlink: /home/zhijie/autoware/install/tier4_perception_msgs/include/tier4_perception_msgs/tier4_perception_msgs/msg/detail/traffic_signal__builder.hpp
[46.864s] -- Up-to-date symlink: /home/zhijie/autoware/install/tier4_perception_msgs/include/tier4_perception_msgs/tier4_perception_msgs/msg/detail/traffic_signal__struct.hpp
[46.864s] -- Up-to-date symlink: /home/zhijie/autoware/install/tier4_perception_msgs/include/tier4_perception_msgs/tier4_perception_msgs/msg/detail/traffic_signal__traits.hpp
[46.864s] -- Up-to-date symlink: /home/zhijie/autoware/install/tier4_perception_msgs/include/tier4_perception_msgs/tier4_perception_msgs/msg/detail/traffic_signal_array__builder.hpp
[46.864s] -- Up-to-date symlink: /home/zhijie/autoware/install/tier4_perception_msgs/include/tier4_perception_msgs/tier4_perception_msgs/msg/detail/traffic_signal_array__struct.hpp
[46.864s] -- Up-to-date symlink: /home/zhijie/autoware/install/tier4_perception_msgs/include/tier4_perception_msgs/tier4_perception_msgs/msg/detail/traffic_signal_array__traits.hpp
[46.864s] -- Up-to-date symlink: /home/zhijie/autoware/install/tier4_perception_msgs/include/tier4_perception_msgs/tier4_perception_msgs/msg/detected_object_with_feature.hpp
[46.864s] -- Up-to-date symlink: /home/zhijie/autoware/install/tier4_perception_msgs/include/tier4_perception_msgs/tier4_perception_msgs/msg/detected_objects_with_feature.hpp
[46.865s] -- Up-to-date symlink: /home/zhijie/autoware/install/tier4_perception_msgs/include/tier4_perception_msgs/tier4_perception_msgs/msg/dynamic_object.hpp
[46.865s] -- Up-to-date symlink: /home/zhijie/autoware/install/tier4_perception_msgs/include/tier4_perception_msgs/tier4_perception_msgs/msg/dynamic_object_array.hpp
[46.865s] -- Up-to-date symlink: /home/zhijie/autoware/install/tier4_perception_msgs/include/tier4_perception_msgs/tier4_perception_msgs/msg/feature.hpp
[46.865s] -- Up-to-date symlink: /home/zhijie/autoware/install/tier4_perception_msgs/include/tier4_perception_msgs/tier4_perception_msgs/msg/predicted_path.hpp
[46.865s] -- Up-to-date symlink: /home/zhijie/autoware/install/tier4_perception_msgs/include/tier4_perception_msgs/tier4_perception_msgs/msg/semantic.hpp
[46.865s] -- Up-to-date symlink: /home/zhijie/autoware/install/tier4_perception_msgs/include/tier4_perception_msgs/tier4_perception_msgs/msg/shape.hpp
[46.865s] -- Up-to-date symlink: /home/zhijie/autoware/install/tier4_perception_msgs/include/tier4_perception_msgs/tier4_perception_msgs/msg/state.hpp
[46.865s] -- Up-to-date symlink: /home/zhijie/autoware/install/tier4_perception_msgs/include/tier4_perception_msgs/tier4_perception_msgs/msg/traffic_light_element.hpp
[46.865s] -- Up-to-date symlink: /home/zhijie/autoware/install/tier4_perception_msgs/include/tier4_perception_msgs/tier4_perception_msgs/msg/traffic_light_roi.hpp
[46.866s] -- Up-to-date symlink: /home/zhijie/autoware/install/tier4_perception_msgs/include/tier4_perception_msgs/tier4_perception_msgs/msg/traffic_light_roi_array.hpp
[46.866s] -- Up-to-date symlink: /home/zhijie/autoware/install/tier4_perception_msgs/include/tier4_perception_msgs/tier4_perception_msgs/msg/traffic_signal.hpp
[46.866s] -- Up-to-date symlink: /home/zhijie/autoware/install/tier4_perception_msgs/include/tier4_perception_msgs/tier4_perception_msgs/msg/traffic_signal_array.hpp
[46.866s] -- Up-to-date symlink: /home/zhijie/autoware/install/tier4_perception_msgs/include/tier4_perception_msgs/tier4_perception_msgs/msg/detail/detected_object_with_feature__rosidl_typesupport_fastrtps_cpp.hpp
[46.866s] -- Up-to-date symlink: /home/zhijie/autoware/install/tier4_perception_msgs/include/tier4_perception_msgs/tier4_perception_msgs/msg/detail/detected_objects_with_feature__rosidl_typesupport_fastrtps_cpp.hpp
[46.866s] -- Up-to-date symlink: /home/zhijie/autoware/install/tier4_perception_msgs/include/tier4_perception_msgs/tier4_perception_msgs/msg/detail/dynamic_object__rosidl_typesupport_fastrtps_cpp.hpp
[46.866s] -- Up-to-date symlink: /home/zhijie/autoware/install/tier4_perception_msgs/include/tier4_perception_msgs/tier4_perception_msgs/msg/detail/dynamic_object_array__rosidl_typesupport_fastrtps_cpp.hpp
[46.866s] -- Up-to-date symlink: /home/zhijie/autoware/install/tier4_perception_msgs/include/tier4_perception_msgs/tier4_perception_msgs/msg/detail/feature__rosidl_typesupport_fastrtps_cpp.hpp
[46.866s] -- Up-to-date symlink: /home/zhijie/autoware/install/tier4_perception_msgs/include/tier4_perception_msgs/tier4_perception_msgs/msg/detail/predicted_path__rosidl_typesupport_fastrtps_cpp.hpp
[46.867s] -- Up-to-date symlink: /home/zhijie/autoware/install/tier4_perception_msgs/include/tier4_perception_msgs/tier4_perception_msgs/msg/detail/semantic__rosidl_typesupport_fastrtps_cpp.hpp
[46.867s] -- Up-to-date symlink: /home/zhijie/autoware/install/tier4_perception_msgs/include/tier4_perception_msgs/tier4_perception_msgs/msg/detail/shape__rosidl_typesupport_fastrtps_cpp.hpp
[46.868s] -- Up-to-date symlink: /home/zhijie/autoware/install/tier4_perception_msgs/include/tier4_perception_msgs/tier4_perception_msgs/msg/detail/state__rosidl_typesupport_fastrtps_cpp.hpp
[46.868s] -- Up-to-date symlink: /home/zhijie/autoware/install/tier4_perception_msgs/include/tier4_perception_msgs/tier4_perception_msgs/msg/detail/traffic_light_element__rosidl_typesupport_fastrtps_cpp.hpp
[46.868s] -- Up-to-date symlink: /home/zhijie/autoware/install/tier4_perception_msgs/include/tier4_perception_msgs/tier4_perception_msgs/msg/detail/traffic_light_roi__rosidl_typesupport_fastrtps_cpp.hpp
[46.868s] -- Up-to-date symlink: /home/zhijie/autoware/install/tier4_perception_msgs/include/tier4_perception_msgs/tier4_perception_msgs/msg/detail/traffic_light_roi_array__rosidl_typesupport_fastrtps_cpp.hpp
[46.868s] -- Up-to-date symlink: /home/zhijie/autoware/install/tier4_perception_msgs/include/tier4_perception_msgs/tier4_perception_msgs/msg/detail/traffic_signal__rosidl_typesupport_fastrtps_cpp.hpp
[46.868s] -- Up-to-date symlink: /home/zhijie/autoware/install/tier4_perception_msgs/include/tier4_perception_msgs/tier4_perception_msgs/msg/detail/traffic_signal_array__rosidl_typesupport_fastrtps_cpp.hpp
[46.868s] -- Up-to-date symlink: /home/zhijie/autoware/install/tier4_perception_msgs/include/tier4_perception_msgs/tier4_perception_msgs/msg/rosidl_typesupport_fastrtps_cpp__visibility_control.h
[46.868s] -- Up-to-date symlink: /home/zhijie/autoware/install/tier4_perception_msgs/include/tier4_perception_msgs/tier4_perception_msgs/msg/detail/detected_object_with_feature__rosidl_typesupport_introspection_cpp.hpp
[46.869s] -- Up-to-date symlink: /home/zhijie/autoware/install/tier4_perception_msgs/include/tier4_perception_msgs/tier4_perception_msgs/msg/detail/detected_objects_with_feature__rosidl_typesupport_introspection_cpp.hpp
[46.869s] -- Up-to-date symlink: /home/zhijie/autoware/install/tier4_perception_msgs/include/tier4_perception_msgs/tier4_perception_msgs/msg/detail/dynamic_object__rosidl_typesupport_introspection_cpp.hpp
[46.870s] -- Up-to-date symlink: /home/zhijie/autoware/install/tier4_perception_msgs/include/tier4_perception_msgs/tier4_perception_msgs/msg/detail/dynamic_object_array__rosidl_typesupport_introspection_cpp.hpp
[46.870s] -- Up-to-date symlink: /home/zhijie/autoware/install/tier4_perception_msgs/include/tier4_perception_msgs/tier4_perception_msgs/msg/detail/feature__rosidl_typesupport_introspection_cpp.hpp
[46.870s] -- Up-to-date symlink: /home/zhijie/autoware/install/tier4_perception_msgs/include/tier4_perception_msgs/tier4_perception_msgs/msg/detail/predicted_path__rosidl_typesupport_introspection_cpp.hpp
[46.870s] -- Up-to-date symlink: /home/zhijie/autoware/install/tier4_perception_msgs/include/tier4_perception_msgs/tier4_perception_msgs/msg/detail/semantic__rosidl_typesupport_introspection_cpp.hpp
[46.870s] -- Up-to-date symlink: /home/zhijie/autoware/install/tier4_perception_msgs/include/tier4_perception_msgs/tier4_perception_msgs/msg/detail/shape__rosidl_typesupport_introspection_cpp.hpp
[46.870s] -- Up-to-date symlink: /home/zhijie/autoware/install/tier4_perception_msgs/include/tier4_perception_msgs/tier4_perception_msgs/msg/detail/state__rosidl_typesupport_introspection_cpp.hpp
[46.870s] -- Up-to-date symlink: /home/zhijie/autoware/install/tier4_perception_msgs/include/tier4_perception_msgs/tier4_perception_msgs/msg/detail/traffic_light_element__rosidl_typesupport_introspection_cpp.hpp
[46.870s] -- Up-to-date symlink: /home/zhijie/autoware/install/tier4_perception_msgs/include/tier4_perception_msgs/tier4_perception_msgs/msg/detail/traffic_light_roi__rosidl_typesupport_introspection_cpp.hpp
[46.871s] -- Up-to-date symlink: /home/zhijie/autoware/install/tier4_perception_msgs/include/tier4_perception_msgs/tier4_perception_msgs/msg/detail/traffic_light_roi_array__rosidl_typesupport_introspection_cpp.hpp
[46.871s] -- Up-to-date symlink: /home/zhijie/autoware/install/tier4_perception_msgs/include/tier4_perception_msgs/tier4_perception_msgs/msg/detail/traffic_signal__rosidl_typesupport_introspection_cpp.hpp
[46.871s] -- Up-to-date symlink: /home/zhijie/autoware/install/tier4_perception_msgs/include/tier4_perception_msgs/tier4_perception_msgs/msg/detail/traffic_signal_array__rosidl_typesupport_introspection_cpp.hpp
[46.871s] -- Up-to-date symlink: /home/zhijie/autoware/install/tier4_perception_msgs/share/tier4_perception_msgs/environment/pythonpath.sh
[46.871s] -- Up-to-date symlink: /home/zhijie/autoware/install/tier4_perception_msgs/share/tier4_perception_msgs/environment/pythonpath.dsv
[46.871s] -- Up-to-date symlink: /home/zhijie/autoware/install/tier4_perception_msgs/local/lib/python3.10/dist-packages/tier4_perception_msgs-0.1.0-py3.10.egg-info/PKG-INFO
[46.871s] -- Up-to-date symlink: /home/zhijie/autoware/install/tier4_perception_msgs/local/lib/python3.10/dist-packages/tier4_perception_msgs-0.1.0-py3.10.egg-info/SOURCES.txt
[46.871s] -- Up-to-date symlink: /home/zhijie/autoware/install/tier4_perception_msgs/local/lib/python3.10/dist-packages/tier4_perception_msgs-0.1.0-py3.10.egg-info/dependency_links.txt
[46.871s] -- Up-to-date symlink: /home/zhijie/autoware/install/tier4_perception_msgs/local/lib/python3.10/dist-packages/tier4_perception_msgs-0.1.0-py3.10.egg-info/top_level.txt
[46.872s] -- Up-to-date symlink: /home/zhijie/autoware/install/tier4_perception_msgs/local/lib/python3.10/dist-packages/tier4_perception_msgs/__init__.py
[46.872s] -- Up-to-date symlink: /home/zhijie/autoware/install/tier4_perception_msgs/local/lib/python3.10/dist-packages/tier4_perception_msgs/_tier4_perception_msgs_s.ep.rosidl_typesupport_c.c
[46.872s] -- Up-to-date symlink: /home/zhijie/autoware/install/tier4_perception_msgs/local/lib/python3.10/dist-packages/tier4_perception_msgs/_tier4_perception_msgs_s.ep.rosidl_typesupport_fastrtps_c.c
[46.872s] -- Up-to-date symlink: /home/zhijie/autoware/install/tier4_perception_msgs/local/lib/python3.10/dist-packages/tier4_perception_msgs/_tier4_perception_msgs_s.ep.rosidl_typesupport_introspection_c.c
[46.872s] -- Up-to-date symlink: /home/zhijie/autoware/install/tier4_perception_msgs/local/lib/python3.10/dist-packages/tier4_perception_msgs/libtier4_perception_msgs__rosidl_generator_py.so
[46.872s] -- Up-to-date symlink: /home/zhijie/autoware/install/tier4_perception_msgs/local/lib/python3.10/dist-packages/tier4_perception_msgs/msg/__init__.py
[46.872s] -- Up-to-date symlink: /home/zhijie/autoware/install/tier4_perception_msgs/local/lib/python3.10/dist-packages/tier4_perception_msgs/msg/_detected_object_with_feature.py
[46.872s] -- Up-to-date symlink: /home/zhijie/autoware/install/tier4_perception_msgs/local/lib/python3.10/dist-packages/tier4_perception_msgs/msg/_detected_object_with_feature_s.c
[46.872s] -- Up-to-date symlink: /home/zhijie/autoware/install/tier4_perception_msgs/local/lib/python3.10/dist-packages/tier4_perception_msgs/msg/_detected_objects_with_feature.py
[46.873s] -- Up-to-date symlink: /home/zhijie/autoware/install/tier4_perception_msgs/local/lib/python3.10/dist-packages/tier4_perception_msgs/msg/_detected_objects_with_feature_s.c
[46.873s] -- Up-to-date symlink: /home/zhijie/autoware/install/tier4_perception_msgs/local/lib/python3.10/dist-packages/tier4_perception_msgs/msg/_dynamic_object.py
[46.873s] -- Up-to-date symlink: /home/zhijie/autoware/install/tier4_perception_msgs/local/lib/python3.10/dist-packages/tier4_perception_msgs/msg/_dynamic_object_array.py
[46.873s] -- Up-to-date symlink: /home/zhijie/autoware/install/tier4_perception_msgs/local/lib/python3.10/dist-packages/tier4_perception_msgs/msg/_dynamic_object_array_s.c
[46.873s] -- Up-to-date symlink: /home/zhijie/autoware/install/tier4_perception_msgs/local/lib/python3.10/dist-packages/tier4_perception_msgs/msg/_dynamic_object_s.c
[46.873s] -- Up-to-date symlink: /home/zhijie/autoware/install/tier4_perception_msgs/local/lib/python3.10/dist-packages/tier4_perception_msgs/msg/_feature.py
[46.873s] -- Up-to-date symlink: /home/zhijie/autoware/install/tier4_perception_msgs/local/lib/python3.10/dist-packages/tier4_perception_msgs/msg/_feature_s.c
[46.873s] -- Up-to-date symlink: /home/zhijie/autoware/install/tier4_perception_msgs/local/lib/python3.10/dist-packages/tier4_perception_msgs/msg/_predicted_path.py
[46.874s] -- Up-to-date symlink: /home/zhijie/autoware/install/tier4_perception_msgs/local/lib/python3.10/dist-packages/tier4_perception_msgs/msg/_predicted_path_s.c
[46.874s] -- Up-to-date symlink: /home/zhijie/autoware/install/tier4_perception_msgs/local/lib/python3.10/dist-packages/tier4_perception_msgs/msg/_semantic.py
[46.874s] -- Up-to-date symlink: /home/zhijie/autoware/install/tier4_perception_msgs/local/lib/python3.10/dist-packages/tier4_perception_msgs/msg/_semantic_s.c
[46.874s] -- Up-to-date symlink: /home/zhijie/autoware/install/tier4_perception_msgs/local/lib/python3.10/dist-packages/tier4_perception_msgs/msg/_shape.py
[46.874s] -- Up-to-date symlink: /home/zhijie/autoware/install/tier4_perception_msgs/local/lib/python3.10/dist-packages/tier4_perception_msgs/msg/_shape_s.c
[46.875s] -- Up-to-date symlink: /home/zhijie/autoware/install/tier4_perception_msgs/local/lib/python3.10/dist-packages/tier4_perception_msgs/msg/_state.py
[46.875s] -- Up-to-date symlink: /home/zhijie/autoware/install/tier4_perception_msgs/local/lib/python3.10/dist-packages/tier4_perception_msgs/msg/_state_s.c
[46.876s] -- Up-to-date symlink: /home/zhijie/autoware/install/tier4_perception_msgs/local/lib/python3.10/dist-packages/tier4_perception_msgs/msg/_traffic_light_element.py
[46.876s] -- Up-to-date symlink: /home/zhijie/autoware/install/tier4_perception_msgs/local/lib/python3.10/dist-packages/tier4_perception_msgs/msg/_traffic_light_element_s.c
[46.876s] -- Up-to-date symlink: /home/zhijie/autoware/install/tier4_perception_msgs/local/lib/python3.10/dist-packages/tier4_perception_msgs/msg/_traffic_light_roi.py
[46.877s] -- Up-to-date symlink: /home/zhijie/autoware/install/tier4_perception_msgs/local/lib/python3.10/dist-packages/tier4_perception_msgs/msg/_traffic_light_roi_array.py
[46.877s] -- Up-to-date symlink: /home/zhijie/autoware/install/tier4_perception_msgs/local/lib/python3.10/dist-packages/tier4_perception_msgs/msg/_traffic_light_roi_array_s.c
[46.878s] -- Up-to-date symlink: /home/zhijie/autoware/install/tier4_perception_msgs/local/lib/python3.10/dist-packages/tier4_perception_msgs/msg/_traffic_light_roi_s.c
[46.878s] -- Up-to-date symlink: /home/zhijie/autoware/install/tier4_perception_msgs/local/lib/python3.10/dist-packages/tier4_perception_msgs/msg/_traffic_signal.py
[46.879s] -- Up-to-date symlink: /home/zhijie/autoware/install/tier4_perception_msgs/local/lib/python3.10/dist-packages/tier4_perception_msgs/msg/_traffic_signal_array.py
[46.879s] -- Up-to-date symlink: /home/zhijie/autoware/install/tier4_perception_msgs/local/lib/python3.10/dist-packages/tier4_perception_msgs/msg/_traffic_signal_array_s.c
[46.879s] -- Up-to-date symlink: /home/zhijie/autoware/install/tier4_perception_msgs/local/lib/python3.10/dist-packages/tier4_perception_msgs/msg/_traffic_signal_s.c
[46.880s] -- Up-to-date symlink: /home/zhijie/autoware/install/tier4_perception_msgs/local/lib/python3.10/dist-packages/tier4_perception_msgs/tier4_perception_msgs_s__rosidl_typesupport_c.cpython-310-x86_64-linux-gnu.so
[46.880s] -- Up-to-date symlink: /home/zhijie/autoware/install/tier4_perception_msgs/local/lib/python3.10/dist-packages/tier4_perception_msgs/tier4_perception_msgs_s__rosidl_typesupport_fastrtps_c.cpython-310-x86_64-linux-gnu.so
[46.881s] -- Up-to-date symlink: /home/zhijie/autoware/install/tier4_perception_msgs/local/lib/python3.10/dist-packages/tier4_perception_msgs/tier4_perception_msgs_s__rosidl_typesupport_introspection_c.cpython-310-x86_64-linux-gnu.so
[46.881s] -- Up-to-date symlink: /home/zhijie/autoware/install/tier4_perception_msgs/local/lib/python3.10/dist-packages/tier4_perception_msgs/tier4_perception_msgs_s__rosidl_typesupport_fastrtps_c.cpython-310-x86_64-linux-gnu.so
[46.882s] -- Up-to-date symlink: /home/zhijie/autoware/install/tier4_perception_msgs/local/lib/python3.10/dist-packages/tier4_perception_msgs/tier4_perception_msgs_s__rosidl_typesupport_introspection_c.cpython-310-x86_64-linux-gnu.so
[46.883s] -- Up-to-date symlink: /home/zhijie/autoware/install/tier4_perception_msgs/local/lib/python3.10/dist-packages/tier4_perception_msgs/tier4_perception_msgs_s__rosidl_typesupport_c.cpython-310-x86_64-linux-gnu.so
[46.884s] -- Up-to-date symlink: /home/zhijie/autoware/install/tier4_perception_msgs/share/tier4_perception_msgs/msg/DetectedObjectWithFeature.idl
[46.884s] -- Up-to-date symlink: /home/zhijie/autoware/install/tier4_perception_msgs/share/tier4_perception_msgs/msg/DetectedObjectsWithFeature.idl
[46.885s] -- Up-to-date symlink: /home/zhijie/autoware/install/tier4_perception_msgs/share/tier4_perception_msgs/msg/DynamicObject.idl
[46.885s] -- Up-to-date symlink: /home/zhijie/autoware/install/tier4_perception_msgs/share/tier4_perception_msgs/msg/DynamicObjectArray.idl
[46.886s] -- Up-to-date symlink: /home/zhijie/autoware/install/tier4_perception_msgs/share/tier4_perception_msgs/msg/Feature.idl
[46.886s] -- Up-to-date symlink: /home/zhijie/autoware/install/tier4_perception_msgs/share/tier4_perception_msgs/msg/PredictedPath.idl
[46.887s] -- Up-to-date symlink: /home/zhijie/autoware/install/tier4_perception_msgs/share/tier4_perception_msgs/msg/Semantic.idl
[46.888s] -- Up-to-date symlink: /home/zhijie/autoware/install/tier4_perception_msgs/share/tier4_perception_msgs/msg/Shape.idl
[46.890s] -- Up-to-date symlink: /home/zhijie/autoware/install/tier4_perception_msgs/share/tier4_perception_msgs/msg/State.idl
[46.890s] -- Up-to-date symlink: /home/zhijie/autoware/install/tier4_perception_msgs/share/tier4_perception_msgs/msg/TrafficLightElement.idl
[46.890s] -- Up-to-date symlink: /home/zhijie/autoware/install/tier4_perception_msgs/share/tier4_perception_msgs/msg/TrafficLightRoi.idl
[46.890s] -- Up-to-date symlink: /home/zhijie/autoware/install/tier4_perception_msgs/share/tier4_perception_msgs/msg/TrafficLightRoiArray.idl
[46.890s] -- Up-to-date symlink: /home/zhijie/autoware/install/tier4_perception_msgs/share/tier4_perception_msgs/msg/TrafficSignal.idl
[46.890s] -- Up-to-date symlink: /home/zhijie/autoware/install/tier4_perception_msgs/share/tier4_perception_msgs/msg/TrafficSignalArray.idl
[46.890s] -- Up-to-date symlink: /home/zhijie/autoware/install/tier4_perception_msgs/share/tier4_perception_msgs/object_recognition/DetectedObjectWithFeature.msg
[46.891s] -- Up-to-date symlink: /home/zhijie/autoware/install/tier4_perception_msgs/share/tier4_perception_msgs/object_recognition/DetectedObjectsWithFeature.msg
[46.891s] -- Up-to-date symlink: /home/zhijie/autoware/install/tier4_perception_msgs/share/tier4_perception_msgs/object_recognition/DynamicObject.msg
[46.891s] -- Up-to-date symlink: /home/zhijie/autoware/install/tier4_perception_msgs/share/tier4_perception_msgs/object_recognition/DynamicObjectArray.msg
[46.891s] -- Up-to-date symlink: /home/zhijie/autoware/install/tier4_perception_msgs/share/tier4_perception_msgs/object_recognition/Feature.msg
[46.891s] -- Up-to-date symlink: /home/zhijie/autoware/install/tier4_perception_msgs/share/tier4_perception_msgs/object_recognition/PredictedPath.msg
[46.892s] -- Up-to-date symlink: /home/zhijie/autoware/install/tier4_perception_msgs/share/tier4_perception_msgs/object_recognition/Semantic.msg
[46.892s] -- Up-to-date symlink: /home/zhijie/autoware/install/tier4_perception_msgs/share/tier4_perception_msgs/object_recognition/Shape.msg
[46.893s] -- Up-to-date symlink: /home/zhijie/autoware/install/tier4_perception_msgs/share/tier4_perception_msgs/object_recognition/State.msg
[46.893s] -- Up-to-date symlink: /home/zhijie/autoware/install/tier4_perception_msgs/share/tier4_perception_msgs/traffic_light/TrafficLightElement.msg
[46.894s] -- Up-to-date symlink: /home/zhijie/autoware/install/tier4_perception_msgs/share/tier4_perception_msgs/traffic_light/TrafficLightRoi.msg
[46.894s] -- Up-to-date symlink: /home/zhijie/autoware/install/tier4_perception_msgs/share/tier4_perception_msgs/traffic_light/TrafficLightRoiArray.msg
[46.894s] -- Up-to-date symlink: /home/zhijie/autoware/install/tier4_perception_msgs/share/tier4_perception_msgs/traffic_light/TrafficSignal.msg
[46.895s] -- Up-to-date symlink: /home/zhijie/autoware/install/tier4_perception_msgs/share/tier4_perception_msgs/traffic_light/TrafficSignalArray.msg
[46.896s] -- Up-to-date symlink: /home/zhijie/autoware/install/tier4_perception_msgs/share/ament_index/resource_index/package_run_dependencies/tier4_perception_msgs
[46.896s] -- Up-to-date symlink: /home/zhijie/autoware/install/tier4_perception_msgs/share/ament_index/resource_index/parent_prefix_path/tier4_perception_msgs
[46.897s] -- Up-to-date symlink: /home/zhijie/autoware/install/tier4_perception_msgs/share/tier4_perception_msgs/environment/ament_prefix_path.sh
[46.897s] -- Up-to-date symlink: /home/zhijie/autoware/install/tier4_perception_msgs/share/tier4_perception_msgs/environment/ament_prefix_path.dsv
[46.897s] -- Up-to-date symlink: /home/zhijie/autoware/install/tier4_perception_msgs/share/tier4_perception_msgs/environment/path.sh
[46.898s] -- Up-to-date symlink: /home/zhijie/autoware/install/tier4_perception_msgs/share/tier4_perception_msgs/environment/path.dsv
[46.898s] -- Up-to-date symlink: /home/zhijie/autoware/install/tier4_perception_msgs/share/tier4_perception_msgs/local_setup.bash
[46.898s] -- Up-to-date symlink: /home/zhijie/autoware/install/tier4_perception_msgs/share/tier4_perception_msgs/local_setup.sh
[46.899s] -- Up-to-date symlink: /home/zhijie/autoware/install/tier4_perception_msgs/share/tier4_perception_msgs/local_setup.zsh
[46.899s] -- Up-to-date symlink: /home/zhijie/autoware/install/tier4_perception_msgs/share/tier4_perception_msgs/local_setup.dsv
[46.899s] -- Symlinking: /home/zhijie/autoware/install/tier4_perception_msgs/share/tier4_perception_msgs/package.dsv
[46.908s] -- Up-to-date symlink: /home/zhijie/autoware/install/tier4_perception_msgs/share/ament_index/resource_index/packages/tier4_perception_msgs
[46.908s] -- Up-to-date symlink: /home/zhijie/autoware/install/tier4_perception_msgs/share/tier4_perception_msgs/cmake/rosidl_cmake-extras.cmake
[46.908s] -- Up-to-date symlink: /home/zhijie/autoware/install/tier4_perception_msgs/share/tier4_perception_msgs/cmake/ament_cmake_export_dependencies-extras.cmake
[46.909s] -- Up-to-date symlink: /home/zhijie/autoware/install/tier4_perception_msgs/share/tier4_perception_msgs/cmake/ament_cmake_export_include_directories-extras.cmake
[46.909s] -- Up-to-date symlink: /home/zhijie/autoware/install/tier4_perception_msgs/share/tier4_perception_msgs/cmake/ament_cmake_export_libraries-extras.cmake
[46.910s] -- Up-to-date symlink: /home/zhijie/autoware/install/tier4_perception_msgs/share/tier4_perception_msgs/cmake/ament_cmake_export_targets-extras.cmake
[46.910s] -- Up-to-date symlink: /home/zhijie/autoware/install/tier4_perception_msgs/share/tier4_perception_msgs/cmake/rosidl_cmake_export_typesupport_targets-extras.cmake
[46.910s] -- Up-to-date symlink: /home/zhijie/autoware/install/tier4_perception_msgs/share/tier4_perception_msgs/cmake/rosidl_cmake_export_typesupport_libraries-extras.cmake
[46.911s] -- Up-to-date symlink: /home/zhijie/autoware/install/tier4_perception_msgs/share/tier4_perception_msgs/cmake/tier4_perception_msgsConfig.cmake
[46.911s] -- Up-to-date symlink: /home/zhijie/autoware/install/tier4_perception_msgs/share/tier4_perception_msgs/cmake/tier4_perception_msgsConfig-version.cmake
[46.912s] -- Up-to-date symlink: /home/zhijie/autoware/install/tier4_perception_msgs/share/tier4_perception_msgs/package.xml
[46.913s] -- Up-to-date: /home/zhijie/autoware/install/tier4_perception_msgs/lib/libtier4_perception_msgs__rosidl_generator_c.so
[46.914s] -- Installing: /home/zhijie/autoware/install/tier4_perception_msgs/lib/libtier4_perception_msgs__rosidl_typesupport_fastrtps_c.so
[46.914s] -- Set runtime path of "/home/zhijie/autoware/install/tier4_perception_msgs/lib/libtier4_perception_msgs__rosidl_typesupport_fastrtps_c.so" to ""
[46.915s] -- Up-to-date: /home/zhijie/autoware/install/tier4_perception_msgs/lib/libtier4_perception_msgs__rosidl_typesupport_introspection_c.so
[46.916s] -- Up-to-date: /home/zhijie/autoware/install/tier4_perception_msgs/lib/libtier4_perception_msgs__rosidl_typesupport_c.so
[46.917s] -- Installing: /home/zhijie/autoware/install/tier4_perception_msgs/lib/libtier4_perception_msgs__rosidl_typesupport_fastrtps_cpp.so
[46.918s] -- Set runtime path of "/home/zhijie/autoware/install/tier4_perception_msgs/lib/libtier4_perception_msgs__rosidl_typesupport_fastrtps_cpp.so" to ""
[46.918s] -- Installing: /home/zhijie/autoware/install/tier4_perception_msgs/lib/libtier4_perception_msgs__rosidl_typesupport_introspection_cpp.so
[46.919s] -- Set runtime path of "/home/zhijie/autoware/install/tier4_perception_msgs/lib/libtier4_perception_msgs__rosidl_typesupport_introspection_cpp.so" to ""
[46.919s] -- Installing: /home/zhijie/autoware/install/tier4_perception_msgs/lib/libtier4_perception_msgs__rosidl_typesupport_cpp.so
[46.920s] -- Set runtime path of "/home/zhijie/autoware/install/tier4_perception_msgs/lib/libtier4_perception_msgs__rosidl_typesupport_cpp.so" to ""
[46.973s] Listing '/home/zhijie/autoware/install/tier4_perception_msgs/local/lib/python3.10/dist-packages/tier4_perception_msgs'...
[46.973s] Compiling '/home/zhijie/autoware/install/tier4_perception_msgs/local/lib/python3.10/dist-packages/tier4_perception_msgs/__init__.py'...
[46.973s] Listing '/home/zhijie/autoware/install/tier4_perception_msgs/local/lib/python3.10/dist-packages/tier4_perception_msgs/msg'...
[46.980s] -- Installing: /home/zhijie/autoware/install/tier4_perception_msgs/lib/libtier4_perception_msgs__rosidl_generator_py.so
[46.981s] -- Set runtime path of "/home/zhijie/autoware/install/tier4_perception_msgs/lib/libtier4_perception_msgs__rosidl_generator_py.so" to ""
[46.981s] -- Up-to-date: /home/zhijie/autoware/install/tier4_perception_msgs/share/tier4_perception_msgs/cmake/export_tier4_perception_msgs__rosidl_generator_cExport.cmake
[46.981s] -- Up-to-date: /home/zhijie/autoware/install/tier4_perception_msgs/share/tier4_perception_msgs/cmake/export_tier4_perception_msgs__rosidl_generator_cExport-release.cmake
[46.982s] -- Up-to-date: /home/zhijie/autoware/install/tier4_perception_msgs/share/tier4_perception_msgs/cmake/export_tier4_perception_msgs__rosidl_typesupport_fastrtps_cExport.cmake
[46.982s] -- Up-to-date: /home/zhijie/autoware/install/tier4_perception_msgs/share/tier4_perception_msgs/cmake/export_tier4_perception_msgs__rosidl_typesupport_fastrtps_cExport-release.cmake
[46.982s] -- Up-to-date: /home/zhijie/autoware/install/tier4_perception_msgs/share/tier4_perception_msgs/cmake/tier4_perception_msgs__rosidl_typesupport_introspection_cExport.cmake
[46.982s] -- Up-to-date: /home/zhijie/autoware/install/tier4_perception_msgs/share/tier4_perception_msgs/cmake/tier4_perception_msgs__rosidl_typesupport_introspection_cExport-release.cmake
[46.982s] -- Up-to-date: /home/zhijie/autoware/install/tier4_perception_msgs/share/tier4_perception_msgs/cmake/tier4_perception_msgs__rosidl_typesupport_cExport.cmake
[46.983s] -- Up-to-date: /home/zhijie/autoware/install/tier4_perception_msgs/share/tier4_perception_msgs/cmake/tier4_perception_msgs__rosidl_typesupport_cExport-release.cmake
[46.983s] -- Up-to-date: /home/zhijie/autoware/install/tier4_perception_msgs/share/tier4_perception_msgs/cmake/export_tier4_perception_msgs__rosidl_generator_cppExport.cmake
[46.983s] -- Up-to-date: /home/zhijie/autoware/install/tier4_perception_msgs/share/tier4_perception_msgs/cmake/export_tier4_perception_msgs__rosidl_typesupport_fastrtps_cppExport.cmake
[46.983s] -- Up-to-date: /home/zhijie/autoware/install/tier4_perception_msgs/share/tier4_perception_msgs/cmake/export_tier4_perception_msgs__rosidl_typesupport_fastrtps_cppExport-release.cmake
[46.984s] -- Up-to-date: /home/zhijie/autoware/install/tier4_perception_msgs/share/tier4_perception_msgs/cmake/tier4_perception_msgs__rosidl_typesupport_introspection_cppExport.cmake
[46.984s] -- Up-to-date: /home/zhijie/autoware/install/tier4_perception_msgs/share/tier4_perception_msgs/cmake/tier4_perception_msgs__rosidl_typesupport_introspection_cppExport-release.cmake
[46.984s] -- Up-to-date: /home/zhijie/autoware/install/tier4_perception_msgs/share/tier4_perception_msgs/cmake/tier4_perception_msgs__rosidl_typesupport_cppExport.cmake
[46.984s] -- Up-to-date: /home/zhijie/autoware/install/tier4_perception_msgs/share/tier4_perception_msgs/cmake/tier4_perception_msgs__rosidl_typesupport_cppExport-release.cmake
[46.985s] -- Up-to-date: /home/zhijie/autoware/install/tier4_perception_msgs/share/tier4_perception_msgs/cmake/export_tier4_perception_msgs__rosidl_generator_pyExport.cmake
[46.987s] -- Up-to-date: /home/zhijie/autoware/install/tier4_perception_msgs/share/tier4_perception_msgs/cmake/export_tier4_perception_msgs__rosidl_generator_pyExport-release.cmake
[46.993s] Invoked command in '/home/zhijie/autoware/build/tier4_perception_msgs' returned '0': AMENT_PREFIX_PATH=/home/zhijie/autoware/install/autoware_auto_perception_msgs:/home/zhijie/autoware/install/autoware_auto_geometry_msgs:${AMENT_PREFIX_PATH} CMAKE_PREFIX_PATH=/home/zhijie/autoware/install/autoware_auto_perception_msgs:/home/zhijie/autoware/install/autoware_auto_geometry_msgs:/opt/ros/humble LD_LIBRARY_PATH=/home/zhijie/autoware/install/autoware_auto_perception_msgs/lib:/home/zhijie/autoware/install/autoware_auto_geometry_msgs/lib:${LD_LIBRARY_PATH} PYTHONPATH=/home/zhijie/autoware/install/autoware_auto_perception_msgs/local/lib/python3.10/dist-packages:/home/zhijie/autoware/install/autoware_auto_geometry_msgs/local/lib/python3.10/dist-packages:${PYTHONPATH} /usr/bin/cmake --install /home/zhijie/autoware/build/tier4_perception_msgs
