[0.120s] Invoking command in '/home/zhijie/autoware/build/tier4_target_object_type_rviz_plugin': AMENT_PREFIX_PATH=/home/zhijie/autoware/install/autoware_cmake:/home/zhijie/autoware/install/autoware_lint_common:${AMENT_PREFIX_PATH} CMAKE_PREFIX_PATH=/home/zhijie/autoware/install/autoware_cmake:/home/zhijie/autoware/install/autoware_lint_common:/opt/ros/humble /usr/bin/cmake --build /home/zhijie/autoware/build/tier4_target_object_type_rviz_plugin -- -j16 -l16
[0.171s] [ 25%] [34m[1mAutomatic MOC for target tier4_target_object_type_rviz_plugin[0m
[0.181s] [ 25%] Built target tier4_target_object_type_rviz_plugin_autogen
[0.196s] [35m[1mConsolidate compiler generated dependencies of target tier4_target_object_type_rviz_plugin[0m
[0.211s] [100%] Built target tier4_target_object_type_rviz_plugin
[0.294s] Invoked command in '/home/zhijie/autoware/build/tier4_target_object_type_rviz_plugin' returned '0': AMENT_PREFIX_PATH=/home/zhijie/autoware/install/autoware_cmake:/home/zhijie/autoware/install/autoware_lint_common:${AMENT_PREFIX_PATH} CMAKE_PREFIX_PATH=/home/zhijie/autoware/install/autoware_cmake:/home/zhijie/autoware/install/autoware_lint_common:/opt/ros/humble /usr/bin/cmake --build /home/zhijie/autoware/build/tier4_target_object_type_rviz_plugin -- -j16 -l16
[0.422s] Invoking command in '/home/zhijie/autoware/build/tier4_target_object_type_rviz_plugin': AMENT_PREFIX_PATH=/home/zhijie/autoware/install/autoware_cmake:/home/zhijie/autoware/install/autoware_lint_common:${AMENT_PREFIX_PATH} CMAKE_PREFIX_PATH=/home/zhijie/autoware/install/autoware_cmake:/home/zhijie/autoware/install/autoware_lint_common:/opt/ros/humble /usr/bin/cmake --install /home/zhijie/autoware/build/tier4_target_object_type_rviz_plugin
[0.441s] -- Install configuration: "Release"
[0.441s] -- Execute custom install script
[0.441s] -- Up-to-date symlink: /home/zhijie/autoware/install/tier4_target_object_type_rviz_plugin/share/tier4_target_object_type_rviz_plugin/plugins/plugin_description.xml
[0.442s] -- Up-to-date symlink: /home/zhijie/autoware/install/tier4_target_object_type_rviz_plugin/share/tier4_target_object_type_rviz_plugin/environment/library_path.sh
[0.442s] -- Up-to-date symlink: /home/zhijie/autoware/install/tier4_target_object_type_rviz_plugin/share/tier4_target_object_type_rviz_plugin/environment/library_path.dsv
[0.442s] -- Up-to-date symlink: /home/zhijie/autoware/install/tier4_target_object_type_rviz_plugin/lib/libtier4_target_object_type_rviz_plugin.so
[0.442s] -- Up-to-date symlink: /home/zhijie/autoware/install/tier4_target_object_type_rviz_plugin/share/tier4_target_object_type_rviz_plugin/plugins/plugin_description.xml
[0.442s] -- Up-to-date symlink: /home/zhijie/autoware/install/tier4_target_object_type_rviz_plugin/share/ament_index/resource_index/package_run_dependencies/tier4_target_object_type_rviz_plugin
[0.442s] -- Up-to-date symlink: /home/zhijie/autoware/install/tier4_target_object_type_rviz_plugin/share/ament_index/resource_index/parent_prefix_path/tier4_target_object_type_rviz_plugin
[0.442s] -- Up-to-date symlink: /home/zhijie/autoware/install/tier4_target_object_type_rviz_plugin/share/tier4_target_object_type_rviz_plugin/environment/ament_prefix_path.sh
[0.442s] -- Up-to-date symlink: /home/zhijie/autoware/install/tier4_target_object_type_rviz_plugin/share/tier4_target_object_type_rviz_plugin/environment/ament_prefix_path.dsv
[0.443s] -- Up-to-date symlink: /home/zhijie/autoware/install/tier4_target_object_type_rviz_plugin/share/tier4_target_object_type_rviz_plugin/environment/path.sh
[0.443s] -- Up-to-date symlink: /home/zhijie/autoware/install/tier4_target_object_type_rviz_plugin/share/tier4_target_object_type_rviz_plugin/environment/path.dsv
[0.443s] -- Up-to-date symlink: /home/zhijie/autoware/install/tier4_target_object_type_rviz_plugin/share/tier4_target_object_type_rviz_plugin/local_setup.bash
[0.443s] -- Up-to-date symlink: /home/zhijie/autoware/install/tier4_target_object_type_rviz_plugin/share/tier4_target_object_type_rviz_plugin/local_setup.sh
[0.443s] -- Up-to-date symlink: /home/zhijie/autoware/install/tier4_target_object_type_rviz_plugin/share/tier4_target_object_type_rviz_plugin/local_setup.zsh
[0.443s] -- Up-to-date symlink: /home/zhijie/autoware/install/tier4_target_object_type_rviz_plugin/share/tier4_target_object_type_rviz_plugin/local_setup.dsv
[0.443s] -- Symlinking: /home/zhijie/autoware/install/tier4_target_object_type_rviz_plugin/share/tier4_target_object_type_rviz_plugin/package.dsv
[0.446s] -- Up-to-date symlink: /home/zhijie/autoware/install/tier4_target_object_type_rviz_plugin/share/ament_index/resource_index/packages/tier4_target_object_type_rviz_plugin
[0.447s] -- Up-to-date symlink: /home/zhijie/autoware/install/tier4_target_object_type_rviz_plugin/share/ament_index/resource_index/rviz_common__pluginlib__plugin/tier4_target_object_type_rviz_plugin
[0.447s] -- Up-to-date symlink: /home/zhijie/autoware/install/tier4_target_object_type_rviz_plugin/share/tier4_target_object_type_rviz_plugin/cmake/ament_cmake_export_dependencies-extras.cmake
[0.447s] -- Up-to-date symlink: /home/zhijie/autoware/install/tier4_target_object_type_rviz_plugin/share/tier4_target_object_type_rviz_plugin/cmake/ament_cmake_export_libraries-extras.cmake
[0.447s] -- Up-to-date symlink: /home/zhijie/autoware/install/tier4_target_object_type_rviz_plugin/share/tier4_target_object_type_rviz_plugin/cmake/tier4_target_object_type_rviz_pluginConfig.cmake
[0.447s] -- Up-to-date symlink: /home/zhijie/autoware/install/tier4_target_object_type_rviz_plugin/share/tier4_target_object_type_rviz_plugin/cmake/tier4_target_object_type_rviz_pluginConfig-version.cmake
[0.447s] -- Up-to-date symlink: /home/zhijie/autoware/install/tier4_target_object_type_rviz_plugin/share/tier4_target_object_type_rviz_plugin/package.xml
[0.574s] Invoked command in '/home/zhijie/autoware/build/tier4_target_object_type_rviz_plugin' returned '0': AMENT_PREFIX_PATH=/home/zhijie/autoware/install/autoware_cmake:/home/zhijie/autoware/install/autoware_lint_common:${AMENT_PREFIX_PATH} CMAKE_PREFIX_PATH=/home/zhijie/autoware/install/autoware_cmake:/home/zhijie/autoware/install/autoware_lint_common:/opt/ros/humble /usr/bin/cmake --install /home/zhijie/autoware/build/tier4_target_object_type_rviz_plugin
