[0.667s] Invoking command in '/home/mtl12345/autoware/build/tier4_v2x_msgs': CMAKE_PREFIX_PATH=/opt/ros/humble /usr/bin/cmake --build /home/mtl12345/autoware/build/tier4_v2x_msgs -- -j12 -l12
[0.722s] [  1%] Built target tier4_v2x_msgs__cpp
[0.728s] [ 12%] Built target tier4_v2x_msgs__rosidl_generator_c
[0.745s] [ 12%] Built target ament_cmake_python_symlink_tier4_v2x_msgs
[0.781s] [ 23%] Built target tier4_v2x_msgs__rosidl_typesupport_cpp
[0.789s] [ 34%] Built target tier4_v2x_msgs__rosidl_typesupport_fastrtps_cpp
[0.798s] [ 46%] Built target tier4_v2x_msgs__rosidl_typesupport_introspection_cpp
[0.801s] [ 57%] Built target tier4_v2x_msgs__rosidl_typesupport_fastrtps_c
[0.825s] [ 68%] Built target tier4_v2x_msgs__rosidl_typesupport_introspection_c
[0.828s] [ 79%] Built target tier4_v2x_msgs__rosidl_typesupport_c
[0.857s] [ 79%] Built target tier4_v2x_msgs
[0.877s] [ 80%] Built target tier4_v2x_msgs__py
[0.908s] [ 90%] Built target tier4_v2x_msgs__rosidl_generator_py
[0.953s] [ 93%] Built target tier4_v2x_msgs__rosidl_typesupport_fastrtps_c__pyext
[0.960s] [ 96%] Built target tier4_v2x_msgs__rosidl_typesupport_c__pyext
[0.968s] [100%] Built target tier4_v2x_msgs__rosidl_typesupport_introspection_c__pyext
[1.206s] running egg_info
[1.208s] writing tier4_v2x_msgs.egg-info/PKG-INFO
[1.208s] writing dependency_links to tier4_v2x_msgs.egg-info/dependency_links.txt
[1.208s] writing top-level names to tier4_v2x_msgs.egg-info/top_level.txt
[1.211s] reading manifest file 'tier4_v2x_msgs.egg-info/SOURCES.txt'
[1.211s] writing manifest file 'tier4_v2x_msgs.egg-info/SOURCES.txt'
[1.237s] [100%] Built target ament_cmake_python_build_tier4_v2x_msgs_egg
[1.288s] Invoked command in '/home/mtl12345/autoware/build/tier4_v2x_msgs' returned '0': CMAKE_PREFIX_PATH=/opt/ros/humble /usr/bin/cmake --build /home/mtl12345/autoware/build/tier4_v2x_msgs -- -j12 -l12
[1.472s] Invoking command in '/home/mtl12345/autoware/build/tier4_v2x_msgs': CMAKE_PREFIX_PATH=/opt/ros/humble /usr/bin/cmake --install /home/mtl12345/autoware/build/tier4_v2x_msgs
[1.754s] -- Install configuration: "Release"
[1.754s] -- Execute custom install script
[1.754s] -- Up-to-date symlink: /home/mtl12345/autoware/install/tier4_v2x_msgs/share/ament_index/resource_index/rosidl_interfaces/tier4_v2x_msgs
[1.754s] -- Up-to-date symlink: /home/mtl12345/autoware/install/tier4_v2x_msgs/include/tier4_v2x_msgs/tier4_v2x_msgs/msg/detail/infrastructure_command__functions.h
[1.754s] -- Up-to-date symlink: /home/mtl12345/autoware/install/tier4_v2x_msgs/include/tier4_v2x_msgs/tier4_v2x_msgs/msg/detail/infrastructure_command__struct.h
[1.754s] -- Up-to-date symlink: /home/mtl12345/autoware/install/tier4_v2x_msgs/include/tier4_v2x_msgs/tier4_v2x_msgs/msg/detail/infrastructure_command__type_support.h
[1.754s] -- Up-to-date symlink: /home/mtl12345/autoware/install/tier4_v2x_msgs/include/tier4_v2x_msgs/tier4_v2x_msgs/msg/detail/infrastructure_command_array__functions.h
[1.754s] -- Up-to-date symlink: /home/mtl12345/autoware/install/tier4_v2x_msgs/include/tier4_v2x_msgs/tier4_v2x_msgs/msg/detail/infrastructure_command_array__struct.h
[1.754s] -- Up-to-date symlink: /home/mtl12345/autoware/install/tier4_v2x_msgs/include/tier4_v2x_msgs/tier4_v2x_msgs/msg/detail/infrastructure_command_array__type_support.h
[1.755s] -- Up-to-date symlink: /home/mtl12345/autoware/install/tier4_v2x_msgs/include/tier4_v2x_msgs/tier4_v2x_msgs/msg/detail/key_value__functions.h
[1.755s] -- Up-to-date symlink: /home/mtl12345/autoware/install/tier4_v2x_msgs/include/tier4_v2x_msgs/tier4_v2x_msgs/msg/detail/key_value__struct.h
[1.755s] -- Up-to-date symlink: /home/mtl12345/autoware/install/tier4_v2x_msgs/include/tier4_v2x_msgs/tier4_v2x_msgs/msg/detail/key_value__type_support.h
[1.755s] -- Up-to-date symlink: /home/mtl12345/autoware/install/tier4_v2x_msgs/include/tier4_v2x_msgs/tier4_v2x_msgs/msg/detail/virtual_traffic_light_state__functions.h
[1.755s] -- Up-to-date symlink: /home/mtl12345/autoware/install/tier4_v2x_msgs/include/tier4_v2x_msgs/tier4_v2x_msgs/msg/detail/virtual_traffic_light_state__struct.h
[1.755s] -- Up-to-date symlink: /home/mtl12345/autoware/install/tier4_v2x_msgs/include/tier4_v2x_msgs/tier4_v2x_msgs/msg/detail/virtual_traffic_light_state__type_support.h
[1.755s] -- Up-to-date symlink: /home/mtl12345/autoware/install/tier4_v2x_msgs/include/tier4_v2x_msgs/tier4_v2x_msgs/msg/detail/virtual_traffic_light_state_array__functions.h
[1.756s] -- Up-to-date symlink: /home/mtl12345/autoware/install/tier4_v2x_msgs/include/tier4_v2x_msgs/tier4_v2x_msgs/msg/detail/virtual_traffic_light_state_array__struct.h
[1.756s] -- Up-to-date symlink: /home/mtl12345/autoware/install/tier4_v2x_msgs/include/tier4_v2x_msgs/tier4_v2x_msgs/msg/detail/virtual_traffic_light_state_array__type_support.h
[1.756s] -- Up-to-date symlink: /home/mtl12345/autoware/install/tier4_v2x_msgs/include/tier4_v2x_msgs/tier4_v2x_msgs/msg/infrastructure_command.h
[1.756s] -- Up-to-date symlink: /home/mtl12345/autoware/install/tier4_v2x_msgs/include/tier4_v2x_msgs/tier4_v2x_msgs/msg/infrastructure_command_array.h
[1.757s] -- Up-to-date symlink: /home/mtl12345/autoware/install/tier4_v2x_msgs/include/tier4_v2x_msgs/tier4_v2x_msgs/msg/key_value.h
[1.757s] -- Up-to-date symlink: /home/mtl12345/autoware/install/tier4_v2x_msgs/include/tier4_v2x_msgs/tier4_v2x_msgs/msg/rosidl_generator_c__visibility_control.h
[1.757s] -- Up-to-date symlink: /home/mtl12345/autoware/install/tier4_v2x_msgs/include/tier4_v2x_msgs/tier4_v2x_msgs/msg/virtual_traffic_light_state.h
[1.757s] -- Up-to-date symlink: /home/mtl12345/autoware/install/tier4_v2x_msgs/include/tier4_v2x_msgs/tier4_v2x_msgs/msg/virtual_traffic_light_state_array.h
[1.757s] -- Up-to-date symlink: /home/mtl12345/autoware/install/tier4_v2x_msgs/share/tier4_v2x_msgs/environment/library_path.sh
[1.757s] -- Up-to-date symlink: /home/mtl12345/autoware/install/tier4_v2x_msgs/share/tier4_v2x_msgs/environment/library_path.dsv
[1.757s] -- Up-to-date symlink: /home/mtl12345/autoware/install/tier4_v2x_msgs/include/tier4_v2x_msgs/tier4_v2x_msgs/msg/detail/infrastructure_command__rosidl_typesupport_fastrtps_c.h
[1.757s] -- Up-to-date symlink: /home/mtl12345/autoware/install/tier4_v2x_msgs/include/tier4_v2x_msgs/tier4_v2x_msgs/msg/detail/infrastructure_command_array__rosidl_typesupport_fastrtps_c.h
[1.762s] -- Up-to-date symlink: /home/mtl12345/autoware/install/tier4_v2x_msgs/include/tier4_v2x_msgs/tier4_v2x_msgs/msg/detail/key_value__rosidl_typesupport_fastrtps_c.h
[1.762s] -- Up-to-date symlink: /home/mtl12345/autoware/install/tier4_v2x_msgs/include/tier4_v2x_msgs/tier4_v2x_msgs/msg/detail/virtual_traffic_light_state__rosidl_typesupport_fastrtps_c.h
[1.762s] -- Up-to-date symlink: /home/mtl12345/autoware/install/tier4_v2x_msgs/include/tier4_v2x_msgs/tier4_v2x_msgs/msg/detail/virtual_traffic_light_state_array__rosidl_typesupport_fastrtps_c.h
[1.762s] -- Up-to-date symlink: /home/mtl12345/autoware/install/tier4_v2x_msgs/include/tier4_v2x_msgs/tier4_v2x_msgs/msg/rosidl_typesupport_fastrtps_c__visibility_control.h
[1.762s] -- Up-to-date symlink: /home/mtl12345/autoware/install/tier4_v2x_msgs/include/tier4_v2x_msgs/tier4_v2x_msgs/msg/detail/infrastructure_command__rosidl_typesupport_introspection_c.h
[1.763s] -- Up-to-date symlink: /home/mtl12345/autoware/install/tier4_v2x_msgs/include/tier4_v2x_msgs/tier4_v2x_msgs/msg/detail/infrastructure_command_array__rosidl_typesupport_introspection_c.h
[1.763s] -- Up-to-date symlink: /home/mtl12345/autoware/install/tier4_v2x_msgs/include/tier4_v2x_msgs/tier4_v2x_msgs/msg/detail/key_value__rosidl_typesupport_introspection_c.h
[1.763s] -- Up-to-date symlink: /home/mtl12345/autoware/install/tier4_v2x_msgs/include/tier4_v2x_msgs/tier4_v2x_msgs/msg/detail/virtual_traffic_light_state__rosidl_typesupport_introspection_c.h
[1.763s] -- Up-to-date symlink: /home/mtl12345/autoware/install/tier4_v2x_msgs/include/tier4_v2x_msgs/tier4_v2x_msgs/msg/detail/virtual_traffic_light_state_array__rosidl_typesupport_introspection_c.h
[1.763s] -- Up-to-date symlink: /home/mtl12345/autoware/install/tier4_v2x_msgs/include/tier4_v2x_msgs/tier4_v2x_msgs/msg/rosidl_typesupport_introspection_c__visibility_control.h
[1.763s] -- Up-to-date symlink: /home/mtl12345/autoware/install/tier4_v2x_msgs/include/tier4_v2x_msgs/tier4_v2x_msgs/msg/detail/infrastructure_command__builder.hpp
[1.764s] -- Up-to-date symlink: /home/mtl12345/autoware/install/tier4_v2x_msgs/include/tier4_v2x_msgs/tier4_v2x_msgs/msg/detail/infrastructure_command__struct.hpp
[1.764s] -- Up-to-date symlink: /home/mtl12345/autoware/install/tier4_v2x_msgs/include/tier4_v2x_msgs/tier4_v2x_msgs/msg/detail/infrastructure_command__traits.hpp
[1.764s] -- Up-to-date symlink: /home/mtl12345/autoware/install/tier4_v2x_msgs/include/tier4_v2x_msgs/tier4_v2x_msgs/msg/detail/infrastructure_command_array__builder.hpp
[1.764s] -- Up-to-date symlink: /home/mtl12345/autoware/install/tier4_v2x_msgs/include/tier4_v2x_msgs/tier4_v2x_msgs/msg/detail/infrastructure_command_array__struct.hpp
[1.764s] -- Up-to-date symlink: /home/mtl12345/autoware/install/tier4_v2x_msgs/include/tier4_v2x_msgs/tier4_v2x_msgs/msg/detail/infrastructure_command_array__traits.hpp
[1.764s] -- Up-to-date symlink: /home/mtl12345/autoware/install/tier4_v2x_msgs/include/tier4_v2x_msgs/tier4_v2x_msgs/msg/detail/key_value__builder.hpp
[1.764s] -- Up-to-date symlink: /home/mtl12345/autoware/install/tier4_v2x_msgs/include/tier4_v2x_msgs/tier4_v2x_msgs/msg/detail/key_value__struct.hpp
[1.764s] -- Up-to-date symlink: /home/mtl12345/autoware/install/tier4_v2x_msgs/include/tier4_v2x_msgs/tier4_v2x_msgs/msg/detail/key_value__traits.hpp
[1.765s] -- Up-to-date symlink: /home/mtl12345/autoware/install/tier4_v2x_msgs/include/tier4_v2x_msgs/tier4_v2x_msgs/msg/detail/virtual_traffic_light_state__builder.hpp
[1.765s] -- Up-to-date symlink: /home/mtl12345/autoware/install/tier4_v2x_msgs/include/tier4_v2x_msgs/tier4_v2x_msgs/msg/detail/virtual_traffic_light_state__struct.hpp
[1.765s] -- Up-to-date symlink: /home/mtl12345/autoware/install/tier4_v2x_msgs/include/tier4_v2x_msgs/tier4_v2x_msgs/msg/detail/virtual_traffic_light_state__traits.hpp
[1.765s] -- Up-to-date symlink: /home/mtl12345/autoware/install/tier4_v2x_msgs/include/tier4_v2x_msgs/tier4_v2x_msgs/msg/detail/virtual_traffic_light_state_array__builder.hpp
[1.765s] -- Up-to-date symlink: /home/mtl12345/autoware/install/tier4_v2x_msgs/include/tier4_v2x_msgs/tier4_v2x_msgs/msg/detail/virtual_traffic_light_state_array__struct.hpp
[1.765s] -- Up-to-date symlink: /home/mtl12345/autoware/install/tier4_v2x_msgs/include/tier4_v2x_msgs/tier4_v2x_msgs/msg/detail/virtual_traffic_light_state_array__traits.hpp
[1.765s] -- Up-to-date symlink: /home/mtl12345/autoware/install/tier4_v2x_msgs/include/tier4_v2x_msgs/tier4_v2x_msgs/msg/infrastructure_command.hpp
[1.765s] -- Up-to-date symlink: /home/mtl12345/autoware/install/tier4_v2x_msgs/include/tier4_v2x_msgs/tier4_v2x_msgs/msg/infrastructure_command_array.hpp
[1.765s] -- Up-to-date symlink: /home/mtl12345/autoware/install/tier4_v2x_msgs/include/tier4_v2x_msgs/tier4_v2x_msgs/msg/key_value.hpp
[1.765s] -- Up-to-date symlink: /home/mtl12345/autoware/install/tier4_v2x_msgs/include/tier4_v2x_msgs/tier4_v2x_msgs/msg/virtual_traffic_light_state.hpp
[1.765s] -- Up-to-date symlink: /home/mtl12345/autoware/install/tier4_v2x_msgs/include/tier4_v2x_msgs/tier4_v2x_msgs/msg/virtual_traffic_light_state_array.hpp
[1.765s] -- Up-to-date symlink: /home/mtl12345/autoware/install/tier4_v2x_msgs/include/tier4_v2x_msgs/tier4_v2x_msgs/msg/detail/infrastructure_command__rosidl_typesupport_fastrtps_cpp.hpp
[1.765s] -- Up-to-date symlink: /home/mtl12345/autoware/install/tier4_v2x_msgs/include/tier4_v2x_msgs/tier4_v2x_msgs/msg/detail/infrastructure_command_array__rosidl_typesupport_fastrtps_cpp.hpp
[1.766s] -- Up-to-date symlink: /home/mtl12345/autoware/install/tier4_v2x_msgs/include/tier4_v2x_msgs/tier4_v2x_msgs/msg/detail/key_value__rosidl_typesupport_fastrtps_cpp.hpp
[1.766s] -- Up-to-date symlink: /home/mtl12345/autoware/install/tier4_v2x_msgs/include/tier4_v2x_msgs/tier4_v2x_msgs/msg/detail/virtual_traffic_light_state__rosidl_typesupport_fastrtps_cpp.hpp
[1.766s] -- Up-to-date symlink: /home/mtl12345/autoware/install/tier4_v2x_msgs/include/tier4_v2x_msgs/tier4_v2x_msgs/msg/detail/virtual_traffic_light_state_array__rosidl_typesupport_fastrtps_cpp.hpp
[1.766s] -- Up-to-date symlink: /home/mtl12345/autoware/install/tier4_v2x_msgs/include/tier4_v2x_msgs/tier4_v2x_msgs/msg/rosidl_typesupport_fastrtps_cpp__visibility_control.h
[1.767s] -- Up-to-date symlink: /home/mtl12345/autoware/install/tier4_v2x_msgs/include/tier4_v2x_msgs/tier4_v2x_msgs/msg/detail/infrastructure_command__rosidl_typesupport_introspection_cpp.hpp
[1.767s] -- Up-to-date symlink: /home/mtl12345/autoware/install/tier4_v2x_msgs/include/tier4_v2x_msgs/tier4_v2x_msgs/msg/detail/infrastructure_command_array__rosidl_typesupport_introspection_cpp.hpp
[1.767s] -- Up-to-date symlink: /home/mtl12345/autoware/install/tier4_v2x_msgs/include/tier4_v2x_msgs/tier4_v2x_msgs/msg/detail/key_value__rosidl_typesupport_introspection_cpp.hpp
[1.767s] -- Up-to-date symlink: /home/mtl12345/autoware/install/tier4_v2x_msgs/include/tier4_v2x_msgs/tier4_v2x_msgs/msg/detail/virtual_traffic_light_state__rosidl_typesupport_introspection_cpp.hpp
[1.768s] -- Up-to-date symlink: /home/mtl12345/autoware/install/tier4_v2x_msgs/include/tier4_v2x_msgs/tier4_v2x_msgs/msg/detail/virtual_traffic_light_state_array__rosidl_typesupport_introspection_cpp.hpp
[1.768s] -- Up-to-date symlink: /home/mtl12345/autoware/install/tier4_v2x_msgs/share/tier4_v2x_msgs/environment/pythonpath.sh
[1.768s] -- Up-to-date symlink: /home/mtl12345/autoware/install/tier4_v2x_msgs/share/tier4_v2x_msgs/environment/pythonpath.dsv
[1.769s] -- Up-to-date symlink: /home/mtl12345/autoware/install/tier4_v2x_msgs/local/lib/python3.10/dist-packages/tier4_v2x_msgs-0.1.0-py3.10.egg-info/PKG-INFO
[1.769s] -- Up-to-date symlink: /home/mtl12345/autoware/install/tier4_v2x_msgs/local/lib/python3.10/dist-packages/tier4_v2x_msgs-0.1.0-py3.10.egg-info/SOURCES.txt
[1.769s] -- Up-to-date symlink: /home/mtl12345/autoware/install/tier4_v2x_msgs/local/lib/python3.10/dist-packages/tier4_v2x_msgs-0.1.0-py3.10.egg-info/dependency_links.txt
[1.769s] -- Up-to-date symlink: /home/mtl12345/autoware/install/tier4_v2x_msgs/local/lib/python3.10/dist-packages/tier4_v2x_msgs-0.1.0-py3.10.egg-info/top_level.txt
[1.769s] -- Up-to-date symlink: /home/mtl12345/autoware/install/tier4_v2x_msgs/local/lib/python3.10/dist-packages/tier4_v2x_msgs/__init__.py
[1.769s] -- Up-to-date symlink: /home/mtl12345/autoware/install/tier4_v2x_msgs/local/lib/python3.10/dist-packages/tier4_v2x_msgs/_tier4_v2x_msgs_s.ep.rosidl_typesupport_c.c
[1.769s] -- Up-to-date symlink: /home/mtl12345/autoware/install/tier4_v2x_msgs/local/lib/python3.10/dist-packages/tier4_v2x_msgs/_tier4_v2x_msgs_s.ep.rosidl_typesupport_fastrtps_c.c
[1.773s] -- Up-to-date symlink: /home/mtl12345/autoware/install/tier4_v2x_msgs/local/lib/python3.10/dist-packages/tier4_v2x_msgs/_tier4_v2x_msgs_s.ep.rosidl_typesupport_introspection_c.c
[1.774s] -- Up-to-date symlink: /home/mtl12345/autoware/install/tier4_v2x_msgs/local/lib/python3.10/dist-packages/tier4_v2x_msgs/libtier4_v2x_msgs__rosidl_generator_py.so
[1.774s] -- Up-to-date symlink: /home/mtl12345/autoware/install/tier4_v2x_msgs/local/lib/python3.10/dist-packages/tier4_v2x_msgs/msg/__init__.py
[1.774s] -- Up-to-date symlink: /home/mtl12345/autoware/install/tier4_v2x_msgs/local/lib/python3.10/dist-packages/tier4_v2x_msgs/msg/_infrastructure_command.py
[1.774s] -- Up-to-date symlink: /home/mtl12345/autoware/install/tier4_v2x_msgs/local/lib/python3.10/dist-packages/tier4_v2x_msgs/msg/_infrastructure_command_array.py
[1.774s] -- Up-to-date symlink: /home/mtl12345/autoware/install/tier4_v2x_msgs/local/lib/python3.10/dist-packages/tier4_v2x_msgs/msg/_infrastructure_command_array_s.c
[1.775s] -- Up-to-date symlink: /home/mtl12345/autoware/install/tier4_v2x_msgs/local/lib/python3.10/dist-packages/tier4_v2x_msgs/msg/_infrastructure_command_s.c
[1.775s] -- Up-to-date symlink: /home/mtl12345/autoware/install/tier4_v2x_msgs/local/lib/python3.10/dist-packages/tier4_v2x_msgs/msg/_key_value.py
[1.775s] -- Up-to-date symlink: /home/mtl12345/autoware/install/tier4_v2x_msgs/local/lib/python3.10/dist-packages/tier4_v2x_msgs/msg/_key_value_s.c
[1.775s] -- Up-to-date symlink: /home/mtl12345/autoware/install/tier4_v2x_msgs/local/lib/python3.10/dist-packages/tier4_v2x_msgs/msg/_virtual_traffic_light_state.py
[1.775s] -- Up-to-date symlink: /home/mtl12345/autoware/install/tier4_v2x_msgs/local/lib/python3.10/dist-packages/tier4_v2x_msgs/msg/_virtual_traffic_light_state_array.py
[1.776s] -- Up-to-date symlink: /home/mtl12345/autoware/install/tier4_v2x_msgs/local/lib/python3.10/dist-packages/tier4_v2x_msgs/msg/_virtual_traffic_light_state_array_s.c
[1.776s] -- Up-to-date symlink: /home/mtl12345/autoware/install/tier4_v2x_msgs/local/lib/python3.10/dist-packages/tier4_v2x_msgs/msg/_virtual_traffic_light_state_s.c
[1.776s] -- Up-to-date symlink: /home/mtl12345/autoware/install/tier4_v2x_msgs/local/lib/python3.10/dist-packages/tier4_v2x_msgs/tier4_v2x_msgs_s__rosidl_typesupport_c.cpython-310-x86_64-linux-gnu.so
[1.776s] -- Up-to-date symlink: /home/mtl12345/autoware/install/tier4_v2x_msgs/local/lib/python3.10/dist-packages/tier4_v2x_msgs/tier4_v2x_msgs_s__rosidl_typesupport_fastrtps_c.cpython-310-x86_64-linux-gnu.so
[1.776s] -- Up-to-date symlink: /home/mtl12345/autoware/install/tier4_v2x_msgs/local/lib/python3.10/dist-packages/tier4_v2x_msgs/tier4_v2x_msgs_s__rosidl_typesupport_introspection_c.cpython-310-x86_64-linux-gnu.so
[1.776s] -- Up-to-date symlink: /home/mtl12345/autoware/install/tier4_v2x_msgs/local/lib/python3.10/dist-packages/tier4_v2x_msgs/tier4_v2x_msgs_s__rosidl_typesupport_fastrtps_c.cpython-310-x86_64-linux-gnu.so
[1.776s] -- Up-to-date symlink: /home/mtl12345/autoware/install/tier4_v2x_msgs/local/lib/python3.10/dist-packages/tier4_v2x_msgs/tier4_v2x_msgs_s__rosidl_typesupport_introspection_c.cpython-310-x86_64-linux-gnu.so
[1.777s] -- Up-to-date symlink: /home/mtl12345/autoware/install/tier4_v2x_msgs/local/lib/python3.10/dist-packages/tier4_v2x_msgs/tier4_v2x_msgs_s__rosidl_typesupport_c.cpython-310-x86_64-linux-gnu.so
[1.777s] -- Up-to-date symlink: /home/mtl12345/autoware/install/tier4_v2x_msgs/share/tier4_v2x_msgs/msg/InfrastructureCommand.idl
[1.777s] -- Up-to-date symlink: /home/mtl12345/autoware/install/tier4_v2x_msgs/share/tier4_v2x_msgs/msg/InfrastructureCommandArray.idl
[1.777s] -- Up-to-date symlink: /home/mtl12345/autoware/install/tier4_v2x_msgs/share/tier4_v2x_msgs/msg/KeyValue.idl
[1.777s] -- Up-to-date symlink: /home/mtl12345/autoware/install/tier4_v2x_msgs/share/tier4_v2x_msgs/msg/VirtualTrafficLightState.idl
[1.778s] -- Up-to-date symlink: /home/mtl12345/autoware/install/tier4_v2x_msgs/share/tier4_v2x_msgs/msg/VirtualTrafficLightStateArray.idl
[1.778s] -- Up-to-date symlink: /home/mtl12345/autoware/install/tier4_v2x_msgs/share/tier4_v2x_msgs/msg/InfrastructureCommand.msg
[1.778s] -- Up-to-date symlink: /home/mtl12345/autoware/install/tier4_v2x_msgs/share/tier4_v2x_msgs/msg/InfrastructureCommandArray.msg
[1.778s] -- Up-to-date symlink: /home/mtl12345/autoware/install/tier4_v2x_msgs/share/tier4_v2x_msgs/msg/KeyValue.msg
[1.778s] -- Up-to-date symlink: /home/mtl12345/autoware/install/tier4_v2x_msgs/share/tier4_v2x_msgs/msg/VirtualTrafficLightState.msg
[1.778s] -- Up-to-date symlink: /home/mtl12345/autoware/install/tier4_v2x_msgs/share/tier4_v2x_msgs/msg/VirtualTrafficLightStateArray.msg
[1.779s] -- Up-to-date symlink: /home/mtl12345/autoware/install/tier4_v2x_msgs/share/ament_index/resource_index/package_run_dependencies/tier4_v2x_msgs
[1.779s] -- Up-to-date symlink: /home/mtl12345/autoware/install/tier4_v2x_msgs/share/ament_index/resource_index/parent_prefix_path/tier4_v2x_msgs
[1.779s] -- Up-to-date symlink: /home/mtl12345/autoware/install/tier4_v2x_msgs/share/tier4_v2x_msgs/environment/ament_prefix_path.sh
[1.779s] -- Up-to-date symlink: /home/mtl12345/autoware/install/tier4_v2x_msgs/share/tier4_v2x_msgs/environment/ament_prefix_path.dsv
[1.779s] -- Up-to-date symlink: /home/mtl12345/autoware/install/tier4_v2x_msgs/share/tier4_v2x_msgs/environment/path.sh
[1.779s] -- Up-to-date symlink: /home/mtl12345/autoware/install/tier4_v2x_msgs/share/tier4_v2x_msgs/environment/path.dsv
[1.779s] -- Up-to-date symlink: /home/mtl12345/autoware/install/tier4_v2x_msgs/share/tier4_v2x_msgs/local_setup.bash
[1.780s] -- Up-to-date symlink: /home/mtl12345/autoware/install/tier4_v2x_msgs/share/tier4_v2x_msgs/local_setup.sh
[1.780s] -- Up-to-date symlink: /home/mtl12345/autoware/install/tier4_v2x_msgs/share/tier4_v2x_msgs/local_setup.zsh
[1.788s] -- Up-to-date symlink: /home/mtl12345/autoware/install/tier4_v2x_msgs/share/tier4_v2x_msgs/local_setup.dsv
[1.788s] -- Symlinking: /home/mtl12345/autoware/install/tier4_v2x_msgs/share/tier4_v2x_msgs/package.dsv
[1.793s] -- Up-to-date symlink: /home/mtl12345/autoware/install/tier4_v2x_msgs/share/ament_index/resource_index/packages/tier4_v2x_msgs
[1.793s] -- Up-to-date symlink: /home/mtl12345/autoware/install/tier4_v2x_msgs/share/tier4_v2x_msgs/cmake/rosidl_cmake-extras.cmake
[1.793s] -- Up-to-date symlink: /home/mtl12345/autoware/install/tier4_v2x_msgs/share/tier4_v2x_msgs/cmake/ament_cmake_export_dependencies-extras.cmake
[1.793s] -- Up-to-date symlink: /home/mtl12345/autoware/install/tier4_v2x_msgs/share/tier4_v2x_msgs/cmake/ament_cmake_export_include_directories-extras.cmake
[1.793s] -- Up-to-date symlink: /home/mtl12345/autoware/install/tier4_v2x_msgs/share/tier4_v2x_msgs/cmake/ament_cmake_export_libraries-extras.cmake
[1.793s] -- Up-to-date symlink: /home/mtl12345/autoware/install/tier4_v2x_msgs/share/tier4_v2x_msgs/cmake/ament_cmake_export_targets-extras.cmake
[1.795s] -- Up-to-date symlink: /home/mtl12345/autoware/install/tier4_v2x_msgs/share/tier4_v2x_msgs/cmake/rosidl_cmake_export_typesupport_targets-extras.cmake
[1.795s] -- Up-to-date symlink: /home/mtl12345/autoware/install/tier4_v2x_msgs/share/tier4_v2x_msgs/cmake/rosidl_cmake_export_typesupport_libraries-extras.cmake
[1.795s] -- Up-to-date symlink: /home/mtl12345/autoware/install/tier4_v2x_msgs/share/tier4_v2x_msgs/cmake/tier4_v2x_msgsConfig.cmake
[1.795s] -- Up-to-date symlink: /home/mtl12345/autoware/install/tier4_v2x_msgs/share/tier4_v2x_msgs/cmake/tier4_v2x_msgsConfig-version.cmake
[1.796s] -- Up-to-date symlink: /home/mtl12345/autoware/install/tier4_v2x_msgs/share/tier4_v2x_msgs/package.xml
[1.797s] -- Up-to-date: /home/mtl12345/autoware/install/tier4_v2x_msgs/lib/libtier4_v2x_msgs__rosidl_generator_c.so
[1.798s] -- Up-to-date: /home/mtl12345/autoware/install/tier4_v2x_msgs/lib/libtier4_v2x_msgs__rosidl_typesupport_fastrtps_c.so
[1.799s] -- Up-to-date: /home/mtl12345/autoware/install/tier4_v2x_msgs/lib/libtier4_v2x_msgs__rosidl_typesupport_introspection_c.so
[1.799s] -- Up-to-date: /home/mtl12345/autoware/install/tier4_v2x_msgs/lib/libtier4_v2x_msgs__rosidl_typesupport_c.so
[1.799s] -- Up-to-date: /home/mtl12345/autoware/install/tier4_v2x_msgs/lib/libtier4_v2x_msgs__rosidl_typesupport_fastrtps_cpp.so
[1.801s] -- Up-to-date: /home/mtl12345/autoware/install/tier4_v2x_msgs/lib/libtier4_v2x_msgs__rosidl_typesupport_introspection_cpp.so
[1.802s] -- Up-to-date: /home/mtl12345/autoware/install/tier4_v2x_msgs/lib/libtier4_v2x_msgs__rosidl_typesupport_cpp.so
[1.825s] Listing '/home/mtl12345/autoware/install/tier4_v2x_msgs/local/lib/python3.10/dist-packages/tier4_v2x_msgs'...
[1.825s] Listing '/home/mtl12345/autoware/install/tier4_v2x_msgs/local/lib/python3.10/dist-packages/tier4_v2x_msgs/msg'...
[1.827s] -- Up-to-date: /home/mtl12345/autoware/install/tier4_v2x_msgs/lib/libtier4_v2x_msgs__rosidl_generator_py.so
[1.827s] -- Up-to-date: /home/mtl12345/autoware/install/tier4_v2x_msgs/share/tier4_v2x_msgs/cmake/export_tier4_v2x_msgs__rosidl_generator_cExport.cmake
[1.827s] -- Up-to-date: /home/mtl12345/autoware/install/tier4_v2x_msgs/share/tier4_v2x_msgs/cmake/export_tier4_v2x_msgs__rosidl_generator_cExport-release.cmake
[1.827s] -- Up-to-date: /home/mtl12345/autoware/install/tier4_v2x_msgs/share/tier4_v2x_msgs/cmake/export_tier4_v2x_msgs__rosidl_typesupport_fastrtps_cExport.cmake
[1.827s] -- Up-to-date: /home/mtl12345/autoware/install/tier4_v2x_msgs/share/tier4_v2x_msgs/cmake/export_tier4_v2x_msgs__rosidl_typesupport_fastrtps_cExport-release.cmake
[1.827s] -- Up-to-date: /home/mtl12345/autoware/install/tier4_v2x_msgs/share/tier4_v2x_msgs/cmake/tier4_v2x_msgs__rosidl_typesupport_introspection_cExport.cmake
[1.827s] -- Up-to-date: /home/mtl12345/autoware/install/tier4_v2x_msgs/share/tier4_v2x_msgs/cmake/tier4_v2x_msgs__rosidl_typesupport_introspection_cExport-release.cmake
[1.828s] -- Up-to-date: /home/mtl12345/autoware/install/tier4_v2x_msgs/share/tier4_v2x_msgs/cmake/tier4_v2x_msgs__rosidl_typesupport_cExport.cmake
[1.828s] -- Up-to-date: /home/mtl12345/autoware/install/tier4_v2x_msgs/share/tier4_v2x_msgs/cmake/tier4_v2x_msgs__rosidl_typesupport_cExport-release.cmake
[1.828s] -- Up-to-date: /home/mtl12345/autoware/install/tier4_v2x_msgs/share/tier4_v2x_msgs/cmake/export_tier4_v2x_msgs__rosidl_generator_cppExport.cmake
[1.828s] -- Up-to-date: /home/mtl12345/autoware/install/tier4_v2x_msgs/share/tier4_v2x_msgs/cmake/export_tier4_v2x_msgs__rosidl_typesupport_fastrtps_cppExport.cmake
[1.828s] -- Up-to-date: /home/mtl12345/autoware/install/tier4_v2x_msgs/share/tier4_v2x_msgs/cmake/export_tier4_v2x_msgs__rosidl_typesupport_fastrtps_cppExport-release.cmake
[1.828s] -- Up-to-date: /home/mtl12345/autoware/install/tier4_v2x_msgs/share/tier4_v2x_msgs/cmake/tier4_v2x_msgs__rosidl_typesupport_introspection_cppExport.cmake
[1.828s] -- Up-to-date: /home/mtl12345/autoware/install/tier4_v2x_msgs/share/tier4_v2x_msgs/cmake/tier4_v2x_msgs__rosidl_typesupport_introspection_cppExport-release.cmake
[1.828s] -- Up-to-date: /home/mtl12345/autoware/install/tier4_v2x_msgs/share/tier4_v2x_msgs/cmake/tier4_v2x_msgs__rosidl_typesupport_cppExport.cmake
[1.829s] -- Up-to-date: /home/mtl12345/autoware/install/tier4_v2x_msgs/share/tier4_v2x_msgs/cmake/tier4_v2x_msgs__rosidl_typesupport_cppExport-release.cmake
[1.829s] -- Up-to-date: /home/mtl12345/autoware/install/tier4_v2x_msgs/share/tier4_v2x_msgs/cmake/export_tier4_v2x_msgs__rosidl_generator_pyExport.cmake
[1.829s] -- Up-to-date: /home/mtl12345/autoware/install/tier4_v2x_msgs/share/tier4_v2x_msgs/cmake/export_tier4_v2x_msgs__rosidl_generator_pyExport-release.cmake
[2.094s] Invoked command in '/home/mtl12345/autoware/build/tier4_v2x_msgs' returned '0': CMAKE_PREFIX_PATH=/opt/ros/humble /usr/bin/cmake --install /home/mtl12345/autoware/build/tier4_v2x_msgs
