[0.270s] Invoking command in '/home/zhijie/autoware/build/raw_vehicle_cmd_converter': AMENT_PREFIX_PATH=/home/zhijie/autoware/install/interpolation:/home/zhijie/autoware/install/tier4_autoware_utils:/home/zhijie/autoware/install/tier4_vehicle_msgs:/home/zhijie/autoware/install/autoware_auto_vehicle_msgs:/home/zhijie/autoware/install/tier4_control_msgs:/home/zhijie/autoware/install/autoware_cmake:/home/zhijie/autoware/install/autoware_auto_planning_msgs:/home/zhijie/autoware/install/autoware_auto_perception_msgs:/home/zhijie/autoware/install/tier4_debug_msgs:/home/zhijie/autoware/install/autoware_lint_common:/home/zhijie/autoware/install/autoware_common_msgs:/home/zhijie/autoware/install/autoware_auto_mapping_msgs:/home/zhijie/autoware/install/autoware_auto_geometry_msgs:/home/zhijie/autoware/install/autoware_auto_control_msgs:${AMENT_PREFIX_PATH} CMAKE_PREFIX_PATH=/home/zhijie/autoware/install/interpolation:/home/zhijie/autoware/install/tier4_autoware_utils:/home/zhijie/autoware/install/tier4_vehicle_msgs:/home/zhijie/autoware/install/autoware_auto_vehicle_msgs:/home/zhijie/autoware/install/tier4_control_msgs:/home/zhijie/autoware/install/autoware_cmake:/home/zhijie/autoware/install/autoware_auto_planning_msgs:/home/zhijie/autoware/install/autoware_auto_perception_msgs:/home/zhijie/autoware/install/tier4_debug_msgs:/home/zhijie/autoware/install/autoware_lint_common:/home/zhijie/autoware/install/autoware_common_msgs:/home/zhijie/autoware/install/autoware_auto_mapping_msgs:/home/zhijie/autoware/install/autoware_auto_geometry_msgs:/home/zhijie/autoware/install/autoware_auto_control_msgs:/opt/ros/humble LD_LIBRARY_PATH=/home/zhijie/autoware/install/interpolation/lib:/home/zhijie/autoware/install/tier4_autoware_utils/lib:/home/zhijie/autoware/install/tier4_vehicle_msgs/lib:/home/zhijie/autoware/install/autoware_auto_vehicle_msgs/lib:/home/zhijie/autoware/install/tier4_control_msgs/lib:/home/zhijie/autoware/install/autoware_auto_planning_msgs/lib:/home/zhijie/autoware/install/autoware_auto_perception_msgs/lib:/home/zhijie/autoware/install/tier4_debug_msgs/lib:/home/zhijie/autoware/install/autoware_common_msgs/lib:/home/zhijie/autoware/install/autoware_auto_mapping_msgs/lib:/home/zhijie/autoware/install/autoware_auto_geometry_msgs/lib:/home/zhijie/autoware/install/autoware_auto_control_msgs/lib:${LD_LIBRARY_PATH} PYTHONPATH=/home/zhijie/autoware/install/tier4_vehicle_msgs/local/lib/python3.10/dist-packages:/home/zhijie/autoware/install/autoware_auto_vehicle_msgs/local/lib/python3.10/dist-packages:/home/zhijie/autoware/install/tier4_control_msgs/local/lib/python3.10/dist-packages:/home/zhijie/autoware/install/autoware_auto_planning_msgs/local/lib/python3.10/dist-packages:/home/zhijie/autoware/install/autoware_auto_perception_msgs/local/lib/python3.10/dist-packages:/home/zhijie/autoware/install/tier4_debug_msgs/local/lib/python3.10/dist-packages:/home/zhijie/autoware/install/autoware_common_msgs/local/lib/python3.10/dist-packages:/home/zhijie/autoware/install/autoware_auto_mapping_msgs/local/lib/python3.10/dist-packages:/home/zhijie/autoware/install/autoware_auto_geometry_msgs/local/lib/python3.10/dist-packages:/home/zhijie/autoware/install/autoware_auto_control_msgs/local/lib/python3.10/dist-packages:${PYTHONPATH} /usr/bin/cmake /home/zhijie/autoware/src/universe/autoware.universe/vehicle/raw_vehicle_cmd_converter -DCMAKE_BUILD_TYPE=Release -DAMENT_CMAKE_SYMLINK_INSTALL=1 -DCMAKE_INSTALL_PREFIX=/home/zhijie/autoware/install/raw_vehicle_cmd_converter
[51.506s] -- Found autoware_cmake: 0.1.0 (/home/zhijie/autoware/install/autoware_cmake/share/autoware_cmake/cmake)
[51.506s] -- Override CMake install command with custom implementation using symlinks instead of copying resources
[51.506s] -- Found rosidl_generator_c: 3.1.5 (/opt/ros/humble/share/rosidl_generator_c/cmake)
[51.507s] -- Found rosidl_adapter: 3.1.5 (/opt/ros/humble/share/rosidl_adapter/cmake)
[51.507s] -- Found rosidl_generator_cpp: 3.1.5 (/opt/ros/humble/share/rosidl_generator_cpp/cmake)
[51.507s] -- Using all available rosidl_typesupport_c: rosidl_typesupport_fastrtps_c;rosidl_typesupport_introspection_c
[51.507s] -- Using all available rosidl_typesupport_cpp: rosidl_typesupport_fastrtps_cpp;rosidl_typesupport_introspection_cpp
[51.507s] -- Found rmw_implementation_cmake: 6.1.1 (/opt/ros/humble/share/rmw_implementation_cmake/cmake)
[51.507s] -- Found rmw_cyclonedds_cpp: 1.3.4 (/opt/ros/humble/share/rmw_cyclonedds_cpp/cmake)
[51.510s] -- Using RMW implementation 'rmw_cyclonedds_cpp' as default
[51.511s] -- Found eigen3_cmake_module: 0.1.1 (/opt/ros/humble/share/eigen3_cmake_module/cmake)
[51.511s] -- Ensuring Eigen3 include directory is part of orocos-kdl CMake target
[51.511s] -- Eigen found (include: /usr/include/eigen3, version: 3.4.0)
[51.512s] -- FLANN found (include: /usr/include, lib: /usr/lib/x86_64-linux-gnu/libflann_cpp.so)
[51.512s] -- OpenNI found (version: 1.5.4.0, include: /usr/include/ni, lib: /usr/lib/libOpenNI.so;libusb::libusb)
[51.512s] -- OpenNI2 found (version: 2.2.0.33, include: /usr/include/openni2, lib: /usr/lib/x86_64-linux-gnu/libOpenNI2.so;libusb::libusb)
[51.512s] -- Eigen found (include: /usr/include/eigen3, version: 3.4.0)
[51.513s] -- OpenNI found (version: 1.5.4.0, include: /usr/include/ni, lib: /usr/lib/libOpenNI.so;libusb::libusb)
[51.513s] -- OpenNI2 found (version: 2.2.0.33, include: /usr/include/openni2, lib: /usr/lib/x86_64-linux-gnu/libOpenNI2.so;libusb::libusb)
[51.513s] -- Found Qhull version 8.0.2
[51.513s] -- OpenNI found (version: 1.5.4.0, include: /usr/include/ni, lib: /usr/lib/libOpenNI.so;libusb::libusb)
[51.513s] -- Found ament_lint_auto: 0.12.8 (/opt/ros/humble/share/ament_lint_auto/cmake)
[51.513s] -- Found gtest sources under '/opt/ros/humble/src/gtest_vendor': C++ tests using 'Google Test' will be built
[51.513s] -- Added test 'copyright' to check source files copyright and LICENSE
[51.513s] -- Added test 'cppcheck' to perform static code analysis on C / C++ code
[51.513s] -- Configured cppcheck include dirs: /home/zhijie/autoware/src/universe/autoware.universe/vehicle/raw_vehicle_cmd_converter/include
[51.513s] -- Configured cppcheck exclude dirs and/or files: 
[51.513s] -- Added test 'lint_cmake' to check CMake code style
[51.514s] -- Added test 'xmllint' to check XML markup files
[51.514s] -- Configuring done
[51.514s] -- Generating done
[51.514s] -- Build files have been written to: /home/zhijie/autoware/build/raw_vehicle_cmd_converter
[51.563s] Invoked command in '/home/zhijie/autoware/build/raw_vehicle_cmd_converter' returned '0': AMENT_PREFIX_PATH=/home/zhijie/autoware/install/interpolation:/home/zhijie/autoware/install/tier4_autoware_utils:/home/zhijie/autoware/install/tier4_vehicle_msgs:/home/zhijie/autoware/install/autoware_auto_vehicle_msgs:/home/zhijie/autoware/install/tier4_control_msgs:/home/zhijie/autoware/install/autoware_cmake:/home/zhijie/autoware/install/autoware_auto_planning_msgs:/home/zhijie/autoware/install/autoware_auto_perception_msgs:/home/zhijie/autoware/install/tier4_debug_msgs:/home/zhijie/autoware/install/autoware_lint_common:/home/zhijie/autoware/install/autoware_common_msgs:/home/zhijie/autoware/install/autoware_auto_mapping_msgs:/home/zhijie/autoware/install/autoware_auto_geometry_msgs:/home/zhijie/autoware/install/autoware_auto_control_msgs:${AMENT_PREFIX_PATH} CMAKE_PREFIX_PATH=/home/zhijie/autoware/install/interpolation:/home/zhijie/autoware/install/tier4_autoware_utils:/home/zhijie/autoware/install/tier4_vehicle_msgs:/home/zhijie/autoware/install/autoware_auto_vehicle_msgs:/home/zhijie/autoware/install/tier4_control_msgs:/home/zhijie/autoware/install/autoware_cmake:/home/zhijie/autoware/install/autoware_auto_planning_msgs:/home/zhijie/autoware/install/autoware_auto_perception_msgs:/home/zhijie/autoware/install/tier4_debug_msgs:/home/zhijie/autoware/install/autoware_lint_common:/home/zhijie/autoware/install/autoware_common_msgs:/home/zhijie/autoware/install/autoware_auto_mapping_msgs:/home/zhijie/autoware/install/autoware_auto_geometry_msgs:/home/zhijie/autoware/install/autoware_auto_control_msgs:/opt/ros/humble LD_LIBRARY_PATH=/home/zhijie/autoware/install/interpolation/lib:/home/zhijie/autoware/install/tier4_autoware_utils/lib:/home/zhijie/autoware/install/tier4_vehicle_msgs/lib:/home/zhijie/autoware/install/autoware_auto_vehicle_msgs/lib:/home/zhijie/autoware/install/tier4_control_msgs/lib:/home/zhijie/autoware/install/autoware_auto_planning_msgs/lib:/home/zhijie/autoware/install/autoware_auto_perception_msgs/lib:/home/zhijie/autoware/install/tier4_debug_msgs/lib:/home/zhijie/autoware/install/autoware_common_msgs/lib:/home/zhijie/autoware/install/autoware_auto_mapping_msgs/lib:/home/zhijie/autoware/install/autoware_auto_geometry_msgs/lib:/home/zhijie/autoware/install/autoware_auto_control_msgs/lib:${LD_LIBRARY_PATH} PYTHONPATH=/home/zhijie/autoware/install/tier4_vehicle_msgs/local/lib/python3.10/dist-packages:/home/zhijie/autoware/install/autoware_auto_vehicle_msgs/local/lib/python3.10/dist-packages:/home/zhijie/autoware/install/tier4_control_msgs/local/lib/python3.10/dist-packages:/home/zhijie/autoware/install/autoware_auto_planning_msgs/local/lib/python3.10/dist-packages:/home/zhijie/autoware/install/autoware_auto_perception_msgs/local/lib/python3.10/dist-packages:/home/zhijie/autoware/install/tier4_debug_msgs/local/lib/python3.10/dist-packages:/home/zhijie/autoware/install/autoware_common_msgs/local/lib/python3.10/dist-packages:/home/zhijie/autoware/install/autoware_auto_mapping_msgs/local/lib/python3.10/dist-packages:/home/zhijie/autoware/install/autoware_auto_geometry_msgs/local/lib/python3.10/dist-packages:/home/zhijie/autoware/install/autoware_auto_control_msgs/local/lib/python3.10/dist-packages:${PYTHONPATH} /usr/bin/cmake /home/zhijie/autoware/src/universe/autoware.universe/vehicle/raw_vehicle_cmd_converter -DCMAKE_BUILD_TYPE=Release -DAMENT_CMAKE_SYMLINK_INSTALL=1 -DCMAKE_INSTALL_PREFIX=/home/zhijie/autoware/install/raw_vehicle_cmd_converter
[51.579s] Invoking command in '/home/zhijie/autoware/build/raw_vehicle_cmd_converter': AMENT_PREFIX_PATH=/home/zhijie/autoware/install/interpolation:/home/zhijie/autoware/install/tier4_autoware_utils:/home/zhijie/autoware/install/tier4_vehicle_msgs:/home/zhijie/autoware/install/autoware_auto_vehicle_msgs:/home/zhijie/autoware/install/tier4_control_msgs:/home/zhijie/autoware/install/autoware_cmake:/home/zhijie/autoware/install/autoware_auto_planning_msgs:/home/zhijie/autoware/install/autoware_auto_perception_msgs:/home/zhijie/autoware/install/tier4_debug_msgs:/home/zhijie/autoware/install/autoware_lint_common:/home/zhijie/autoware/install/autoware_common_msgs:/home/zhijie/autoware/install/autoware_auto_mapping_msgs:/home/zhijie/autoware/install/autoware_auto_geometry_msgs:/home/zhijie/autoware/install/autoware_auto_control_msgs:${AMENT_PREFIX_PATH} CMAKE_PREFIX_PATH=/home/zhijie/autoware/install/interpolation:/home/zhijie/autoware/install/tier4_autoware_utils:/home/zhijie/autoware/install/tier4_vehicle_msgs:/home/zhijie/autoware/install/autoware_auto_vehicle_msgs:/home/zhijie/autoware/install/tier4_control_msgs:/home/zhijie/autoware/install/autoware_cmake:/home/zhijie/autoware/install/autoware_auto_planning_msgs:/home/zhijie/autoware/install/autoware_auto_perception_msgs:/home/zhijie/autoware/install/tier4_debug_msgs:/home/zhijie/autoware/install/autoware_lint_common:/home/zhijie/autoware/install/autoware_common_msgs:/home/zhijie/autoware/install/autoware_auto_mapping_msgs:/home/zhijie/autoware/install/autoware_auto_geometry_msgs:/home/zhijie/autoware/install/autoware_auto_control_msgs:/opt/ros/humble LD_LIBRARY_PATH=/home/zhijie/autoware/install/interpolation/lib:/home/zhijie/autoware/install/tier4_autoware_utils/lib:/home/zhijie/autoware/install/tier4_vehicle_msgs/lib:/home/zhijie/autoware/install/autoware_auto_vehicle_msgs/lib:/home/zhijie/autoware/install/tier4_control_msgs/lib:/home/zhijie/autoware/install/autoware_auto_planning_msgs/lib:/home/zhijie/autoware/install/autoware_auto_perception_msgs/lib:/home/zhijie/autoware/install/tier4_debug_msgs/lib:/home/zhijie/autoware/install/autoware_common_msgs/lib:/home/zhijie/autoware/install/autoware_auto_mapping_msgs/lib:/home/zhijie/autoware/install/autoware_auto_geometry_msgs/lib:/home/zhijie/autoware/install/autoware_auto_control_msgs/lib:${LD_LIBRARY_PATH} PYTHONPATH=/home/zhijie/autoware/install/tier4_vehicle_msgs/local/lib/python3.10/dist-packages:/home/zhijie/autoware/install/autoware_auto_vehicle_msgs/local/lib/python3.10/dist-packages:/home/zhijie/autoware/install/tier4_control_msgs/local/lib/python3.10/dist-packages:/home/zhijie/autoware/install/autoware_auto_planning_msgs/local/lib/python3.10/dist-packages:/home/zhijie/autoware/install/autoware_auto_perception_msgs/local/lib/python3.10/dist-packages:/home/zhijie/autoware/install/tier4_debug_msgs/local/lib/python3.10/dist-packages:/home/zhijie/autoware/install/autoware_common_msgs/local/lib/python3.10/dist-packages:/home/zhijie/autoware/install/autoware_auto_mapping_msgs/local/lib/python3.10/dist-packages:/home/zhijie/autoware/install/autoware_auto_geometry_msgs/local/lib/python3.10/dist-packages:/home/zhijie/autoware/install/autoware_auto_control_msgs/local/lib/python3.10/dist-packages:${PYTHONPATH} /usr/bin/cmake --build /home/zhijie/autoware/build/raw_vehicle_cmd_converter -- -j16 -l16
[56.047s] [35m[1mConsolidate compiler generated dependencies of target actuation_map_converter[0m
[56.047s] [  6%] [32mBuilding CXX object CMakeFiles/actuation_map_converter.dir/src/accel_map.cpp.o[0m
[57.310s] [ 12%] [32mBuilding CXX object CMakeFiles/actuation_map_converter.dir/src/pid.cpp.o[0m
[58.170s] [ 18%] [32mBuilding CXX object CMakeFiles/actuation_map_converter.dir/src/csv_loader.cpp.o[0m
[59.670s] [ 25%] [32mBuilding CXX object CMakeFiles/actuation_map_converter.dir/src/steer_map.cpp.o[0m
[63.455s] [ 31%] [32mBuilding CXX object CMakeFiles/actuation_map_converter.dir/src/brake_map.cpp.o[0m
[66.504s] [ 37%] [32m[1mLinking CXX shared library libactuation_map_converter.so[0m
[67.104s] [ 37%] Built target actuation_map_converter
[67.120s] [35m[1mConsolidate compiler generated dependencies of target gtest[0m
[67.155s] [ 43%] [32mBuilding CXX object gtest/CMakeFiles/gtest.dir/src/gtest-all.cc.o[0m
[77.311s] [ 50%] [32m[1mLinking CXX static library libgtest.a[0m
[77.346s] [ 50%] Built target gtest
[77.359s] [35m[1mConsolidate compiler generated dependencies of target raw_vehicle_cmd_converter_node_component[0m
[77.382s] [ 56%] [32mBuilding CXX object CMakeFiles/raw_vehicle_cmd_converter_node_component.dir/src/node.cpp.o[0m
[104.102s] [ 62%] [32m[1mLinking CXX shared library libraw_vehicle_cmd_converter_node_component.so[0m
[105.154s] [ 62%] Built target raw_vehicle_cmd_converter_node_component
[105.171s] [35m[1mConsolidate compiler generated dependencies of target gtest_main[0m
[105.193s] [ 68%] [32mBuilding CXX object gtest/CMakeFiles/gtest_main.dir/src/gtest_main.cc.o[0m
[106.674s] [ 75%] [32m[1mLinking CXX static library libgtest_main.a[0m
[106.720s] [ 75%] Built target gtest_main
[106.740s] [35m[1mConsolidate compiler generated dependencies of target raw_vehicle_cmd_converter_node[0m
[106.776s] [ 81%] [32mBuilding CXX object CMakeFiles/raw_vehicle_cmd_converter_node.dir/rclcpp_components/node_main_raw_vehicle_cmd_converter_node.cpp.o[0m
[111.793s] [ 87%] [32m[1mLinking CXX executable raw_vehicle_cmd_converter_node[0m
[111.900s] [ 87%] Built target raw_vehicle_cmd_converter_node
[111.912s] [35m[1mConsolidate compiler generated dependencies of target test_raw_vehicle_cmd_converter[0m
[111.938s] [ 93%] [32mBuilding CXX object CMakeFiles/test_raw_vehicle_cmd_converter.dir/test/test_raw_vehicle_cmd_converter.cpp.o[0m
[116.716s] [100%] [32m[1mLinking CXX executable test_raw_vehicle_cmd_converter[0m
[129.694s] [100%] Built target test_raw_vehicle_cmd_converter
[129.746s] Invoked command in '/home/zhijie/autoware/build/raw_vehicle_cmd_converter' returned '0': AMENT_PREFIX_PATH=/home/zhijie/autoware/install/interpolation:/home/zhijie/autoware/install/tier4_autoware_utils:/home/zhijie/autoware/install/tier4_vehicle_msgs:/home/zhijie/autoware/install/autoware_auto_vehicle_msgs:/home/zhijie/autoware/install/tier4_control_msgs:/home/zhijie/autoware/install/autoware_cmake:/home/zhijie/autoware/install/autoware_auto_planning_msgs:/home/zhijie/autoware/install/autoware_auto_perception_msgs:/home/zhijie/autoware/install/tier4_debug_msgs:/home/zhijie/autoware/install/autoware_lint_common:/home/zhijie/autoware/install/autoware_common_msgs:/home/zhijie/autoware/install/autoware_auto_mapping_msgs:/home/zhijie/autoware/install/autoware_auto_geometry_msgs:/home/zhijie/autoware/install/autoware_auto_control_msgs:${AMENT_PREFIX_PATH} CMAKE_PREFIX_PATH=/home/zhijie/autoware/install/interpolation:/home/zhijie/autoware/install/tier4_autoware_utils:/home/zhijie/autoware/install/tier4_vehicle_msgs:/home/zhijie/autoware/install/autoware_auto_vehicle_msgs:/home/zhijie/autoware/install/tier4_control_msgs:/home/zhijie/autoware/install/autoware_cmake:/home/zhijie/autoware/install/autoware_auto_planning_msgs:/home/zhijie/autoware/install/autoware_auto_perception_msgs:/home/zhijie/autoware/install/tier4_debug_msgs:/home/zhijie/autoware/install/autoware_lint_common:/home/zhijie/autoware/install/autoware_common_msgs:/home/zhijie/autoware/install/autoware_auto_mapping_msgs:/home/zhijie/autoware/install/autoware_auto_geometry_msgs:/home/zhijie/autoware/install/autoware_auto_control_msgs:/opt/ros/humble LD_LIBRARY_PATH=/home/zhijie/autoware/install/interpolation/lib:/home/zhijie/autoware/install/tier4_autoware_utils/lib:/home/zhijie/autoware/install/tier4_vehicle_msgs/lib:/home/zhijie/autoware/install/autoware_auto_vehicle_msgs/lib:/home/zhijie/autoware/install/tier4_control_msgs/lib:/home/zhijie/autoware/install/autoware_auto_planning_msgs/lib:/home/zhijie/autoware/install/autoware_auto_perception_msgs/lib:/home/zhijie/autoware/install/tier4_debug_msgs/lib:/home/zhijie/autoware/install/autoware_common_msgs/lib:/home/zhijie/autoware/install/autoware_auto_mapping_msgs/lib:/home/zhijie/autoware/install/autoware_auto_geometry_msgs/lib:/home/zhijie/autoware/install/autoware_auto_control_msgs/lib:${LD_LIBRARY_PATH} PYTHONPATH=/home/zhijie/autoware/install/tier4_vehicle_msgs/local/lib/python3.10/dist-packages:/home/zhijie/autoware/install/autoware_auto_vehicle_msgs/local/lib/python3.10/dist-packages:/home/zhijie/autoware/install/tier4_control_msgs/local/lib/python3.10/dist-packages:/home/zhijie/autoware/install/autoware_auto_planning_msgs/local/lib/python3.10/dist-packages:/home/zhijie/autoware/install/autoware_auto_perception_msgs/local/lib/python3.10/dist-packages:/home/zhijie/autoware/install/tier4_debug_msgs/local/lib/python3.10/dist-packages:/home/zhijie/autoware/install/autoware_common_msgs/local/lib/python3.10/dist-packages:/home/zhijie/autoware/install/autoware_auto_mapping_msgs/local/lib/python3.10/dist-packages:/home/zhijie/autoware/install/autoware_auto_geometry_msgs/local/lib/python3.10/dist-packages:/home/zhijie/autoware/install/autoware_auto_control_msgs/local/lib/python3.10/dist-packages:${PYTHONPATH} /usr/bin/cmake --build /home/zhijie/autoware/build/raw_vehicle_cmd_converter -- -j16 -l16
[130.323s] Invoking command in '/home/zhijie/autoware/build/raw_vehicle_cmd_converter': AMENT_PREFIX_PATH=/home/zhijie/autoware/install/interpolation:/home/zhijie/autoware/install/tier4_autoware_utils:/home/zhijie/autoware/install/tier4_vehicle_msgs:/home/zhijie/autoware/install/autoware_auto_vehicle_msgs:/home/zhijie/autoware/install/tier4_control_msgs:/home/zhijie/autoware/install/autoware_cmake:/home/zhijie/autoware/install/autoware_auto_planning_msgs:/home/zhijie/autoware/install/autoware_auto_perception_msgs:/home/zhijie/autoware/install/tier4_debug_msgs:/home/zhijie/autoware/install/autoware_lint_common:/home/zhijie/autoware/install/autoware_common_msgs:/home/zhijie/autoware/install/autoware_auto_mapping_msgs:/home/zhijie/autoware/install/autoware_auto_geometry_msgs:/home/zhijie/autoware/install/autoware_auto_control_msgs:${AMENT_PREFIX_PATH} CMAKE_PREFIX_PATH=/home/zhijie/autoware/install/interpolation:/home/zhijie/autoware/install/tier4_autoware_utils:/home/zhijie/autoware/install/tier4_vehicle_msgs:/home/zhijie/autoware/install/autoware_auto_vehicle_msgs:/home/zhijie/autoware/install/tier4_control_msgs:/home/zhijie/autoware/install/autoware_cmake:/home/zhijie/autoware/install/autoware_auto_planning_msgs:/home/zhijie/autoware/install/autoware_auto_perception_msgs:/home/zhijie/autoware/install/tier4_debug_msgs:/home/zhijie/autoware/install/autoware_lint_common:/home/zhijie/autoware/install/autoware_common_msgs:/home/zhijie/autoware/install/autoware_auto_mapping_msgs:/home/zhijie/autoware/install/autoware_auto_geometry_msgs:/home/zhijie/autoware/install/autoware_auto_control_msgs:/opt/ros/humble LD_LIBRARY_PATH=/home/zhijie/autoware/install/interpolation/lib:/home/zhijie/autoware/install/tier4_autoware_utils/lib:/home/zhijie/autoware/install/tier4_vehicle_msgs/lib:/home/zhijie/autoware/install/autoware_auto_vehicle_msgs/lib:/home/zhijie/autoware/install/tier4_control_msgs/lib:/home/zhijie/autoware/install/autoware_auto_planning_msgs/lib:/home/zhijie/autoware/install/autoware_auto_perception_msgs/lib:/home/zhijie/autoware/install/tier4_debug_msgs/lib:/home/zhijie/autoware/install/autoware_common_msgs/lib:/home/zhijie/autoware/install/autoware_auto_mapping_msgs/lib:/home/zhijie/autoware/install/autoware_auto_geometry_msgs/lib:/home/zhijie/autoware/install/autoware_auto_control_msgs/lib:${LD_LIBRARY_PATH} PYTHONPATH=/home/zhijie/autoware/install/tier4_vehicle_msgs/local/lib/python3.10/dist-packages:/home/zhijie/autoware/install/autoware_auto_vehicle_msgs/local/lib/python3.10/dist-packages:/home/zhijie/autoware/install/tier4_control_msgs/local/lib/python3.10/dist-packages:/home/zhijie/autoware/install/autoware_auto_planning_msgs/local/lib/python3.10/dist-packages:/home/zhijie/autoware/install/autoware_auto_perception_msgs/local/lib/python3.10/dist-packages:/home/zhijie/autoware/install/tier4_debug_msgs/local/lib/python3.10/dist-packages:/home/zhijie/autoware/install/autoware_common_msgs/local/lib/python3.10/dist-packages:/home/zhijie/autoware/install/autoware_auto_mapping_msgs/local/lib/python3.10/dist-packages:/home/zhijie/autoware/install/autoware_auto_geometry_msgs/local/lib/python3.10/dist-packages:/home/zhijie/autoware/install/autoware_auto_control_msgs/local/lib/python3.10/dist-packages:${PYTHONPATH} /usr/bin/cmake --install /home/zhijie/autoware/build/raw_vehicle_cmd_converter
[155.763s] -- Install configuration: "Release"
[155.766s] -- Execute custom install script
[155.766s] -- Up-to-date symlink: /home/zhijie/autoware/install/raw_vehicle_cmd_converter/lib/raw_vehicle_cmd_converter/raw_vehicle_cmd_converter_node
[155.766s] -- Up-to-date symlink: /home/zhijie/autoware/install/raw_vehicle_cmd_converter/include/raw_vehicle_cmd_converter/accel_map.hpp
[155.766s] -- Up-to-date symlink: /home/zhijie/autoware/install/raw_vehicle_cmd_converter/include/raw_vehicle_cmd_converter/brake_map.hpp
[155.767s] -- Up-to-date symlink: /home/zhijie/autoware/install/raw_vehicle_cmd_converter/include/raw_vehicle_cmd_converter/csv_loader.hpp
[155.767s] -- Up-to-date symlink: /home/zhijie/autoware/install/raw_vehicle_cmd_converter/include/raw_vehicle_cmd_converter/node.hpp
[155.767s] -- Up-to-date symlink: /home/zhijie/autoware/install/raw_vehicle_cmd_converter/include/raw_vehicle_cmd_converter/pid.hpp
[155.767s] -- Up-to-date symlink: /home/zhijie/autoware/install/raw_vehicle_cmd_converter/include/raw_vehicle_cmd_converter/steer_map.hpp
[155.768s] -- Up-to-date symlink: /home/zhijie/autoware/install/raw_vehicle_cmd_converter/share/raw_vehicle_cmd_converter/environment/library_path.sh
[155.768s] -- Up-to-date symlink: /home/zhijie/autoware/install/raw_vehicle_cmd_converter/share/raw_vehicle_cmd_converter/environment/library_path.dsv
[155.768s] -- Up-to-date symlink: /home/zhijie/autoware/install/raw_vehicle_cmd_converter/lib/libactuation_map_converter.so
[155.769s] -- Up-to-date symlink: /home/zhijie/autoware/install/raw_vehicle_cmd_converter/lib/libraw_vehicle_cmd_converter_node_component.so
[155.771s] -- Up-to-date symlink: /home/zhijie/autoware/install/raw_vehicle_cmd_converter/share/raw_vehicle_cmd_converter/config/converter.param.yaml
[155.772s] -- Up-to-date symlink: /home/zhijie/autoware/install/raw_vehicle_cmd_converter/share/raw_vehicle_cmd_converter/data/default/accel_map.csv
[155.773s] -- Up-to-date symlink: /home/zhijie/autoware/install/raw_vehicle_cmd_converter/share/raw_vehicle_cmd_converter/data/default/brake_map.csv
[155.773s] -- Up-to-date symlink: /home/zhijie/autoware/install/raw_vehicle_cmd_converter/share/raw_vehicle_cmd_converter/data/default/steer_map.csv
[155.773s] -- Up-to-date symlink: /home/zhijie/autoware/install/raw_vehicle_cmd_converter/share/raw_vehicle_cmd_converter/launch/raw_vehicle_converter.launch.xml
[155.773s] -- Up-to-date symlink: /home/zhijie/autoware/install/raw_vehicle_cmd_converter/share/raw_vehicle_cmd_converter/test/map_data/test_1col_map.csv
[155.774s] -- Up-to-date symlink: /home/zhijie/autoware/install/raw_vehicle_cmd_converter/share/raw_vehicle_cmd_converter/test/map_data/test_accel_map.csv
[155.774s] -- Up-to-date symlink: /home/zhijie/autoware/install/raw_vehicle_cmd_converter/share/raw_vehicle_cmd_converter/test/map_data/test_brake_map.csv
[155.775s] -- Up-to-date symlink: /home/zhijie/autoware/install/raw_vehicle_cmd_converter/share/raw_vehicle_cmd_converter/test/map_data/test_inconsistent_rows_map.csv
[155.778s] -- Up-to-date symlink: /home/zhijie/autoware/install/raw_vehicle_cmd_converter/share/raw_vehicle_cmd_converter/test/map_data/test_not_interpolatable.csv
[155.778s] -- Up-to-date symlink: /home/zhijie/autoware/install/raw_vehicle_cmd_converter/share/raw_vehicle_cmd_converter/test/map_data/test_steer_map.csv
[155.779s] -- Up-to-date symlink: /home/zhijie/autoware/install/raw_vehicle_cmd_converter/share/raw_vehicle_cmd_converter/test/test_raw_vehicle_cmd_converter.cpp
[155.779s] -- Up-to-date symlink: /home/zhijie/autoware/install/raw_vehicle_cmd_converter/share/ament_index/resource_index/package_run_dependencies/raw_vehicle_cmd_converter
[155.779s] -- Up-to-date symlink: /home/zhijie/autoware/install/raw_vehicle_cmd_converter/share/ament_index/resource_index/parent_prefix_path/raw_vehicle_cmd_converter
[155.780s] -- Up-to-date symlink: /home/zhijie/autoware/install/raw_vehicle_cmd_converter/share/raw_vehicle_cmd_converter/environment/ament_prefix_path.sh
[155.780s] -- Up-to-date symlink: /home/zhijie/autoware/install/raw_vehicle_cmd_converter/share/raw_vehicle_cmd_converter/environment/ament_prefix_path.dsv
[155.780s] -- Up-to-date symlink: /home/zhijie/autoware/install/raw_vehicle_cmd_converter/share/raw_vehicle_cmd_converter/environment/path.sh
[155.780s] -- Up-to-date symlink: /home/zhijie/autoware/install/raw_vehicle_cmd_converter/share/raw_vehicle_cmd_converter/environment/path.dsv
[155.781s] -- Up-to-date symlink: /home/zhijie/autoware/install/raw_vehicle_cmd_converter/share/raw_vehicle_cmd_converter/local_setup.bash
[155.781s] -- Up-to-date symlink: /home/zhijie/autoware/install/raw_vehicle_cmd_converter/share/raw_vehicle_cmd_converter/local_setup.sh
[155.781s] -- Up-to-date symlink: /home/zhijie/autoware/install/raw_vehicle_cmd_converter/share/raw_vehicle_cmd_converter/local_setup.zsh
[155.782s] -- Up-to-date symlink: /home/zhijie/autoware/install/raw_vehicle_cmd_converter/share/raw_vehicle_cmd_converter/local_setup.dsv
[155.782s] -- Symlinking: /home/zhijie/autoware/install/raw_vehicle_cmd_converter/share/raw_vehicle_cmd_converter/package.dsv
[155.782s] -- Up-to-date symlink: /home/zhijie/autoware/install/raw_vehicle_cmd_converter/share/ament_index/resource_index/packages/raw_vehicle_cmd_converter
[155.783s] -- Up-to-date symlink: /home/zhijie/autoware/install/raw_vehicle_cmd_converter/share/ament_index/resource_index/rclcpp_components/raw_vehicle_cmd_converter
[155.783s] -- Up-to-date symlink: /home/zhijie/autoware/install/raw_vehicle_cmd_converter/share/raw_vehicle_cmd_converter/cmake/ament_cmake_export_dependencies-extras.cmake
[155.783s] -- Up-to-date symlink: /home/zhijie/autoware/install/raw_vehicle_cmd_converter/share/raw_vehicle_cmd_converter/cmake/ament_cmake_export_include_directories-extras.cmake
[155.783s] -- Up-to-date symlink: /home/zhijie/autoware/install/raw_vehicle_cmd_converter/share/raw_vehicle_cmd_converter/cmake/ament_cmake_export_libraries-extras.cmake
[155.783s] -- Up-to-date symlink: /home/zhijie/autoware/install/raw_vehicle_cmd_converter/share/raw_vehicle_cmd_converter/cmake/raw_vehicle_cmd_converterConfig.cmake
[155.784s] -- Up-to-date symlink: /home/zhijie/autoware/install/raw_vehicle_cmd_converter/share/raw_vehicle_cmd_converter/cmake/raw_vehicle_cmd_converterConfig-version.cmake
[155.784s] -- Up-to-date symlink: /home/zhijie/autoware/install/raw_vehicle_cmd_converter/share/raw_vehicle_cmd_converter/package.xml
[155.785s] -- Up-to-date symlink: /home/zhijie/autoware/install/raw_vehicle_cmd_converter/lib/raw_vehicle_cmd_converter/plot_accel_brake_map.py
[155.817s] Invoked command in '/home/zhijie/autoware/build/raw_vehicle_cmd_converter' returned '0': AMENT_PREFIX_PATH=/home/zhijie/autoware/install/interpolation:/home/zhijie/autoware/install/tier4_autoware_utils:/home/zhijie/autoware/install/tier4_vehicle_msgs:/home/zhijie/autoware/install/autoware_auto_vehicle_msgs:/home/zhijie/autoware/install/tier4_control_msgs:/home/zhijie/autoware/install/autoware_cmake:/home/zhijie/autoware/install/autoware_auto_planning_msgs:/home/zhijie/autoware/install/autoware_auto_perception_msgs:/home/zhijie/autoware/install/tier4_debug_msgs:/home/zhijie/autoware/install/autoware_lint_common:/home/zhijie/autoware/install/autoware_common_msgs:/home/zhijie/autoware/install/autoware_auto_mapping_msgs:/home/zhijie/autoware/install/autoware_auto_geometry_msgs:/home/zhijie/autoware/install/autoware_auto_control_msgs:${AMENT_PREFIX_PATH} CMAKE_PREFIX_PATH=/home/zhijie/autoware/install/interpolation:/home/zhijie/autoware/install/tier4_autoware_utils:/home/zhijie/autoware/install/tier4_vehicle_msgs:/home/zhijie/autoware/install/autoware_auto_vehicle_msgs:/home/zhijie/autoware/install/tier4_control_msgs:/home/zhijie/autoware/install/autoware_cmake:/home/zhijie/autoware/install/autoware_auto_planning_msgs:/home/zhijie/autoware/install/autoware_auto_perception_msgs:/home/zhijie/autoware/install/tier4_debug_msgs:/home/zhijie/autoware/install/autoware_lint_common:/home/zhijie/autoware/install/autoware_common_msgs:/home/zhijie/autoware/install/autoware_auto_mapping_msgs:/home/zhijie/autoware/install/autoware_auto_geometry_msgs:/home/zhijie/autoware/install/autoware_auto_control_msgs:/opt/ros/humble LD_LIBRARY_PATH=/home/zhijie/autoware/install/interpolation/lib:/home/zhijie/autoware/install/tier4_autoware_utils/lib:/home/zhijie/autoware/install/tier4_vehicle_msgs/lib:/home/zhijie/autoware/install/autoware_auto_vehicle_msgs/lib:/home/zhijie/autoware/install/tier4_control_msgs/lib:/home/zhijie/autoware/install/autoware_auto_planning_msgs/lib:/home/zhijie/autoware/install/autoware_auto_perception_msgs/lib:/home/zhijie/autoware/install/tier4_debug_msgs/lib:/home/zhijie/autoware/install/autoware_common_msgs/lib:/home/zhijie/autoware/install/autoware_auto_mapping_msgs/lib:/home/zhijie/autoware/install/autoware_auto_geometry_msgs/lib:/home/zhijie/autoware/install/autoware_auto_control_msgs/lib:${LD_LIBRARY_PATH} PYTHONPATH=/home/zhijie/autoware/install/tier4_vehicle_msgs/local/lib/python3.10/dist-packages:/home/zhijie/autoware/install/autoware_auto_vehicle_msgs/local/lib/python3.10/dist-packages:/home/zhijie/autoware/install/tier4_control_msgs/local/lib/python3.10/dist-packages:/home/zhijie/autoware/install/autoware_auto_planning_msgs/local/lib/python3.10/dist-packages:/home/zhijie/autoware/install/autoware_auto_perception_msgs/local/lib/python3.10/dist-packages:/home/zhijie/autoware/install/tier4_debug_msgs/local/lib/python3.10/dist-packages:/home/zhijie/autoware/install/autoware_common_msgs/local/lib/python3.10/dist-packages:/home/zhijie/autoware/install/autoware_auto_mapping_msgs/local/lib/python3.10/dist-packages:/home/zhijie/autoware/install/autoware_auto_geometry_msgs/local/lib/python3.10/dist-packages:/home/zhijie/autoware/install/autoware_auto_control_msgs/local/lib/python3.10/dist-packages:${PYTHONPATH} /usr/bin/cmake --install /home/zhijie/autoware/build/raw_vehicle_cmd_converter
