-- Found autoware_cmake: 0.1.0 (/home/zhijie/autoware/install/autoware_cmake/share/autoware_cmake/cmake)
-- Override CMake install command with custom implementation using symlinks instead of copying resources
-- Found rosidl_generator_c: 3.1.5 (/opt/ros/humble/share/rosidl_generator_c/cmake)
-- Found rosidl_adapter: 3.1.5 (/opt/ros/humble/share/rosidl_adapter/cmake)
-- Found rosidl_generator_cpp: 3.1.5 (/opt/ros/humble/share/rosidl_generator_cpp/cmake)
-- Using all available rosidl_typesupport_c: rosidl_typesupport_fastrtps_c;rosidl_typesupport_introspection_c
-- Using all available rosidl_typesupport_cpp: rosidl_typesupport_fastrtps_cpp;rosidl_typesupport_introspection_cpp
-- Found eigen3_cmake_module: 0.1.1 (/opt/ros/humble/share/eigen3_cmake_module/cmake)
-- Ensuring Eigen3 include directory is part of orocos-kdl CMake target
-- Found rmw_implementation_cmake: 6.1.1 (/opt/ros/humble/share/rmw_implementation_cmake/cmake)
-- Found rmw_cyclonedds_cpp: 1.3.4 (/opt/ros/humble/share/rmw_cyclonedds_cpp/cmake)
-- Using RMW implementation 'rmw_cyclonedds_cpp' as default
-- Eigen found (include: /usr/include/eigen3, version: 3.4.0)
-- FLANN found (include: /usr/include, lib: /usr/lib/x86_64-linux-gnu/libflann_cpp.so)
-- OpenNI found (version: 1.5.4.0, include: /usr/include/ni, lib: /usr/lib/libOpenNI.so;libusb::libusb)
-- OpenNI2 found (version: 2.2.0.33, include: /usr/include/openni2, lib: /usr/lib/x86_64-linux-gnu/libOpenNI2.so;libusb::libusb)
-- Eigen found (include: /usr/include/eigen3, version: 3.4.0)
-- OpenNI found (version: 1.5.4.0, include: /usr/include/ni, lib: /usr/lib/libOpenNI.so;libusb::libusb)
-- OpenNI2 found (version: 2.2.0.33, include: /usr/include/openni2, lib: /usr/lib/x86_64-linux-gnu/libOpenNI2.so;libusb::libusb)
-- Found Qhull version 8.0.2
-- OpenNI found (version: 1.5.4.0, include: /usr/include/ni, lib: /usr/lib/libOpenNI.so;libusb::libusb)
-- Found ament_lint_auto: 0.12.8 (/opt/ros/humble/share/ament_lint_auto/cmake)
-- Added test 'copyright' to check source files copyright and LICENSE
-- Added test 'cppcheck' to perform static code analysis on C / C++ code
-- Configured cppcheck include dirs: /home/zhijie/autoware/src/universe/autoware.universe/planning/surround_obstacle_checker/include
-- Configured cppcheck exclude dirs and/or files: 
-- Added test 'lint_cmake' to check CMake code style
-- Added test 'xmllint' to check XML markup files
-- Configuring done
-- Generating done
-- Build files have been written to: /home/zhijie/autoware/build/surround_obstacle_checker
[35m[1mConsolidate compiler generated dependencies of target surround_obstacle_checker[0m
[ 20%] [32mBuilding CXX object CMakeFiles/surround_obstacle_checker.dir/src/debug_marker.cpp.o[0m
[ 40%] [32mBuilding CXX object CMakeFiles/surround_obstacle_checker.dir/src/node.cpp.o[0m
[ 60%] [32m[1mLinking CXX shared library libsurround_obstacle_checker.so[0m
[ 60%] Built target surround_obstacle_checker
[35m[1mConsolidate compiler generated dependencies of target surround_obstacle_checker_node[0m
[ 80%] [32mBuilding CXX object CMakeFiles/surround_obstacle_checker_node.dir/rclcpp_components/node_main_surround_obstacle_checker_node.cpp.o[0m
[100%] [32m[1mLinking CXX executable surround_obstacle_checker_node[0m
[100%] Built target surround_obstacle_checker_node
-- Install configuration: "Release"
-- Execute custom install script
-- Up-to-date symlink: /home/zhijie/autoware/install/surround_obstacle_checker/lib/surround_obstacle_checker/surround_obstacle_checker_node
-- Up-to-date symlink: /home/zhijie/autoware/install/surround_obstacle_checker/include/surround_obstacle_checker/debug_marker.hpp
-- Up-to-date symlink: /home/zhijie/autoware/install/surround_obstacle_checker/include/surround_obstacle_checker/node.hpp
-- Up-to-date symlink: /home/zhijie/autoware/install/surround_obstacle_checker/share/surround_obstacle_checker/environment/library_path.sh
-- Up-to-date symlink: /home/zhijie/autoware/install/surround_obstacle_checker/share/surround_obstacle_checker/environment/library_path.dsv
-- Up-to-date symlink: /home/zhijie/autoware/install/surround_obstacle_checker/lib/libsurround_obstacle_checker.so
-- Up-to-date symlink: /home/zhijie/autoware/install/surround_obstacle_checker/share/surround_obstacle_checker/config/surround_obstacle_checker.param.yaml
-- Up-to-date symlink: /home/zhijie/autoware/install/surround_obstacle_checker/share/surround_obstacle_checker/launch/surround_obstacle_checker.launch.xml
-- Up-to-date symlink: /home/zhijie/autoware/install/surround_obstacle_checker/share/ament_index/resource_index/package_run_dependencies/surround_obstacle_checker
-- Up-to-date symlink: /home/zhijie/autoware/install/surround_obstacle_checker/share/ament_index/resource_index/parent_prefix_path/surround_obstacle_checker
-- Up-to-date symlink: /home/zhijie/autoware/install/surround_obstacle_checker/share/surround_obstacle_checker/environment/ament_prefix_path.sh
-- Up-to-date symlink: /home/zhijie/autoware/install/surround_obstacle_checker/share/surround_obstacle_checker/environment/ament_prefix_path.dsv
-- Up-to-date symlink: /home/zhijie/autoware/install/surround_obstacle_checker/share/surround_obstacle_checker/environment/path.sh
-- Up-to-date symlink: /home/zhijie/autoware/install/surround_obstacle_checker/share/surround_obstacle_checker/environment/path.dsv
-- Up-to-date symlink: /home/zhijie/autoware/install/surround_obstacle_checker/share/surround_obstacle_checker/local_setup.bash
-- Up-to-date symlink: /home/zhijie/autoware/install/surround_obstacle_checker/share/surround_obstacle_checker/local_setup.sh
-- Up-to-date symlink: /home/zhijie/autoware/install/surround_obstacle_checker/share/surround_obstacle_checker/local_setup.zsh
-- Up-to-date symlink: /home/zhijie/autoware/install/surround_obstacle_checker/share/surround_obstacle_checker/local_setup.dsv
-- Symlinking: /home/zhijie/autoware/install/surround_obstacle_checker/share/surround_obstacle_checker/package.dsv
-- Up-to-date symlink: /home/zhijie/autoware/install/surround_obstacle_checker/share/ament_index/resource_index/packages/surround_obstacle_checker
-- Up-to-date symlink: /home/zhijie/autoware/install/surround_obstacle_checker/share/ament_index/resource_index/rclcpp_components/surround_obstacle_checker
-- Up-to-date symlink: /home/zhijie/autoware/install/surround_obstacle_checker/share/surround_obstacle_checker/cmake/ament_cmake_export_dependencies-extras.cmake
-- Up-to-date symlink: /home/zhijie/autoware/install/surround_obstacle_checker/share/surround_obstacle_checker/cmake/ament_cmake_export_include_directories-extras.cmake
-- Up-to-date symlink: /home/zhijie/autoware/install/surround_obstacle_checker/share/surround_obstacle_checker/cmake/ament_cmake_export_libraries-extras.cmake
-- Up-to-date symlink: /home/zhijie/autoware/install/surround_obstacle_checker/share/surround_obstacle_checker/cmake/surround_obstacle_checkerConfig.cmake
-- Up-to-date symlink: /home/zhijie/autoware/install/surround_obstacle_checker/share/surround_obstacle_checker/cmake/surround_obstacle_checkerConfig-version.cmake
-- Up-to-date symlink: /home/zhijie/autoware/install/surround_obstacle_checker/share/surround_obstacle_checker/package.xml
