-- Found autoware_cmake: 0.1.0 (/home/zhijie/autoware/install/autoware_cmake/share/autoware_cmake/cmake)
-- Override CMake install command with custom implementation using symlinks instead of copying resources
-- Found rosidl_generator_c: 3.1.5 (/opt/ros/humble/share/rosidl_generator_c/cmake)
-- Found rosidl_adapter: 3.1.5 (/opt/ros/humble/share/rosidl_adapter/cmake)
-- Found rosidl_generator_cpp: 3.1.5 (/opt/ros/humble/share/rosidl_generator_cpp/cmake)
-- Using all available rosidl_typesupport_c: rosidl_typesupport_fastrtps_c;rosidl_typesupport_introspection_c
-- Using all available rosidl_typesupport_cpp: rosidl_typesupport_fastrtps_cpp;rosidl_typesupport_introspection_cpp
-- Found rmw_implementation_cmake: 6.1.1 (/opt/ros/humble/share/rmw_implementation_cmake/cmake)
-- Found rmw_cyclonedds_cpp: 1.3.4 (/opt/ros/humble/share/rmw_cyclonedds_cpp/cmake)
-- Using RMW implementation 'rmw_cyclonedds_cpp' as default
-- Found TensorRT headers at /usr/include/x86_64-linux-gnu
-- Found TensorRT libs at /usr/lib/x86_64-linux-gnu/libnvinfer.so;/usr/lib/x86_64-linux-gnu/libnvinfer_plugin.so;/usr/lib/x86_64-linux-gnu/libnvparsers.so;/usr/lib/x86_64-linux-gnu/libnvonnxparser.so
-- Found ament_lint_auto: 0.12.8 (/opt/ros/humble/share/ament_lint_auto/cmake)
-- Found TensorRT headers at /usr/include/x86_64-linux-gnu
-- Found TensorRT libs at /usr/lib/x86_64-linux-gnu/libnvinfer.so;/usr/lib/x86_64-linux-gnu/libnvinfer_plugin.so;/usr/lib/x86_64-linux-gnu/libnvparsers.so;/usr/lib/x86_64-linux-gnu/libnvonnxparser.so
-- Added test 'copyright' to check source files copyright and LICENSE
-- Added test 'cppcheck' to perform static code analysis on C / C++ code
-- Configured cppcheck include dirs: /home/zhijie/autoware/src/universe/autoware.universe/perception/tensorrt_classifier/include;$<BUILD_INTERFACE:/home/zhijie/autoware/src/universe/autoware.universe/perception/tensorrt_classifier/include>
-- Configured cppcheck exclude dirs and/or files: 
-- Added test 'lint_cmake' to check CMake code style
-- Added test 'xmllint' to check XML markup files
-- Configuring done
-- Generating done
-- Build files have been written to: /home/zhijie/autoware/build/tensorrt_classifier
[33mCMake Warning (dev) at /home/zhijie/autoware/install/tensorrt_common/share/tensorrt_common/cmake/ament_cmake_export_dependencies-extras.cmake:21 (find_package):
  Policy CMP0074 is not set: find_package uses <PackageName>_ROOT variables.
  Run "cmake --help-policy CMP0074" for policy details.  Use the cmake_policy
  command to set the policy and suppress this warning.

  CMake variable TENSORRT_ROOT is set to:

    /usr

  For compatibility, CMake is ignoring the variable.
Call Stack (most recent call first):
  /home/zhijie/autoware/install/tensorrt_common/share/tensorrt_common/cmake/tensorrt_commonConfig.cmake:41 (include)
  /opt/ros/humble/share/ament_cmake_auto/cmake/ament_auto_find_build_dependencies.cmake:67 (find_package)
  /home/zhijie/autoware/install/autoware_cmake/share/autoware_cmake/cmake/autoware_package.cmake:49 (ament_auto_find_build_dependencies)
  CMakeLists.txt:7 (autoware_package)
This warning is for project developers.  Use -Wno-dev to suppress it.
[0m
[35m[1mConsolidate compiler generated dependencies of target tensorrt_classifier[0m
[ 50%] [32mBuilding CXX object CMakeFiles/tensorrt_classifier.dir/src/tensorrt_classifier.cpp.o[0m
[100%] [32m[1mLinking CXX shared library libtensorrt_classifier.so[0m
[100%] Built target tensorrt_classifier
-- Install configuration: "Release"
-- Execute custom install script
-- Up-to-date symlink: /home/zhijie/autoware/install/tensorrt_classifier/include/tensorrt_classifier/calibrator.hpp
-- Up-to-date symlink: /home/zhijie/autoware/install/tensorrt_classifier/include/tensorrt_classifier/preprocess.h
-- Up-to-date symlink: /home/zhijie/autoware/install/tensorrt_classifier/include/tensorrt_classifier/tensorrt_classifier.hpp
-- Up-to-date symlink: /home/zhijie/autoware/install/tensorrt_classifier/share/tensorrt_classifier/environment/library_path.sh
-- Up-to-date symlink: /home/zhijie/autoware/install/tensorrt_classifier/share/tensorrt_classifier/environment/library_path.dsv
-- Up-to-date symlink: /home/zhijie/autoware/install/tensorrt_classifier/lib/libtensorrt_classifier.so
-- Up-to-date symlink: /home/zhijie/autoware/install/tensorrt_classifier/lib/libtensorrt_classifier.so
-- Up-to-date symlink: /home/zhijie/autoware/install/tensorrt_classifier/share/ament_index/resource_index/package_run_dependencies/tensorrt_classifier
-- Up-to-date symlink: /home/zhijie/autoware/install/tensorrt_classifier/share/ament_index/resource_index/parent_prefix_path/tensorrt_classifier
-- Up-to-date symlink: /home/zhijie/autoware/install/tensorrt_classifier/share/tensorrt_classifier/environment/ament_prefix_path.sh
-- Up-to-date symlink: /home/zhijie/autoware/install/tensorrt_classifier/share/tensorrt_classifier/environment/ament_prefix_path.dsv
-- Up-to-date symlink: /home/zhijie/autoware/install/tensorrt_classifier/share/tensorrt_classifier/environment/path.sh
-- Up-to-date symlink: /home/zhijie/autoware/install/tensorrt_classifier/share/tensorrt_classifier/environment/path.dsv
-- Up-to-date symlink: /home/zhijie/autoware/install/tensorrt_classifier/share/tensorrt_classifier/local_setup.bash
-- Up-to-date symlink: /home/zhijie/autoware/install/tensorrt_classifier/share/tensorrt_classifier/local_setup.sh
-- Up-to-date symlink: /home/zhijie/autoware/install/tensorrt_classifier/share/tensorrt_classifier/local_setup.zsh
-- Up-to-date symlink: /home/zhijie/autoware/install/tensorrt_classifier/share/tensorrt_classifier/local_setup.dsv
-- Symlinking: /home/zhijie/autoware/install/tensorrt_classifier/share/tensorrt_classifier/package.dsv
-- Up-to-date symlink: /home/zhijie/autoware/install/tensorrt_classifier/share/ament_index/resource_index/packages/tensorrt_classifier
-- Up-to-date symlink: /home/zhijie/autoware/install/tensorrt_classifier/share/tensorrt_classifier/cmake/ament_cmake_export_include_directories-extras.cmake
-- Up-to-date symlink: /home/zhijie/autoware/install/tensorrt_classifier/share/tensorrt_classifier/cmake/ament_cmake_export_dependencies-extras.cmake
-- Up-to-date symlink: /home/zhijie/autoware/install/tensorrt_classifier/share/tensorrt_classifier/cmake/ament_cmake_export_libraries-extras.cmake
-- Up-to-date symlink: /home/zhijie/autoware/install/tensorrt_classifier/share/tensorrt_classifier/cmake/tensorrt_classifierConfig.cmake
-- Up-to-date symlink: /home/zhijie/autoware/install/tensorrt_classifier/share/tensorrt_classifier/cmake/tensorrt_classifierConfig-version.cmake
-- Up-to-date symlink: /home/zhijie/autoware/install/tensorrt_classifier/share/tensorrt_classifier/package.xml
